# USINE V4.0
# File generated 13-05-2022 11:20:52
# Model1DKisoVc
# SI
# SolMod0DFF_phi0_970GV
# R [GV]       TOA [GV m^{2} s sr]^{-1}
9.24751e-02    9.43761e-05    
9.40518e-02    9.92409e-05    
9.56554e-02    1.04356e-04    
9.72864e-02    1.09733e-04    
9.89451e-02    1.15386e-04    
1.00632e-01    1.21330e-04    
1.02348e-01    1.27578e-04    
1.04093e-01    1.34147e-04    
1.05868e-01    1.41053e-04    
1.07673e-01    1.48313e-04    
1.09509e-01    1.55946e-04    
1.11376e-01    1.63969e-04    
1.13275e-01    1.72403e-04    
1.15206e-01    1.81270e-04    
1.17170e-01    1.90590e-04    
1.19168e-01    2.00387e-04    
1.21200e-01    2.10686e-04    
1.23266e-01    2.21511e-04    
1.25368e-01    2.32890e-04    
1.27506e-01    2.44850e-04    
1.29680e-01    2.57422e-04    
1.31891e-01    2.70635e-04    
1.34139e-01    2.84524e-04    
1.36427e-01    2.99121e-04    
1.38753e-01    3.14463e-04    
1.41118e-01    3.30588e-04    
1.43524e-01    3.47535e-04    
1.45972e-01    3.65345e-04    
1.48460e-01    3.84063e-04    
1.50992e-01    4.03734e-04    
1.53566e-01    4.24406e-04    
1.56184e-01    4.46129e-04    
1.58847e-01    4.68958e-04    
1.61556e-01    4.92947e-04    
1.64310e-01    5.18155e-04    
1.67112e-01    5.44643e-04    
1.69961e-01    5.72475e-04    
1.72859e-01    6.01720e-04    
1.75806e-01    6.32447e-04    
1.78804e-01    6.64732e-04    
1.81852e-01    6.98652e-04    
1.84953e-01    7.34289e-04    
1.88106e-01    7.71730e-04    
1.91314e-01    8.11064e-04    
1.94576e-01    8.52386e-04    
1.97893e-01    8.95795e-04    
2.01267e-01    9.41394e-04    
2.04699e-01    9.89282e-04    
2.08189e-01    1.03957e-03    
2.11739e-01    1.09237e-03    
2.15349e-01    1.14780e-03    
2.19020e-01    1.20600e-03    
2.22755e-01    1.26709e-03    
2.26553e-01    1.33123e-03    
2.30416e-01    1.39854e-03    
2.34344e-01    1.46919e-03    
2.38340e-01    1.54333e-03    
2.42403e-01    1.62113e-03    
2.46536e-01    1.70277e-03    
2.50740e-01    1.78842e-03    
2.55015e-01    1.87828e-03    
2.59363e-01    1.97254e-03    
2.63785e-01    2.07140e-03    
2.68283e-01    2.17509e-03    
2.72857e-01    2.28383e-03    
2.77509e-01    2.39785e-03    
2.82241e-01    2.51738e-03    
2.87053e-01    2.64270e-03    
2.91947e-01    2.77406e-03    
2.96925e-01    2.91173e-03    
3.01988e-01    3.05600e-03    
3.07137e-01    3.20716e-03    
3.12373e-01    3.36553e-03    
3.17699e-01    3.53142e-03    
3.23116e-01    3.70517e-03    
3.28625e-01    3.88712e-03    
3.34228e-01    4.07763e-03    
3.39927e-01    4.27707e-03    
3.45723e-01    4.48582e-03    
3.51617e-01    4.70429e-03    
3.57613e-01    4.93287e-03    
3.63710e-01    5.17201e-03    
3.69911e-01    5.42214e-03    
3.76218e-01    5.68372e-03    
3.82633e-01    5.95721e-03    
3.89157e-01    6.24309e-03    
3.95792e-01    6.54188e-03    
4.02540e-01    6.85407e-03    
4.09404e-01    7.18020e-03    
4.16384e-01    7.52082e-03    
4.23483e-01    7.87647e-03    
4.30704e-01    8.24774e-03    
4.38047e-01    8.63520e-03    
4.45516e-01    9.03946e-03    
4.53112e-01    9.46114e-03    
4.60838e-01    9.90085e-03    
4.68695e-01    1.03592e-02    
4.76686e-01    1.08370e-02    
4.84814e-01    1.13347e-02    
4.93080e-01    1.18530e-02    
5.01487e-01    1.23928e-02    
5.10037e-01    1.29545e-02    
5.18734e-01    1.35390e-02    
5.27578e-01    1.41469e-02    
5.36573e-01    1.47790e-02    
5.45722e-01    1.54359e-02    
5.55027e-01    1.61183e-02    
5.64490e-01    1.68270e-02    
5.74115e-01    1.75627e-02    
5.83903e-01    1.83261e-02    
5.93859e-01    1.91178e-02    
6.03984e-01    1.99386e-02    
6.14282e-01    2.07891e-02    
6.24756e-01    2.16699e-02    
6.35408e-01    2.25818e-02    
6.46242e-01    2.35252e-02    
6.57260e-01    2.45009e-02    
6.68467e-01    2.55093e-02    
6.79864e-01    2.65509e-02    
6.91456e-01    2.76263e-02    
7.03245e-01    2.87359e-02    
7.15235e-01    2.98800e-02    
7.27430e-01    3.10591e-02    
7.39833e-01    3.22734e-02    
7.52447e-01    3.35231e-02    
7.65277e-01    3.48084e-02    
7.78325e-01    3.61294e-02    
7.91595e-01    3.74861e-02    
8.05092e-01    3.88785e-02    
8.18819e-01    4.03064e-02    
8.32780e-01    4.17695e-02    
8.46979e-01    4.32676e-02    
8.61420e-01    4.48002e-02    
8.76107e-01    4.63667e-02    
8.91045e-01    4.79666e-02    
9.06237e-01    4.95991e-02    
9.21689e-01    5.12633e-02    
9.37404e-01    5.29582e-02    
9.53386e-01    5.46827e-02    
9.69642e-01    5.64356e-02    
9.86174e-01    5.82155e-02    
1.00299e+00    6.00209e-02    
1.02009e+00    6.18502e-02    
1.03748e+00    6.37016e-02    
1.05517e+00    6.55733e-02    
1.07316e+00    6.74631e-02    
1.09146e+00    6.93690e-02    
1.11007e+00    7.12886e-02    
1.12900e+00    7.32197e-02    
1.14825e+00    7.51595e-02    
1.16782e+00    7.71056e-02    
1.18773e+00    7.90551e-02    
1.20799e+00    8.10051e-02    
1.22858e+00    8.29528e-02    
1.24953e+00    8.48952e-02    
1.27083e+00    8.68289e-02    
1.29250e+00    8.87510e-02    
1.31454e+00    9.06580e-02    
1.33695e+00    9.25468e-02    
1.35975e+00    9.44139e-02    
1.38293e+00    9.62561e-02    
1.40651e+00    9.80698e-02    
1.43049e+00    9.98518e-02    
1.45488e+00    1.01599e-01    
1.47969e+00    1.03307e-01    
1.50492e+00    1.04973e-01    
1.53058e+00    1.06595e-01    
1.55667e+00    1.08167e-01    
1.58321e+00    1.09689e-01    
1.61021e+00    1.11156e-01    
1.63766e+00    1.12565e-01    
1.66558e+00    1.13914e-01    
1.69398e+00    1.15199e-01    
1.72286e+00    1.16419e-01    
1.75224e+00    1.17570e-01    
1.78212e+00    1.18652e-01    
1.81250e+00    1.19660e-01    
1.84340e+00    1.20594e-01    
1.87483e+00    1.21452e-01    
1.90680e+00    1.22232e-01    
1.93931e+00    1.22933e-01    
1.97238e+00    1.23553e-01    
2.00601e+00    1.24094e-01    
2.04021e+00    1.24552e-01    
2.07499e+00    1.24929e-01    
2.11037e+00    1.25225e-01    
2.14636e+00    1.25438e-01    
2.18295e+00    1.25571e-01    
2.22017e+00    1.25623e-01    
2.25802e+00    1.25595e-01    
2.29652e+00    1.25488e-01    
2.33568e+00    1.25303e-01    
2.37550e+00    1.25042e-01    
2.41601e+00    1.24706e-01    
2.45720e+00    1.24295e-01    
2.49910e+00    1.23813e-01    
2.54170e+00    1.23259e-01    
2.58504e+00    1.22637e-01    
2.62912e+00    1.21947e-01    
2.67394e+00    1.21191e-01    
2.71953e+00    1.20370e-01    
2.76590e+00    1.19487e-01    
2.81306e+00    1.18542e-01    
2.86102e+00    1.17537e-01    
2.90981e+00    1.16473e-01    
2.95942e+00    1.15352e-01    
3.00988e+00    1.14173e-01    
3.06119e+00    1.12937e-01    
3.11339e+00    1.11647e-01    
3.16647e+00    1.10301e-01    
3.22046e+00    1.08902e-01    
3.27537e+00    1.07451e-01    
3.33122e+00    1.05948e-01    
3.38801e+00    1.04397e-01    
3.44578e+00    1.02801e-01    
3.50453e+00    1.01162e-01    
3.56428e+00    9.94865e-02    
3.62505e+00    9.77784e-02    
3.68686e+00    9.60433e-02    
3.74972e+00    9.42863e-02    
3.81366e+00    9.25126e-02    
3.87868e+00    9.07267e-02    
3.94481e+00    8.89327e-02    
4.01207e+00    8.71345e-02    
4.08048e+00    8.53352e-02    
4.15005e+00    8.35375e-02    
4.22081e+00    8.17441e-02    
4.29277e+00    7.99571e-02    
4.36597e+00    7.81784e-02    
4.44041e+00    7.64098e-02    
4.51611e+00    7.46529e-02    
4.59311e+00    7.29092e-02    
4.67143e+00    7.11799e-02    
4.75108e+00    6.94664e-02    
4.83208e+00    6.77697e-02    
4.91447e+00    6.60909e-02    
4.99826e+00    6.44311e-02    
5.08348e+00    6.27910e-02    
5.17016e+00    6.11716e-02    
5.25831e+00    5.95736e-02    
5.34796e+00    5.79979e-02    
5.43915e+00    5.64450e-02    
5.53188e+00    5.49156e-02    
5.62620e+00    5.34103e-02    
5.72213e+00    5.19296e-02    
5.81969e+00    5.04739e-02    
5.91892e+00    4.90438e-02    
6.01984e+00    4.76395e-02    
6.12248e+00    4.62615e-02    
6.22687e+00    4.49099e-02    
6.33304e+00    4.35851e-02    
6.44101e+00    4.22872e-02    
6.55083e+00    4.10164e-02    
6.66253e+00    3.97729e-02    
6.77612e+00    3.85567e-02    
6.89166e+00    3.73679e-02    
7.00916e+00    3.62064e-02    
7.12867e+00    3.50723e-02    
7.25021e+00    3.39654e-02    
7.37383e+00    3.28857e-02    
7.49955e+00    3.18329e-02    
7.62742e+00    3.08070e-02    
7.75747e+00    2.98078e-02    
7.88974e+00    2.88349e-02    
8.02426e+00    2.78881e-02    
8.16107e+00    2.69673e-02    
8.30022e+00    2.60719e-02    
8.44174e+00    2.52018e-02    
8.58567e+00    2.43565e-02    
8.73206e+00    2.35358e-02    
8.88094e+00    2.27391e-02    
9.03236e+00    2.19661e-02    
9.18636e+00    2.12162e-02    
9.34299e+00    2.04891e-02    
9.50229e+00    1.97842e-02    
9.66430e+00    1.91009e-02    
9.82908e+00    1.84387e-02    
9.99667e+00    1.77972e-02    
1.01671e+01    1.71756e-02    
1.03405e+01    1.65735e-02    
1.05168e+01    1.59904e-02    
1.06961e+01    1.54257e-02    
1.08785e+01    1.48789e-02    
1.10639e+01    1.43496e-02    
1.12526e+01    1.38373e-02    
1.14444e+01    1.33415e-02    
1.16396e+01    1.28617e-02    
1.18380e+01    1.23976e-02    
1.20399e+01    1.19488e-02    
1.22451e+01    1.15148e-02    
1.24539e+01    1.10951e-02    
1.26663e+01    1.06895e-02    
1.28822e+01    1.02975e-02    
1.31019e+01    9.91871e-03    
1.33252e+01    9.55275e-03    
1.35524e+01    9.19923e-03    
1.37835e+01    8.85778e-03    
1.40185e+01    8.52805e-03    
1.42575e+01    8.20968e-03    
1.45006e+01    7.90234e-03    
1.47479e+01    7.60568e-03    
1.49993e+01    7.31938e-03    
1.52551e+01    7.04312e-03    
1.55152e+01    6.77658e-03    
1.57797e+01    6.51947e-03    
1.60487e+01    6.27148e-03    
1.63224e+01    6.03233e-03    
1.66007e+01    5.80173e-03    
1.68837e+01    5.57941e-03    
1.71716e+01    5.36509e-03    
1.74644e+01    5.15853e-03    
1.77621e+01    4.95946e-03    
1.80650e+01    4.76764e-03    
1.83730e+01    4.58283e-03    
1.86863e+01    4.40480e-03    
1.90049e+01    4.23331e-03    
1.93289e+01    4.06815e-03    
1.96584e+01    3.90910e-03    
1.99936e+01    3.75595e-03    
2.03345e+01    3.60851e-03    
2.06812e+01    3.46658e-03    
2.10338e+01    3.32998e-03    
2.13925e+01    3.19851e-03    
2.17572e+01    3.07200e-03    
2.21282e+01    2.95027e-03    
2.25055e+01    2.83316e-03    
2.28892e+01    2.72049e-03    
2.32794e+01    2.61211e-03    
2.36764e+01    2.50786e-03    
2.40800e+01    2.40759e-03    
2.44906e+01    2.31117e-03    
2.49082e+01    2.21846e-03    
2.53329e+01    2.12931e-03    
2.57648e+01    2.04360e-03    
2.62041e+01    1.96121e-03    
2.66509e+01    1.88202e-03    
2.71053e+01    1.80590e-03    
2.75674e+01    1.73275e-03    
2.80375e+01    1.66245e-03    
2.85155e+01    1.59490e-03    
2.90017e+01    1.53000e-03    
2.94962e+01    1.46765e-03    
2.99991e+01    1.40775e-03    
3.05106e+01    1.35022e-03    
3.10308e+01    1.29496e-03    
3.15599e+01    1.24188e-03    
3.20979e+01    1.19091e-03    
3.26452e+01    1.14197e-03    
3.32018e+01    1.09497e-03    
3.37679e+01    1.04985e-03    
3.43437e+01    1.00653e-03    
3.49292e+01    9.64948e-04    
3.55248e+01    9.25031e-04    
3.61305e+01    8.86716e-04    
3.67465e+01    8.49943e-04    
3.73730e+01    8.14652e-04    
3.80103e+01    7.80786e-04    
3.86583e+01    7.48288e-04    
3.93175e+01    7.17107e-04    
3.99878e+01    6.87190e-04    
4.06696e+01    6.58488e-04    
4.13630e+01    6.30953e-04    
4.20683e+01    6.04541e-04    
4.27856e+01    5.79206e-04    
4.35151e+01    5.54906e-04    
4.42570e+01    5.31601e-04    
4.50116e+01    5.09251e-04    
4.57790e+01    4.87817e-04    
4.65596e+01    4.67265e-04    
4.73534e+01    4.47558e-04    
4.81608e+01    4.28663e-04    
4.89819e+01    4.10548e-04    
4.98171e+01    3.93181e-04    
5.06665e+01    3.76532e-04    
5.15303e+01    3.60573e-04    
5.24089e+01    3.45276e-04    
5.33025e+01    3.30614e-04    
5.42113e+01    3.16562e-04    
5.51356e+01    3.03094e-04    
5.60757e+01    2.90187e-04    
5.70318e+01    2.77820e-04    
5.80042e+01    2.65968e-04    
5.89932e+01    2.54613e-04    
5.99990e+01    2.43732e-04    
6.10220e+01    2.33308e-04    
6.20624e+01    2.23321e-04    
6.31206e+01    2.13754e-04    
6.41968e+01    2.04589e-04    
6.52914e+01    1.95809e-04    
6.64046e+01    1.87400e-04    
6.75368e+01    1.79345e-04    
6.86883e+01    1.71631e-04    
6.98595e+01    1.64243e-04    
7.10506e+01    1.57167e-04    
7.22620e+01    1.50391e-04    
7.34941e+01    1.43902e-04    
7.47472e+01    1.37689e-04    
7.60216e+01    1.31739e-04    
7.73178e+01    1.26043e-04    
7.86361e+01    1.20589e-04    
7.99768e+01    1.15367e-04    
8.13404e+01    1.10368e-04    
8.27273e+01    1.05583e-04    
8.41378e+01    1.01001e-04    
8.55724e+01    9.66160e-05    
8.70314e+01    9.24184e-05    
8.85153e+01    8.84005e-05    
9.00245e+01    8.45549e-05    
9.15594e+01    8.08743e-05    
9.31205e+01    7.73517e-05    
9.47082e+01    7.39806e-05    
9.63230e+01    7.07545e-05    
9.79653e+01    6.76673e-05    
9.96356e+01    6.47131e-05    
1.01334e+02    6.18863e-05    
1.03062e+02    5.91815e-05    
1.04819e+02    5.65936e-05    
1.06607e+02    5.41175e-05    
1.08424e+02    5.17486e-05    
1.10273e+02    4.94822e-05    
1.12153e+02    4.73141e-05    
1.14065e+02    4.52401e-05    
1.16010e+02    4.32560e-05    
1.17988e+02    4.13582e-05    
1.20000e+02    3.95428e-05    
1.22046e+02    3.78065e-05    
1.24127e+02    3.61457e-05    
1.26243e+02    3.45574e-05    
1.28396e+02    3.30383e-05    
1.30585e+02    3.15855e-05    
1.32811e+02    3.01962e-05    
1.35076e+02    2.88676e-05    
1.37379e+02    2.75972e-05    
1.39721e+02    2.63823e-05    
1.42103e+02    2.52208e-05    
1.44526e+02    2.41101e-05    
1.46990e+02    2.30482e-05    
1.49496e+02    2.20330e-05    
1.52045e+02    2.10623e-05    
1.54638e+02    2.01344e-05    
1.57274e+02    1.92474e-05    
1.59956e+02    1.83994e-05    
1.62683e+02    1.75888e-05    
1.65457e+02    1.68139e-05    
1.68278e+02    1.60733e-05    
1.71147e+02    1.53654e-05    
1.74065e+02    1.46888e-05    
1.77033e+02    1.40421e-05    
1.80052e+02    1.34241e-05    
1.83121e+02    1.28334e-05    
1.86244e+02    1.22689e-05    
1.89419e+02    1.17294e-05    
1.92649e+02    1.12139e-05    
1.95933e+02    1.07212e-05    
1.99274e+02    1.02504e-05    
2.02672e+02    9.80056e-06    
2.06127e+02    9.37066e-06    
2.09642e+02    8.95985e-06    
2.13216e+02    8.56729e-06    
2.16852e+02    8.19217e-06    
2.20549e+02    7.83371e-06    
2.24309e+02    7.49117e-06    
2.28134e+02    7.16383e-06    
2.32024e+02    6.85103e-06    
2.35980e+02    6.55211e-06    
2.40003e+02    6.26644e-06    
2.44095e+02    5.99342e-06    
2.48257e+02    5.73251e-06    
2.52490e+02    5.48313e-06    
2.56795e+02    5.24479e-06    
2.61173e+02    5.01697e-06    
2.65626e+02    4.79921e-06    
2.70155e+02    4.59106e-06    
2.74761e+02    4.39207e-06    
2.79446e+02    4.20183e-06    
2.84211e+02    4.01996e-06    
2.89056e+02    3.84608e-06    
2.93985e+02    3.67982e-06    
2.98997e+02    3.52084e-06    
3.04095e+02    3.36882e-06    
3.09280e+02    3.22344e-06    
3.14553e+02    3.08441e-06    
3.19916e+02    2.95144e-06    
3.25371e+02    2.82426e-06    
3.30919e+02    2.70262e-06    
3.36561e+02    2.58626e-06    
3.42299e+02    2.47496e-06    
3.48136e+02    2.36848e-06    
3.54071e+02    2.26662e-06    
3.60108e+02    2.16917e-06    
3.66248e+02    2.07593e-06    
3.72493e+02    1.98672e-06    
3.78844e+02    1.90137e-06    
3.85303e+02    1.81970e-06    
3.91872e+02    1.74156e-06    
3.98554e+02    1.66678e-06    
4.05349e+02    1.59522e-06    
4.12261e+02    1.52674e-06    
4.19290e+02    1.46121e-06    
4.26439e+02    1.39850e-06    
4.33709e+02    1.33849e-06    
4.41104e+02    1.28105e-06    
4.48625e+02    1.22608e-06    
4.56274e+02    1.17347e-06    
4.64054e+02    1.12312e-06    
4.71966e+02    1.07493e-06    
4.80013e+02    1.02881e-06    
4.88197e+02    9.84670e-07    
4.96521e+02    9.42421e-07    
5.04987e+02    9.01983e-07    
5.13597e+02    8.63279e-07    
5.22354e+02    8.26235e-07    
5.31260e+02    7.90778e-07    
5.40318e+02    7.56841e-07    
5.49530e+02    7.24359e-07    
5.58900e+02    6.93268e-07    
5.68429e+02    6.63510e-07    
5.78121e+02    6.35028e-07    
5.87978e+02    6.07766e-07    
5.98003e+02    5.81672e-07    
6.08199e+02    5.56696e-07    
6.18569e+02    5.32790e-07    
6.29116e+02    5.09910e-07    
6.39842e+02    4.88009e-07    
6.50752e+02    4.67047e-07    
6.61847e+02    4.46984e-07    
6.73131e+02    4.27781e-07    
6.84608e+02    4.09400e-07    
6.96281e+02    3.91808e-07    
7.08153e+02    3.74970e-07    
7.20227e+02    3.58854e-07    
7.32507e+02    3.43429e-07    
7.44996e+02    3.28665e-07    
7.57698e+02    3.14534e-07    
7.70617e+02    3.01010e-07    
7.83756e+02    2.88066e-07    
7.97119e+02    2.75677e-07    
8.10710e+02    2.63819e-07    
8.24533e+02    2.52470e-07    
8.38591e+02    2.41609e-07    
8.52889e+02    2.31213e-07    
8.67431e+02    2.21264e-07    
8.82221e+02    2.11741e-07    
8.97263e+02    2.02628e-07    
9.12562e+02    1.93905e-07    
9.28121e+02    1.85558e-07    
9.43945e+02    1.77569e-07    
9.60040e+02    1.69923e-07    
9.76408e+02    1.62605e-07    
9.93056e+02    1.55602e-07    
1.00999e+03    1.48899e-07    
1.02721e+03    1.42485e-07    
1.04472e+03    1.36346e-07    
1.06254e+03    1.30471e-07    
1.08065e+03    1.24849e-07    
1.09908e+03    1.19469e-07    
1.11782e+03    1.14319e-07    
1.13687e+03    1.09391e-07    
1.15626e+03    1.04676e-07    
1.17597e+03    1.00162e-07    
1.19602e+03    9.58435e-08    
1.21642e+03    9.17103e-08    
1.23716e+03    8.77550e-08    
1.25825e+03    8.39699e-08    
1.27970e+03    8.03477e-08    
1.30152e+03    7.68814e-08    
1.32371e+03    7.35643e-08    
1.34628e+03    7.03900e-08    
1.36924e+03    6.73523e-08    
1.39258e+03    6.44455e-08    
1.41633e+03    6.16638e-08    
1.44047e+03    5.90020e-08    
1.46503e+03    5.64548e-08    
1.49001e+03    5.40173e-08    
1.51542e+03    5.16849e-08    
1.54126e+03    4.94529e-08    
1.56754e+03    4.73171e-08    
1.59426e+03    4.52734e-08    
1.62144e+03    4.33178e-08    
1.64909e+03    4.14465e-08    
1.67721e+03    3.96558e-08    
1.70580e+03    3.79423e-08    
1.73489e+03    3.63028e-08    
1.76447e+03    3.47339e-08    
1.79455e+03    3.32327e-08    
1.82515e+03    3.17963e-08    
1.85627e+03    3.04218e-08    
1.88792e+03    2.91066e-08    
1.92011e+03    2.78482e-08    
1.95285e+03    2.66440e-08    
1.98614e+03    2.54919e-08    
2.02001e+03    2.43894e-08    
2.05445e+03    2.33346e-08    
2.08948e+03    2.23253e-08    
2.12510e+03    2.13595e-08    
2.16133e+03    2.04355e-08    
2.19819e+03    1.95513e-08    
2.23566e+03    1.87054e-08    
2.27378e+03    1.78959e-08    
2.31255e+03    1.71215e-08    
2.35198e+03    1.63804e-08    
2.39208e+03    1.56714e-08    
2.43287e+03    1.49931e-08    
2.47435e+03    1.43440e-08    
2.51654e+03    1.37230e-08    
2.55944e+03    1.31288e-08    
2.60308e+03    1.25604e-08    
2.64746e+03    1.20164e-08    
2.69260e+03    1.14960e-08    
2.73851e+03    1.09981e-08    
2.78520e+03    1.05218e-08    
2.83269e+03    1.00660e-08    
2.88099e+03    9.62990e-09    
2.93011e+03    9.21269e-09    
2.98007e+03    8.81353e-09    
3.03088e+03    8.43163e-09    
3.08256e+03    8.06625e-09    
3.13512e+03    7.71668e-09    
3.18857e+03    7.38223e-09    
3.24293e+03    7.06226e-09    
3.29823e+03    6.75613e-09    
3.35446e+03    6.46324e-09    
3.41166e+03    6.18304e-09    
3.46983e+03    5.91496e-09    
3.52899e+03    5.65849e-09    
3.58916e+03    5.41312e-09    
3.65035e+03    5.17838e-09    
3.71259e+03    4.95379e-09    
3.77589e+03    4.73894e-09    
3.84027e+03    4.53338e-09    
3.90575e+03    4.33673e-09    
3.97234e+03    4.14860e-09    
4.04007e+03    3.96862e-09    
4.10895e+03    3.79643e-09    
4.17901e+03    3.63170e-09    
4.25026e+03    3.47411e-09    
4.32273e+03    3.32335e-09    
4.39643e+03    3.17912e-09    
4.47139e+03    3.04114e-09    
4.54763e+03    2.90914e-09    
4.62517e+03    2.78286e-09    
4.70403e+03    2.66205e-09    
4.78423e+03    2.54648e-09    
4.86580e+03    2.43592e-09    
4.94877e+03    2.33016e-09    
5.03314e+03    2.22898e-09    
5.11896e+03    2.13219e-09    
5.20624e+03    2.03959e-09    
5.29500e+03    1.95101e-09    
5.38528e+03    1.86627e-09    
5.47710e+03    1.78521e-09    
5.57049e+03    1.70766e-09    
5.66547e+03    1.63348e-09    
5.76206e+03    1.56252e-09    
5.86031e+03    1.49463e-09    
5.96023e+03    1.42969e-09    
6.06185e+03    1.36757e-09    
6.16520e+03    1.30814e-09    
6.27032e+03    1.25129e-09    
6.37723e+03    1.19691e-09    
6.48596e+03    1.14489e-09    
6.59655e+03    1.09513e-09    
6.70902e+03    1.04753e-09    
6.82341e+03    1.00199e-09    
6.93975e+03    9.58431e-10    
7.05807e+03    9.16764e-10    
7.17842e+03    8.76905e-10    
7.30081e+03    8.38777e-10    
7.42529e+03    8.02305e-10    
7.55189e+03    7.67417e-10    
7.68065e+03    7.34044e-10    
7.81161e+03    7.02120e-10    
7.94479e+03    6.71584e-10    
8.08025e+03    6.42373e-10    
8.21802e+03    6.14432e-10    
8.35814e+03    5.87704e-10    
8.50065e+03    5.62138e-10    
8.64559e+03    5.37683e-10    
8.79299e+03    5.14290e-10    
8.94292e+03    4.91914e-10    
9.09539e+03    4.70510e-10    
9.25047e+03    4.50036e-10    
9.40819e+03    4.30452e-10    
9.56860e+03    4.11720e-10    
9.73175e+03    3.93801e-10    
9.89768e+03    3.76662e-10    
1.00664e+04    3.60268e-10    
1.02381e+04    3.44586e-10    
1.04126e+04    3.29587e-10    
1.05902e+04    3.15239e-10    
1.07707e+04    3.01515e-10    
1.09544e+04    2.88388e-10    
1.11411e+04    2.75832e-10    
1.13311e+04    2.63822e-10    
1.15243e+04    2.52335e-10    
1.17208e+04    2.41347e-10    
1.19206e+04    2.30837e-10    
1.21239e+04    2.20784e-10    
1.23306e+04    2.11169e-10    
1.25408e+04    2.01971e-10    
1.27546e+04    1.93174e-10    
1.29721e+04    1.84760e-10    
1.31933e+04    1.76712e-10    
1.34182e+04    1.69014e-10    
1.36470e+04    1.61651e-10    
1.38797e+04    1.54609e-10    
1.41164e+04    1.47872e-10    
1.43570e+04    1.41430e-10    
1.46018e+04    1.35267e-10    
1.48508e+04    1.29373e-10    
1.51040e+04    1.23735e-10    
1.53615e+04    1.18343e-10    
1.56234e+04    1.13186e-10    
1.58898e+04    1.08253e-10    
1.61607e+04    1.03535e-10    
1.64363e+04    9.90220e-11    
1.67165e+04    9.47058e-11    
1.70015e+04    9.05775e-11    
1.72914e+04    8.66290e-11    
1.75862e+04    8.28525e-11    
1.78861e+04    7.92405e-11    
1.81910e+04    7.57857e-11    
1.85012e+04    7.24815e-11    
1.88167e+04    6.93212e-11    
1.91375e+04    6.62985e-11    
1.94638e+04    6.34075e-11    
1.97956e+04    6.06425e-11    
2.01332e+04    5.79979e-11    
2.04764e+04    5.54686e-11    
2.08256e+04    5.30494e-11    
2.11806e+04    5.07357e-11    
2.15418e+04    4.85228e-11    
2.19090e+04    4.64063e-11    
2.22826e+04    4.43820e-11    
2.26625e+04    4.24460e-11    
2.30489e+04    4.05943e-11    
2.34419e+04    3.88234e-11    
2.38416e+04    3.71296e-11    
2.42481e+04    3.55097e-11    
2.46615e+04    3.39604e-11    
2.50820e+04    3.24786e-11    
2.55097e+04    3.10614e-11    
2.59446e+04    2.97060e-11    
2.63870e+04    2.84097e-11    
2.68369e+04    2.71699e-11    
2.72944e+04    2.59842e-11    
2.77598e+04    2.48502e-11    
2.82331e+04    2.37656e-11    
2.87145e+04    2.27283e-11    
2.92041e+04    2.17363e-11    
2.97020e+04    2.07875e-11    
3.02084e+04    1.98801e-11    
3.07235e+04    1.90123e-11    
3.12473e+04    1.81823e-11    
3.17801e+04    1.73885e-11    
3.23219e+04    1.66294e-11    
3.28730e+04    1.59034e-11    
3.34335e+04    1.52090e-11    
3.40036e+04    1.45450e-11    
3.45833e+04    1.39099e-11    
3.51730e+04    1.33025e-11    
3.57727e+04    1.27216e-11    
3.63826e+04    1.21661e-11    
3.70029e+04    1.16348e-11    
3.76339e+04    1.11266e-11    
3.82755e+04    1.06407e-11    
3.89281e+04    1.01760e-11    
3.95918e+04    9.73153e-12    
4.02669e+04    9.30647e-12    
4.09534e+04    8.89997e-12    
4.16517e+04    8.51121e-12    
4.23619e+04    8.13942e-12    
4.30841e+04    7.78386e-12    
4.38187e+04    7.44381e-12    
4.45658e+04    7.11862e-12    
4.53257e+04    6.80762e-12    
4.60985e+04    6.51019e-12    
4.68845e+04    6.22575e-12    
4.76839e+04    5.95373e-12    
4.84969e+04    5.69359e-12    
4.93238e+04    5.44480e-12    
5.01647e+04    5.20688e-12    
5.10201e+04    4.97935e-12    
5.18900e+04    4.76175e-12    
5.27747e+04    4.55366e-12    
5.36745e+04    4.35465e-12    
5.45897e+04    4.16433e-12    
5.55204e+04    3.98233e-12    
5.64670e+04    3.80827e-12    
5.74298e+04    3.64182e-12    
5.84090e+04    3.48264e-12    
5.94049e+04    3.33041e-12    
6.04177e+04    3.18483e-12    
6.14479e+04    3.04561e-12    
6.24956e+04    2.91247e-12    
6.35611e+04    2.78515e-12    
6.46448e+04    2.66339e-12    
6.57470e+04    2.54695e-12    
6.68680e+04    2.43559e-12    
6.80081e+04    2.32911e-12    
6.91677e+04    2.22727e-12    
7.03470e+04    2.12989e-12    
7.15464e+04    2.03676e-12    
7.27663e+04    1.94770e-12    
7.40070e+04    1.86253e-12    
7.52688e+04    1.78108e-12    
7.65521e+04    1.70319e-12    
7.78574e+04    1.62871e-12    
7.91848e+04    1.55748e-12    
8.05349e+04    1.48937e-12    
8.19081e+04    1.42423e-12    
8.33046e+04    1.36194e-12    
8.47250e+04    1.30237e-12    
8.61695e+04    1.24540e-12    
8.76387e+04    1.19093e-12    
8.91330e+04    1.13884e-12    
9.06527e+04    1.08902e-12    
9.21983e+04    1.04138e-12    
9.37703e+04    9.95827e-13    
9.53691e+04    9.52263e-13    
9.69952e+04    9.10604e-13    
9.86490e+04    8.70766e-13    
1.00331e+05    8.32670e-13    
1.02042e+05    7.96240e-13    
1.03781e+05    7.61403e-13    
1.05551e+05    7.28089e-13    
1.07351e+05    6.96232e-13    
1.09181e+05    6.65768e-13    
1.11042e+05    6.36636e-13    
1.12936e+05    6.08778e-13    
1.14861e+05    5.82139e-13    
1.16820e+05    5.56665e-13    
1.18811e+05    5.32304e-13    
1.20837e+05    5.09009e-13    
1.22897e+05    4.86734e-13    
1.24993e+05    4.65432e-13    
1.27124e+05    4.45062e-13    
1.29292e+05    4.25583e-13    
1.31496e+05    4.06956e-13    
1.33738e+05    3.89144e-13    
1.36018e+05    3.72112e-13    
1.38337e+05    3.55824e-13    
1.40696e+05    3.40249e-13    
1.43095e+05    3.25355e-13    
1.45535e+05    3.11113e-13    
1.48016e+05    2.97494e-13    
1.50540e+05    2.84471e-13    
1.53106e+05    2.72018e-13    
1.55717e+05    2.60109e-13    
1.58372e+05    2.48722e-13    
1.61072e+05    2.37833e-13    
1.63818e+05    2.27420e-13    
1.66612e+05    2.17463e-13    
1.69452e+05    2.07942e-13    
1.72342e+05    1.98838e-13    
1.75280e+05    1.90131e-13    
1.78269e+05    1.81806e-13    
1.81308e+05    1.73846e-13    
1.84399e+05    1.66233e-13    
1.87543e+05    1.58954e-13    
1.90741e+05    1.51993e-13    
1.93993e+05    1.45338e-13    
1.97301e+05    1.38973e-13    
2.00665e+05    1.32887e-13    
2.04086e+05    1.27067e-13    
2.07566e+05    1.21502e-13    
2.11105e+05    1.16181e-13    
2.14704e+05    1.11093e-13    
2.18365e+05    1.06227e-13    
2.22088e+05    1.01575e-13    
2.25875e+05    9.71257e-14    
2.29726e+05    9.28716e-14    
2.33643e+05    8.88037e-14    
2.37626e+05    8.49139e-14    
2.41678e+05    8.11944e-14    
2.45799e+05    7.76378e-14    
2.49989e+05    7.42369e-14    
2.54252e+05    7.09849e-14    
2.58587e+05    6.78753e-14    
2.62996e+05    6.49019e-14    
2.67480e+05    6.20586e-14    
2.72040e+05    5.93399e-14    
2.76679e+05    5.67402e-14    
2.81396e+05    5.42544e-14    
2.86194e+05    5.18774e-14    
2.91074e+05    4.96045e-14    
2.96036e+05    4.74312e-14    
3.01084e+05    4.53530e-14    
3.06217e+05    4.33659e-14    
3.11438e+05    4.14658e-14    
3.16748e+05    3.96489e-14    
3.22149e+05    3.79116e-14    
3.27642e+05    3.62504e-14    
3.33228e+05    3.46619e-14    
3.38910e+05    3.31430e-14    
3.44688e+05    3.16907e-14    
3.50565e+05    3.03019e-14    
3.56542e+05    2.89740e-14    
3.62621e+05    2.77043e-14    
3.68804e+05    2.64902e-14    
3.75092e+05    2.53292e-14    
3.81488e+05    2.42192e-14    
3.87992e+05    2.31577e-14    
3.94607e+05    2.21428e-14    
4.01335e+05    2.11723e-14    
4.08178e+05    2.02444e-14    
4.15138e+05    1.93571e-14    
4.22216e+05    1.85087e-14    
4.29415e+05    1.76974e-14    
4.36736e+05    1.69217e-14    
4.44183e+05    1.61800e-14    
4.51756e+05    1.54708e-14    
4.59458e+05    1.47926e-14    
4.67292e+05    1.41442e-14    
4.75260e+05    1.35242e-14    
4.83363e+05    1.29313e-14    
4.91604e+05    1.23645e-14    
4.99986e+05    1.18224e-14    
5.08511e+05    1.13042e-14    
5.17181e+05    1.08086e-14    
5.25999e+05    1.03348e-14    
5.34967e+05    9.88167e-15    
5.44089e+05    9.44845e-15    
5.53365e+05    9.03421e-15    
5.62800e+05    8.63813e-15    
5.72396e+05    8.25941e-15    
5.82156e+05    7.89728e-15    
5.92081e+05    7.55103e-15    
6.02176e+05    7.21995e-15    
6.12444e+05    6.90339e-15    
6.22886e+05    6.60070e-15    
6.33506e+05    6.31128e-15    
6.44307e+05    6.03454e-15    
6.55293e+05    5.76993e-15    
6.66466e+05    5.51693e-15    
6.77829e+05    5.27501e-15    
6.89386e+05    5.04370e-15    
7.01140e+05    4.82253e-15    
7.13095e+05    4.61105e-15    
7.25253e+05    4.40884e-15    
7.37619e+05    4.21550e-15    
7.50195e+05    4.03064e-15    
7.62986e+05    3.85387e-15    
7.75995e+05    3.68486e-15    
7.89226e+05    3.52326e-15    
8.02682e+05    3.36874e-15    
8.16368e+05    3.22100e-15    
8.30287e+05    3.07974e-15    
8.44444e+05    2.94466e-15    
8.58841e+05    2.81551e-15    
8.73485e+05    2.69203e-15    
8.88378e+05    2.57396e-15    
9.03525e+05    2.46106e-15    
9.18930e+05    2.35312e-15    
9.34598e+05    2.24990e-15    
9.50533e+05    2.15122e-15    
9.66739e+05    2.05686e-15    
9.83222e+05    1.96664e-15    
9.99987e+05    1.88037e-15    
1.01704e+06    1.79789e-15    
1.03438e+06    1.71903e-15    
1.05201e+06    1.64362e-15    
1.06995e+06    1.57152e-15    
1.08819e+06    1.50258e-15    
1.10675e+06    1.43667e-15    
1.12562e+06    1.37364e-15    
1.14481e+06    1.31338e-15    
1.16433e+06    1.25577e-15    
1.18418e+06    1.20068e-15    
1.20437e+06    1.14800e-15    
1.22490e+06    1.09764e-15    
1.24579e+06    1.04948e-15    
1.26703e+06    1.00344e-15    
1.28863e+06    9.59416e-16    
1.31060e+06    9.17324e-16    
1.33295e+06    8.77078e-16    
1.35568e+06    8.38596e-16    
1.37879e+06    8.01803e-16    
1.40230e+06    7.66624e-16    
1.42621e+06    7.32988e-16    
1.45053e+06    7.00827e-16    
1.47526e+06    6.70077e-16    
1.50041e+06    6.40676e-16    
1.52599e+06    6.12564e-16    
1.55201e+06    5.85686e-16    
1.57847e+06    5.59987e-16    
1.60539e+06    5.35415e-16    
1.63276e+06    5.11921e-16    
1.66060e+06    4.89458e-16    
1.68891e+06    4.67980e-16    
1.71771e+06    4.47444e-16    
1.74699e+06    4.27810e-16    
1.77678e+06    4.09036e-16    
1.80708e+06    3.91087e-16    
1.83789e+06    3.73925e-16    
1.86922e+06    3.57515e-16    
1.90109e+06    3.41826e-16    
1.93351e+06    3.26825e-16    
1.96647e+06    3.12482e-16    
2.00000e+06    2.98769e-16    

