# USINE V4.0
# File generated 13-05-2022 11:20:52
# Model1DKisoVc
# V
# SolMod0DFF_phi0_970GV
# R [GV]       TOA [GV m^{2} s sr]^{-1}
9.56809e-02    4.67891e-06    
9.73151e-02    4.92080e-06    
9.89772e-02    5.17516e-06    
1.00668e-01    5.44262e-06    
1.02387e-01    5.72386e-06    
1.04136e-01    6.01958e-06    
1.05914e-01    6.33054e-06    
1.07723e-01    6.65750e-06    
1.09563e-01    7.00129e-06    
1.11435e-01    7.36277e-06    
1.13338e-01    7.74284e-06    
1.15274e-01    8.14246e-06    
1.17243e-01    8.56263e-06    
1.19245e-01    9.00440e-06    
1.21282e-01    9.46886e-06    
1.23353e-01    9.95719e-06    
1.25460e-01    1.04706e-05    
1.27603e-01    1.10104e-05    
1.29782e-01    1.15779e-05    
1.31999e-01    1.21744e-05    
1.34253e-01    1.28016e-05    
1.36546e-01    1.34610e-05    
1.38879e-01    1.41542e-05    
1.41251e-01    1.48829e-05    
1.43663e-01    1.56489e-05    
1.46117e-01    1.64542e-05    
1.48612e-01    1.73006e-05    
1.51151e-01    1.81904e-05    
1.53732e-01    1.91258e-05    
1.56358e-01    2.01089e-05    
1.59029e-01    2.11423e-05    
1.61745e-01    2.22286e-05    
1.64507e-01    2.33703e-05    
1.67317e-01    2.45703e-05    
1.70175e-01    2.58315e-05    
1.73081e-01    2.71571e-05    
1.76038e-01    2.85503e-05    
1.79044e-01    3.00146e-05    
1.82102e-01    3.15534e-05    
1.85212e-01    3.31705e-05    
1.88376e-01    3.48700e-05    
1.91593e-01    3.66560e-05    
1.94866e-01    3.85327e-05    
1.98194e-01    4.05049e-05    
2.01579e-01    4.25771e-05    
2.05022e-01    4.47541e-05    
2.08524e-01    4.70409e-05    
2.12085e-01    4.94429e-05    
2.15708e-01    5.19657e-05    
2.19392e-01    5.46154e-05    
2.23139e-01    5.73980e-05    
2.26950e-01    6.03202e-05    
2.30826e-01    6.33886e-05    
2.34769e-01    6.66104e-05    
2.38779e-01    6.99930e-05    
2.42857e-01    7.35442e-05    
2.47005e-01    7.72721e-05    
2.51223e-01    8.11853e-05    
2.55514e-01    8.52925e-05    
2.59878e-01    8.96032e-05    
2.64317e-01    9.41268e-05    
2.68832e-01    9.88737e-05    
2.73423e-01    1.03854e-04    
2.78093e-01    1.09080e-04    
2.82843e-01    1.14561e-04    
2.87674e-01    1.20311e-04    
2.92587e-01    1.26341e-04    
2.97584e-01    1.32666e-04    
3.02667e-01    1.39297e-04    
3.07837e-01    1.46250e-04    
3.13094e-01    1.53540e-04    
3.18442e-01    1.61180e-04    
3.23881e-01    1.69189e-04    
3.29413e-01    1.77581e-04    
3.35039e-01    1.86375e-04    
3.40761e-01    1.95588e-04    
3.46581e-01    2.05238e-04    
3.52501e-01    2.15346e-04    
3.58521e-01    2.25931e-04    
3.64645e-01    2.37013e-04    
3.70873e-01    2.48615e-04    
3.77207e-01    2.60759e-04    
3.83650e-01    2.73467e-04    
3.90203e-01    2.86764e-04    
3.96867e-01    3.00674e-04    
4.03646e-01    3.15222e-04    
4.10540e-01    3.30436e-04    
4.17552e-01    3.46342e-04    
4.24683e-01    3.62967e-04    
4.31937e-01    3.80341e-04    
4.39314e-01    3.98494e-04    
4.46817e-01    4.17455e-04    
4.54449e-01    4.37256e-04    
4.62211e-01    4.57929e-04    
4.70105e-01    4.79506e-04    
4.78135e-01    5.02022e-04    
4.86301e-01    5.25510e-04    
4.94607e-01    5.50006e-04    
5.03055e-01    5.75545e-04    
5.11647e-01    6.02163e-04    
5.20385e-01    6.29897e-04    
5.29274e-01    6.58786e-04    
5.38313e-01    6.88866e-04    
5.47508e-01    7.20175e-04    
5.56859e-01    7.52754e-04    
5.66370e-01    7.86639e-04    
5.76043e-01    8.21871e-04    
5.85882e-01    8.58488e-04    
5.95889e-01    8.96529e-04    
6.06066e-01    9.36034e-04    
6.16418e-01    9.77040e-04    
6.26946e-01    1.01958e-03    
6.37654e-01    1.06371e-03    
6.48545e-01    1.10944e-03    
6.59622e-01    1.15683e-03    
6.70888e-01    1.20589e-03    
6.82347e-01    1.25668e-03    
6.94001e-01    1.30921e-03    
7.05854e-01    1.36352e-03    
7.17910e-01    1.41963e-03    
7.30172e-01    1.47758e-03    
7.42643e-01    1.53738e-03    
7.55327e-01    1.59905e-03    
7.68228e-01    1.66261e-03    
7.81349e-01    1.72807e-03    
7.94694e-01    1.79545e-03    
8.08267e-01    1.86475e-03    
8.22072e-01    1.93596e-03    
8.36113e-01    2.00910e-03    
8.50394e-01    2.08414e-03    
8.64918e-01    2.16107e-03    
8.79691e-01    2.23988e-03    
8.94716e-01    2.32054e-03    
9.09997e-01    2.40301e-03    
9.25540e-01    2.48726e-03    
9.41348e-01    2.57325e-03    
9.57426e-01    2.66091e-03    
9.73778e-01    2.75019e-03    
9.90410e-01    2.84103e-03    
1.00733e+00    2.93333e-03    
1.02453e+00    3.02703e-03    
1.04203e+00    3.12202e-03    
1.05983e+00    3.21821e-03    
1.07793e+00    3.31548e-03    
1.09634e+00    3.41371e-03    
1.11506e+00    3.51278e-03    
1.13411e+00    3.61255e-03    
1.15348e+00    3.71287e-03    
1.17318e+00    3.81359e-03    
1.19322e+00    3.91455e-03    
1.21360e+00    4.01557e-03    
1.23433e+00    4.11648e-03    
1.25541e+00    4.21710e-03    
1.27685e+00    4.31723e-03    
1.29866e+00    4.41668e-03    
1.32084e+00    4.51525e-03    
1.34340e+00    4.61272e-03    
1.36634e+00    4.70890e-03    
1.38968e+00    4.80357e-03    
1.41342e+00    4.89651e-03    
1.43756e+00    4.98752e-03    
1.46211e+00    5.07637e-03    
1.48708e+00    5.16285e-03    
1.51248e+00    5.24675e-03    
1.53831e+00    5.32786e-03    
1.56459e+00    5.40597e-03    
1.59131e+00    5.48089e-03    
1.61849e+00    5.55243e-03    
1.64613e+00    5.62039e-03    
1.67425e+00    5.68461e-03    
1.70284e+00    5.74491e-03    
1.73193e+00    5.80115e-03    
1.76151e+00    5.85318e-03    
1.79160e+00    5.90088e-03    
1.82220e+00    5.94412e-03    
1.85332e+00    5.98282e-03    
1.88497e+00    6.01689e-03    
1.91717e+00    6.04626e-03    
1.94991e+00    6.07088e-03    
1.98322e+00    6.09073e-03    
2.01709e+00    6.10579e-03    
2.05154e+00    6.11605e-03    
2.08658e+00    6.12155e-03    
2.12222e+00    6.12232e-03    
2.15847e+00    6.11842e-03    
2.19533e+00    6.10991e-03    
2.23283e+00    6.09690e-03    
2.27096e+00    6.07950e-03    
2.30975e+00    6.05781e-03    
2.34920e+00    6.03197e-03    
2.38932e+00    6.00214e-03    
2.43013e+00    5.96845e-03    
2.47164e+00    5.93106e-03    
2.51385e+00    5.89014e-03    
2.55679e+00    5.84584e-03    
2.60046e+00    5.79833e-03    
2.64487e+00    5.74776e-03    
2.69005e+00    5.69430e-03    
2.73599e+00    5.63808e-03    
2.78272e+00    5.57924e-03    
2.83025e+00    5.51793e-03    
2.87859e+00    5.45427e-03    
2.92776e+00    5.38837e-03    
2.97776e+00    5.32034e-03    
3.02862e+00    5.25029e-03    
3.08035e+00    5.17831e-03    
3.13296e+00    5.10449e-03    
3.18647e+00    5.02891e-03    
3.24090e+00    4.95166e-03    
3.29625e+00    4.87284e-03    
3.35255e+00    4.79258e-03    
3.40981e+00    4.71101e-03    
3.46805e+00    4.62832e-03    
3.52728e+00    4.54471e-03    
3.58753e+00    4.46040e-03    
3.64880e+00    4.37559e-03    
3.71112e+00    4.29050e-03    
3.77450e+00    4.20532e-03    
3.83897e+00    4.12019e-03    
3.90454e+00    4.03526e-03    
3.97123e+00    3.95062e-03    
4.03906e+00    3.86636e-03    
4.10804e+00    3.78253e-03    
4.17821e+00    3.69918e-03    
4.24957e+00    3.61635e-03    
4.32215e+00    3.53407e-03    
4.39597e+00    3.45236e-03    
4.47105e+00    3.37125e-03    
4.54742e+00    3.29078e-03    
4.62509e+00    3.21096e-03    
4.70408e+00    3.13183e-03    
4.78443e+00    3.05343e-03    
4.86614e+00    2.97576e-03    
4.94926e+00    2.89887e-03    
5.03379e+00    2.82279e-03    
5.11976e+00    2.74754e-03    
5.20721e+00    2.67318e-03    
5.29615e+00    2.59973e-03    
5.38660e+00    2.52724e-03    
5.47860e+00    2.45576e-03    
5.57218e+00    2.38533e-03    
5.66735e+00    2.31598e-03    
5.76415e+00    2.24775e-03    
5.86260e+00    2.18067e-03    
5.96273e+00    2.11477e-03    
6.06457e+00    2.05006e-03    
6.16815e+00    1.98656e-03    
6.27350e+00    1.92428e-03    
6.38065e+00    1.86323e-03    
6.48963e+00    1.80342e-03    
6.60047e+00    1.74485e-03    
6.71320e+00    1.68752e-03    
6.82786e+00    1.63145e-03    
6.94448e+00    1.57664e-03    
7.06309e+00    1.52309e-03    
7.18373e+00    1.47081e-03    
7.30642e+00    1.41981e-03    
7.43122e+00    1.37009e-03    
7.55814e+00    1.32167e-03    
7.68723e+00    1.27455e-03    
7.81853e+00    1.22874e-03    
7.95206e+00    1.18423e-03    
8.08788e+00    1.14102e-03    
8.22602e+00    1.09911e-03    
8.36652e+00    1.05849e-03    
8.50942e+00    1.01917e-03    
8.65476e+00    9.81147e-04    
8.80258e+00    9.44420e-04    
8.95292e+00    9.08992e-04    
9.10584e+00    8.74859e-04    
9.26136e+00    8.42010e-04    
9.41954e+00    8.10431e-04    
9.58043e+00    7.80102e-04    
9.74406e+00    7.50997e-04    
9.91048e+00    7.23080e-04    
1.00798e+01    6.96302e-04    
1.02519e+01    6.70603e-04    
1.04270e+01    6.45918e-04    
1.06051e+01    6.22184e-04    
1.07862e+01    5.99341e-04    
1.09705e+01    5.77336e-04    
1.11578e+01    5.56119e-04    
1.13484e+01    5.35643e-04    
1.15422e+01    5.15869e-04    
1.17394e+01    4.96760e-04    
1.19399e+01    4.78289e-04    
1.21438e+01    4.60434e-04    
1.23512e+01    4.43177e-04    
1.25622e+01    4.26502e-04    
1.27767e+01    4.10391e-04    
1.29950e+01    3.94830e-04    
1.32169e+01    3.79803e-04    
1.34426e+01    3.65293e-04    
1.36722e+01    3.51288e-04    
1.39058e+01    3.37773e-04    
1.41433e+01    3.24735e-04    
1.43848e+01    3.12159e-04    
1.46305e+01    3.00031e-04    
1.48804e+01    2.88337e-04    
1.51346e+01    2.77064e-04    
1.53931e+01    2.66197e-04    
1.56560e+01    2.55724e-04    
1.59234e+01    2.45633e-04    
1.61953e+01    2.35910e-04    
1.64719e+01    2.26545e-04    
1.67533e+01    2.17525e-04    
1.70394e+01    2.08839e-04    
1.73304e+01    2.00476e-04    
1.76264e+01    1.92425e-04    
1.79275e+01    1.84676e-04    
1.82337e+01    1.77218e-04    
1.85451e+01    1.70042e-04    
1.88619e+01    1.63138e-04    
1.91840e+01    1.56498e-04    
1.95117e+01    1.50110e-04    
1.98449e+01    1.43968e-04    
2.01839e+01    1.38062e-04    
2.05286e+01    1.32385e-04    
2.08792e+01    1.26927e-04    
2.12359e+01    1.21682e-04    
2.15986e+01    1.16643e-04    
2.19675e+01    1.11803e-04    
2.23427e+01    1.07159e-04    
2.27243e+01    1.02704e-04    
2.31124e+01    9.84269e-05    
2.35071e+01    9.43191e-05    
2.39086e+01    9.03739e-05    
2.43170e+01    8.65854e-05    
2.47323e+01    8.29477e-05    
2.51547e+01    7.94553e-05    
2.55844e+01    7.61028e-05    
2.60213e+01    7.28850e-05    
2.64658e+01    6.97967e-05    
2.69178e+01    6.68333e-05    
2.73776e+01    6.39898e-05    
2.78452e+01    6.12618e-05    
2.83208e+01    5.86450e-05    
2.88045e+01    5.61349e-05    
2.92964e+01    5.37276e-05    
2.97968e+01    5.14191e-05    
3.03057e+01    4.92055e-05    
3.08233e+01    4.70832e-05    
3.13498e+01    4.50487e-05    
3.18852e+01    4.30984e-05    
3.24298e+01    4.12292e-05    
3.29837e+01    3.94378e-05    
3.35471e+01    3.77212e-05    
3.41201e+01    3.60764e-05    
3.47028e+01    3.45005e-05    
3.52955e+01    3.29908e-05    
3.58984e+01    3.15447e-05    
3.65115e+01    3.01597e-05    
3.71351e+01    2.88332e-05    
3.77694e+01    2.75629e-05    
3.84145e+01    2.63466e-05    
3.90706e+01    2.51820e-05    
3.97379e+01    2.40671e-05    
4.04166e+01    2.29999e-05    
4.11069e+01    2.19783e-05    
4.18090e+01    2.10006e-05    
4.25231e+01    2.00649e-05    
4.32494e+01    1.91695e-05    
4.39881e+01    1.83128e-05    
4.47394e+01    1.74931e-05    
4.55035e+01    1.67089e-05    
4.62807e+01    1.59587e-05    
4.70711e+01    1.52412e-05    
4.78751e+01    1.45549e-05    
4.86928e+01    1.38985e-05    
4.95245e+01    1.32709e-05    
5.03703e+01    1.26707e-05    
5.12306e+01    1.20969e-05    
5.21056e+01    1.15482e-05    
5.29956e+01    1.10238e-05    
5.39007e+01    1.05224e-05    
5.48213e+01    1.00432e-05    
5.57577e+01    9.58522e-06    
5.67100e+01    9.14751e-06    
5.76786e+01    8.72924e-06    
5.86637e+01    8.32956e-06    
5.96657e+01    7.94768e-06    
6.06848e+01    7.58284e-06    
6.17212e+01    7.23429e-06    
6.27754e+01    6.90134e-06    
6.38476e+01    6.58331e-06    
6.49381e+01    6.27955e-06    
6.60472e+01    5.98945e-06    
6.71753e+01    5.71241e-06    
6.83226e+01    5.44786e-06    
6.94896e+01    5.19525e-06    
7.06764e+01    4.95407e-06    
7.18836e+01    4.72380e-06    
7.31113e+01    4.50399e-06    
7.43600e+01    4.29415e-06    
7.56301e+01    4.09386e-06    
7.69218e+01    3.90269e-06    
7.82356e+01    3.72024e-06    
7.95719e+01    3.54613e-06    
8.09310e+01    3.37997e-06    
8.23132e+01    3.22143e-06    
8.37191e+01    3.07016e-06    
8.51490e+01    2.92584e-06    
8.66033e+01    2.78816e-06    
8.80825e+01    2.65681e-06    
8.95869e+01    2.53153e-06    
9.11170e+01    2.41202e-06    
9.26733e+01    2.29805e-06    
9.42561e+01    2.18935e-06    
9.58660e+01    2.08569e-06    
9.75034e+01    1.98684e-06    
9.91687e+01    1.89258e-06    
1.00862e+02    1.80272e-06    
1.02585e+02    1.71704e-06    
1.04337e+02    1.63535e-06    
1.06119e+02    1.55749e-06    
1.07932e+02    1.48326e-06    
1.09775e+02    1.41252e-06    
1.11650e+02    1.34509e-06    
1.13557e+02    1.28083e-06    
1.15497e+02    1.21959e-06    
1.17469e+02    1.16123e-06    
1.19476e+02    1.10562e-06    
1.21516e+02    1.05264e-06    
1.23592e+02    1.00216e-06    
1.25703e+02    9.54070e-07    
1.27850e+02    9.08258e-07    
1.30033e+02    8.64619e-07    
1.32254e+02    8.23053e-07    
1.34513e+02    7.83463e-07    
1.36811e+02    7.45758e-07    
1.39147e+02    7.09851e-07    
1.41524e+02    6.75658e-07    
1.43941e+02    6.43099e-07    
1.46400e+02    6.12098e-07    
1.48900e+02    5.82582e-07    
1.51443e+02    5.54482e-07    
1.54030e+02    5.27731e-07    
1.56661e+02    5.02267e-07    
1.59336e+02    4.78029e-07    
1.62058e+02    4.54959e-07    
1.64826e+02    4.33002e-07    
1.67641e+02    4.12106e-07    
1.70504e+02    3.92220e-07    
1.73416e+02    3.73297e-07    
1.76378e+02    3.55291e-07    
1.79391e+02    3.38159e-07    
1.82454e+02    3.21858e-07    
1.85571e+02    3.06350e-07    
1.88740e+02    2.91596e-07    
1.91964e+02    2.77560e-07    
1.95243e+02    2.64208e-07    
1.98577e+02    2.51506e-07    
2.01969e+02    2.39424e-07    
2.05419e+02    2.27931e-07    
2.08927e+02    2.16999e-07    
2.12495e+02    2.06600e-07    
2.16125e+02    1.96709e-07    
2.19816e+02    1.87301e-07    
2.23571e+02    1.78351e-07    
2.27389e+02    1.69839e-07    
2.31273e+02    1.61741e-07    
2.35223e+02    1.54038e-07    
2.39240e+02    1.46710e-07    
2.43327e+02    1.39739e-07    
2.47483e+02    1.33106e-07    
2.51709e+02    1.26796e-07    
2.56009e+02    1.20792e-07    
2.60381e+02    1.15079e-07    
2.64828e+02    1.09642e-07    
2.69352e+02    1.04468e-07    
2.73952e+02    9.95430e-08    
2.78631e+02    9.48557e-08    
2.83390e+02    9.03938e-08    
2.88230e+02    8.61461e-08    
2.93153e+02    8.21020e-08    
2.98160e+02    7.82514e-08    
3.03253e+02    7.45847e-08    
3.08432e+02    7.10928e-08    
3.13700e+02    6.77672e-08    
3.19058e+02    6.45996e-08    
3.24507e+02    6.15822e-08    
3.30050e+02    5.87078e-08    
3.35687e+02    5.59693e-08    
3.41420e+02    5.33601e-08    
3.47252e+02    5.08740e-08    
3.53183e+02    4.85049e-08    
3.59215e+02    4.62471e-08    
3.65350e+02    4.40954e-08    
3.71590e+02    4.20446e-08    
3.77937e+02    4.00898e-08    
3.84392e+02    3.82265e-08    
3.90957e+02    3.64503e-08    
3.97635e+02    3.47570e-08    
4.04426e+02    3.31428e-08    
4.11334e+02    3.16037e-08    
4.18359e+02    3.01364e-08    
4.25505e+02    2.87373e-08    
4.32772e+02    2.74034e-08    
4.40164e+02    2.61314e-08    
4.47682e+02    2.49185e-08    
4.55328e+02    2.37620e-08    
4.63105e+02    2.26591e-08    
4.71015e+02    2.16074e-08    
4.79060e+02    2.06045e-08    
4.87242e+02    1.96481e-08    
4.95564e+02    1.87360e-08    
5.04028e+02    1.78662e-08    
5.12636e+02    1.70366e-08    
5.21392e+02    1.62456e-08    
5.30297e+02    1.54911e-08    
5.39355e+02    1.47716e-08    
5.48567e+02    1.40854e-08    
5.57936e+02    1.34310e-08    
5.67466e+02    1.28069e-08    
5.77158e+02    1.22117e-08    
5.87015e+02    1.16441e-08    
5.97041e+02    1.11027e-08    
6.07239e+02    1.05865e-08    
6.17610e+02    1.00941e-08    
6.28159e+02    9.62453e-09    
6.38888e+02    9.17673e-09    
6.49800e+02    8.74967e-09    
6.60898e+02    8.34240e-09    
6.72186e+02    7.95400e-09    
6.83667e+02    7.58361e-09    
6.95344e+02    7.23039e-09    
7.07220e+02    6.89355e-09    
7.19299e+02    6.57232e-09    
7.31584e+02    6.26600e-09    
7.44080e+02    5.97389e-09    
7.56788e+02    5.69533e-09    
7.69714e+02    5.42970e-09    
7.82861e+02    5.17640e-09    
7.96232e+02    4.93486e-09    
8.09831e+02    4.70454e-09    
8.23663e+02    4.48492e-09    
8.37731e+02    4.27550e-09    
8.52039e+02    4.07581e-09    
8.66591e+02    3.88540e-09    
8.81393e+02    3.70385e-09    
8.96447e+02    3.53074e-09    
9.11758e+02    3.36568e-09    
9.27330e+02    3.20830e-09    
9.43169e+02    3.05825e-09    
9.59278e+02    2.91518e-09    
9.75662e+02    2.77877e-09    
9.92326e+02    2.64872e-09    
1.00927e+03    2.52472e-09    
1.02651e+03    2.40650e-09    
1.04405e+03    2.29379e-09    
1.06188e+03    2.18633e-09    
1.08001e+03    2.08389e-09    
1.09846e+03    1.98622e-09    
1.11722e+03    1.89311e-09    
1.13630e+03    1.80434e-09    
1.15571e+03    1.71972e-09    
1.17545e+03    1.63904e-09    
1.19553e+03    1.56214e-09    
1.21595e+03    1.48882e-09    
1.23671e+03    1.41893e-09    
1.25784e+03    1.35231e-09    
1.27932e+03    1.28880e-09    
1.30117e+03    1.22826e-09    
1.32339e+03    1.17055e-09    
1.34600e+03    1.11554e-09    
1.36899e+03    1.06311e-09    
1.39237e+03    1.01313e-09    
1.41615e+03    9.65483e-10    
1.44034e+03    9.20072e-10    
1.46494e+03    8.76787e-10    
1.48996e+03    8.35529e-10    
1.51541e+03    7.96204e-10    
1.54129e+03    7.58723e-10    
1.56761e+03    7.22998e-10    
1.59439e+03    6.88948e-10    
1.62162e+03    6.56495e-10    
1.64932e+03    6.25564e-10    
1.67749e+03    5.96085e-10    
1.70614e+03    5.67989e-10    
1.73528e+03    5.41211e-10    
1.76492e+03    5.15691e-10    
1.79506e+03    4.91369e-10    
1.82572e+03    4.68190e-10    
1.85690e+03    4.46099e-10    
1.88862e+03    4.25047e-10    
1.92088e+03    4.04984e-10    
1.95368e+03    3.85864e-10    
1.98705e+03    3.67644e-10    
2.02099e+03    3.50280e-10    
2.05551e+03    3.33733e-10    
2.09062e+03    3.17965e-10    
2.12632e+03    3.02939e-10    
2.16264e+03    2.88620e-10    
2.19958e+03    2.74975e-10    
2.23715e+03    2.61973e-10    
2.27536e+03    2.49583e-10    
2.31422e+03    2.37777e-10    
2.35374e+03    2.26527e-10    
2.39395e+03    2.15808e-10    
2.43483e+03    2.05594e-10    
2.47642e+03    1.95861e-10    
2.51872e+03    1.86588e-10    
2.56174e+03    1.77752e-10    
2.60549e+03    1.69333e-10    
2.64999e+03    1.61311e-10    
2.69525e+03    1.53667e-10    
2.74129e+03    1.46385e-10    
2.78811e+03    1.39446e-10    
2.83573e+03    1.32835e-10    
2.88416e+03    1.26537e-10    
2.93342e+03    1.20536e-10    
2.98352e+03    1.14818e-10    
3.03448e+03    1.09371e-10    
3.08631e+03    1.04182e-10    
3.13902e+03    9.92372e-11    
3.19264e+03    9.45268e-11    
3.24716e+03    9.00391e-11    
3.30263e+03    8.57637e-11    
3.35903e+03    8.16907e-11    
3.41640e+03    7.78104e-11    
3.47476e+03    7.41138e-11    
3.53410e+03    7.05922e-11    
3.59447e+03    6.72374e-11    
3.65586e+03    6.40415e-11    
3.71830e+03    6.09970e-11    
3.78181e+03    5.80967e-11    
3.84640e+03    5.53339e-11    
3.91209e+03    5.27020e-11    
3.97891e+03    5.01949e-11    
4.04687e+03    4.78067e-11    
4.11599e+03    4.55317e-11    
4.18629e+03    4.33646e-11    
4.25779e+03    4.13004e-11    
4.33051e+03    3.93341e-11    
4.40448e+03    3.74611e-11    
4.47970e+03    3.56770e-11    
4.55622e+03    3.39776e-11    
4.63403e+03    3.23589e-11    
4.71318e+03    3.08170e-11    
4.79368e+03    2.93484e-11    
4.87556e+03    2.79496e-11    
4.95883e+03    2.66173e-11    
5.04353e+03    2.53482e-11    
5.12967e+03    2.41395e-11    
5.21728e+03    2.29882e-11    
5.30639e+03    2.18917e-11    
5.39702e+03    2.08473e-11    
5.48920e+03    1.98526e-11    
5.58296e+03    1.89052e-11    
5.67831e+03    1.80029e-11    
5.77530e+03    1.71435e-11    
5.87394e+03    1.63251e-11    
5.97426e+03    1.55455e-11    
6.07630e+03    1.48031e-11    
6.18008e+03    1.40961e-11    
6.28564e+03    1.34227e-11    
6.39299e+03    1.27814e-11    
6.50218e+03    1.21707e-11    
6.61324e+03    1.15890e-11    
6.72619e+03    1.10351e-11    
6.84107e+03    1.05076e-11    
6.95792e+03    1.00052e-11    
7.07676e+03    9.52675e-12    
7.19762e+03    9.07113e-12    
7.32056e+03    8.63724e-12    
7.44559e+03    8.22405e-12    
7.57276e+03    7.83057e-12    
7.70210e+03    7.45587e-12    
7.83365e+03    7.09904e-12    
7.96745e+03    6.75925e-12    
8.10353e+03    6.43568e-12    
8.24194e+03    6.12755e-12    
8.38271e+03    5.83414e-12    
8.52588e+03    5.55474e-12    
8.67150e+03    5.28869e-12    
8.81961e+03    5.03534e-12    
8.97024e+03    4.79410e-12    
9.12345e+03    4.56438e-12    
9.27928e+03    4.34565e-12    
9.43777e+03    4.13737e-12    
9.59896e+03    3.93904e-12    
9.76291e+03    3.75020e-12    
9.92966e+03    3.57039e-12    
1.00993e+04    3.39918e-12    
1.02717e+04    3.23616e-12    
1.04472e+04    3.08093e-12    
1.06256e+04    2.93314e-12    
1.08071e+04    2.79241e-12    
1.09917e+04    2.65842e-12    
1.11794e+04    2.53084e-12    
1.13704e+04    2.40937e-12    
1.15646e+04    2.29372e-12    
1.17621e+04    2.18361e-12    
1.19630e+04    2.07876e-12    
1.21673e+04    1.97894e-12    
1.23751e+04    1.88390e-12    
1.25865e+04    1.79342e-12    
1.28014e+04    1.70727e-12    
1.30201e+04    1.62525e-12    
1.32425e+04    1.54716e-12    
1.34687e+04    1.47281e-12    
1.36987e+04    1.40203e-12    
1.39327e+04    1.33464e-12    
1.41706e+04    1.27048e-12    
1.44127e+04    1.20940e-12    
1.46588e+04    1.15125e-12    
1.49092e+04    1.09589e-12    
1.51638e+04    1.04319e-12    
1.54228e+04    9.93011e-13    
1.56863e+04    9.45243e-13    
1.59542e+04    8.99768e-13    
1.62267e+04    8.56476e-13    
1.65038e+04    8.15262e-13    
1.67857e+04    7.76027e-13    
1.70724e+04    7.38677e-13    
1.73640e+04    7.03119e-13    
1.76605e+04    6.69270e-13    
1.79622e+04    6.37047e-13    
1.82690e+04    6.06372e-13    
1.85810e+04    5.77170e-13    
1.88984e+04    5.49372e-13    
1.92211e+04    5.22910e-13    
1.95494e+04    4.97720e-13    
1.98833e+04    4.73741e-13    
2.02229e+04    4.50915e-13    
2.05683e+04    4.29186e-13    
2.09196e+04    4.08502e-13    
2.12769e+04    3.88813e-13    
2.16403e+04    3.70071e-13    
2.20100e+04    3.52230e-13    
2.23859e+04    3.35248e-13    
2.27682e+04    3.19083e-13    
2.31571e+04    3.03696e-13    
2.35526e+04    2.89049e-13    
2.39549e+04    2.75107e-13    
2.43640e+04    2.61837e-13    
2.47802e+04    2.49205e-13    
2.52034e+04    2.37182e-13    
2.56339e+04    2.25737e-13    
2.60717e+04    2.14844e-13    
2.65170e+04    2.04475e-13    
2.69699e+04    1.94605e-13    
2.74305e+04    1.85212e-13    
2.78990e+04    1.76270e-13    
2.83755e+04    1.67760e-13    
2.88602e+04    1.59659e-13    
2.93531e+04    1.51950e-13    
2.98544e+04    1.44611e-13    
3.03644e+04    1.37627e-13    
3.08830e+04    1.30979e-13    
3.14104e+04    1.24651e-13    
3.19469e+04    1.18629e-13    
3.24926e+04    1.12897e-13    
3.30475e+04    1.07442e-13    
3.36120e+04    1.02250e-13    
3.41861e+04    9.73078e-14    
3.47699e+04    9.26044e-14    
3.53638e+04    8.81280e-14    
3.59678e+04    8.38675e-14    
3.65821e+04    7.98127e-14    
3.72069e+04    7.59535e-14    
3.78424e+04    7.22807e-14    
3.84888e+04    6.87851e-14    
3.91461e+04    6.54583e-14    
3.98148e+04    6.22921e-14    
4.04948e+04    5.92788e-14    
4.11864e+04    5.64110e-14    
4.18899e+04    5.36817e-14    
4.26053e+04    5.10842e-14    
4.33330e+04    4.86122e-14    
4.40731e+04    4.62596e-14    
4.48259e+04    4.40207e-14    
4.55915e+04    4.18900e-14    
4.63702e+04    3.98622e-14    
4.71622e+04    3.79324e-14    
4.79677e+04    3.60959e-14    
4.87870e+04    3.43482e-14    
4.96203e+04    3.26849e-14    
5.04678e+04    3.11021e-14    
5.13297e+04    2.95958e-14    
5.22064e+04    2.81623e-14    
5.30981e+04    2.67981e-14    
5.40050e+04    2.55000e-14    
5.49274e+04    2.42646e-14    
5.58655e+04    2.30889e-14    
5.68197e+04    2.19702e-14    
5.77902e+04    2.09055e-14    
5.87772e+04    1.98924e-14    
5.97811e+04    1.89283e-14    
6.08022e+04    1.80108e-14    
6.18406e+04    1.71378e-14    
6.28969e+04    1.63070e-14    
6.39711e+04    1.55164e-14    
6.50637e+04    1.47641e-14    
6.61750e+04    1.40482e-14    
6.73053e+04    1.33670e-14    
6.84548e+04    1.27187e-14    
6.96240e+04    1.21019e-14    
7.08132e+04    1.15149e-14    
7.20226e+04    1.09564e-14    
7.32528e+04    1.04249e-14    
7.45039e+04    9.91911e-15    
7.57764e+04    9.43786e-15    
7.70706e+04    8.97993e-15    
7.83870e+04    8.54418e-15    
7.97258e+04    8.12955e-15    
8.10875e+04    7.73501e-15    
8.24725e+04    7.35959e-15    
8.38811e+04    7.00237e-15    
8.53137e+04    6.66246e-15    
8.67709e+04    6.33903e-15    
8.82529e+04    6.03128e-15    
8.97602e+04    5.73845e-15    
9.12933e+04    5.45981e-15    
9.28526e+04    5.19469e-15    
9.44385e+04    4.94243e-15    
9.60515e+04    4.70239e-15    
9.76920e+04    4.47400e-15    
9.93605e+04    4.25669e-15    
1.01058e+05    4.04992e-15    
1.02784e+05    3.85318e-15    
1.04539e+05    3.66599e-15    
1.06325e+05    3.48788e-15    
1.08141e+05    3.31841e-15    
1.09988e+05    3.15716e-15    
1.11866e+05    3.00374e-15    
1.13777e+05    2.85776e-15    
1.15720e+05    2.71887e-15    
1.17697e+05    2.58672e-15    
1.19707e+05    2.46099e-15    
1.21751e+05    2.34136e-15    
1.23831e+05    2.22754e-15    
1.25946e+05    2.11924e-15    
1.28097e+05    2.01621e-15    
1.30285e+05    1.91817e-15    
1.32510e+05    1.82490e-15    
1.34773e+05    1.73616e-15    
1.37075e+05    1.65173e-15    
1.39416e+05    1.57139e-15    
1.41798e+05    1.49497e-15    
1.44219e+05    1.42225e-15    
1.46683e+05    1.35307e-15    
1.49188e+05    1.28724e-15    
1.51736e+05    1.22462e-15    
1.54328e+05    1.16504e-15    
1.56964e+05    1.10835e-15    
1.59644e+05    1.05442e-15    
1.62371e+05    1.00311e-15    
1.65144e+05    9.54299e-16    
1.67965e+05    9.07856e-16    
1.70834e+05    8.63671e-16    
1.73752e+05    8.21634e-16    
1.76719e+05    7.81641e-16    
1.79738e+05    7.43593e-16    
1.82807e+05    7.07394e-16    
1.85930e+05    6.72956e-16    
1.89105e+05    6.40192e-16    
1.92335e+05    6.09022e-16    
1.95620e+05    5.79368e-16    
1.98961e+05    5.51156e-16    
2.02360e+05    5.24316e-16    
2.05816e+05    4.98782e-16    
2.09331e+05    4.74490e-16    
2.12906e+05    4.51380e-16    
2.16543e+05    4.29395e-16    
2.20241e+05    4.08479e-16    
2.24003e+05    3.88581e-16    
2.27829e+05    3.69651e-16    
2.31720e+05    3.51642e-16    
2.35678e+05    3.34510e-16    
2.39703e+05    3.18212e-16    
2.43797e+05    3.02707e-16    
2.47961e+05    2.87956e-16    
2.52196e+05    2.73924e-16    
2.56504e+05    2.60575e-16    
2.60885e+05    2.47875e-16    
2.65341e+05    2.35794e-16    
2.69873e+05    2.24302e-16    
2.74482e+05    2.13369e-16    
2.79170e+05    2.02968e-16    
2.83938e+05    1.93073e-16    
2.88788e+05    1.83661e-16    
2.93720e+05    1.74707e-16    
2.98737e+05    1.66189e-16    
3.03839e+05    1.58086e-16    
3.09029e+05    1.50378e-16    
3.14307e+05    1.43045e-16    
3.19675e+05    1.36070e-16    
3.25135e+05    1.29434e-16    
3.30688e+05    1.23122e-16    
3.36336e+05    1.17117e-16    
3.42081e+05    1.11404e-16    
3.47924e+05    1.05971e-16    
3.53866e+05    1.00801e-16    
3.59910e+05    9.58843e-17    
3.66057e+05    9.12068e-17    
3.72309e+05    8.67572e-17    
3.78668e+05    8.25246e-17    
3.85136e+05    7.84982e-17    
3.91714e+05    7.46681e-17    
3.98404e+05    7.10248e-17    
4.05209e+05    6.75590e-17    
4.12130e+05    6.42622e-17    
4.19169e+05    6.11262e-17    
4.26328e+05    5.81431e-17    
4.33610e+05    5.53054e-17    
4.41015e+05    5.26061e-17    
4.48548e+05    5.00384e-17    
4.56209e+05    4.75960e-17    
4.64001e+05    4.52727e-17    
4.71926e+05    4.30627e-17    
4.79986e+05    4.09604e-17    
4.88184e+05    3.89608e-17    
4.96522e+05    3.70586e-17    
5.05003e+05    3.52493e-17    
5.13628e+05    3.35282e-17    
5.22401e+05    3.18911e-17    
5.31323e+05    3.03339e-17    
5.40398e+05    2.88526e-17    
5.49628e+05    2.74436e-17    
5.59015e+05    2.61034e-17    
5.68563e+05    2.48285e-17    
5.78274e+05    2.36159e-17    
5.88151e+05    2.24625e-17    
5.98196e+05    2.13653e-17    
6.08413e+05    2.03217e-17    
6.18805e+05    1.93291e-17    
6.29374e+05    1.83848e-17    
6.40123e+05    1.74867e-17    
6.51057e+05    1.66324e-17    
6.62177e+05    1.58198e-17    
6.73486e+05    1.50469e-17    
6.84989e+05    1.43118e-17    
6.96689e+05    1.36125e-17    
7.08588e+05    1.29473e-17    
7.20690e+05    1.23147e-17    
7.33000e+05    1.17129e-17    
7.45519e+05    1.11405e-17    
7.58252e+05    1.05961e-17    
7.71203e+05    1.00782e-17    
7.84375e+05    9.58565e-18    
7.97772e+05    9.11715e-18    
8.11398e+05    8.67153e-18    
8.25256e+05    8.24767e-18    
8.39351e+05    7.84452e-18    
8.53687e+05    7.46106e-18    
8.68268e+05    7.09633e-18    
8.83098e+05    6.74942e-18    
8.98181e+05    6.41946e-18    
9.13521e+05    6.10561e-18    
9.29124e+05    5.80710e-18    
9.44993e+05    5.52318e-18    
9.61134e+05    5.25312e-18    
9.77549e+05    4.99627e-18    
9.94246e+05    4.75196e-18    
1.01123e+06    4.51959e-18    
1.02850e+06    4.29858e-18    
1.04607e+06    4.08836e-18    
1.06393e+06    3.88842e-18    
1.08210e+06    3.69826e-18    
1.10059e+06    3.51738e-18    
1.11938e+06    3.34535e-18    
1.13850e+06    3.18173e-18    
1.15795e+06    3.02610e-18    
1.17772e+06    2.87808e-18    
1.19784e+06    2.73730e-18    
1.21830e+06    2.60340e-18    
1.23911e+06    2.47604e-18    
1.26027e+06    2.35491e-18    
1.28180e+06    2.23970e-18    
1.30369e+06    2.13013e-18    
1.32595e+06    2.02591e-18    
1.34860e+06    1.92679e-18    
1.37164e+06    1.83252e-18    
1.39506e+06    1.74285e-18    
1.41889e+06    1.65757e-18    
1.44312e+06    1.57646e-18    
1.46777e+06    1.49932e-18    
1.49284e+06    1.42595e-18    
1.51834e+06    1.35617e-18    
1.54427e+06    1.28980e-18    
1.57065e+06    1.22668e-18    
1.59747e+06    1.16664e-18    
1.62476e+06    1.10954e-18    
1.65251e+06    1.05524e-18    
1.68073e+06    1.00359e-18    
1.70944e+06    9.54465e-19    
1.73864e+06    9.07745e-19    
1.76833e+06    8.63311e-19    
1.79853e+06    8.21051e-19    
1.82925e+06    7.80858e-19    
1.86050e+06    7.42632e-19    
1.89227e+06    7.06276e-19    
1.92459e+06    6.71698e-19    
1.95746e+06    6.38813e-19    
1.99090e+06    6.07537e-19    
2.02490e+06    5.77792e-19    
2.05949e+06    5.49502e-19    
2.09466e+06    5.22596e-19    
2.13044e+06    4.97007e-19    

