# USINE V4.0
# File generated 13-05-2022 11:20:51
# Model1DKisoVc
# O
# SolMod0DFF_phi0_970GV
# R [GV]       TOA [GV m^{2} s sr]^{-1}
9.71391e-02    7.31816e-04    
9.87904e-02    7.69396e-04    
1.00470e-01    8.08897e-04    
1.02178e-01    8.50419e-04    
1.03915e-01    8.94064e-04    
1.05681e-01    9.39939e-04    
1.07478e-01    9.88159e-04    
1.09305e-01    1.03884e-03    
1.11163e-01    1.09211e-03    
1.13053e-01    1.14810e-03    
1.14975e-01    1.20695e-03    
1.16930e-01    1.26880e-03    
1.18917e-01    1.33381e-03    
1.20939e-01    1.40213e-03    
1.22995e-01    1.47393e-03    
1.25086e-01    1.54940e-03    
1.27212e-01    1.62870e-03    
1.29375e-01    1.71205e-03    
1.31574e-01    1.79963e-03    
1.33811e-01    1.89168e-03    
1.36086e-01    1.98840e-03    
1.38399e-01    2.09004e-03    
1.40752e-01    2.19685e-03    
1.43145e-01    2.30909e-03    
1.45578e-01    2.42702e-03    
1.48053e-01    2.55095e-03    
1.50570e-01    2.68116e-03    
1.53130e-01    2.81797e-03    
1.55733e-01    2.96172e-03    
1.58381e-01    3.11275e-03    
1.61073e-01    3.27144e-03    
1.63811e-01    3.43815e-03    
1.66596e-01    3.61331e-03    
1.69428e-01    3.79732e-03    
1.72308e-01    3.99064e-03    
1.75238e-01    4.19372e-03    
1.78217e-01    4.40705e-03    
1.81246e-01    4.63116e-03    
1.84328e-01    4.86657e-03    
1.87461e-01    5.11384e-03    
1.90648e-01    5.37358e-03    
1.93889e-01    5.64640e-03    
1.97185e-01    5.93294e-03    
2.00537e-01    6.23390e-03    
2.03946e-01    6.54991e-03    
2.07414e-01    6.88169e-03    
2.10940e-01    7.22999e-03    
2.14526e-01    7.59561e-03    
2.18172e-01    7.97938e-03    
2.21881e-01    8.38219e-03    
2.25653e-01    8.80493e-03    
2.29489e-01    9.24857e-03    
2.33391e-01    9.71410e-03    
2.37358e-01    1.02026e-02    
2.41394e-01    1.07150e-02    
2.45497e-01    1.12527e-02    
2.49671e-01    1.18166e-02    
2.53915e-01    1.24082e-02    
2.58232e-01    1.30285e-02    
2.62622e-01    1.36791e-02    
2.67086e-01    1.43613e-02    
2.71627e-01    1.50766e-02    
2.76244e-01    1.58264e-02    
2.80940e-01    1.66124e-02    
2.85716e-01    1.74362e-02    
2.90574e-01    1.82996e-02    
2.95513e-01    1.92042e-02    
3.00537e-01    2.01521e-02    
3.05646e-01    2.11450e-02    
3.10842e-01    2.21850e-02    
3.16127e-01    2.32742e-02    
3.21501e-01    2.44147e-02    
3.26966e-01    2.56088e-02    
3.32525e-01    2.68589e-02    
3.38178e-01    2.81672e-02    
3.43927e-01    2.95363e-02    
3.49773e-01    3.09688e-02    
3.55720e-01    3.24673e-02    
3.61767e-01    3.40346e-02    
3.67917e-01    3.56736e-02    
3.74171e-01    3.73872e-02    
3.80532e-01    3.91785e-02    
3.87001e-01    4.10504e-02    
3.93580e-01    4.30064e-02    
4.00271e-01    4.50497e-02    
4.07076e-01    4.71837e-02    
4.13996e-01    4.94118e-02    
4.21034e-01    5.17378e-02    
4.28192e-01    5.41653e-02    
4.35471e-01    5.66981e-02    
4.42874e-01    5.93400e-02    
4.50403e-01    6.20950e-02    
4.58060e-01    6.49671e-02    
4.65847e-01    6.79604e-02    
4.73766e-01    7.10791e-02    
4.81820e-01    7.43274e-02    
4.90011e-01    7.77097e-02    
4.98341e-01    8.12303e-02    
5.06813e-01    8.48936e-02    
5.15429e-01    8.87040e-02    
5.24191e-01    9.26662e-02    
5.33102e-01    9.67844e-02    
5.42165e-01    1.01063e-01    
5.51382e-01    1.05508e-01    
5.60756e-01    1.10121e-01    
5.70288e-01    1.14909e-01    
5.79983e-01    1.19876e-01    
5.89843e-01    1.25025e-01    
5.99870e-01    1.30362e-01    
6.10068e-01    1.35891e-01    
6.20439e-01    1.41615e-01    
6.30987e-01    1.47538e-01    
6.41714e-01    1.53665e-01    
6.52623e-01    1.59999e-01    
6.63717e-01    1.66543e-01    
6.75000e-01    1.73301e-01    
6.86475e-01    1.80276e-01    
6.98146e-01    1.87470e-01    
7.10014e-01    1.94886e-01    
7.22084e-01    2.02525e-01    
7.34360e-01    2.10390e-01    
7.46844e-01    2.18482e-01    
7.59540e-01    2.26801e-01    
7.72452e-01    2.35348e-01    
7.85584e-01    2.44124e-01    
7.98939e-01    2.53127e-01    
8.12521e-01    2.62356e-01    
8.26334e-01    2.71810e-01    
8.40382e-01    2.81486e-01    
8.54668e-01    2.91382e-01    
8.69197e-01    3.01493e-01    
8.83974e-01    3.11817e-01    
8.99001e-01    3.22346e-01    
9.14284e-01    3.33077e-01    
9.29827e-01    3.44002e-01    
9.45634e-01    3.55114e-01    
9.61710e-01    3.66406e-01    
9.78059e-01    3.77867e-01    
9.94686e-01    3.89489e-01    
1.01160e+00    4.01261e-01    
1.02879e+00    4.13171e-01    
1.04628e+00    4.25209e-01    
1.06407e+00    4.37359e-01    
1.08216e+00    4.49610e-01    
1.10056e+00    4.61945e-01    
1.11926e+00    4.74351e-01    
1.13829e+00    4.86810e-01    
1.15764e+00    4.99307e-01    
1.17732e+00    5.11822e-01    
1.19734e+00    5.24340e-01    
1.21769e+00    5.36840e-01    
1.23839e+00    5.49303e-01    
1.25945e+00    5.61711e-01    
1.28086e+00    5.74042e-01    
1.30263e+00    5.86276e-01    
1.32478e+00    5.98392e-01    
1.34730e+00    6.10370e-01    
1.37020e+00    6.22188e-01    
1.39349e+00    6.33825e-01    
1.41718e+00    6.45260e-01    
1.44128e+00    6.56472e-01    
1.46578e+00    6.67440e-01    
1.49070e+00    6.78143e-01    
1.51604e+00    6.88561e-01    
1.54181e+00    6.98675e-01    
1.56802e+00    7.08464e-01    
1.59468e+00    7.17910e-01    
1.62179e+00    7.26995e-01    
1.64936e+00    7.35702e-01    
1.67740e+00    7.44014e-01    
1.70591e+00    7.51915e-01    
1.73491e+00    7.59391e-01    
1.76441e+00    7.66429e-01    
1.79440e+00    7.73015e-01    
1.82491e+00    7.79139e-01    
1.85593e+00    7.84790e-01    
1.88748e+00    7.89960e-01    
1.91957e+00    7.94641e-01    
1.95220e+00    7.98827e-01    
1.98539e+00    8.02513e-01    
2.01914e+00    8.05696e-01    
2.05346e+00    8.08373e-01    
2.08837e+00    8.10544e-01    
2.12388e+00    8.12209e-01    
2.15998e+00    8.13369e-01    
2.19670e+00    8.14029e-01    
2.23405e+00    8.14192e-01    
2.27202e+00    8.13863e-01    
2.31065e+00    8.13048e-01    
2.34993e+00    8.11754e-01    
2.38988e+00    8.09990e-01    
2.43051e+00    8.07763e-01    
2.47183e+00    8.05082e-01    
2.51385e+00    8.01957e-01    
2.55658e+00    7.98397e-01    
2.60004e+00    7.94411e-01    
2.64424e+00    7.90010e-01    
2.68920e+00    7.85201e-01    
2.73491e+00    7.79993e-01    
2.78141e+00    7.74394e-01    
2.82869e+00    7.68410e-01    
2.87678e+00    7.62046e-01    
2.92568e+00    7.55306e-01    
2.97542e+00    7.48192e-01    
3.02600e+00    7.40705e-01    
3.07744e+00    7.32843e-01    
3.12976e+00    7.24605e-01    
3.18297e+00    7.15988e-01    
3.23708e+00    7.06991e-01    
3.29211e+00    6.97616e-01    
3.34807e+00    6.87867e-01    
3.40499e+00    6.77754e-01    
3.46288e+00    6.67297e-01    
3.52174e+00    6.56519e-01    
3.58161e+00    6.45454e-01    
3.64250e+00    6.34139e-01    
3.70442e+00    6.22615e-01    
3.76740e+00    6.10924e-01    
3.83145e+00    5.99106e-01    
3.89658e+00    5.87199e-01    
3.96282e+00    5.75235e-01    
4.03019e+00    5.63244e-01    
4.09870e+00    5.51251e-01    
4.16838e+00    5.39278e-01    
4.23924e+00    5.27344e-01    
4.31131e+00    5.15464e-01    
4.38460e+00    5.03654e-01    
4.45914e+00    4.91924e-01    
4.53495e+00    4.80287e-01    
4.61204e+00    4.68751e-01    
4.69045e+00    4.57325e-01    
4.77018e+00    4.46017e-01    
4.85128e+00    4.34834e-01    
4.93375e+00    4.23783e-01    
5.01762e+00    4.12870e-01    
5.10292e+00    4.02101e-01    
5.18967e+00    3.91480e-01    
5.27790e+00    3.81012e-01    
5.36762e+00    3.70702e-01    
5.45887e+00    3.60553e-01    
5.55167e+00    3.50570e-01    
5.64605e+00    3.40754e-01    
5.74203e+00    3.31110e-01    
5.83965e+00    3.21640e-01    
5.93892e+00    3.12345e-01    
6.03988e+00    3.03229e-01    
6.14256e+00    2.94292e-01    
6.24698e+00    2.85535e-01    
6.35318e+00    2.76961e-01    
6.46119e+00    2.68569e-01    
6.57103e+00    2.60360e-01    
6.68274e+00    2.52335e-01    
6.79634e+00    2.44492e-01    
6.91188e+00    2.36833e-01    
7.02938e+00    2.29356e-01    
7.14888e+00    2.22061e-01    
7.27041e+00    2.14947e-01    
7.39401e+00    2.08012e-01    
7.51971e+00    2.01255e-01    
7.64754e+00    1.94675e-01    
7.77755e+00    1.88269e-01    
7.90977e+00    1.82036e-01    
8.04424e+00    1.75974e-01    
8.18099e+00    1.70081e-01    
8.32007e+00    1.64353e-01    
8.46151e+00    1.58789e-01    
8.60535e+00    1.53386e-01    
8.75164e+00    1.48141e-01    
8.90042e+00    1.43052e-01    
9.05173e+00    1.38115e-01    
9.20561e+00    1.33327e-01    
9.36210e+00    1.28685e-01    
9.52126e+00    1.24185e-01    
9.68312e+00    1.19826e-01    
9.84773e+00    1.15603e-01    
1.00151e+01    1.11513e-01    
1.01854e+01    1.07552e-01    
1.03586e+01    1.03718e-01    
1.05347e+01    1.00007e-01    
1.07137e+01    9.64158e-02    
1.08959e+01    9.29412e-02    
1.10811e+01    8.95800e-02    
1.12695e+01    8.63293e-02    
1.14611e+01    8.31858e-02    
1.16559e+01    8.01466e-02    
1.18541e+01    7.72088e-02    
1.20556e+01    7.43695e-02    
1.22605e+01    7.16258e-02    
1.24689e+01    6.89751e-02    
1.26809e+01    6.64146e-02    
1.28965e+01    6.39417e-02    
1.31157e+01    6.15538e-02    
1.33387e+01    5.92482e-02    
1.35655e+01    5.70225e-02    
1.37961e+01    5.48741e-02    
1.40306e+01    5.28009e-02    
1.42691e+01    5.08004e-02    
1.45117e+01    4.88706e-02    
1.47584e+01    4.70090e-02    
1.50093e+01    4.52137e-02    
1.52645e+01    4.34824e-02    
1.55239e+01    4.18132e-02    
1.57879e+01    4.02041e-02    
1.60562e+01    3.86530e-02    
1.63292e+01    3.71582e-02    
1.66068e+01    3.57178e-02    
1.68891e+01    3.43299e-02    
1.71762e+01    3.29930e-02    
1.74682e+01    3.17051e-02    
1.77652e+01    3.04648e-02    
1.80672e+01    2.92704e-02    
1.83743e+01    2.81203e-02    
1.86867e+01    2.70131e-02    
1.90044e+01    2.59473e-02    
1.93275e+01    2.49214e-02    
1.96560e+01    2.39340e-02    
1.99902e+01    2.29839e-02    
2.03300e+01    2.20698e-02    
2.06756e+01    2.11902e-02    
2.10271e+01    2.03442e-02    
2.13846e+01    1.95304e-02    
2.17481e+01    1.87477e-02    
2.21178e+01    1.79950e-02    
2.24938e+01    1.72712e-02    
2.28762e+01    1.65754e-02    
2.32651e+01    1.59064e-02    
2.36606e+01    1.52633e-02    
2.40628e+01    1.46451e-02    
2.44719e+01    1.40511e-02    
2.48879e+01    1.34801e-02    
2.53110e+01    1.29315e-02    
2.57413e+01    1.24044e-02    
2.61789e+01    1.18980e-02    
2.66240e+01    1.14114e-02    
2.70766e+01    1.09441e-02    
2.75369e+01    1.04953e-02    
2.80050e+01    1.00642e-02    
2.84811e+01    9.65017e-03    
2.89653e+01    9.25264e-03    
2.94577e+01    8.87094e-03    
2.99585e+01    8.50448e-03    
3.04678e+01    8.15266e-03    
3.09857e+01    7.81494e-03    
3.15125e+01    7.49078e-03    
3.20482e+01    7.17964e-03    
3.25930e+01    6.88104e-03    
3.31471e+01    6.59449e-03    
3.37106e+01    6.31953e-03    
3.42837e+01    6.05569e-03    
3.48665e+01    5.80256e-03    
3.54592e+01    5.55971e-03    
3.60620e+01    5.32674e-03    
3.66751e+01    5.10327e-03    
3.72985e+01    4.88893e-03    
3.79326e+01    4.68334e-03    
3.85775e+01    4.48618e-03    
3.92333e+01    4.29710e-03    
3.99003e+01    4.11579e-03    
4.05786e+01    3.94194e-03    
4.12684e+01    3.77525e-03    
4.19700e+01    3.61544e-03    
4.26835e+01    3.46223e-03    
4.34091e+01    3.31536e-03    
4.41470e+01    3.17458e-03    
4.48975e+01    3.03963e-03    
4.56608e+01    2.91029e-03    
4.64370e+01    2.78633e-03    
4.72265e+01    2.66754e-03    
4.80293e+01    2.55370e-03    
4.88458e+01    2.44461e-03    
4.96762e+01    2.34009e-03    
5.05207e+01    2.23994e-03    
5.13795e+01    2.14399e-03    
5.22530e+01    2.05206e-03    
5.31413e+01    1.96400e-03    
5.40447e+01    1.87964e-03    
5.49634e+01    1.79883e-03    
5.58978e+01    1.72144e-03    
5.68481e+01    1.64730e-03    
5.78145e+01    1.57630e-03    
5.87974e+01    1.50831e-03    
5.97969e+01    1.44319e-03    
6.08135e+01    1.38084e-03    
6.18473e+01    1.32113e-03    
6.28987e+01    1.26395e-03    
6.39680e+01    1.20921e-03    
6.50554e+01    1.15680e-03    
6.61614e+01    1.10662e-03    
6.72861e+01    1.05859e-03    
6.84300e+01    1.01260e-03    
6.95933e+01    9.68581e-04    
7.07764e+01    9.26443e-04    
7.19796e+01    8.86110e-04    
7.32032e+01    8.47506e-04    
7.44477e+01    8.10558e-04    
7.57133e+01    7.75196e-04    
7.70004e+01    7.41355e-04    
7.83094e+01    7.08969e-04    
7.96407e+01    6.77978e-04    
8.09946e+01    6.48322e-04    
8.23715e+01    6.19945e-04    
8.37718e+01    5.92794e-04    
8.51959e+01    5.66815e-04    
8.66443e+01    5.41960e-04    
8.81172e+01    5.18181e-04    
8.96152e+01    4.95432e-04    
9.11387e+01    4.73668e-04    
9.26880e+01    4.52850e-04    
9.42637e+01    4.32935e-04    
9.58662e+01    4.13885e-04    
9.74959e+01    3.95664e-04    
9.91534e+01    3.78236e-04    
1.00839e+02    3.61568e-04    
1.02553e+02    3.45626e-04    
1.04297e+02    3.30379e-04    
1.06070e+02    3.15798e-04    
1.07873e+02    3.01854e-04    
1.09707e+02    2.88520e-04    
1.11572e+02    2.75770e-04    
1.13468e+02    2.63578e-04    
1.15397e+02    2.51920e-04    
1.17359e+02    2.40774e-04    
1.19354e+02    2.30117e-04    
1.21383e+02    2.19928e-04    
1.23447e+02    2.10187e-04    
1.25545e+02    2.00874e-04    
1.27680e+02    1.91971e-04    
1.29850e+02    1.83461e-04    
1.32058e+02    1.75326e-04    
1.34303e+02    1.67550e-04    
1.36586e+02    1.60117e-04    
1.38908e+02    1.53013e-04    
1.41269e+02    1.46222e-04    
1.43671e+02    1.39733e-04    
1.46113e+02    1.33530e-04    
1.48597e+02    1.27603e-04    
1.51123e+02    1.21939e-04    
1.53692e+02    1.16525e-04    
1.56305e+02    1.11353e-04    
1.58962e+02    1.06410e-04    
1.61665e+02    1.01687e-04    
1.64413e+02    9.71741e-05    
1.67208e+02    9.28623e-05    
1.70051e+02    8.87426e-05    
1.72941e+02    8.48067e-05    
1.75881e+02    8.10463e-05    
1.78871e+02    7.74538e-05    
1.81912e+02    7.40218e-05    
1.85005e+02    7.07432e-05    
1.88150e+02    6.76111e-05    
1.91348e+02    6.46192e-05    
1.94601e+02    6.17611e-05    
1.97910e+02    5.90309e-05    
2.01274e+02    5.64229e-05    
2.04696e+02    5.39317e-05    
2.08175e+02    5.15521e-05    
2.11714e+02    4.92790e-05    
2.15314e+02    4.71077e-05    
2.18974e+02    4.50336e-05    
2.22697e+02    4.30524e-05    
2.26482e+02    4.11598e-05    
2.30333e+02    3.93519e-05    
2.34248e+02    3.76248e-05    
2.38230e+02    3.59749e-05    
2.42280e+02    3.43986e-05    
2.46399e+02    3.28927e-05    
2.50588e+02    3.14539e-05    
2.54848e+02    3.00793e-05    
2.59180e+02    2.87658e-05    
2.63586e+02    2.75107e-05    
2.68067e+02    2.63113e-05    
2.72625e+02    2.51652e-05    
2.77259e+02    2.40698e-05    
2.81973e+02    2.30229e-05    
2.86766e+02    2.20223e-05    
2.91641e+02    2.10658e-05    
2.96599e+02    2.01516e-05    
3.01641e+02    1.92775e-05    
3.06769e+02    1.84420e-05    
3.11984e+02    1.76431e-05    
3.17288e+02    1.68793e-05    
3.22682e+02    1.61489e-05    
3.28167e+02    1.54505e-05    
3.33746e+02    1.47826e-05    
3.39420e+02    1.41439e-05    
3.45190e+02    1.35330e-05    
3.51058e+02    1.29488e-05    
3.57026e+02    1.23900e-05    
3.63096e+02    1.18555e-05    
3.69268e+02    1.13442e-05    
3.75546e+02    1.08551e-05    
3.81930e+02    1.03872e-05    
3.88423e+02    9.93957e-06    
3.95026e+02    9.51133e-06    
4.01742e+02    9.10163e-06    
4.08571e+02    8.70964e-06    
4.15517e+02    8.33460e-06    
4.22581e+02    7.97575e-06    
4.29765e+02    7.63240e-06    
4.37071e+02    7.30386e-06    
4.44501e+02    6.98949e-06    
4.52057e+02    6.68867e-06    
4.59742e+02    6.40082e-06    
4.67558e+02    6.12537e-06    
4.75507e+02    5.86179e-06    
4.83590e+02    5.60955e-06    
4.91811e+02    5.36817e-06    
5.00172e+02    5.13718e-06    
5.08675e+02    4.91613e-06    
5.17322e+02    4.70458e-06    
5.26117e+02    4.50214e-06    
5.35061e+02    4.30840e-06    
5.44157e+02    4.12299e-06    
5.53408e+02    3.94556e-06    
5.62816e+02    3.77575e-06    
5.72383e+02    3.61325e-06    
5.82114e+02    3.45773e-06    
5.92010e+02    3.30889e-06    
6.02074e+02    3.16646e-06    
6.12309e+02    3.03014e-06    
6.22719e+02    2.89969e-06    
6.33305e+02    2.77484e-06    
6.44071e+02    2.65536e-06    
6.55020e+02    2.54102e-06    
6.66156e+02    2.43159e-06    
6.77480e+02    2.32686e-06    
6.88997e+02    2.22664e-06    
7.00710e+02    2.13072e-06    
7.12622e+02    2.03893e-06    
7.24737e+02    1.95109e-06    
7.37058e+02    1.86702e-06    
7.49588e+02    1.78657e-06    
7.62331e+02    1.70958e-06    
7.75290e+02    1.63590e-06    
7.88470e+02    1.56539e-06    
8.01874e+02    1.49791e-06    
8.15506e+02    1.43334e-06    
8.29370e+02    1.37154e-06    
8.43469e+02    1.31240e-06    
8.57808e+02    1.25581e-06    
8.72391e+02    1.20165e-06    
8.87221e+02    1.14982e-06    
9.02304e+02    1.10023e-06    
9.17643e+02    1.05277e-06    
9.33243e+02    1.00735e-06    
9.49108e+02    9.63887e-07    
9.65243e+02    9.22295e-07    
9.81652e+02    8.82495e-07    
9.98340e+02    8.44409e-07    
1.01531e+03    8.07963e-07    
1.03257e+03    7.73088e-07    
1.05013e+03    7.39714e-07    
1.06798e+03    7.07779e-07    
1.08613e+03    6.77219e-07    
1.10460e+03    6.47977e-07    
1.12338e+03    6.19994e-07    
1.14247e+03    5.93218e-07    
1.16190e+03    5.67596e-07    
1.18165e+03    5.43078e-07    
1.20174e+03    5.19618e-07    
1.22217e+03    4.97168e-07    
1.24294e+03    4.75687e-07    
1.26407e+03    4.55133e-07    
1.28556e+03    4.35465e-07    
1.30742e+03    4.16645e-07    
1.32964e+03    3.98637e-07    
1.35225e+03    3.81406e-07    
1.37523e+03    3.64919e-07    
1.39861e+03    3.49142e-07    
1.42239e+03    3.34047e-07    
1.44657e+03    3.19603e-07    
1.47116e+03    3.05783e-07    
1.49617e+03    2.92559e-07    
1.52161e+03    2.79906e-07    
1.54747e+03    2.67799e-07    
1.57378e+03    2.56215e-07    
1.60054e+03    2.45132e-07    
1.62775e+03    2.34527e-07    
1.65542e+03    2.24380e-07    
1.68356e+03    2.14671e-07    
1.71218e+03    2.05382e-07    
1.74129e+03    1.96493e-07    
1.77089e+03    1.87989e-07    
1.80099e+03    1.79853e-07    
1.83161e+03    1.72068e-07    
1.86275e+03    1.64619e-07    
1.89441e+03    1.57493e-07    
1.92662e+03    1.50674e-07    
1.95937e+03    1.44150e-07    
1.99268e+03    1.37908e-07    
2.02656e+03    1.31936e-07    
2.06101e+03    1.26222e-07    
2.09605e+03    1.20756e-07    
2.13168e+03    1.15525e-07    
2.16792e+03    1.10521e-07    
2.20477e+03    1.05733e-07    
2.24225e+03    1.01153e-07    
2.28037e+03    9.67704e-08    
2.31914e+03    9.25775e-08    
2.35856e+03    8.85661e-08    
2.39866e+03    8.47282e-08    
2.43944e+03    8.10563e-08    
2.48091e+03    7.75434e-08    
2.52308e+03    7.41825e-08    
2.56597e+03    7.09670e-08    
2.60960e+03    6.78908e-08    
2.65396e+03    6.49477e-08    
2.69908e+03    6.21320e-08    
2.74496e+03    5.94382e-08    
2.79162e+03    5.68610e-08    
2.83908e+03    5.43954e-08    
2.88735e+03    5.20366e-08    
2.93643e+03    4.97799e-08    
2.98635e+03    4.76210e-08    
3.03712e+03    4.55556e-08    
3.08875e+03    4.35796e-08    
3.14126e+03    4.16892e-08    
3.19466e+03    3.98808e-08    
3.24897e+03    3.81506e-08    
3.30420e+03    3.64955e-08    
3.36037e+03    3.49120e-08    
3.41750e+03    3.33972e-08    
3.47560e+03    3.19480e-08    
3.53468e+03    3.05616e-08    
3.59477e+03    2.92353e-08    
3.65588e+03    2.79665e-08    
3.71803e+03    2.67527e-08    
3.78124e+03    2.55915e-08    
3.84552e+03    2.44806e-08    
3.91090e+03    2.34179e-08    
3.97738e+03    2.24013e-08    
4.04500e+03    2.14288e-08    
4.11376e+03    2.04984e-08    
4.18369e+03    1.96084e-08    
4.25482e+03    1.87570e-08    
4.32715e+03    1.79425e-08    
4.40071e+03    1.71633e-08    
4.47552e+03    1.64179e-08    
4.55161e+03    1.57049e-08    
4.62898e+03    1.50228e-08    
4.70768e+03    1.43703e-08    
4.78771e+03    1.37461e-08    
4.86910e+03    1.31489e-08    
4.95187e+03    1.25777e-08    
5.03606e+03    1.20313e-08    
5.12167e+03    1.15086e-08    
5.20874e+03    1.10086e-08    
5.29729e+03    1.05302e-08    
5.38734e+03    1.00727e-08    
5.47892e+03    9.63497e-09    
5.57207e+03    9.21626e-09    
5.66679e+03    8.81574e-09    
5.76313e+03    8.43260e-09    
5.86110e+03    8.06609e-09    
5.96074e+03    7.71550e-09    
6.06207e+03    7.38013e-09    
6.16513e+03    7.05932e-09    
6.26993e+03    6.75244e-09    
6.37652e+03    6.45889e-09    
6.48492e+03    6.17809e-09    
6.59517e+03    5.90949e-09    
6.70729e+03    5.65255e-09    
6.82131e+03    5.40677e-09    
6.93727e+03    5.17166e-09    
7.05521e+03    4.94677e-09    
7.17514e+03    4.73165e-09    
7.29712e+03    4.52588e-09    
7.42117e+03    4.32905e-09    
7.54733e+03    4.14076e-09    
7.67564e+03    3.96066e-09    
7.80612e+03    3.78839e-09    
7.93883e+03    3.62360e-09    
8.07379e+03    3.46597e-09    
8.21104e+03    3.31519e-09    
8.35063e+03    3.17097e-09    
8.49259e+03    3.03302e-09    
8.63697e+03    2.90106e-09    
8.78379e+03    2.77483e-09    
8.93312e+03    2.65410e-09    
9.08498e+03    2.53861e-09    
9.23943e+03    2.42814e-09    
9.39650e+03    2.32248e-09    
9.55624e+03    2.22141e-09    
9.71869e+03    2.12473e-09    
9.88391e+03    2.03226e-09    
1.00519e+04    1.94381e-09    
1.02228e+04    1.85920e-09    
1.03966e+04    1.77828e-09    
1.05734e+04    1.70087e-09    
1.07531e+04    1.62683e-09    
1.09359e+04    1.55601e-09    
1.11218e+04    1.48828e-09    
1.13109e+04    1.42348e-09    
1.15032e+04    1.36151e-09    
1.16987e+04    1.30223e-09    
1.18976e+04    1.24553e-09    
1.20999e+04    1.19130e-09    
1.23056e+04    1.13942e-09    
1.25148e+04    1.08981e-09    
1.27275e+04    1.04235e-09    
1.29439e+04    9.96958e-10    
1.31639e+04    9.53541e-10    
1.33877e+04    9.12012e-10    
1.36153e+04    8.72292e-10    
1.38468e+04    8.34299e-10    
1.40821e+04    7.97960e-10    
1.43215e+04    7.63203e-10    
1.45650e+04    7.29958e-10    
1.48126e+04    6.98161e-10    
1.50644e+04    6.67747e-10    
1.53205e+04    6.38658e-10    
1.55810e+04    6.10834e-10    
1.58459e+04    5.84222e-10    
1.61152e+04    5.58769e-10    
1.63892e+04    5.34423e-10    
1.66678e+04    5.11138e-10    
1.69512e+04    4.88866e-10    
1.72393e+04    4.67564e-10    
1.75324e+04    4.47190e-10    
1.78305e+04    4.27703e-10    
1.81336e+04    4.09064e-10    
1.84418e+04    3.91237e-10    
1.87554e+04    3.74187e-10    
1.90742e+04    3.57878e-10    
1.93985e+04    3.42281e-10    
1.97282e+04    3.27362e-10    
2.00636e+04    3.13094e-10    
2.04047e+04    2.99446e-10    
2.07516e+04    2.86394e-10    
2.11043e+04    2.73909e-10    
2.14631e+04    2.61969e-10    
2.18280e+04    2.50549e-10    
2.21991e+04    2.39626e-10    
2.25765e+04    2.29179e-10    
2.29603e+04    2.19188e-10    
2.33506e+04    2.09631e-10    
2.37475e+04    2.00491e-10    
2.41512e+04    1.91750e-10    
2.45618e+04    1.83389e-10    
2.49794e+04    1.75392e-10    
2.54040e+04    1.67744e-10    
2.58359e+04    1.60429e-10    
2.62751e+04    1.53433e-10    
2.67218e+04    1.46742e-10    
2.71760e+04    1.40343e-10    
2.76380e+04    1.34222e-10    
2.81079e+04    1.28368e-10    
2.85857e+04    1.22770e-10    
2.90717e+04    1.17415e-10    
2.95659e+04    1.12294e-10    
3.00685e+04    1.07396e-10    
3.05797e+04    1.02711e-10    
3.10995e+04    9.82308e-11    
3.16282e+04    9.39458e-11    
3.21659e+04    8.98476e-11    
3.27127e+04    8.59281e-11    
3.32688e+04    8.21795e-11    
3.38344e+04    7.85943e-11    
3.44096e+04    7.51654e-11    
3.49946e+04    7.18861e-11    
3.55895e+04    6.87497e-11    
3.61945e+04    6.57501e-11    
3.68098e+04    6.28812e-11    
3.74356e+04    6.01375e-11    
3.80720e+04    5.75135e-11    
3.87192e+04    5.50038e-11    
3.93774e+04    5.26037e-11    
4.00468e+04    5.03081e-11    
4.07276e+04    4.81128e-11    
4.14200e+04    4.60131e-11    
4.21242e+04    4.40051e-11    
4.28403e+04    4.20846e-11    
4.35685e+04    4.02479e-11    
4.43092e+04    3.84913e-11    
4.50625e+04    3.68113e-11    
4.58285e+04    3.52046e-11    
4.66076e+04    3.36680e-11    
4.73999e+04    3.21985e-11    
4.82057e+04    3.07930e-11    
4.90252e+04    2.94489e-11    
4.98587e+04    2.81634e-11    
5.07063e+04    2.69340e-11    
5.15683e+04    2.57582e-11    
5.24449e+04    2.46337e-11    
5.33365e+04    2.35583e-11    
5.42432e+04    2.25298e-11    
5.51654e+04    2.15462e-11    
5.61032e+04    2.06056e-11    
5.70569e+04    1.97059e-11    
5.80269e+04    1.88455e-11    
5.90134e+04    1.80227e-11    
6.00166e+04    1.72358e-11    
6.10369e+04    1.64832e-11    
6.20745e+04    1.57635e-11    
6.31298e+04    1.50751e-11    
6.42030e+04    1.44169e-11    
6.52944e+04    1.37873e-11    
6.64044e+04    1.31852e-11    
6.75333e+04    1.26094e-11    
6.86814e+04    1.20588e-11    
6.98489e+04    1.15322e-11    
7.10364e+04    1.10285e-11    
7.22440e+04    1.05469e-11    
7.34722e+04    1.00862e-11    
7.47212e+04    9.64573e-12    
7.59914e+04    9.22444e-12    
7.72833e+04    8.82154e-12    
7.85971e+04    8.43624e-12    
7.99333e+04    8.06775e-12    
8.12921e+04    7.71535e-12    
8.26741e+04    7.37834e-12    
8.40796e+04    7.05605e-12    
8.55089e+04    6.74782e-12    
8.69626e+04    6.45305e-12    
8.84409e+04    6.17116e-12    
8.99444e+04    5.90157e-12    
9.14735e+04    5.64376e-12    
9.30285e+04    5.39720e-12    
9.46100e+04    5.16141e-12    
9.62184e+04    4.93591e-12    
9.78541e+04    4.72027e-12    
9.95176e+04    4.51404e-12    
1.01209e+05    4.31682e-12    
1.02930e+05    4.12821e-12    
1.04680e+05    3.94784e-12    
1.06459e+05    3.77534e-12    
1.08269e+05    3.61038e-12    
1.10110e+05    3.45262e-12    
1.11982e+05    3.30176e-12    
1.13885e+05    3.15748e-12    
1.15821e+05    3.01951e-12    
1.17790e+05    2.88756e-12    
1.19793e+05    2.76138e-12    
1.21829e+05    2.64071e-12    
1.23900e+05    2.52531e-12    
1.26007e+05    2.41495e-12    
1.28149e+05    2.30941e-12    
1.30327e+05    2.20848e-12    
1.32543e+05    2.11196e-12    
1.34796e+05    2.01966e-12    
1.37088e+05    1.93139e-12    
1.39418e+05    1.84698e-12    
1.41788e+05    1.76625e-12    
1.44199e+05    1.68905e-12    
1.46650e+05    1.61523e-12    
1.49143e+05    1.54463e-12    
1.51678e+05    1.47711e-12    
1.54257e+05    1.41255e-12    
1.56879e+05    1.35080e-12    
1.59546e+05    1.29176e-12    
1.62259e+05    1.23529e-12    
1.65017e+05    1.18129e-12    
1.67822e+05    1.12965e-12    
1.70675e+05    1.08027e-12    
1.73577e+05    1.03304e-12    
1.76528e+05    9.87884e-13    
1.79529e+05    9.44697e-13    
1.82581e+05    9.03397e-13    
1.85684e+05    8.63902e-13    
1.88841e+05    8.26133e-13    
1.92051e+05    7.90014e-13    
1.95316e+05    7.55475e-13    
1.98637e+05    7.22445e-13    
2.02013e+05    6.90858e-13    
2.05448e+05    6.60652e-13    
2.08940e+05    6.31766e-13    
2.12492e+05    6.04143e-13    
2.16105e+05    5.77727e-13    
2.19778e+05    5.52466e-13    
2.23515e+05    5.28309e-13    
2.27314e+05    5.05208e-13    
2.31179e+05    4.83117e-13    
2.35109e+05    4.61991e-13    
2.39106e+05    4.41789e-13    
2.43170e+05    4.22470e-13    
2.47304e+05    4.03996e-13    
2.51508e+05    3.86329e-13    
2.55784e+05    3.69434e-13    
2.60132e+05    3.53279e-13    
2.64555e+05    3.37829e-13    
2.69052e+05    3.23055e-13    
2.73626e+05    3.08926e-13    
2.78278e+05    2.95416e-13    
2.83008e+05    2.82496e-13    
2.87820e+05    2.70141e-13    
2.92712e+05    2.58326e-13    
2.97689e+05    2.47028e-13    
3.02749e+05    2.36224e-13    
3.07896e+05    2.25892e-13    
3.13130e+05    2.16012e-13    
3.18454e+05    2.06564e-13    
3.23867e+05    1.97529e-13    
3.29373e+05    1.88889e-13    
3.34972e+05    1.80627e-13    
3.40667e+05    1.72726e-13    
3.46458e+05    1.65171e-13    
3.52348e+05    1.57946e-13    
3.58338e+05    1.51037e-13    
3.64430e+05    1.44430e-13    
3.70625e+05    1.38112e-13    
3.76926e+05    1.32070e-13    
3.83333e+05    1.26293e-13    
3.89850e+05    1.20768e-13    
3.96477e+05    1.15485e-13    
4.03218e+05    1.10433e-13    
4.10072e+05    1.05602e-13    
4.17044e+05    1.00982e-13    
4.24133e+05    9.65642e-14    
4.31344e+05    9.23396e-14    
4.38676e+05    8.82998e-14    
4.46134e+05    8.44367e-14    
4.53718e+05    8.07426e-14    
4.61431e+05    7.72100e-14    
4.69276e+05    7.38320e-14    
4.77253e+05    7.06017e-14    
4.85367e+05    6.75127e-14    
4.93618e+05    6.45588e-14    
5.02009e+05    6.17341e-14    
5.10544e+05    5.90330e-14    
5.19223e+05    5.64500e-14    
5.28050e+05    5.39801e-14    
5.37027e+05    5.16181e-14    
5.46156e+05    4.93595e-14    
5.55441e+05    4.71997e-14    
5.64883e+05    4.51344e-14    
5.74486e+05    4.31595e-14    
5.84252e+05    4.12709e-14    
5.94185e+05    3.94649e-14    
6.04286e+05    3.77380e-14    
6.14559e+05    3.60866e-14    
6.25006e+05    3.45075e-14    
6.35631e+05    3.29974e-14    
6.46437e+05    3.15534e-14    
6.57427e+05    3.01726e-14    
6.68603e+05    2.88522e-14    
6.79969e+05    2.75895e-14    
6.91529e+05    2.63821e-14    
7.03284e+05    2.52276e-14    
7.15240e+05    2.41235e-14    
7.27399e+05    2.30678e-14    
7.39765e+05    2.20582e-14    
7.52341e+05    2.10929e-14    
7.65131e+05    2.01697e-14    
7.78138e+05    1.92870e-14    
7.91367e+05    1.84429e-14    
8.04820e+05    1.76357e-14    
8.18502e+05    1.68638e-14    
8.32416e+05    1.61257e-14    
8.46567e+05    1.54199e-14    
8.60959e+05    1.47450e-14    
8.75595e+05    1.40996e-14    
8.90481e+05    1.34825e-14    
9.05619e+05    1.28924e-14    
9.21014e+05    1.23281e-14    
9.36672e+05    1.17885e-14    
9.52595e+05    1.12725e-14    
9.68789e+05    1.07791e-14    
9.85258e+05    1.03073e-14    
1.00201e+06    9.85608e-15    
1.01904e+06    9.42465e-15    
1.03637e+06    9.01211e-15    
1.05398e+06    8.61762e-15    
1.07190e+06    8.24039e-15    
1.09012e+06    7.87967e-15    
1.10866e+06    7.53474e-15    
1.12750e+06    7.20491e-15    
1.14667e+06    6.88951e-15    
1.16616e+06    6.58792e-15    
1.18599e+06    6.29952e-15    
1.20615e+06    6.02375e-15    
1.22666e+06    5.76005e-15    
1.24751e+06    5.50789e-15    
1.26872e+06    5.26676e-15    
1.29028e+06    5.03620e-15    
1.31222e+06    4.81572e-15    
1.33453e+06    4.60489e-15    
1.35721e+06    4.40329e-15    
1.38029e+06    4.21052e-15    
1.40375e+06    4.02618e-15    
1.42762e+06    3.84991e-15    
1.45188e+06    3.68136e-15    
1.47657e+06    3.52019e-15    
1.50167e+06    3.36607e-15    
1.52720e+06    3.21869e-15    
1.55316e+06    3.07777e-15    
1.57956e+06    2.94302e-15    
1.60642e+06    2.81417e-15    
1.63372e+06    2.69095e-15    
1.66150e+06    2.57313e-15    
1.68974e+06    2.46047e-15    
1.71847e+06    2.35274e-15    
1.74768e+06    2.24973e-15    
1.77739e+06    2.15122e-15    
1.80761e+06    2.05703e-15    
1.83834e+06    1.96696e-15    
1.86959e+06    1.88084e-15    
1.90137e+06    1.79848e-15    
1.93370e+06    1.71973e-15    
1.96657e+06    1.64443e-15    
2.00000e+06    1.57242e-15    

