# USINE V4.0
# File generated 13-05-2022 11:20:51
# Model1DKisoVc
# H
# SolMod0DFF_phi0_970GV
# R [GV]       TOA [GV m^{2} s sr]^{-1}
8.66398e-02    1.91507e-01    
8.80616e-02    2.00911e-01    
8.95068e-02    2.10772e-01    
9.09757e-02    2.21114e-01    
9.24687e-02    2.31959e-01    
9.39862e-02    2.43332e-01    
9.55286e-02    2.55258e-01    
9.70963e-02    2.67763e-01    
9.86898e-02    2.80876e-01    
1.00309e-01    2.94625e-01    
1.01956e-01    3.09042e-01    
1.03629e-01    3.24157e-01    
1.05329e-01    3.40004e-01    
1.07058e-01    3.56619e-01    
1.08815e-01    3.74038e-01    
1.10601e-01    3.92299e-01    
1.12416e-01    4.11443e-01    
1.14261e-01    4.31511e-01    
1.16136e-01    4.52547e-01    
1.18042e-01    4.74598e-01    
1.19979e-01    4.97711e-01    
1.21948e-01    5.21937e-01    
1.23949e-01    5.47329e-01    
1.25983e-01    5.73941e-01    
1.28051e-01    6.01832e-01    
1.30152e-01    6.31061e-01    
1.32288e-01    6.61691e-01    
1.34459e-01    6.93790e-01    
1.36666e-01    7.27424e-01    
1.38908e-01    7.62668e-01    
1.41188e-01    7.99595e-01    
1.43505e-01    8.38285e-01    
1.45860e-01    8.78820e-01    
1.48254e-01    9.21286e-01    
1.50687e-01    9.65774e-01    
1.53160e-01    1.01238e+00    
1.55673e-01    1.06119e+00    
1.58228e-01    1.11232e+00    
1.60825e-01    1.16588e+00    
1.63464e-01    1.22197e+00    
1.66147e-01    1.28071e+00    
1.68873e-01    1.34223e+00    
1.71645e-01    1.40665e+00    
1.74461e-01    1.47410e+00    
1.77325e-01    1.54472e+00    
1.80235e-01    1.61867e+00    
1.83192e-01    1.69608e+00    
1.86199e-01    1.77713e+00    
1.89255e-01    1.86196e+00    
1.92360e-01    1.95076e+00    
1.95517e-01    2.04371e+00    
1.98726e-01    2.14098e+00    
2.01987e-01    2.24277e+00    
2.05302e-01    2.34923e+00    
2.08671e-01    2.46054e+00    
2.12096e-01    2.57693e+00    
2.15576e-01    2.69860e+00    
2.19114e-01    2.82577e+00    
2.22710e-01    2.95868e+00    
2.26365e-01    3.09756e+00    
2.30080e-01    3.24265e+00    
2.33856e-01    3.39422e+00    
2.37693e-01    3.55252e+00    
2.41594e-01    3.71783e+00    
2.45559e-01    3.89043e+00    
2.49589e-01    4.07060e+00    
2.53685e-01    4.25865e+00    
2.57848e-01    4.45488e+00    
2.62080e-01    4.65960e+00    
2.66381e-01    4.87315e+00    
2.70752e-01    5.09586e+00    
2.75196e-01    5.32806e+00    
2.79712e-01    5.57012e+00    
2.84302e-01    5.82240e+00    
2.88968e-01    6.08526e+00    
2.93710e-01    6.35909e+00    
2.98530e-01    6.64427e+00    
3.03429e-01    6.94120e+00    
3.08409e-01    7.25028e+00    
3.13470e-01    7.57193e+00    
3.18615e-01    7.90657e+00    
3.23843e-01    8.25463e+00    
3.29158e-01    8.61653e+00    
3.34560e-01    8.99273e+00    
3.40050e-01    9.38366e+00    
3.45631e-01    9.78978e+00    
3.51303e-01    1.02115e+01    
3.57068e-01    1.06494e+01    
3.62928e-01    1.11038e+01    
3.68884e-01    1.15753e+01    
3.74938e-01    1.20643e+01    
3.81091e-01    1.25712e+01    
3.87345e-01    1.30965e+01    
3.93702e-01    1.36408e+01    
4.00163e-01    1.42044e+01    
4.06730e-01    1.47878e+01    
4.13404e-01    1.53915e+01    
4.20189e-01    1.60158e+01    
4.27085e-01    1.66613e+01    
4.34093e-01    1.73284e+01    
4.41217e-01    1.80174e+01    
4.48458e-01    1.87288e+01    
4.55818e-01    1.94630e+01    
4.63298e-01    2.02202e+01    
4.70901e-01    2.10010e+01    
4.78629e-01    2.18054e+01    
4.86484e-01    2.26340e+01    
4.94468e-01    2.34869e+01    
5.02583e-01    2.43645e+01    
5.10830e-01    2.52668e+01    
5.19214e-01    2.61942e+01    
5.27734e-01    2.71467e+01    
5.36395e-01    2.81244e+01    
5.45198e-01    2.91275e+01    
5.54145e-01    3.01560e+01    
5.63239e-01    3.12098e+01    
5.72483e-01    3.22890e+01    
5.81878e-01    3.33933e+01    
5.91427e-01    3.45227e+01    
6.01133e-01    3.56770e+01    
6.10998e-01    3.68559e+01    
6.21025e-01    3.80590e+01    
6.31217e-01    3.92861e+01    
6.41575e-01    4.05367e+01    
6.52104e-01    4.18102e+01    
6.62806e-01    4.31063e+01    
6.73683e-01    4.44242e+01    
6.84739e-01    4.57632e+01    
6.95976e-01    4.71227e+01    
7.07398e-01    4.85019e+01    
7.19007e-01    4.98999e+01    
7.30807e-01    5.13157e+01    
7.42800e-01    5.27484e+01    
7.54990e-01    5.41970e+01    
7.67380e-01    5.56604e+01    
7.79974e-01    5.71373e+01    
7.92774e-01    5.86266e+01    
8.05784e-01    6.01270e+01    
8.19008e-01    6.16373e+01    
8.32448e-01    6.31561e+01    
8.46110e-01    6.46819e+01    
8.59995e-01    6.62135e+01    
8.74109e-01    6.77494e+01    
8.88454e-01    6.92880e+01    
9.03034e-01    7.08279e+01    
9.17854e-01    7.23675e+01    
9.32917e-01    7.39054e+01    
9.48227e-01    7.54399e+01    
9.63788e-01    7.69694e+01    
9.79605e-01    7.84925e+01    
9.95681e-01    8.00075e+01    
1.01202e+00    8.15127e+01    
1.02863e+00    8.30065e+01    
1.04551e+00    8.44873e+01    
1.06267e+00    8.59533e+01    
1.08011e+00    8.74028e+01    
1.09783e+00    8.88341e+01    
1.11585e+00    9.02454e+01    
1.13416e+00    9.16350e+01    
1.15277e+00    9.30012e+01    
1.17169e+00    9.43424e+01    
1.19092e+00    9.56568e+01    
1.21047e+00    9.69429e+01    
1.23033e+00    9.81991e+01    
1.25052e+00    9.94238e+01    
1.27104e+00    1.00616e+02    
1.29190e+00    1.01774e+02    
1.31310e+00    1.02896e+02    
1.33465e+00    1.03983e+02    
1.35656e+00    1.05031e+02    
1.37882e+00    1.06042e+02    
1.40145e+00    1.07013e+02    
1.42445e+00    1.07944e+02    
1.44782e+00    1.08834e+02    
1.47158e+00    1.09683e+02    
1.49573e+00    1.10489e+02    
1.52028e+00    1.11253e+02    
1.54523e+00    1.11974e+02    
1.57059e+00    1.12650e+02    
1.59636e+00    1.13283e+02    
1.62256e+00    1.13871e+02    
1.64919e+00    1.14414e+02    
1.67625e+00    1.14912e+02    
1.70376e+00    1.15365e+02    
1.73172e+00    1.15772e+02    
1.76014e+00    1.16134e+02    
1.78903e+00    1.16450e+02    
1.81839e+00    1.16721e+02    
1.84823e+00    1.16946e+02    
1.87856e+00    1.17127e+02    
1.90939e+00    1.17263e+02    
1.94072e+00    1.17354e+02    
1.97257e+00    1.17402e+02    
2.00494e+00    1.17405e+02    
2.03785e+00    1.17366e+02    
2.07129e+00    1.17284e+02    
2.10528e+00    1.17160e+02    
2.13983e+00    1.16995e+02    
2.17495e+00    1.16788e+02    
2.21064e+00    1.16542e+02    
2.24692e+00    1.16256e+02    
2.28380e+00    1.15931e+02    
2.32127e+00    1.15569e+02    
2.35937e+00    1.15169e+02    
2.39809e+00    1.14733e+02    
2.43744e+00    1.14262e+02    
2.47744e+00    1.13755e+02    
2.51810e+00    1.13215e+02    
2.55943e+00    1.12641e+02    
2.60143e+00    1.12034e+02    
2.64412e+00    1.11395e+02    
2.68751e+00    1.10723e+02    
2.73162e+00    1.10019e+02    
2.77645e+00    1.09282e+02    
2.82201e+00    1.08513e+02    
2.86832e+00    1.07709e+02    
2.91540e+00    1.06870e+02    
2.96324e+00    1.05994e+02    
3.01187e+00    1.05077e+02    
3.06130e+00    1.04116e+02    
3.11154e+00    1.03108e+02    
3.16260e+00    1.02047e+02    
3.21450e+00    1.00927e+02    
3.26725e+00    9.97439e+01    
3.32087e+00    9.84903e+01    
3.37537e+00    9.71614e+01    
3.43077e+00    9.57533e+01    
3.48707e+00    9.42640e+01    
3.54429e+00    9.26940e+01    
3.60246e+00    9.10470e+01    
3.66158e+00    8.93294e+01    
3.72167e+00    8.75502e+01    
3.78275e+00    8.57203e+01    
3.84482e+00    8.38514e+01    
3.90792e+00    8.19554e+01    
3.97205e+00    8.00435e+01    
4.03724e+00    7.81257e+01    
4.10349e+00    7.62108e+01    
4.17084e+00    7.43060e+01    
4.23928e+00    7.24171e+01    
4.30886e+00    7.05488e+01    
4.37957e+00    6.87046e+01    
4.45144e+00    6.68873e+01    
4.52449e+00    6.50990e+01    
4.59875e+00    6.33411e+01    
4.67422e+00    6.16147e+01    
4.75092e+00    5.99207e+01    
4.82889e+00    5.82595e+01    
4.90814e+00    5.66317e+01    
4.98869e+00    5.50374e+01    
5.07055e+00    5.34768e+01    
5.15377e+00    5.19501e+01    
5.23835e+00    5.04571e+01    
5.32431e+00    4.89977e+01    
5.41169e+00    4.75718e+01    
5.50050e+00    4.61792e+01    
5.59077e+00    4.48196e+01    
5.68252e+00    4.34927e+01    
5.77578e+00    4.21981e+01    
5.87056e+00    4.09353e+01    
5.96690e+00    3.97040e+01    
6.06483e+00    3.85037e+01    
6.16436e+00    3.73341e+01    
6.26552e+00    3.61950e+01    
6.36834e+00    3.50857e+01    
6.47285e+00    3.40053e+01    
6.57908e+00    3.29529e+01    
6.68705e+00    3.19281e+01    
6.79679e+00    3.09303e+01    
6.90833e+00    2.99590e+01    
7.02170e+00    2.90137e+01    
7.13694e+00    2.80939e+01    
7.25406e+00    2.71993e+01    
7.37311e+00    2.63292e+01    
7.49411e+00    2.54833e+01    
7.61709e+00    2.46609e+01    
7.74210e+00    2.38618e+01    
7.86915e+00    2.30853e+01    
7.99829e+00    2.23310e+01    
8.12955e+00    2.15985e+01    
8.26297e+00    2.08872e+01    
8.39857e+00    2.01967e+01    
8.53640e+00    1.95265e+01    
8.67649e+00    1.88761e+01    
8.81888e+00    1.82452e+01    
8.96361e+00    1.76332e+01    
9.11071e+00    1.70396e+01    
9.26022e+00    1.64641e+01    
9.41219e+00    1.59061e+01    
9.56666e+00    1.53653e+01    
9.72366e+00    1.48411e+01    
9.88323e+00    1.43333e+01    
1.00454e+01    1.38412e+01    
1.02103e+01    1.33646e+01    
1.03778e+01    1.29030e+01    
1.05482e+01    1.24561e+01    
1.07213e+01    1.20233e+01    
1.08972e+01    1.16045e+01    
1.10760e+01    1.11990e+01    
1.12578e+01    1.08067e+01    
1.14426e+01    1.04271e+01    
1.16303e+01    1.00598e+01    
1.18212e+01    9.70457e+00    
1.20152e+01    9.36098e+00    
1.22124e+01    9.02873e+00    
1.24128e+01    8.70747e+00    
1.26165e+01    8.39688e+00    
1.28236e+01    8.09665e+00    
1.30340e+01    7.80648e+00    
1.32479e+01    7.52606e+00    
1.34653e+01    7.25510e+00    
1.36863e+01    6.99332e+00    
1.39109e+01    6.74043e+00    
1.41392e+01    6.49615e+00    
1.43712e+01    6.26022e+00    
1.46071e+01    6.03239e+00    
1.48468e+01    5.81239e+00    
1.50904e+01    5.59998e+00    
1.53381e+01    5.39492e+00    
1.55898e+01    5.19699e+00    
1.58457e+01    5.00595e+00    
1.61057e+01    4.82158e+00    
1.63700e+01    4.64366e+00    
1.66387e+01    4.47200e+00    
1.69117e+01    4.30638e+00    
1.71892e+01    4.14661e+00    
1.74713e+01    3.99250e+00    
1.77581e+01    3.84386e+00    
1.80495e+01    3.70051e+00    
1.83457e+01    3.56228e+00    
1.86468e+01    3.42899e+00    
1.89528e+01    3.30048e+00    
1.92638e+01    3.17659e+00    
1.95800e+01    3.05717e+00    
1.99013e+01    2.94206e+00    
2.02279e+01    2.83111e+00    
2.05598e+01    2.72419e+00    
2.08972e+01    2.62116e+00    
2.12402e+01    2.52188e+00    
2.15888e+01    2.42622e+00    
2.19431e+01    2.33406e+00    
2.23032e+01    2.24529e+00    
2.26692e+01    2.15977e+00    
2.30412e+01    2.07740e+00    
2.34193e+01    1.99807e+00    
2.38037e+01    1.92167e+00    
2.41943e+01    1.84810e+00    
2.45914e+01    1.77726e+00    
2.49949e+01    1.70904e+00    
2.54051e+01    1.64337e+00    
2.58220e+01    1.58015e+00    
2.62458e+01    1.51928e+00    
2.66765e+01    1.46070e+00    
2.71143e+01    1.40431e+00    
2.75593e+01    1.35003e+00    
2.80116e+01    1.29780e+00    
2.84713e+01    1.24753e+00    
2.89385e+01    1.19916e+00    
2.94134e+01    1.15261e+00    
2.98961e+01    1.10783e+00    
3.03867e+01    1.06474e+00    
3.08854e+01    1.02329e+00    
3.13923e+01    9.83408e-01    
3.19075e+01    9.45046e-01    
3.24311e+01    9.08145e-01    
3.29633e+01    8.72652e-01    
3.35043e+01    8.38515e-01    
3.40541e+01    8.05683e-01    
3.46130e+01    7.74109e-01    
3.51810e+01    7.43745e-01    
3.57584e+01    7.14547e-01    
3.63452e+01    6.86472e-01    
3.69417e+01    6.59476e-01    
3.75479e+01    6.33521e-01    
3.81641e+01    6.08568e-01    
3.87904e+01    5.84578e-01    
3.94270e+01    5.61515e-01    
4.00740e+01    5.39345e-01    
4.07317e+01    5.18034e-01    
4.14002e+01    4.97550e-01    
4.20796e+01    4.77862e-01    
4.27701e+01    4.58938e-01    
4.34720e+01    4.40751e-01    
4.41855e+01    4.23273e-01    
4.49106e+01    4.06476e-01    
4.56476e+01    3.90334e-01    
4.63967e+01    3.74823e-01    
4.71581e+01    3.59918e-01    
4.79321e+01    3.45597e-01    
4.87187e+01    3.31837e-01    
4.95182e+01    3.18617e-01    
5.03308e+01    3.05915e-01    
5.11568e+01    2.93712e-01    
5.19963e+01    2.81989e-01    
5.28497e+01    2.70727e-01    
5.37170e+01    2.59909e-01    
5.45985e+01    2.49517e-01    
5.54945e+01    2.39534e-01    
5.64053e+01    2.29946e-01    
5.73309e+01    2.20737e-01    
5.82718e+01    2.11892e-01    
5.92281e+01    2.03397e-01    
6.02001e+01    1.95238e-01    
6.11880e+01    1.87402e-01    
6.21922e+01    1.79877e-01    
6.32128e+01    1.72651e-01    
6.42502e+01    1.65711e-01    
6.53046e+01    1.59048e-01    
6.63763e+01    1.52649e-01    
6.74656e+01    1.46505e-01    
6.85728e+01    1.40606e-01    
6.96981e+01    1.34941e-01    
7.08420e+01    1.29503e-01    
7.20045e+01    1.24281e-01    
7.31862e+01    1.19268e-01    
7.43873e+01    1.14455e-01    
7.56080e+01    1.09835e-01    
7.68488e+01    1.05399e-01    
7.81100e+01    1.01141e-01    
7.93919e+01    9.70534e-02    
8.06948e+01    9.31295e-02    
8.20190e+01    8.93628e-02    
8.33651e+01    8.57473e-02    
8.47332e+01    8.22768e-02    
8.61237e+01    7.89458e-02    
8.75371e+01    7.57485e-02    
8.89737e+01    7.26798e-02    
9.04338e+01    6.97345e-02    
9.19179e+01    6.69077e-02    
9.34264e+01    6.41948e-02    
9.49596e+01    6.15911e-02    
9.65180e+01    5.90924e-02    
9.81019e+01    5.66944e-02    
9.97119e+01    5.43932e-02    
1.01348e+02    5.21849e-02    
1.03011e+02    5.00658e-02    
1.04702e+02    4.80323e-02    
1.06420e+02    4.60811e-02    
1.08167e+02    4.42088e-02    
1.09942e+02    4.24122e-02    
1.11746e+02    4.06884e-02    
1.13580e+02    3.90345e-02    
1.15444e+02    3.74475e-02    
1.17338e+02    3.59250e-02    
1.19264e+02    3.44642e-02    
1.21221e+02    3.30627e-02    
1.23211e+02    3.17182e-02    
1.25233e+02    3.04283e-02    
1.27288e+02    2.91908e-02    
1.29377e+02    2.80037e-02    
1.31500e+02    2.68649e-02    
1.33658e+02    2.57724e-02    
1.35852e+02    2.47245e-02    
1.38081e+02    2.37193e-02    
1.40347e+02    2.27551e-02    
1.42650e+02    2.18303e-02    
1.44991e+02    2.09432e-02    
1.47371e+02    2.00923e-02    
1.49789e+02    1.92763e-02    
1.52247e+02    1.84936e-02    
1.54746e+02    1.77429e-02    
1.57286e+02    1.70230e-02    
1.59867e+02    1.63325e-02    
1.62490e+02    1.56704e-02    
1.65157e+02    1.50354e-02    
1.67867e+02    1.44264e-02    
1.70622e+02    1.38424e-02    
1.73422e+02    1.32824e-02    
1.76268e+02    1.27455e-02    
1.79161e+02    1.22305e-02    
1.82101e+02    1.17368e-02    
1.85090e+02    1.12633e-02    
1.88127e+02    1.08093e-02    
1.91215e+02    1.03740e-02    
1.94353e+02    9.95658e-03    
1.97542e+02    9.55634e-03    
2.00784e+02    9.17256e-03    
2.04079e+02    8.80457e-03    
2.07428e+02    8.45171e-03    
2.10832e+02    8.11336e-03    
2.14292e+02    7.78892e-03    
2.17809e+02    7.47781e-03    
2.21383e+02    7.17947e-03    
2.25017e+02    6.89338e-03    
2.28709e+02    6.61901e-03    
2.32463e+02    6.35589e-03    
2.36278e+02    6.10354e-03    
2.40155e+02    5.86150e-03    
2.44096e+02    5.62936e-03    
2.48102e+02    5.40668e-03    
2.52174e+02    5.19307e-03    
2.56312e+02    4.98815e-03    
2.60519e+02    4.79156e-03    
2.64794e+02    4.60294e-03    
2.69140e+02    4.42196e-03    
2.73556e+02    4.24829e-03    
2.78046e+02    4.08163e-03    
2.82609e+02    3.92169e-03    
2.87247e+02    3.76817e-03    
2.91961e+02    3.62082e-03    
2.96752e+02    3.47937e-03    
3.01622e+02    3.34357e-03    
3.06572e+02    3.21320e-03    
3.11603e+02    3.08802e-03    
3.16717e+02    2.96782e-03    
3.21914e+02    2.85240e-03    
3.27197e+02    2.74154e-03    
3.32567e+02    2.63508e-03    
3.38025e+02    2.53282e-03    
3.43572e+02    2.43459e-03    
3.49210e+02    2.34023e-03    
3.54941e+02    2.24958e-03    
3.60766e+02    2.16249e-03    
3.66687e+02    2.07882e-03    
3.72704e+02    1.99842e-03    
3.78821e+02    1.92117e-03    
3.85038e+02    1.84693e-03    
3.91356e+02    1.77559e-03    
3.97779e+02    1.70704e-03    
4.04307e+02    1.64115e-03    
4.10942e+02    1.57782e-03    
4.17686e+02    1.51696e-03    
4.24541e+02    1.45846e-03    
4.31508e+02    1.40223e-03    
4.38589e+02    1.34818e-03    
4.45787e+02    1.29623e-03    
4.53103e+02    1.24628e-03    
4.60539e+02    1.19827e-03    
4.68097e+02    1.15212e-03    
4.75778e+02    1.10775e-03    
4.83586e+02    1.06510e-03    
4.91523e+02    1.02409e-03    
4.99589e+02    9.84667e-04    
5.07788e+02    9.46765e-04    
5.16121e+02    9.10325e-04    
5.24591e+02    8.75290e-04    
5.33200e+02    8.41605e-04    
5.41950e+02    8.09219e-04    
5.50844e+02    7.78081e-04    
5.59884e+02    7.48143e-04    
5.69073e+02    7.19357e-04    
5.78412e+02    6.91680e-04    
5.87904e+02    6.65069e-04    
5.97552e+02    6.39482e-04    
6.07358e+02    6.14880e-04    
6.17326e+02    5.91224e-04    
6.27457e+02    5.68479e-04    
6.37754e+02    5.46609e-04    
6.48220e+02    5.25581e-04    
6.58858e+02    5.05361e-04    
6.69671e+02    4.85920e-04    
6.80660e+02    4.67226e-04    
6.91831e+02    4.49251e-04    
7.03184e+02    4.31967e-04    
7.14724e+02    4.15348e-04    
7.26454e+02    3.99368e-04    
7.38376e+02    3.84003e-04    
7.50493e+02    3.69229e-04    
7.62809e+02    3.55022e-04    
7.75328e+02    3.41362e-04    
7.88052e+02    3.28228e-04    
8.00984e+02    3.15598e-04    
8.14129e+02    3.03454e-04    
8.27490e+02    2.91777e-04    
8.41070e+02    2.80549e-04    
8.54873e+02    2.69753e-04    
8.68902e+02    2.59372e-04    
8.83162e+02    2.49391e-04    
8.97655e+02    2.39793e-04    
9.12387e+02    2.30564e-04    
9.27360e+02    2.21690e-04    
9.42579e+02    2.13158e-04    
9.58047e+02    2.04953e-04    
9.73770e+02    1.97064e-04    
9.89750e+02    1.89479e-04    
1.00599e+03    1.82185e-04    
1.02250e+03    1.75172e-04    
1.03928e+03    1.68429e-04    
1.05634e+03    1.61945e-04    
1.07367e+03    1.55711e-04    
1.09129e+03    1.49716e-04    
1.10920e+03    1.43952e-04    
1.12741e+03    1.38410e-04    
1.14591e+03    1.33080e-04    
1.16471e+03    1.27956e-04    
1.18383e+03    1.23030e-04    
1.20326e+03    1.18292e-04    
1.22300e+03    1.13737e-04    
1.24307e+03    1.09357e-04    
1.26347e+03    1.05146e-04    
1.28421e+03    1.01097e-04    
1.30528e+03    9.72038e-05    
1.32670e+03    9.34603e-05    
1.34848e+03    8.98609e-05    
1.37061e+03    8.64000e-05    
1.39310e+03    8.30723e-05    
1.41596e+03    7.98726e-05    
1.43920e+03    7.67962e-05    
1.46282e+03    7.38382e-05    
1.48682e+03    7.09940e-05    
1.51122e+03    6.82593e-05    
1.53602e+03    6.56299e-05    
1.56123e+03    6.31017e-05    
1.58685e+03    6.06709e-05    
1.61290e+03    5.83336e-05    
1.63936e+03    5.60863e-05    
1.66627e+03    5.39255e-05    
1.69361e+03    5.18480e-05    
1.72141e+03    4.98504e-05    
1.74966e+03    4.79298e-05    
1.77837e+03    4.60831e-05    
1.80756e+03    4.43075e-05    
1.83722e+03    4.26003e-05    
1.86737e+03    4.09588e-05    
1.89802e+03    3.93806e-05    
1.92916e+03    3.78631e-05    
1.96082e+03    3.64041e-05    
1.99300e+03    3.50012e-05    
2.02571e+03    3.36524e-05    
2.05895e+03    3.23556e-05    
2.09274e+03    3.11087e-05    
2.12709e+03    2.99098e-05    
2.16199e+03    2.87571e-05    
2.19747e+03    2.76488e-05    
2.23354e+03    2.65832e-05    
2.27019e+03    2.55587e-05    
2.30745e+03    2.45736e-05    
2.34532e+03    2.36265e-05    
2.38380e+03    2.27158e-05    
2.42293e+03    2.18403e-05    
2.46269e+03    2.09985e-05    
2.50310e+03    2.01891e-05    
2.54418e+03    1.94109e-05    
2.58593e+03    1.86626e-05    
2.62837e+03    1.79432e-05    
2.67151e+03    1.72516e-05    
2.71535e+03    1.65865e-05    
2.75991e+03    1.59471e-05    
2.80520e+03    1.53324e-05    
2.85124e+03    1.47413e-05    
2.89803e+03    1.41730e-05    
2.94559e+03    1.36266e-05    
2.99393e+03    1.31013e-05    
3.04306e+03    1.25962e-05    
3.09300e+03    1.21105e-05    
3.14376e+03    1.16436e-05    
3.19535e+03    1.11947e-05    
3.24779e+03    1.07631e-05    
3.30109e+03    1.03481e-05    
3.35527e+03    9.94913e-06    
3.41033e+03    9.56552e-06    
3.46630e+03    9.19669e-06    
3.52318e+03    8.84209e-06    
3.58100e+03    8.50115e-06    
3.63977e+03    8.17335e-06    
3.69950e+03    7.85819e-06    
3.76021e+03    7.55517e-06    
3.82192e+03    7.26384e-06    
3.88464e+03    6.98374e-06    
3.94839e+03    6.71443e-06    
4.01319e+03    6.45551e-06    
4.07905e+03    6.20656e-06    
4.14599e+03    5.96722e-06    
4.21403e+03    5.73710e-06    
4.28319e+03    5.51585e-06    
4.35348e+03    5.30314e-06    
4.42493e+03    5.09862e-06    
4.49754e+03    4.90199e-06    
4.57135e+03    4.71294e-06    
4.64637e+03    4.53118e-06    
4.72263e+03    4.35642e-06    
4.80013e+03    4.18841e-06    
4.87890e+03    4.02687e-06    
4.95897e+03    3.87156e-06    
5.04035e+03    3.72224e-06    
5.12307e+03    3.57868e-06    
5.20714e+03    3.44065e-06    
5.29260e+03    3.30794e-06    
5.37946e+03    3.18035e-06    
5.46774e+03    3.05769e-06    
5.55747e+03    2.93975e-06    
5.64867e+03    2.82636e-06    
5.74137e+03    2.71734e-06    
5.83559e+03    2.61252e-06    
5.93136e+03    2.51175e-06    
6.02870e+03    2.41487e-06    
6.12764e+03    2.32172e-06    
6.22820e+03    2.23216e-06    
6.33041e+03    2.14605e-06    
6.43430e+03    2.06327e-06    
6.53989e+03    1.98368e-06    
6.64722e+03    1.90716e-06    
6.75630e+03    1.83359e-06    
6.86718e+03    1.76286e-06    
6.97988e+03    1.69485e-06    
7.09443e+03    1.62947e-06    
7.21085e+03    1.56661e-06    
7.32919e+03    1.50617e-06    
7.44947e+03    1.44807e-06    
7.57172e+03    1.39221e-06    
7.69598e+03    1.33850e-06    
7.82228e+03    1.28686e-06    
7.95065e+03    1.23721e-06    
8.08113e+03    1.18948e-06    
8.21375e+03    1.14359e-06    
8.34855e+03    1.09947e-06    
8.48555e+03    1.05705e-06    
8.62481e+03    1.01627e-06    
8.76635e+03    9.77064e-07    
8.91022e+03    9.39368e-07    
9.05644e+03    9.03126e-07    
9.20507e+03    8.68281e-07    
9.35613e+03    8.34781e-07    
9.50967e+03    8.02573e-07    
9.66574e+03    7.71608e-07    
9.82436e+03    7.41837e-07    
9.98559e+03    7.13214e-07    
1.01495e+04    6.85696e-07    
1.03160e+04    6.59239e-07    
1.04853e+04    6.33803e-07    
1.06574e+04    6.09348e-07    
1.08323e+04    5.85837e-07    
1.10101e+04    5.63232e-07    
1.11907e+04    5.41500e-07    
1.13744e+04    5.20606e-07    
1.15611e+04    5.00518e-07    
1.17508e+04    4.81205e-07    
1.19436e+04    4.62637e-07    
1.21396e+04    4.44786e-07    
1.23389e+04    4.27623e-07    
1.25414e+04    4.11122e-07    
1.27472e+04    3.95258e-07    
1.29564e+04    3.80006e-07    
1.31690e+04    3.65342e-07    
1.33851e+04    3.51245e-07    
1.36048e+04    3.37691e-07    
1.38280e+04    3.24660e-07    
1.40550e+04    3.12132e-07    
1.42856e+04    3.00087e-07    
1.45201e+04    2.88507e-07    
1.47584e+04    2.77373e-07    
1.50006e+04    2.66670e-07    
1.52467e+04    2.56379e-07    
1.54969e+04    2.46485e-07    
1.57513e+04    2.36973e-07    
1.60098e+04    2.27828e-07    
1.62725e+04    2.19036e-07    
1.65395e+04    2.10583e-07    
1.68110e+04    2.02457e-07    
1.70869e+04    1.94644e-07    
1.73673e+04    1.87132e-07    
1.76523e+04    1.79910e-07    
1.79420e+04    1.72967e-07    
1.82364e+04    1.66292e-07    
1.85357e+04    1.59874e-07    
1.88399e+04    1.53704e-07    
1.91491e+04    1.47773e-07    
1.94633e+04    1.42070e-07    
1.97827e+04    1.36587e-07    
2.01074e+04    1.31315e-07    
2.04374e+04    1.26247e-07    
2.07728e+04    1.21375e-07    
2.11137e+04    1.16691e-07    
2.14602e+04    1.12187e-07    
2.18124e+04    1.07857e-07    
2.21703e+04    1.03695e-07    
2.25342e+04    9.96925e-08    
2.29040e+04    9.58449e-08    
2.32798e+04    9.21457e-08    
2.36619e+04    8.85893e-08    
2.40502e+04    8.51702e-08    
2.44449e+04    8.18830e-08    
2.48461e+04    7.87226e-08    
2.52538e+04    7.56843e-08    
2.56682e+04    7.27631e-08    
2.60895e+04    6.99547e-08    
2.65176e+04    6.72547e-08    
2.69528e+04    6.46589e-08    
2.73951e+04    6.21633e-08    
2.78447e+04    5.97640e-08    
2.83017e+04    5.74572e-08    
2.87661e+04    5.52395e-08    
2.92382e+04    5.31074e-08    
2.97180e+04    5.10576e-08    
3.02058e+04    4.90869e-08    
3.07015e+04    4.71922e-08    
3.12053e+04    4.53707e-08    
3.17174e+04    4.36195e-08    
3.22379e+04    4.19358e-08    
3.27670e+04    4.03171e-08    
3.33047e+04    3.87609e-08    
3.38513e+04    3.72648e-08    
3.44068e+04    3.58264e-08    
3.49715e+04    3.44435e-08    
3.55454e+04    3.31140e-08    
3.61287e+04    3.18358e-08    
3.67216e+04    3.06070e-08    
3.73243e+04    2.94256e-08    
3.79368e+04    2.82897e-08    
3.85594e+04    2.71977e-08    
3.91922e+04    2.61479e-08    
3.98353e+04    2.51386e-08    
4.04891e+04    2.41682e-08    
4.11536e+04    2.32353e-08    
4.18289e+04    2.23384e-08    
4.25154e+04    2.14761e-08    
4.32131e+04    2.06471e-08    
4.39223e+04    1.98501e-08    
4.46431e+04    1.90839e-08    
4.53757e+04    1.83472e-08    
4.61204e+04    1.76389e-08    
4.68773e+04    1.69581e-08    
4.76466e+04    1.63034e-08    
4.84285e+04    1.56741e-08    
4.92232e+04    1.50690e-08    
5.00310e+04    1.44873e-08    
5.08521e+04    1.39281e-08    
5.16866e+04    1.33904e-08    
5.25349e+04    1.28735e-08    
5.33970e+04    1.23766e-08    
5.42733e+04    1.18988e-08    
5.51640e+04    1.14395e-08    
5.60693e+04    1.09978e-08    
5.69894e+04    1.05733e-08    
5.79247e+04    1.01651e-08    
5.88753e+04    9.77271e-09    
5.98415e+04    9.39545e-09    
6.08236e+04    9.03275e-09    
6.18217e+04    8.68405e-09    
6.28363e+04    8.34881e-09    
6.38675e+04    8.02651e-09    
6.49156e+04    7.71665e-09    
6.59809e+04    7.41875e-09    
6.70638e+04    7.13235e-09    
6.81643e+04    6.85701e-09    
6.92830e+04    6.59229e-09    
7.04200e+04    6.33780e-09    
7.15757e+04    6.09312e-09    
7.27503e+04    5.85790e-09    
7.39442e+04    5.63175e-09    
7.51577e+04    5.41433e-09    
7.63911e+04    5.20531e-09    
7.76447e+04    5.00436e-09    
7.89190e+04    4.81116e-09    
8.02141e+04    4.62542e-09    
8.15305e+04    4.44685e-09    
8.28685e+04    4.27517e-09    
8.42285e+04    4.11013e-09    
8.56107e+04    3.95145e-09    
8.70157e+04    3.79890e-09    
8.84437e+04    3.65223e-09    
8.98951e+04    3.51123e-09    
9.13704e+04    3.37568e-09    
9.28699e+04    3.24535e-09    
9.43940e+04    3.12006e-09    
9.59431e+04    2.99960e-09    
9.75176e+04    2.88380e-09    
9.91180e+04    2.77246e-09    
1.00745e+05    2.66542e-09    
1.02398e+05    2.56252e-09    
1.04078e+05    2.46358e-09    
1.05786e+05    2.36847e-09    
1.07522e+05    2.27703e-09    
1.09287e+05    2.18912e-09    
1.11081e+05    2.10460e-09    
1.12903e+05    2.02335e-09    
1.14756e+05    1.94523e-09    
1.16640e+05    1.87013e-09    
1.18554e+05    1.79792e-09    
1.20499e+05    1.72851e-09    
1.22477e+05    1.66177e-09    
1.24487e+05    1.59761e-09    
1.26530e+05    1.53593e-09    
1.28606e+05    1.47663e-09    
1.30717e+05    1.41962e-09    
1.32862e+05    1.36481e-09    
1.35042e+05    1.31212e-09    
1.37259e+05    1.26146e-09    
1.39511e+05    1.21275e-09    
1.41801e+05    1.16593e-09    
1.44128e+05    1.12091e-09    
1.46493e+05    1.07763e-09    
1.48897e+05    1.03603e-09    
1.51341e+05    9.96026e-10    
1.53824e+05    9.57570e-10    
1.56349e+05    9.20598e-10    
1.58915e+05    8.85054e-10    
1.61522e+05    8.50882e-10    
1.64173e+05    8.18029e-10    
1.66867e+05    7.86445e-10    
1.69606e+05    7.56080e-10    
1.72389e+05    7.26887e-10    
1.75218e+05    6.98822e-10    
1.78094e+05    6.71840e-10    
1.81017e+05    6.45900e-10    
1.83987e+05    6.20961e-10    
1.87007e+05    5.96985e-10    
1.90076e+05    5.73935e-10    
1.93195e+05    5.51775e-10    
1.96365e+05    5.30470e-10    
1.99588e+05    5.09988e-10    
2.02863e+05    4.90297e-10    
2.06193e+05    4.71366e-10    
2.09576e+05    4.53166e-10    
2.13016e+05    4.35668e-10    
2.16512e+05    4.18846e-10    
2.20065e+05    4.02674e-10    
2.23676e+05    3.87126e-10    
2.27347e+05    3.72178e-10    
2.31078e+05    3.57808e-10    
2.34870e+05    3.43992e-10    
2.38725e+05    3.30710e-10    
2.42642e+05    3.17941e-10    
2.46624e+05    3.05664e-10    
2.50672e+05    2.93862e-10    
2.54786e+05    2.82515e-10    
2.58967e+05    2.71606e-10    
2.63217e+05    2.61119e-10    
2.67536e+05    2.51037e-10    
2.71927e+05    2.41343e-10    
2.76390e+05    2.32024e-10    
2.80925e+05    2.23065e-10    
2.85536e+05    2.14452e-10    
2.90222e+05    2.06172e-10    
2.94984e+05    1.98211e-10    
2.99825e+05    1.90557e-10    
3.04746e+05    1.83199e-10    
3.09747e+05    1.76125e-10    
3.14830e+05    1.69324e-10    
3.19997e+05    1.62786e-10    
3.25248e+05    1.56501e-10    
3.30586e+05    1.50458e-10    
3.36011e+05    1.44648e-10    
3.41526e+05    1.39062e-10    
3.47130e+05    1.33693e-10    
3.52827e+05    1.28530e-10    
3.58617e+05    1.23567e-10    
3.64503e+05    1.18796e-10    
3.70484e+05    1.14209e-10    
3.76564e+05    1.09799e-10    
3.82744e+05    1.05559e-10    
3.89025e+05    1.01483e-10    
3.95410e+05    9.75642e-11    
4.01899e+05    9.37968e-11    
4.08494e+05    9.01749e-11    
4.15198e+05    8.66929e-11    
4.22012e+05    8.33453e-11    
4.28938e+05    8.01269e-11    
4.35977e+05    7.70329e-11    
4.43132e+05    7.40583e-11    
4.50404e+05    7.11985e-11    
4.57795e+05    6.84492e-11    
4.65308e+05    6.58061e-11    
4.72945e+05    6.32650e-11    
4.80706e+05    6.08220e-11    
4.88595e+05    5.84734e-11    
4.96613e+05    5.62154e-11    
5.04763e+05    5.40447e-11    
5.13047e+05    5.19577e-11    
5.21466e+05    4.99514e-11    
5.30024e+05    4.80225e-11    
5.38722e+05    4.61681e-11    
5.47563e+05    4.43853e-11    
5.56549e+05    4.26713e-11    
5.65683e+05    4.10235e-11    
5.74966e+05    3.94394e-11    
5.84402e+05    3.79164e-11    
5.93993e+05    3.64523e-11    
6.03741e+05    3.50446e-11    
6.13649e+05    3.36913e-11    
6.23719e+05    3.23903e-11    
6.33955e+05    3.11395e-11    
6.44359e+05    2.99371e-11    
6.54934e+05    2.87810e-11    
6.65682e+05    2.76696e-11    
6.76606e+05    2.66011e-11    
6.87710e+05    2.55739e-11    
6.98996e+05    2.45863e-11    
7.10467e+05    2.36369e-11    
7.22127e+05    2.27241e-11    
7.33977e+05    2.18466e-11    
7.46023e+05    2.10030e-11    
7.58266e+05    2.01919e-11    
7.70710e+05    1.94122e-11    
7.83358e+05    1.86625e-11    
7.96213e+05    1.79418e-11    
8.09280e+05    1.72490e-11    
8.22561e+05    1.65829e-11    
8.36060e+05    1.59425e-11    
8.49781e+05    1.53269e-11    
8.63726e+05    1.47350e-11    
8.77901e+05    1.41660e-11    
8.92308e+05    1.36189e-11    
9.06952e+05    1.30930e-11    
9.21836e+05    1.25874e-11    
9.36964e+05    1.21013e-11    
9.52341e+05    1.16340e-11    
9.67970e+05    1.11847e-11    
9.83855e+05    1.07528e-11    
1.00000e+06    1.03375e-11    

