# USINE V4.0
# File generated 13-05-2022 11:20:51
# Model1DKisoVc
# NE
# SolMod0DFF_phi0_970GV
# R [GV]       TOA [GV m^{2} s sr]^{-1}
9.49641e-02    1.11959e-04    
9.65806e-02    1.17721e-04    
9.82247e-02    1.23779e-04    
9.98968e-02    1.30147e-04    
1.01597e-01    1.36841e-04    
1.03327e-01    1.43879e-04    
1.05086e-01    1.51277e-04    
1.06875e-01    1.59054e-04    
1.08694e-01    1.67229e-04    
1.10544e-01    1.75823e-04    
1.12426e-01    1.84857e-04    
1.14340e-01    1.94352e-04    
1.16286e-01    2.04334e-04    
1.18266e-01    2.14825e-04    
1.20279e-01    2.25853e-04    
1.22327e-01    2.37445e-04    
1.24409e-01    2.49629e-04    
1.26527e-01    2.62435e-04    
1.28681e-01    2.75895e-04    
1.30871e-01    2.90041e-04    
1.33099e-01    3.04910e-04    
1.35365e-01    3.20536e-04    
1.37669e-01    3.36960e-04    
1.40013e-01    3.54220e-04    
1.42396e-01    3.72359e-04    
1.44820e-01    3.91422e-04    
1.47286e-01    4.11456e-04    
1.49793e-01    4.32509e-04    
1.52343e-01    4.54633e-04    
1.54936e-01    4.77881e-04    
1.57574e-01    5.02311e-04    
1.60256e-01    5.27982e-04    
1.62984e-01    5.54956e-04    
1.65758e-01    5.83300e-04    
1.68580e-01    6.13081e-04    
1.71450e-01    6.44372e-04    
1.74369e-01    6.77249e-04    
1.77337e-01    7.11791e-04    
1.80356e-01    7.48082e-04    
1.83426e-01    7.86209e-04    
1.86548e-01    8.26265e-04    
1.89724e-01    8.68345e-04    
1.92954e-01    9.12551e-04    
1.96238e-01    9.58989e-04    
1.99579e-01    1.00777e-03    
2.02976e-01    1.05901e-03    
2.06432e-01    1.11281e-03    
2.09946e-01    1.16930e-03    
2.13520e-01    1.22861e-03    
2.17154e-01    1.29088e-03    
2.20851e-01    1.35625e-03    
2.24611e-01    1.42487e-03    
2.28434e-01    1.49690e-03    
2.32323e-01    1.57250e-03    
2.36278e-01    1.65185e-03    
2.40300e-01    1.73511e-03    
2.44390e-01    1.82248e-03    
2.48551e-01    1.91415e-03    
2.52782e-01    2.01033e-03    
2.57085e-01    2.11122e-03    
2.61461e-01    2.21706e-03    
2.65912e-01    2.32806e-03    
2.70439e-01    2.44448e-03    
2.75042e-01    2.56656e-03    
2.79725e-01    2.69456e-03    
2.84486e-01    2.82877e-03    
2.89329e-01    2.96945e-03    
2.94254e-01    3.11691e-03    
2.99264e-01    3.27146e-03    
3.04358e-01    3.43341e-03    
3.09539e-01    3.60311e-03    
3.14808e-01    3.78088e-03    
3.20167e-01    3.96710e-03    
3.25618e-01    4.16214e-03    
3.31161e-01    4.36639e-03    
3.36798e-01    4.58024e-03    
3.42531e-01    4.80412e-03    
3.48362e-01    5.03846e-03    
3.54292e-01    5.28370e-03    
3.60324e-01    5.54031e-03    
3.66457e-01    5.80876e-03    
3.72696e-01    6.08956e-03    
3.79040e-01    6.38322e-03    
3.85492e-01    6.69026e-03    
3.92055e-01    7.01123e-03    
3.98729e-01    7.34669e-03    
4.05516e-01    7.69722e-03    
4.12419e-01    8.06342e-03    
4.19440e-01    8.44589e-03    
4.26580e-01    8.84528e-03    
4.33842e-01    9.26222e-03    
4.41227e-01    9.69738e-03    
4.48738e-01    1.01514e-02    
4.56377e-01    1.06251e-02    
4.64146e-01    1.11190e-02    
4.72047e-01    1.16340e-02    
4.80083e-01    1.21707e-02    
4.88255e-01    1.27300e-02    
4.96567e-01    1.33125e-02    
5.05020e-01    1.39191e-02    
5.13617e-01    1.45505e-02    
5.22360e-01    1.52076e-02    
5.31253e-01    1.58910e-02    
5.40296e-01    1.66017e-02    
5.49494e-01    1.73405e-02    
5.58848e-01    1.81081e-02    
5.68361e-01    1.89054e-02    
5.78036e-01    1.97332e-02    
5.87876e-01    2.05922e-02    
5.97884e-01    2.14834e-02    
6.08061e-01    2.24074e-02    
6.18413e-01    2.33651e-02    
6.28940e-01    2.43571e-02    
6.39646e-01    2.53843e-02    
6.50535e-01    2.64474e-02    
6.61609e-01    2.75470e-02    
6.72872e-01    2.86838e-02    
6.84326e-01    2.98584e-02    
6.95975e-01    3.10714e-02    
7.07823e-01    3.23234e-02    
7.19872e-01    3.36147e-02    
7.32127e-01    3.49459e-02    
7.44590e-01    3.63173e-02    
7.57265e-01    3.77293e-02    
7.70156e-01    3.91819e-02    
7.83266e-01    4.06755e-02    
7.96600e-01    4.22100e-02    
8.10161e-01    4.37856e-02    
8.23952e-01    4.54020e-02    
8.37978e-01    4.70590e-02    
8.52243e-01    4.87564e-02    
8.66751e-01    5.04938e-02    
8.81506e-01    5.22705e-02    
8.96512e-01    5.40860e-02    
9.11773e-01    5.59395e-02    
9.27294e-01    5.78300e-02    
9.43080e-01    5.97566e-02    
9.59134e-01    6.17180e-02    
9.75461e-01    6.37129e-02    
9.92066e-01    6.57399e-02    
1.00895e+00    6.77973e-02    
1.02613e+00    6.98833e-02    
1.04360e+00    7.19962e-02    
1.06136e+00    7.41337e-02    
1.07943e+00    7.62937e-02    
1.09781e+00    7.84738e-02    
1.11649e+00    8.06716e-02    
1.13550e+00    8.28843e-02    
1.15483e+00    8.51091e-02    
1.17449e+00    8.73432e-02    
1.19448e+00    8.95834e-02    
1.21482e+00    9.18267e-02    
1.23550e+00    9.40696e-02    
1.25653e+00    9.63089e-02    
1.27792e+00    9.85410e-02    
1.29967e+00    1.00762e-01    
1.32180e+00    1.02969e-01    
1.34430e+00    1.05158e-01    
1.36718e+00    1.07325e-01    
1.39045e+00    1.09467e-01    
1.41412e+00    1.11579e-01    
1.43820e+00    1.13658e-01    
1.46268e+00    1.15700e-01    
1.48758e+00    1.17701e-01    
1.51290e+00    1.19658e-01    
1.53866e+00    1.21567e-01    
1.56485e+00    1.23424e-01    
1.59149e+00    1.25226e-01    
1.61858e+00    1.26969e-01    
1.64613e+00    1.28650e-01    
1.67415e+00    1.30265e-01    
1.70265e+00    1.31812e-01    
1.73164e+00    1.33288e-01    
1.76112e+00    1.34690e-01    
1.79110e+00    1.36014e-01    
1.82159e+00    1.37259e-01    
1.85259e+00    1.38422e-01    
1.88413e+00    1.39501e-01    
1.91621e+00    1.40494e-01    
1.94882e+00    1.41399e-01    
1.98200e+00    1.42216e-01    
2.01574e+00    1.42942e-01    
2.05005e+00    1.43576e-01    
2.08495e+00    1.44119e-01    
2.12044e+00    1.44570e-01    
2.15654e+00    1.44929e-01    
2.19325e+00    1.45195e-01    
2.23059e+00    1.45370e-01    
2.26856e+00    1.45454e-01    
2.30718e+00    1.45447e-01    
2.34645e+00    1.45352e-01    
2.38640e+00    1.45169e-01    
2.42702e+00    1.44899e-01    
2.46833e+00    1.44544e-01    
2.51035e+00    1.44105e-01    
2.55309e+00    1.43584e-01    
2.59655e+00    1.42982e-01    
2.64075e+00    1.42301e-01    
2.68570e+00    1.41542e-01    
2.73142e+00    1.40705e-01    
2.77792e+00    1.39793e-01    
2.82521e+00    1.38807e-01    
2.87330e+00    1.37746e-01    
2.92221e+00    1.36611e-01    
2.97196e+00    1.35403e-01    
3.02255e+00    1.34121e-01    
3.07400e+00    1.32765e-01    
3.12633e+00    1.31336e-01    
3.17955e+00    1.29832e-01    
3.23368e+00    1.28255e-01    
3.28873e+00    1.26603e-01    
3.34471e+00    1.24880e-01    
3.40165e+00    1.23086e-01    
3.45955e+00    1.21225e-01    
3.51845e+00    1.19302e-01    
3.57834e+00    1.17323e-01    
3.63925e+00    1.15295e-01    
3.70121e+00    1.13224e-01    
3.76421e+00    1.11118e-01    
3.82829e+00    1.08984e-01    
3.89346e+00    1.06830e-01    
3.95974e+00    1.04660e-01    
4.02715e+00    1.02480e-01    
4.09570e+00    1.00296e-01    
4.16542e+00    9.81115e-02    
4.23633e+00    9.59301e-02    
4.30844e+00    9.37552e-02    
4.38179e+00    9.15897e-02    
4.45638e+00    8.94360e-02    
4.53224e+00    8.72966e-02    
4.60939e+00    8.51734e-02    
4.68786e+00    8.30681e-02    
4.76766e+00    8.09826e-02    
4.84882e+00    7.89182e-02    
4.93136e+00    7.68763e-02    
5.01531e+00    7.48583e-02    
5.10069e+00    7.28653e-02    
5.18751e+00    7.08986e-02    
5.27582e+00    6.89593e-02    
5.36563e+00    6.70486e-02    
5.45697e+00    6.51675e-02    
5.54987e+00    6.33174e-02    
5.64434e+00    6.14994e-02    
5.74043e+00    5.97145e-02    
5.83815e+00    5.79636e-02    
5.93753e+00    5.62475e-02    
6.03860e+00    5.45666e-02    
6.14140e+00    5.29216e-02    
6.24594e+00    5.13126e-02    
6.35227e+00    4.97397e-02    
6.46041e+00    4.82026e-02    
6.57038e+00    4.67010e-02    
6.68223e+00    4.52345e-02    
6.79598e+00    4.38026e-02    
6.91167e+00    4.24050e-02    
7.02933e+00    4.10412e-02    
7.14899e+00    3.97109e-02    
7.27069e+00    3.84137e-02    
7.39445e+00    3.71493e-02    
7.52033e+00    3.59175e-02    
7.64835e+00    3.47181e-02    
7.77855e+00    3.35508e-02    
7.91096e+00    3.24153e-02    
8.04563e+00    3.13115e-02    
8.18259e+00    3.02390e-02    
8.32189e+00    2.91974e-02    
8.46355e+00    2.81864e-02    
8.60763e+00    2.72056e-02    
8.75415e+00    2.62545e-02    
8.90318e+00    2.53327e-02    
9.05474e+00    2.44396e-02    
9.20888e+00    2.35747e-02    
9.36564e+00    2.27374e-02    
9.52507e+00    2.19270e-02    
9.68722e+00    2.11428e-02    
9.85212e+00    2.03842e-02    
1.00198e+01    1.96504e-02    
1.01904e+01    1.89407e-02    
1.03639e+01    1.82543e-02    
1.05403e+01    1.75905e-02    
1.07197e+01    1.69486e-02    
1.09022e+01    1.63280e-02    
1.10878e+01    1.57279e-02    
1.12765e+01    1.51477e-02    
1.14685e+01    1.45870e-02    
1.16637e+01    1.40450e-02    
1.18623e+01    1.35213e-02    
1.20642e+01    1.30154e-02    
1.22696e+01    1.25268e-02    
1.24785e+01    1.20550e-02    
1.26909e+01    1.15995e-02    
1.29069e+01    1.11598e-02    
1.31266e+01    1.07354e-02    
1.33501e+01    1.03260e-02    
1.35774e+01    9.93103e-03    
1.38085e+01    9.55003e-03    
1.40435e+01    9.18260e-03    
1.42826e+01    8.82830e-03    
1.45257e+01    8.48672e-03    
1.47730e+01    8.15745e-03    
1.50245e+01    7.84009e-03    
1.52803e+01    7.53425e-03    
1.55404e+01    7.23957e-03    
1.58049e+01    6.95568e-03    
1.60740e+01    6.68222e-03    
1.63476e+01    6.41884e-03    
1.66259e+01    6.16523e-03    
1.69089e+01    5.92104e-03    
1.71967e+01    5.68596e-03    
1.74895e+01    5.45968e-03    
1.77872e+01    5.24190e-03    
1.80900e+01    5.03234e-03    
1.83980e+01    4.83071e-03    
1.87111e+01    4.63673e-03    
1.90297e+01    4.45014e-03    
1.93536e+01    4.27068e-03    
1.96831e+01    4.09810e-03    
2.00181e+01    3.93215e-03    
2.03589e+01    3.77261e-03    
2.07055e+01    3.61924e-03    
2.10579e+01    3.47181e-03    
2.14164e+01    3.33013e-03    
2.17810e+01    3.19397e-03    
2.21518e+01    3.06314e-03    
2.25289e+01    2.93745e-03    
2.29124e+01    2.81669e-03    
2.33024e+01    2.70069e-03    
2.36991e+01    2.58928e-03    
2.41025e+01    2.48228e-03    
2.45128e+01    2.37952e-03    
2.49301e+01    2.28085e-03    
2.53545e+01    2.18612e-03    
2.57861e+01    2.09518e-03    
2.62250e+01    2.00787e-03    
2.66715e+01    1.92408e-03    
2.71255e+01    1.84365e-03    
2.75873e+01    1.76647e-03    
2.80569e+01    1.69241e-03    
2.85345e+01    1.62135e-03    
2.90202e+01    1.55317e-03    
2.95143e+01    1.48777e-03    
3.00167e+01    1.42503e-03    
3.05277e+01    1.36485e-03    
3.10473e+01    1.30714e-03    
3.15759e+01    1.25178e-03    
3.21134e+01    1.19871e-03    
3.26600e+01    1.14781e-03    
3.32160e+01    1.09901e-03    
3.37815e+01    1.05223e-03    
3.43565e+01    1.00738e-03    
3.49414e+01    9.64394e-04    
3.55362e+01    9.23188e-04    
3.61411e+01    8.83695e-04    
3.67563e+01    8.45846e-04    
3.73821e+01    8.09575e-04    
3.80184e+01    7.74820e-04    
3.86656e+01    7.41518e-04    
3.93238e+01    7.09612e-04    
3.99932e+01    6.79045e-04    
4.06740e+01    6.49762e-04    
4.13664e+01    6.21712e-04    
4.20706e+01    5.94844e-04    
4.27868e+01    5.69110e-04    
4.35151e+01    5.44464e-04    
4.42559e+01    5.20861e-04    
4.50093e+01    4.98259e-04    
4.57755e+01    4.76616e-04    
4.65547e+01    4.55893e-04    
4.73472e+01    4.36052e-04    
4.81532e+01    4.17056e-04    
4.89729e+01    3.98870e-04    
4.98066e+01    3.81462e-04    
5.06544e+01    3.64798e-04    
5.15167e+01    3.48847e-04    
5.23937e+01    3.33581e-04    
5.32856e+01    3.18970e-04    
5.41927e+01    3.04987e-04    
5.51152e+01    2.91605e-04    
5.60535e+01    2.78800e-04    
5.70077e+01    2.66547e-04    
5.79781e+01    2.54823e-04    
5.89651e+01    2.43605e-04    
5.99688e+01    2.32873e-04    
6.09897e+01    2.22606e-04    
6.20279e+01    2.12784e-04    
6.30838e+01    2.03388e-04    
6.41577e+01    1.94400e-04    
6.52499e+01    1.85803e-04    
6.63606e+01    1.77580e-04    
6.74903e+01    1.69716e-04    
6.86392e+01    1.62195e-04    
6.98076e+01    1.55001e-04    
7.09960e+01    1.48123e-04    
7.22045e+01    1.41545e-04    
7.34337e+01    1.35255e-04    
7.46837e+01    1.29240e-04    
7.59551e+01    1.23490e-04    
7.72481e+01    1.17992e-04    
7.85631e+01    1.12735e-04    
7.99005e+01    1.07709e-04    
8.12606e+01    1.02905e-04    
8.26439e+01    9.83121e-05    
8.40508e+01    9.39217e-05    
8.54816e+01    8.97250e-05    
8.69367e+01    8.57137e-05    
8.84166e+01    8.18795e-05    
8.99218e+01    7.82149e-05    
9.14525e+01    7.47125e-05    
9.30093e+01    7.13652e-05    
9.45926e+01    6.81663e-05    
9.62029e+01    6.51093e-05    
9.78405e+01    6.21880e-05    
9.95061e+01    5.93965e-05    
1.01200e+02    5.67290e-05    
1.02923e+02    5.41803e-05    
1.04675e+02    5.17450e-05    
1.06457e+02    4.94183e-05    
1.08269e+02    4.71953e-05    
1.10112e+02    4.50714e-05    
1.11986e+02    4.30424e-05    
1.13893e+02    4.11041e-05    
1.15832e+02    3.92525e-05    
1.17803e+02    3.74837e-05    
1.19809e+02    3.57941e-05    
1.21848e+02    3.41802e-05    
1.23922e+02    3.26387e-05    
1.26032e+02    3.11664e-05    
1.28177e+02    2.97601e-05    
1.30359e+02    2.84171e-05    
1.32579e+02    2.71344e-05    
1.34835e+02    2.59095e-05    
1.37131e+02    2.47397e-05    
1.39465e+02    2.36227e-05    
1.41839e+02    2.25560e-05    
1.44254e+02    2.15374e-05    
1.46709e+02    2.05648e-05    
1.49207e+02    1.96362e-05    
1.51747e+02    1.87495e-05    
1.54330e+02    1.79029e-05    
1.56957e+02    1.70947e-05    
1.59629e+02    1.63231e-05    
1.62346e+02    1.55865e-05    
1.65110e+02    1.48832e-05    
1.67921e+02    1.42119e-05    
1.70779e+02    1.35711e-05    
1.73687e+02    1.29594e-05    
1.76643e+02    1.23754e-05    
1.79650e+02    1.18181e-05    
1.82708e+02    1.12861e-05    
1.85819e+02    1.07783e-05    
1.88982e+02    1.02936e-05    
1.92199e+02    9.83100e-06    
1.95471e+02    9.38948e-06    
1.98798e+02    8.96808e-06    
2.02182e+02    8.56588e-06    
2.05624e+02    8.18201e-06    
2.09125e+02    7.81563e-06    
2.12684e+02    7.46595e-06    
2.16305e+02    7.13221e-06    
2.19987e+02    6.81366e-06    
2.23732e+02    6.50962e-06    
2.27541e+02    6.21942e-06    
2.31414e+02    5.94241e-06    
2.35353e+02    5.67800e-06    
2.39360e+02    5.42560e-06    
2.43435e+02    5.18466e-06    
2.47579e+02    4.95465e-06    
2.51793e+02    4.73505e-06    
2.56079e+02    4.52539e-06    
2.60439e+02    4.32522e-06    
2.64872e+02    4.13407e-06    
2.69381e+02    3.95155e-06    
2.73967e+02    3.77725e-06    
2.78630e+02    3.61079e-06    
2.83374e+02    3.45181e-06    
2.88197e+02    3.29995e-06    
2.93103e+02    3.15490e-06    
2.98093e+02    3.01633e-06    
3.03167e+02    2.88396e-06    
3.08328e+02    2.75748e-06    
3.13577e+02    2.63664e-06    
3.18915e+02    2.52117e-06    
3.24344e+02    2.41083e-06    
3.29865e+02    2.30538e-06    
3.35481e+02    2.20460e-06    
3.41191e+02    2.10828e-06    
3.47000e+02    2.01621e-06    
3.52907e+02    1.92821e-06    
3.58914e+02    1.84408e-06    
3.65024e+02    1.76366e-06    
3.71238e+02    1.68678e-06    
3.77557e+02    1.61327e-06    
3.83985e+02    1.54299e-06    
3.90521e+02    1.47579e-06    
3.97169e+02    1.41154e-06    
4.03930e+02    1.35010e-06    
4.10806e+02    1.29135e-06    
4.17799e+02    1.23516e-06    
4.24912e+02    1.18144e-06    
4.32145e+02    1.13005e-06    
4.39501e+02    1.08091e-06    
4.46983e+02    1.03391e-06    
4.54592e+02    9.88966e-07    
4.62331e+02    9.45976e-07    
4.70201e+02    9.04859e-07    
4.78205e+02    8.65532e-07    
4.86346e+02    8.27917e-07    
4.94625e+02    7.91938e-07    
5.03045e+02    7.57525e-07    
5.11608e+02    7.24608e-07    
5.20317e+02    6.93123e-07    
5.29175e+02    6.63006e-07    
5.38183e+02    6.34198e-07    
5.47344e+02    6.06642e-07    
5.56662e+02    5.80283e-07    
5.66138e+02    5.55069e-07    
5.75775e+02    5.30950e-07    
5.85577e+02    5.07879e-07    
5.95545e+02    4.85810e-07    
6.05683e+02    4.64700e-07    
6.15994e+02    4.44506e-07    
6.26480e+02    4.25189e-07    
6.37144e+02    4.06710e-07    
6.47991e+02    3.89034e-07    
6.59021e+02    3.72126e-07    
6.70240e+02    3.55951e-07    
6.81649e+02    3.40479e-07    
6.93253e+02    3.25679e-07    
7.05054e+02    3.11521e-07    
7.17057e+02    2.97978e-07    
7.29263e+02    2.85023e-07    
7.41677e+02    2.72630e-07    
7.54303e+02    2.60776e-07    
7.67144e+02    2.49436e-07    
7.80203e+02    2.38589e-07    
7.93484e+02    2.28213e-07    
8.06992e+02    2.18287e-07    
8.20729e+02    2.08793e-07    
8.34701e+02    1.99711e-07    
8.48910e+02    1.91024e-07    
8.63361e+02    1.82713e-07    
8.78058e+02    1.74764e-07    
8.93005e+02    1.67161e-07    
9.08207e+02    1.59887e-07    
9.23667e+02    1.52930e-07    
9.39391e+02    1.46275e-07    
9.55382e+02    1.39909e-07    
9.71646e+02    1.33820e-07    
9.88186e+02    1.27995e-07    
1.00501e+03    1.22424e-07    
1.02212e+03    1.17095e-07    
1.03952e+03    1.11997e-07    
1.05721e+03    1.07121e-07    
1.07521e+03    1.02457e-07    
1.09351e+03    9.79962e-08    
1.11213e+03    9.37290e-08    
1.13106e+03    8.96474e-08    
1.15031e+03    8.57433e-08    
1.16989e+03    8.20090e-08    
1.18981e+03    7.84371e-08    
1.21006e+03    7.50206e-08    
1.23066e+03    7.17527e-08    
1.25161e+03    6.86270e-08    
1.27292e+03    6.56373e-08    
1.29459e+03    6.27776e-08    
1.31663e+03    6.00424e-08    
1.33904e+03    5.74262e-08    
1.36183e+03    5.49238e-08    
1.38502e+03    5.25304e-08    
1.40859e+03    5.02411e-08    
1.43257e+03    4.80515e-08    
1.45696e+03    4.59572e-08    
1.48176e+03    4.39541e-08    
1.50698e+03    4.20381e-08    
1.53264e+03    4.02056e-08    
1.55873e+03    3.84529e-08    
1.58526e+03    3.67765e-08    
1.61225e+03    3.51731e-08    
1.63969e+03    3.36395e-08    
1.66761e+03    3.21728e-08    
1.69599e+03    3.07699e-08    
1.72487e+03    2.94281e-08    
1.75423e+03    2.81447e-08    
1.78409e+03    2.69173e-08    
1.81446e+03    2.57433e-08    
1.84535e+03    2.46205e-08    
1.87676e+03    2.35466e-08    
1.90871e+03    2.25195e-08    
1.94120e+03    2.15371e-08    
1.97425e+03    2.05976e-08    
2.00786e+03    1.96990e-08    
2.04204e+03    1.88396e-08    
2.07680e+03    1.80176e-08    
2.11215e+03    1.72315e-08    
2.14811e+03    1.64796e-08    
2.18467e+03    1.57605e-08    
2.22186e+03    1.50727e-08    
2.25969e+03    1.44149e-08    
2.29815e+03    1.37859e-08    
2.33727e+03    1.31842e-08    
2.37706e+03    1.26088e-08    
2.41753e+03    1.20584e-08    
2.45868e+03    1.15321e-08    
2.50053e+03    1.10287e-08    
2.54310e+03    1.05473e-08    
2.58639e+03    1.00868e-08    
2.63042e+03    9.64648e-09    
2.67520e+03    9.22533e-09    
2.72074e+03    8.82256e-09    
2.76705e+03    8.43735e-09    
2.81416e+03    8.06895e-09    
2.86206e+03    7.71662e-09    
2.91078e+03    7.37966e-09    
2.96033e+03    7.05741e-09    
3.01073e+03    6.74921e-09    
3.06198e+03    6.45447e-09    
3.11411e+03    6.17258e-09    
3.16712e+03    5.90300e-09    
3.22103e+03    5.64518e-09    
3.27586e+03    5.39861e-09    
3.33163e+03    5.16280e-09    
3.38834e+03    4.93729e-09    
3.44602e+03    4.72161e-09    
3.50468e+03    4.51535e-09    
3.56434e+03    4.31810e-09    
3.62502e+03    4.12946e-09    
3.68673e+03    3.94905e-09    
3.74949e+03    3.77651e-09    
3.81332e+03    3.61151e-09    
3.87823e+03    3.45372e-09    
3.94425e+03    3.30281e-09    
4.01139e+03    3.15849e-09    
4.07968e+03    3.02048e-09    
4.14913e+03    2.88849e-09    
4.21976e+03    2.76226e-09    
4.29159e+03    2.64155e-09    
4.36465e+03    2.52610e-09    
4.43895e+03    2.41570e-09    
4.51451e+03    2.31012e-09    
4.59136e+03    2.20916e-09    
4.66952e+03    2.11260e-09    
4.74901e+03    2.02026e-09    
4.82986e+03    1.93195e-09    
4.91207e+03    1.84750e-09    
4.99569e+03    1.76674e-09    
5.08073e+03    1.68951e-09    
5.16722e+03    1.61565e-09    
5.25519e+03    1.54502e-09    
5.34465e+03    1.47748e-09    
5.43563e+03    1.41288e-09    
5.52816e+03    1.35111e-09    
5.62227e+03    1.29204e-09    
5.71797e+03    1.23555e-09    
5.81531e+03    1.18152e-09    
5.91431e+03    1.12986e-09    
6.01498e+03    1.08046e-09    
6.11738e+03    1.03321e-09    
6.22151e+03    9.88031e-10    
6.32742e+03    9.44825e-10    
6.43514e+03    9.03507e-10    
6.54468e+03    8.63994e-10    
6.65609e+03    8.26209e-10    
6.76940e+03    7.90075e-10    
6.88464e+03    7.55521e-10    
7.00183e+03    7.22477e-10    
7.12103e+03    6.90878e-10    
7.24225e+03    6.60660e-10    
7.36553e+03    6.31763e-10    
7.49092e+03    6.04129e-10    
7.61843e+03    5.77703e-10    
7.74812e+03    5.52433e-10    
7.88002e+03    5.28267e-10    
8.01416e+03    5.05158e-10    
8.15059e+03    4.83060e-10    
8.28934e+03    4.61927e-10    
8.43045e+03    4.41719e-10    
8.57396e+03    4.22394e-10    
8.71991e+03    4.03914e-10    
8.86835e+03    3.86243e-10    
9.01932e+03    3.69344e-10    
9.17286e+03    3.53184e-10    
9.32901e+03    3.37731e-10    
9.48781e+03    3.22954e-10    
9.64933e+03    3.08823e-10    
9.81359e+03    2.95309e-10    
9.98064e+03    2.82387e-10    
1.01505e+04    2.70031e-10    
1.03233e+04    2.58214e-10    
1.04991e+04    2.46915e-10    
1.06778e+04    2.36109e-10    
1.08596e+04    2.25777e-10    
1.10444e+04    2.15896e-10    
1.12324e+04    2.06448e-10    
1.14237e+04    1.97412e-10    
1.16181e+04    1.88772e-10    
1.18159e+04    1.80511e-10    
1.20170e+04    1.72610e-10    
1.22216e+04    1.65055e-10    
1.24297e+04    1.57831e-10    
1.26412e+04    1.50923e-10    
1.28564e+04    1.44317e-10    
1.30753e+04    1.38000e-10    
1.32979e+04    1.31959e-10    
1.35242e+04    1.26183e-10    
1.37545e+04    1.20659e-10    
1.39886e+04    1.15377e-10    
1.42267e+04    1.10327e-10    
1.44689e+04    1.05497e-10    
1.47152e+04    1.00879e-10    
1.49657e+04    9.64623e-11    
1.52205e+04    9.22393e-11    
1.54796e+04    8.82011e-11    
1.57431e+04    8.43396e-11    
1.60111e+04    8.06471e-11    
1.62837e+04    7.71162e-11    
1.65609e+04    7.37399e-11    
1.68428e+04    7.05113e-11    
1.71295e+04    6.74240e-11    
1.74211e+04    6.44718e-11    
1.77176e+04    6.16489e-11    
1.80192e+04    5.89495e-11    
1.83260e+04    5.63683e-11    
1.86380e+04    5.39000e-11    
1.89552e+04    5.15398e-11    
1.92779e+04    4.92829e-11    
1.96061e+04    4.71248e-11    
1.99398e+04    4.50612e-11    
2.02793e+04    4.30879e-11    
2.06245e+04    4.12010e-11    
2.09756e+04    3.93967e-11    
2.13326e+04    3.76714e-11    
2.16958e+04    3.60216e-11    
2.20651e+04    3.44440e-11    
2.24407e+04    3.29355e-11    
2.28227e+04    3.14931e-11    
2.32113e+04    3.01138e-11    
2.36064e+04    2.87949e-11    
2.40082e+04    2.75337e-11    
2.44169e+04    2.63278e-11    
2.48326e+04    2.51747e-11    
2.52553e+04    2.40720e-11    
2.56852e+04    2.30176e-11    
2.61225e+04    2.20094e-11    
2.65672e+04    2.10454e-11    
2.70194e+04    2.01235e-11    
2.74794e+04    1.92421e-11    
2.79471e+04    1.83992e-11    
2.84229e+04    1.75932e-11    
2.89067e+04    1.68226e-11    
2.93988e+04    1.60856e-11    
2.98993e+04    1.53810e-11    
3.04083e+04    1.47072e-11    
3.09259e+04    1.40629e-11    
3.14524e+04    1.34468e-11    
3.19878e+04    1.28578e-11    
3.25323e+04    1.22945e-11    
3.30861e+04    1.17559e-11    
3.36493e+04    1.12408e-11    
3.42221e+04    1.07484e-11    
3.48047e+04    1.02775e-11    
3.53972e+04    9.82718e-12    
3.59998e+04    9.39663e-12    
3.66126e+04    8.98494e-12    
3.72358e+04    8.59127e-12    
3.78697e+04    8.21485e-12    
3.85144e+04    7.85492e-12    
3.91700e+04    7.51076e-12    
3.98368e+04    7.18167e-12    
4.05149e+04    6.86700e-12    
4.12046e+04    6.56611e-12    
4.19061e+04    6.27840e-12    
4.26194e+04    6.00329e-12    
4.33449e+04    5.74024e-12    
4.40828e+04    5.48871e-12    
4.48332e+04    5.24819e-12    
4.55964e+04    5.01822e-12    
4.63726e+04    4.79832e-12    
4.71620e+04    4.58805e-12    
4.79649e+04    4.38700e-12    
4.87814e+04    4.19475e-12    
4.96118e+04    4.01093e-12    
5.04563e+04    3.83516e-12    
5.13152e+04    3.66709e-12    
5.21888e+04    3.50638e-12    
5.30772e+04    3.35272e-12    
5.39807e+04    3.20579e-12    
5.48997e+04    3.06529e-12    
5.58342e+04    2.93095e-12    
5.67847e+04    2.80250e-12    
5.77513e+04    2.67968e-12    
5.87344e+04    2.56223e-12    
5.97343e+04    2.44994e-12    
6.07511e+04    2.34256e-12    
6.17853e+04    2.23989e-12    
6.28371e+04    2.14172e-12    
6.39068e+04    2.04785e-12    
6.49946e+04    1.95809e-12    
6.61011e+04    1.87227e-12    
6.72263e+04    1.79020e-12    
6.83707e+04    1.71174e-12    
6.95346e+04    1.63671e-12    
7.07183e+04    1.56497e-12    
7.19221e+04    1.49637e-12    
7.31464e+04    1.43078e-12    
7.43916e+04    1.36807e-12    
7.56580e+04    1.30810e-12    
7.69459e+04    1.25076e-12    
7.82558e+04    1.19593e-12    
7.95879e+04    1.14351e-12    
8.09428e+04    1.09338e-12    
8.23207e+04    1.04545e-12    
8.37220e+04    9.99625e-13    
8.51472e+04    9.55805e-13    
8.65967e+04    9.13905e-13    
8.80708e+04    8.73842e-13    
8.95701e+04    8.35535e-13    
9.10948e+04    7.98907e-13    
9.26455e+04    7.63884e-13    
9.42226e+04    7.30396e-13    
9.58266e+04    6.98376e-13    
9.74579e+04    6.67759e-13    
9.91169e+04    6.38484e-13    
1.00804e+05    6.10493e-13    
1.02520e+05    5.83728e-13    
1.04265e+05    5.58137e-13    
1.06040e+05    5.33667e-13    
1.07845e+05    5.10270e-13    
1.09681e+05    4.87899e-13    
1.11548e+05    4.66508e-13    
1.13447e+05    4.46055e-13    
1.15378e+05    4.26498e-13    
1.17343e+05    4.07799e-13    
1.19340e+05    3.89919e-13    
1.21372e+05    3.72823e-13    
1.23438e+05    3.56477e-13    
1.25539e+05    3.40847e-13    
1.27676e+05    3.25903e-13    
1.29850e+05    3.11613e-13    
1.32060e+05    2.97950e-13    
1.34308e+05    2.84886e-13    
1.36594e+05    2.72395e-13    
1.38920e+05    2.60451e-13    
1.41284e+05    2.49031e-13    
1.43690e+05    2.38111e-13    
1.46136e+05    2.27670e-13    
1.48623e+05    2.17687e-13    
1.51153e+05    2.08142e-13    
1.53726e+05    1.99015e-13    
1.56343e+05    1.90288e-13    
1.59005e+05    1.81944e-13    
1.61712e+05    1.73966e-13    
1.64464e+05    1.66337e-13    
1.67264e+05    1.59043e-13    
1.70111e+05    1.52069e-13    
1.73007e+05    1.45401e-13    
1.75952e+05    1.39025e-13    
1.78948e+05    1.32928e-13    
1.81994e+05    1.27099e-13    
1.85092e+05    1.21525e-13    
1.88243e+05    1.16196e-13    
1.91447e+05    1.11100e-13    
1.94706e+05    1.06228e-13    
1.98021e+05    1.01570e-13    
2.01392e+05    9.71154e-14    
2.04820e+05    9.28564e-14    
2.08307e+05    8.87842e-14    
2.11853e+05    8.48906e-14    
2.15459e+05    8.11677e-14    
2.19127e+05    7.76080e-14    
2.22857e+05    7.42044e-14    
2.26651e+05    7.09501e-14    
2.30509e+05    6.78384e-14    
2.34433e+05    6.48633e-14    
2.38424e+05    6.20185e-14    
2.42482e+05    5.92986e-14    
2.46610e+05    5.66979e-14    
2.50808e+05    5.42112e-14    
2.55078e+05    5.18336e-14    
2.59420e+05    4.95603e-14    
2.63836e+05    4.73866e-14    
2.68327e+05    4.53083e-14    
2.72895e+05    4.33211e-14    
2.77541e+05    4.14210e-14    
2.82265e+05    3.96043e-14    
2.87070e+05    3.78673e-14    
2.91957e+05    3.62064e-14    
2.96927e+05    3.46184e-14    
3.01982e+05    3.31000e-14    
3.07122e+05    3.16482e-14    
3.12350e+05    3.02600e-14    
3.17668e+05    2.89328e-14    
3.23075e+05    2.76637e-14    
3.28575e+05    2.64503e-14    
3.34168e+05    2.52902e-14    
3.39857e+05    2.41809e-14    
3.45642e+05    2.31202e-14    
3.51526e+05    2.21061e-14    
3.57510e+05    2.11364e-14    
3.63596e+05    2.02093e-14    
3.69786e+05    1.93229e-14    
3.76081e+05    1.84753e-14    
3.82483e+05    1.76649e-14    
3.88994e+05    1.68900e-14    
3.95616e+05    1.61491e-14    
4.02350e+05    1.54407e-14    
4.09199e+05    1.47634e-14    
4.16165e+05    1.41158e-14    
4.23250e+05    1.34966e-14    
4.30455e+05    1.29046e-14    
4.37782e+05    1.23385e-14    
4.45235e+05    1.17973e-14    
4.52814e+05    1.12798e-14    
4.60522e+05    1.07849e-14    
4.68362e+05    1.03118e-14    
4.76335e+05    9.85948e-15    
4.84443e+05    9.42697e-15    
4.92690e+05    9.01343e-15    
5.01077e+05    8.61803e-15    
5.09607e+05    8.23997e-15    
5.18282e+05    7.87850e-15    
5.27105e+05    7.53288e-15    
5.36078e+05    7.20242e-15    
5.45204e+05    6.88646e-15    
5.54485e+05    6.58435e-15    
5.63924e+05    6.29550e-15    
5.73523e+05    6.01932e-15    
5.83286e+05    5.75525e-15    
5.93216e+05    5.50277e-15    
6.03314e+05    5.26136e-15    
6.13584e+05    5.03054e-15    
6.24029e+05    4.80985e-15    
6.34652e+05    4.59883e-15    
6.45456e+05    4.39708e-15    
6.56444e+05    4.20417e-15    
6.67618e+05    4.01973e-15    
6.78983e+05    3.84338e-15    
6.90542e+05    3.67476e-15    
7.02297e+05    3.51354e-15    
7.14252e+05    3.35939e-15    
7.26411e+05    3.21201e-15    
7.38777e+05    3.07109e-15    
7.51353e+05    2.93635e-15    
7.64143e+05    2.80752e-15    
7.77151e+05    2.68435e-15    
7.90381e+05    2.56658e-15    
8.03835e+05    2.45397e-15    
8.17519e+05    2.34631e-15    
8.31436e+05    2.24336e-15    
8.45589e+05    2.14494e-15    
8.59984e+05    2.05083e-15    
8.74623e+05    1.96085e-15    
8.89512e+05    1.87482e-15    
9.04654e+05    1.79256e-15    
9.20054e+05    1.71391e-15    
9.35717e+05    1.63871e-15    
9.51645e+05    1.56682e-15    
9.67845e+05    1.49807e-15    
9.84321e+05    1.43234e-15    
1.00108e+06    1.36950e-15    
1.01812e+06    1.30941e-15    
1.03545e+06    1.25196e-15    
1.05308e+06    1.19702e-15    
1.07100e+06    1.14450e-15    
1.08923e+06    1.09429e-15    
1.10778e+06    1.04627e-15    
1.12663e+06    1.00036e-15    
1.14581e+06    9.56471e-16    
1.16532e+06    9.14504e-16    
1.18516e+06    8.74377e-16    
1.20533e+06    8.36012e-16    
1.22585e+06    7.99329e-16    
1.24672e+06    7.64256e-16    
1.26794e+06    7.30722e-16    
1.28952e+06    6.98659e-16    
1.31148e+06    6.68003e-16    
1.33380e+06    6.38692e-16    
1.35651e+06    6.10667e-16    
1.37960e+06    5.83871e-16    
1.40308e+06    5.58251e-16    
1.42697e+06    5.33756e-16    
1.45126e+06    5.10335e-16    
1.47596e+06    4.87941e-16    
1.50109e+06    4.66530e-16    
1.52664e+06    4.46059e-16    
1.55263e+06    4.26486e-16    
1.57906e+06    4.07772e-16    
1.60594e+06    3.89878e-16    
1.63328e+06    3.72770e-16    
1.66108e+06    3.56413e-16    
1.68936e+06    3.40773e-16    
1.71812e+06    3.25820e-16    
1.74737e+06    3.11522e-16    
1.77711e+06    2.97852e-16    
1.80736e+06    2.84782e-16    
1.83813e+06    2.72286e-16    
1.86942e+06    2.60337e-16    
1.90124e+06    2.48913e-16    
1.93361e+06    2.37990e-16    
1.96653e+06    2.27547e-16    
2.00000e+06    2.17561e-16    

