# USINE V4.0
# File generated 13-05-2022 11:20:51
# Model1DKisoVc
# LI
# SolMod0DFF_phi0_970GV
# R [GV]       TOA [GV m^{2} s sr]^{-1}
1.00854e-01    1.13635e-04    
1.02565e-01    1.19471e-04    
1.04305e-01    1.25605e-04    
1.06074e-01    1.32054e-04    
1.07873e-01    1.38832e-04    
1.09703e-01    1.45957e-04    
1.11563e-01    1.53447e-04    
1.13456e-01    1.61320e-04    
1.15380e-01    1.69595e-04    
1.17337e-01    1.78294e-04    
1.19327e-01    1.87436e-04    
1.21351e-01    1.97047e-04    
1.23410e-01    2.07148e-04    
1.25503e-01    2.17764e-04    
1.27632e-01    2.28923e-04    
1.29797e-01    2.40652e-04    
1.31998e-01    2.52979e-04    
1.34237e-01    2.65935e-04    
1.36514e-01    2.79551e-04    
1.38830e-01    2.93862e-04    
1.41184e-01    3.08902e-04    
1.43579e-01    3.24709e-04    
1.46015e-01    3.41320e-04    
1.48491e-01    3.58778e-04    
1.51010e-01    3.77124e-04    
1.53571e-01    3.96404e-04    
1.56176e-01    4.16665e-04    
1.58825e-01    4.37956e-04    
1.61519e-01    4.60329e-04    
1.64259e-01    4.83839e-04    
1.67045e-01    5.08544e-04    
1.69878e-01    5.34503e-04    
1.72760e-01    5.61779e-04    
1.75690e-01    5.90440e-04    
1.78670e-01    6.20554e-04    
1.81701e-01    6.52195e-04    
1.84783e-01    6.85439e-04    
1.87917e-01    7.20367e-04    
1.91104e-01    7.57063e-04    
1.94346e-01    7.95617e-04    
1.97642e-01    8.36121e-04    
2.00995e-01    8.78672e-04    
2.04404e-01    9.23365e-04    
2.07871e-01    9.70305e-04    
2.11397e-01    1.01960e-03    
2.14982e-01    1.07137e-03    
2.18629e-01    1.12573e-03    
2.22337e-01    1.18281e-03    
2.26108e-01    1.24274e-03    
2.29944e-01    1.30566e-03    
2.33844e-01    1.37173e-03    
2.37810e-01    1.44108e-03    
2.41844e-01    1.51388e-03    
2.45946e-01    1.59029e-03    
2.50118e-01    1.67049e-03    
2.54360e-01    1.75467e-03    
2.58675e-01    1.84300e-03    
2.63062e-01    1.93570e-03    
2.67524e-01    2.03296e-03    
2.72062e-01    2.13501e-03    
2.76677e-01    2.24207e-03    
2.81370e-01    2.35438e-03    
2.86142e-01    2.47218e-03    
2.90996e-01    2.59574e-03    
2.95931e-01    2.72532e-03    
3.00951e-01    2.86121e-03    
3.06056e-01    3.00369e-03    
3.11247e-01    3.15307e-03    
3.16526e-01    3.30966e-03    
3.21895e-01    3.47381e-03    
3.27355e-01    3.64586e-03    
3.32907e-01    3.82615e-03    
3.38554e-01    4.01507e-03    
3.44297e-01    4.21301e-03    
3.50137e-01    4.42037e-03    
3.56075e-01    4.63756e-03    
3.62115e-01    4.86503e-03    
3.68257e-01    5.10323e-03    
3.74504e-01    5.35263e-03    
3.80856e-01    5.61371e-03    
3.87316e-01    5.88699e-03    
3.93885e-01    6.17298e-03    
4.00566e-01    6.47222e-03    
4.07361e-01    6.78530e-03    
4.14270e-01    7.11277e-03    
4.21297e-01    7.45525e-03    
4.28443e-01    7.81336e-03    
4.35710e-01    8.18773e-03    
4.43101e-01    8.57904e-03    
4.50616e-01    8.98797e-03    
4.58260e-01    9.41521e-03    
4.66033e-01    9.86151e-03    
4.73937e-01    1.03276e-02    
4.81976e-01    1.08142e-02    
4.90151e-01    1.13222e-02    
4.98465e-01    1.18524e-02    
5.06920e-01    1.24056e-02    
5.15518e-01    1.29826e-02    
5.24263e-01    1.35843e-02    
5.33155e-01    1.42116e-02    
5.42198e-01    1.48654e-02    
5.51395e-01    1.55466e-02    
5.60748e-01    1.62562e-02    
5.70259e-01    1.69952e-02    
5.79931e-01    1.77645e-02    
5.89768e-01    1.85650e-02    
5.99772e-01    1.93979e-02    
6.09945e-01    2.02640e-02    
6.20291e-01    2.11645e-02    
6.30812e-01    2.21003e-02    
6.41512e-01    2.30725e-02    
6.52393e-01    2.40820e-02    
6.63459e-01    2.51300e-02    
6.74712e-01    2.62174e-02    
6.86156e-01    2.73452e-02    
6.97795e-01    2.85145e-02    
7.09631e-01    2.97262e-02    
7.21667e-01    3.09813e-02    
7.33908e-01    3.22808e-02    
7.46356e-01    3.36255e-02    
7.59016e-01    3.50164e-02    
7.71890e-01    3.64542e-02    
7.84983e-01    3.79399e-02    
7.98298e-01    3.94741e-02    
8.11838e-01    4.10575e-02    
8.25608e-01    4.26908e-02    
8.39612e-01    4.43746e-02    
8.53854e-01    4.61093e-02    
8.68336e-01    4.78954e-02    
8.83065e-01    4.97331e-02    
8.98043e-01    5.16228e-02    
9.13276e-01    5.35646e-02    
9.28767e-01    5.55584e-02    
9.44520e-01    5.76043e-02    
9.60541e-01    5.97019e-02    
9.76833e-01    6.18509e-02    
9.93402e-01    6.40509e-02    
1.01025e+00    6.63012e-02    
1.02739e+00    6.86011e-02    
1.04481e+00    7.09496e-02    
1.06254e+00    7.33457e-02    
1.08056e+00    7.57882e-02    
1.09889e+00    7.82757e-02    
1.11753e+00    8.08067e-02    
1.13648e+00    8.33796e-02    
1.15576e+00    8.59926e-02    
1.17536e+00    8.86438e-02    
1.19530e+00    9.13310e-02    
1.21557e+00    9.40520e-02    
1.23619e+00    9.68044e-02    
1.25716e+00    9.95856e-02    
1.27848e+00    1.02393e-01    
1.30017e+00    1.05224e-01    
1.32222e+00    1.08075e-01    
1.34465e+00    1.10943e-01    
1.36746e+00    1.13825e-01    
1.39065e+00    1.16718e-01    
1.41424e+00    1.19618e-01    
1.43823e+00    1.22521e-01    
1.46262e+00    1.25424e-01    
1.48743e+00    1.28324e-01    
1.51266e+00    1.31215e-01    
1.53832e+00    1.34094e-01    
1.56441e+00    1.36957e-01    
1.59094e+00    1.39799e-01    
1.61793e+00    1.42616e-01    
1.64537e+00    1.45404e-01    
1.67328e+00    1.48160e-01    
1.70166e+00    1.50879e-01    
1.73053e+00    1.53557e-01    
1.75988e+00    1.56190e-01    
1.78973e+00    1.58776e-01    
1.82009e+00    1.61310e-01    
1.85096e+00    1.63790e-01    
1.88236e+00    1.66211e-01    
1.91428e+00    1.68572e-01    
1.94675e+00    1.70870e-01    
1.97977e+00    1.73103e-01    
2.01335e+00    1.75268e-01    
2.04750e+00    1.77363e-01    
2.08223e+00    1.79385e-01    
2.11755e+00    1.81332e-01    
2.15347e+00    1.83200e-01    
2.19000e+00    1.84987e-01    
2.22714e+00    1.86690e-01    
2.26492e+00    1.88305e-01    
2.30334e+00    1.89830e-01    
2.34240e+00    1.91260e-01    
2.38214e+00    1.92593e-01    
2.42254e+00    1.93825e-01    
2.46363e+00    1.94950e-01    
2.50542e+00    1.95964e-01    
2.54792e+00    1.96864e-01    
2.59113e+00    1.97645e-01    
2.63508e+00    1.98302e-01    
2.67978e+00    1.98833e-01    
2.72523e+00    1.99231e-01    
2.77146e+00    1.99492e-01    
2.81847e+00    1.99613e-01    
2.86627e+00    1.99587e-01    
2.91489e+00    1.99412e-01    
2.96433e+00    1.99082e-01    
3.01461e+00    1.98594e-01    
3.06575e+00    1.97940e-01    
3.11775e+00    1.97116e-01    
3.17063e+00    1.96114e-01    
3.22441e+00    1.94926e-01    
3.27910e+00    1.93547e-01    
3.33472e+00    1.91972e-01    
3.39128e+00    1.90199e-01    
3.44880e+00    1.88227e-01    
3.50730e+00    1.86061e-01    
3.56679e+00    1.83707e-01    
3.62729e+00    1.81176e-01    
3.68882e+00    1.78485e-01    
3.75139e+00    1.75649e-01    
3.81502e+00    1.72688e-01    
3.87973e+00    1.69619e-01    
3.94553e+00    1.66457e-01    
4.01246e+00    1.63220e-01    
4.08052e+00    1.59921e-01    
4.14973e+00    1.56574e-01    
4.22012e+00    1.53190e-01    
4.29170e+00    1.49781e-01    
4.36449e+00    1.46355e-01    
4.43852e+00    1.42921e-01    
4.51381e+00    1.39487e-01    
4.59037e+00    1.36059e-01    
4.66823e+00    1.32643e-01    
4.74741e+00    1.29245e-01    
4.82794e+00    1.25870e-01    
4.90983e+00    1.22521e-01    
4.99311e+00    1.19203e-01    
5.07780e+00    1.15919e-01    
5.16393e+00    1.12673e-01    
5.25152e+00    1.09467e-01    
5.34059e+00    1.06305e-01    
5.43118e+00    1.03189e-01    
5.52330e+00    1.00121e-01    
5.61698e+00    9.71024e-02    
5.71226e+00    9.41356e-02    
5.80915e+00    9.12219e-02    
5.90768e+00    8.83626e-02    
6.00789e+00    8.55586e-02    
6.10979e+00    8.28108e-02    
6.21342e+00    8.01198e-02    
6.31882e+00    7.74865e-02    
6.42599e+00    7.49112e-02    
6.53499e+00    7.23943e-02    
6.64584e+00    6.99363e-02    
6.75856e+00    6.75372e-02    
6.87320e+00    6.51971e-02    
6.98978e+00    6.29160e-02    
7.10834e+00    6.06937e-02    
7.22891e+00    5.85301e-02    
7.35153e+00    5.64249e-02    
7.47622e+00    5.43778e-02    
7.60303e+00    5.23884e-02    
7.73199e+00    5.04561e-02    
7.86314e+00    4.85806e-02    
7.99651e+00    4.67611e-02    
8.13215e+00    4.49970e-02    
8.27008e+00    4.32876e-02    
8.41036e+00    4.16321e-02    
8.55301e+00    4.00296e-02    
8.69809e+00    3.84792e-02    
8.84562e+00    3.69800e-02    
8.99566e+00    3.55310e-02    
9.14825e+00    3.41310e-02    
9.30342e+00    3.27791e-02    
9.46122e+00    3.14740e-02    
9.62170e+00    3.02147e-02    
9.78490e+00    2.90001e-02    
9.95087e+00    2.78290e-02    
1.01197e+01    2.67002e-02    
1.02913e+01    2.56126e-02    
1.04659e+01    2.45650e-02    
1.06434e+01    2.35563e-02    
1.08239e+01    2.25852e-02    
1.10075e+01    2.16507e-02    
1.11942e+01    2.07516e-02    
1.13841e+01    1.98866e-02    
1.15772e+01    1.90548e-02    
1.17735e+01    1.82549e-02    
1.19733e+01    1.74859e-02    
1.21763e+01    1.67467e-02    
1.23829e+01    1.60363e-02    
1.25929e+01    1.53538e-02    
1.28065e+01    1.46980e-02    
1.30237e+01    1.40682e-02    
1.32446e+01    1.34635e-02    
1.34693e+01    1.28828e-02    
1.36977e+01    1.23254e-02    
1.39301e+01    1.17904e-02    
1.41664e+01    1.12772e-02    
1.44067e+01    1.07848e-02    
1.46510e+01    1.03126e-02    
1.48995e+01    9.85972e-03    
1.51522e+01    9.42557e-03    
1.54093e+01    9.00941e-03    
1.56706e+01    8.61054e-03    
1.59364e+01    8.22831e-03    
1.62067e+01    7.86207e-03    
1.64816e+01    7.51122e-03    
1.67612e+01    7.17517e-03    
1.70455e+01    6.85334e-03    
1.73346e+01    6.54518e-03    
1.76286e+01    6.25015e-03    
1.79277e+01    5.96775e-03    
1.82317e+01    5.69746e-03    
1.85410e+01    5.43881e-03    
1.88555e+01    5.19134e-03    
1.91753e+01    4.95459e-03    
1.95005e+01    4.72814e-03    
1.98313e+01    4.51157e-03    
2.01677e+01    4.30447e-03    
2.05098e+01    4.10647e-03    
2.08576e+01    3.91717e-03    
2.12114e+01    3.73624e-03    
2.15712e+01    3.56332e-03    
2.19371e+01    3.39807e-03    
2.23092e+01    3.24017e-03    
2.26876e+01    3.08932e-03    
2.30724e+01    2.94522e-03    
2.34638e+01    2.80759e-03    
2.38618e+01    2.67614e-03    
2.42665e+01    2.55063e-03    
2.46781e+01    2.43078e-03    
2.50967e+01    2.31637e-03    
2.55224e+01    2.20715e-03    
2.59553e+01    2.10290e-03    
2.63955e+01    2.00341e-03    
2.68432e+01    1.90846e-03    
2.72985e+01    1.81787e-03    
2.77616e+01    1.73144e-03    
2.82325e+01    1.64898e-03    
2.87113e+01    1.57033e-03    
2.91983e+01    1.49531e-03    
2.96936e+01    1.42377e-03    
3.01972e+01    1.35555e-03    
3.07094e+01    1.29050e-03    
3.12303e+01    1.22848e-03    
3.17601e+01    1.16935e-03    
3.22988e+01    1.11299e-03    
3.28466e+01    1.05927e-03    
3.34037e+01    1.00807e-03    
3.39703e+01    9.59281e-04    
3.45465e+01    9.12788e-04    
3.51325e+01    8.68489e-04    
3.57284e+01    8.26284e-04    
3.63344e+01    7.86077e-04    
3.69507e+01    7.47778e-04    
3.75775e+01    7.11298e-04    
3.82149e+01    6.76554e-04    
3.88631e+01    6.43467e-04    
3.95222e+01    6.11959e-04    
4.01926e+01    5.81957e-04    
4.08743e+01    5.53392e-04    
4.15677e+01    5.26198e-04    
4.22727e+01    5.00309e-04    
4.29897e+01    4.75666e-04    
4.37189e+01    4.52210e-04    
4.44605e+01    4.29886e-04    
4.52146e+01    4.08641e-04    
4.59815e+01    3.88423e-04    
4.67615e+01    3.69185e-04    
4.75546e+01    3.50880e-04    
4.83612e+01    3.33465e-04    
4.91815e+01    3.16897e-04    
5.00157e+01    3.01136e-04    
5.08641e+01    2.86143e-04    
5.17268e+01    2.71883e-04    
5.26042e+01    2.58320e-04    
5.34965e+01    2.45421e-04    
5.44039e+01    2.33155e-04    
5.53267e+01    2.21490e-04    
5.62651e+01    2.10399e-04    
5.72194e+01    1.99853e-04    
5.81900e+01    1.89827e-04    
5.91770e+01    1.80295e-04    
6.01807e+01    1.71234e-04    
6.12015e+01    1.62621e-04    
6.22396e+01    1.54433e-04    
6.32953e+01    1.46652e-04    
6.43689e+01    1.39256e-04    
6.54607e+01    1.32227e-04    
6.65711e+01    1.25548e-04    
6.77002e+01    1.19201e-04    
6.88485e+01    1.13170e-04    
7.00163e+01    1.07439e-04    
7.12039e+01    1.01995e-04    
7.24117e+01    9.68221e-05    
7.36399e+01    9.19082e-05    
7.48890e+01    8.72402e-05    
7.61592e+01    8.28060e-05    
7.74510e+01    7.85942e-05    
7.87647e+01    7.45939e-05    
8.01007e+01    7.07944e-05    
8.14594e+01    6.71861e-05    
8.28411e+01    6.37593e-05    
8.42462e+01    6.05052e-05    
8.56752e+01    5.74152e-05    
8.71284e+01    5.44811e-05    
8.86062e+01    5.16952e-05    
9.01092e+01    4.90502e-05    
9.16376e+01    4.65390e-05    
9.31919e+01    4.41549e-05    
9.47726e+01    4.18918e-05    
9.63801e+01    3.97434e-05    
9.80149e+01    3.77041e-05    
9.96774e+01    3.57685e-05    
1.01368e+02    3.39313e-05    
1.03088e+02    3.21876e-05    
1.04836e+02    3.05327e-05    
1.06614e+02    2.89622e-05    
1.08423e+02    2.74719e-05    
1.10262e+02    2.60576e-05    
1.12132e+02    2.47156e-05    
1.14034e+02    2.34423e-05    
1.15968e+02    2.22342e-05    
1.17935e+02    2.10879e-05    
1.19936e+02    2.00004e-05    
1.21970e+02    1.89687e-05    
1.24039e+02    1.79900e-05    
1.26143e+02    1.70615e-05    
1.28282e+02    1.61809e-05    
1.30458e+02    1.53455e-05    
1.32671e+02    1.45532e-05    
1.34921e+02    1.38017e-05    
1.37210e+02    1.30890e-05    
1.39537e+02    1.24131e-05    
1.41904e+02    1.17721e-05    
1.44311e+02    1.11643e-05    
1.46759e+02    1.05879e-05    
1.49248e+02    1.00413e-05    
1.51779e+02    9.52307e-06    
1.54354e+02    9.03172e-06    
1.56972e+02    8.56586e-06    
1.59635e+02    8.12419e-06    
1.62342e+02    7.70547e-06    
1.65096e+02    7.30852e-06    
1.67896e+02    6.93223e-06    
1.70744e+02    6.57552e-06    
1.73640e+02    6.23739e-06    
1.76585e+02    5.91688e-06    
1.79581e+02    5.61309e-06    
1.82627e+02    5.32514e-06    
1.85724e+02    5.05221e-06    
1.88874e+02    4.79353e-06    
1.92078e+02    4.54835e-06    
1.95336e+02    4.31598e-06    
1.98649e+02    4.09574e-06    
2.02019e+02    3.88700e-06    
2.05445e+02    3.68915e-06    
2.08930e+02    3.50164e-06    
2.12474e+02    3.32391e-06    
2.16078e+02    3.15545e-06    
2.19743e+02    2.99578e-06    
2.23470e+02    2.84442e-06    
2.27261e+02    2.70094e-06    
2.31115e+02    2.56493e-06    
2.35036e+02    2.43598e-06    
2.39022e+02    2.31373e-06    
2.43076e+02    2.19781e-06    
2.47199e+02    2.08789e-06    
2.51392e+02    1.98365e-06    
2.55656e+02    1.88479e-06    
2.59993e+02    1.79102e-06    
2.64403e+02    1.70207e-06    
2.68888e+02    1.61768e-06    
2.73448e+02    1.53761e-06    
2.78087e+02    1.46164e-06    
2.82803e+02    1.38954e-06    
2.87600e+02    1.32110e-06    
2.92478e+02    1.25614e-06    
2.97439e+02    1.19447e-06    
3.02485e+02    1.13591e-06    
3.07615e+02    1.08030e-06    
3.12833e+02    1.02749e-06    
3.18139e+02    9.77326e-07    
3.23535e+02    9.29673e-07    
3.29023e+02    8.84399e-07    
3.34604e+02    8.41380e-07    
3.40279e+02    8.00499e-07    
3.46051e+02    7.61646e-07    
3.51921e+02    7.24715e-07    
3.57890e+02    6.89608e-07    
3.63960e+02    6.56232e-07    
3.70134e+02    6.24498e-07    
3.76412e+02    5.94322e-07    
3.82797e+02    5.65625e-07    
3.89290e+02    5.38333e-07    
3.95893e+02    5.12374e-07    
4.02608e+02    4.87681e-07    
4.09437e+02    4.64192e-07    
4.16381e+02    4.41845e-07    
4.23444e+02    4.20584e-07    
4.30626e+02    4.00355e-07    
4.37931e+02    3.81107e-07    
4.45359e+02    3.62790e-07    
4.52913e+02    3.45360e-07    
4.60595e+02    3.28772e-07    
4.68407e+02    3.12985e-07    
4.76352e+02    2.97960e-07    
4.84432e+02    2.83659e-07    
4.92649e+02    2.70048e-07    
5.01005e+02    2.57092e-07    
5.09503e+02    2.44759e-07    
5.18145e+02    2.33019e-07    
5.26934e+02    2.21844e-07    
5.35872e+02    2.11206e-07    
5.44961e+02    2.01078e-07    
5.54205e+02    1.91437e-07    
5.63605e+02    1.82259e-07    
5.73165e+02    1.73521e-07    
5.82887e+02    1.65202e-07    
5.92773e+02    1.57283e-07    
6.02828e+02    1.49743e-07    
6.13053e+02    1.42564e-07    
6.23452e+02    1.35730e-07    
6.34026e+02    1.29223e-07    
6.44781e+02    1.23028e-07    
6.55717e+02    1.17129e-07    
6.66839e+02    1.11514e-07    
6.78150e+02    1.06167e-07    
6.89653e+02    1.01076e-07    
7.01351e+02    9.62294e-08    
7.13247e+02    9.16148e-08    
7.25345e+02    8.72212e-08    
7.37648e+02    8.30380e-08    
7.50160e+02    7.90552e-08    
7.62884e+02    7.52632e-08    
7.75824e+02    7.16528e-08    
7.88983e+02    6.82153e-08    
8.02366e+02    6.49425e-08    
8.15975e+02    6.18264e-08    
8.29816e+02    5.88597e-08    
8.43891e+02    5.60350e-08    
8.58205e+02    5.33457e-08    
8.72761e+02    5.07852e-08    
8.87565e+02    4.83474e-08    
9.02620e+02    4.60265e-08    
9.17930e+02    4.38167e-08    
9.33499e+02    4.17129e-08    
9.49333e+02    3.97099e-08    
9.65436e+02    3.78029e-08    
9.81811e+02    3.59873e-08    
9.98465e+02    3.42587e-08    
1.01540e+03    3.26131e-08    
1.03262e+03    3.10463e-08    
1.05014e+03    2.95547e-08    
1.06795e+03    2.81346e-08    
1.08607e+03    2.67826e-08    
1.10449e+03    2.54955e-08    
1.12322e+03    2.42701e-08    
1.14227e+03    2.31035e-08    
1.16165e+03    2.19929e-08    
1.18135e+03    2.09355e-08    
1.20139e+03    1.99289e-08    
1.22177e+03    1.89707e-08    
1.24249e+03    1.80584e-08    
1.26357e+03    1.71899e-08    
1.28500e+03    1.63631e-08    
1.30679e+03    1.55760e-08    
1.32896e+03    1.48267e-08    
1.35150e+03    1.41134e-08    
1.37442e+03    1.34343e-08    
1.39774e+03    1.27879e-08    
1.42145e+03    1.21725e-08    
1.44556e+03    1.15866e-08    
1.47007e+03    1.10289e-08    
1.49501e+03    1.04981e-08    
1.52037e+03    9.99268e-09    
1.54616e+03    9.51159e-09    
1.57238e+03    9.05363e-09    
1.59905e+03    8.61767e-09    
1.62617e+03    8.20268e-09    
1.65376e+03    7.80764e-09    
1.68181e+03    7.43159e-09    
1.71033e+03    7.07362e-09    
1.73935e+03    6.73287e-09    
1.76885e+03    6.40851e-09    
1.79885e+03    6.09974e-09    
1.82936e+03    5.80584e-09    
1.86039e+03    5.52607e-09    
1.89195e+03    5.25976e-09    
1.92404e+03    5.00626e-09    
1.95667e+03    4.76496e-09    
1.98986e+03    4.53528e-09    
2.02361e+03    4.31665e-09    
2.05794e+03    4.10854e-09    
2.09284e+03    3.91045e-09    
2.12834e+03    3.72190e-09    
2.16444e+03    3.54243e-09    
2.20116e+03    3.37159e-09    
2.23849e+03    3.20899e-09    
2.27646e+03    3.05421e-09    
2.31507e+03    2.90689e-09    
2.35434e+03    2.76666e-09    
2.39427e+03    2.63319e-09    
2.43489e+03    2.50615e-09    
2.47619e+03    2.38523e-09    
2.51819e+03    2.27014e-09    
2.56090e+03    2.16059e-09    
2.60434e+03    2.05632e-09    
2.64851e+03    1.95707e-09    
2.69343e+03    1.86261e-09    
2.73912e+03    1.77271e-09    
2.78558e+03    1.68713e-09    
2.83283e+03    1.60568e-09    
2.88088e+03    1.52816e-09    
2.92974e+03    1.45438e-09    
2.97944e+03    1.38415e-09    
3.02997e+03    1.31731e-09    
3.08137e+03    1.25369e-09    
3.13363e+03    1.19315e-09    
3.18679e+03    1.13552e-09    
3.24084e+03    1.08067e-09    
3.29581e+03    1.02847e-09    
3.35171e+03    9.78785e-10    
3.40856e+03    9.31499e-10    
3.46638e+03    8.86494e-10    
3.52518e+03    8.43661e-10    
3.58497e+03    8.02895e-10    
3.64578e+03    7.64096e-10    
3.70762e+03    7.27170e-10    
3.77050e+03    6.92026e-10    
3.83446e+03    6.58579e-10    
3.89950e+03    6.26746e-10    
3.96564e+03    5.96451e-10    
4.03290e+03    5.67617e-10    
4.10131e+03    5.40177e-10    
4.17087e+03    5.14061e-10    
4.24162e+03    4.89206e-10    
4.31357e+03    4.65552e-10    
4.38673e+03    4.43040e-10    
4.46114e+03    4.21615e-10    
4.53681e+03    4.01225e-10    
4.61376e+03    3.81821e-10    
4.69202e+03    3.63353e-10    
4.77160e+03    3.45778e-10    
4.85254e+03    3.29052e-10    
4.93485e+03    3.13134e-10    
5.01855e+03    2.97986e-10    
5.10367e+03    2.83569e-10    
5.19024e+03    2.69849e-10    
5.27828e+03    2.56793e-10    
5.36781e+03    2.44367e-10    
5.45885e+03    2.32542e-10    
5.55144e+03    2.21288e-10    
5.64561e+03    2.10579e-10    
5.74137e+03    2.00387e-10    
5.83875e+03    1.90688e-10    
5.93779e+03    1.81458e-10    
6.03850e+03    1.72675e-10    
6.14093e+03    1.64316e-10    
6.24509e+03    1.56361e-10    
6.35102e+03    1.48791e-10    
6.45874e+03    1.41587e-10    
6.56829e+03    1.34732e-10    
6.67970e+03    1.28208e-10    
6.79300e+03    1.22000e-10    
6.90822e+03    1.16092e-10    
7.02540e+03    1.10470e-10    
7.14456e+03    1.05120e-10    
7.26575e+03    1.00028e-10    
7.38899e+03    9.51836e-11    
7.51432e+03    9.05731e-11    
7.64177e+03    8.61858e-11    
7.77139e+03    8.20107e-11    
7.90321e+03    7.80378e-11    
8.03726e+03    7.42571e-11    
8.17359e+03    7.06594e-11    
8.31223e+03    6.72358e-11    
8.45322e+03    6.39780e-11    
8.59660e+03    6.08779e-11    
8.74241e+03    5.79279e-11    
8.89070e+03    5.51207e-11    
9.04150e+03    5.24494e-11    
9.19486e+03    4.99074e-11    
9.35082e+03    4.74886e-11    
9.50943e+03    4.51868e-11    
9.67073e+03    4.29966e-11    
9.83476e+03    4.09124e-11    
1.00016e+04    3.89291e-11    
1.01712e+04    3.70419e-11    
1.03437e+04    3.52461e-11    
1.05192e+04    3.35373e-11    
1.06976e+04    3.19113e-11    
1.08791e+04    3.03641e-11    
1.10636e+04    2.88918e-11    
1.12513e+04    2.74908e-11    
1.14421e+04    2.61577e-11    
1.16362e+04    2.48892e-11    
1.18335e+04    2.36822e-11    
1.20343e+04    2.25336e-11    
1.22384e+04    2.14407e-11    
1.24460e+04    2.04008e-11    
1.26571e+04    1.94113e-11    
1.28718e+04    1.84697e-11    
1.30901e+04    1.75738e-11    
1.33121e+04    1.67212e-11    
1.35379e+04    1.59101e-11    
1.37675e+04    1.51382e-11    
1.40011e+04    1.44037e-11    
1.42386e+04    1.37049e-11    
1.44801e+04    1.30399e-11    
1.47257e+04    1.24072e-11    
1.49754e+04    1.18052e-11    
1.52295e+04    1.12323e-11    
1.54878e+04    1.06872e-11    
1.57505e+04    1.01686e-11    
1.60176e+04    9.67510e-12    
1.62893e+04    9.20554e-12    
1.65656e+04    8.75875e-12    
1.68466e+04    8.33363e-12    
1.71324e+04    7.92912e-12    
1.74229e+04    7.54424e-12    
1.77185e+04    7.17803e-12    
1.80190e+04    6.82958e-12    
1.83246e+04    6.49803e-12    
1.86355e+04    6.18257e-12    
1.89516e+04    5.88241e-12    
1.92730e+04    5.59681e-12    
1.95999e+04    5.32507e-12    
1.99324e+04    5.06652e-12    
2.02705e+04    4.82051e-12    
2.06143e+04    4.58643e-12    
2.09639e+04    4.36372e-12    
2.13195e+04    4.15181e-12    
2.16811e+04    3.95019e-12    
2.20489e+04    3.75835e-12    
2.24229e+04    3.57582e-12    
2.28032e+04    3.40215e-12    
2.31900e+04    3.23691e-12    
2.35833e+04    3.07969e-12    
2.39833e+04    2.93010e-12    
2.43901e+04    2.78777e-12    
2.48038e+04    2.65235e-12    
2.52246e+04    2.52351e-12    
2.56524e+04    2.40092e-12    
2.60875e+04    2.28428e-12    
2.65300e+04    2.17330e-12    
2.69800e+04    2.06771e-12    
2.74377e+04    1.96725e-12    
2.79030e+04    1.87167e-12    
2.83763e+04    1.78073e-12    
2.88576e+04    1.69420e-12    
2.93471e+04    1.61188e-12    
2.98449e+04    1.53355e-12    
3.03511e+04    1.45903e-12    
3.08659e+04    1.38812e-12    
3.13895e+04    1.32066e-12    
3.19219e+04    1.25648e-12    
3.24634e+04    1.19541e-12    
3.30140e+04    1.13732e-12    
3.35740e+04    1.08204e-12    
3.41434e+04    1.02944e-12    
3.47226e+04    9.79407e-13    
3.53115e+04    9.31799e-13    
3.59105e+04    8.86505e-13    
3.65196e+04    8.43411e-13    
3.71390e+04    8.02411e-13    
3.77690e+04    7.63403e-13    
3.84096e+04    7.26290e-13    
3.90611e+04    6.90980e-13    
3.97236e+04    6.57386e-13    
4.03974e+04    6.25424e-13    
4.10826e+04    5.95015e-13    
4.17795e+04    5.66084e-13    
4.24881e+04    5.38559e-13    
4.32088e+04    5.12372e-13    
4.39417e+04    4.87457e-13    
4.46870e+04    4.63753e-13    
4.54450e+04    4.41201e-13    
4.62158e+04    4.19745e-13    
4.69997e+04    3.99333e-13    
4.77969e+04    3.79912e-13    
4.86077e+04    3.61435e-13    
4.94321e+04    3.43856e-13    
5.02706e+04    3.27132e-13    
5.11233e+04    3.11221e-13    
5.19904e+04    2.96084e-13    
5.28723e+04    2.81682e-13    
5.37691e+04    2.67980e-13    
5.46811e+04    2.54945e-13    
5.56086e+04    2.42543e-13    
5.65518e+04    2.30744e-13    
5.75110e+04    2.19519e-13    
5.84865e+04    2.08840e-13    
5.94786e+04    1.98680e-13    
6.04874e+04    1.89014e-13    
6.15134e+04    1.79818e-13    
6.25568e+04    1.71069e-13    
6.36178e+04    1.62746e-13    
6.46969e+04    1.54828e-13    
6.57943e+04    1.47294e-13    
6.69103e+04    1.40127e-13    
6.80452e+04    1.33309e-13    
6.91994e+04    1.26822e-13    
7.03731e+04    1.20650e-13    
7.15668e+04    1.14779e-13    
7.27807e+04    1.09194e-13    
7.40152e+04    1.03880e-13    
7.52706e+04    9.88243e-14    
7.65473e+04    9.40148e-14    
7.78457e+04    8.94392e-14    
7.91661e+04    8.50863e-14    
8.05089e+04    8.09450e-14    
8.18745e+04    7.70053e-14    
8.32632e+04    7.32572e-14    
8.46755e+04    6.96915e-14    
8.61118e+04    6.62992e-14    
8.75724e+04    6.30720e-14    
8.90578e+04    6.00018e-14    
9.05683e+04    5.70810e-14    
9.21046e+04    5.43024e-14    
9.36668e+04    5.16589e-14    
9.52556e+04    4.91440e-14    
9.68713e+04    4.67516e-14    
9.85144e+04    4.44755e-14    
1.00185e+05    4.23102e-14    
1.01885e+05    4.02503e-14    
1.03613e+05    3.82906e-14    
1.05370e+05    3.64264e-14    
1.07158e+05    3.46528e-14    
1.08975e+05    3.29655e-14    
1.10824e+05    3.13604e-14    
1.12703e+05    2.98334e-14    
1.14615e+05    2.83807e-14    
1.16559e+05    2.69987e-14    
1.18536e+05    2.56840e-14    
1.20547e+05    2.44333e-14    
1.22591e+05    2.32435e-14    
1.24671e+05    2.21116e-14    
1.26785e+05    2.10348e-14    
1.28936e+05    2.00104e-14    
1.31123e+05    1.90358e-14    
1.33347e+05    1.81087e-14    
1.35609e+05    1.72268e-14    
1.37909e+05    1.63878e-14    
1.40248e+05    1.55896e-14    
1.42627e+05    1.48303e-14    
1.45046e+05    1.41080e-14    
1.47506e+05    1.34208e-14    
1.50008e+05    1.27671e-14    
1.52553e+05    1.21452e-14    
1.55140e+05    1.15536e-14    
1.57772e+05    1.09908e-14    
1.60448e+05    1.04554e-14    
1.63169e+05    9.94611e-15    
1.65937e+05    9.46160e-15    
1.68752e+05    9.00067e-15    
1.71614e+05    8.56220e-15    
1.74525e+05    8.14507e-15    
1.77485e+05    7.74826e-15    
1.80496e+05    7.37078e-15    
1.83557e+05    7.01168e-15    
1.86671e+05    6.67007e-15    
1.89837e+05    6.34509e-15    
1.93057e+05    6.03594e-15    
1.96331e+05    5.74186e-15    
1.99662e+05    5.46209e-15    
2.03048e+05    5.19595e-15    
2.06492e+05    4.94278e-15    
2.09995e+05    4.70193e-15    
2.13557e+05    4.47282e-15    
2.17179e+05    4.25487e-15    
2.20863e+05    4.04753e-15    
2.24609e+05    3.85030e-15    
2.28419e+05    3.66267e-15    
2.32293e+05    3.48418e-15    
2.36233e+05    3.31439e-15    
2.40240e+05    3.15287e-15    
2.44315e+05    2.99922e-15    
2.48459e+05    2.85305e-15    
2.52673e+05    2.71401e-15    
2.56959e+05    2.58174e-15    
2.61318e+05    2.45591e-15    
2.65750e+05    2.33622e-15    
2.70258e+05    2.22235e-15    
2.74842e+05    2.11404e-15    
2.79504e+05    2.01100e-15    
2.84244e+05    1.91298e-15    
2.89066e+05    1.81974e-15    
2.93969e+05    1.73104e-15    
2.98955e+05    1.64667e-15    
3.04026e+05    1.56640e-15    
3.09183e+05    1.49005e-15    
3.14427e+05    1.41741e-15    
3.19760e+05    1.34832e-15    
3.25184e+05    1.28259e-15    
3.30700e+05    1.22007e-15    
3.36309e+05    1.16059e-15    
3.42013e+05    1.10402e-15    
3.47815e+05    1.05020e-15    
3.53714e+05    9.98998e-16    
3.59714e+05    9.50296e-16    
3.65815e+05    9.03967e-16    
3.72020e+05    8.59897e-16    
3.78330e+05    8.17974e-16    
3.84747e+05    7.78094e-16    
3.91273e+05    7.40158e-16    
3.97910e+05    7.04072e-16    
4.04659e+05    6.69744e-16    
4.11523e+05    6.37089e-16    
4.18503e+05    6.06027e-16    
4.25602e+05    5.76478e-16    
4.32821e+05    5.48369e-16    
4.40162e+05    5.21631e-16    
4.47628e+05    4.96196e-16    
4.55221e+05    4.72002e-16    
4.62942e+05    4.48986e-16    
4.70794e+05    4.27093e-16    
4.78780e+05    4.06266e-16    
4.86901e+05    3.86455e-16    
4.95160e+05    3.67610e-16    
5.03558e+05    3.49684e-16    
5.12100e+05    3.32631e-16    
5.20786e+05    3.16410e-16    
5.29619e+05    3.00980e-16    
5.38603e+05    2.86302e-16    
5.47738e+05    2.72340e-16    
5.57029e+05    2.59058e-16    
5.66477e+05    2.46424e-16    
5.76086e+05    2.34406e-16    
5.85857e+05    2.22974e-16    
5.95794e+05    2.12099e-16    
6.05900e+05    2.01755e-16    
6.16177e+05    1.91915e-16    
6.26629e+05    1.82555e-16    
6.37257e+05    1.73651e-16    
6.48066e+05    1.65181e-16    
6.59059e+05    1.57124e-16    
6.70238e+05    1.49461e-16    
6.81606e+05    1.42171e-16    
6.93167e+05    1.35236e-16    
7.04925e+05    1.28640e-16    
7.16881e+05    1.22365e-16    
7.29041e+05    1.16396e-16    
7.41407e+05    1.10719e-16    
7.53982e+05    1.05318e-16    
7.66771e+05    1.00180e-16    
7.79777e+05    9.52936e-17    
7.93004e+05    9.06451e-17    
8.06454e+05    8.62233e-17    
8.20133e+05    8.20171e-17    
8.34044e+05    7.80161e-17    
8.48191e+05    7.42102e-17    
8.62578e+05    7.05900e-17    
8.77209e+05    6.71463e-17    
8.92088e+05    6.38706e-17    
9.07219e+05    6.07547e-17    
9.22607e+05    5.77907e-17    
9.38256e+05    5.49713e-17    
9.54171e+05    5.22894e-17    
9.70355e+05    4.97383e-17    
9.86814e+05    4.73117e-17    
1.00355e+06    4.50034e-17    
1.02057e+06    4.28078e-17    
1.03789e+06    4.07192e-17    
1.05549e+06    3.87325e-17    
1.07339e+06    3.68427e-17    
1.09160e+06    3.50451e-17    
1.11011e+06    3.33352e-17    
1.12894e+06    3.17087e-17    
1.14809e+06    3.01616e-17    
1.16757e+06    2.86899e-17    
1.18737e+06    2.72900e-17    
1.20751e+06    2.59584e-17    
1.22799e+06    2.46918e-17    
1.24882e+06    2.34870e-17    
1.27000e+06    2.23409e-17    
1.29155e+06    2.12508e-17    
1.31345e+06    2.02138e-17    
1.33573e+06    1.92274e-17    
1.35839e+06    1.82892e-17    
1.38143e+06    1.73967e-17    
1.40486e+06    1.65478e-17    
1.42869e+06    1.57403e-17    
1.45292e+06    1.49722e-17    
1.47757e+06    1.42415e-17    
1.50263e+06    1.35465e-17    
1.52812e+06    1.28854e-17    
1.55403e+06    1.22566e-17    
1.58039e+06    1.16585e-17    
1.60720e+06    1.10895e-17    
1.63446e+06    1.05483e-17    
1.66218e+06    1.00335e-17    
1.69038e+06    9.54387e-18    
1.71905e+06    9.07809e-18    
1.74821e+06    8.63504e-18    
1.77786e+06    8.21361e-18    
1.80802e+06    7.81275e-18    
1.83868e+06    7.43144e-18    
1.86987e+06    7.06874e-18    
1.90159e+06    6.72374e-18    
1.93384e+06    6.39558e-18    
1.96664e+06    6.08343e-18    
2.00000e+06    5.78651e-18    

