# USINE V4.0
# File generated 13-05-2022 11:20:51
# Model1DKisoVc
# C
# SolMod0DFF_phi0_970GV
# R [GV]       TOA [GV m^{2} s sr]^{-1}
1.00751e-01    8.41785e-04    
1.02460e-01    8.84908e-04    
1.04198e-01    9.30231e-04    
1.05965e-01    9.77866e-04    
1.07763e-01    1.02793e-03    
1.09591e-01    1.08055e-03    
1.11450e-01    1.13585e-03    
1.13340e-01    1.19396e-03    
1.15263e-01    1.25504e-03    
1.17218e-01    1.31923e-03    
1.19206e-01    1.38668e-03    
1.21228e-01    1.45757e-03    
1.23285e-01    1.53206e-03    
1.25376e-01    1.61035e-03    
1.27503e-01    1.69261e-03    
1.29666e-01    1.77906e-03    
1.31865e-01    1.86989e-03    
1.34102e-01    1.96534e-03    
1.36377e-01    2.06564e-03    
1.38690e-01    2.17102e-03    
1.41043e-01    2.28176e-03    
1.43435e-01    2.39810e-03    
1.45868e-01    2.52035e-03    
1.48343e-01    2.64879e-03    
1.50859e-01    2.78373e-03    
1.53418e-01    2.92551e-03    
1.56020e-01    3.07446e-03    
1.58667e-01    3.23095e-03    
1.61358e-01    3.39535e-03    
1.64095e-01    3.56805e-03    
1.66879e-01    3.74949e-03    
1.69710e-01    3.94008e-03    
1.72588e-01    4.14028e-03    
1.75516e-01    4.35059e-03    
1.78493e-01    4.57150e-03    
1.81521e-01    4.80354e-03    
1.84600e-01    5.04726e-03    
1.87731e-01    5.30325e-03    
1.90916e-01    5.57212e-03    
1.94154e-01    5.85451e-03    
1.97448e-01    6.15108e-03    
2.00797e-01    6.46254e-03    
2.04203e-01    6.78956e-03    
2.07667e-01    7.13286e-03    
2.11190e-01    7.49323e-03    
2.14772e-01    7.87150e-03    
2.18415e-01    8.26853e-03    
2.22120e-01    8.68521e-03    
2.25888e-01    9.12250e-03    
2.29720e-01    9.58137e-03    
2.33616e-01    1.00629e-02    
2.37579e-01    1.05680e-02    
2.41609e-01    1.10980e-02    
2.45707e-01    1.16540e-02    
2.49875e-01    1.22371e-02    
2.54114e-01    1.28488e-02    
2.58424e-01    1.34902e-02    
2.62808e-01    1.41629e-02    
2.67266e-01    1.48682e-02    
2.71800e-01    1.56076e-02    
2.76410e-01    1.63828e-02    
2.81099e-01    1.71953e-02    
2.85867e-01    1.80469e-02    
2.90716e-01    1.89393e-02    
2.95647e-01    1.98744e-02    
3.00662e-01    2.08541e-02    
3.05763e-01    2.18804e-02    
3.10949e-01    2.29554e-02    
3.16224e-01    2.40812e-02    
3.21588e-01    2.52600e-02    
3.27043e-01    2.64942e-02    
3.32590e-01    2.77862e-02    
3.38232e-01    2.91384e-02    
3.43970e-01    3.05535e-02    
3.49804e-01    3.20341e-02    
3.55738e-01    3.35830e-02    
3.61772e-01    3.52031e-02    
3.67909e-01    3.68973e-02    
3.74150e-01    3.86686e-02    
3.80496e-01    4.05202e-02    
3.86951e-01    4.24554e-02    
3.93514e-01    4.44775e-02    
4.00190e-01    4.65900e-02    
4.06978e-01    4.87964e-02    
4.13881e-01    5.11003e-02    
4.20902e-01    5.35056e-02    
4.28042e-01    5.60160e-02    
4.35303e-01    5.86354e-02    
4.42686e-01    6.13680e-02    
4.50196e-01    6.42179e-02    
4.57832e-01    6.71892e-02    
4.65598e-01    7.02862e-02    
4.73496e-01    7.35133e-02    
4.81528e-01    7.68751e-02    
4.89696e-01    8.03759e-02    
4.98003e-01    8.40204e-02    
5.06450e-01    8.78133e-02    
5.15041e-01    9.17591e-02    
5.23778e-01    9.58628e-02    
5.32663e-01    1.00129e-01    
5.41698e-01    1.04562e-01    
5.50887e-01    1.09168e-01    
5.60231e-01    1.13950e-01    
5.69735e-01    1.18914e-01    
5.79399e-01    1.24065e-01    
5.89227e-01    1.29407e-01    
5.99222e-01    1.34944e-01    
6.09387e-01    1.40682e-01    
6.19724e-01    1.46624e-01    
6.30236e-01    1.52775e-01    
6.40926e-01    1.59140e-01    
6.51798e-01    1.65722e-01    
6.62855e-01    1.72525e-01    
6.74099e-01    1.79552e-01    
6.85533e-01    1.86808e-01    
6.97162e-01    1.94295e-01    
7.08988e-01    2.02015e-01    
7.21014e-01    2.09973e-01    
7.33245e-01    2.18168e-01    
7.45683e-01    2.26604e-01    
7.58331e-01    2.35282e-01    
7.71195e-01    2.44202e-01    
7.84277e-01    2.53365e-01    
7.97580e-01    2.62770e-01    
8.11109e-01    2.72417e-01    
8.24868e-01    2.82306e-01    
8.38860e-01    2.92433e-01    
8.53090e-01    3.02796e-01    
8.67560e-01    3.13392e-01    
8.82277e-01    3.24218e-01    
8.97243e-01    3.35269e-01    
9.12462e-01    3.46538e-01    
9.27940e-01    3.58021e-01    
9.43681e-01    3.69709e-01    
9.59688e-01    3.81596e-01    
9.75967e-01    3.93673e-01    
9.92523e-01    4.05930e-01    
1.00936e+00    4.18356e-01    
1.02648e+00    4.30941e-01    
1.04389e+00    4.43673e-01    
1.06160e+00    4.56538e-01    
1.07961e+00    4.69523e-01    
1.09792e+00    4.82614e-01    
1.11654e+00    4.95794e-01    
1.13548e+00    5.09047e-01    
1.15475e+00    5.22358e-01    
1.17433e+00    5.35707e-01    
1.19425e+00    5.49077e-01    
1.21451e+00    5.62449e-01    
1.23511e+00    5.75802e-01    
1.25606e+00    5.89118e-01    
1.27737e+00    6.02375e-01    
1.29904e+00    6.15552e-01    
1.32107e+00    6.28628e-01    
1.34348e+00    6.41581e-01    
1.36627e+00    6.54390e-01    
1.38945e+00    6.67033e-01    
1.41302e+00    6.79489e-01    
1.43699e+00    6.91734e-01    
1.46136e+00    7.03748e-01    
1.48615e+00    7.15509e-01    
1.51136e+00    7.26996e-01    
1.53700e+00    7.38188e-01    
1.56307e+00    7.49064e-01    
1.58958e+00    7.59603e-01    
1.61655e+00    7.69787e-01    
1.64397e+00    7.79596e-01    
1.67185e+00    7.89012e-01    
1.70021e+00    7.98018e-01    
1.72905e+00    8.06598e-01    
1.75838e+00    8.14735e-01    
1.78821e+00    8.22415e-01    
1.81854e+00    8.29624e-01    
1.84939e+00    8.36350e-01    
1.88076e+00    8.42582e-01    
1.91266e+00    8.48310e-01    
1.94511e+00    8.53525e-01    
1.97810e+00    8.58221e-01    
2.01166e+00    8.62393e-01    
2.04578e+00    8.66036e-01    
2.08048e+00    8.69149e-01    
2.11577e+00    8.71730e-01    
2.15166e+00    8.73780e-01    
2.18816e+00    8.75299e-01    
2.22528e+00    8.76292e-01    
2.26303e+00    8.76763e-01    
2.30141e+00    8.76716e-01    
2.34045e+00    8.76158e-01    
2.38015e+00    8.75096e-01    
2.42053e+00    8.73537e-01    
2.46159e+00    8.71490e-01    
2.50334e+00    8.68961e-01    
2.54581e+00    8.65960e-01    
2.58899e+00    8.62494e-01    
2.63291e+00    8.58572e-01    
2.67757e+00    8.54199e-01    
2.72299e+00    8.49382e-01    
2.76918e+00    8.44126e-01    
2.81615e+00    8.38434e-01    
2.86392e+00    8.32309e-01    
2.91250e+00    8.25751e-01    
2.96190e+00    8.18757e-01    
3.01215e+00    8.11324e-01    
3.06324e+00    8.03446e-01    
3.11520e+00    7.95115e-01    
3.16805e+00    7.86323e-01    
3.22178e+00    7.77063e-01    
3.27644e+00    7.67330e-01    
3.33201e+00    7.57123e-01    
3.38853e+00    7.46448e-01    
3.44601e+00    7.35321e-01    
3.50447e+00    7.23767e-01    
3.56391e+00    7.11820e-01    
3.62437e+00    6.99524e-01    
3.68585e+00    6.86927e-01    
3.74837e+00    6.74081e-01    
3.81195e+00    6.61039e-01    
3.87661e+00    6.47850e-01    
3.94237e+00    6.34558e-01    
4.00925e+00    6.21205e-01    
4.07725e+00    6.07825e-01    
4.14642e+00    5.94449e-01    
4.21675e+00    5.81104e-01    
4.28828e+00    5.67812e-01    
4.36102e+00    5.54592e-01    
4.43500e+00    5.41462e-01    
4.51023e+00    5.28434e-01    
4.58673e+00    5.15522e-01    
4.66454e+00    5.02737e-01    
4.74366e+00    4.90088e-01    
4.82413e+00    4.77584e-01    
4.90596e+00    4.65232e-01    
4.98918e+00    4.53040e-01    
5.07381e+00    4.41011e-01    
5.15987e+00    4.29153e-01    
5.24740e+00    4.17469e-01    
5.33641e+00    4.05965e-01    
5.42693e+00    3.94644e-01    
5.51899e+00    3.83510e-01    
5.61260e+00    3.72566e-01    
5.70781e+00    3.61815e-01    
5.80463e+00    3.51259e-01    
5.90309e+00    3.40902e-01    
6.00323e+00    3.30746e-01    
6.10506e+00    3.20792e-01    
6.20862e+00    3.11043e-01    
6.31393e+00    3.01498e-01    
6.42104e+00    2.92160e-01    
6.52995e+00    2.83029e-01    
6.64072e+00    2.74105e-01    
6.75337e+00    2.65389e-01    
6.86792e+00    2.56880e-01    
6.98442e+00    2.48577e-01    
7.10290e+00    2.40481e-01    
7.22338e+00    2.32589e-01    
7.34591e+00    2.24901e-01    
7.47052e+00    2.17414e-01    
7.59724e+00    2.10128e-01    
7.72611e+00    2.03040e-01    
7.85717e+00    1.96147e-01    
7.99045e+00    1.89448e-01    
8.12599e+00    1.82940e-01    
8.26383e+00    1.76620e-01    
8.40401e+00    1.70486e-01    
8.54656e+00    1.64533e-01    
8.69154e+00    1.58760e-01    
8.83897e+00    1.53162e-01    
8.98891e+00    1.47736e-01    
9.14138e+00    1.42479e-01    
9.29645e+00    1.37387e-01    
9.45414e+00    1.32457e-01    
9.61451e+00    1.27683e-01    
9.77760e+00    1.23064e-01    
9.94346e+00    1.18594e-01    
1.01121e+01    1.14270e-01    
1.02837e+01    1.10087e-01    
1.04581e+01    1.06043e-01    
1.06355e+01    1.02134e-01    
1.08159e+01    9.83547e-02    
1.09994e+01    9.47027e-02    
1.11860e+01    9.11743e-02    
1.13757e+01    8.77657e-02    
1.15687e+01    8.44737e-02    
1.17649e+01    8.12948e-02    
1.19645e+01    7.82257e-02    
1.21674e+01    7.52631e-02    
1.23738e+01    7.24040e-02    
1.25837e+01    6.96451e-02    
1.27972e+01    6.69834e-02    
1.30142e+01    6.44160e-02    
1.32350e+01    6.19398e-02    
1.34595e+01    5.95521e-02    
1.36878e+01    5.72499e-02    
1.39200e+01    5.50305e-02    
1.41561e+01    5.28914e-02    
1.43962e+01    5.08298e-02    
1.46404e+01    4.88434e-02    
1.48888e+01    4.69296e-02    
1.51413e+01    4.50860e-02    
1.53982e+01    4.33104e-02    
1.56594e+01    4.16005e-02    
1.59250e+01    3.99540e-02    
1.61951e+01    3.83690e-02    
1.64699e+01    3.68432e-02    
1.67492e+01    3.53747e-02    
1.70334e+01    3.39615e-02    
1.73223e+01    3.26017e-02    
1.76161e+01    3.12935e-02    
1.79149e+01    3.00351e-02    
1.82188e+01    2.88247e-02    
1.85279e+01    2.76606e-02    
1.88422e+01    2.65413e-02    
1.91618e+01    2.54651e-02    
1.94868e+01    2.44304e-02    
1.98174e+01    2.34359e-02    
2.01535e+01    2.24800e-02    
2.04954e+01    2.15614e-02    
2.08430e+01    2.06786e-02    
2.11966e+01    1.98305e-02    
2.15562e+01    1.90157e-02    
2.19218e+01    1.82329e-02    
2.22937e+01    1.74811e-02    
2.26718e+01    1.67590e-02    
2.30564e+01    1.60656e-02    
2.34475e+01    1.53998e-02    
2.38452e+01    1.47605e-02    
2.42497e+01    1.41467e-02    
2.46611e+01    1.35576e-02    
2.50794e+01    1.29921e-02    
2.55048e+01    1.24493e-02    
2.59375e+01    1.19284e-02    
2.63774e+01    1.14286e-02    
2.68249e+01    1.09490e-02    
2.72799e+01    1.04888e-02    
2.77426e+01    1.00474e-02    
2.82132e+01    9.62396e-03    
2.86918e+01    9.21779e-03    
2.91785e+01    8.82823e-03    
2.96734e+01    8.45463e-03    
3.01768e+01    8.09637e-03    
3.06887e+01    7.75283e-03    
3.12092e+01    7.42345e-03    
3.17386e+01    7.10767e-03    
3.22770e+01    6.80493e-03    
3.28245e+01    6.51474e-03    
3.33813e+01    6.23658e-03    
3.39476e+01    5.96998e-03    
3.45234e+01    5.71447e-03    
3.51090e+01    5.46962e-03    
3.57046e+01    5.23499e-03    
3.63102e+01    5.01017e-03    
3.69262e+01    4.79476e-03    
3.75525e+01    4.58839e-03    
3.81895e+01    4.39069e-03    
3.88373e+01    4.20131e-03    
3.94961e+01    4.01990e-03    
4.01661e+01    3.84615e-03    
4.08474e+01    3.67974e-03    
4.15403e+01    3.52036e-03    
4.22450e+01    3.36774e-03    
4.29615e+01    3.22160e-03    
4.36903e+01    3.08166e-03    
4.44314e+01    2.94767e-03    
4.51851e+01    2.81939e-03    
4.59516e+01    2.69657e-03    
4.67310e+01    2.57900e-03    
4.75237e+01    2.46646e-03    
4.83299e+01    2.35873e-03    
4.91497e+01    2.25562e-03    
4.99834e+01    2.15693e-03    
5.08312e+01    2.06248e-03    
5.16935e+01    1.97208e-03    
5.25704e+01    1.88558e-03    
5.34621e+01    1.80281e-03    
5.43690e+01    1.72361e-03    
5.52912e+01    1.64782e-03    
5.62291e+01    1.57532e-03    
5.71829e+01    1.50595e-03    
5.81529e+01    1.43958e-03    
5.91393e+01    1.37609e-03    
6.01425e+01    1.31536e-03    
6.11627e+01    1.25727e-03    
6.22002e+01    1.20170e-03    
6.32553e+01    1.14855e-03    
6.43283e+01    1.09772e-03    
6.54195e+01    1.04910e-03    
6.65292e+01    1.00260e-03    
6.76577e+01    9.58142e-04    
6.88054e+01    9.15622e-04    
6.99725e+01    8.74964e-04    
7.11594e+01    8.36087e-04    
7.23665e+01    7.98914e-04    
7.35940e+01    7.63373e-04    
7.48424e+01    7.29392e-04    
7.61119e+01    6.96904e-04    
7.74030e+01    6.65846e-04    
7.87160e+01    6.36155e-04    
8.00512e+01    6.07772e-04    
8.14091e+01    5.80640e-04    
8.27901e+01    5.54706e-04    
8.41944e+01    5.29917e-04    
8.56226e+01    5.06223e-04    
8.70750e+01    4.83578e-04    
8.85521e+01    4.61934e-04    
9.00541e+01    4.41249e-04    
9.15817e+01    4.21482e-04    
9.31352e+01    4.02590e-04    
9.47150e+01    3.84538e-04    
9.63217e+01    3.67287e-04    
9.79556e+01    3.50803e-04    
9.96172e+01    3.35053e-04    
1.01307e+02    3.20003e-04    
1.03025e+02    3.05624e-04    
1.04773e+02    2.91885e-04    
1.06550e+02    2.78760e-04    
1.08358e+02    2.66220e-04    
1.10196e+02    2.54240e-04    
1.12065e+02    2.42796e-04    
1.13966e+02    2.31863e-04    
1.15899e+02    2.21420e-04    
1.17865e+02    2.11445e-04    
1.19864e+02    2.01916e-04    
1.21898e+02    1.92815e-04    
1.23965e+02    1.84122e-04    
1.26068e+02    1.75819e-04    
1.28207e+02    1.67889e-04    
1.30381e+02    1.60316e-04    
1.32593e+02    1.53083e-04    
1.34842e+02    1.46176e-04    
1.37129e+02    1.39581e-04    
1.39456e+02    1.33282e-04    
1.41821e+02    1.27267e-04    
1.44227e+02    1.21524e-04    
1.46673e+02    1.16040e-04    
1.49161e+02    1.10804e-04    
1.51692e+02    1.05805e-04    
1.54265e+02    1.01032e-04    
1.56881e+02    9.64749e-05    
1.59543e+02    9.21242e-05    
1.62249e+02    8.79707e-05    
1.65001e+02    8.40056e-05    
1.67800e+02    8.02203e-05    
1.70646e+02    7.66069e-05    
1.73541e+02    7.31576e-05    
1.76485e+02    6.98651e-05    
1.79478e+02    6.67222e-05    
1.82523e+02    6.37222e-05    
1.85619e+02    6.08587e-05    
1.88768e+02    5.81256e-05    
1.91970e+02    5.55168e-05    
1.95226e+02    5.30268e-05    
1.98538e+02    5.06503e-05    
2.01905e+02    4.83819e-05    
2.05330e+02    4.62169e-05    
2.08813e+02    4.41504e-05    
2.12355e+02    4.21781e-05    
2.15957e+02    4.02955e-05    
2.19621e+02    3.84986e-05    
2.23346e+02    3.67835e-05    
2.27135e+02    3.51463e-05    
2.30988e+02    3.35835e-05    
2.34906e+02    3.20917e-05    
2.38890e+02    3.06676e-05    
2.42943e+02    2.93081e-05    
2.47064e+02    2.80102e-05    
2.51255e+02    2.67710e-05    
2.55517e+02    2.55878e-05    
2.59851e+02    2.44580e-05    
2.64259e+02    2.33792e-05    
2.68741e+02    2.23489e-05    
2.73300e+02    2.13650e-05    
2.77936e+02    2.04253e-05    
2.82650e+02    1.95278e-05    
2.87445e+02    1.86704e-05    
2.92321e+02    1.78514e-05    
2.97279e+02    1.70689e-05    
3.02322e+02    1.63213e-05    
3.07450e+02    1.56071e-05    
3.12666e+02    1.49245e-05    
3.17969e+02    1.42723e-05    
3.23363e+02    1.36490e-05    
3.28848e+02    1.30533e-05    
3.34426e+02    1.24839e-05    
3.40099e+02    1.19397e-05    
3.45868e+02    1.14194e-05    
3.51735e+02    1.09221e-05    
3.57702e+02    1.04467e-05    
3.63769e+02    9.99210e-06    
3.69940e+02    9.55750e-06    
3.76215e+02    9.14195e-06    
3.82597e+02    8.74461e-06    
3.89087e+02    8.36466e-06    
3.95687e+02    8.00133e-06    
4.02399e+02    7.65387e-06    
4.09224e+02    7.32158e-06    
4.16166e+02    7.00379e-06    
4.23225e+02    6.69986e-06    
4.30404e+02    6.40916e-06    
4.37705e+02    6.13113e-06    
4.45130e+02    5.86520e-06    
4.52681e+02    5.61083e-06    
4.60360e+02    5.36753e-06    
4.68169e+02    5.13480e-06    
4.76110e+02    4.91218e-06    
4.84186e+02    4.69923e-06    
4.92399e+02    4.49553e-06    
5.00752e+02    4.30067e-06    
5.09246e+02    4.11426e-06    
5.17884e+02    3.93594e-06    
5.26669e+02    3.76535e-06    
5.35603e+02    3.60216e-06    
5.44688e+02    3.44604e-06    
5.53928e+02    3.29669e-06    
5.63324e+02    3.15382e-06    
5.72879e+02    3.01713e-06    
5.82597e+02    2.88637e-06    
5.92480e+02    2.76127e-06    
6.02530e+02    2.64160e-06    
6.12750e+02    2.52710e-06    
6.23144e+02    2.41757e-06    
6.33715e+02    2.31278e-06    
6.44464e+02    2.21253e-06    
6.55396e+02    2.11662e-06    
6.66514e+02    2.02487e-06    
6.77820e+02    1.93708e-06    
6.89317e+02    1.85310e-06    
7.01010e+02    1.77276e-06    
7.12901e+02    1.69590e-06    
7.24994e+02    1.62237e-06    
7.37292e+02    1.55202e-06    
7.49799e+02    1.48472e-06    
7.62517e+02    1.42033e-06    
7.75452e+02    1.35873e-06    
7.88606e+02    1.29980e-06    
8.01983e+02    1.24342e-06    
8.15587e+02    1.18949e-06    
8.29421e+02    1.13789e-06    
8.43491e+02    1.08853e-06    
8.57799e+02    1.04131e-06    
8.72349e+02    9.96128e-07    
8.87147e+02    9.52908e-07    
9.02195e+02    9.11560e-07    
9.17499e+02    8.72005e-07    
9.33063e+02    8.34163e-07    
9.48890e+02    7.97962e-07    
9.64986e+02    7.63330e-07    
9.81355e+02    7.30199e-07    
9.98001e+02    6.98504e-07    
1.01493e+03    6.68183e-07    
1.03215e+03    6.39177e-07    
1.04965e+03    6.11428e-07    
1.06746e+03    5.84883e-07    
1.08557e+03    5.59488e-07    
1.10398e+03    5.35195e-07    
1.12271e+03    5.11955e-07    
1.14175e+03    4.89723e-07    
1.16112e+03    4.68455e-07    
1.18082e+03    4.48110e-07    
1.20085e+03    4.28648e-07    
1.22122e+03    4.10029e-07    
1.24193e+03    3.92219e-07    
1.26300e+03    3.75181e-07    
1.28442e+03    3.58882e-07    
1.30621e+03    3.43291e-07    
1.32837e+03    3.28376e-07    
1.35090e+03    3.14108e-07    
1.37381e+03    3.00460e-07    
1.39712e+03    2.87404e-07    
1.42082e+03    2.74915e-07    
1.44492e+03    2.62967e-07    
1.46943e+03    2.51539e-07    
1.49435e+03    2.40606e-07    
1.51970e+03    2.30149e-07    
1.54548e+03    2.20145e-07    
1.57170e+03    2.10576e-07    
1.59836e+03    2.01422e-07    
1.62547e+03    1.92665e-07    
1.65304e+03    1.84289e-07    
1.68108e+03    1.76277e-07    
1.70960e+03    1.68613e-07    
1.73860e+03    1.61281e-07    
1.76809e+03    1.54268e-07    
1.79808e+03    1.47560e-07    
1.82858e+03    1.41143e-07    
1.85960e+03    1.35005e-07    
1.89114e+03    1.29133e-07    
1.92322e+03    1.23517e-07    
1.95585e+03    1.18145e-07    
1.98902e+03    1.13006e-07    
2.02276e+03    1.08090e-07    
2.05707e+03    1.03388e-07    
2.09197e+03    9.88905e-08    
2.12745e+03    9.45884e-08    
2.16354e+03    9.04733e-08    
2.20024e+03    8.65370e-08    
2.23756e+03    8.27718e-08    
2.27552e+03    7.91703e-08    
2.31412e+03    7.57254e-08    
2.35337e+03    7.24302e-08    
2.39329e+03    6.92783e-08    
2.43389e+03    6.62635e-08    
2.47517e+03    6.33797e-08    
2.51716e+03    6.06213e-08    
2.55986e+03    5.79829e-08    
2.60328e+03    5.54592e-08    
2.64744e+03    5.30452e-08    
2.69235e+03    5.07363e-08    
2.73802e+03    4.85277e-08    
2.78446e+03    4.64153e-08    
2.83170e+03    4.43947e-08    
2.87973e+03    4.24620e-08    
2.92858e+03    4.06133e-08    
2.97825e+03    3.88451e-08    
3.02877e+03    3.71538e-08    
3.08015e+03    3.55361e-08    
3.13240e+03    3.39888e-08    
3.18553e+03    3.25088e-08    
3.23957e+03    3.10932e-08    
3.29452e+03    2.97392e-08    
3.35041e+03    2.84441e-08    
3.40724e+03    2.72054e-08    
3.46503e+03    2.60206e-08    
3.52381e+03    2.48873e-08    
3.58359e+03    2.38034e-08    
3.64437e+03    2.27666e-08    
3.70619e+03    2.17750e-08    
3.76906e+03    2.08265e-08    
3.83299e+03    1.99193e-08    
3.89801e+03    1.90516e-08    
3.96413e+03    1.82217e-08    
4.03138e+03    1.74279e-08    
4.09976e+03    1.66686e-08    
4.16930e+03    1.59424e-08    
4.24003e+03    1.52479e-08    
4.31195e+03    1.45835e-08    
4.38509e+03    1.39481e-08    
4.45948e+03    1.33404e-08    
4.53512e+03    1.27591e-08    
4.61205e+03    1.22032e-08    
4.69028e+03    1.16714e-08    
4.76984e+03    1.11628e-08    
4.85075e+03    1.06764e-08    
4.93304e+03    1.02111e-08    
5.01672e+03    9.76609e-09    
5.10181e+03    9.34048e-09    
5.18835e+03    8.93340e-09    
5.27636e+03    8.54405e-09    
5.36587e+03    8.17166e-09    
5.45689e+03    7.81549e-09    
5.54945e+03    7.47483e-09    
5.64359e+03    7.14902e-09    
5.73932e+03    6.83740e-09    
5.83667e+03    6.53935e-09    
5.93568e+03    6.25429e-09    
6.03636e+03    5.98165e-09    
6.13876e+03    5.72089e-09    
6.24289e+03    5.47149e-09    
6.34879e+03    5.23296e-09    
6.45648e+03    5.00482e-09    
6.56600e+03    4.78662e-09    
6.67738e+03    4.57792e-09    
6.79065e+03    4.37833e-09    
6.90583e+03    4.18743e-09    
7.02298e+03    4.00485e-09    
7.14211e+03    3.83022e-09    
7.26326e+03    3.66321e-09    
7.38646e+03    3.50347e-09    
7.51176e+03    3.35070e-09    
7.63918e+03    3.20459e-09    
7.76876e+03    3.06484e-09    
7.90054e+03    2.93119e-09    
8.03456e+03    2.80336e-09    
8.17085e+03    2.68110e-09    
8.30945e+03    2.56417e-09    
8.45040e+03    2.45234e-09    
8.59374e+03    2.34539e-09    
8.73952e+03    2.24309e-09    
8.88776e+03    2.14526e-09    
9.03852e+03    2.05169e-09    
9.19184e+03    1.96220e-09    
9.34776e+03    1.87661e-09    
9.50633e+03    1.79476e-09    
9.66758e+03    1.71647e-09    
9.83157e+03    1.64160e-09    
9.99834e+03    1.56999e-09    
1.01679e+04    1.50150e-09    
1.03404e+04    1.43600e-09    
1.05158e+04    1.37335e-09    
1.06942e+04    1.31344e-09    
1.08756e+04    1.25614e-09    
1.10601e+04    1.20134e-09    
1.12477e+04    1.14893e-09    
1.14385e+04    1.09880e-09    
1.16325e+04    1.05086e-09    
1.18298e+04    1.00501e-09    
1.20305e+04    9.61163e-10    
1.22346e+04    9.19226e-10    
1.24421e+04    8.79118e-10    
1.26532e+04    8.40760e-10    
1.28678e+04    8.04074e-10    
1.30861e+04    7.68988e-10    
1.33081e+04    7.35433e-10    
1.35338e+04    7.03342e-10    
1.37634e+04    6.72650e-10    
1.39968e+04    6.43297e-10    
1.42343e+04    6.15225e-10    
1.44757e+04    5.88377e-10    
1.47213e+04    5.62700e-10    
1.49710e+04    5.38143e-10    
1.52249e+04    5.14658e-10    
1.54832e+04    4.92197e-10    
1.57458e+04    4.70717e-10    
1.60129e+04    4.50173e-10    
1.62845e+04    4.30525e-10    
1.65608e+04    4.11735e-10    
1.68417e+04    3.93765e-10    
1.71274e+04    3.76579e-10    
1.74179e+04    3.60142e-10    
1.77134e+04    3.44423e-10    
1.80138e+04    3.29389e-10    
1.83194e+04    3.15012e-10    
1.86301e+04    3.01262e-10    
1.89462e+04    2.88112e-10    
1.92675e+04    2.75535e-10    
1.95944e+04    2.63508e-10    
1.99268e+04    2.52005e-10    
2.02648e+04    2.41005e-10    
2.06085e+04    2.30484e-10    
2.09581e+04    2.20422e-10    
2.13136e+04    2.10800e-10    
2.16751e+04    2.01597e-10    
2.20428e+04    1.92797e-10    
2.24167e+04    1.84380e-10    
2.27970e+04    1.76330e-10    
2.31837e+04    1.68632e-10    
2.35769e+04    1.61270e-10    
2.39769e+04    1.54229e-10    
2.43836e+04    1.47496e-10    
2.47972e+04    1.41056e-10    
2.52178e+04    1.34897e-10    
2.56456e+04    1.29008e-10    
2.60806e+04    1.23375e-10    
2.65230e+04    1.17988e-10    
2.69729e+04    1.12836e-10    
2.74305e+04    1.07910e-10    
2.78958e+04    1.03198e-10    
2.83690e+04    9.86919e-11    
2.88502e+04    9.43825e-11    
2.93396e+04    9.02613e-11    
2.98372e+04    8.63199e-11    
3.03434e+04    8.25506e-11    
3.08581e+04    7.89459e-11    
3.13815e+04    7.54985e-11    
3.19138e+04    7.22016e-11    
3.24552e+04    6.90487e-11    
3.30057e+04    6.60334e-11    
3.35656e+04    6.31497e-11    
3.41350e+04    6.03920e-11    
3.47140e+04    5.77546e-11    
3.53028e+04    5.52324e-11    
3.59017e+04    5.28203e-11    
3.65107e+04    5.05136e-11    
3.71300e+04    4.83075e-11    
3.77598e+04    4.61978e-11    
3.84003e+04    4.41801e-11    
3.90517e+04    4.22506e-11    
3.97141e+04    4.04053e-11    
4.03878e+04    3.86406e-11    
4.10729e+04    3.69530e-11    
4.17696e+04    3.53390e-11    
4.24781e+04    3.37955e-11    
4.31987e+04    3.23195e-11    
4.39315e+04    3.09078e-11    
4.46767e+04    2.95578e-11    
4.54345e+04    2.82668e-11    
4.62052e+04    2.70322e-11    
4.69890e+04    2.58514e-11    
4.77860e+04    2.47222e-11    
4.85966e+04    2.36424e-11    
4.94210e+04    2.26097e-11    
5.02593e+04    2.16220e-11    
5.11118e+04    2.06776e-11    
5.19788e+04    1.97743e-11    
5.28605e+04    1.89105e-11    
5.37572e+04    1.80845e-11    
5.46691e+04    1.72945e-11    
5.55964e+04    1.65390e-11    
5.65395e+04    1.58165e-11    
5.74986e+04    1.51256e-11    
5.84739e+04    1.44648e-11    
5.94658e+04    1.38329e-11    
6.04745e+04    1.32286e-11    
6.15003e+04    1.26507e-11    
6.25435e+04    1.20981e-11    
6.36045e+04    1.15695e-11    
6.46834e+04    1.10641e-11    
6.57806e+04    1.05807e-11    
6.68964e+04    1.01185e-11    
6.80312e+04    9.67643e-12    
6.91852e+04    9.25368e-12    
7.03587e+04    8.84940e-12    
7.15522e+04    8.46277e-12    
7.27660e+04    8.09303e-12    
7.40003e+04    7.73945e-12    
7.52555e+04    7.40131e-12    
7.65321e+04    7.07794e-12    
7.78303e+04    6.76869e-12    
7.91505e+04    6.47296e-12    
8.04931e+04    6.19014e-12    
8.18585e+04    5.91968e-12    
8.32471e+04    5.66103e-12    
8.46592e+04    5.41368e-12    
8.60952e+04    5.17714e-12    
8.75557e+04    4.95093e-12    
8.90409e+04    4.73460e-12    
9.05512e+04    4.52773e-12    
9.20872e+04    4.32989e-12    
9.36493e+04    4.14069e-12    
9.52379e+04    3.95976e-12    
9.68534e+04    3.78674e-12    
9.84963e+04    3.62127e-12    
1.00167e+05    3.46303e-12    
1.01866e+05    3.31171e-12    
1.03594e+05    3.16700e-12    
1.05351e+05    3.02861e-12    
1.07138e+05    2.89626e-12    
1.08956e+05    2.76970e-12    
1.10804e+05    2.64867e-12    
1.12684e+05    2.53292e-12    
1.14595e+05    2.42224e-12    
1.16539e+05    2.31639e-12    
1.18516e+05    2.21516e-12    
1.20526e+05    2.11836e-12    
1.22571e+05    2.02578e-12    
1.24650e+05    1.93726e-12    
1.26764e+05    1.85260e-12    
1.28914e+05    1.77163e-12    
1.31101e+05    1.69421e-12    
1.33325e+05    1.62017e-12    
1.35587e+05    1.54937e-12    
1.37886e+05    1.48165e-12    
1.40225e+05    1.41690e-12    
1.42604e+05    1.35498e-12    
1.45023e+05    1.29576e-12    
1.47483e+05    1.23913e-12    
1.49985e+05    1.18498e-12    
1.52529e+05    1.13319e-12    
1.55116e+05    1.08366e-12    
1.57747e+05    1.03630e-12    
1.60423e+05    9.91008e-13    
1.63145e+05    9.47695e-13    
1.65912e+05    9.06275e-13    
1.68726e+05    8.66666e-13    
1.71588e+05    8.28787e-13    
1.74499e+05    7.92563e-13    
1.77459e+05    7.57923e-13    
1.80469e+05    7.24796e-13    
1.83530e+05    6.93117e-13    
1.86644e+05    6.62822e-13    
1.89810e+05    6.33851e-13    
1.93029e+05    6.06147e-13    
1.96304e+05    5.79653e-13    
1.99634e+05    5.54317e-13    
2.03020e+05    5.30088e-13    
2.06464e+05    5.06918e-13    
2.09966e+05    4.84761e-13    
2.13528e+05    4.63572e-13    
2.17150e+05    4.43309e-13    
2.20833e+05    4.23932e-13    
2.24579e+05    4.05402e-13    
2.28388e+05    3.87681e-13    
2.32263e+05    3.70735e-13    
2.36202e+05    3.54530e-13    
2.40209e+05    3.39033e-13    
2.44284e+05    3.24213e-13    
2.48427e+05    3.10041e-13    
2.52642e+05    2.96488e-13    
2.56927e+05    2.83528e-13    
2.61285e+05    2.71134e-13    
2.65717e+05    2.59282e-13    
2.70225e+05    2.47948e-13    
2.74808e+05    2.37109e-13    
2.79470e+05    2.26744e-13    
2.84211e+05    2.16832e-13    
2.89032e+05    2.07354e-13    
2.93934e+05    1.98289e-13    
2.98920e+05    1.89621e-13    
3.03991e+05    1.81332e-13    
3.09148e+05    1.73405e-13    
3.14392e+05    1.65824e-13    
3.19725e+05    1.58575e-13    
3.25148e+05    1.51643e-13    
3.30663e+05    1.45014e-13    
3.36272e+05    1.38674e-13    
3.41977e+05    1.32612e-13    
3.47777e+05    1.26814e-13    
3.53677e+05    1.21271e-13    
3.59676e+05    1.15969e-13    
3.65777e+05    1.10899e-13    
3.71982e+05    1.06051e-13    
3.78292e+05    1.01414e-13    
3.84709e+05    9.69808e-14    
3.91234e+05    9.27410e-14    
3.97871e+05    8.86865e-14    
4.04620e+05    8.48092e-14    
4.11483e+05    8.11014e-14    
4.18463e+05    7.75558e-14    
4.25562e+05    7.41651e-14    
4.32780e+05    7.09226e-14    
4.40121e+05    6.78219e-14    
4.47587e+05    6.48567e-14    
4.55180e+05    6.20212e-14    
4.62901e+05    5.93096e-14    
4.70753e+05    5.67165e-14    
4.78738e+05    5.42368e-14    
4.86859e+05    5.18655e-14    
4.95117e+05    4.95979e-14    
5.03516e+05    4.74294e-14    
5.12057e+05    4.53557e-14    
5.20743e+05    4.33727e-14    
5.29576e+05    4.14764e-14    
5.38559e+05    3.96629e-14    
5.47695e+05    3.79288e-14    
5.56985e+05    3.62704e-14    
5.66433e+05    3.46846e-14    
5.76042e+05    3.31681e-14    
5.85813e+05    3.17179e-14    
5.95750e+05    3.03311e-14    
6.05856e+05    2.90049e-14    
6.16133e+05    2.77367e-14    
6.26584e+05    2.65239e-14    
6.37213e+05    2.53642e-14    
6.48022e+05    2.42552e-14    
6.59014e+05    2.31946e-14    
6.70193e+05    2.21805e-14    
6.81561e+05    2.12106e-14    
6.93122e+05    2.02832e-14    
7.04880e+05    1.93963e-14    
7.16836e+05    1.85482e-14    
7.28996e+05    1.77372e-14    
7.41362e+05    1.69616e-14    
7.53938e+05    1.62200e-14    
7.66726e+05    1.55107e-14    
7.79732e+05    1.48325e-14    
7.92959e+05    1.41839e-14    
8.06410e+05    1.35637e-14    
8.20089e+05    1.29706e-14    
8.34000e+05    1.24035e-14    
8.48147e+05    1.18611e-14    
8.62534e+05    1.13424e-14    
8.77165e+05    1.08465e-14    
8.92044e+05    1.03722e-14    
9.07176e+05    9.91864e-15    
9.22564e+05    9.48492e-15    
9.38213e+05    9.07016e-15    
9.54128e+05    8.67355e-15    
9.70313e+05    8.29427e-15    
9.86772e+05    7.93157e-15    
1.00351e+06    7.58474e-15    
1.02053e+06    7.25307e-15    
1.03784e+06    6.93590e-15    
1.05545e+06    6.63260e-15    
1.07335e+06    6.34256e-15    
1.09156e+06    6.06521e-15    
1.11008e+06    5.79998e-15    
1.12891e+06    5.54635e-15    
1.14805e+06    5.30381e-15    
1.16753e+06    5.07188e-15    
1.18733e+06    4.85008e-15    
1.20747e+06    4.63799e-15    
1.22796e+06    4.43517e-15    
1.24879e+06    4.24122e-15    
1.26997e+06    4.05575e-15    
1.29151e+06    3.87839e-15    
1.31342e+06    3.70878e-15    
1.33570e+06    3.54659e-15    
1.35836e+06    3.39150e-15    
1.38140e+06    3.24318e-15    
1.40483e+06    3.10135e-15    
1.42866e+06    2.96573e-15    
1.45289e+06    2.83603e-15    
1.47754e+06    2.71201e-15    
1.50260e+06    2.59341e-15    
1.52809e+06    2.47999e-15    
1.55401e+06    2.37154e-15    
1.58037e+06    2.26782e-15    
1.60718e+06    2.16865e-15    
1.63444e+06    2.07380e-15    
1.66217e+06    1.98311e-15    
1.69036e+06    1.89638e-15    
1.71903e+06    1.81345e-15    
1.74819e+06    1.73414e-15    
1.77785e+06    1.65830e-15    
1.80801e+06    1.58578e-15    
1.83867e+06    1.51643e-15    
1.86986e+06    1.45011e-15    
1.90158e+06    1.38669e-15    
1.93384e+06    1.32605e-15    
1.96664e+06    1.26805e-15    
2.00000e+06    1.21259e-15    

