# USINE V4.0
# File generated 13-05-2022 11:20:51
# Model1DKisoVc
# F
# SolMod0DFF_phi0_970GV
# R [GV]       TOA [GV m^{2} s sr]^{-1}
9.11411e-02    1.09892e-05    
9.27015e-02    1.15589e-05    
9.42885e-02    1.21580e-05    
9.59027e-02    1.27881e-05    
9.75446e-02    1.34508e-05    
9.92145e-02    1.41477e-05    
1.00913e-01    1.48806e-05    
1.02641e-01    1.56514e-05    
1.04398e-01    1.64619e-05    
1.06185e-01    1.73143e-05    
1.08003e-01    1.82106e-05    
1.09852e-01    1.91532e-05    
1.11733e-01    2.01444e-05    
1.13646e-01    2.11868e-05    
1.15591e-01    2.22828e-05    
1.17570e-01    2.34353e-05    
1.19583e-01    2.46472e-05    
1.21630e-01    2.59216e-05    
1.23712e-01    2.72615e-05    
1.25830e-01    2.86704e-05    
1.27985e-01    3.01519e-05    
1.30176e-01    3.17095e-05    
1.32404e-01    3.33473e-05    
1.34671e-01    3.50692e-05    
1.36977e-01    3.68797e-05    
1.39322e-01    3.87832e-05    
1.41707e-01    4.07845e-05    
1.44133e-01    4.28885e-05    
1.46600e-01    4.51006e-05    
1.49110e-01    4.74261e-05    
1.51663e-01    4.98709e-05    
1.54259e-01    5.24411e-05    
1.56900e-01    5.51430e-05    
1.59586e-01    5.79833e-05    
1.62319e-01    6.09692e-05    
1.65097e-01    6.41078e-05    
1.67924e-01    6.74071e-05    
1.70799e-01    7.08751e-05    
1.73723e-01    7.45205e-05    
1.76697e-01    7.83522e-05    
1.79722e-01    8.23796e-05    
1.82799e-01    8.66126e-05    
1.85928e-01    9.10616e-05    
1.89111e-01    9.57377e-05    
1.92349e-01    1.00652e-04    
1.95642e-01    1.05817e-04    
1.98991e-01    1.11245e-04    
2.02398e-01    1.16949e-04    
2.05863e-01    1.22941e-04    
2.09387e-01    1.29237e-04    
2.12972e-01    1.35850e-04    
2.16618e-01    1.42796e-04    
2.20327e-01    1.50093e-04    
2.24099e-01    1.57756e-04    
2.27935e-01    1.65804e-04    
2.31838e-01    1.74256e-04    
2.35807e-01    1.83131e-04    
2.39844e-01    1.92450e-04    
2.43950e-01    2.02234e-04    
2.48126e-01    2.12507e-04    
2.52374e-01    2.23290e-04    
2.56695e-01    2.34609e-04    
2.61089e-01    2.46490e-04    
2.65559e-01    2.58959e-04    
2.70105e-01    2.72044e-04    
2.74730e-01    2.85775e-04    
2.79433e-01    3.00181e-04    
2.84217e-01    3.15295e-04    
2.89083e-01    3.31150e-04    
2.94032e-01    3.47781e-04    
2.99065e-01    3.65223e-04    
3.04185e-01    3.83513e-04    
3.09393e-01    4.02692e-04    
3.14690e-01    4.22800e-04    
3.20077e-01    4.43879e-04    
3.25557e-01    4.65973e-04    
3.31131e-01    4.89128e-04    
3.36800e-01    5.13392e-04    
3.42566e-01    5.38814e-04    
3.48430e-01    5.65447e-04    
3.54395e-01    5.93342e-04    
3.60463e-01    6.22556e-04    
3.66634e-01    6.53145e-04    
3.72910e-01    6.85171e-04    
3.79295e-01    7.18693e-04    
3.85788e-01    7.53776e-04    
3.92393e-01    7.90487e-04    
3.99111e-01    8.28892e-04    
4.05943e-01    8.69063e-04    
4.12893e-01    9.11072e-04    
4.19962e-01    9.54995e-04    
4.27151e-01    1.00091e-03    
4.34464e-01    1.04889e-03    
4.41902e-01    1.09903e-03    
4.49468e-01    1.15140e-03    
4.57162e-01    1.20610e-03    
4.64989e-01    1.26321e-03    
4.72950e-01    1.32282e-03    
4.81046e-01    1.38502e-03    
4.89282e-01    1.44992e-03    
4.97658e-01    1.51761e-03    
5.06178e-01    1.58818e-03    
5.14844e-01    1.66174e-03    
5.23658e-01    1.73840e-03    
5.32623e-01    1.81825e-03    
5.41742e-01    1.90140e-03    
5.51016e-01    1.98795e-03    
5.60450e-01    2.07803e-03    
5.70044e-01    2.17173e-03    
5.79804e-01    2.26916e-03    
5.89730e-01    2.37044e-03    
5.99826e-01    2.47568e-03    
6.10095e-01    2.58498e-03    
6.20540e-01    2.69845e-03    
6.31163e-01    2.81621e-03    
6.41969e-01    2.93835e-03    
6.52959e-01    3.06499e-03    
6.64138e-01    3.19622e-03    
6.75508e-01    3.33216e-03    
6.87073e-01    3.47289e-03    
6.98835e-01    3.61852e-03    
7.10799e-01    3.76912e-03    
7.22968e-01    3.92479e-03    
7.35345e-01    4.08560e-03    
7.47934e-01    4.25164e-03    
7.60739e-01    4.42297e-03    
7.73763e-01    4.59964e-03    
7.87009e-01    4.78171e-03    
8.00483e-01    4.96923e-03    
8.14187e-01    5.16223e-03    
8.28126e-01    5.36073e-03    
8.42303e-01    5.56475e-03    
8.56724e-01    5.77429e-03    
8.71391e-01    5.98933e-03    
8.86309e-01    6.20986e-03    
9.01482e-01    6.43584e-03    
9.16916e-01    6.66722e-03    
9.32613e-01    6.90392e-03    
9.48580e-01    7.14587e-03    
9.64819e-01    7.39296e-03    
9.81337e-01    7.64509e-03    
9.98137e-01    7.90212e-03    
1.01523e+00    8.16389e-03    
1.03261e+00    8.43024e-03    
1.05028e+00    8.70097e-03    
1.06826e+00    8.97589e-03    
1.08655e+00    9.25475e-03    
1.10516e+00    9.53733e-03    
1.12408e+00    9.82335e-03    
1.14332e+00    1.01125e-02    
1.16289e+00    1.04046e-02    
1.18280e+00    1.06991e-02    
1.20305e+00    1.09959e-02    
1.22365e+00    1.12945e-02    
1.24460e+00    1.15945e-02    
1.26590e+00    1.18957e-02    
1.28758e+00    1.21975e-02    
1.30962e+00    1.24995e-02    
1.33204e+00    1.28014e-02    
1.35484e+00    1.31026e-02    
1.37804e+00    1.34028e-02    
1.40163e+00    1.37014e-02    
1.42563e+00    1.39979e-02    
1.45003e+00    1.42920e-02    
1.47486e+00    1.45830e-02    
1.50011e+00    1.48706e-02    
1.52579e+00    1.51541e-02    
1.55191e+00    1.54332e-02    
1.57848e+00    1.57072e-02    
1.60550e+00    1.59757e-02    
1.63299e+00    1.62381e-02    
1.66095e+00    1.64939e-02    
1.68938e+00    1.67426e-02    
1.71830e+00    1.69837e-02    
1.74772e+00    1.72164e-02    
1.77764e+00    1.74404e-02    
1.80807e+00    1.76551e-02    
1.83903e+00    1.78599e-02    
1.87051e+00    1.80544e-02    
1.90254e+00    1.82380e-02    
1.93511e+00    1.84103e-02    
1.96824e+00    1.85709e-02    
2.00193e+00    1.87193e-02    
2.03620e+00    1.88552e-02    
2.07106e+00    1.89783e-02    
2.10652e+00    1.90883e-02    
2.14258e+00    1.91850e-02    
2.17927e+00    1.92684e-02    
2.21657e+00    1.93384e-02    
2.25452e+00    1.93950e-02    
2.29312e+00    1.94382e-02    
2.33238e+00    1.94680e-02    
2.37231e+00    1.94844e-02    
2.41292e+00    1.94877e-02    
2.45423e+00    1.94778e-02    
2.49625e+00    1.94549e-02    
2.53898e+00    1.94192e-02    
2.58245e+00    1.93708e-02    
2.62666e+00    1.93097e-02    
2.67163e+00    1.92363e-02    
2.71737e+00    1.91505e-02    
2.76389e+00    1.90525e-02    
2.81121e+00    1.89424e-02    
2.85933e+00    1.88201e-02    
2.90828e+00    1.86858e-02    
2.95807e+00    1.85393e-02    
3.00872e+00    1.83805e-02    
3.06023e+00    1.82096e-02    
3.11262e+00    1.80262e-02    
3.16590e+00    1.78304e-02    
3.22010e+00    1.76222e-02    
3.27523e+00    1.74017e-02    
3.33130e+00    1.71690e-02    
3.38834e+00    1.69247e-02    
3.44634e+00    1.66691e-02    
3.50535e+00    1.64033e-02    
3.56536e+00    1.61281e-02    
3.62640e+00    1.58448e-02    
3.68848e+00    1.55547e-02    
3.75163e+00    1.52591e-02    
3.81585e+00    1.49591e-02    
3.88118e+00    1.46560e-02    
3.94763e+00    1.43509e-02    
4.01521e+00    1.40446e-02    
4.08395e+00    1.37381e-02    
4.15387e+00    1.34320e-02    
4.22498e+00    1.31270e-02    
4.29731e+00    1.28234e-02    
4.37088e+00    1.25217e-02    
4.44571e+00    1.22222e-02    
4.52182e+00    1.19252e-02    
4.59923e+00    1.16310e-02    
4.67797e+00    1.13398e-02    
4.75806e+00    1.10516e-02    
4.83952e+00    1.07667e-02    
4.92237e+00    1.04853e-02    
5.00664e+00    1.02073e-02    
5.09235e+00    9.93303e-03    
5.17953e+00    9.66248e-03    
5.26821e+00    9.39579e-03    
5.35840e+00    9.13303e-03    
5.45013e+00    8.87429e-03    
5.54344e+00    8.61965e-03    
5.63834e+00    8.36919e-03    
5.73487e+00    8.12298e-03    
5.83305e+00    7.88105e-03    
5.93291e+00    7.64347e-03    
6.03449e+00    7.41028e-03    
6.13780e+00    7.18151e-03    
6.24287e+00    6.95722e-03    
6.34975e+00    6.73743e-03    
6.45846e+00    6.52218e-03    
6.56903e+00    6.31148e-03    
6.68149e+00    6.10537e-03    
6.79588e+00    5.90387e-03    
6.91222e+00    5.70699e-03    
7.03056e+00    5.51476e-03    
7.15092e+00    5.32719e-03    
7.27334e+00    5.14429e-03    
7.39786e+00    4.96607e-03    
7.52451e+00    4.79253e-03    
7.65333e+00    4.62367e-03    
7.78436e+00    4.45947e-03    
7.91763e+00    4.29990e-03    
8.05317e+00    4.14493e-03    
8.19104e+00    3.99452e-03    
8.33127e+00    3.84864e-03    
8.47391e+00    3.70724e-03    
8.61898e+00    3.57027e-03    
8.76653e+00    3.43767e-03    
8.91662e+00    3.30938e-03    
9.06927e+00    3.18532e-03    
9.22453e+00    3.06542e-03    
9.38246e+00    2.94958e-03    
9.54309e+00    2.83772e-03    
9.70646e+00    2.72973e-03    
9.87264e+00    2.62549e-03    
1.00417e+01    2.52489e-03    
1.02136e+01    2.42779e-03    
1.03884e+01    2.33407e-03    
1.05663e+01    2.24362e-03    
1.07472e+01    2.15633e-03    
1.09312e+01    2.07208e-03    
1.11183e+01    1.99078e-03    
1.13086e+01    1.91232e-03    
1.15022e+01    1.83663e-03    
1.16992e+01    1.76362e-03    
1.18995e+01    1.69321e-03    
1.21032e+01    1.62534e-03    
1.23104e+01    1.55992e-03    
1.25211e+01    1.49689e-03    
1.27355e+01    1.43619e-03    
1.29535e+01    1.37773e-03    
1.31753e+01    1.32145e-03    
1.34008e+01    1.26729e-03    
1.36303e+01    1.21517e-03    
1.38636e+01    1.16503e-03    
1.41010e+01    1.11679e-03    
1.43424e+01    1.07040e-03    
1.45879e+01    1.02578e-03    
1.48377e+01    9.82886e-04    
1.50917e+01    9.41655e-04    
1.53500e+01    9.02029e-04    
1.56128e+01    8.63954e-04    
1.58801e+01    8.27375e-04    
1.61520e+01    7.92240e-04    
1.64285e+01    7.58498e-04    
1.67098e+01    7.26101e-04    
1.69958e+01    6.94999e-04    
1.72868e+01    6.65146e-04    
1.75828e+01    6.36498e-04    
1.78838e+01    6.09010e-04    
1.81899e+01    5.82639e-04    
1.85013e+01    5.57344e-04    
1.88181e+01    5.33086e-04    
1.91403e+01    5.09825e-04    
1.94679e+01    4.87524e-04    
1.98012e+01    4.66147e-04    
2.01402e+01    4.45658e-04    
2.04850e+01    4.26024e-04    
2.08357e+01    4.07211e-04    
2.11924e+01    3.89189e-04    
2.15552e+01    3.71927e-04    
2.19243e+01    3.55394e-04    
2.22996e+01    3.39564e-04    
2.26814e+01    3.24405e-04    
2.30697e+01    3.09892e-04    
2.34646e+01    2.95999e-04    
2.38663e+01    2.82700e-04    
2.42749e+01    2.69973e-04    
2.46905e+01    2.57794e-04    
2.51132e+01    2.46141e-04    
2.55432e+01    2.34993e-04    
2.59805e+01    2.24328e-04    
2.64252e+01    2.14128e-04    
2.68776e+01    2.04373e-04    
2.73378e+01    1.95045e-04    
2.78058e+01    1.86126e-04    
2.82818e+01    1.77599e-04    
2.87660e+01    1.69448e-04    
2.92585e+01    1.61656e-04    
2.97594e+01    1.54210e-04    
3.02689e+01    1.47095e-04    
3.07871e+01    1.40296e-04    
3.13142e+01    1.33800e-04    
3.18502e+01    1.27594e-04    
3.23955e+01    1.21667e-04    
3.29501e+01    1.16005e-04    
3.35142e+01    1.10598e-04    
3.40880e+01    1.05435e-04    
3.46716e+01    1.00505e-04    
3.52652e+01    9.57977e-05    
3.58689e+01    9.13041e-05    
3.64830e+01    8.70148e-05    
3.71076e+01    8.29207e-05    
3.77428e+01    7.90134e-05    
3.83890e+01    7.52846e-05    
3.90462e+01    7.17266e-05    
3.97147e+01    6.83318e-05    
4.03946e+01    6.50931e-05    
4.10861e+01    6.20034e-05    
4.17895e+01    5.90563e-05    
4.25050e+01    5.62454e-05    
4.32327e+01    5.35645e-05    
4.39728e+01    5.10080e-05    
4.47256e+01    4.85702e-05    
4.54913e+01    4.62459e-05    
4.62701e+01    4.40298e-05    
4.70623e+01    4.19173e-05    
4.78680e+01    3.99034e-05    
4.86875e+01    3.79839e-05    
4.95210e+01    3.61545e-05    
5.03688e+01    3.44110e-05    
5.12311e+01    3.27495e-05    
5.21082e+01    3.11663e-05    
5.30002e+01    2.96578e-05    
5.39076e+01    2.82207e-05    
5.48305e+01    2.68516e-05    
5.57692e+01    2.55473e-05    
5.67240e+01    2.43050e-05    
5.76951e+01    2.31218e-05    
5.86828e+01    2.19949e-05    
5.96875e+01    2.09217e-05    
6.07093e+01    1.98998e-05    
6.17486e+01    1.89267e-05    
6.28058e+01    1.80002e-05    
6.38810e+01    1.71181e-05    
6.49746e+01    1.62784e-05    
6.60870e+01    1.54790e-05    
6.72184e+01    1.47181e-05    
6.83692e+01    1.39939e-05    
6.95397e+01    1.33046e-05    
7.07302e+01    1.26486e-05    
7.19411e+01    1.20243e-05    
7.31727e+01    1.14303e-05    
7.44254e+01    1.08651e-05    
7.56996e+01    1.03273e-05    
7.69955e+01    9.81566e-06    
7.83137e+01    9.32892e-06    
7.96544e+01    8.86590e-06    
8.10181e+01    8.42546e-06    
8.24051e+01    8.00653e-06    
8.38159e+01    7.60809e-06    
8.52508e+01    7.22915e-06    
8.67103e+01    6.86878e-06    
8.81948e+01    6.52608e-06    
8.97047e+01    6.20022e-06    
9.12404e+01    5.89038e-06    
9.28025e+01    5.59580e-06    
9.43912e+01    5.31572e-06    
9.60072e+01    5.04947e-06    
9.76508e+01    4.79636e-06    
9.93226e+01    4.55576e-06    
1.01023e+02    4.32707e-06    
1.02753e+02    4.10971e-06    
1.04512e+02    3.90312e-06    
1.06301e+02    3.70679e-06    
1.08121e+02    3.52022e-06    
1.09972e+02    3.34293e-06    
1.11854e+02    3.17447e-06    
1.13769e+02    3.01440e-06    
1.15717e+02    2.86232e-06    
1.17698e+02    2.71784e-06    
1.19713e+02    2.58058e-06    
1.21763e+02    2.45019e-06    
1.23847e+02    2.32633e-06    
1.25968e+02    2.20869e-06    
1.28124e+02    2.09695e-06    
1.30318e+02    1.99082e-06    
1.32549e+02    1.89003e-06    
1.34818e+02    1.79432e-06    
1.37126e+02    1.70343e-06    
1.39473e+02    1.61713e-06    
1.41861e+02    1.53518e-06    
1.44290e+02    1.45738e-06    
1.46760e+02    1.38351e-06    
1.49273e+02    1.31339e-06    
1.51828e+02    1.24682e-06    
1.54427e+02    1.18362e-06    
1.57071e+02    1.12364e-06    
1.59760e+02    1.06671e-06    
1.62495e+02    1.01267e-06    
1.65277e+02    9.61384e-07    
1.68107e+02    9.12713e-07    
1.70985e+02    8.66524e-07    
1.73912e+02    8.22694e-07    
1.76889e+02    7.81102e-07    
1.79918e+02    7.41637e-07    
1.82998e+02    7.04191e-07    
1.86131e+02    6.68662e-07    
1.89317e+02    6.34953e-07    
1.92559e+02    6.02970e-07    
1.95855e+02    5.72628e-07    
1.99208e+02    5.43841e-07    
2.02619e+02    5.16530e-07    
2.06087e+02    4.90620e-07    
2.09616e+02    4.66039e-07    
2.13204e+02    4.42719e-07    
2.16854e+02    4.20594e-07    
2.20567e+02    3.99604e-07    
2.24343e+02    3.79689e-07    
2.28184e+02    3.60793e-07    
2.32090e+02    3.42865e-07    
2.36063e+02    3.25852e-07    
2.40105e+02    3.09709e-07    
2.44215e+02    2.94389e-07    
2.48396e+02    2.79850e-07    
2.52649e+02    2.66050e-07    
2.56974e+02    2.52951e-07    
2.61374e+02    2.40517e-07    
2.65848e+02    2.28711e-07    
2.70400e+02    2.17503e-07    
2.75029e+02    2.06860e-07    
2.79737e+02    1.96752e-07    
2.84526e+02    1.87153e-07    
2.89398e+02    1.78034e-07    
2.94352e+02    1.69372e-07    
2.99391e+02    1.61142e-07    
3.04517e+02    1.53322e-07    
3.09730e+02    1.45890e-07    
3.15033e+02    1.38827e-07    
3.20426e+02    1.32114e-07    
3.25912e+02    1.25732e-07    
3.31491e+02    1.19664e-07    
3.37166e+02    1.13895e-07    
3.42939e+02    1.08409e-07    
3.48810e+02    1.03191e-07    
3.54781e+02    9.82288e-08    
3.60855e+02    9.35087e-08    
3.67033e+02    8.90184e-08    
3.73317e+02    8.47466e-08    
3.79708e+02    8.06822e-08    
3.86208e+02    7.68148e-08    
3.92820e+02    7.31347e-08    
3.99545e+02    6.96326e-08    
4.06385e+02    6.62996e-08    
4.13343e+02    6.31273e-08    
4.20419e+02    6.01079e-08    
4.27617e+02    5.72338e-08    
4.34938e+02    5.44979e-08    
4.42384e+02    5.18935e-08    
4.49957e+02    4.94140e-08    
4.57660e+02    4.70535e-08    
4.65496e+02    4.48062e-08    
4.73465e+02    4.26664e-08    
4.81571e+02    4.06291e-08    
4.89815e+02    3.86893e-08    
4.98201e+02    3.68423e-08    
5.06730e+02    3.50835e-08    
5.15405e+02    3.34087e-08    
5.24229e+02    3.18140e-08    
5.33203e+02    3.02954e-08    
5.42332e+02    2.88492e-08    
5.51616e+02    2.74721e-08    
5.61060e+02    2.61607e-08    
5.70665e+02    2.49119e-08    
5.80435e+02    2.37226e-08    
5.90372e+02    2.25900e-08    
6.00479e+02    2.15114e-08    
6.10760e+02    2.04842e-08    
6.21216e+02    1.95060e-08    
6.31851e+02    1.85745e-08    
6.42668e+02    1.76873e-08    
6.53671e+02    1.68424e-08    
6.64861e+02    1.60378e-08    
6.76244e+02    1.52716e-08    
6.87821e+02    1.45419e-08    
6.99596e+02    1.38469e-08    
7.11574e+02    1.31851e-08    
7.23756e+02    1.25549e-08    
7.36146e+02    1.19547e-08    
7.48749e+02    1.13831e-08    
7.61568e+02    1.08388e-08    
7.74606e+02    1.03204e-08    
7.87867e+02    9.82677e-09    
8.01355e+02    9.35668e-09    
8.15074e+02    8.90901e-09    
8.29028e+02    8.48270e-09    
8.43221e+02    8.07673e-09    
8.57657e+02    7.69013e-09    
8.72340e+02    7.32199e-09    
8.87274e+02    6.97142e-09    
9.02465e+02    6.63759e-09    
9.17915e+02    6.31969e-09    
9.33629e+02    6.01698e-09    
9.49613e+02    5.72873e-09    
9.65870e+02    5.45424e-09    
9.82406e+02    5.19287e-09    
9.99225e+02    4.94399e-09    
1.01633e+03    4.70700e-09    
1.03373e+03    4.48134e-09    
1.05143e+03    4.26646e-09    
1.06943e+03    4.06186e-09    
1.08774e+03    3.86705e-09    
1.10636e+03    3.68155e-09    
1.12530e+03    3.50492e-09    
1.14457e+03    3.33674e-09    
1.16416e+03    3.17661e-09    
1.18409e+03    3.02414e-09    
1.20436e+03    2.87897e-09    
1.22498e+03    2.74075e-09    
1.24595e+03    2.60915e-09    
1.26728e+03    2.48385e-09    
1.28898e+03    2.36454e-09    
1.31105e+03    2.25096e-09    
1.33349e+03    2.14281e-09    
1.35632e+03    2.03985e-09    
1.37954e+03    1.94182e-09    
1.40316e+03    1.84849e-09    
1.42718e+03    1.75963e-09    
1.45161e+03    1.67503e-09    
1.47646e+03    1.59449e-09    
1.50174e+03    1.51781e-09    
1.52745e+03    1.44481e-09    
1.55360e+03    1.37531e-09    
1.58020e+03    1.30914e-09    
1.60725e+03    1.24615e-09    
1.63477e+03    1.18619e-09    
1.66275e+03    1.12910e-09    
1.69122e+03    1.07475e-09    
1.72017e+03    1.02301e-09    
1.74962e+03    9.73756e-10    
1.77958e+03    9.26867e-10    
1.81004e+03    8.82230e-10    
1.84103e+03    8.39738e-10    
1.87255e+03    7.99287e-10    
1.90461e+03    7.60779e-10    
1.93721e+03    7.24123e-10    
1.97038e+03    6.89228e-10    
2.00411e+03    6.56011e-10    
2.03842e+03    6.24391e-10    
2.07332e+03    5.94291e-10    
2.10882e+03    5.65639e-10    
2.14492e+03    5.38365e-10    
2.18164e+03    5.12403e-10    
2.21899e+03    4.87690e-10    
2.25698e+03    4.64166e-10    
2.29562e+03    4.41774e-10    
2.33492e+03    4.20460e-10    
2.37489e+03    4.00172e-10    
2.41555e+03    3.80861e-10    
2.45690e+03    3.62479e-10    
2.49897e+03    3.44983e-10    
2.54175e+03    3.28329e-10    
2.58526e+03    3.12477e-10    
2.62952e+03    2.97389e-10    
2.67454e+03    2.83028e-10    
2.72033e+03    2.69359e-10    
2.76690e+03    2.56349e-10    
2.81427e+03    2.43965e-10    
2.86245e+03    2.32179e-10    
2.91145e+03    2.20961e-10    
2.96130e+03    2.10284e-10    
3.01199e+03    2.00121e-10    
3.06356e+03    1.90449e-10    
3.11601e+03    1.81243e-10    
3.16935e+03    1.72481e-10    
3.22361e+03    1.64142e-10    
3.27880e+03    1.56205e-10    
3.33493e+03    1.48652e-10    
3.39203e+03    1.41462e-10    
3.45010e+03    1.34620e-10    
3.50916e+03    1.28108e-10    
3.56924e+03    1.21911e-10    
3.63035e+03    1.16012e-10    
3.69250e+03    1.10399e-10    
3.75571e+03    1.05056e-10    
3.82001e+03    9.99718e-11    
3.88541e+03    9.51330e-11    
3.95193e+03    9.05280e-11    
4.01958e+03    8.61454e-11    
4.08840e+03    8.19745e-11    
4.15839e+03    7.80053e-11    
4.22958e+03    7.42278e-11    
4.30199e+03    7.06330e-11    
4.37564e+03    6.72119e-11    
4.45055e+03    6.39562e-11    
4.52675e+03    6.08579e-11    
4.60424e+03    5.79094e-11    
4.68307e+03    5.51036e-11    
4.76324e+03    5.24334e-11    
4.84479e+03    4.98924e-11    
4.92773e+03    4.74743e-11    
5.01209e+03    4.51732e-11    
5.09790e+03    4.29834e-11    
5.18518e+03    4.08996e-11    
5.27395e+03    3.89166e-11    
5.36424e+03    3.70296e-11    
5.45607e+03    3.52340e-11    
5.54948e+03    3.35252e-11    
5.64449e+03    3.18992e-11    
5.74112e+03    3.03519e-11    
5.83941e+03    2.88796e-11    
5.93938e+03    2.74785e-11    
6.04106e+03    2.61453e-11    
6.14448e+03    2.48767e-11    
6.24968e+03    2.36695e-11    
6.35667e+03    2.25208e-11    
6.46550e+03    2.14278e-11    
6.57618e+03    2.03877e-11    
6.68877e+03    1.93981e-11    
6.80328e+03    1.84564e-11    
6.91975e+03    1.75603e-11    
7.03822e+03    1.67077e-11    
7.15871e+03    1.58964e-11    
7.28127e+03    1.51244e-11    
7.40592e+03    1.43899e-11    
7.53271e+03    1.36909e-11    
7.66167e+03    1.30259e-11    
7.79284e+03    1.23931e-11    
7.92625e+03    1.17911e-11    
8.06195e+03    1.12182e-11    
8.19997e+03    1.06731e-11    
8.34035e+03    1.01545e-11    
8.48314e+03    9.66098e-12    
8.62837e+03    9.19145e-12    
8.77609e+03    8.74470e-12    
8.92633e+03    8.31964e-12    
9.07915e+03    7.91521e-12    
9.23458e+03    7.53040e-12    
9.39268e+03    7.16428e-12    
9.55348e+03    6.81593e-12    
9.71704e+03    6.48450e-12    
9.88339e+03    6.16916e-12    
1.00526e+04    5.86913e-12    
1.02247e+04    5.58367e-12    
1.03997e+04    5.31208e-12    
1.05778e+04    5.05367e-12    
1.07589e+04    4.80782e-12    
1.09431e+04    4.57392e-12    
1.11304e+04    4.35137e-12    
1.13210e+04    4.13964e-12    
1.15148e+04    3.93820e-12    
1.17119e+04    3.74655e-12    
1.19124e+04    3.56421e-12    
1.21164e+04    3.39073e-12    
1.23238e+04    3.22569e-12    
1.25348e+04    3.06867e-12    
1.27494e+04    2.91928e-12    
1.29676e+04    2.77715e-12    
1.31896e+04    2.64194e-12    
1.34154e+04    2.51330e-12    
1.36451e+04    2.39091e-12    
1.38787e+04    2.27448e-12    
1.41163e+04    2.16371e-12    
1.43580e+04    2.05832e-12    
1.46038e+04    1.95807e-12    
1.48538e+04    1.86269e-12    
1.51081e+04    1.77195e-12    
1.53668e+04    1.68562e-12    
1.56298e+04    1.60350e-12    
1.58974e+04    1.52537e-12    
1.61696e+04    1.45104e-12    
1.64464e+04    1.38033e-12    
1.67280e+04    1.31307e-12    
1.70144e+04    1.24907e-12    
1.73056e+04    1.18819e-12    
1.76019e+04    1.13028e-12    
1.79033e+04    1.07518e-12    
1.82098e+04    1.02277e-12    
1.85215e+04    9.72908e-13    
1.88386e+04    9.25475e-13    
1.91611e+04    8.80351e-13    
1.94891e+04    8.37425e-13    
1.98228e+04    7.96590e-13    
2.01622e+04    7.57744e-13    
2.05073e+04    7.20789e-13    
2.08584e+04    6.85635e-13    
2.12155e+04    6.52194e-13    
2.15787e+04    6.20381e-13    
2.19482e+04    5.90119e-13    
2.23239e+04    5.61331e-13    
2.27061e+04    5.33946e-13    
2.30948e+04    5.07896e-13    
2.34902e+04    4.83115e-13    
2.38923e+04    4.59542e-13    
2.43014e+04    4.37117e-13    
2.47174e+04    4.15786e-13    
2.51406e+04    3.95495e-13    
2.55710e+04    3.76193e-13    
2.60088e+04    3.57831e-13    
2.64540e+04    3.40366e-13    
2.69069e+04    3.23751e-13    
2.73676e+04    3.07947e-13    
2.78361e+04    2.92913e-13    
2.83126e+04    2.78613e-13    
2.87974e+04    2.65010e-13    
2.92904e+04    2.52071e-13    
2.97918e+04    2.39762e-13    
3.03019e+04    2.28054e-13    
3.08206e+04    2.16918e-13    
3.13483e+04    2.06324e-13    
3.18849e+04    1.96247e-13    
3.24308e+04    1.86662e-13    
3.29860e+04    1.77545e-13    
3.35507e+04    1.68872e-13    
3.41251e+04    1.60623e-13    
3.47094e+04    1.52776e-13    
3.53036e+04    1.45313e-13    
3.59080e+04    1.38213e-13    
3.65227e+04    1.31460e-13    
3.71480e+04    1.25037e-13    
3.77840e+04    1.18927e-13    
3.84308e+04    1.13116e-13    
3.90887e+04    1.07588e-13    
3.97579e+04    1.02330e-13    
4.04386e+04    9.73287e-14    
4.11309e+04    9.25716e-14    
4.18351e+04    8.80469e-14    
4.25513e+04    8.37431e-14    
4.32797e+04    7.96496e-14    
4.40207e+04    7.57559e-14    
4.47743e+04    7.20524e-14    
4.55409e+04    6.85298e-14    
4.63205e+04    6.51792e-14    
4.71135e+04    6.19923e-14    
4.79201e+04    5.89611e-14    
4.87405e+04    5.60780e-14    
4.95749e+04    5.33357e-14    
5.04236e+04    5.07275e-14    
5.12869e+04    4.82466e-14    
5.21649e+04    4.58870e-14    
5.30580e+04    4.36427e-14    
5.39663e+04    4.15080e-14    
5.48902e+04    3.94777e-14    
5.58300e+04    3.75466e-14    
5.67858e+04    3.57099e-14    
5.77579e+04    3.39629e-14    
5.87467e+04    3.23014e-14    
5.97525e+04    3.07211e-14    
6.07754e+04    2.92180e-14    
6.18159e+04    2.77884e-14    
6.28742e+04    2.64287e-14    
6.39506e+04    2.51354e-14    
6.50454e+04    2.39054e-14    
6.61590e+04    2.27356e-14    
6.72916e+04    2.16229e-14    
6.84437e+04    2.05647e-14    
6.96154e+04    1.95582e-14    
7.08072e+04    1.86009e-14    
7.20195e+04    1.76904e-14    
7.32524e+04    1.68245e-14    
7.45065e+04    1.60009e-14    
7.57820e+04    1.52176e-14    
7.70794e+04    1.44726e-14    
7.83990e+04    1.37641e-14    
7.97412e+04    1.30902e-14    
8.11064e+04    1.24493e-14    
8.24949e+04    1.18398e-14    
8.39072e+04    1.12600e-14    
8.53437e+04    1.07087e-14    
8.68048e+04    1.01843e-14    
8.82909e+04    9.68556e-15    
8.98024e+04    9.21123e-15    
9.13398e+04    8.76012e-15    
9.29036e+04    8.33109e-15    
9.44941e+04    7.92305e-15    
9.61118e+04    7.53498e-15    
9.77572e+04    7.16591e-15    
9.94308e+04    6.81490e-15    
1.01133e+05    6.48107e-15    
1.02864e+05    6.16359e-15    
1.04625e+05    5.86164e-15    
1.06417e+05    5.57448e-15    
1.08239e+05    5.30137e-15    
1.10092e+05    5.04164e-15    
1.11976e+05    4.79462e-15    
1.13893e+05    4.55970e-15    
1.15843e+05    4.33628e-15    
1.17826e+05    4.12380e-15    
1.19844e+05    3.92172e-15    
1.21895e+05    3.72954e-15    
1.23982e+05    3.54677e-15    
1.26105e+05    3.37295e-15    
1.28264e+05    3.20765e-15    
1.30460e+05    3.05044e-15    
1.32693e+05    2.90093e-15    
1.34965e+05    2.75874e-15    
1.37275e+05    2.62352e-15    
1.39625e+05    2.49492e-15    
1.42016e+05    2.37262e-15    
1.44447e+05    2.25631e-15    
1.46920e+05    2.14570e-15    
1.49435e+05    2.04051e-15    
1.51994e+05    1.94048e-15    
1.54596e+05    1.84534e-15    
1.57242e+05    1.75487e-15    
1.59934e+05    1.66882e-15    
1.62672e+05    1.58700e-15    
1.65457e+05    1.50918e-15    
1.68290e+05    1.43518e-15    
1.71171e+05    1.36480e-15    
1.74102e+05    1.29788e-15    
1.77082e+05    1.23423e-15    
1.80114e+05    1.17370e-15    
1.83197e+05    1.11614e-15    
1.86334e+05    1.06140e-15    
1.89524e+05    1.00934e-15    
1.92768e+05    9.59839e-16    
1.96068e+05    9.12760e-16    
1.99425e+05    8.67989e-16    
2.02839e+05    8.25413e-16    
2.06312e+05    7.84925e-16    
2.09844e+05    7.46421e-16    
2.13436e+05    7.09804e-16    
2.17090e+05    6.74984e-16    
2.20807e+05    6.41870e-16    
2.24587e+05    6.10380e-16    
2.28432e+05    5.80434e-16    
2.32343e+05    5.51956e-16    
2.36321e+05    5.24875e-16    
2.40366e+05    4.99121e-16    
2.44482e+05    4.74631e-16    
2.48667e+05    4.51342e-16    
2.52924e+05    4.29195e-16    
2.57254e+05    4.08134e-16    
2.61658e+05    3.88106e-16    
2.66138e+05    3.69060e-16    
2.70694e+05    3.50948e-16    
2.75329e+05    3.33725e-16    
2.80042e+05    3.17346e-16    
2.84836e+05    3.01771e-16    
2.89713e+05    2.86960e-16    
2.94673e+05    2.72876e-16    
2.99717e+05    2.59482e-16    
3.04849e+05    2.46746e-16    
3.10068e+05    2.34634e-16    
3.15376e+05    2.23117e-16    
3.20775e+05    2.12164e-16    
3.26267e+05    2.01749e-16    
3.31852e+05    1.91845e-16    
3.37534e+05    1.82427e-16    
3.43312e+05    1.73471e-16    
3.49190e+05    1.64955e-16    
3.55168e+05    1.56856e-16    
3.61248e+05    1.49155e-16    
3.67433e+05    1.41832e-16    
3.73723e+05    1.34868e-16    
3.80121e+05    1.28246e-16    
3.86629e+05    1.21949e-16    
3.93248e+05    1.15961e-16    
3.99981e+05    1.10267e-16    
4.06828e+05    1.04852e-16    
4.13793e+05    9.97033e-17    
4.20877e+05    9.48071e-17    
4.28083e+05    9.01513e-17    
4.35411e+05    8.57240e-17    
4.42866e+05    8.15140e-17    
4.50447e+05    7.75107e-17    
4.58159e+05    7.37039e-17    
4.66003e+05    7.00839e-17    
4.73981e+05    6.66417e-17    
4.82095e+05    6.33685e-17    
4.90349e+05    6.02560e-17    
4.98743e+05    5.72963e-17    
5.07282e+05    5.44819e-17    
5.15966e+05    5.18057e-17    
5.24800e+05    4.92609e-17    
5.33784e+05    4.68410e-17    
5.42923e+05    4.45400e-17    
5.52217e+05    4.23520e-17    
5.61671e+05    4.02714e-17    
5.71287e+05    3.82929e-17    
5.81068e+05    3.64116e-17    
5.91015e+05    3.46228e-17    
6.01134e+05    3.29217e-17    
6.11425e+05    3.13042e-17    
6.21892e+05    2.97662e-17    
6.32539e+05    2.83036e-17    
6.43368e+05    2.69129e-17    
6.54383e+05    2.55905e-17    
6.65586e+05    2.43331e-17    
6.76980e+05    2.31374e-17    
6.88570e+05    2.20005e-17    
7.00359e+05    2.09194e-17    
7.12349e+05    1.98914e-17    
7.24544e+05    1.89139e-17    
7.36948e+05    1.79844e-17    
7.49565e+05    1.71006e-17    
7.62397e+05    1.62602e-17    
7.75449e+05    1.54611e-17    
7.88725e+05    1.47012e-17    
8.02228e+05    1.39787e-17    
8.15962e+05    1.32916e-17    
8.29931e+05    1.26384e-17    
8.44140e+05    1.20172e-17    
8.58591e+05    1.14265e-17    
8.73290e+05    1.08649e-17    
8.88241e+05    1.03308e-17    
9.03448e+05    9.82303e-18    
9.18915e+05    9.34017e-18    
9.34646e+05    8.88105e-18    
9.50648e+05    8.44448e-18    
9.66923e+05    8.02937e-18    
9.83476e+05    7.63465e-18    
1.00031e+06    7.25934e-18    
1.01744e+06    6.90246e-18    
1.03486e+06    6.56313e-18    
1.05257e+06    6.24047e-18    
1.07059e+06    5.93367e-18    
1.08892e+06    5.64194e-18    
1.10756e+06    5.36456e-18    
1.12653e+06    5.10081e-18    
1.14581e+06    4.85002e-18    
1.16543e+06    4.61155e-18    
1.18538e+06    4.38481e-18    
1.20567e+06    4.16921e-18    
1.22632e+06    3.96421e-18    
1.24731e+06    3.76929e-18    
1.26866e+06    3.58394e-18    
1.29038e+06    3.40771e-18    
1.31247e+06    3.24014e-18    
1.33494e+06    3.08081e-18    
1.35780e+06    2.92931e-18    
1.38104e+06    2.78526e-18    
1.40469e+06    2.64829e-18    
1.42873e+06    2.51806e-18    
1.45319e+06    2.39422e-18    
1.47807e+06    2.27648e-18    
1.50338e+06    2.16452e-18    
1.52912e+06    2.05807e-18    
1.55529e+06    1.95685e-18    
1.58192e+06    1.86061e-18    
1.60900e+06    1.76910e-18    
1.63655e+06    1.68209e-18    
1.66457e+06    1.59935e-18    
1.69306e+06    1.52069e-18    
1.72205e+06    1.44589e-18    
1.75153e+06    1.37477e-18    
1.78152e+06    1.30715e-18    
1.81202e+06    1.24286e-18    
1.84304e+06    1.18172e-18    
1.87459e+06    1.12359e-18    
1.90668e+06    1.06832e-18    
1.93933e+06    1.01577e-18    
1.97253e+06    9.65802e-19    
2.00630e+06    9.18292e-19    
2.04064e+06    8.73118e-19    
2.07558e+06    8.30166e-19    
2.11111e+06    7.89325e-19    

