# USINE V4.0
# File generated 13-05-2022 11:20:53
# Model1DKisoVc
# FE
# SolMod0DFF_phi0_970GV
# R [GV]       TOA [GV m^{2} s sr]^{-1}
9.95774e-02    6.92541e-05    
1.01272e-01    7.28158e-05    
1.02995e-01    7.65600e-05    
1.04747e-01    8.04961e-05    
1.06529e-01    8.46338e-05    
1.08341e-01    8.89834e-05    
1.10184e-01    9.35556e-05    
1.12059e-01    9.83619e-05    
1.13966e-01    1.03414e-04    
1.15904e-01    1.08725e-04    
1.17876e-01    1.14307e-04    
1.19882e-01    1.20175e-04    
1.21921e-01    1.26342e-04    
1.23996e-01    1.32825e-04    
1.26105e-01    1.39639e-04    
1.28251e-01    1.46800e-04    
1.30433e-01    1.54328e-04    
1.32652e-01    1.62239e-04    
1.34909e-01    1.70554e-04    
1.37204e-01    1.79293e-04    
1.39538e-01    1.88478e-04    
1.41912e-01    1.98130e-04    
1.44326e-01    2.08275e-04    
1.46782e-01    2.18935e-04    
1.49279e-01    2.30139e-04    
1.51819e-01    2.41913e-04    
1.54402e-01    2.54285e-04    
1.57029e-01    2.67287e-04    
1.59700e-01    2.80949e-04    
1.62417e-01    2.95305e-04    
1.65180e-01    3.10391e-04    
1.67991e-01    3.26242e-04    
1.70849e-01    3.42897e-04    
1.73755e-01    3.60397e-04    
1.76712e-01    3.78784e-04    
1.79718e-01    3.98102e-04    
1.82776e-01    4.18399e-04    
1.85885e-01    4.39723e-04    
1.89048e-01    4.62126e-04    
1.92264e-01    4.85661e-04    
1.95535e-01    5.10386e-04    
1.98862e-01    5.36359e-04    
2.02245e-01    5.63642e-04    
2.05686e-01    5.92293e-04    
2.09185e-01    6.22379e-04    
2.12744e-01    6.53969e-04    
2.16363e-01    6.87138e-04    
2.20044e-01    7.21961e-04    
2.23788e-01    7.58518e-04    
2.27595e-01    7.96894e-04    
2.31468e-01    8.37176e-04    
2.35406e-01    8.79456e-04    
2.39411e-01    9.23829e-04    
2.43484e-01    9.70395e-04    
2.47626e-01    1.01926e-03    
2.51839e-01    1.07053e-03    
2.56124e-01    1.12432e-03    
2.60481e-01    1.18076e-03    
2.64913e-01    1.23995e-03    
2.69420e-01    1.30204e-03    
2.74003e-01    1.36716e-03    
2.78665e-01    1.43545e-03    
2.83406e-01    1.50706e-03    
2.88228e-01    1.58213e-03    
2.93131e-01    1.66084e-03    
2.98119e-01    1.74334e-03    
3.03191e-01    1.82981e-03    
3.08349e-01    1.92042e-03    
3.13595e-01    2.01537e-03    
3.18930e-01    2.11485e-03    
3.24356e-01    2.21906e-03    
3.29874e-01    2.32820e-03    
3.35487e-01    2.44251e-03    
3.41194e-01    2.56220e-03    
3.46999e-01    2.68751e-03    
3.52903e-01    2.81868e-03    
3.58907e-01    2.95596e-03    
3.65013e-01    3.09962e-03    
3.71223e-01    3.24992e-03    
3.77538e-01    3.40714e-03    
3.83962e-01    3.57157e-03    
3.90494e-01    3.74351e-03    
3.97138e-01    3.92327e-03    
4.03894e-01    4.11115e-03    
4.10766e-01    4.30750e-03    
4.17754e-01    4.51263e-03    
4.24861e-01    4.72691e-03    
4.32090e-01    4.95068e-03    
4.39441e-01    5.18431e-03    
4.46917e-01    5.42817e-03    
4.54521e-01    5.68265e-03    
4.62254e-01    5.94814e-03    
4.70118e-01    6.22504e-03    
4.78116e-01    6.51376e-03    
4.86250e-01    6.81471e-03    
4.94523e-01    7.12832e-03    
5.02937e-01    7.45503e-03    
5.11493e-01    7.79527e-03    
5.20195e-01    8.14949e-03    
5.29045e-01    8.51813e-03    
5.38046e-01    8.90165e-03    
5.47200e-01    9.30051e-03    
5.56510e-01    9.71517e-03    
5.65978e-01    1.01461e-02    
5.75607e-01    1.05937e-02    
5.85400e-01    1.10585e-02    
5.95359e-01    1.15410e-02    
6.05488e-01    1.20415e-02    
6.15789e-01    1.25606e-02    
6.26266e-01    1.30987e-02    
6.36921e-01    1.36562e-02    
6.47757e-01    1.42335e-02    
6.58777e-01    1.48311e-02    
6.69985e-01    1.54493e-02    
6.81384e-01    1.60885e-02    
6.92976e-01    1.67491e-02    
7.04766e-01    1.74314e-02    
7.16756e-01    1.81357e-02    
7.28951e-01    1.88623e-02    
7.41352e-01    1.96114e-02    
7.53965e-01    2.03832e-02    
7.66793e-01    2.11780e-02    
7.79838e-01    2.19958e-02    
7.93106e-01    2.28367e-02    
8.06599e-01    2.37009e-02    
8.20322e-01    2.45882e-02    
8.34278e-01    2.54986e-02    
8.48472e-01    2.64321e-02    
8.62907e-01    2.73883e-02    
8.77588e-01    2.83672e-02    
8.92518e-01    2.93684e-02    
9.07703e-01    3.03915e-02    
9.23146e-01    3.14360e-02    
9.38851e-01    3.25016e-02    
9.54824e-01    3.35874e-02    
9.71069e-01    3.46930e-02    
9.87590e-01    3.58174e-02    
1.00439e+00    3.69599e-02    
1.02148e+00    3.81196e-02    
1.03886e+00    3.92954e-02    
1.05653e+00    4.04862e-02    
1.07451e+00    4.16909e-02    
1.09279e+00    4.29081e-02    
1.11138e+00    4.41365e-02    
1.13029e+00    4.53747e-02    
1.14952e+00    4.66210e-02    
1.16908e+00    4.78740e-02    
1.18897e+00    4.91318e-02    
1.20919e+00    5.03928e-02    
1.22977e+00    5.16551e-02    
1.25069e+00    5.29167e-02    
1.27197e+00    5.41758e-02    
1.29361e+00    5.54303e-02    
1.31561e+00    5.66780e-02    
1.33800e+00    5.79170e-02    
1.36076e+00    5.91450e-02    
1.38391e+00    6.03599e-02    
1.40746e+00    6.15594e-02    
1.43140e+00    6.27413e-02    
1.45575e+00    6.39035e-02    
1.48052e+00    6.50436e-02    
1.50571e+00    6.61596e-02    
1.53133e+00    6.72491e-02    
1.55738e+00    6.83102e-02    
1.58388e+00    6.93406e-02    
1.61082e+00    7.03383e-02    
1.63823e+00    7.13013e-02    
1.66610e+00    7.22277e-02    
1.69444e+00    7.31156e-02    
1.72327e+00    7.39633e-02    
1.75259e+00    7.47691e-02    
1.78241e+00    7.55315e-02    
1.81273e+00    7.62489e-02    
1.84357e+00    7.69200e-02    
1.87494e+00    7.75436e-02    
1.90684e+00    7.81186e-02    
1.93928e+00    7.86441e-02    
1.97227e+00    7.91191e-02    
2.00583e+00    7.95430e-02    
2.03995e+00    7.99151e-02    
2.07466e+00    8.02351e-02    
2.10995e+00    8.05027e-02    
2.14585e+00    8.07175e-02    
2.18236e+00    8.08796e-02    
2.21949e+00    8.09891e-02    
2.25725e+00    8.10460e-02    
2.29565e+00    8.10507e-02    
2.33471e+00    8.10037e-02    
2.37443e+00    8.09054e-02    
2.41483e+00    8.07564e-02    
2.45591e+00    8.05576e-02    
2.49769e+00    8.03096e-02    
2.54019e+00    8.00133e-02    
2.58340e+00    7.96696e-02    
2.62735e+00    7.92796e-02    
2.67205e+00    7.88443e-02    
2.71751e+00    7.83645e-02    
2.76375e+00    7.78415e-02    
2.81077e+00    7.72762e-02    
2.85859e+00    7.66696e-02    
2.90722e+00    7.60227e-02    
2.95668e+00    7.53365e-02    
3.00699e+00    7.46119e-02    
3.05814e+00    7.38498e-02    
3.11017e+00    7.30513e-02    
3.16309e+00    7.22173e-02    
3.21690e+00    7.13489e-02    
3.27163e+00    7.04474e-02    
3.32729e+00    6.95144e-02    
3.38390e+00    6.85515e-02    
3.44147e+00    6.75608e-02    
3.50002e+00    6.65448e-02    
3.55957e+00    6.55060e-02    
3.62013e+00    6.44472e-02    
3.68172e+00    6.33713e-02    
3.74435e+00    6.22811e-02    
3.80806e+00    6.11792e-02    
3.87285e+00    6.00682e-02    
3.93873e+00    5.89502e-02    
4.00575e+00    5.78274e-02    
4.07390e+00    5.67015e-02    
4.14321e+00    5.55743e-02    
4.21370e+00    5.44472e-02    
4.28538e+00    5.33215e-02    
4.35829e+00    5.21986e-02    
4.43244e+00    5.10795e-02    
4.50785e+00    4.99653e-02    
4.58454e+00    4.88570e-02    
4.66254e+00    4.77555e-02    
4.74187e+00    4.66615e-02    
4.82254e+00    4.55761e-02    
4.90459e+00    4.44999e-02    
4.98803e+00    4.34337e-02    
5.07289e+00    4.23783e-02    
5.15920e+00    4.13345e-02    
5.24697e+00    4.03028e-02    
5.33624e+00    3.92841e-02    
5.42703e+00    3.82789e-02    
5.51936e+00    3.72877e-02    
5.61326e+00    3.63112e-02    
5.70876e+00    3.53496e-02    
5.80588e+00    3.44035e-02    
5.90466e+00    3.34731e-02    
6.00512e+00    3.25586e-02    
6.10728e+00    3.16602e-02    
6.21119e+00    3.07782e-02    
6.31686e+00    2.99125e-02    
6.42433e+00    2.90634e-02    
6.53363e+00    2.82309e-02    
6.64479e+00    2.74151e-02    
6.75783e+00    2.66160e-02    
6.87281e+00    2.58337e-02    
6.98973e+00    2.50681e-02    
7.10865e+00    2.43194e-02    
7.22959e+00    2.35874e-02    
7.35259e+00    2.28721e-02    
7.47768e+00    2.21735e-02    
7.60490e+00    2.14914e-02    
7.73429e+00    2.08257e-02    
7.86587e+00    2.01763e-02    
7.99969e+00    1.95430e-02    
8.13579e+00    1.89258e-02    
8.27421e+00    1.83243e-02    
8.41498e+00    1.77386e-02    
8.55815e+00    1.71683e-02    
8.70375e+00    1.66134e-02    
8.85183e+00    1.60735e-02    
9.00242e+00    1.55485e-02    
9.15558e+00    1.50382e-02    
9.31135e+00    1.45424e-02    
9.46977e+00    1.40607e-02    
9.63088e+00    1.35929e-02    
9.79473e+00    1.31388e-02    
9.96137e+00    1.26980e-02    
1.01308e+01    1.22703e-02    
1.03032e+01    1.18554e-02    
1.04785e+01    1.14530e-02    
1.06568e+01    1.10629e-02    
1.08381e+01    1.06846e-02    
1.10225e+01    1.03180e-02    
1.12100e+01    9.96271e-03    
1.14007e+01    9.61848e-03    
1.15947e+01    9.28502e-03    
1.17919e+01    8.96205e-03    
1.19925e+01    8.64929e-03    
1.21966e+01    8.34645e-03    
1.24041e+01    8.05327e-03    
1.26151e+01    7.76948e-03    
1.28297e+01    7.49483e-03    
1.30480e+01    7.22905e-03    
1.32700e+01    6.97190e-03    
1.34958e+01    6.72314e-03    
1.37254e+01    6.48252e-03    
1.39589e+01    6.24983e-03    
1.41964e+01    6.02483e-03    
1.44379e+01    5.80732e-03    
1.46835e+01    5.59706e-03    
1.49333e+01    5.39385e-03    
1.51874e+01    5.19748e-03    
1.54458e+01    5.00774e-03    
1.57086e+01    4.82445e-03    
1.59758e+01    4.64741e-03    
1.62476e+01    4.47643e-03    
1.65241e+01    4.31132e-03    
1.68052e+01    4.15192e-03    
1.70911e+01    3.99803e-03    
1.73819e+01    3.84949e-03    
1.76776e+01    3.70613e-03    
1.79783e+01    3.56779e-03    
1.82842e+01    3.43431e-03    
1.85953e+01    3.30554e-03    
1.89116e+01    3.18132e-03    
1.92334e+01    3.06151e-03    
1.95606e+01    2.94596e-03    
1.98934e+01    2.83453e-03    
2.02319e+01    2.72710e-03    
2.05761e+01    2.62353e-03    
2.09261e+01    2.52368e-03    
2.12821e+01    2.42745e-03    
2.16442e+01    2.33470e-03    
2.20125e+01    2.24533e-03    
2.23870e+01    2.15921e-03    
2.27678e+01    2.07624e-03    
2.31552e+01    1.99631e-03    
2.35491e+01    1.91932e-03    
2.39498e+01    1.84516e-03    
2.43572e+01    1.77375e-03    
2.47716e+01    1.70498e-03    
2.51931e+01    1.63876e-03    
2.56217e+01    1.57500e-03    
2.60576e+01    1.51362e-03    
2.65009e+01    1.45454e-03    
2.69518e+01    1.39767e-03    
2.74103e+01    1.34293e-03    
2.78767e+01    1.29026e-03    
2.83509e+01    1.23957e-03    
2.88333e+01    1.19080e-03    
2.93238e+01    1.14387e-03    
2.98227e+01    1.09873e-03    
3.03301e+01    1.05530e-03    
3.08461e+01    1.01353e-03    
3.13709e+01    9.73352e-04    
3.19046e+01    9.34713e-04    
3.24474e+01    8.97555e-04    
3.29994e+01    8.61825e-04    
3.35609e+01    8.27470e-04    
3.41318e+01    7.94439e-04    
3.47125e+01    7.62685e-04    
3.53031e+01    7.32159e-04    
3.59037e+01    7.02816e-04    
3.65146e+01    6.74613e-04    
3.71358e+01    6.47506e-04    
3.77676e+01    6.21456e-04    
3.84101e+01    5.96423e-04    
3.90636e+01    5.72369e-04    
3.97282e+01    5.49256e-04    
4.04041e+01    5.27050e-04    
4.10915e+01    5.05716e-04    
4.17906e+01    4.85222e-04    
4.25016e+01    4.65535e-04    
4.32247e+01    4.46626e-04    
4.39601e+01    4.28463e-04    
4.47080e+01    4.11020e-04    
4.54686e+01    3.94268e-04    
4.62422e+01    3.78181e-04    
4.70289e+01    3.62734e-04    
4.78290e+01    3.47902e-04    
4.86428e+01    3.33661e-04    
4.94703e+01    3.19989e-04    
5.03120e+01    3.06863e-04    
5.11679e+01    2.94263e-04    
5.20385e+01    2.82168e-04    
5.29238e+01    2.70558e-04    
5.38242e+01    2.59415e-04    
5.47399e+01    2.48720e-04    
5.56712e+01    2.38456e-04    
5.66184e+01    2.28606e-04    
5.75816e+01    2.19154e-04    
5.85613e+01    2.10085e-04    
5.95576e+01    2.01382e-04    
6.05709e+01    1.93033e-04    
6.16014e+01    1.85022e-04    
6.26494e+01    1.77337e-04    
6.37153e+01    1.69964e-04    
6.47993e+01    1.62892e-04    
6.59017e+01    1.56108e-04    
6.70229e+01    1.49600e-04    
6.81632e+01    1.43359e-04    
6.93229e+01    1.37373e-04    
7.05023e+01    1.31632e-04    
7.17017e+01    1.26127e-04    
7.29216e+01    1.20847e-04    
7.41622e+01    1.15785e-04    
7.54240e+01    1.10930e-04    
7.67072e+01    1.06276e-04    
7.80122e+01    1.01813e-04    
7.93394e+01    9.75342e-05    
8.06893e+01    9.34322e-05    
8.20620e+01    8.94997e-05    
8.34582e+01    8.57299e-05    
8.48781e+01    8.21162e-05    
8.63221e+01    7.86523e-05    
8.77907e+01    7.53321e-05    
8.92843e+01    7.21498e-05    
9.08033e+01    6.90998e-05    
9.23482e+01    6.61767e-05    
9.39193e+01    6.33753e-05    
9.55172e+01    6.06907e-05    
9.71423e+01    5.81181e-05    
9.87950e+01    5.56530e-05    
1.00476e+02    5.32909e-05    
1.02185e+02    5.10276e-05    
1.03924e+02    4.88590e-05    
1.05692e+02    4.67814e-05    
1.07490e+02    4.47909e-05    
1.09319e+02    4.28840e-05    
1.11179e+02    4.10572e-05    
1.13070e+02    3.93073e-05    
1.14994e+02    3.76310e-05    
1.16950e+02    3.60253e-05    
1.18940e+02    3.44873e-05    
1.20963e+02    3.30143e-05    
1.23021e+02    3.16034e-05    
1.25114e+02    3.02523e-05    
1.27243e+02    2.89582e-05    
1.29408e+02    2.77190e-05    
1.31609e+02    2.65323e-05    
1.33848e+02    2.53960e-05    
1.36126e+02    2.43079e-05    
1.38442e+02    2.32660e-05    
1.40797e+02    2.22685e-05    
1.43192e+02    2.13134e-05    
1.45628e+02    2.03990e-05    
1.48106e+02    1.95236e-05    
1.50626e+02    1.86855e-05    
1.53188e+02    1.78833e-05    
1.55795e+02    1.71153e-05    
1.58445e+02    1.63802e-05    
1.61141e+02    1.56766e-05    
1.63882e+02    1.50031e-05    
1.66671e+02    1.43585e-05    
1.69506e+02    1.37416e-05    
1.72390e+02    1.31511e-05    
1.75323e+02    1.25861e-05    
1.78306e+02    1.20454e-05    
1.81339e+02    1.15279e-05    
1.84424e+02    1.10327e-05    
1.87562e+02    1.05589e-05    
1.90753e+02    1.01055e-05    
1.93998e+02    9.67171e-06    
1.97299e+02    9.25662e-06    
2.00656e+02    8.85947e-06    
2.04069e+02    8.47947e-06    
2.07541e+02    8.11590e-06    
2.11072e+02    7.76806e-06    
2.14663e+02    7.43526e-06    
2.18315e+02    7.11685e-06    
2.22030e+02    6.81222e-06    
2.25807e+02    6.52077e-06    
2.29649e+02    6.24192e-06    
2.33556e+02    5.97514e-06    
2.37529e+02    5.71989e-06    
2.41570e+02    5.47568e-06    
2.45680e+02    5.24202e-06    
2.49860e+02    5.01845e-06    
2.54111e+02    4.80454e-06    
2.58434e+02    4.59985e-06    
2.62831e+02    4.40400e-06    
2.67303e+02    4.21658e-06    
2.71850e+02    4.03723e-06    
2.76475e+02    3.86559e-06    
2.81179e+02    3.70134e-06    
2.85963e+02    3.54414e-06    
2.90828e+02    3.39369e-06    
2.95776e+02    3.24969e-06    
3.00808e+02    3.11185e-06    
3.05926e+02    2.97992e-06    
3.11131e+02    2.85363e-06    
3.16424e+02    2.73274e-06    
3.21807e+02    2.61701e-06    
3.27282e+02    2.50621e-06    
3.32850e+02    2.40014e-06    
3.38513e+02    2.29858e-06    
3.44272e+02    2.20135e-06    
3.50130e+02    2.10825e-06    
3.56086e+02    2.01910e-06    
3.62145e+02    1.93374e-06    
3.68306e+02    1.85200e-06    
3.74572e+02    1.77373e-06    
3.80944e+02    1.69878e-06    
3.87426e+02    1.62700e-06    
3.94017e+02    1.55826e-06    
4.00720e+02    1.49243e-06    
4.07538e+02    1.42938e-06    
4.14471e+02    1.36900e-06    
4.21523e+02    1.31117e-06    
4.28694e+02    1.25579e-06    
4.35988e+02    1.20274e-06    
4.43405e+02    1.15194e-06    
4.50949e+02    1.10328e-06    
4.58621e+02    1.05667e-06    
4.66424e+02    1.01203e-06    
4.74359e+02    9.69276e-07    
4.82430e+02    9.28324e-07    
4.90637e+02    8.89099e-07    
4.98985e+02    8.51529e-07    
5.07474e+02    8.15543e-07    
5.16108e+02    7.81075e-07    
5.24888e+02    7.48060e-07    
5.33818e+02    7.16438e-07    
5.42900e+02    6.86149e-07    
5.52137e+02    6.57138e-07    
5.61530e+02    6.29349e-07    
5.71084e+02    6.02733e-07    
5.80800e+02    5.77239e-07    
5.90681e+02    5.52821e-07    
6.00730e+02    5.29432e-07    
6.10951e+02    5.07030e-07    
6.21345e+02    4.85573e-07    
6.31916e+02    4.65021e-07    
6.42667e+02    4.45337e-07    
6.53601e+02    4.26482e-07    
6.64720e+02    4.08424e-07    
6.76029e+02    3.91128e-07    
6.87531e+02    3.74561e-07    
6.99228e+02    3.58695e-07    
7.11124e+02    3.43498e-07    
7.23223e+02    3.28942e-07    
7.35527e+02    3.15002e-07    
7.48041e+02    3.01650e-07    
7.60767e+02    2.88862e-07    
7.73710e+02    2.76615e-07    
7.86873e+02    2.64885e-07    
8.00261e+02    2.53650e-07    
8.13876e+02    2.42891e-07    
8.27722e+02    2.32586e-07    
8.41805e+02    2.22717e-07    
8.56126e+02    2.13266e-07    
8.70692e+02    2.04214e-07    
8.85505e+02    1.95545e-07    
9.00570e+02    1.87243e-07    
9.15892e+02    1.79292e-07    
9.31474e+02    1.71678e-07    
9.47321e+02    1.64385e-07    
9.63438e+02    1.57402e-07    
9.79830e+02    1.50714e-07    
9.96500e+02    1.44310e-07    
1.01345e+03    1.38176e-07    
1.03070e+03    1.32303e-07    
1.04823e+03    1.26678e-07    
1.06606e+03    1.21292e-07    
1.08420e+03    1.16134e-07    
1.10265e+03    1.11194e-07    
1.12141e+03    1.06464e-07    
1.14049e+03    1.01935e-07    
1.15989e+03    9.75974e-08    
1.17962e+03    9.34439e-08    
1.19969e+03    8.94667e-08    
1.22010e+03    8.56582e-08    
1.24086e+03    8.20113e-08    
1.26197e+03    7.85192e-08    
1.28344e+03    7.51753e-08    
1.30528e+03    7.19733e-08    
1.32748e+03    6.89074e-08    
1.35007e+03    6.59716e-08    
1.37304e+03    6.31605e-08    
1.39640e+03    6.04688e-08    
1.42015e+03    5.78915e-08    
1.44432e+03    5.54237e-08    
1.46889e+03    5.30607e-08    
1.49388e+03    5.07982e-08    
1.51929e+03    4.86319e-08    
1.54514e+03    4.65577e-08    
1.57143e+03    4.45717e-08    
1.59816e+03    4.26702e-08    
1.62535e+03    4.08495e-08    
1.65301e+03    3.91063e-08    
1.68113e+03    3.74373e-08    
1.70973e+03    3.58393e-08    
1.73882e+03    3.43093e-08    
1.76840e+03    3.28444e-08    
1.79849e+03    3.14419e-08    
1.82909e+03    3.00991e-08    
1.86021e+03    2.88135e-08    
1.89185e+03    2.75827e-08    
1.92404e+03    2.64043e-08    
1.95677e+03    2.52761e-08    
1.99006e+03    2.41959e-08    
2.02392e+03    2.31618e-08    
2.05836e+03    2.21718e-08    
2.09337e+03    2.12239e-08    
2.12899e+03    2.03165e-08    
2.16521e+03    1.94478e-08    
2.20205e+03    1.86161e-08    
2.23951e+03    1.78199e-08    
2.27761e+03    1.70576e-08    
2.31636e+03    1.63279e-08    
2.35577e+03    1.56293e-08    
2.39585e+03    1.49605e-08    
2.43661e+03    1.43202e-08    
2.47807e+03    1.37073e-08    
2.52023e+03    1.31206e-08    
2.56310e+03    1.25589e-08    
2.60671e+03    1.20211e-08    
2.65106e+03    1.15064e-08    
2.69616e+03    1.10136e-08    
2.74203e+03    1.05419e-08    
2.78868e+03    1.00903e-08    
2.83613e+03    9.65805e-09    
2.88438e+03    9.24425e-09    
2.93345e+03    8.84813e-09    
2.98336e+03    8.46895e-09    
3.03411e+03    8.10597e-09    
3.08573e+03    7.75852e-09    
3.13823e+03    7.42591e-09    
3.19162e+03    7.10754e-09    
3.24592e+03    6.80278e-09    
3.30115e+03    6.51105e-09    
3.35731e+03    6.23181e-09    
3.41443e+03    5.96451e-09    
3.47252e+03    5.70865e-09    
3.53160e+03    5.46374e-09    
3.59168e+03    5.22931e-09    
3.65279e+03    5.00492e-09    
3.71493e+03    4.79013e-09    
3.77813e+03    4.58454e-09    
3.84241e+03    4.38775e-09    
3.90778e+03    4.19939e-09    
3.97427e+03    4.01910e-09    
4.04188e+03    3.84653e-09    
4.11065e+03    3.68135e-09    
4.18058e+03    3.52325e-09    
4.25171e+03    3.37193e-09    
4.32404e+03    3.22708e-09    
4.39761e+03    3.08845e-09    
4.47243e+03    2.95576e-09    
4.54852e+03    2.82876e-09    
4.62590e+03    2.70720e-09    
4.70460e+03    2.59085e-09    
4.78464e+03    2.47950e-09    
4.86605e+03    2.37291e-09    
4.94883e+03    2.27090e-09    
5.03303e+03    2.17327e-09    
5.11866e+03    2.07983e-09    
5.20574e+03    1.99039e-09    
5.29431e+03    1.90479e-09    
5.38438e+03    1.82287e-09    
5.47599e+03    1.74446e-09    
5.56915e+03    1.66942e-09    
5.66390e+03    1.59759e-09    
5.76026e+03    1.52886e-09    
5.85826e+03    1.46307e-09    
5.95793e+03    1.40011e-09    
6.05929e+03    1.33985e-09    
6.16238e+03    1.28218e-09    
6.26722e+03    1.22699e-09    
6.37385e+03    1.17416e-09    
6.48229e+03    1.12361e-09    
6.59257e+03    1.07523e-09    
6.70473e+03    1.02893e-09    
6.81880e+03    9.84619e-10    
6.93481e+03    9.42212e-10    
7.05279e+03    9.01628e-10    
7.17278e+03    8.62788e-10    
7.29482e+03    8.25619e-10    
7.41892e+03    7.90047e-10    
7.54514e+03    7.56005e-10    
7.67351e+03    7.23427e-10    
7.80406e+03    6.92251e-10    
7.93683e+03    6.62415e-10    
8.07186e+03    6.33863e-10    
8.20919e+03    6.06539e-10    
8.34886e+03    5.80390e-10    
8.49090e+03    5.55367e-10    
8.63536e+03    5.31421e-10    
8.78227e+03    5.08505e-10    
8.93168e+03    4.86576e-10    
9.08364e+03    4.65590e-10    
9.23818e+03    4.45508e-10    
9.39535e+03    4.26291e-10    
9.55520e+03    4.07901e-10    
9.71776e+03    3.90303e-10    
9.88309e+03    3.73463e-10    
1.00512e+04    3.57348e-10    
1.02222e+04    3.41927e-10    
1.03962e+04    3.27171e-10    
1.05730e+04    3.13050e-10    
1.07529e+04    2.99537e-10    
1.09358e+04    2.86607e-10    
1.11219e+04    2.74234e-10    
1.13111e+04    2.62394e-10    
1.15036e+04    2.51065e-10    
1.16993e+04    2.40224e-10    
1.18983e+04    2.29850e-10    
1.21007e+04    2.19923e-10    
1.23066e+04    2.10424e-10    
1.25160e+04    2.01335e-10    
1.27289e+04    1.92638e-10    
1.29455e+04    1.84316e-10    
1.31657e+04    1.76353e-10    
1.33897e+04    1.68733e-10    
1.36175e+04    1.61442e-10    
1.38492e+04    1.54466e-10    
1.40848e+04    1.47790e-10    
1.43244e+04    1.41403e-10    
1.45681e+04    1.35291e-10    
1.48160e+04    1.29443e-10    
1.50681e+04    1.23847e-10    
1.53244e+04    1.18493e-10    
1.55851e+04    1.13370e-10    
1.58503e+04    1.08468e-10    
1.61200e+04    1.03777e-10    
1.63942e+04    9.92893e-11    
1.66731e+04    9.49953e-11    
1.69568e+04    9.08866e-11    
1.72453e+04    8.69554e-11    
1.75387e+04    8.31939e-11    
1.78371e+04    7.95949e-11    
1.81405e+04    7.61514e-11    
1.84492e+04    7.28566e-11    
1.87630e+04    6.97041e-11    
1.90823e+04    6.66879e-11    
1.94069e+04    6.38020e-11    
1.97371e+04    6.10407e-11    
2.00729e+04    5.83988e-11    
2.04144e+04    5.58711e-11    
2.07617e+04    5.34526e-11    
2.11149e+04    5.11387e-11    
2.14741e+04    4.89247e-11    
2.18395e+04    4.68065e-11    
2.22110e+04    4.47799e-11    
2.25889e+04    4.28408e-11    
2.29732e+04    4.09857e-11    
2.33641e+04    3.92107e-11    
2.37616e+04    3.75125e-11    
2.41658e+04    3.58878e-11    
2.45770e+04    3.43333e-11    
2.49951e+04    3.28460e-11    
2.54204e+04    3.14231e-11    
2.58528e+04    3.00618e-11    
2.62927e+04    2.87593e-11    
2.67400e+04    2.75132e-11    
2.71949e+04    2.63210e-11    
2.76576e+04    2.51804e-11    
2.81282e+04    2.40892e-11    
2.86067e+04    2.30452e-11    
2.90934e+04    2.20463e-11    
2.95884e+04    2.10907e-11    
3.00918e+04    2.01765e-11    
3.06037e+04    1.93019e-11    
3.11244e+04    1.84651e-11    
3.16539e+04    1.76645e-11    
3.21924e+04    1.68986e-11    
3.27401e+04    1.61659e-11    
3.32972e+04    1.54649e-11    
3.38636e+04    1.47942e-11    
3.44398e+04    1.41526e-11    
3.50257e+04    1.35388e-11    
3.56216e+04    1.29516e-11    
3.62276e+04    1.23898e-11    
3.68440e+04    1.18524e-11    
3.74708e+04    1.13382e-11    
3.81083e+04    1.08463e-11    
3.87567e+04    1.03758e-11    
3.94160e+04    9.92558e-12    
4.00866e+04    9.49491e-12    
4.07686e+04    9.08290e-12    
4.14622e+04    8.68874e-12    
4.21676e+04    8.31167e-12    
4.28850e+04    7.95094e-12    
4.36147e+04    7.60586e-12    
4.43567e+04    7.27573e-12    
4.51113e+04    6.95991e-12    
4.58788e+04    6.65778e-12    
4.66594e+04    6.36876e-12    
4.74532e+04    6.09226e-12    
4.82605e+04    5.82776e-12    
4.90816e+04    5.57472e-12    
4.99166e+04    5.33266e-12    
5.07659e+04    5.10110e-12    
5.16296e+04    4.87959e-12    
5.25079e+04    4.66768e-12    
5.34013e+04    4.46496e-12    
5.43098e+04    4.27103e-12    
5.52338e+04    4.08552e-12    
5.61735e+04    3.90806e-12    
5.71292e+04    3.73830e-12    
5.81011e+04    3.57590e-12    
5.90896e+04    3.42056e-12    
6.00949e+04    3.27195e-12    
6.11173e+04    3.12979e-12    
6.21571e+04    2.99380e-12    
6.32146e+04    2.86371e-12    
6.42901e+04    2.73927e-12    
6.53839e+04    2.62023e-12    
6.64963e+04    2.50636e-12    
6.76276e+04    2.39744e-12    
6.87781e+04    2.29324e-12    
6.99483e+04    2.19356e-12    
7.11383e+04    2.09821e-12    
7.23486e+04    2.00701e-12    
7.35795e+04    1.91976e-12    
7.48313e+04    1.83630e-12    
7.61044e+04    1.75647e-12    
7.73992e+04    1.68010e-12    
7.87160e+04    1.60705e-12    
8.00552e+04    1.53718e-12    
8.14172e+04    1.47034e-12    
8.28024e+04    1.40640e-12    
8.42111e+04    1.34524e-12    
8.56438e+04    1.28674e-12    
8.71009e+04    1.23077e-12    
8.85827e+04    1.17724e-12    
9.00898e+04    1.12604e-12    
9.16225e+04    1.07706e-12    
9.31813e+04    1.03021e-12    
9.47666e+04    9.85395e-13    
9.63789e+04    9.42528e-13    
9.80186e+04    9.01524e-13    
9.96862e+04    8.62302e-13    
1.01382e+05    8.24784e-13    
1.03107e+05    7.88898e-13    
1.04861e+05    7.54571e-13    
1.06645e+05    7.21737e-13    
1.08460e+05    6.90330e-13    
1.10305e+05    6.60288e-13    
1.12182e+05    6.31553e-13    
1.14090e+05    6.04067e-13    
1.16031e+05    5.77776e-13    
1.18005e+05    5.52628e-13    
1.20013e+05    5.28574e-13    
1.22055e+05    5.05566e-13    
1.24131e+05    4.83559e-13    
1.26243e+05    4.62509e-13    
1.28391e+05    4.42374e-13    
1.30575e+05    4.23115e-13    
1.32797e+05    4.04693e-13    
1.35056e+05    3.87073e-13    
1.37354e+05    3.70220e-13    
1.39691e+05    3.54100e-13    
1.42067e+05    3.38681e-13    
1.44484e+05    3.23932e-13    
1.46942e+05    3.09826e-13    
1.49442e+05    2.96333e-13    
1.51985e+05    2.83428e-13    
1.54570e+05    2.71084e-13    
1.57200e+05    2.59277e-13    
1.59875e+05    2.47984e-13    
1.62595e+05    2.37182e-13    
1.65361e+05    2.26851e-13    
1.68174e+05    2.16969e-13    
1.71035e+05    2.07517e-13    
1.73945e+05    1.98477e-13    
1.76905e+05    1.89830e-13    
1.79914e+05    1.81559e-13    
1.82975e+05    1.73649e-13    
1.86088e+05    1.66083e-13    
1.89254e+05    1.58846e-13    
1.92474e+05    1.51925e-13    
1.95749e+05    1.45305e-13    
1.99079e+05    1.38973e-13    
2.02466e+05    1.32917e-13    
2.05910e+05    1.27124e-13    
2.09414e+05    1.21584e-13    
2.12976e+05    1.16285e-13    
2.16600e+05    1.11217e-13    
2.20285e+05    1.06369e-13    
2.24033e+05    1.01733e-13    
2.27844e+05    9.72983e-14    
2.31721e+05    9.30570e-14    
2.35663e+05    8.90004e-14    
2.39672e+05    8.51206e-14    
2.43750e+05    8.14097e-14    
2.47897e+05    7.78605e-14    
2.52114e+05    7.44660e-14    
2.56404e+05    7.12193e-14    
2.60766e+05    6.81141e-14    
2.65202e+05    6.51441e-14    
2.69714e+05    6.23036e-14    
2.74303e+05    5.95868e-14    
2.78970e+05    5.69885e-14    
2.83716e+05    5.45033e-14    
2.88543e+05    5.21265e-14    
2.93452e+05    4.98532e-14    
2.98444e+05    4.76790e-14    
3.03522e+05    4.55995e-14    
3.08686e+05    4.36107e-14    
3.13937e+05    4.17086e-14    
3.19279e+05    3.98893e-14    
3.24710e+05    3.81494e-14    
3.30235e+05    3.64853e-14    
3.35853e+05    3.48937e-14    
3.41567e+05    3.33716e-14    
3.47378e+05    3.19158e-14    
3.53288e+05    3.05234e-14    
3.59299e+05    2.91918e-14    
3.65412e+05    2.79182e-14    
3.71628e+05    2.67001e-14    
3.77951e+05    2.55352e-14    
3.84381e+05    2.44210e-14    
3.90921e+05    2.33554e-14    
3.97572e+05    2.23363e-14    
4.04336e+05    2.13617e-14    
4.11215e+05    2.04295e-14    
4.18211e+05    1.95380e-14    
4.25326e+05    1.86853e-14    
4.32562e+05    1.78699e-14    
4.39921e+05    1.70900e-14    
4.47406e+05    1.63441e-14    
4.55017e+05    1.56308e-14    
4.62759e+05    1.49486e-14    
4.70632e+05    1.42961e-14    
4.78639e+05    1.36721e-14    
4.86782e+05    1.30753e-14    
4.95064e+05    1.25046e-14    
5.03486e+05    1.19587e-14    
5.12052e+05    1.14367e-14    
5.20764e+05    1.09374e-14    
5.29624e+05    1.04599e-14    
5.38634e+05    1.00033e-14    
5.47798e+05    9.56657e-15    
5.57118e+05    9.14891e-15    
5.66596e+05    8.74946e-15    
5.76236e+05    8.36745e-15    
5.86039e+05    8.00211e-15    
5.96010e+05    7.65270e-15    
6.06150e+05    7.31855e-15    
6.16462e+05    6.99898e-15    
6.26950e+05    6.69335e-15    
6.37617e+05    6.40107e-15    
6.48465e+05    6.12154e-15    
6.59497e+05    5.85421e-15    
6.70717e+05    5.59855e-15    
6.82128e+05    5.35404e-15    
6.93734e+05    5.12021e-15    
7.05536e+05    4.89659e-15    
7.17540e+05    4.68273e-15    
7.29747e+05    4.47820e-15    
7.42163e+05    4.28260e-15    
7.54789e+05    4.09554e-15    
7.67630e+05    3.91665e-15    
7.80690e+05    3.74556e-15    
7.93972e+05    3.58195e-15    
8.07480e+05    3.42548e-15    
8.21218e+05    3.27584e-15    
8.35190e+05    3.13273e-15    
8.49399e+05    2.99588e-15    
8.63850e+05    2.86499e-15    
8.78547e+05    2.73983e-15    
8.93494e+05    2.62013e-15    
9.08695e+05    2.50565e-15    
9.24155e+05    2.39618e-15    
9.39877e+05    2.29148e-15    
9.55868e+05    2.19136e-15    
9.72130e+05    2.09561e-15    
9.88669e+05    2.00404e-15    
1.00549e+06    1.91647e-15    
1.02260e+06    1.83273e-15    
1.03999e+06    1.75264e-15    
1.05769e+06    1.67605e-15    
1.07568e+06    1.60281e-15    
1.09398e+06    1.53276e-15    
1.11260e+06    1.46578e-15    
1.13152e+06    1.40172e-15    
1.15077e+06    1.34046e-15    
1.17035e+06    1.28188e-15    
1.19026e+06    1.22585e-15    
1.21051e+06    1.17227e-15    
1.23111e+06    1.12104e-15    
1.25205e+06    1.07204e-15    
1.27336e+06    1.02518e-15    
1.29502e+06    9.80368e-16    
1.31705e+06    9.37515e-16    
1.33946e+06    8.96535e-16    
1.36225e+06    8.57345e-16    
1.38542e+06    8.19867e-16    
1.40899e+06    7.84027e-16    
1.43297e+06    7.49752e-16    
1.45735e+06    7.16976e-16    
1.48214e+06    6.85632e-16    
1.50736e+06    6.55657e-16    
1.53300e+06    6.26993e-16    
1.55908e+06    5.99580e-16    
1.58561e+06    5.73366e-16    
1.61258e+06    5.48298e-16    
1.64002e+06    5.24325e-16    
1.66792e+06    5.01400e-16    
1.69630e+06    4.79477e-16    
1.72516e+06    4.58512e-16    
1.75451e+06    4.38463e-16    
1.78436e+06    4.19290e-16    
1.81471e+06    4.00956e-16    
1.84559e+06    3.83423e-16    
1.87699e+06    3.66656e-16    
1.90892e+06    3.50622e-16    
1.94140e+06    3.35289e-16    
1.97443e+06    3.20627e-16    
2.00802e+06    3.06605e-16    
2.04218e+06    2.93196e-16    
2.07693e+06    2.80374e-16    

