# USINE V4.0
# File generated 13-05-2022 11:20:53
# Model1DKisoVc
# MN
# SolMod0DFF_phi0_970GV
# R [GV]       TOA [GV m^{2} s sr]^{-1}
9.49292e-02    5.03696e-06    
9.65508e-02    5.29733e-06    
9.82002e-02    5.57111e-06    
9.98777e-02    5.85899e-06    
1.01584e-01    6.16171e-06    
1.03319e-01    6.48001e-06    
1.05084e-01    6.81469e-06    
1.06879e-01    7.16661e-06    
1.08705e-01    7.53662e-06    
1.10562e-01    7.92568e-06    
1.12451e-01    8.33474e-06    
1.14372e-01    8.76483e-06    
1.16326e-01    9.21703e-06    
1.18313e-01    9.69247e-06    
1.20334e-01    1.01923e-05    
1.22389e-01    1.07179e-05    
1.24480e-01    1.12704e-05    
1.26607e-01    1.18513e-05    
1.28769e-01    1.24619e-05    
1.30969e-01    1.31040e-05    
1.33207e-01    1.37789e-05    
1.35482e-01    1.44884e-05    
1.37796e-01    1.52343e-05    
1.40150e-01    1.60184e-05    
1.42545e-01    1.68427e-05    
1.44980e-01    1.77092e-05    
1.47456e-01    1.86200e-05    
1.49975e-01    1.95774e-05    
1.52537e-01    2.05837e-05    
1.55143e-01    2.16415e-05    
1.57793e-01    2.27534e-05    
1.60489e-01    2.39220e-05    
1.63230e-01    2.51504e-05    
1.66019e-01    2.64414e-05    
1.68855e-01    2.77982e-05    
1.71739e-01    2.92243e-05    
1.74673e-01    3.07231e-05    
1.77657e-01    3.22982e-05    
1.80692e-01    3.39535e-05    
1.83779e-01    3.56931e-05    
1.86918e-01    3.75211e-05    
1.90111e-01    3.94422e-05    
1.93359e-01    4.14608e-05    
1.96662e-01    4.35820e-05    
2.00021e-01    4.58109e-05    
2.03438e-01    4.81526e-05    
2.06914e-01    5.06123e-05    
2.10448e-01    5.31959e-05    
2.14043e-01    5.59094e-05    
2.17700e-01    5.87591e-05    
2.21419e-01    6.17518e-05    
2.25201e-01    6.48945e-05    
2.29048e-01    6.81943e-05    
2.32961e-01    7.16589e-05    
2.36941e-01    7.52964e-05    
2.40988e-01    7.91150e-05    
2.45105e-01    8.31235e-05    
2.49292e-01    8.73310e-05    
2.53551e-01    9.17469e-05    
2.57882e-01    9.63813e-05    
2.62287e-01    1.01245e-04    
2.66768e-01    1.06347e-04    
2.71325e-01    1.11701e-04    
2.75960e-01    1.17318e-04    
2.80674e-01    1.23210e-04    
2.85469e-01    1.29390e-04    
2.90345e-01    1.35871e-04    
2.95305e-01    1.42668e-04    
3.00350e-01    1.49794e-04    
3.05481e-01    1.57265e-04    
3.10699e-01    1.65098e-04    
3.16007e-01    1.73307e-04    
3.21405e-01    1.81911e-04    
3.26896e-01    1.90926e-04    
3.32480e-01    2.00372e-04    
3.38160e-01    2.10268e-04    
3.43936e-01    2.20633e-04    
3.49812e-01    2.31489e-04    
3.55787e-01    2.42855e-04    
3.61865e-01    2.54756e-04    
3.68047e-01    2.67213e-04    
3.74334e-01    2.80251e-04    
3.80729e-01    2.93894e-04    
3.87233e-01    3.08168e-04    
3.93848e-01    3.23098e-04    
4.00576e-01    3.38713e-04    
4.07419e-01    3.55040e-04    
4.14378e-01    3.72109e-04    
4.21457e-01    3.89948e-04    
4.28657e-01    4.08589e-04    
4.35979e-01    4.28063e-04    
4.43427e-01    4.48403e-04    
4.51002e-01    4.69643e-04    
4.58707e-01    4.91815e-04    
4.66542e-01    5.14956e-04    
4.74512e-01    5.39100e-04    
4.82618e-01    5.64286e-04    
4.90863e-01    5.90549e-04    
4.99248e-01    6.17928e-04    
5.07777e-01    6.46462e-04    
5.16451e-01    6.76191e-04    
5.25273e-01    7.07154e-04    
5.34246e-01    7.39391e-04    
5.43373e-01    7.72944e-04    
5.52655e-01    8.07854e-04    
5.62096e-01    8.44163e-04    
5.71698e-01    8.81911e-04    
5.81464e-01    9.21142e-04    
5.91397e-01    9.61897e-04    
6.01500e-01    1.00422e-03    
6.11775e-01    1.04815e-03    
6.22226e-01    1.09372e-03    
6.32855e-01    1.14099e-03    
6.43666e-01    1.18998e-03    
6.54662e-01    1.24074e-03    
6.65845e-01    1.29330e-03    
6.77220e-01    1.34770e-03    
6.88789e-01    1.40398e-03    
7.00555e-01    1.46217e-03    
7.12522e-01    1.52230e-03    
7.24694e-01    1.58439e-03    
7.37074e-01    1.64848e-03    
7.49665e-01    1.71459e-03    
7.62472e-01    1.78273e-03    
7.75497e-01    1.85293e-03    
7.88744e-01    1.92519e-03    
8.02218e-01    1.99954e-03    
8.15922e-01    2.07596e-03    
8.29861e-01    2.15447e-03    
8.44037e-01    2.23505e-03    
8.58455e-01    2.31771e-03    
8.73120e-01    2.40241e-03    
8.88036e-01    2.48915e-03    
9.03206e-01    2.57788e-03    
9.18635e-01    2.66859e-03    
9.34328e-01    2.76121e-03    
9.50289e-01    2.85572e-03    
9.66522e-01    2.95204e-03    
9.83033e-01    3.05012e-03    
9.99826e-01    3.14988e-03    
1.01691e+00    3.25124e-03    
1.03428e+00    3.35411e-03    
1.05195e+00    3.45839e-03    
1.06992e+00    3.56398e-03    
1.08819e+00    3.67075e-03    
1.10678e+00    3.77858e-03    
1.12569e+00    3.88734e-03    
1.14492e+00    3.99689e-03    
1.16448e+00    4.10707e-03    
1.18437e+00    4.21772e-03    
1.20460e+00    4.32868e-03    
1.22518e+00    4.43978e-03    
1.24611e+00    4.55082e-03    
1.26740e+00    4.66163e-03    
1.28905e+00    4.77202e-03    
1.31107e+00    4.88179e-03    
1.33346e+00    4.99074e-03    
1.35624e+00    5.09868e-03    
1.37941e+00    5.20540e-03    
1.40298e+00    5.31071e-03    
1.42694e+00    5.41441e-03    
1.45132e+00    5.51630e-03    
1.47611e+00    5.61620e-03    
1.50133e+00    5.71390e-03    
1.52697e+00    5.80922e-03    
1.55306e+00    5.90199e-03    
1.57959e+00    5.99203e-03    
1.60657e+00    6.07916e-03    
1.63402e+00    6.16323e-03    
1.66193e+00    6.24408e-03    
1.69032e+00    6.32155e-03    
1.71920e+00    6.39551e-03    
1.74857e+00    6.46582e-03    
1.77844e+00    6.53234e-03    
1.80882e+00    6.59497e-03    
1.83972e+00    6.65360e-03    
1.87114e+00    6.70812e-03    
1.90311e+00    6.75847e-03    
1.93562e+00    6.80458e-03    
1.96868e+00    6.84639e-03    
2.00231e+00    6.88387e-03    
2.03652e+00    6.91700e-03    
2.07131e+00    6.94577e-03    
2.10669e+00    6.97020e-03    
2.14268e+00    6.99031e-03    
2.17928e+00    7.00615e-03    
2.21651e+00    7.01779e-03    
2.25438e+00    7.02528e-03    
2.29289e+00    7.02867e-03    
2.33206e+00    7.02802e-03    
2.37189e+00    7.02338e-03    
2.41241e+00    7.01480e-03    
2.45362e+00    7.00235e-03    
2.49554e+00    6.98605e-03    
2.53817e+00    6.96594e-03    
2.58153e+00    6.94204e-03    
2.62563e+00    6.91431e-03    
2.67048e+00    6.88273e-03    
2.71610e+00    6.84725e-03    
2.76250e+00    6.80786e-03    
2.80969e+00    6.76451e-03    
2.85769e+00    6.71720e-03    
2.90650e+00    6.66589e-03    
2.95615e+00    6.61057e-03    
3.00665e+00    6.55121e-03    
3.05802e+00    6.48782e-03    
3.11026e+00    6.42042e-03    
3.16339e+00    6.34907e-03    
3.21743e+00    6.27386e-03    
3.27239e+00    6.19487e-03    
3.32829e+00    6.11224e-03    
3.38515e+00    6.02614e-03    
3.44297e+00    5.93678e-03    
3.50179e+00    5.84443e-03    
3.56161e+00    5.74940e-03    
3.62245e+00    5.65202e-03    
3.68433e+00    5.55261e-03    
3.74727e+00    5.45152e-03    
3.81129e+00    5.34905e-03    
3.87639e+00    5.24552e-03    
3.94261e+00    5.14121e-03    
4.00996e+00    5.03637e-03    
4.07846e+00    4.93122e-03    
4.14814e+00    4.82598e-03    
4.21900e+00    4.72080e-03    
4.29107e+00    4.61587e-03    
4.36437e+00    4.51132e-03    
4.43893e+00    4.40732e-03    
4.51476e+00    4.30399e-03    
4.59188e+00    4.20144e-03    
4.67032e+00    4.09977e-03    
4.75011e+00    3.99907e-03    
4.83125e+00    3.89943e-03    
4.91378e+00    3.80090e-03    
4.99772e+00    3.70354e-03    
5.08310e+00    3.60742e-03    
5.16993e+00    3.51254e-03    
5.25825e+00    3.41894e-03    
5.34807e+00    3.32664e-03    
5.43943e+00    3.23570e-03    
5.53235e+00    3.14618e-03    
5.62686e+00    3.05815e-03    
5.72298e+00    2.97167e-03    
5.82075e+00    2.88678e-03    
5.92018e+00    2.80355e-03    
6.02132e+00    2.72201e-03    
6.12418e+00    2.64222e-03    
6.22879e+00    2.56421e-03    
6.33520e+00    2.48797e-03    
6.44342e+00    2.41346e-03    
6.55349e+00    2.34066e-03    
6.66545e+00    2.26953e-03    
6.77931e+00    2.20002e-03    
6.89512e+00    2.13212e-03    
7.01291e+00    2.06578e-03    
7.13271e+00    2.00098e-03    
7.25455e+00    1.93769e-03    
7.37848e+00    1.87590e-03    
7.50453e+00    1.81559e-03    
7.63272e+00    1.75676e-03    
7.76311e+00    1.69941e-03    
7.89573e+00    1.64354e-03    
8.03061e+00    1.58914e-03    
8.16779e+00    1.53618e-03    
8.30732e+00    1.48467e-03    
8.44923e+00    1.43459e-03    
8.59357e+00    1.38592e-03    
8.74037e+00    1.33864e-03    
8.88968e+00    1.29272e-03    
9.04154e+00    1.24815e-03    
9.19600e+00    1.20489e-03    
9.35309e+00    1.16290e-03    
9.51286e+00    1.12218e-03    
9.67537e+00    1.08267e-03    
9.84065e+00    1.04437e-03    
1.00088e+01    1.00723e-03    
1.01797e+01    9.71246e-04    
1.03536e+01    9.36395e-04    
1.05305e+01    9.02674e-04    
1.07104e+01    8.70079e-04    
1.08934e+01    8.38598e-04    
1.10794e+01    8.08218e-04    
1.12687e+01    7.78924e-04    
1.14612e+01    7.50698e-04    
1.16570e+01    7.23518e-04    
1.18561e+01    6.97358e-04    
1.20587e+01    6.72184e-04    
1.22647e+01    6.47947e-04    
1.24742e+01    6.24594e-04    
1.26873e+01    6.02077e-04    
1.29040e+01    5.80349e-04    
1.31244e+01    5.59369e-04    
1.33486e+01    5.39099e-04    
1.35767e+01    5.19503e-04    
1.38086e+01    5.00549e-04    
1.40445e+01    4.82211e-04    
1.42844e+01    4.64467e-04    
1.45284e+01    4.47303e-04    
1.47766e+01    4.30707e-04    
1.50290e+01    4.14668e-04    
1.52858e+01    3.99171e-04    
1.55469e+01    3.84204e-04    
1.58125e+01    3.69754e-04    
1.60826e+01    3.55808e-04    
1.63573e+01    3.42353e-04    
1.66368e+01    3.29375e-04    
1.69210e+01    3.16859e-04    
1.72100e+01    3.04790e-04    
1.75040e+01    2.93154e-04    
1.78030e+01    2.81936e-04    
1.81072e+01    2.71121e-04    
1.84165e+01    2.60697e-04    
1.87311e+01    2.50650e-04    
1.90511e+01    2.40968e-04    
1.93765e+01    2.31638e-04    
1.97075e+01    2.22648e-04    
2.00442e+01    2.13986e-04    
2.03866e+01    2.05642e-04    
2.07348e+01    1.97605e-04    
2.10891e+01    1.89863e-04    
2.14493e+01    1.82408e-04    
2.18157e+01    1.75228e-04    
2.21884e+01    1.68315e-04    
2.25674e+01    1.61659e-04    
2.29530e+01    1.55254e-04    
2.33451e+01    1.49093e-04    
2.37439e+01    1.43166e-04    
2.41495e+01    1.37462e-04    
2.45620e+01    1.31975e-04    
2.49816e+01    1.26697e-04    
2.54083e+01    1.21621e-04    
2.58424e+01    1.16739e-04    
2.62838e+01    1.12044e-04    
2.67328e+01    1.07529e-04    
2.71895e+01    1.03189e-04    
2.76540e+01    9.90166e-05    
2.81264e+01    9.50057e-05    
2.86069e+01    9.11505e-05    
2.90956e+01    8.74454e-05    
2.95926e+01    8.38848e-05    
3.00981e+01    8.04634e-05    
3.06123e+01    7.71761e-05    
3.11352e+01    7.40179e-05    
3.16671e+01    7.09839e-05    
3.22080e+01    6.80697e-05    
3.27583e+01    6.52705e-05    
3.33179e+01    6.25823e-05    
3.38870e+01    6.00007e-05    
3.44659e+01    5.75218e-05    
3.50547e+01    5.51416e-05    
3.56535e+01    5.28564e-05    
3.62626e+01    5.06626e-05    
3.68820e+01    4.85568e-05    
3.75121e+01    4.65354e-05    
3.81529e+01    4.45954e-05    
3.88046e+01    4.27335e-05    
3.94675e+01    4.09468e-05    
4.01417e+01    3.92323e-05    
4.08275e+01    3.75873e-05    
4.15249e+01    3.60090e-05    
4.22343e+01    3.44949e-05    
4.29558e+01    3.30425e-05    
4.36896e+01    3.16492e-05    
4.44359e+01    3.03129e-05    
4.51950e+01    2.90313e-05    
4.59670e+01    2.78022e-05    
4.67523e+01    2.66235e-05    
4.75509e+01    2.54934e-05    
4.83632e+01    2.44097e-05    
4.91894e+01    2.33708e-05    
5.00297e+01    2.23748e-05    
5.08844e+01    2.14200e-05    
5.17536e+01    2.05047e-05    
5.26377e+01    1.96275e-05    
5.35369e+01    1.87867e-05    
5.44515e+01    1.79809e-05    
5.53816e+01    1.72087e-05    
5.63277e+01    1.64687e-05    
5.72899e+01    1.57597e-05    
5.82686e+01    1.50803e-05    
5.92640e+01    1.44295e-05    
6.02764e+01    1.38060e-05    
6.13061e+01    1.32086e-05    
6.23534e+01    1.26365e-05    
6.34185e+01    1.20884e-05    
6.45019e+01    1.15635e-05    
6.56038e+01    1.10608e-05    
6.67245e+01    1.05794e-05    
6.78643e+01    1.01184e-05    
6.90236e+01    9.67696e-06    
7.02027e+01    9.25430e-06    
7.14020e+01    8.84962e-06    
7.26217e+01    8.46220e-06    
7.38623e+01    8.09131e-06    
7.51241e+01    7.73627e-06    
7.64074e+01    7.39643e-06    
7.77126e+01    7.07116e-06    
7.90402e+01    6.75984e-06    
8.03904e+01    6.46190e-06    
8.17637e+01    6.17678e-06    
8.31604e+01    5.90394e-06    
8.45811e+01    5.64287e-06    
8.60259e+01    5.39308e-06    
8.74955e+01    5.15409e-06    
8.89902e+01    4.92545e-06    
9.05104e+01    4.70672e-06    
9.20565e+01    4.49749e-06    
9.36291e+01    4.29736e-06    
9.52285e+01    4.10593e-06    
9.68553e+01    3.92286e-06    
9.85099e+01    3.74777e-06    
1.00193e+02    3.58033e-06    
1.01904e+02    3.42021e-06    
1.03645e+02    3.26711e-06    
1.05416e+02    3.12073e-06    
1.07216e+02    2.98078e-06    
1.09048e+02    2.84698e-06    
1.10911e+02    2.71907e-06    
1.12805e+02    2.59680e-06    
1.14732e+02    2.47993e-06    
1.16692e+02    2.36822e-06    
1.18686e+02    2.26146e-06    
1.20713e+02    2.15943e-06    
1.22775e+02    2.06193e-06    
1.24873e+02    1.96876e-06    
1.27006e+02    1.87974e-06    
1.29176e+02    1.79468e-06    
1.31382e+02    1.71341e-06    
1.33627e+02    1.63577e-06    
1.35909e+02    1.56161e-06    
1.38231e+02    1.49076e-06    
1.40592e+02    1.42309e-06    
1.42994e+02    1.35846e-06    
1.45437e+02    1.29674e-06    
1.47921e+02    1.23779e-06    
1.50448e+02    1.18150e-06    
1.53018e+02    1.12775e-06    
1.55632e+02    1.07642e-06    
1.58291e+02    1.02742e-06    
1.60995e+02    9.80639e-07    
1.63745e+02    9.35978e-07    
1.66542e+02    8.93345e-07    
1.69387e+02    8.52650e-07    
1.72281e+02    8.13806e-07    
1.75224e+02    7.76732e-07    
1.78217e+02    7.41349e-07    
1.81262e+02    7.07582e-07    
1.84358e+02    6.75357e-07    
1.87508e+02    6.44607e-07    
1.90711e+02    6.15265e-07    
1.93969e+02    5.87267e-07    
1.97282e+02    5.60553e-07    
2.00652e+02    5.35065e-07    
2.04080e+02    5.10748e-07    
2.07566e+02    4.87547e-07    
2.11112e+02    4.65413e-07    
2.14718e+02    4.44297e-07    
2.18386e+02    4.24151e-07    
2.22117e+02    4.04932e-07    
2.25911e+02    3.86597e-07    
2.29771e+02    3.69105e-07    
2.33696e+02    3.52417e-07    
2.37688e+02    3.36496e-07    
2.41748e+02    3.21307e-07    
2.45878e+02    3.06815e-07    
2.50078e+02    2.92987e-07    
2.54350e+02    2.79794e-07    
2.58695e+02    2.67206e-07    
2.63114e+02    2.55193e-07    
2.67609e+02    2.43730e-07    
2.72181e+02    2.32790e-07    
2.76830e+02    2.22349e-07    
2.81559e+02    2.12384e-07    
2.86369e+02    2.02873e-07    
2.91261e+02    1.93794e-07    
2.96237e+02    1.85127e-07    
3.01297e+02    1.76853e-07    
3.06444e+02    1.68954e-07    
3.11679e+02    1.61412e-07    
3.17003e+02    1.54210e-07    
3.22419e+02    1.47334e-07    
3.27927e+02    1.40767e-07    
3.33528e+02    1.34496e-07    
3.39226e+02    1.28506e-07    
3.45021e+02    1.22786e-07    
3.50915e+02    1.17322e-07    
3.56909e+02    1.12102e-07    
3.63006e+02    1.07117e-07    
3.69208e+02    1.02354e-07    
3.75515e+02    9.78043e-08    
3.81929e+02    9.34575e-08    
3.88454e+02    8.93045e-08    
3.95090e+02    8.53367e-08    
4.01839e+02    8.15456e-08    
4.08703e+02    7.79233e-08    
4.15685e+02    7.44621e-08    
4.22786e+02    7.11548e-08    
4.30009e+02    6.79945e-08    
4.37354e+02    6.49746e-08    
4.44826e+02    6.20889e-08    
4.52424e+02    5.93312e-08    
4.60153e+02    5.66959e-08    
4.68014e+02    5.41776e-08    
4.76009e+02    5.17709e-08    
4.84140e+02    4.94710e-08    
4.92411e+02    4.72731e-08    
5.00823e+02    4.51726e-08    
5.09378e+02    4.31652e-08    
5.18080e+02    4.12468e-08    
5.26930e+02    3.94135e-08    
5.35931e+02    3.76614e-08    
5.45086e+02    3.59870e-08    
5.54398e+02    3.43868e-08    
5.63869e+02    3.28575e-08    
5.73501e+02    3.13960e-08    
5.83298e+02    2.99993e-08    
5.93262e+02    2.86646e-08    
6.03397e+02    2.73890e-08    
6.13705e+02    2.61700e-08    
6.24188e+02    2.50050e-08    
6.34851e+02    2.38917e-08    
6.45696e+02    2.28278e-08    
6.56727e+02    2.18111e-08    
6.67945e+02    2.08395e-08    
6.79356e+02    1.99110e-08    
6.90961e+02    1.90237e-08    
7.02764e+02    1.81759e-08    
7.14770e+02    1.73656e-08    
7.26980e+02    1.65914e-08    
7.39399e+02    1.58515e-08    
7.52030e+02    1.51445e-08    
7.64876e+02    1.44689e-08    
7.77942e+02    1.38234e-08    
7.91232e+02    1.32065e-08    
8.04748e+02    1.26171e-08    
8.18496e+02    1.20538e-08    
8.32478e+02    1.15157e-08    
8.46699e+02    1.10014e-08    
8.61163e+02    1.05101e-08    
8.75874e+02    1.00406e-08    
8.90836e+02    9.59198e-09    
9.06054e+02    9.16335e-09    
9.21532e+02    8.75381e-09    
9.37274e+02    8.36251e-09    
9.53286e+02    7.98864e-09    
9.69570e+02    7.63143e-09    
9.86133e+02    7.29013e-09    
1.00298e+03    6.96405e-09    
1.02011e+03    6.65251e-09    
1.03754e+03    6.35485e-09    
1.05526e+03    6.07047e-09    
1.07329e+03    5.79877e-09    
1.09162e+03    5.53920e-09    
1.11027e+03    5.29121e-09    
1.12924e+03    5.05428e-09    
1.14853e+03    4.82793e-09    
1.16815e+03    4.61169e-09    
1.18810e+03    4.40510e-09    
1.20840e+03    4.20774e-09    
1.22904e+03    4.01920e-09    
1.25004e+03    3.83907e-09    
1.27139e+03    3.66700e-09    
1.29311e+03    3.50262e-09    
1.31520e+03    3.34559e-09    
1.33767e+03    3.19557e-09    
1.36052e+03    3.05227e-09    
1.38376e+03    2.91537e-09    
1.40740e+03    2.78460e-09    
1.43144e+03    2.65968e-09    
1.45590e+03    2.54034e-09    
1.48077e+03    2.42635e-09    
1.50606e+03    2.31746e-09    
1.53179e+03    2.21344e-09    
1.55796e+03    2.11408e-09    
1.58457e+03    2.01918e-09    
1.61164e+03    1.92852e-09    
1.63917e+03    1.84192e-09    
1.66717e+03    1.75920e-09    
1.69565e+03    1.68019e-09    
1.72462e+03    1.60471e-09    
1.75408e+03    1.53262e-09    
1.78405e+03    1.46377e-09    
1.81452e+03    1.39799e-09    
1.84552e+03    1.33517e-09    
1.87705e+03    1.27517e-09    
1.90911e+03    1.21785e-09    
1.94172e+03    1.16311e-09    
1.97489e+03    1.11082e-09    
2.00863e+03    1.06088e-09    
2.04294e+03    1.01318e-09    
2.07784e+03    9.67618e-10    
2.11334e+03    9.24103e-10    
2.14944e+03    8.82540e-10    
2.18616e+03    8.42844e-10    
2.22350e+03    8.04930e-10    
2.26149e+03    7.68718e-10    
2.30012e+03    7.34133e-10    
2.33941e+03    7.01100e-10    
2.37937e+03    6.69552e-10    
2.42002e+03    6.39421e-10    
2.46136e+03    6.10643e-10    
2.50341e+03    5.83159e-10    
2.54617e+03    5.56909e-10    
2.58967e+03    5.31839e-10    
2.63391e+03    5.07896e-10    
2.67890e+03    4.85030e-10    
2.72467e+03    4.63191e-10    
2.77121e+03    4.42334e-10    
2.81855e+03    4.22415e-10    
2.86670e+03    4.03392e-10    
2.91567e+03    3.85224e-10    
2.96548e+03    3.67873e-10    
3.01614e+03    3.51303e-10    
3.06766e+03    3.35478e-10    
3.12006e+03    3.20365e-10    
3.17336e+03    3.05932e-10    
3.22757e+03    2.92148e-10    
3.28271e+03    2.78985e-10    
3.33879e+03    2.66414e-10    
3.39582e+03    2.54408e-10    
3.45383e+03    2.42944e-10    
3.51283e+03    2.31995e-10    
3.57284e+03    2.21539e-10    
3.63388e+03    2.11554e-10    
3.69595e+03    2.02018e-10    
3.75909e+03    1.92912e-10    
3.82331e+03    1.84216e-10    
3.88862e+03    1.75911e-10    
3.95505e+03    1.67980e-10    
4.02261e+03    1.60407e-10    
4.09133e+03    1.53175e-10    
4.16122e+03    1.46268e-10    
4.23230e+03    1.39673e-10    
4.30460e+03    1.33375e-10    
4.37814e+03    1.27360e-10    
4.45293e+03    1.21617e-10    
4.52900e+03    1.16132e-10    
4.60636e+03    1.10895e-10    
4.68505e+03    1.05893e-10    
4.76509e+03    1.01117e-10    
4.84649e+03    9.65563e-11    
4.92928e+03    9.22011e-11    
5.01348e+03    8.80421e-11    
5.09913e+03    8.40707e-11    
5.18624e+03    8.02782e-11    
5.27483e+03    7.66567e-11    
5.36494e+03    7.31985e-11    
5.45659e+03    6.98962e-11    
5.54980e+03    6.67428e-11    
5.64461e+03    6.37316e-11    
5.74103e+03    6.08562e-11    
5.83911e+03    5.81104e-11    
5.93885e+03    5.54885e-11    
6.04031e+03    5.29848e-11    
6.14349e+03    5.05940e-11    
6.24844e+03    4.83111e-11    
6.35518e+03    4.61311e-11    
6.46374e+03    4.40494e-11    
6.57416e+03    4.20617e-11    
6.68647e+03    4.01636e-11    
6.80069e+03    3.83511e-11    
6.91686e+03    3.66204e-11    
7.03502e+03    3.49678e-11    
7.15520e+03    3.33897e-11    
7.27743e+03    3.18828e-11    
7.40175e+03    3.04439e-11    
7.52819e+03    2.90700e-11    
7.65680e+03    2.77580e-11    
7.78759e+03    2.65052e-11    
7.92063e+03    2.53089e-11    
8.05593e+03    2.41667e-11    
8.19355e+03    2.30760e-11    
8.33352e+03    2.20344e-11    
8.47588e+03    2.10399e-11    
8.62067e+03    2.00903e-11    
8.76794e+03    1.91835e-11    
8.91772e+03    1.83177e-11    
9.07006e+03    1.74909e-11    
9.22500e+03    1.67015e-11    
9.38259e+03    1.59476e-11    
9.54287e+03    1.52278e-11    
9.70588e+03    1.45405e-11    
9.87169e+03    1.38842e-11    
1.00403e+04    1.32575e-11    
1.02118e+04    1.26591e-11    
1.03863e+04    1.20878e-11    
1.05637e+04    1.15422e-11    
1.07442e+04    1.10212e-11    
1.09277e+04    1.05238e-11    
1.11144e+04    1.00488e-11    
1.13043e+04    9.59521e-12    
1.14974e+04    9.16213e-12    
1.16938e+04    8.74860e-12    
1.18935e+04    8.35374e-12    
1.20967e+04    7.97670e-12    
1.23033e+04    7.61668e-12    
1.25135e+04    7.27291e-12    
1.27273e+04    6.94466e-12    
1.29447e+04    6.63123e-12    
1.31658e+04    6.33195e-12    
1.33907e+04    6.04618e-12    
1.36195e+04    5.77330e-12    
1.38522e+04    5.51275e-12    
1.40888e+04    5.26396e-12    
1.43295e+04    5.02640e-12    
1.45742e+04    4.79956e-12    
1.48232e+04    4.58296e-12    
1.50764e+04    4.37614e-12    
1.53340e+04    4.17866e-12    
1.55959e+04    3.99009e-12    
1.58624e+04    3.81004e-12    
1.61333e+04    3.63811e-12    
1.64089e+04    3.47394e-12    
1.66892e+04    3.31718e-12    
1.69743e+04    3.16750e-12    
1.72643e+04    3.02458e-12    
1.75592e+04    2.88811e-12    
1.78592e+04    2.75780e-12    
1.81643e+04    2.63337e-12    
1.84746e+04    2.51455e-12    
1.87902e+04    2.40110e-12    
1.91112e+04    2.29277e-12    
1.94376e+04    2.18933e-12    
1.97697e+04    2.09056e-12    
2.01074e+04    1.99625e-12    
2.04509e+04    1.90620e-12    
2.08002e+04    1.82020e-12    
2.11556e+04    1.73809e-12    
2.15170e+04    1.65969e-12    
2.18845e+04    1.58483e-12    
2.22584e+04    1.51334e-12    
2.26386e+04    1.44508e-12    
2.30253e+04    1.37990e-12    
2.34187e+04    1.31766e-12    
2.38187e+04    1.25823e-12    
2.42256e+04    1.20149e-12    
2.46395e+04    1.14730e-12    
2.50604e+04    1.09556e-12    
2.54885e+04    1.04615e-12    
2.59239e+04    9.98975e-13    
2.63667e+04    9.53927e-13    
2.68172e+04    9.10911e-13    
2.72753e+04    8.69837e-13    
2.77412e+04    8.30616e-13    
2.82151e+04    7.93165e-13    
2.86971e+04    7.57403e-13    
2.91873e+04    7.23255e-13    
2.96859e+04    6.90647e-13    
3.01930e+04    6.59511e-13    
3.07088e+04    6.29779e-13    
3.12334e+04    6.01389e-13    
3.17670e+04    5.74279e-13    
3.23096e+04    5.48393e-13    
3.28616e+04    5.23674e-13    
3.34229e+04    5.00070e-13    
3.39939e+04    4.77531e-13    
3.45746e+04    4.56008e-13    
3.51652e+04    4.35457e-13    
3.57659e+04    4.15832e-13    
3.63769e+04    3.97092e-13    
3.69983e+04    3.79198e-13    
3.76304e+04    3.62110e-13    
3.82732e+04    3.45794e-13    
3.89270e+04    3.30213e-13    
3.95920e+04    3.15334e-13    
4.02683e+04    3.01127e-13    
4.09562e+04    2.87560e-13    
4.16559e+04    2.74605e-13    
4.23675e+04    2.62234e-13    
4.30912e+04    2.50421e-13    
4.38273e+04    2.39140e-13    
4.45760e+04    2.28368e-13    
4.53375e+04    2.18082e-13    
4.61120e+04    2.08259e-13    
4.68997e+04    1.98880e-13    
4.77009e+04    1.89923e-13    
4.85158e+04    1.81370e-13    
4.93446e+04    1.73202e-13    
5.01875e+04    1.65402e-13    
5.10448e+04    1.57954e-13    
5.19168e+04    1.50842e-13    
5.28037e+04    1.44050e-13    
5.37057e+04    1.37565e-13    
5.46232e+04    1.31371e-13    
5.55563e+04    1.25457e-13    
5.65054e+04    1.19809e-13    
5.74706e+04    1.14416e-13    
5.84524e+04    1.09266e-13    
5.94509e+04    1.04347e-13    
6.04665e+04    9.96508e-14    
6.14994e+04    9.51658e-14    
6.25500e+04    9.08828e-14    
6.36185e+04    8.67928e-14    
6.47053e+04    8.28870e-14    
6.58107e+04    7.91571e-14    
6.69349e+04    7.55953e-14    
6.80783e+04    7.21939e-14    
6.92413e+04    6.89456e-14    
7.04241e+04    6.58437e-14    
7.16272e+04    6.28815e-14    
7.28507e+04    6.00527e-14    
7.40952e+04    5.73512e-14    
7.53610e+04    5.47714e-14    
7.66484e+04    5.23078e-14    
7.79577e+04    4.99551e-14    
7.92895e+04    4.77083e-14    
8.06439e+04    4.55627e-14    
8.20216e+04    4.35137e-14    
8.34227e+04    4.15569e-14    
8.48478e+04    3.96882e-14    
8.62972e+04    3.79036e-14    
8.77714e+04    3.61994e-14    
8.92708e+04    3.45718e-14    
9.07958e+04    3.30176e-14    
9.23468e+04    3.15332e-14    
9.39244e+04    3.01157e-14    
9.55289e+04    2.87619e-14    
9.71608e+04    2.74691e-14    
9.88205e+04    2.62345e-14    
1.00509e+05    2.50554e-14    
1.02226e+05    2.39293e-14    
1.03972e+05    2.28539e-14    
1.05748e+05    2.18269e-14    
1.07555e+05    2.08461e-14    
1.09392e+05    1.99094e-14    
1.11261e+05    1.90149e-14    
1.13161e+05    1.81606e-14    
1.15094e+05    1.73447e-14    
1.17060e+05    1.65655e-14    
1.19060e+05    1.58213e-14    
1.21094e+05    1.51106e-14    
1.23163e+05    1.44319e-14    
1.25267e+05    1.37837e-14    
1.27407e+05    1.31647e-14    
1.29583e+05    1.25734e-14    
1.31797e+05    1.20088e-14    
1.34048e+05    1.14695e-14    
1.36338e+05    1.09545e-14    
1.38667e+05    1.04626e-14    
1.41036e+05    9.99289e-15    
1.43445e+05    9.54425e-15    
1.45896e+05    9.11577e-15    
1.48388e+05    8.70656e-15    
1.50923e+05    8.31573e-15    
1.53501e+05    7.94247e-15    
1.56123e+05    7.58597e-15    
1.58790e+05    7.24550e-15    
1.61503e+05    6.92033e-15    
1.64262e+05    6.60977e-15    
1.67068e+05    6.31316e-15    
1.69922e+05    6.02987e-15    
1.72824e+05    5.75931e-15    
1.75777e+05    5.50091e-15    
1.78779e+05    5.25411e-15    
1.81833e+05    5.01840e-15    
1.84940e+05    4.79327e-15    
1.88099e+05    4.57826e-15    
1.91312e+05    4.37290e-15    
1.94580e+05    4.17676e-15    
1.97904e+05    3.98943e-15    
2.01285e+05    3.81051e-15    
2.04724e+05    3.63963e-15    
2.08221e+05    3.47641e-15    
2.11778e+05    3.32053e-15    
2.15396e+05    3.17164e-15    
2.19075e+05    3.02944e-15    
2.22818e+05    2.89362e-15    
2.26624e+05    2.76389e-15    
2.30495e+05    2.63999e-15    
2.34433e+05    2.52165e-15    
2.38437e+05    2.40862e-15    
2.42511e+05    2.30066e-15    
2.46653e+05    2.19755e-15    
2.50867e+05    2.09906e-15    
2.55152e+05    2.00499e-15    
2.59511e+05    1.91515e-15    
2.63944e+05    1.82933e-15    
2.68453e+05    1.74736e-15    
2.73039e+05    1.66907e-15    
2.77703e+05    1.59430e-15    
2.82447e+05    1.52287e-15    
2.87272e+05    1.45465e-15    
2.92180e+05    1.38949e-15    
2.97171e+05    1.32725e-15    
3.02247e+05    1.26780e-15    
3.07411e+05    1.21102e-15    
3.12662e+05    1.15679e-15    
3.18003e+05    1.10498e-15    
3.23436e+05    1.05550e-15    
3.28961e+05    1.00824e-15    
3.34580e+05    9.63094e-16    
3.40296e+05    9.19973e-16    
3.46109e+05    8.78785e-16    
3.52022e+05    8.39444e-16    
3.58035e+05    8.01865e-16    
3.64151e+05    7.65971e-16    
3.70372e+05    7.31685e-16    
3.76699e+05    6.98936e-16    
3.83134e+05    6.67655e-16    
3.89679e+05    6.37774e-16    
3.96336e+05    6.09233e-16    
4.03106e+05    5.81971e-16    
4.09992e+05    5.55929e-16    
4.16996e+05    5.31055e-16    
4.24120e+05    5.07294e-16    
4.31365e+05    4.84598e-16    
4.38734e+05    4.62919e-16    
4.46229e+05    4.42210e-16    
4.53851e+05    4.22429e-16    
4.61604e+05    4.03534e-16    
4.69490e+05    3.85485e-16    
4.77510e+05    3.68244e-16    
4.85667e+05    3.51775e-16    
4.93964e+05    3.36044e-16    
5.02402e+05    3.21016e-16    
5.10984e+05    3.06662e-16    
5.19713e+05    2.92950e-16    
5.28592e+05    2.79852e-16    
5.37621e+05    2.67340e-16    
5.46805e+05    2.55388e-16    
5.56146e+05    2.43972e-16    
5.65647e+05    2.33066e-16    
5.75310e+05    2.22648e-16    
5.85138e+05    2.12696e-16    
5.95133e+05    2.03190e-16    
6.05300e+05    1.94109e-16    
6.15640e+05    1.85434e-16    
6.26157e+05    1.77148e-16    
6.36853e+05    1.69232e-16    
6.47733e+05    1.61670e-16    
6.58798e+05    1.54446e-16    
6.70052e+05    1.47546e-16    
6.81498e+05    1.40954e-16    
6.93140e+05    1.34657e-16    
7.04981e+05    1.28642e-16    
7.17024e+05    1.22896e-16    
7.29272e+05    1.17406e-16    
7.41730e+05    1.12163e-16    
7.54401e+05    1.07153e-16    
7.67289e+05    1.02368e-16    
7.80396e+05    9.77962e-17    
7.93727e+05    9.34291e-17    
8.07286e+05    8.92572e-17    
8.21077e+05    8.52718e-17    
8.35103e+05    8.14645e-17    
8.49369e+05    7.78275e-17    
8.63879e+05    7.43529e-17    
8.78636e+05    7.10337e-17    
8.93646e+05    6.78628e-17    
9.08912e+05    6.48336e-17    
9.24438e+05    6.19398e-17    
9.40230e+05    5.91752e-17    
9.56292e+05    5.65342e-17    
9.72628e+05    5.40112e-17    
9.89243e+05    5.16009e-17    
1.00614e+06    4.92982e-17    
1.02333e+06    4.70985e-17    
1.04081e+06    4.49970e-17    
1.05859e+06    4.29893e-17    
1.07667e+06    4.10714e-17    
1.09507e+06    3.92391e-17    
1.11377e+06    3.74886e-17    
1.13280e+06    3.58163e-17    
1.15215e+06    3.42186e-17    
1.17183e+06    3.26924e-17    
1.19185e+06    3.12342e-17    
1.21221e+06    2.98412e-17    
1.23292e+06    2.85103e-17    
1.25398e+06    2.72389e-17    
1.27540e+06    2.60242e-17    
1.29719e+06    2.48638e-17    
1.31935e+06    2.37551e-17    
1.34189e+06    2.26960e-17    
1.36481e+06    2.16841e-17    
1.38813e+06    2.07174e-17    
1.41184e+06    1.97938e-17    
1.43596e+06    1.89114e-17    
1.46049e+06    1.80684e-17    
1.48544e+06    1.72630e-17    
1.51081e+06    1.64936e-17    
1.53662e+06    1.57584e-17    
1.56287e+06    1.50561e-17    
1.58957e+06    1.43851e-17    
1.61672e+06    1.37441e-17    
1.64434e+06    1.31316e-17    
1.67243e+06    1.25465e-17    
1.70100e+06    1.19875e-17    
1.73006e+06    1.14533e-17    
1.75961e+06    1.09431e-17    
1.78967e+06    1.04555e-17    
1.82024e+06    9.98975e-18    
1.85134e+06    9.54474e-18    
1.88296e+06    9.11957e-18    
1.91513e+06    8.71335e-18    
1.94785e+06    8.32525e-18    
1.98112e+06    7.95445e-18    
2.01496e+06    7.60018e-18    
2.04939e+06    7.26171e-18    
2.08439e+06    6.93832e-18    
2.12000e+06    6.62935e-18    

