# USINE V4.0
# File generated 13-05-2022 11:20:52
# Model1DKisoVc
# TI
# SolMod0DFF_phi0_970GV
# R [GV]       TOA [GV m^{2} s sr]^{-1}
9.80684e-02    9.99821e-06    
9.97346e-02    1.05123e-05    
1.01429e-01    1.10527e-05    
1.03152e-01    1.16208e-05    
1.04905e-01    1.22180e-05    
1.06687e-01    1.28459e-05    
1.08500e-01    1.35058e-05    
1.10344e-01    1.41996e-05    
1.12218e-01    1.49288e-05    
1.14125e-01    1.56954e-05    
1.16064e-01    1.65012e-05    
1.18036e-01    1.73482e-05    
1.20041e-01    1.82385e-05    
1.22081e-01    1.91743e-05    
1.24155e-01    2.01579e-05    
1.26265e-01    2.11918e-05    
1.28410e-01    2.22785e-05    
1.30592e-01    2.34207e-05    
1.32810e-01    2.46212e-05    
1.35067e-01    2.58829e-05    
1.37362e-01    2.72091e-05    
1.39695e-01    2.86028e-05    
1.42069e-01    3.00676e-05    
1.44483e-01    3.16070e-05    
1.46938e-01    3.32249e-05    
1.49434e-01    3.49251e-05    
1.51973e-01    3.67119e-05    
1.54555e-01    3.85897e-05    
1.57181e-01    4.05630e-05    
1.59852e-01    4.26366e-05    
1.62567e-01    4.48156e-05    
1.65330e-01    4.71053e-05    
1.68139e-01    4.95114e-05    
1.70995e-01    5.20396e-05    
1.73901e-01    5.46961e-05    
1.76855e-01    5.74873e-05    
1.79860e-01    6.04201e-05    
1.82916e-01    6.35015e-05    
1.86024e-01    6.67391e-05    
1.89184e-01    7.01405e-05    
1.92399e-01    7.37141e-05    
1.95667e-01    7.74685e-05    
1.98992e-01    8.14126e-05    
2.02373e-01    8.55558e-05    
2.05811e-01    8.99072e-05    
2.09308e-01    9.44769e-05    
2.12864e-01    9.92755e-05    
2.16481e-01    1.04314e-04    
2.20159e-01    1.09605e-04    
2.23900e-01    1.15160e-04    
2.27704e-01    1.20992e-04    
2.31572e-01    1.27115e-04    
2.35507e-01    1.33541e-04    
2.39508e-01    1.40287e-04    
2.43578e-01    1.47368e-04    
2.47716e-01    1.54799e-04    
2.51925e-01    1.62597e-04    
2.56205e-01    1.70780e-04    
2.60558e-01    1.79367e-04    
2.64985e-01    1.88375e-04    
2.69487e-01    1.97826e-04    
2.74066e-01    2.07739e-04    
2.78722e-01    2.18137e-04    
2.83458e-01    2.29043e-04    
2.88274e-01    2.40480e-04    
2.93172e-01    2.52472e-04    
2.98153e-01    2.65045e-04    
3.03219e-01    2.78226e-04    
3.08370e-01    2.92044e-04    
3.13610e-01    3.06526e-04    
3.18938e-01    3.21703e-04    
3.24357e-01    3.37606e-04    
3.29868e-01    3.54269e-04    
3.35472e-01    3.71724e-04    
3.41172e-01    3.90007e-04    
3.46969e-01    4.09155e-04    
3.52864e-01    4.29206e-04    
3.58859e-01    4.50199e-04    
3.64956e-01    4.72174e-04    
3.71157e-01    4.95174e-04    
3.77463e-01    5.19244e-04    
3.83876e-01    5.44427e-04    
3.90399e-01    5.70772e-04    
3.97032e-01    5.98326e-04    
4.03777e-01    6.27140e-04    
4.10638e-01    6.57265e-04    
4.17614e-01    6.88754e-04    
4.24710e-01    7.21662e-04    
4.31926e-01    7.56047e-04    
4.39264e-01    7.91965e-04    
4.46728e-01    8.29477e-04    
4.54318e-01    8.68644e-04    
4.62037e-01    9.09528e-04    
4.69887e-01    9.52195e-04    
4.77870e-01    9.96710e-04    
4.85989e-01    1.04314e-03    
4.94247e-01    1.09156e-03    
5.02644e-01    1.14203e-03    
5.11184e-01    1.19462e-03    
5.19869e-01    1.24942e-03    
5.28702e-01    1.30648e-03    
5.37685e-01    1.36589e-03    
5.46820e-01    1.42773e-03    
5.56111e-01    1.49206e-03    
5.65559e-01    1.55897e-03    
5.75168e-01    1.62852e-03    
5.84941e-01    1.70081e-03    
5.94879e-01    1.77590e-03    
6.04986e-01    1.85387e-03    
6.15265e-01    1.93480e-03    
6.25719e-01    2.01876e-03    
6.36350e-01    2.10583e-03    
6.47162e-01    2.19608e-03    
6.58157e-01    2.28957e-03    
6.69339e-01    2.38638e-03    
6.80712e-01    2.48658e-03    
6.92277e-01    2.59022e-03    
7.04039e-01    2.69737e-03    
7.16001e-01    2.80807e-03    
7.28166e-01    2.92239e-03    
7.40538e-01    3.04037e-03    
7.53120e-01    3.16204e-03    
7.65916e-01    3.28745e-03    
7.78929e-01    3.41661e-03    
7.92163e-01    3.54956e-03    
8.05622e-01    3.68630e-03    
8.19310e-01    3.82684e-03    
8.33230e-01    3.97117e-03    
8.47387e-01    4.11928e-03    
8.61784e-01    4.27115e-03    
8.76426e-01    4.42673e-03    
8.91317e-01    4.58599e-03    
9.06461e-01    4.74886e-03    
9.21862e-01    4.91527e-03    
9.37525e-01    5.08513e-03    
9.53454e-01    5.25834e-03    
9.69653e-01    5.43480e-03    
9.86128e-01    5.61435e-03    
1.00288e+00    5.79687e-03    
1.01992e+00    5.98218e-03    
1.03725e+00    6.17012e-03    
1.05487e+00    6.36047e-03    
1.07280e+00    6.55303e-03    
1.09102e+00    6.74757e-03    
1.10956e+00    6.94384e-03    
1.12841e+00    7.14157e-03    
1.14758e+00    7.34048e-03    
1.16708e+00    7.54027e-03    
1.18691e+00    7.74063e-03    
1.20708e+00    7.94120e-03    
1.22759e+00    8.14166e-03    
1.24844e+00    8.34163e-03    
1.26965e+00    8.54074e-03    
1.29123e+00    8.73859e-03    
1.31316e+00    8.93478e-03    
1.33548e+00    9.12890e-03    
1.35817e+00    9.32053e-03    
1.38124e+00    9.50924e-03    
1.40471e+00    9.69458e-03    
1.42858e+00    9.87614e-03    
1.45285e+00    1.00535e-02    
1.47753e+00    1.02261e-02    
1.50264e+00    1.03937e-02    
1.52817e+00    1.05557e-02    
1.55413e+00    1.07117e-02    
1.58054e+00    1.08614e-02    
1.60739e+00    1.10044e-02    
1.63470e+00    1.11402e-02    
1.66247e+00    1.12685e-02    
1.69072e+00    1.13890e-02    
1.71944e+00    1.15014e-02    
1.74866e+00    1.16053e-02    
1.77837e+00    1.17007e-02    
1.80858e+00    1.17871e-02    
1.83931e+00    1.18644e-02    
1.87056e+00    1.19326e-02    
1.90234e+00    1.19914e-02    
1.93467e+00    1.20407e-02    
1.96754e+00    1.20806e-02    
2.00097e+00    1.21110e-02    
2.03496e+00    1.21320e-02    
2.06954e+00    1.21436e-02    
2.10470e+00    1.21460e-02    
2.14046e+00    1.21392e-02    
2.17683e+00    1.21235e-02    
2.21381e+00    1.20991e-02    
2.25142e+00    1.20662e-02    
2.28968e+00    1.20252e-02    
2.32858e+00    1.19762e-02    
2.36814e+00    1.19197e-02    
2.40838e+00    1.18560e-02    
2.44930e+00    1.17853e-02    
2.49091e+00    1.17080e-02    
2.53323e+00    1.16243e-02    
2.57627e+00    1.15346e-02    
2.62004e+00    1.14390e-02    
2.66456e+00    1.13378e-02    
2.70983e+00    1.12311e-02    
2.75587e+00    1.11193e-02    
2.80270e+00    1.10024e-02    
2.85031e+00    1.08806e-02    
2.89874e+00    1.07542e-02    
2.94799e+00    1.06232e-02    
2.99808e+00    1.04878e-02    
3.04902e+00    1.03482e-02    
3.10082e+00    1.02046e-02    
3.15351e+00    1.00573e-02    
3.20709e+00    9.90624e-03    
3.26157e+00    9.75182e-03    
3.31699e+00    9.59422e-03    
3.37335e+00    9.43372e-03    
3.43066e+00    9.27064e-03    
3.48895e+00    9.10535e-03    
3.54823e+00    8.93828e-03    
3.60851e+00    8.76984e-03    
3.66982e+00    8.60044e-03    
3.73217e+00    8.43044e-03    
3.79558e+00    8.26020e-03    
3.86007e+00    8.09000e-03    
3.92566e+00    7.92009e-03    
3.99235e+00    7.75070e-03    
4.06019e+00    7.58199e-03    
4.12917e+00    7.41410e-03    
4.19933e+00    7.24715e-03    
4.27067e+00    7.08124e-03    
4.34323e+00    6.91646e-03    
4.41703e+00    6.75293e-03    
4.49207e+00    6.59074e-03    
4.56840e+00    6.42999e-03    
4.64601e+00    6.27076e-03    
4.72495e+00    6.11314e-03    
4.80523e+00    5.95722e-03    
4.88687e+00    5.80306e-03    
4.96990e+00    5.65073e-03    
5.05434e+00    5.50029e-03    
5.14022e+00    5.35179e-03    
5.22755e+00    5.20524e-03    
5.31637e+00    5.06069e-03    
5.40669e+00    4.91819e-03    
5.49856e+00    4.77777e-03    
5.59198e+00    4.63947e-03    
5.68699e+00    4.50334e-03    
5.78361e+00    4.36941e-03    
5.88188e+00    4.23771e-03    
5.98181e+00    4.10828e-03    
6.08344e+00    3.98117e-03    
6.18680e+00    3.85643e-03    
6.29192e+00    3.73410e-03    
6.39882e+00    3.61421e-03    
6.50754e+00    3.49679e-03    
6.61811e+00    3.38187e-03    
6.73055e+00    3.26946e-03    
6.84490e+00    3.15960e-03    
6.96120e+00    3.05229e-03    
7.07947e+00    2.94755e-03    
7.19976e+00    2.84538e-03    
7.32208e+00    2.74581e-03    
7.44649e+00    2.64883e-03    
7.57300e+00    2.55445e-03    
7.70167e+00    2.46267e-03    
7.83253e+00    2.37349e-03    
7.96560e+00    2.28690e-03    
8.10094e+00    2.20289e-03    
8.23858e+00    2.12145e-03    
8.37855e+00    2.04257e-03    
8.52091e+00    1.96625e-03    
8.66568e+00    1.89247e-03    
8.81291e+00    1.82125e-03    
8.96265e+00    1.75256e-03    
9.11493e+00    1.68638e-03    
9.26979e+00    1.62269e-03    
9.42729e+00    1.56144e-03    
9.58746e+00    1.50259e-03    
9.75036e+00    1.44606e-03    
9.91602e+00    1.39179e-03    
1.00845e+01    1.33965e-03    
1.02558e+01    1.28954e-03    
1.04301e+01    1.24134e-03    
1.06073e+01    1.19492e-03    
1.07875e+01    1.15020e-03    
1.09708e+01    1.10706e-03    
1.11572e+01    1.06542e-03    
1.13468e+01    1.02520e-03    
1.15395e+01    9.86336e-04    
1.17356e+01    9.48766e-04    
1.19350e+01    9.12454e-04    
1.21378e+01    8.77366e-04    
1.23440e+01    8.43474e-04    
1.25537e+01    8.10750e-04    
1.27670e+01    7.79166e-04    
1.29839e+01    7.48696e-04    
1.32045e+01    7.19310e-04    
1.34289e+01    6.90981e-04    
1.36570e+01    6.63680e-04    
1.38891e+01    6.37375e-04    
1.41251e+01    6.12035e-04    
1.43651e+01    5.87628e-04    
1.46091e+01    5.64123e-04    
1.48573e+01    5.41488e-04    
1.51098e+01    5.19693e-04    
1.53665e+01    4.98711e-04    
1.56276e+01    4.78514e-04    
1.58931e+01    4.59074e-04    
1.61631e+01    4.40367e-04    
1.64377e+01    4.22367e-04    
1.67170e+01    4.05051e-04    
1.70010e+01    3.88395e-04    
1.72899e+01    3.72377e-04    
1.75837e+01    3.56976e-04    
1.78824e+01    3.42170e-04    
1.81862e+01    3.27938e-04    
1.84952e+01    3.14261e-04    
1.88095e+01    3.01120e-04    
1.91290e+01    2.88494e-04    
1.94540e+01    2.76366e-04    
1.97846e+01    2.64719e-04    
2.01207e+01    2.53534e-04    
2.04626e+01    2.42796e-04    
2.08102e+01    2.32489e-04    
2.11638e+01    2.22600e-04    
2.15234e+01    2.13116e-04    
2.18891e+01    2.04046e-04    
2.22610e+01    1.95390e-04    
2.26392e+01    1.87112e-04    
2.30239e+01    1.79242e-04    
2.34150e+01    1.71740e-04    
2.38129e+01    1.64516e-04    
2.42175e+01    1.57585e-04    
2.46289e+01    1.50932e-04    
2.50474e+01    1.44545e-04    
2.54729e+01    1.38415e-04    
2.59057e+01    1.32533e-04    
2.63459e+01    1.26889e-04    
2.67935e+01    1.21474e-04    
2.72487e+01    1.16279e-04    
2.77117e+01    1.11296e-04    
2.81825e+01    1.06518e-04    
2.86614e+01    1.01935e-04    
2.91483e+01    9.75410e-05    
2.96436e+01    9.33281e-05    
3.01472e+01    8.92895e-05    
3.06594e+01    8.54182e-05    
3.11803e+01    8.17078e-05    
3.17101e+01    7.81520e-05    
3.22489e+01    7.47447e-05    
3.27968e+01    7.14799e-05    
3.33540e+01    6.83522e-05    
3.39207e+01    6.53559e-05    
3.44970e+01    6.24859e-05    
3.50832e+01    5.97371e-05    
3.56792e+01    5.71047e-05    
3.62854e+01    5.45840e-05    
3.69019e+01    5.21705e-05    
3.75289e+01    4.98598e-05    
3.81665e+01    4.76477e-05    
3.88150e+01    4.55304e-05    
3.94745e+01    4.35038e-05    
4.01452e+01    4.15642e-05    
4.08272e+01    3.97082e-05    
4.15209e+01    3.79323e-05    
4.22264e+01    3.62331e-05    
4.29438e+01    3.46075e-05    
4.36734e+01    3.30524e-05    
4.44155e+01    3.15649e-05    
4.51701e+01    3.01423e-05    
4.59375e+01    2.87817e-05    
4.67180e+01    2.74806e-05    
4.75118e+01    2.62364e-05    
4.83190e+01    2.50469e-05    
4.91400e+01    2.39097e-05    
4.99749e+01    2.28225e-05    
5.08240e+01    2.17833e-05    
5.16875e+01    2.07901e-05    
5.25657e+01    1.98408e-05    
5.34588e+01    1.89335e-05    
5.43671e+01    1.80666e-05    
5.52908e+01    1.72383e-05    
5.62302e+01    1.64469e-05    
5.71856e+01    1.56908e-05    
5.81572e+01    1.49685e-05    
5.91453e+01    1.42785e-05    
6.01502e+01    1.36195e-05    
6.11721e+01    1.29901e-05    
6.22115e+01    1.23891e-05    
6.32685e+01    1.18151e-05    
6.43434e+01    1.12670e-05    
6.54366e+01    1.07437e-05    
6.65484e+01    1.02441e-05    
6.76791e+01    9.76712e-06    
6.88290e+01    9.31182e-06    
6.99984e+01    8.87723e-06    
7.11877e+01    8.46243e-06    
7.23972e+01    8.06654e-06    
7.36273e+01    7.68874e-06    
7.48782e+01    7.32822e-06    
7.61504e+01    6.98421e-06    
7.74442e+01    6.65599e-06    
7.87600e+01    6.34283e-06    
8.00982e+01    6.04408e-06    
8.14591e+01    5.75910e-06    
8.28431e+01    5.48725e-06    
8.42506e+01    5.22796e-06    
8.56821e+01    4.98067e-06    
8.71378e+01    4.74482e-06    
8.86183e+01    4.51991e-06    
9.01240e+01    4.30545e-06    
9.16552e+01    4.10096e-06    
9.32125e+01    3.90598e-06    
9.47962e+01    3.72010e-06    
9.64068e+01    3.54289e-06    
9.80448e+01    3.37396e-06    
9.97106e+01    3.21294e-06    
1.01405e+02    3.05947e-06    
1.03128e+02    2.91319e-06    
1.04880e+02    2.77379e-06    
1.06662e+02    2.64094e-06    
1.08474e+02    2.51435e-06    
1.10317e+02    2.39373e-06    
1.12191e+02    2.27880e-06    
1.14097e+02    2.16931e-06    
1.16036e+02    2.06499e-06    
1.18007e+02    1.96562e-06    
1.20012e+02    1.87097e-06    
1.22052e+02    1.78081e-06    
1.24125e+02    1.69494e-06    
1.26234e+02    1.61316e-06    
1.28379e+02    1.53528e-06    
1.30560e+02    1.46112e-06    
1.32778e+02    1.39051e-06    
1.35034e+02    1.32327e-06    
1.37329e+02    1.25925e-06    
1.39662e+02    1.19831e-06    
1.42035e+02    1.14029e-06    
1.44448e+02    1.08507e-06    
1.46902e+02    1.03250e-06    
1.49398e+02    9.82465e-07    
1.51936e+02    9.34847e-07    
1.54518e+02    8.89530e-07    
1.57143e+02    8.46405e-07    
1.59813e+02    8.05369e-07    
1.62528e+02    7.66322e-07    
1.65290e+02    7.29172e-07    
1.68098e+02    6.93826e-07    
1.70954e+02    6.60200e-07    
1.73859e+02    6.28212e-07    
1.76813e+02    5.97782e-07    
1.79817e+02    5.68837e-07    
1.82872e+02    5.41306e-07    
1.85979e+02    5.15120e-07    
1.89139e+02    4.90215e-07    
1.92352e+02    4.66528e-07    
1.95620e+02    4.44002e-07    
1.98944e+02    4.22579e-07    
2.02324e+02    4.02206e-07    
2.05762e+02    3.82832e-07    
2.09258e+02    3.64408e-07    
2.12813e+02    3.46888e-07    
2.16429e+02    3.30227e-07    
2.20106e+02    3.14382e-07    
2.23846e+02    2.99315e-07    
2.27649e+02    2.84986e-07    
2.31517e+02    2.71358e-07    
2.35450e+02    2.58398e-07    
2.39451e+02    2.46071e-07    
2.43519e+02    2.34347e-07    
2.47656e+02    2.23195e-07    
2.51864e+02    2.12587e-07    
2.56143e+02    2.02495e-07    
2.60495e+02    1.92894e-07    
2.64921e+02    1.83760e-07    
2.69422e+02    1.75068e-07    
2.74000e+02    1.66797e-07    
2.78655e+02    1.58926e-07    
2.83390e+02    1.51434e-07    
2.88205e+02    1.44303e-07    
2.93101e+02    1.37515e-07    
2.98081e+02    1.31053e-07    
3.03146e+02    1.24901e-07    
3.08296e+02    1.19042e-07    
3.13534e+02    1.13463e-07    
3.18861e+02    1.08150e-07    
3.24279e+02    1.03090e-07    
3.29788e+02    9.82703e-08    
3.35392e+02    9.36788e-08    
3.41090e+02    8.93046e-08    
3.46885e+02    8.51372e-08    
3.52779e+02    8.11664e-08    
3.58773e+02    7.73828e-08    
3.64868e+02    7.37771e-08    
3.71068e+02    7.03409e-08    
3.77372e+02    6.70661e-08    
3.83784e+02    6.39447e-08    
3.90305e+02    6.09695e-08    
3.96936e+02    5.81336e-08    
4.03680e+02    5.54302e-08    
4.10539e+02    5.28530e-08    
4.17514e+02    5.03961e-08    
4.24608e+02    4.80537e-08    
4.31822e+02    4.58205e-08    
4.39159e+02    4.36913e-08    
4.46620e+02    4.16611e-08    
4.54208e+02    3.97254e-08    
4.61925e+02    3.78797e-08    
4.69774e+02    3.61197e-08    
4.77755e+02    3.44415e-08    
4.85872e+02    3.28412e-08    
4.94128e+02    3.13152e-08    
5.02523e+02    2.98601e-08    
5.11061e+02    2.84724e-08    
5.19744e+02    2.71491e-08    
5.28575e+02    2.58872e-08    
5.37555e+02    2.46838e-08    
5.46689e+02    2.35362e-08    
5.55977e+02    2.24418e-08    
5.65423e+02    2.13982e-08    
5.75030e+02    2.04029e-08    
5.84800e+02    1.94538e-08    
5.94736e+02    1.85487e-08    
6.04841e+02    1.76856e-08    
6.15117e+02    1.68625e-08    
6.25568e+02    1.60775e-08    
6.36197e+02    1.53290e-08    
6.47006e+02    1.46152e-08    
6.57999e+02    1.39345e-08    
6.69178e+02    1.32853e-08    
6.80548e+02    1.26663e-08    
6.92111e+02    1.20760e-08    
7.03870e+02    1.15131e-08    
7.15829e+02    1.09763e-08    
7.27991e+02    1.04645e-08    
7.40360e+02    9.97640e-09    
7.52939e+02    9.51099e-09    
7.65731e+02    9.06719e-09    
7.78741e+02    8.64401e-09    
7.91972e+02    8.24049e-09    
8.05428e+02    7.85573e-09    
8.19113e+02    7.48885e-09    
8.33030e+02    7.13903e-09    
8.47183e+02    6.80548e-09    
8.61577e+02    6.48745e-09    
8.76215e+02    6.18421e-09    
8.91103e+02    5.89508e-09    
9.06243e+02    5.61941e-09    
9.21640e+02    5.35658e-09    
9.37299e+02    5.10598e-09    
9.53224e+02    4.86706e-09    
9.69420e+02    4.63926e-09    
9.85890e+02    4.42208e-09    
1.00264e+03    4.21503e-09    
1.01968e+03    4.01762e-09    
1.03700e+03    3.82942e-09    
1.05462e+03    3.65000e-09    
1.07254e+03    3.47895e-09    
1.09076e+03    3.31588e-09    
1.10929e+03    3.16042e-09    
1.12814e+03    3.01221e-09    
1.14731e+03    2.87093e-09    
1.16680e+03    2.73625e-09    
1.18663e+03    2.60785e-09    
1.20679e+03    2.48546e-09    
1.22729e+03    2.36879e-09    
1.24814e+03    2.25757e-09    
1.26935e+03    2.15155e-09    
1.29092e+03    2.05049e-09    
1.31285e+03    1.95415e-09    
1.33515e+03    1.86233e-09    
1.35784e+03    1.77480e-09    
1.38091e+03    1.69136e-09    
1.40437e+03    1.61184e-09    
1.42823e+03    1.53603e-09    
1.45250e+03    1.46378e-09    
1.47718e+03    1.39492e-09    
1.50227e+03    1.32928e-09    
1.52780e+03    1.26671e-09    
1.55376e+03    1.20708e-09    
1.58015e+03    1.15025e-09    
1.60700e+03    1.09608e-09    
1.63431e+03    1.04445e-09    
1.66207e+03    9.95247e-10    
1.69031e+03    9.48351e-10    
1.71903e+03    9.03656e-10    
1.74824e+03    8.61059e-10    
1.77794e+03    8.20463e-10    
1.80815e+03    7.81774e-10    
1.83887e+03    7.44902e-10    
1.87011e+03    7.09762e-10    
1.90189e+03    6.76274e-10    
1.93420e+03    6.44360e-10    
1.96706e+03    6.13947e-10    
2.00048e+03    5.84964e-10    
2.03447e+03    5.57344e-10    
2.06904e+03    5.31024e-10    
2.10419e+03    5.05942e-10    
2.13994e+03    4.82040e-10    
2.17630e+03    4.59264e-10    
2.21328e+03    4.37560e-10    
2.25088e+03    4.16878e-10    
2.28913e+03    3.97170e-10    
2.32802e+03    3.78390e-10    
2.36757e+03    3.60496e-10    
2.40780e+03    3.43444e-10    
2.44871e+03    3.27197e-10    
2.49031e+03    3.11715e-10    
2.53262e+03    2.96964e-10    
2.57565e+03    2.82908e-10    
2.61941e+03    2.69515e-10    
2.66392e+03    2.56754e-10    
2.70918e+03    2.44595e-10    
2.75521e+03    2.33010e-10    
2.80202e+03    2.21973e-10    
2.84963e+03    2.11456e-10    
2.89804e+03    2.01435e-10    
2.94728e+03    1.91889e-10    
2.99736e+03    1.82793e-10    
3.04828e+03    1.74126e-10    
3.10008e+03    1.65870e-10    
3.15275e+03    1.58004e-10    
3.20631e+03    1.50509e-10    
3.26079e+03    1.43369e-10    
3.31619e+03    1.36566e-10    
3.37253e+03    1.30086e-10    
3.42983e+03    1.23912e-10    
3.48811e+03    1.18030e-10    
3.54737e+03    1.12426e-10    
3.60764e+03    1.07087e-10    
3.66894e+03    1.02002e-10    
3.73127e+03    9.71568e-11    
3.79467e+03    9.25413e-11    
3.85914e+03    8.81444e-11    
3.92471e+03    8.39558e-11    
3.99139e+03    7.99656e-11    
4.05921e+03    7.61645e-11    
4.12818e+03    7.25436e-11    
4.19831e+03    6.90943e-11    
4.26965e+03    6.58085e-11    
4.34219e+03    6.26785e-11    
4.41596e+03    5.96970e-11    
4.49099e+03    5.68569e-11    
4.56730e+03    5.41515e-11    
4.64489e+03    5.15744e-11    
4.72381e+03    4.91197e-11    
4.80407e+03    4.67815e-11    
4.88569e+03    4.45542e-11    
4.96870e+03    4.24327e-11    
5.05312e+03    4.04120e-11    
5.13898e+03    3.84872e-11    
5.22629e+03    3.66538e-11    
5.31509e+03    3.49075e-11    
5.40539e+03    3.32442e-11    
5.49723e+03    3.16600e-11    
5.59063e+03    3.01510e-11    
5.68562e+03    2.87137e-11    
5.78222e+03    2.73448e-11    
5.88046e+03    2.60410e-11    
5.98037e+03    2.47992e-11    
6.08198e+03    2.36164e-11    
6.18531e+03    2.24899e-11    
6.29041e+03    2.14170e-11    
6.39728e+03    2.03952e-11    
6.50597e+03    1.94219e-11    
6.61651e+03    1.84950e-11    
6.72893e+03    1.76122e-11    
6.84325e+03    1.67715e-11    
6.95952e+03    1.59708e-11    
7.07777e+03    1.52082e-11    
7.19802e+03    1.44819e-11    
7.32032e+03    1.37902e-11    
7.44469e+03    1.31315e-11    
7.57118e+03    1.25042e-11    
7.69982e+03    1.19068e-11    
7.83064e+03    1.13378e-11    
7.96368e+03    1.07960e-11    
8.09899e+03    1.02800e-11    
8.23659e+03    9.78855e-12    
8.37654e+03    9.32058e-12    
8.51886e+03    8.87493e-12    
8.66360e+03    8.45054e-12    
8.81079e+03    8.04639e-12    
8.96049e+03    7.66153e-12    
9.11273e+03    7.29503e-12    
9.26756e+03    6.94602e-12    
9.42502e+03    6.61367e-12    
9.58515e+03    6.29719e-12    
9.74801e+03    5.99582e-12    
9.91363e+03    5.70883e-12    
1.00821e+04    5.43555e-12    
1.02534e+04    5.17533e-12    
1.04276e+04    4.92753e-12    
1.06047e+04    4.69157e-12    
1.07849e+04    4.46689e-12    
1.09682e+04    4.25294e-12    
1.11545e+04    4.04922e-12    
1.13440e+04    3.85523e-12    
1.15368e+04    3.67052e-12    
1.17328e+04    3.49464e-12    
1.19321e+04    3.32716e-12    
1.21349e+04    3.16770e-12    
1.23410e+04    3.01586e-12    
1.25507e+04    2.87129e-12    
1.27639e+04    2.73363e-12    
1.29808e+04    2.60255e-12    
1.32014e+04    2.47775e-12    
1.34257e+04    2.35892e-12    
1.36538e+04    2.24578e-12    
1.38857e+04    2.13805e-12    
1.41217e+04    2.03548e-12    
1.43616e+04    1.93782e-12    
1.46056e+04    1.84484e-12    
1.48538e+04    1.75631e-12    
1.51061e+04    1.67202e-12    
1.53628e+04    1.59176e-12    
1.56238e+04    1.51535e-12    
1.58893e+04    1.44260e-12    
1.61592e+04    1.37334e-12    
1.64338e+04    1.30740e-12    
1.67130e+04    1.24461e-12    
1.69969e+04    1.18484e-12    
1.72857e+04    1.12793e-12    
1.75794e+04    1.07375e-12    
1.78781e+04    1.02216e-12    
1.81819e+04    9.73051e-13    
1.84908e+04    9.26296e-13    
1.88049e+04    8.81783e-13    
1.91244e+04    8.39405e-13    
1.94494e+04    7.99060e-13    
1.97798e+04    7.60650e-13    
2.01159e+04    7.24083e-13    
2.04577e+04    6.89271e-13    
2.08052e+04    6.56130e-13    
2.11587e+04    6.24579e-13    
2.15182e+04    5.94542e-13    
2.18838e+04    5.65948e-13    
2.22556e+04    5.38726e-13    
2.26338e+04    5.12811e-13    
2.30183e+04    4.88140e-13    
2.34094e+04    4.64654e-13    
2.38071e+04    4.42297e-13    
2.42116e+04    4.21013e-13    
2.46230e+04    4.00751e-13    
2.50413e+04    3.81463e-13    
2.54668e+04    3.63102e-13    
2.58995e+04    3.45623e-13    
2.63395e+04    3.28984e-13    
2.67871e+04    3.13144e-13    
2.72422e+04    2.98066e-13    
2.77050e+04    2.83713e-13    
2.81757e+04    2.70050e-13    
2.86545e+04    2.57043e-13    
2.91413e+04    2.44662e-13    
2.96364e+04    2.32876e-13    
3.01400e+04    2.21658e-13    
3.06520e+04    2.10978e-13    
3.11728e+04    2.00813e-13    
3.17025e+04    1.91136e-13    
3.22411e+04    1.81925e-13    
3.27889e+04    1.73157e-13    
3.33460e+04    1.64811e-13    
3.39125e+04    1.56867e-13    
3.44887e+04    1.49305e-13    
3.50747e+04    1.42107e-13    
3.56706e+04    1.35255e-13    
3.62767e+04    1.28734e-13    
3.68930e+04    1.22526e-13    
3.75199e+04    1.16617e-13    
3.81573e+04    1.10992e-13    
3.88057e+04    1.05639e-13    
3.94650e+04    1.00543e-13    
4.01355e+04    9.56930e-14    
4.08174e+04    9.10763e-14    
4.15109e+04    8.66821e-14    
4.22162e+04    8.24995e-14    
4.29335e+04    7.85185e-14    
4.36629e+04    7.47293e-14    
4.44048e+04    7.11227e-14    
4.51592e+04    6.76898e-14    
4.59265e+04    6.44225e-14    
4.67068e+04    6.13126e-14    
4.75003e+04    5.83526e-14    
4.83074e+04    5.55354e-14    
4.91282e+04    5.28539e-14    
4.99629e+04    5.03017e-14    
5.08117e+04    4.78726e-14    
5.16750e+04    4.55607e-14    
5.25530e+04    4.33602e-14    
5.34459e+04    4.12659e-14    
5.43540e+04    3.92725e-14    
5.52775e+04    3.73754e-14    
5.62167e+04    3.55697e-14    
5.71718e+04    3.38512e-14    
5.81432e+04    3.22156e-14    
5.91310e+04    3.06589e-14    
6.01357e+04    2.91773e-14    
6.11574e+04    2.77672e-14    
6.21965e+04    2.64252e-14    
6.32532e+04    2.51480e-14    
6.43279e+04    2.39324e-14    
6.54209e+04    2.27755e-14    
6.65324e+04    2.16744e-14    
6.76628e+04    2.06265e-14    
6.88124e+04    1.96292e-14    
6.99816e+04    1.86801e-14    
7.11706e+04    1.77768e-14    
7.23798e+04    1.69171e-14    
7.36095e+04    1.60990e-14    
7.48602e+04    1.53203e-14    
7.61321e+04    1.45793e-14    
7.74256e+04    1.38741e-14    
7.87411e+04    1.32029e-14    
8.00789e+04    1.25642e-14    
8.14395e+04    1.19563e-14    
8.28232e+04    1.13778e-14    
8.42303e+04    1.08273e-14    
8.56614e+04    1.03033e-14    
8.71169e+04    9.80473e-15    
8.85970e+04    9.33022e-15    
9.01023e+04    8.87864e-15    
9.16332e+04    8.44890e-15    
9.31900e+04    8.03993e-15    
9.47734e+04    7.65074e-15    
9.63836e+04    7.28036e-15    
9.80212e+04    6.92790e-15    
9.96866e+04    6.59248e-15    
1.01380e+05    6.27327e-15    
1.03103e+05    5.96951e-15    
1.04855e+05    5.68044e-15    
1.06636e+05    5.40535e-15    
1.08448e+05    5.14357e-15    
1.10290e+05    4.89445e-15    
1.12164e+05    4.65738e-15    
1.14070e+05    4.43179e-15    
1.16008e+05    4.21711e-15    
1.17979e+05    4.01281e-15    
1.19984e+05    3.81841e-15    
1.22022e+05    3.63341e-15    
1.24095e+05    3.45736e-15    
1.26204e+05    3.28984e-15    
1.28348e+05    3.13042e-15    
1.30529e+05    2.97872e-15    
1.32746e+05    2.83436e-15    
1.35002e+05    2.69700e-15    
1.37296e+05    2.56628e-15    
1.39628e+05    2.44189e-15    
1.42001e+05    2.32353e-15    
1.44413e+05    2.21089e-15    
1.46867e+05    2.10371e-15    
1.49362e+05    2.00172e-15    
1.51900e+05    1.90467e-15    
1.54481e+05    1.81232e-15    
1.57105e+05    1.72445e-15    
1.59775e+05    1.64083e-15    
1.62489e+05    1.56126e-15    
1.65250e+05    1.48555e-15    
1.68058e+05    1.41350e-15    
1.70913e+05    1.34495e-15    
1.73817e+05    1.27971e-15    
1.76770e+05    1.21764e-15    
1.79773e+05    1.15858e-15    
1.82828e+05    1.10237e-15    
1.85934e+05    1.04890e-15    
1.89093e+05    9.98009e-16    
1.92306e+05    9.49588e-16    
1.95573e+05    9.03515e-16    
1.98896e+05    8.59675e-16    
2.02275e+05    8.17960e-16    
2.05712e+05    7.78268e-16    
2.09207e+05    7.40500e-16    
2.12762e+05    7.04563e-16    
2.16377e+05    6.70368e-16    
2.20053e+05    6.37832e-16    
2.23792e+05    6.06873e-16    
2.27594e+05    5.77416e-16    
2.31461e+05    5.49387e-16    
2.35394e+05    5.22718e-16    
2.39393e+05    4.97342e-16    
2.43460e+05    4.73196e-16    
2.47597e+05    4.50222e-16    
2.51804e+05    4.28363e-16    
2.56082e+05    4.07564e-16    
2.60433e+05    3.87774e-16    
2.64857e+05    3.68944e-16    
2.69357e+05    3.51027e-16    
2.73934e+05    3.33980e-16    
2.78588e+05    3.17760e-16    
2.83321e+05    3.02327e-16    
2.88135e+05    2.87643e-16    
2.93031e+05    2.73672e-16    
2.98009e+05    2.60379e-16    
3.03073e+05    2.47731e-16    
3.08222e+05    2.35696e-16    
3.13459e+05    2.24246e-16    
3.18785e+05    2.13352e-16    
3.24201e+05    2.02987e-16    
3.29709e+05    1.93124e-16    
3.35311e+05    1.83741e-16    
3.41008e+05    1.74813e-16    
3.46802e+05    1.66318e-16    
3.52694e+05    1.58236e-16    
3.58686e+05    1.50547e-16    
3.64781e+05    1.43230e-16    
3.70978e+05    1.36269e-16    
3.77281e+05    1.29647e-16    
3.83692e+05    1.23345e-16    
3.90211e+05    1.17350e-16    
3.96840e+05    1.11646e-16    
4.03583e+05    1.06219e-16    
4.10440e+05    1.01056e-16    
4.17413e+05    9.61430e-17    
4.24505e+05    9.14690e-17    
4.31718e+05    8.70221e-17    
4.39053e+05    8.27913e-17    
4.46512e+05    7.87659e-17    
4.54099e+05    7.49362e-17    
4.61814e+05    7.12925e-17    
4.69661e+05    6.78259e-17    
4.77640e+05    6.45277e-17    
4.85755e+05    6.13898e-17    
4.94009e+05    5.84043e-17    
5.02402e+05    5.55640e-17    
5.10938e+05    5.28616e-17    
5.19619e+05    5.02907e-17    
5.28447e+05    4.78446e-17    
5.37426e+05    4.55175e-17    
5.46557e+05    4.33035e-17    
5.55843e+05    4.11971e-17    
5.65287e+05    3.91930e-17    
5.74891e+05    3.72864e-17    
5.84659e+05    3.54725e-17    
5.94593e+05    3.37468e-17    
6.04695e+05    3.21050e-17    
6.14969e+05    3.05430e-17    
6.25417e+05    2.90569e-17    
6.36043e+05    2.76431e-17    
6.46850e+05    2.62981e-17    
6.57840e+05    2.50184e-17    
6.69017e+05    2.38010e-17    
6.80384e+05    2.26428e-17    
6.91944e+05    2.15409e-17    
7.03700e+05    2.04926e-17    
7.15656e+05    1.94952e-17    
7.27816e+05    1.85464e-17    
7.40181e+05    1.76438e-17    
7.52757e+05    1.67850e-17    
7.65547e+05    1.59680e-17    
7.78554e+05    1.51908e-17    
7.91782e+05    1.44513e-17    
8.05234e+05    1.37479e-17    
8.18915e+05    1.30786e-17    
8.32829e+05    1.24419e-17    
8.46979e+05    1.18362e-17    
8.61370e+05    1.12600e-17    
8.76004e+05    1.07118e-17    
8.90888e+05    1.01903e-17    
9.06025e+05    9.69410e-18    
9.21418e+05    9.22210e-18    
9.37073e+05    8.77306e-18    
9.52995e+05    8.34587e-18    
9.69186e+05    7.93947e-18    
9.85653e+05    7.55285e-18    
1.00240e+06    7.18505e-18    
1.01943e+06    6.83514e-18    
1.03675e+06    6.50227e-18    
1.05437e+06    6.18560e-18    
1.07228e+06    5.88434e-18    
1.09050e+06    5.59775e-18    
1.10903e+06    5.32511e-18    
1.12787e+06    5.06574e-18    
1.14703e+06    4.81899e-18    
1.16652e+06    4.58426e-18    
1.18634e+06    4.36096e-18    
1.20650e+06    4.14852e-18    
1.22699e+06    3.94643e-18    
1.24784e+06    3.75418e-18    
1.26904e+06    3.57129e-18    
1.29060e+06    3.39730e-18    
1.31253e+06    3.23179e-18    
1.33483e+06    3.07434e-18    
1.35751e+06    2.92455e-18    
1.38058e+06    2.78206e-18    
1.40403e+06    2.64650e-18    
1.42789e+06    2.51755e-18    
1.45215e+06    2.39488e-18    
1.47682e+06    2.27818e-18    
1.50191e+06    2.16717e-18    
1.52743e+06    2.06156e-18    
1.55338e+06    1.96109e-18    
1.57977e+06    1.86552e-18    
1.60661e+06    1.77461e-18    
1.63391e+06    1.68812e-18    
1.66167e+06    1.60585e-18    
1.68990e+06    1.52758e-18    
1.71862e+06    1.45313e-18    
1.74782e+06    1.38230e-18    
1.77751e+06    1.31493e-18    
1.80771e+06    1.25083e-18    
1.83843e+06    1.18986e-18    
1.86966e+06    1.13186e-18    
1.90143e+06    1.07669e-18    
1.93373e+06    1.02420e-18    
1.96659e+06    9.74275e-19    
2.00000e+06    9.26780e-19    

