# USINE V4.0
# File generated 13-05-2022 09:46:19
# Model1DKisoVc
# C
# SolMod0DFF_phi0_770GV
# R [GV]       TOA [GV m^{2} s sr]^{-1}
1.00751e-01    1.44827e-03    
1.02460e-01    1.52233e-03    
1.04198e-01    1.60016e-03    
1.05965e-01    1.68195e-03    
1.07763e-01    1.76790e-03    
1.09591e-01    1.85823e-03    
1.11450e-01    1.95314e-03    
1.13340e-01    2.05288e-03    
1.15263e-01    2.15769e-03    
1.17218e-01    2.26782e-03    
1.19206e-01    2.38355e-03    
1.21228e-01    2.50514e-03    
1.23285e-01    2.63291e-03    
1.25376e-01    2.76715e-03    
1.27503e-01    2.90820e-03    
1.29666e-01    3.05640e-03    
1.31865e-01    3.21211e-03    
1.34102e-01    3.37570e-03    
1.36377e-01    3.54756e-03    
1.38690e-01    3.72813e-03    
1.41043e-01    3.91782e-03    
1.43435e-01    4.11711e-03    
1.45868e-01    4.32646e-03    
1.48343e-01    4.54638e-03    
1.50859e-01    4.77741e-03    
1.53418e-01    5.02009e-03    
1.56020e-01    5.27501e-03    
1.58667e-01    5.54278e-03    
1.61358e-01    5.82403e-03    
1.64095e-01    6.11945e-03    
1.66879e-01    6.42973e-03    
1.69710e-01    6.75562e-03    
1.72588e-01    7.09790e-03    
1.75516e-01    7.45736e-03    
1.78493e-01    7.83488e-03    
1.81521e-01    8.23133e-03    
1.84600e-01    8.64767e-03    
1.87731e-01    9.08488e-03    
1.90916e-01    9.54398e-03    
1.94154e-01    1.00261e-02    
1.97448e-01    1.05323e-02    
2.00797e-01    1.10637e-02    
2.04203e-01    1.16216e-02    
2.07667e-01    1.22071e-02    
2.11190e-01    1.28216e-02    
2.14772e-01    1.34663e-02    
2.18415e-01    1.41428e-02    
2.22120e-01    1.48526e-02    
2.25888e-01    1.55972e-02    
2.29720e-01    1.63783e-02    
2.33616e-01    1.71976e-02    
2.37579e-01    1.80569e-02    
2.41609e-01    1.89580e-02    
2.45707e-01    1.99029e-02    
2.49875e-01    2.08937e-02    
2.54114e-01    2.19324e-02    
2.58424e-01    2.30212e-02    
2.62808e-01    2.41624e-02    
2.67266e-01    2.53585e-02    
2.71800e-01    2.66119e-02    
2.76410e-01    2.79252e-02    
2.81099e-01    2.93011e-02    
2.85867e-01    3.07423e-02    
2.90716e-01    3.22518e-02    
2.95647e-01    3.38326e-02    
3.00662e-01    3.54879e-02    
3.05763e-01    3.72207e-02    
3.10949e-01    3.90346e-02    
3.16224e-01    4.09331e-02    
3.21588e-01    4.29196e-02    
3.27043e-01    4.49980e-02    
3.32590e-01    4.71722e-02    
3.38232e-01    4.94461e-02    
3.43970e-01    5.18238e-02    
3.49804e-01    5.43097e-02    
3.55738e-01    5.69081e-02    
3.61772e-01    5.96236e-02    
3.67909e-01    6.24609e-02    
3.74150e-01    6.54247e-02    
3.80496e-01    6.85200e-02    
3.86951e-01    7.17519e-02    
3.93514e-01    7.51257e-02    
4.00190e-01    7.86466e-02    
4.06978e-01    8.23202e-02    
4.13881e-01    8.61521e-02    
4.20902e-01    9.01479e-02    
4.28042e-01    9.43137e-02    
4.35303e-01    9.86553e-02    
4.42686e-01    1.03179e-01    
4.50196e-01    1.07890e-01    
4.57832e-01    1.12796e-01    
4.65598e-01    1.17903e-01    
4.73496e-01    1.23217e-01    
4.81528e-01    1.28745e-01    
4.89696e-01    1.34492e-01    
4.98003e-01    1.40467e-01    
5.06450e-01    1.46675e-01    
5.15041e-01    1.53122e-01    
5.23778e-01    1.59817e-01    
5.32663e-01    1.66764e-01    
5.41698e-01    1.73972e-01    
5.50887e-01    1.81445e-01    
5.60231e-01    1.89190e-01    
5.69735e-01    1.97214e-01    
5.79399e-01    2.05523e-01    
5.89227e-01    2.14122e-01    
5.99222e-01    2.23018e-01    
6.09387e-01    2.32214e-01    
6.19724e-01    2.41718e-01    
6.30236e-01    2.51532e-01    
6.40926e-01    2.61663e-01    
6.51798e-01    2.72113e-01    
6.62855e-01    2.82887e-01    
6.74099e-01    2.93987e-01    
6.85533e-01    3.05417e-01    
6.97162e-01    3.17177e-01    
7.08988e-01    3.29271e-01    
7.21014e-01    3.41698e-01    
7.33245e-01    3.54458e-01    
7.45683e-01    3.67551e-01    
7.58331e-01    3.80976e-01    
7.71195e-01    3.94730e-01    
7.84277e-01    4.08810e-01    
7.97580e-01    4.23212e-01    
8.11109e-01    4.37931e-01    
8.24868e-01    4.52961e-01    
8.38860e-01    4.68295e-01    
8.53090e-01    4.83924e-01    
8.67560e-01    4.99840e-01    
8.82277e-01    5.16031e-01    
8.97243e-01    5.32487e-01    
9.12462e-01    5.49195e-01    
9.27940e-01    5.66140e-01    
9.43681e-01    5.83308e-01    
9.59688e-01    6.00681e-01    
9.75967e-01    6.18243e-01    
9.92523e-01    6.35975e-01    
1.00936e+00    6.53855e-01    
1.02648e+00    6.71864e-01    
1.04389e+00    6.89978e-01    
1.06160e+00    7.08174e-01    
1.07961e+00    7.26427e-01    
1.09792e+00    7.44712e-01    
1.11654e+00    7.63001e-01    
1.13548e+00    7.81266e-01    
1.15475e+00    7.99479e-01    
1.17433e+00    8.17610e-01    
1.19425e+00    8.35629e-01    
1.21451e+00    8.53505e-01    
1.23511e+00    8.71207e-01    
1.25606e+00    8.88703e-01    
1.27737e+00    9.05960e-01    
1.29904e+00    9.22947e-01    
1.32107e+00    9.39630e-01    
1.34348e+00    9.55978e-01    
1.36627e+00    9.71959e-01    
1.38945e+00    9.87541e-01    
1.41302e+00    1.00269e+00    
1.43699e+00    1.01738e+00    
1.46136e+00    1.03159e+00    
1.48615e+00    1.04527e+00    
1.51136e+00    1.05841e+00    
1.53700e+00    1.07098e+00    
1.56307e+00    1.08295e+00    
1.58958e+00    1.09431e+00    
1.61655e+00    1.10503e+00    
1.64397e+00    1.11509e+00    
1.67185e+00    1.12448e+00    
1.70021e+00    1.13317e+00    
1.72905e+00    1.14116e+00    
1.75838e+00    1.14844e+00    
1.78821e+00    1.15499e+00    
1.81854e+00    1.16081e+00    
1.84939e+00    1.16588e+00    
1.88076e+00    1.17021e+00    
1.91266e+00    1.17379e+00    
1.94511e+00    1.17662e+00    
1.97810e+00    1.17870e+00    
2.01166e+00    1.18002e+00    
2.04578e+00    1.18060e+00    
2.08048e+00    1.18044e+00    
2.11577e+00    1.17955e+00    
2.15166e+00    1.17793e+00    
2.18816e+00    1.17560e+00    
2.22528e+00    1.17256e+00    
2.26303e+00    1.16883e+00    
2.30141e+00    1.16444e+00    
2.34045e+00    1.15939e+00    
2.38015e+00    1.15371e+00    
2.42053e+00    1.14742e+00    
2.46159e+00    1.14054e+00    
2.50334e+00    1.13309e+00    
2.54581e+00    1.12509e+00    
2.58899e+00    1.11657e+00    
2.63291e+00    1.10755e+00    
2.67757e+00    1.09805e+00    
2.72299e+00    1.08810e+00    
2.76918e+00    1.07772e+00    
2.81615e+00    1.06691e+00    
2.86392e+00    1.05571e+00    
2.91250e+00    1.04412e+00    
2.96190e+00    1.03217e+00    
3.01215e+00    1.01984e+00    
3.06324e+00    1.00717e+00    
3.11520e+00    9.94136e-01    
3.16805e+00    9.80752e-01    
3.22178e+00    9.67009e-01    
3.27644e+00    9.52899e-01    
3.33201e+00    9.38412e-01    
3.38853e+00    9.23534e-01    
3.44601e+00    9.08253e-01    
3.50447e+00    8.92562e-01    
3.56391e+00    8.76459e-01    
3.62437e+00    8.59954e-01    
3.68585e+00    8.43070e-01    
3.74837e+00    8.25844e-01    
3.81195e+00    8.08328e-01    
3.87661e+00    7.90585e-01    
3.94237e+00    7.72682e-01    
4.00925e+00    7.54688e-01    
4.07725e+00    7.36670e-01    
4.14642e+00    7.18684e-01    
4.21675e+00    7.00782e-01    
4.28828e+00    6.83007e-01    
4.36102e+00    6.65393e-01    
4.43500e+00    6.47970e-01    
4.51023e+00    6.30760e-01    
4.58673e+00    6.13783e-01    
4.66454e+00    5.97052e-01    
4.74366e+00    5.80579e-01    
4.82413e+00    5.64373e-01    
4.90596e+00    5.48441e-01    
4.98918e+00    5.32790e-01    
5.07381e+00    5.17422e-01    
5.15987e+00    5.02342e-01    
5.24740e+00    4.87551e-01    
5.33641e+00    4.73051e-01    
5.42693e+00    4.58843e-01    
5.51899e+00    4.44928e-01    
5.61260e+00    4.31306e-01    
5.70781e+00    4.17977e-01    
5.80463e+00    4.04941e-01    
5.90309e+00    3.92197e-01    
6.00323e+00    3.79744e-01    
6.10506e+00    3.67582e-01    
6.20862e+00    3.55709e-01    
6.31393e+00    3.44125e-01    
6.42104e+00    3.32827e-01    
6.52995e+00    3.21815e-01    
6.64072e+00    3.11085e-01    
6.75337e+00    3.00636e-01    
6.86792e+00    2.90465e-01    
6.98442e+00    2.80569e-01    
7.10290e+00    2.70946e-01    
7.22338e+00    2.61592e-01    
7.34591e+00    2.52503e-01    
7.47052e+00    2.43677e-01    
7.59724e+00    2.35108e-01    
7.72611e+00    2.26794e-01    
7.85717e+00    2.18730e-01    
7.99045e+00    2.10912e-01    
8.12599e+00    2.03334e-01    
8.26383e+00    1.95993e-01    
8.40401e+00    1.88884e-01    
8.54656e+00    1.82002e-01    
8.69154e+00    1.75343e-01    
8.83897e+00    1.68900e-01    
8.98891e+00    1.62670e-01    
9.14138e+00    1.56647e-01    
9.29645e+00    1.50825e-01    
9.45414e+00    1.45200e-01    
9.61451e+00    1.39767e-01    
9.77760e+00    1.34519e-01    
9.94346e+00    1.29452e-01    
1.01121e+01    1.24561e-01    
1.02837e+01    1.19840e-01    
1.04581e+01    1.15284e-01    
1.06355e+01    1.10888e-01    
1.08159e+01    1.06647e-01    
1.09994e+01    1.02557e-01    
1.11860e+01    9.86128e-02    
1.13757e+01    9.48093e-02    
1.15687e+01    9.11425e-02    
1.17649e+01    8.76080e-02    
1.19645e+01    8.42016e-02    
1.21674e+01    8.09190e-02    
1.23738e+01    7.77563e-02    
1.25837e+01    7.47096e-02    
1.27972e+01    7.17750e-02    
1.30142e+01    6.89488e-02    
1.32350e+01    6.62275e-02    
1.34595e+01    6.36073e-02    
1.36878e+01    6.10850e-02    
1.39200e+01    5.86571e-02    
1.41561e+01    5.63203e-02    
1.43962e+01    5.40716e-02    
1.46404e+01    5.19078e-02    
1.48888e+01    4.98261e-02    
1.51413e+01    4.78236e-02    
1.53982e+01    4.58975e-02    
1.56594e+01    4.40450e-02    
1.59250e+01    4.22637e-02    
1.61951e+01    4.05510e-02    
1.64699e+01    3.89044e-02    
1.67492e+01    3.73216e-02    
1.70334e+01    3.58003e-02    
1.73223e+01    3.43382e-02    
1.76161e+01    3.29332e-02    
1.79149e+01    3.15833e-02    
1.82188e+01    3.02864e-02    
1.85279e+01    2.90405e-02    
1.88422e+01    2.78438e-02    
1.91618e+01    2.66944e-02    
1.94868e+01    2.55906e-02    
1.98174e+01    2.45308e-02    
2.01535e+01    2.35131e-02    
2.04954e+01    2.25361e-02    
2.08430e+01    2.15983e-02    
2.11966e+01    2.06981e-02    
2.15562e+01    1.98340e-02    
2.19218e+01    1.90048e-02    
2.22937e+01    1.82091e-02    
2.26718e+01    1.74456e-02    
2.30564e+01    1.67131e-02    
2.34475e+01    1.60103e-02    
2.38452e+01    1.53361e-02    
2.42497e+01    1.46895e-02    
2.46611e+01    1.40692e-02    
2.50794e+01    1.34744e-02    
2.55048e+01    1.29039e-02    
2.59375e+01    1.23569e-02    
2.63774e+01    1.18324e-02    
2.68249e+01    1.13296e-02    
2.72799e+01    1.08475e-02    
2.77426e+01    1.03854e-02    
2.82132e+01    9.94239e-03    
2.86918e+01    9.51781e-03    
2.91785e+01    9.11088e-03    
2.96734e+01    8.72090e-03    
3.01768e+01    8.34719e-03    
3.06887e+01    7.98909e-03    
3.12092e+01    7.64598e-03    
3.17386e+01    7.31724e-03    
3.22770e+01    7.00231e-03    
3.28245e+01    6.70061e-03    
3.33813e+01    6.41160e-03    
3.39476e+01    6.13478e-03    
3.45234e+01    5.86964e-03    
3.51090e+01    5.61571e-03    
3.57046e+01    5.37253e-03    
3.63102e+01    5.13965e-03    
3.69262e+01    4.91665e-03    
3.75525e+01    4.70312e-03    
3.81895e+01    4.49868e-03    
3.88373e+01    4.30295e-03    
3.94961e+01    4.11556e-03    
4.01661e+01    3.93618e-03    
4.08474e+01    3.76446e-03    
4.15403e+01    3.60009e-03    
4.22450e+01    3.44276e-03    
4.29615e+01    3.29218e-03    
4.36903e+01    3.14807e-03    
4.44314e+01    3.01015e-03    
4.51851e+01    2.87817e-03    
4.59516e+01    2.75188e-03    
4.67310e+01    2.63103e-03    
4.75237e+01    2.51540e-03    
4.83299e+01    2.40476e-03    
4.91497e+01    2.29892e-03    
4.99834e+01    2.19765e-03    
5.08312e+01    2.10078e-03    
5.16935e+01    2.00811e-03    
5.25704e+01    1.91946e-03    
5.34621e+01    1.83467e-03    
5.43690e+01    1.75357e-03    
5.52912e+01    1.67599e-03    
5.62291e+01    1.60181e-03    
5.71829e+01    1.53085e-03    
5.81529e+01    1.46300e-03    
5.91393e+01    1.39811e-03    
6.01425e+01    1.33606e-03    
6.11627e+01    1.27673e-03    
6.22002e+01    1.21999e-03    
6.32553e+01    1.16575e-03    
6.43283e+01    1.11388e-03    
6.54195e+01    1.06429e-03    
6.65292e+01    1.01689e-03    
6.76577e+01    9.71567e-04    
6.88054e+01    9.28241e-04    
6.99725e+01    8.86824e-04    
7.11594e+01    8.47233e-04    
7.23665e+01    8.09389e-04    
7.35940e+01    7.73217e-04    
7.48424e+01    7.38643e-04    
7.61119e+01    7.05597e-04    
7.74030e+01    6.74015e-04    
7.87160e+01    6.43831e-04    
8.00512e+01    6.14984e-04    
8.14091e+01    5.87417e-04    
8.27901e+01    5.61073e-04    
8.41944e+01    5.35899e-04    
8.56226e+01    5.11844e-04    
8.70750e+01    4.88858e-04    
8.85521e+01    4.66895e-04    
9.00541e+01    4.45910e-04    
9.15817e+01    4.25860e-04    
9.31352e+01    4.06703e-04    
9.47150e+01    3.88401e-04    
9.63217e+01    3.70916e-04    
9.79556e+01    3.54212e-04    
9.96172e+01    3.38255e-04    
1.01307e+02    3.23011e-04    
1.03025e+02    3.08449e-04    
1.04773e+02    2.94539e-04    
1.06550e+02    2.81252e-04    
1.08358e+02    2.68560e-04    
1.10196e+02    2.56438e-04    
1.12065e+02    2.44860e-04    
1.13966e+02    2.33802e-04    
1.15899e+02    2.23241e-04    
1.17865e+02    2.13154e-04    
1.19864e+02    2.03521e-04    
1.21898e+02    1.94322e-04    
1.23965e+02    1.85537e-04    
1.26068e+02    1.77148e-04    
1.28207e+02    1.69137e-04    
1.30381e+02    1.61488e-04    
1.32593e+02    1.54184e-04    
1.34842e+02    1.47210e-04    
1.37129e+02    1.40551e-04    
1.39456e+02    1.34193e-04    
1.41821e+02    1.28123e-04    
1.44227e+02    1.22327e-04    
1.46673e+02    1.16794e-04    
1.49161e+02    1.11512e-04    
1.51692e+02    1.06470e-04    
1.54265e+02    1.01656e-04    
1.56881e+02    9.70605e-05    
1.59543e+02    9.26740e-05    
1.62249e+02    8.84869e-05    
1.65001e+02    8.44901e-05    
1.67800e+02    8.06752e-05    
1.70646e+02    7.70339e-05    
1.73541e+02    7.35585e-05    
1.76485e+02    7.02414e-05    
1.79478e+02    6.70754e-05    
1.82523e+02    6.40538e-05    
1.85619e+02    6.11700e-05    
1.88768e+02    5.84178e-05    
1.91970e+02    5.57912e-05    
1.95226e+02    5.32844e-05    
1.98538e+02    5.08921e-05    
2.01905e+02    4.86089e-05    
2.05330e+02    4.64300e-05    
2.08813e+02    4.43505e-05    
2.12355e+02    4.23659e-05    
2.15957e+02    4.04719e-05    
2.19621e+02    3.86642e-05    
2.23346e+02    3.69389e-05    
2.27135e+02    3.52923e-05    
2.30988e+02    3.37206e-05    
2.34906e+02    3.22205e-05    
2.38890e+02    3.07885e-05    
2.42943e+02    2.94217e-05    
2.47064e+02    2.81168e-05    
2.51255e+02    2.68711e-05    
2.55517e+02    2.56818e-05    
2.59851e+02    2.45464e-05    
2.64259e+02    2.34622e-05    
2.68741e+02    2.24269e-05    
2.73300e+02    2.14383e-05    
2.77936e+02    2.04941e-05    
2.82650e+02    1.95924e-05    
2.87445e+02    1.87311e-05    
2.92321e+02    1.79085e-05    
2.97279e+02    1.71226e-05    
3.02322e+02    1.63718e-05    
3.07450e+02    1.56545e-05    
3.12666e+02    1.49691e-05    
3.17969e+02    1.43142e-05    
3.23363e+02    1.36884e-05    
3.28848e+02    1.30903e-05    
3.34426e+02    1.25187e-05    
3.40099e+02    1.19724e-05    
3.45868e+02    1.14502e-05    
3.51735e+02    1.09510e-05    
3.57702e+02    1.04738e-05    
3.63769e+02    1.00177e-05    
3.69940e+02    9.58153e-06    
3.76215e+02    9.16455e-06    
3.82597e+02    8.76586e-06    
3.89087e+02    8.38465e-06    
3.95687e+02    8.02012e-06    
4.02399e+02    7.67154e-06    
4.09224e+02    7.33820e-06    
4.16166e+02    7.01942e-06    
4.23225e+02    6.71456e-06    
4.30404e+02    6.42299e-06    
4.37705e+02    6.14414e-06    
4.45130e+02    5.87743e-06    
4.52681e+02    5.62234e-06    
4.60360e+02    5.37835e-06    
4.68169e+02    5.14498e-06    
4.76110e+02    4.92176e-06    
4.84186e+02    4.70824e-06    
4.92399e+02    4.50400e-06    
5.00752e+02    4.30864e-06    
5.09246e+02    4.12176e-06    
5.17884e+02    3.94299e-06    
5.26669e+02    3.77198e-06    
5.35603e+02    3.60840e-06    
5.44688e+02    3.45191e-06    
5.53928e+02    3.30222e-06    
5.63324e+02    3.15901e-06    
5.72879e+02    3.02202e-06    
5.82597e+02    2.89097e-06    
5.92480e+02    2.76560e-06    
6.02530e+02    2.64566e-06    
6.12750e+02    2.53093e-06    
6.23144e+02    2.42117e-06    
6.33715e+02    2.31617e-06    
6.44464e+02    2.21571e-06    
6.55396e+02    2.11962e-06    
6.66514e+02    2.02768e-06    
6.77820e+02    1.93974e-06    
6.89317e+02    1.85560e-06    
7.01010e+02    1.77511e-06    
7.12901e+02    1.69811e-06    
7.24994e+02    1.62444e-06    
7.37292e+02    1.55397e-06    
7.49799e+02    1.48655e-06    
7.62517e+02    1.42206e-06    
7.75452e+02    1.36036e-06    
7.88606e+02    1.30133e-06    
8.01983e+02    1.24486e-06    
8.15587e+02    1.19084e-06    
8.29421e+02    1.13917e-06    
8.43491e+02    1.08973e-06    
8.57799e+02    1.04243e-06    
8.72349e+02    9.97187e-07    
8.87147e+02    9.53904e-07    
9.02195e+02    9.12498e-07    
9.17499e+02    8.72887e-07    
9.33063e+02    8.34993e-07    
9.48890e+02    7.98743e-07    
9.64986e+02    7.64064e-07    
9.81355e+02    7.30890e-07    
9.98001e+02    6.99154e-07    
1.01493e+03    6.68794e-07    
1.03215e+03    6.39752e-07    
1.04965e+03    6.11969e-07    
1.06746e+03    5.85391e-07    
1.08557e+03    5.59966e-07    
1.10398e+03    5.35645e-07    
1.12271e+03    5.12378e-07    
1.14175e+03    4.90121e-07    
1.16112e+03    4.68830e-07    
1.18082e+03    4.48463e-07    
1.20085e+03    4.28979e-07    
1.22122e+03    4.10341e-07    
1.24193e+03    3.92512e-07    
1.26300e+03    3.75457e-07    
1.28442e+03    3.59142e-07    
1.30621e+03    3.43535e-07    
1.32837e+03    3.28606e-07    
1.35090e+03    3.14324e-07    
1.37381e+03    3.00663e-07    
1.39712e+03    2.87595e-07    
1.42082e+03    2.75094e-07    
1.44492e+03    2.63137e-07    
1.46943e+03    2.51698e-07    
1.49435e+03    2.40756e-07    
1.51970e+03    2.30289e-07    
1.54548e+03    2.20277e-07    
1.57170e+03    2.10700e-07    
1.59836e+03    2.01539e-07    
1.62547e+03    1.92775e-07    
1.65304e+03    1.84393e-07    
1.68108e+03    1.76374e-07    
1.70960e+03    1.68704e-07    
1.73860e+03    1.61367e-07    
1.76809e+03    1.54349e-07    
1.79808e+03    1.47636e-07    
1.82858e+03    1.41215e-07    
1.85960e+03    1.35072e-07    
1.89114e+03    1.29197e-07    
1.92322e+03    1.23577e-07    
1.95585e+03    1.18201e-07    
1.98902e+03    1.13058e-07    
2.02276e+03    1.08140e-07    
2.05707e+03    1.03435e-07    
2.09197e+03    9.89345e-08    
2.12745e+03    9.46297e-08    
2.16354e+03    9.05121e-08    
2.20024e+03    8.65735e-08    
2.23756e+03    8.28062e-08    
2.27552e+03    7.92026e-08    
2.31412e+03    7.57558e-08    
2.35337e+03    7.24588e-08    
2.39329e+03    6.93052e-08    
2.43389e+03    6.62888e-08    
2.47517e+03    6.34035e-08    
2.51716e+03    6.06437e-08    
2.55986e+03    5.80039e-08    
2.60328e+03    5.54790e-08    
2.64744e+03    5.30639e-08    
2.69235e+03    5.07538e-08    
2.73802e+03    4.85442e-08    
2.78446e+03    4.64308e-08    
2.83170e+03    4.44092e-08    
2.87973e+03    4.24757e-08    
2.92858e+03    4.06262e-08    
2.97825e+03    3.88573e-08    
3.02877e+03    3.71653e-08    
3.08015e+03    3.55469e-08    
3.13240e+03    3.39989e-08    
3.18553e+03    3.25183e-08    
3.23957e+03    3.11021e-08    
3.29452e+03    2.97476e-08    
3.35041e+03    2.84520e-08    
3.40724e+03    2.72128e-08    
3.46503e+03    2.60276e-08    
3.52381e+03    2.48939e-08    
3.58359e+03    2.38095e-08    
3.64437e+03    2.27724e-08    
3.70619e+03    2.17804e-08    
3.76906e+03    2.08316e-08    
3.83299e+03    1.99241e-08    
3.89801e+03    1.90561e-08    
3.96413e+03    1.82259e-08    
4.03138e+03    1.74319e-08    
4.09976e+03    1.66724e-08    
4.16930e+03    1.59460e-08    
4.24003e+03    1.52512e-08    
4.31195e+03    1.45867e-08    
4.38509e+03    1.39511e-08    
4.45948e+03    1.33432e-08    
4.53512e+03    1.27617e-08    
4.61205e+03    1.22056e-08    
4.69028e+03    1.16737e-08    
4.76984e+03    1.11650e-08    
4.85075e+03    1.06784e-08    
4.93304e+03    1.02130e-08    
5.01672e+03    9.76790e-09    
5.10181e+03    9.34218e-09    
5.18835e+03    8.93500e-09    
5.27636e+03    8.54555e-09    
5.36587e+03    8.17307e-09    
5.45689e+03    7.81682e-09    
5.54945e+03    7.47609e-09    
5.64359e+03    7.15020e-09    
5.73932e+03    6.83851e-09    
5.83667e+03    6.54040e-09    
5.93568e+03    6.25527e-09    
6.03636e+03    5.98258e-09    
6.13876e+03    5.72176e-09    
6.24289e+03    5.47231e-09    
6.34879e+03    5.23372e-09    
6.45648e+03    5.00554e-09    
6.56600e+03    4.78729e-09    
6.67738e+03    4.57856e-09    
6.79065e+03    4.37893e-09    
6.90583e+03    4.18799e-09    
7.02298e+03    4.00538e-09    
7.14211e+03    3.83072e-09    
7.26326e+03    3.66368e-09    
7.38646e+03    3.50392e-09    
7.51176e+03    3.35112e-09    
7.63918e+03    3.20498e-09    
7.76876e+03    3.06521e-09    
7.90054e+03    2.93153e-09    
8.03456e+03    2.80368e-09    
8.17085e+03    2.68141e-09    
8.30945e+03    2.56446e-09    
8.45040e+03    2.45261e-09    
8.59374e+03    2.34564e-09    
8.73952e+03    2.24333e-09    
8.88776e+03    2.14548e-09    
9.03852e+03    2.05190e-09    
9.19184e+03    1.96240e-09    
9.34776e+03    1.87680e-09    
9.50633e+03    1.79493e-09    
9.66758e+03    1.71663e-09    
9.83157e+03    1.64175e-09    
9.99834e+03    1.57013e-09    
1.01679e+04    1.50164e-09    
1.03404e+04    1.43613e-09    
1.05158e+04    1.37348e-09    
1.06942e+04    1.31356e-09    
1.08756e+04    1.25625e-09    
1.10601e+04    1.20144e-09    
1.12477e+04    1.14902e-09    
1.14385e+04    1.09889e-09    
1.16325e+04    1.05095e-09    
1.18298e+04    1.00509e-09    
1.20305e+04    9.61238e-10    
1.22346e+04    9.19296e-10    
1.24421e+04    8.79184e-10    
1.26532e+04    8.40821e-10    
1.28678e+04    8.04132e-10    
1.30861e+04    7.69043e-10    
1.33081e+04    7.35485e-10    
1.35338e+04    7.03390e-10    
1.37634e+04    6.72695e-10    
1.39968e+04    6.43340e-10    
1.42343e+04    6.15265e-10    
1.44757e+04    5.88415e-10    
1.47213e+04    5.62736e-10    
1.49710e+04    5.38177e-10    
1.52249e+04    5.14690e-10    
1.54832e+04    4.92227e-10    
1.57458e+04    4.70744e-10    
1.60129e+04    4.50199e-10    
1.62845e+04    4.30550e-10    
1.65608e+04    4.11758e-10    
1.68417e+04    3.93787e-10    
1.71274e+04    3.76599e-10    
1.74179e+04    3.60161e-10    
1.77134e+04    3.44441e-10    
1.80138e+04    3.29406e-10    
1.83194e+04    3.15028e-10    
1.86301e+04    3.01277e-10    
1.89462e+04    2.88126e-10    
1.92675e+04    2.75549e-10    
1.95944e+04    2.63520e-10    
1.99268e+04    2.52017e-10    
2.02648e+04    2.41016e-10    
2.06085e+04    2.30494e-10    
2.09581e+04    2.20432e-10    
2.13136e+04    2.10809e-10    
2.16751e+04    2.01606e-10    
2.20428e+04    1.92805e-10    
2.24167e+04    1.84387e-10    
2.27970e+04    1.76338e-10    
2.31837e+04    1.68639e-10    
2.35769e+04    1.61276e-10    
2.39769e+04    1.54235e-10    
2.43836e+04    1.47501e-10    
2.47972e+04    1.41061e-10    
2.52178e+04    1.34902e-10    
2.56456e+04    1.29012e-10    
2.60806e+04    1.23379e-10    
2.65230e+04    1.17992e-10    
2.69729e+04    1.12840e-10    
2.74305e+04    1.07913e-10    
2.78958e+04    1.03201e-10    
2.83690e+04    9.86951e-11    
2.88502e+04    9.43855e-11    
2.93396e+04    9.02641e-11    
2.98372e+04    8.63226e-11    
3.03434e+04    8.25532e-11    
3.08581e+04    7.89483e-11    
3.13815e+04    7.55007e-11    
3.19138e+04    7.22037e-11    
3.24552e+04    6.90507e-11    
3.30057e+04    6.60353e-11    
3.35656e+04    6.31515e-11    
3.41350e+04    6.03936e-11    
3.47140e+04    5.77562e-11    
3.53028e+04    5.52339e-11    
3.59017e+04    5.28217e-11    
3.65107e+04    5.05148e-11    
3.71300e+04    4.83087e-11    
3.77598e+04    4.61989e-11    
3.84003e+04    4.41812e-11    
3.90517e+04    4.22516e-11    
3.97141e+04    4.04063e-11    
4.03878e+04    3.86415e-11    
4.10729e+04    3.69538e-11    
4.17696e+04    3.53398e-11    
4.24781e+04    3.37963e-11    
4.31987e+04    3.23202e-11    
4.39315e+04    3.09085e-11    
4.46767e+04    2.95585e-11    
4.54345e+04    2.82674e-11    
4.62052e+04    2.70327e-11    
4.69890e+04    2.58519e-11    
4.77860e+04    2.47227e-11    
4.85966e+04    2.36428e-11    
4.94210e+04    2.26101e-11    
5.02593e+04    2.16224e-11    
5.11118e+04    2.06779e-11    
5.19788e+04    1.97747e-11    
5.28605e+04    1.89109e-11    
5.37572e+04    1.80848e-11    
5.46691e+04    1.72948e-11    
5.55964e+04    1.65393e-11    
5.65395e+04    1.58168e-11    
5.74986e+04    1.51258e-11    
5.84739e+04    1.44651e-11    
5.94658e+04    1.38332e-11    
6.04745e+04    1.32288e-11    
6.15003e+04    1.26509e-11    
6.25435e+04    1.20983e-11    
6.36045e+04    1.15697e-11    
6.46834e+04    1.10643e-11    
6.57806e+04    1.05809e-11    
6.68964e+04    1.01186e-11    
6.80312e+04    9.67656e-12    
6.91852e+04    9.25381e-12    
7.03587e+04    8.84951e-12    
7.15522e+04    8.46288e-12    
7.27660e+04    8.09314e-12    
7.40003e+04    7.73954e-12    
7.52555e+04    7.40140e-12    
7.65321e+04    7.07802e-12    
7.78303e+04    6.76877e-12    
7.91505e+04    6.47303e-12    
8.04931e+04    6.19021e-12    
8.18585e+04    5.91974e-12    
8.32471e+04    5.66109e-12    
8.46592e+04    5.41374e-12    
8.60952e+04    5.17719e-12    
8.75557e+04    4.95098e-12    
8.90409e+04    4.73465e-12    
9.05512e+04    4.52777e-12    
9.20872e+04    4.32993e-12    
9.36493e+04    4.14073e-12    
9.52379e+04    3.95980e-12    
9.68534e+04    3.78677e-12    
9.84963e+04    3.62130e-12    
1.00167e+05    3.46307e-12    
1.01866e+05    3.31174e-12    
1.03594e+05    3.16702e-12    
1.05351e+05    3.02863e-12    
1.07138e+05    2.89629e-12    
1.08956e+05    2.76972e-12    
1.10804e+05    2.64869e-12    
1.12684e+05    2.53295e-12    
1.14595e+05    2.42226e-12    
1.16539e+05    2.31641e-12    
1.18516e+05    2.21518e-12    
1.20526e+05    2.11837e-12    
1.22571e+05    2.02580e-12    
1.24650e+05    1.93727e-12    
1.26764e+05    1.85261e-12    
1.28914e+05    1.77165e-12    
1.31101e+05    1.69422e-12    
1.33325e+05    1.62018e-12    
1.35587e+05    1.54938e-12    
1.37886e+05    1.48166e-12    
1.40225e+05    1.41691e-12    
1.42604e+05    1.35499e-12    
1.45023e+05    1.29577e-12    
1.47483e+05    1.23914e-12    
1.49985e+05    1.18498e-12    
1.52529e+05    1.13319e-12    
1.55116e+05    1.08367e-12    
1.57747e+05    1.03631e-12    
1.60423e+05    9.91014e-13    
1.63145e+05    9.47701e-13    
1.65912e+05    9.06280e-13    
1.68726e+05    8.66670e-13    
1.71588e+05    8.28791e-13    
1.74499e+05    7.92567e-13    
1.77459e+05    7.57927e-13    
1.80469e+05    7.24800e-13    
1.83530e+05    6.93120e-13    
1.86644e+05    6.62825e-13    
1.89810e+05    6.33855e-13    
1.93029e+05    6.06150e-13    
1.96304e+05    5.79656e-13    
1.99634e+05    5.54320e-13    
2.03020e+05    5.30091e-13    
2.06464e+05    5.06921e-13    
2.09966e+05    4.84763e-13    
2.13528e+05    4.63574e-13    
2.17150e+05    4.43311e-13    
2.20833e+05    4.23934e-13    
2.24579e+05    4.05404e-13    
2.28388e+05    3.87683e-13    
2.32263e+05    3.70737e-13    
2.36202e+05    3.54531e-13    
2.40209e+05    3.39034e-13    
2.44284e+05    3.24214e-13    
2.48427e+05    3.10042e-13    
2.52642e+05    2.96489e-13    
2.56927e+05    2.83529e-13    
2.61285e+05    2.71135e-13    
2.65717e+05    2.59283e-13    
2.70225e+05    2.47949e-13    
2.74808e+05    2.37110e-13    
2.79470e+05    2.26745e-13    
2.84211e+05    2.16833e-13    
2.89032e+05    2.07354e-13    
2.93934e+05    1.98290e-13    
2.98920e+05    1.89622e-13    
3.03991e+05    1.81332e-13    
3.09148e+05    1.73405e-13    
3.14392e+05    1.65825e-13    
3.19725e+05    1.58576e-13    
3.25148e+05    1.51643e-13    
3.30663e+05    1.45014e-13    
3.36272e+05    1.38675e-13    
3.41977e+05    1.32612e-13    
3.47777e+05    1.26815e-13    
3.53677e+05    1.21271e-13    
3.59676e+05    1.15969e-13    
3.65777e+05    1.10899e-13    
3.71982e+05    1.06051e-13    
3.78292e+05    1.01415e-13    
3.84709e+05    9.69811e-14    
3.91234e+05    9.27412e-14    
3.97871e+05    8.86867e-14    
4.04620e+05    8.48094e-14    
4.11483e+05    8.11016e-14    
4.18463e+05    7.75559e-14    
4.25562e+05    7.41652e-14    
4.32780e+05    7.09228e-14    
4.40121e+05    6.78220e-14    
4.47587e+05    6.48568e-14    
4.55180e+05    6.20213e-14    
4.62901e+05    5.93097e-14    
4.70753e+05    5.67166e-14    
4.78738e+05    5.42369e-14    
4.86859e+05    5.18656e-14    
4.95117e+05    4.95980e-14    
5.03516e+05    4.74295e-14    
5.12057e+05    4.53558e-14    
5.20743e+05    4.33728e-14    
5.29576e+05    4.14764e-14    
5.38559e+05    3.96630e-14    
5.47695e+05    3.79288e-14    
5.56985e+05    3.62705e-14    
5.66433e+05    3.46847e-14    
5.76042e+05    3.31681e-14    
5.85813e+05    3.17179e-14    
5.95750e+05    3.03311e-14    
6.05856e+05    2.90049e-14    
6.16133e+05    2.77367e-14    
6.26584e+05    2.65240e-14    
6.37213e+05    2.53642e-14    
6.48022e+05    2.42552e-14    
6.59014e+05    2.31947e-14    
6.70193e+05    2.21805e-14    
6.81561e+05    2.12107e-14    
6.93122e+05    2.02832e-14    
7.04880e+05    1.93963e-14    
7.16836e+05    1.85482e-14    
7.28996e+05    1.77372e-14    
7.41362e+05    1.69616e-14    
7.53938e+05    1.62200e-14    
7.66726e+05    1.55107e-14    
7.79732e+05    1.48325e-14    
7.92959e+05    1.41840e-14    
8.06410e+05    1.35637e-14    
8.20089e+05    1.29706e-14    
8.34000e+05    1.24035e-14    
8.48147e+05    1.18611e-14    
8.62534e+05    1.13425e-14    
8.77165e+05    1.08465e-14    
8.92044e+05    1.03722e-14    
9.07176e+05    9.91865e-15    
9.22564e+05    9.48493e-15    
9.38213e+05    9.07017e-15    
9.54128e+05    8.67355e-15    
9.70313e+05    8.29428e-15    
9.86772e+05    7.93158e-15    
1.00351e+06    7.58474e-15    
1.02053e+06    7.25307e-15    
1.03784e+06    6.93591e-15    
1.05545e+06    6.63261e-15    
1.07335e+06    6.34257e-15    
1.09156e+06    6.06521e-15    
1.11008e+06    5.79999e-15    
1.12891e+06    5.54636e-15    
1.14805e+06    5.30382e-15    
1.16753e+06    5.07188e-15    
1.18733e+06    4.85009e-15    
1.20747e+06    4.63799e-15    
1.22796e+06    4.43517e-15    
1.24879e+06    4.24122e-15    
1.26997e+06    4.05575e-15    
1.29151e+06    3.87839e-15    
1.31342e+06    3.70878e-15    
1.33570e+06    3.54660e-15    
1.35836e+06    3.39150e-15    
1.38140e+06    3.24318e-15    
1.40483e+06    3.10136e-15    
1.42866e+06    2.96573e-15    
1.45289e+06    2.83603e-15    
1.47754e+06    2.71201e-15    
1.50260e+06    2.59341e-15    
1.52809e+06    2.47999e-15    
1.55401e+06    2.37154e-15    
1.58037e+06    2.26782e-15    
1.60718e+06    2.16865e-15    
1.63444e+06    2.07381e-15    
1.66217e+06    1.98311e-15    
1.69036e+06    1.89639e-15    
1.71903e+06    1.81345e-15    
1.74819e+06    1.73414e-15    
1.77785e+06    1.65830e-15    
1.80801e+06    1.58578e-15    
1.83867e+06    1.51643e-15    
1.86986e+06    1.45011e-15    
1.90158e+06    1.38669e-15    
1.93384e+06    1.32605e-15    
1.96664e+06    1.26805e-15    
2.00000e+06    1.21260e-15    

