# USINE V4.0
# File generated 13-05-2022 09:46:20
# Model1DKisoVc
# NA
# SolMod0DFF_phi0_770GV
# R [GV]       TOA [GV m^{2} s sr]^{-1}
9.02527e-02    2.20282e-05    
9.17978e-02    2.31693e-05    
9.33694e-02    2.43692e-05    
9.49679e-02    2.56311e-05    
9.65938e-02    2.69581e-05    
9.82475e-02    2.83536e-05    
9.99295e-02    2.98211e-05    
1.01640e-01    3.13642e-05    
1.03380e-01    3.29869e-05    
1.05150e-01    3.46933e-05    
1.06950e-01    3.64876e-05    
1.08781e-01    3.83743e-05    
1.10644e-01    4.03582e-05    
1.12538e-01    4.24442e-05    
1.14465e-01    4.46377e-05    
1.16424e-01    4.69440e-05    
1.18418e-01    4.93689e-05    
1.20445e-01    5.19186e-05    
1.22507e-01    5.45994e-05    
1.24604e-01    5.74180e-05    
1.26737e-01    6.03813e-05    
1.28907e-01    6.34969e-05    
1.31114e-01    6.67725e-05    
1.33359e-01    7.02163e-05    
1.35642e-01    7.38367e-05    
1.37964e-01    7.76429e-05    
1.40326e-01    8.16442e-05    
1.42729e-01    8.58506e-05    
1.45172e-01    9.02726e-05    
1.47657e-01    9.49210e-05    
1.50185e-01    9.98075e-05    
1.52757e-01    1.04944e-04    
1.55372e-01    1.10343e-04    
1.58032e-01    1.16019e-04    
1.60737e-01    1.21984e-04    
1.63489e-01    1.28255e-04    
1.66288e-01    1.34845e-04    
1.69135e-01    1.41772e-04    
1.72031e-01    1.49052e-04    
1.74976e-01    1.56704e-04    
1.77971e-01    1.64746e-04    
1.81018e-01    1.73197e-04    
1.84117e-01    1.82079e-04    
1.87269e-01    1.91412e-04    
1.90475e-01    2.01221e-04    
1.93736e-01    2.11528e-04    
1.97053e-01    2.22359e-04    
2.00427e-01    2.33740e-04    
2.03858e-01    2.45696e-04    
2.07348e-01    2.58255e-04    
2.10898e-01    2.71446e-04    
2.14509e-01    2.85299e-04    
2.18181e-01    2.99848e-04    
2.21916e-01    3.15126e-04    
2.25716e-01    3.31169e-04    
2.29580e-01    3.48014e-04    
2.33510e-01    3.65698e-04    
2.37508e-01    3.84264e-04    
2.41574e-01    4.03753e-04    
2.45710e-01    4.24210e-04    
2.49917e-01    4.45681e-04    
2.54195e-01    4.68213e-04    
2.58547e-01    4.91858e-04    
2.62973e-01    5.16668e-04    
2.67476e-01    5.42698e-04    
2.72055e-01    5.70005e-04    
2.76712e-01    5.98649e-04    
2.81450e-01    6.28693e-04    
2.86268e-01    6.60200e-04    
2.91169e-01    6.93239e-04    
2.96154e-01    7.27881e-04    
3.01224e-01    7.64197e-04    
3.06381e-01    8.02266e-04    
3.11626e-01    8.42165e-04    
3.16961e-01    8.83977e-04    
3.22388e-01    9.27789e-04    
3.27907e-01    9.73689e-04    
3.33521e-01    1.02177e-03    
3.39231e-01    1.07213e-03    
3.45039e-01    1.12486e-03    
3.50946e-01    1.18007e-03    
3.56954e-01    1.23787e-03    
3.63065e-01    1.29836e-03    
3.69281e-01    1.36167e-03    
3.75603e-01    1.42790e-03    
3.82033e-01    1.49719e-03    
3.88574e-01    1.56965e-03    
3.95226e-01    1.64543e-03    
4.01993e-01    1.72464e-03    
4.08875e-01    1.80743e-03    
4.15875e-01    1.89395e-03    
4.22994e-01    1.98434e-03    
4.30236e-01    2.07875e-03    
4.37602e-01    2.17733e-03    
4.45094e-01    2.28025e-03    
4.52714e-01    2.38766e-03    
4.60464e-01    2.49973e-03    
4.68347e-01    2.61663e-03    
4.76366e-01    2.73854e-03    
4.84521e-01    2.86562e-03    
4.92816e-01    2.99806e-03    
5.01253e-01    3.13604e-03    
5.09835e-01    3.27975e-03    
5.18563e-01    3.42937e-03    
5.27441e-01    3.58509e-03    
5.36471e-01    3.74709e-03    
5.45655e-01    3.91558e-03    
5.54997e-01    4.09074e-03    
5.64499e-01    4.27277e-03    
5.74163e-01    4.46186e-03    
5.83993e-01    4.65819e-03    
5.93991e-01    4.86196e-03    
6.04160e-01    5.07335e-03    
6.14503e-01    5.29255e-03    
6.25024e-01    5.51974e-03    
6.35724e-01    5.75509e-03    
6.46608e-01    5.99877e-03    
6.57678e-01    6.25095e-03    
6.68937e-01    6.51178e-03    
6.80390e-01    6.78141e-03    
6.92038e-01    7.05997e-03    
7.03886e-01    7.34760e-03    
7.15936e-01    7.64440e-03    
7.28193e-01    7.95047e-03    
7.40660e-01    8.26591e-03    
7.53340e-01    8.59079e-03    
7.66237e-01    8.92515e-03    
7.79356e-01    9.26903e-03    
7.92698e-01    9.62245e-03    
8.06269e-01    9.98540e-03    
8.20073e-01    1.03578e-02    
8.34112e-01    1.07397e-02    
8.48393e-01    1.11310e-02    
8.62917e-01    1.15315e-02    
8.77690e-01    1.19412e-02    
8.92717e-01    1.23598e-02    
9.08000e-01    1.27872e-02    
9.23545e-01    1.32232e-02    
9.39356e-01    1.36674e-02    
9.55438e-01    1.41196e-02    
9.71795e-01    1.45795e-02    
9.88433e-01    1.50467e-02    
1.00535e+00    1.55208e-02    
1.02257e+00    1.60013e-02    
1.04007e+00    1.64879e-02    
1.05788e+00    1.69799e-02    
1.07599e+00    1.74768e-02    
1.09441e+00    1.79781e-02    
1.11315e+00    1.84830e-02    
1.13221e+00    1.89910e-02    
1.15159e+00    1.95014e-02    
1.17130e+00    2.00133e-02    
1.19136e+00    2.05260e-02    
1.21175e+00    2.10388e-02    
1.23250e+00    2.15507e-02    
1.25360e+00    2.20608e-02    
1.27506e+00    2.25684e-02    
1.29689e+00    2.30723e-02    
1.31909e+00    2.35718e-02    
1.34168e+00    2.40657e-02    
1.36465e+00    2.45532e-02    
1.38801e+00    2.50333e-02    
1.41177e+00    2.55048e-02    
1.43594e+00    2.59669e-02    
1.46052e+00    2.64186e-02    
1.48553e+00    2.68588e-02    
1.51096e+00    2.72866e-02    
1.53683e+00    2.77012e-02    
1.56314e+00    2.81016e-02    
1.58990e+00    2.84869e-02    
1.61712e+00    2.88564e-02    
1.64481e+00    2.92093e-02    
1.67296e+00    2.95450e-02    
1.70161e+00    2.98627e-02    
1.73074e+00    3.01618e-02    
1.76037e+00    3.04418e-02    
1.79051e+00    3.07022e-02    
1.82116e+00    3.09424e-02    
1.85234e+00    3.11621e-02    
1.88405e+00    3.13607e-02    
1.91631e+00    3.15381e-02    
1.94911e+00    3.16939e-02    
1.98248e+00    3.18276e-02    
2.01642e+00    3.19391e-02    
2.05094e+00    3.20281e-02    
2.08606e+00    3.20945e-02    
2.12177e+00    3.21382e-02    
2.15809e+00    3.21593e-02    
2.19504e+00    3.21577e-02    
2.23262e+00    3.21338e-02    
2.27084e+00    3.20877e-02    
2.30972e+00    3.20199e-02    
2.34926e+00    3.19308e-02    
2.38948e+00    3.18212e-02    
2.43039e+00    3.16916e-02    
2.47200e+00    3.15429e-02    
2.51432e+00    3.13759e-02    
2.55737e+00    3.11912e-02    
2.60115e+00    3.09898e-02    
2.64568e+00    3.07724e-02    
2.69098e+00    3.05398e-02    
2.73705e+00    3.02926e-02    
2.78390e+00    3.00315e-02    
2.83156e+00    2.97570e-02    
2.88004e+00    2.94697e-02    
2.92935e+00    2.91699e-02    
2.97950e+00    2.88581e-02    
3.03051e+00    2.85343e-02    
3.08239e+00    2.81987e-02    
3.13516e+00    2.78515e-02    
3.18884e+00    2.74925e-02    
3.24343e+00    2.71216e-02    
3.29896e+00    2.67385e-02    
3.35544e+00    2.63431e-02    
3.41288e+00    2.59350e-02    
3.47131e+00    2.55141e-02    
3.53074e+00    2.50805e-02    
3.59119e+00    2.46343e-02    
3.65267e+00    2.41763e-02    
3.71520e+00    2.37075e-02    
3.77881e+00    2.32291e-02    
3.84350e+00    2.27428e-02    
3.90930e+00    2.22505e-02    
3.97623e+00    2.17541e-02    
4.04430e+00    2.12552e-02    
4.11354e+00    2.07556e-02    
4.18397e+00    2.02567e-02    
4.25560e+00    1.97599e-02    
4.32845e+00    1.92660e-02    
4.40256e+00    1.87758e-02    
4.47793e+00    1.82902e-02    
4.55459e+00    1.78095e-02    
4.63257e+00    1.73343e-02    
4.71188e+00    1.68650e-02    
4.79254e+00    1.64019e-02    
4.87459e+00    1.59453e-02    
4.95805e+00    1.54953e-02    
5.04293e+00    1.50523e-02    
5.12926e+00    1.46163e-02    
5.21708e+00    1.41875e-02    
5.30640e+00    1.37660e-02    
5.39724e+00    1.33519e-02    
5.48964e+00    1.29454e-02    
5.58363e+00    1.25466e-02    
5.67922e+00    1.21555e-02    
5.77645e+00    1.17721e-02    
5.87534e+00    1.13967e-02    
5.97593e+00    1.10291e-02    
6.07824e+00    1.06695e-02    
6.18230e+00    1.03179e-02    
6.28814e+00    9.97429e-03    
6.39579e+00    9.63868e-03    
6.50529e+00    9.31108e-03    
6.61666e+00    8.99147e-03    
6.72994e+00    8.67984e-03    
6.84516e+00    8.37617e-03    
6.96235e+00    8.08042e-03    
7.08154e+00    7.79256e-03    
7.20278e+00    7.51257e-03    
7.32609e+00    7.24039e-03    
7.45151e+00    6.97600e-03    
7.57909e+00    6.71932e-03    
7.70884e+00    6.47031e-03    
7.84082e+00    6.22889e-03    
7.97505e+00    5.99497e-03    
8.11159e+00    5.76846e-03    
8.25046e+00    5.54927e-03    
8.39171e+00    5.33729e-03    
8.53537e+00    5.13245e-03    
8.68150e+00    4.93464e-03    
8.83013e+00    4.74380e-03    
8.98130e+00    4.55979e-03    
9.13506e+00    4.38252e-03    
9.29146e+00    4.21183e-03    
9.45053e+00    4.04758e-03    
9.61232e+00    3.88960e-03    
9.77689e+00    3.73771e-03    
9.94427e+00    3.59169e-03    
1.01145e+01    3.45127e-03    
1.02877e+01    3.31619e-03    
1.04638e+01    3.18619e-03    
1.06429e+01    3.06104e-03    
1.08252e+01    2.94050e-03    
1.10105e+01    2.82438e-03    
1.11990e+01    2.71247e-03    
1.13907e+01    2.60461e-03    
1.15857e+01    2.50063e-03    
1.17841e+01    2.40041e-03    
1.19858e+01    2.30385e-03    
1.21910e+01    2.21084e-03    
1.23997e+01    2.12128e-03    
1.26120e+01    2.03507e-03    
1.28279e+01    1.95210e-03    
1.30475e+01    1.87229e-03    
1.32709e+01    1.79552e-03    
1.34981e+01    1.72170e-03    
1.37292e+01    1.65074e-03    
1.39643e+01    1.58252e-03    
1.42033e+01    1.51695e-03    
1.44465e+01    1.45394e-03    
1.46938e+01    1.39337e-03    
1.49454e+01    1.33518e-03    
1.52012e+01    1.27928e-03    
1.54615e+01    1.22557e-03    
1.57262e+01    1.17399e-03    
1.59954e+01    1.12445e-03    
1.62693e+01    1.07689e-03    
1.65478e+01    1.03122e-03    
1.68311e+01    9.87379e-04    
1.71192e+01    9.45303e-04    
1.74123e+01    9.04926e-04    
1.77104e+01    8.66183e-04    
1.80136e+01    8.29015e-04    
1.83220e+01    7.93362e-04    
1.86357e+01    7.59167e-04    
1.89548e+01    7.26376e-04    
1.92793e+01    6.94933e-04    
1.96093e+01    6.64789e-04    
1.99450e+01    6.35894e-04    
2.02865e+01    6.08198e-04    
2.06338e+01    5.81656e-04    
2.09871e+01    5.56223e-04    
2.13464e+01    5.31857e-04    
2.17118e+01    5.08516e-04    
2.20835e+01    4.86161e-04    
2.24616e+01    4.64750e-04    
2.28461e+01    4.44245e-04    
2.32373e+01    4.24608e-04    
2.36351e+01    4.05804e-04    
2.40397e+01    3.87802e-04    
2.44513e+01    3.70567e-04    
2.48699e+01    3.54069e-04    
2.52957e+01    3.38279e-04    
2.57287e+01    3.23167e-04    
2.61692e+01    3.08706e-04    
2.66172e+01    2.94869e-04    
2.70729e+01    2.81631e-04    
2.75364e+01    2.68966e-04    
2.80079e+01    2.56852e-04    
2.84874e+01    2.45265e-04    
2.89751e+01    2.34183e-04    
2.94711e+01    2.23586e-04    
2.99757e+01    2.13453e-04    
3.04889e+01    2.03765e-04    
3.10108e+01    1.94502e-04    
3.15417e+01    1.85648e-04    
3.20817e+01    1.77184e-04    
3.26310e+01    1.69095e-04    
3.31896e+01    1.61364e-04    
3.37578e+01    1.53976e-04    
3.43358e+01    1.46917e-04    
3.49236e+01    1.40172e-04    
3.55215e+01    1.33728e-04    
3.61296e+01    1.27572e-04    
3.67482e+01    1.21692e-04    
3.73773e+01    1.16075e-04    
3.80172e+01    1.10711e-04    
3.86681e+01    1.05588e-04    
3.93301e+01    1.00696e-04    
4.00034e+01    9.60252e-05    
4.06883e+01    9.15653e-05    
4.13849e+01    8.73074e-05    
4.20934e+01    8.32426e-05    
4.28140e+01    7.93624e-05    
4.35470e+01    7.56587e-05    
4.42925e+01    7.21238e-05    
4.50508e+01    6.87502e-05    
4.58221e+01    6.55307e-05    
4.66066e+01    6.24586e-05    
4.74045e+01    5.95272e-05    
4.82161e+01    5.67304e-05    
4.90415e+01    5.40621e-05    
4.98811e+01    5.15165e-05    
5.07351e+01    4.90883e-05    
5.16037e+01    4.67720e-05    
5.24872e+01    4.45628e-05    
5.33857e+01    4.24558e-05    
5.42997e+01    4.04464e-05    
5.52293e+01    3.85302e-05    
5.61749e+01    3.67029e-05    
5.71366e+01    3.49606e-05    
5.81148e+01    3.32995e-05    
5.91097e+01    3.17157e-05    
6.01217e+01    3.02059e-05    
6.11510e+01    2.87666e-05    
6.21979e+01    2.73946e-05    
6.32627e+01    2.60868e-05    
6.43458e+01    2.48404e-05    
6.54474e+01    2.36525e-05    
6.65678e+01    2.25204e-05    
6.77075e+01    2.14416e-05    
6.88667e+01    2.04135e-05    
7.00457e+01    1.94340e-05    
7.12449e+01    1.85006e-05    
7.24646e+01    1.76114e-05    
7.37052e+01    1.67642e-05    
7.49670e+01    1.59572e-05    
7.62505e+01    1.51884e-05    
7.75559e+01    1.44560e-05    
7.88836e+01    1.37585e-05    
8.02341e+01    1.30941e-05    
8.16078e+01    1.24613e-05    
8.30049e+01    1.18587e-05    
8.44260e+01    1.12848e-05    
8.58713e+01    1.07382e-05    
8.73415e+01    1.02178e-05    
8.88368e+01    9.72234e-06    
9.03577e+01    9.25054e-06    
9.19046e+01    8.80135e-06    
9.34780e+01    8.37369e-06    
9.50784e+01    7.96657e-06    
9.67061e+01    7.57900e-06    
9.83617e+01    7.21007e-06    
1.00046e+02    6.85890e-06    
1.01758e+02    6.52465e-06    
1.03501e+02    6.20651e-06    
1.05273e+02    5.90372e-06    
1.07075e+02    5.61556e-06    
1.08908e+02    5.34133e-06    
1.10772e+02    5.08037e-06    
1.12669e+02    4.83205e-06    
1.14598e+02    4.59576e-06    
1.16560e+02    4.37094e-06    
1.18555e+02    4.15703e-06    
1.20585e+02    3.95352e-06    
1.22649e+02    3.75990e-06    
1.24749e+02    3.57571e-06    
1.26885e+02    3.40050e-06    
1.29057e+02    3.23382e-06    
1.31267e+02    3.07529e-06    
1.33514e+02    2.92449e-06    
1.35800e+02    2.78107e-06    
1.38125e+02    2.64466e-06    
1.40489e+02    2.51494e-06    
1.42895e+02    2.39157e-06    
1.45341e+02    2.27425e-06    
1.47829e+02    2.16269e-06    
1.50360e+02    2.05661e-06    
1.52934e+02    1.95575e-06    
1.55552e+02    1.85985e-06    
1.58216e+02    1.76867e-06    
1.60924e+02    1.68198e-06    
1.63679e+02    1.59957e-06    
1.66481e+02    1.52123e-06    
1.69332e+02    1.44676e-06    
1.72231e+02    1.37597e-06    
1.75179e+02    1.30867e-06    
1.78178e+02    1.24471e-06    
1.81229e+02    1.18391e-06    
1.84331e+02    1.12613e-06    
1.87487e+02    1.07121e-06    
1.90697e+02    1.01901e-06    
1.93962e+02    9.69400e-07    
1.97282e+02    9.22251e-07    
2.00660e+02    8.77440e-07    
2.04095e+02    8.34853e-07    
2.07589e+02    7.94378e-07    
2.11143e+02    7.55911e-07    
2.14758e+02    7.19351e-07    
2.18435e+02    6.84604e-07    
2.22174e+02    6.51579e-07    
2.25978e+02    6.20189e-07    
2.29847e+02    5.90352e-07    
2.33782e+02    5.61991e-07    
2.37784e+02    5.35030e-07    
2.41855e+02    5.09400e-07    
2.45996e+02    4.85033e-07    
2.50207e+02    4.61866e-07    
2.54491e+02    4.39837e-07    
2.58848e+02    4.18889e-07    
2.63279e+02    3.98968e-07    
2.67787e+02    3.80021e-07    
2.72371e+02    3.61999e-07    
2.77034e+02    3.44855e-07    
2.81777e+02    3.28546e-07    
2.86601e+02    3.13028e-07    
2.91508e+02    2.98262e-07    
2.96498e+02    2.84210e-07    
3.01574e+02    2.70836e-07    
3.06737e+02    2.58106e-07    
3.11989e+02    2.45988e-07    
3.17330e+02    2.34451e-07    
3.22763e+02    2.23466e-07    
3.28289e+02    2.13006e-07    
3.33909e+02    2.03045e-07    
3.39625e+02    1.93558e-07    
3.45440e+02    1.84521e-07    
3.51354e+02    1.75913e-07    
3.57369e+02    1.67713e-07    
3.63487e+02    1.59900e-07    
3.69710e+02    1.52456e-07    
3.76040e+02    1.45363e-07    
3.82478e+02    1.38604e-07    
3.89026e+02    1.32162e-07    
3.95686e+02    1.26022e-07    
4.02460e+02    1.20171e-07    
4.09350e+02    1.14593e-07    
4.16358e+02    1.09276e-07    
4.23486e+02    1.04208e-07    
4.30737e+02    9.93763e-08    
4.38111e+02    9.47700e-08    
4.45611e+02    9.03784e-08    
4.53240e+02    8.61912e-08    
4.61000e+02    8.21990e-08    
4.68892e+02    7.83924e-08    
4.76920e+02    7.47627e-08    
4.85085e+02    7.13016e-08    
4.93389e+02    6.80013e-08    
5.01836e+02    6.48540e-08    
5.10428e+02    6.18528e-08    
5.19166e+02    5.89907e-08    
5.28054e+02    5.62613e-08    
5.37095e+02    5.36584e-08    
5.46290e+02    5.11760e-08    
5.55642e+02    4.88086e-08    
5.65155e+02    4.65508e-08    
5.74831e+02    4.43976e-08    
5.84672e+02    4.23439e-08    
5.94682e+02    4.03853e-08    
6.04863e+02    3.85173e-08    
6.15218e+02    3.67358e-08    
6.25750e+02    3.50366e-08    
6.36463e+02    3.34160e-08    
6.47360e+02    3.18703e-08    
6.58443e+02    3.03961e-08    
6.69715e+02    2.89901e-08    
6.81181e+02    2.76491e-08    
6.92843e+02    2.63701e-08    
7.04704e+02    2.51502e-08    
7.16769e+02    2.39867e-08    
7.29040e+02    2.28770e-08    
7.41521e+02    2.18186e-08    
7.54216e+02    2.08092e-08    
7.67129e+02    1.98464e-08    
7.80262e+02    1.89281e-08    
7.93620e+02    1.80523e-08    
8.07207e+02    1.72169e-08    
8.21026e+02    1.64202e-08    
8.35083e+02    1.56603e-08    
8.49379e+02    1.49356e-08    
8.63921e+02    1.42443e-08    
8.78711e+02    1.35851e-08    
8.93755e+02    1.29563e-08    
9.09056e+02    1.23566e-08    
9.24619e+02    1.17846e-08    
9.40449e+02    1.12391e-08    
9.56549e+02    1.07188e-08    
9.72926e+02    1.02226e-08    
9.89582e+02    9.74929e-09    
1.00652e+03    9.29791e-09    
1.02376e+03    8.86741e-09    
1.04128e+03    8.45683e-09    
1.05911e+03    8.06524e-09    
1.07724e+03    7.69177e-09    
1.09568e+03    7.33558e-09    
1.11444e+03    6.99587e-09    
1.13352e+03    6.67189e-09    
1.15293e+03    6.36289e-09    
1.17267e+03    6.06820e-09    
1.19274e+03    5.78714e-09    
1.21316e+03    5.51909e-09    
1.23393e+03    5.26345e-09    
1.25506e+03    5.01965e-09    
1.27654e+03    4.78713e-09    
1.29840e+03    4.56537e-09    
1.32063e+03    4.35388e-09    
1.34324e+03    4.15218e-09    
1.36623e+03    3.95982e-09    
1.38962e+03    3.77637e-09    
1.41341e+03    3.60141e-09    
1.43761e+03    3.43455e-09    
1.46222e+03    3.27542e-09    
1.48726e+03    3.12366e-09    
1.51272e+03    2.97893e-09    
1.53862e+03    2.84090e-09    
1.56496e+03    2.70927e-09    
1.59175e+03    2.58373e-09    
1.61900e+03    2.46400e-09    
1.64672e+03    2.34983e-09    
1.67491e+03    2.24094e-09    
1.70358e+03    2.13709e-09    
1.73275e+03    2.03806e-09    
1.76242e+03    1.94361e-09    
1.79259e+03    1.85354e-09    
1.82328e+03    1.76765e-09    
1.85449e+03    1.68573e-09    
1.88624e+03    1.60761e-09    
1.91853e+03    1.53311e-09    
1.95138e+03    1.46206e-09    
1.98479e+03    1.39430e-09    
2.01877e+03    1.32968e-09    
2.05333e+03    1.26806e-09    
2.08848e+03    1.20929e-09    
2.12424e+03    1.15325e-09    
2.16060e+03    1.09980e-09    
2.19759e+03    1.04883e-09    
2.23522e+03    1.00022e-09    
2.27348e+03    9.53867e-10    
2.31241e+03    9.09660e-10    
2.35200e+03    8.67503e-10    
2.39226e+03    8.27299e-10    
2.43322e+03    7.88959e-10    
2.47487e+03    7.52396e-10    
2.51725e+03    7.17527e-10    
2.56034e+03    6.84275e-10    
2.60417e+03    6.52564e-10    
2.64876e+03    6.22322e-10    
2.69410e+03    5.93483e-10    
2.74023e+03    5.65980e-10    
2.78714e+03    5.39752e-10    
2.83486e+03    5.14740e-10    
2.88339e+03    4.90887e-10    
2.93275e+03    4.68140e-10    
2.98296e+03    4.46448e-10    
3.03403e+03    4.25761e-10    
3.08598e+03    4.06032e-10    
3.13881e+03    3.87219e-10    
3.19254e+03    3.69277e-10    
3.24720e+03    3.52167e-10    
3.30279e+03    3.35850e-10    
3.35934e+03    3.20289e-10    
3.41685e+03    3.05450e-10    
3.47535e+03    2.91299e-10    
3.53485e+03    2.77803e-10    
3.59536e+03    2.64933e-10    
3.65692e+03    2.52660e-10    
3.71952e+03    2.40955e-10    
3.78320e+03    2.29793e-10    
3.84797e+03    2.19148e-10    
3.91385e+03    2.08997e-10    
3.98085e+03    1.99316e-10    
4.04901e+03    1.90084e-10    
4.11833e+03    1.81280e-10    
4.18883e+03    1.72884e-10    
4.26055e+03    1.64877e-10    
4.33349e+03    1.57241e-10    
4.40768e+03    1.49959e-10    
4.48314e+03    1.43014e-10    
4.55989e+03    1.36392e-10    
4.63795e+03    1.30076e-10    
4.71736e+03    1.24053e-10    
4.79812e+03    1.18309e-10    
4.88026e+03    1.12831e-10    
4.96381e+03    1.07607e-10    
5.04879e+03    1.02625e-10    
5.13523e+03    9.78735e-11    
5.22315e+03    9.33426e-11    
5.31257e+03    8.90215e-11    
5.40352e+03    8.49007e-11    
5.49603e+03    8.09708e-11    
5.59012e+03    7.72229e-11    
5.68582e+03    7.36487e-11    
5.78317e+03    7.02401e-11    
5.88217e+03    6.69893e-11    
5.98288e+03    6.38892e-11    
6.08531e+03    6.09326e-11    
6.18949e+03    5.81131e-11    
6.29545e+03    5.54241e-11    
6.40323e+03    5.28596e-11    
6.51285e+03    5.04140e-11    
6.62436e+03    4.80816e-11    
6.73776e+03    4.58572e-11    
6.85312e+03    4.37358e-11    
6.97044e+03    4.17127e-11    
7.08978e+03    3.97833e-11    
7.21116e+03    3.79432e-11    
7.33461e+03    3.61883e-11    
7.46018e+03    3.45146e-11    
7.58790e+03    3.29185e-11    
7.71781e+03    3.13962e-11    
7.84994e+03    2.99444e-11    
7.98433e+03    2.85599e-11    
8.12102e+03    2.72394e-11    
8.26005e+03    2.59801e-11    
8.40147e+03    2.47790e-11    
8.54530e+03    2.36335e-11    
8.69160e+03    2.25411e-11    
8.84040e+03    2.14992e-11    
8.99175e+03    2.05055e-11    
9.14569e+03    1.95578e-11    
9.30226e+03    1.86540e-11    
9.46152e+03    1.77920e-11    
9.62350e+03    1.69699e-11    
9.78826e+03    1.61858e-11    
9.95583e+03    1.54379e-11    
1.01263e+04    1.47247e-11    
1.02996e+04    1.40445e-11    
1.04760e+04    1.33957e-11    
1.06553e+04    1.27770e-11    
1.08377e+04    1.21869e-11    
1.10233e+04    1.16240e-11    
1.12120e+04    1.10872e-11    
1.14040e+04    1.05752e-11    
1.15992e+04    1.00869e-11    
1.17978e+04    9.62119e-12    
1.19998e+04    9.17700e-12    
1.22052e+04    8.75334e-12    
1.24141e+04    8.34927e-12    
1.26267e+04    7.96387e-12    
1.28428e+04    7.59630e-12    
1.30627e+04    7.24571e-12    
1.32864e+04    6.91133e-12    
1.35138e+04    6.59240e-12    
1.37452e+04    6.28821e-12    
1.39805e+04    5.99808e-12    
1.42198e+04    5.72135e-12    
1.44633e+04    5.45741e-12    
1.47109e+04    5.20567e-12    
1.49628e+04    4.96555e-12    
1.52189e+04    4.73653e-12    
1.54795e+04    4.51809e-12    
1.57445e+04    4.30974e-12    
1.60140e+04    4.11101e-12    
1.62882e+04    3.92146e-12    
1.65670e+04    3.74066e-12    
1.68507e+04    3.56821e-12    
1.71392e+04    3.40372e-12    
1.74326e+04    3.24683e-12    
1.77310e+04    3.09719e-12    
1.80346e+04    2.95445e-12    
1.83433e+04    2.81830e-12    
1.86574e+04    2.68843e-12    
1.89768e+04    2.56456e-12    
1.93017e+04    2.44641e-12    
1.96321e+04    2.33370e-12    
1.99682e+04    2.22620e-12    
2.03101e+04    2.12366e-12    
2.06578e+04    2.02585e-12    
2.10115e+04    1.93255e-12    
2.13712e+04    1.84356e-12    
2.17371e+04    1.75867e-12    
2.21092e+04    1.67770e-12    
2.24877e+04    1.60046e-12    
2.28727e+04    1.52679e-12    
2.32643e+04    1.45651e-12    
2.36626e+04    1.38947e-12    
2.40677e+04    1.32552e-12    
2.44797e+04    1.26452e-12    
2.48988e+04    1.20634e-12    
2.53251e+04    1.15083e-12    
2.57587e+04    1.09789e-12    
2.61997e+04    1.04738e-12    
2.66482e+04    9.99200e-13    
2.71044e+04    9.53242e-13    
2.75685e+04    9.09401e-13    
2.80404e+04    8.67581e-13    
2.85205e+04    8.27686e-13    
2.90088e+04    7.89630e-13    
2.95054e+04    7.53327e-13    
3.00105e+04    7.18696e-13    
3.05243e+04    6.85659e-13    
3.10469e+04    6.54144e-13    
3.15784e+04    6.24081e-13    
3.21190e+04    5.95401e-13    
3.26689e+04    5.68042e-13    
3.32282e+04    5.41943e-13    
3.37971e+04    5.17044e-13    
3.43757e+04    4.93292e-13    
3.49642e+04    4.70633e-13    
3.55628e+04    4.49017e-13    
3.61717e+04    4.28396e-13    
3.67909e+04    4.08723e-13    
3.74208e+04    3.89956e-13    
3.80614e+04    3.72051e-13    
3.87130e+04    3.54971e-13    
3.93758e+04    3.38676e-13    
4.00499e+04    3.23131e-13    
4.07356e+04    3.08300e-13    
4.14330e+04    2.94152e-13    
4.21423e+04    2.80654e-13    
4.28638e+04    2.67776e-13    
4.35977e+04    2.55491e-13    
4.43440e+04    2.43770e-13    
4.51032e+04    2.32588e-13    
4.58754e+04    2.21920e-13    
4.66608e+04    2.11742e-13    
4.74596e+04    2.02032e-13    
4.82721e+04    1.92768e-13    
4.90986e+04    1.83930e-13    
4.99391e+04    1.75498e-13    
5.07941e+04    1.67453e-13    
5.16637e+04    1.59778e-13    
5.25482e+04    1.52455e-13    
5.34478e+04    1.45468e-13    
5.43629e+04    1.38802e-13    
5.52936e+04    1.32442e-13    
5.62402e+04    1.26375e-13    
5.72030e+04    1.20585e-13    
5.81824e+04    1.15062e-13    
5.91784e+04    1.09792e-13    
6.01916e+04    1.04764e-13    
6.12221e+04    9.99664e-14    
6.22702e+04    9.53891e-14    
6.33363e+04    9.10218e-14    
6.44206e+04    8.68549e-14    
6.55235e+04    8.28791e-14    
6.66453e+04    7.90857e-14    
6.77862e+04    7.54662e-14    
6.89467e+04    7.20128e-14    
7.01271e+04    6.87177e-14    
7.13277e+04    6.55737e-14    
7.25488e+04    6.25738e-14    
7.37909e+04    5.97114e-14    
7.50542e+04    5.69802e-14    
7.63391e+04    5.43742e-14    
7.76461e+04    5.18877e-14    
7.89754e+04    4.95151e-14    
8.03275e+04    4.72511e-14    
8.17027e+04    4.50910e-14    
8.31014e+04    4.30297e-14    
8.45241e+04    4.10629e-14    
8.59712e+04    3.91862e-14    
8.74430e+04    3.73954e-14    
8.89401e+04    3.56866e-14    
9.04627e+04    3.40561e-14    
9.20115e+04    3.25002e-14    
9.35867e+04    3.10156e-14    
9.51889e+04    2.95989e-14    
9.68186e+04    2.82470e-14    
9.84761e+04    2.69570e-14    
1.00162e+05    2.57261e-14    
1.01877e+05    2.45514e-14    
1.03621e+05    2.34306e-14    
1.05395e+05    2.23610e-14    
1.07199e+05    2.13403e-14    
1.09035e+05    2.03663e-14    
1.10901e+05    1.94368e-14    
1.12800e+05    1.85499e-14    
1.14731e+05    1.77035e-14    
1.16695e+05    1.68958e-14    
1.18693e+05    1.61251e-14    
1.20725e+05    1.53895e-14    
1.22792e+05    1.46876e-14    
1.24894e+05    1.40178e-14    
1.27032e+05    1.33786e-14    
1.29207e+05    1.27686e-14    
1.31419e+05    1.21864e-14    
1.33669e+05    1.16309e-14    
1.35958e+05    1.11007e-14    
1.38285e+05    1.05948e-14    
1.40653e+05    1.01119e-14    
1.43061e+05    9.65112e-15    
1.45510e+05    9.21137e-15    
1.48001e+05    8.79169e-15    
1.50535e+05    8.39118e-15    
1.53112e+05    8.00895e-15    
1.55733e+05    7.64417e-15    
1.58400e+05    7.29603e-15    
1.61111e+05    6.96379e-15    
1.63870e+05    6.64670e-15    
1.66675e+05    6.34408e-15    
1.69529e+05    6.05527e-15    
1.72431e+05    5.77964e-15    
1.75383e+05    5.51657e-15    
1.78386e+05    5.26551e-15    
1.81440e+05    5.02589e-15    
1.84546e+05    4.79720e-15    
1.87705e+05    4.57894e-15    
1.90919e+05    4.37063e-15    
1.94187e+05    4.17181e-15    
1.97512e+05    3.98206e-15    
2.00893e+05    3.80096e-15    
2.04333e+05    3.62810e-15    
2.07831e+05    3.46313e-15    
2.11389e+05    3.30567e-15    
2.15008e+05    3.15539e-15    
2.18689e+05    3.01195e-15    
2.22433e+05    2.87505e-15    
2.26241e+05    2.74438e-15    
2.30114e+05    2.61966e-15    
2.34054e+05    2.50062e-15    
2.38061e+05    2.38700e-15    
2.42136e+05    2.27856e-15    
2.46282e+05    2.17505e-15    
2.50498e+05    2.07625e-15    
2.54787e+05    1.98195e-15    
2.59149e+05    1.89194e-15    
2.63585e+05    1.80603e-15    
2.68098e+05    1.72403e-15    
2.72688e+05    1.64576e-15    
2.77356e+05    1.57104e-15    
2.82105e+05    1.49973e-15    
2.86934e+05    1.43166e-15    
2.91847e+05    1.36669e-15    
2.96843e+05    1.30467e-15    
3.01925e+05    1.24547e-15    
3.07094e+05    1.18896e-15    
3.12352e+05    1.13502e-15    
3.17699e+05    1.08354e-15    
3.23138e+05    1.03439e-15    
3.28670e+05    9.87475e-16    
3.34297e+05    9.42694e-16    
3.40020e+05    8.99948e-16    
3.45842e+05    8.59144e-16    
3.51763e+05    8.20193e-16    
3.57785e+05    7.83012e-16    
3.63910e+05    7.47520e-16    
3.70140e+05    7.13640e-16    
3.76477e+05    6.81298e-16    
3.82922e+05    6.50425e-16    
3.89478e+05    6.20954e-16    
3.96146e+05    5.92820e-16    
4.02928e+05    5.65964e-16    
4.09826e+05    5.40327e-16    
4.16843e+05    5.15853e-16    
4.23979e+05    4.92491e-16    
4.31238e+05    4.70188e-16    
4.38620e+05    4.48897e-16    
4.46130e+05    4.28572e-16    
4.53767e+05    4.09169e-16    
4.61536e+05    3.90647e-16    
4.69437e+05    3.72964e-16    
4.77474e+05    3.56084e-16    
4.85649e+05    3.39969e-16    
4.93963e+05    3.24584e-16    
5.02420e+05    3.09897e-16    
5.11021e+05    2.95876e-16    
5.19770e+05    2.82491e-16    
5.28669e+05    2.69712e-16    
5.37719e+05    2.57513e-16    
5.46925e+05    2.45866e-16    
5.56289e+05    2.34747e-16    
5.65812e+05    2.24132e-16    
5.75499e+05    2.13998e-16    
5.85352e+05    2.04322e-16    
5.95373e+05    1.95086e-16    
6.05566e+05    1.86267e-16    
6.15933e+05    1.77848e-16    
6.26478e+05    1.69810e-16    
6.37204e+05    1.62136e-16    
6.48113e+05    1.54810e-16    
6.59208e+05    1.47815e-16    
6.70494e+05    1.41137e-16    
6.81973e+05    1.34761e-16    
6.93649e+05    1.28673e-16    
7.05524e+05    1.22862e-16    
7.17603e+05    1.17313e-16    
7.29888e+05    1.12015e-16    
7.42384e+05    1.06957e-16    
7.55093e+05    1.02128e-16    
7.68021e+05    9.75168e-17    
7.81169e+05    9.31145e-17    
7.94543e+05    8.89113e-17    
8.08146e+05    8.48982e-17    
8.21981e+05    8.10666e-17    
8.36054e+05    7.74082e-17    
8.50367e+05    7.39152e-17    
8.64925e+05    7.05801e-17    
8.79733e+05    6.73958e-17    
8.94794e+05    6.43554e-17    
9.10113e+05    6.14523e-17    
9.25694e+05    5.86805e-17    
9.41542e+05    5.60340e-17    
9.57662e+05    5.35070e-17    
9.74057e+05    5.10941e-17    
9.90733e+05    4.87903e-17    
1.00769e+06    4.65905e-17    
1.02495e+06    4.44901e-17    
1.04249e+06    4.24846e-17    
1.06034e+06    4.05696e-17    
1.07849e+06    3.87411e-17    
1.09696e+06    3.69951e-17    
1.11574e+06    3.53280e-17    
1.13484e+06    3.37361e-17    
1.15427e+06    3.22161e-17    
1.17403e+06    3.07646e-17    
1.19413e+06    2.93787e-17    
1.21457e+06    2.80554e-17    
1.23537e+06    2.67917e-17    
1.25652e+06    2.55851e-17    
1.27803e+06    2.44328e-17    
1.29991e+06    2.33326e-17    
1.32216e+06    2.22820e-17    
1.34480e+06    2.12788e-17    
1.36782e+06    2.03208e-17    
1.39124e+06    1.94061e-17    
1.41506e+06    1.85325e-17    
1.43928e+06    1.76984e-17    
1.46392e+06    1.69019e-17    
1.48899e+06    1.61413e-17    
1.51448e+06    1.54149e-17    
1.54041e+06    1.47213e-17    
1.56678e+06    1.40590e-17    
1.59360e+06    1.34265e-17    
1.62088e+06    1.28225e-17    
1.64863e+06    1.22458e-17    
1.67686e+06    1.16950e-17    
1.70557e+06    1.11690e-17    
1.73477e+06    1.06667e-17    
1.76447e+06    1.01871e-17    
1.79467e+06    9.72904e-18    
1.82540e+06    9.29163e-18    
1.85665e+06    8.87391e-18    
1.88844e+06    8.47499e-18    
1.92077e+06    8.09404e-18    
1.95365e+06    7.73025e-18    
1.98710e+06    7.38282e-18    
2.02112e+06    7.05104e-18    
2.05572e+06    6.73419e-18    
2.09091e+06    6.43160e-18    

