# USINE V4.0
# File generated 13-05-2022 09:46:19
# Model1DKisoVc
# B
# SolMod0DFF_phi0_770GV
# R [GV]       TOA [GV m^{2} s sr]^{-1}
9.50228e-02    2.67744e-04    
9.66403e-02    2.81525e-04    
9.82854e-02    2.96013e-04    
9.99584e-02    3.11243e-04    
1.01660e-01    3.27255e-04    
1.03390e-01    3.44087e-04    
1.05150e-01    3.61781e-04    
1.06940e-01    3.80382e-04    
1.08761e-01    3.99936e-04    
1.10612e-01    4.20491e-04    
1.12495e-01    4.42098e-04    
1.14410e-01    4.64811e-04    
1.16357e-01    4.88686e-04    
1.18338e-01    5.13782e-04    
1.20353e-01    5.40160e-04    
1.22401e-01    5.67888e-04    
1.24485e-01    5.97032e-04    
1.26604e-01    6.27665e-04    
1.28759e-01    6.59862e-04    
1.30951e-01    6.93702e-04    
1.33180e-01    7.29270e-04    
1.35447e-01    7.66652e-04    
1.37753e-01    8.05941e-04    
1.40097e-01    8.47232e-04    
1.42482e-01    8.90627e-04    
1.44908e-01    9.36233e-04    
1.47374e-01    9.84161e-04    
1.49883e-01    1.03453e-03    
1.52434e-01    1.08746e-03    
1.55029e-01    1.14308e-03    
1.57668e-01    1.20153e-03    
1.60352e-01    1.26295e-03    
1.63082e-01    1.32749e-03    
1.65858e-01    1.39531e-03    
1.68681e-01    1.46657e-03    
1.71552e-01    1.54144e-03    
1.74472e-01    1.62011e-03    
1.77442e-01    1.70277e-03    
1.80463e-01    1.78961e-03    
1.83535e-01    1.88085e-03    
1.86659e-01    1.97671e-03    
1.89836e-01    2.07741e-03    
1.93068e-01    2.18321e-03    
1.96354e-01    2.29435e-03    
1.99697e-01    2.41110e-03    
2.03096e-01    2.53373e-03    
2.06553e-01    2.66250e-03    
2.10069e-01    2.79771e-03    
2.13645e-01    2.93969e-03    
2.17282e-01    3.08874e-03    
2.20981e-01    3.24523e-03    
2.24742e-01    3.40951e-03    
2.28568e-01    3.58194e-03    
2.32459e-01    3.76294e-03    
2.36416e-01    3.95290e-03    
2.40440e-01    4.15225e-03    
2.44533e-01    4.36145e-03    
2.48696e-01    4.58096e-03    
2.52929e-01    4.81126e-03    
2.57235e-01    5.05288e-03    
2.61613e-01    5.30633e-03    
2.66067e-01    5.57218e-03    
2.70596e-01    5.85101e-03    
2.75202e-01    6.14341e-03    
2.79886e-01    6.45003e-03    
2.84651e-01    6.77150e-03    
2.89496e-01    7.10853e-03    
2.94424e-01    7.46180e-03    
2.99436e-01    7.83208e-03    
3.04533e-01    8.22013e-03    
3.09717e-01    8.62674e-03    
3.14989e-01    9.05276e-03    
3.20351e-01    9.49904e-03    
3.25804e-01    9.96649e-03    
3.31350e-01    1.04560e-02    
3.36991e-01    1.09686e-02    
3.42727e-01    1.15053e-02    
3.48561e-01    1.20671e-02    
3.54494e-01    1.26551e-02    
3.60529e-01    1.32704e-02    
3.66666e-01    1.39142e-02    
3.72907e-01    1.45876e-02    
3.79255e-01    1.52919e-02    
3.85711e-01    1.60283e-02    
3.92277e-01    1.67983e-02    
3.98954e-01    1.76031e-02    
4.05745e-01    1.84441e-02    
4.12652e-01    1.93228e-02    
4.19677e-01    2.02406e-02    
4.26820e-01    2.11992e-02    
4.34086e-01    2.21999e-02    
4.41475e-01    2.32445e-02    
4.48990e-01    2.43346e-02    
4.56633e-01    2.54719e-02    
4.64406e-01    2.66580e-02    
4.72311e-01    2.78947e-02    
4.80351e-01    2.91839e-02    
4.88528e-01    3.05273e-02    
4.96844e-01    3.19267e-02    
5.05301e-01    3.33842e-02    
5.13903e-01    3.49015e-02    
5.22651e-01    3.64806e-02    
5.31548e-01    3.81234e-02    
5.40596e-01    3.98319e-02    
5.49798e-01    4.16080e-02    
5.59157e-01    4.34538e-02    
5.68675e-01    4.53711e-02    
5.78355e-01    4.73621e-02    
5.88200e-01    4.94285e-02    
5.98213e-01    5.15725e-02    
6.08396e-01    5.37958e-02    
6.18752e-01    5.61003e-02    
6.29285e-01    5.84880e-02    
6.39997e-01    6.09606e-02    
6.50891e-01    6.35198e-02    
6.61971e-01    6.61673e-02    
6.73240e-01    6.89048e-02    
6.84700e-01    7.17337e-02    
6.96355e-01    7.46554e-02    
7.08209e-01    7.76713e-02    
7.20264e-01    8.07826e-02    
7.32525e-01    8.39902e-02    
7.44994e-01    8.72950e-02    
7.57676e-01    9.06980e-02    
7.70573e-01    9.41995e-02    
7.83690e-01    9.78000e-02    
7.97031e-01    1.01500e-01    
8.10598e-01    1.05299e-01    
8.24396e-01    1.09196e-01    
8.38430e-01    1.13193e-01    
8.52702e-01    1.17287e-01    
8.67217e-01    1.21477e-01    
8.81979e-01    1.25763e-01    
8.96992e-01    1.30143e-01    
9.12261e-01    1.34615e-01    
9.27790e-01    1.39176e-01    
9.43583e-01    1.43824e-01    
9.59645e-01    1.48557e-01    
9.75981e-01    1.53371e-01    
9.92595e-01    1.58263e-01    
1.00949e+00    1.63228e-01    
1.02667e+00    1.68262e-01    
1.04415e+00    1.73361e-01    
1.06193e+00    1.78520e-01    
1.08000e+00    1.83732e-01    
1.09839e+00    1.88993e-01    
1.11708e+00    1.94296e-01    
1.13610e+00    1.99635e-01    
1.15544e+00    2.05001e-01    
1.17511e+00    2.10389e-01    
1.19511e+00    2.15789e-01    
1.21545e+00    2.21195e-01    
1.23614e+00    2.26597e-01    
1.25719e+00    2.31987e-01    
1.27859e+00    2.37357e-01    
1.30035e+00    2.42696e-01    
1.32249e+00    2.47995e-01    
1.34500e+00    2.53246e-01    
1.36789e+00    2.58437e-01    
1.39118e+00    2.63560e-01    
1.41486e+00    2.68604e-01    
1.43894e+00    2.73560e-01    
1.46344e+00    2.78418e-01    
1.48835e+00    2.83170e-01    
1.51368e+00    2.87806e-01    
1.53945e+00    2.92317e-01    
1.56566e+00    2.96696e-01    
1.59231e+00    3.00933e-01    
1.61941e+00    3.05022e-01    
1.64698e+00    3.08954e-01    
1.67501e+00    3.12724e-01    
1.70353e+00    3.16325e-01    
1.73252e+00    3.19752e-01    
1.76202e+00    3.23000e-01    
1.79201e+00    3.26064e-01    
1.82251e+00    3.28939e-01    
1.85354e+00    3.31623e-01    
1.88509e+00    3.34110e-01    
1.91718e+00    3.36397e-01    
1.94981e+00    3.38481e-01    
1.98300e+00    3.40358e-01    
2.01676e+00    3.42028e-01    
2.05109e+00    3.43487e-01    
2.08601e+00    3.44732e-01    
2.12151e+00    3.45762e-01    
2.15763e+00    3.46574e-01    
2.19436e+00    3.47165e-01    
2.23171e+00    3.47533e-01    
2.26970e+00    3.47678e-01    
2.30833e+00    3.47598e-01    
2.34763e+00    3.47294e-01    
2.38759e+00    3.46767e-01    
2.42823e+00    3.46019e-01    
2.46957e+00    3.45051e-01    
2.51160e+00    3.43867e-01    
2.55436e+00    3.42473e-01    
2.59784e+00    3.40873e-01    
2.64206e+00    3.39075e-01    
2.68704e+00    3.37086e-01    
2.73278e+00    3.34913e-01    
2.77929e+00    3.32563e-01    
2.82660e+00    3.30041e-01    
2.87472e+00    3.27354e-01    
2.92365e+00    3.24505e-01    
2.97342e+00    3.21498e-01    
3.02404e+00    3.18335e-01    
3.07551e+00    3.15016e-01    
3.12787e+00    3.11540e-01    
3.18111e+00    3.07905e-01    
3.23526e+00    3.04108e-01    
3.29033e+00    3.00146e-01    
3.34634e+00    2.96013e-01    
3.40330e+00    2.91704e-01    
3.46124e+00    2.87214e-01    
3.52016e+00    2.82541e-01    
3.58008e+00    2.77682e-01    
3.64102e+00    2.72643e-01    
3.70300e+00    2.67432e-01    
3.76603e+00    2.62061e-01    
3.83014e+00    2.56550e-01    
3.89534e+00    2.50920e-01    
3.96165e+00    2.45195e-01    
4.02908e+00    2.39402e-01    
4.09767e+00    2.33566e-01    
4.16742e+00    2.27709e-01    
4.23836e+00    2.21853e-01    
4.31051e+00    2.16018e-01    
4.38388e+00    2.10220e-01    
4.45851e+00    2.04474e-01    
4.53440e+00    1.98792e-01    
4.61159e+00    1.93184e-01    
4.69009e+00    1.87657e-01    
4.76992e+00    1.82217e-01    
4.85112e+00    1.76870e-01    
4.93370e+00    1.71617e-01    
5.01768e+00    1.66463e-01    
5.10309e+00    1.61408e-01    
5.18996e+00    1.56454e-01    
5.27831e+00    1.51601e-01    
5.36816e+00    1.46848e-01    
5.45954e+00    1.42198e-01    
5.55247e+00    1.37647e-01    
5.64699e+00    1.33197e-01    
5.74311e+00    1.28847e-01    
5.84087e+00    1.24596e-01    
5.94030e+00    1.20443e-01    
6.04142e+00    1.16388e-01    
6.14426e+00    1.12431e-01    
6.24885e+00    1.08571e-01    
6.35522e+00    1.04807e-01    
6.46340e+00    1.01139e-01    
6.57342e+00    9.75664e-02    
6.68532e+00    9.40879e-02    
6.79912e+00    9.07029e-02    
6.91486e+00    8.74106e-02    
7.03256e+00    8.42102e-02    
7.15228e+00    8.11006e-02    
7.27403e+00    7.80809e-02    
7.39785e+00    7.51500e-02    
7.52378e+00    7.23068e-02    
7.65185e+00    6.95502e-02    
7.78210e+00    6.68789e-02    
7.91457e+00    6.42918e-02    
8.04930e+00    6.17875e-02    
8.18632e+00    5.93648e-02    
8.32567e+00    5.70225e-02    
8.46739e+00    5.47591e-02    
8.61153e+00    5.25733e-02    
8.75812e+00    5.04637e-02    
8.90720e+00    4.84285e-02    
9.05882e+00    4.64663e-02    
9.21303e+00    4.45752e-02    
9.36985e+00    4.27535e-02    
9.52935e+00    4.09994e-02    
9.69156e+00    3.93110e-02    
9.85654e+00    3.76862e-02    
1.00243e+01    3.61233e-02    
1.01950e+01    3.46201e-02    
1.03685e+01    3.31748e-02    
1.05450e+01    3.17854e-02    
1.07245e+01    3.04501e-02    
1.09071e+01    2.91669e-02    
1.10927e+01    2.79340e-02    
1.12815e+01    2.67497e-02    
1.14736e+01    2.56123e-02    
1.16689e+01    2.45200e-02    
1.18675e+01    2.34711e-02    
1.20695e+01    2.24643e-02    
1.22750e+01    2.14978e-02    
1.24839e+01    2.05703e-02    
1.26965e+01    1.96804e-02    
1.29126e+01    1.88266e-02    
1.31324e+01    1.80076e-02    
1.33559e+01    1.72221e-02    
1.35833e+01    1.64689e-02    
1.38145e+01    1.57468e-02    
1.40497e+01    1.50545e-02    
1.42888e+01    1.43910e-02    
1.45320e+01    1.37551e-02    
1.47794e+01    1.31458e-02    
1.50310e+01    1.25620e-02    
1.52869e+01    1.20028e-02    
1.55471e+01    1.14671e-02    
1.58117e+01    1.09541e-02    
1.60809e+01    1.04628e-02    
1.63546e+01    9.99253e-03    
1.66330e+01    9.54231e-03    
1.69161e+01    9.11139e-03    
1.72041e+01    8.69901e-03    
1.74970e+01    8.30442e-03    
1.77948e+01    7.92691e-03    
1.80977e+01    7.56579e-03    
1.84058e+01    7.22039e-03    
1.87191e+01    6.89008e-03    
1.90377e+01    6.57423e-03    
1.93618e+01    6.27225e-03    
1.96914e+01    5.98357e-03    
2.00266e+01    5.70764e-03    
2.03675e+01    5.44393e-03    
2.07142e+01    5.19192e-03    
2.10668e+01    4.95114e-03    
2.14254e+01    4.72110e-03    
2.17901e+01    4.50134e-03    
2.21610e+01    4.29143e-03    
2.25383e+01    4.09095e-03    
2.29219e+01    3.89950e-03    
2.33121e+01    3.71669e-03    
2.37089e+01    3.54215e-03    
2.41125e+01    3.37553e-03    
2.45230e+01    3.21648e-03    
2.49404e+01    3.06467e-03    
2.53650e+01    2.91979e-03    
2.57967e+01    2.78153e-03    
2.62359e+01    2.64962e-03    
2.66825e+01    2.52376e-03    
2.71367e+01    2.40370e-03    
2.75986e+01    2.28917e-03    
2.80684e+01    2.17993e-03    
2.85462e+01    2.07575e-03    
2.90321e+01    1.97641e-03    
2.95263e+01    1.88168e-03    
3.00289e+01    1.79137e-03    
3.05401e+01    1.70526e-03    
3.10599e+01    1.62319e-03    
3.15887e+01    1.54495e-03    
3.21264e+01    1.47039e-03    
3.26732e+01    1.39932e-03    
3.32294e+01    1.33161e-03    
3.37951e+01    1.26708e-03    
3.43703e+01    1.20561e-03    
3.49554e+01    1.14704e-03    
3.55504e+01    1.09125e-03    
3.61556e+01    1.03810e-03    
3.67710e+01    9.87485e-04    
3.73970e+01    9.39276e-04    
3.80336e+01    8.93367e-04    
3.86810e+01    8.49650e-04    
3.93394e+01    8.08024e-04    
4.00091e+01    7.68393e-04    
4.06901e+01    7.30662e-04    
4.13828e+01    6.94744e-04    
4.20872e+01    6.60553e-04    
4.28036e+01    6.28010e-04    
4.35323e+01    5.97037e-04    
4.42733e+01    5.67561e-04    
4.50269e+01    5.39510e-04    
4.57934e+01    5.12817e-04    
4.65729e+01    4.87420e-04    
4.73657e+01    4.63256e-04    
4.81720e+01    4.40267e-04    
4.89920e+01    4.18397e-04    
4.98259e+01    3.97593e-04    
5.06741e+01    3.77805e-04    
5.15367e+01    3.58984e-04    
5.24140e+01    3.41083e-04    
5.33062e+01    3.24060e-04    
5.42136e+01    3.07871e-04    
5.51364e+01    2.92477e-04    
5.60750e+01    2.77840e-04    
5.70295e+01    2.63923e-04    
5.80003e+01    2.50691e-04    
5.89876e+01    2.38113e-04    
5.99917e+01    2.26155e-04    
6.10129e+01    2.14788e-04    
6.20515e+01    2.03984e-04    
6.31078e+01    1.93714e-04    
6.41820e+01    1.83954e-04    
6.52746e+01    1.74679e-04    
6.63857e+01    1.65864e-04    
6.75158e+01    1.57487e-04    
6.86650e+01    1.49527e-04    
6.98339e+01    1.41964e-04    
7.10226e+01    1.34778e-04    
7.22316e+01    1.27951e-04    
7.34612e+01    1.21465e-04    
7.47117e+01    1.15304e-04    
7.59834e+01    1.09451e-04    
7.72769e+01    1.03891e-04    
7.85923e+01    9.86098e-05    
7.99301e+01    9.35938e-05    
8.12907e+01    8.88299e-05    
8.26745e+01    8.43055e-05    
8.40818e+01    8.00088e-05    
8.55131e+01    7.59286e-05    
8.69687e+01    7.20540e-05    
8.84492e+01    6.83750e-05    
8.99548e+01    6.48817e-05    
9.14860e+01    6.15650e-05    
9.30433e+01    5.84161e-05    
9.46272e+01    5.54265e-05    
9.62380e+01    5.25884e-05    
9.78762e+01    4.98943e-05    
9.95422e+01    4.73368e-05    
1.01237e+02    4.49093e-05    
1.02960e+02    4.26051e-05    
1.04713e+02    4.04181e-05    
1.06495e+02    3.83425e-05    
1.08308e+02    3.63726e-05    
1.10152e+02    3.45031e-05    
1.12027e+02    3.27290e-05    
1.13934e+02    3.10456e-05    
1.15873e+02    2.94481e-05    
1.17845e+02    2.79324e-05    
1.19851e+02    2.64942e-05    
1.21892e+02    2.51297e-05    
1.23967e+02    2.38351e-05    
1.26077e+02    2.26070e-05    
1.28223e+02    2.14419e-05    
1.30406e+02    2.03366e-05    
1.32625e+02    1.92882e-05    
1.34883e+02    1.82938e-05    
1.37179e+02    1.73505e-05    
1.39514e+02    1.64558e-05    
1.41889e+02    1.56073e-05    
1.44304e+02    1.48026e-05    
1.46761e+02    1.40394e-05    
1.49259e+02    1.33157e-05    
1.51800e+02    1.26294e-05    
1.54384e+02    1.19786e-05    
1.57012e+02    1.13616e-05    
1.59684e+02    1.07765e-05    
1.62403e+02    1.02218e-05    
1.65167e+02    9.69582e-06    
1.67979e+02    9.19719e-06    
1.70838e+02    8.72447e-06    
1.73746e+02    8.27633e-06    
1.76704e+02    7.85150e-06    
1.79712e+02    7.44878e-06    
1.82771e+02    7.06703e-06    
1.85882e+02    6.70517e-06    
1.89046e+02    6.36216e-06    
1.92264e+02    6.03703e-06    
1.95537e+02    5.72886e-06    
1.98865e+02    5.43675e-06    
2.02251e+02    5.15987e-06    
2.05693e+02    4.89743e-06    
2.09195e+02    4.64867e-06    
2.12756e+02    4.41288e-06    
2.16377e+02    4.18937e-06    
2.20061e+02    3.97750e-06    
2.23807e+02    3.77665e-06    
2.27616e+02    3.58626e-06    
2.31491e+02    3.40575e-06    
2.35432e+02    3.23462e-06    
2.39439e+02    3.07236e-06    
2.43515e+02    2.91850e-06    
2.47660e+02    2.77260e-06    
2.51876e+02    2.63423e-06    
2.56164e+02    2.50300e-06    
2.60524e+02    2.37852e-06    
2.64959e+02    2.26043e-06    
2.69469e+02    2.14840e-06    
2.74056e+02    2.04211e-06    
2.78721e+02    1.94124e-06    
2.83466e+02    1.84551e-06    
2.88291e+02    1.75464e-06    
2.93198e+02    1.66839e-06    
2.98189e+02    1.58649e-06    
3.03265e+02    1.50874e-06    
3.08428e+02    1.43490e-06    
3.13678e+02    1.36477e-06    
3.19017e+02    1.29815e-06    
3.24448e+02    1.23487e-06    
3.29971e+02    1.17474e-06    
3.35588e+02    1.11761e-06    
3.41300e+02    1.06331e-06    
3.47110e+02    1.01171e-06    
3.53018e+02    9.62655e-07    
3.59028e+02    9.16024e-07    
3.65139e+02    8.71691e-07    
3.71355e+02    8.29538e-07    
3.77676e+02    7.89454e-07    
3.84105e+02    7.51334e-07    
3.90644e+02    7.15079e-07    
3.97293e+02    6.80595e-07    
4.04056e+02    6.47792e-07    
4.10934e+02    6.16587e-07    
4.17929e+02    5.86900e-07    
4.25043e+02    5.58654e-07    
4.32279e+02    5.31779e-07    
4.39637e+02    5.06207e-07    
4.47121e+02    4.81873e-07    
4.54732e+02    4.58715e-07    
4.62473e+02    4.36677e-07    
4.70345e+02    4.15703e-07    
4.78351e+02    3.95741e-07    
4.86494e+02    3.76741e-07    
4.94775e+02    3.58657e-07    
5.03198e+02    3.41443e-07    
5.11763e+02    3.25058e-07    
5.20475e+02    3.09461e-07    
5.29335e+02    2.94614e-07    
5.38345e+02    2.80480e-07    
5.47509e+02    2.67025e-07    
5.56829e+02    2.54217e-07    
5.66308e+02    2.42023e-07    
5.75947e+02    2.30415e-07    
5.85752e+02    2.19363e-07    
5.95722e+02    2.08842e-07    
6.05863e+02    1.98825e-07    
6.16176e+02    1.89289e-07    
6.26665e+02    1.80210e-07    
6.37333e+02    1.71566e-07    
6.48181e+02    1.63336e-07    
6.59215e+02    1.55501e-07    
6.70437e+02    1.48041e-07    
6.81849e+02    1.40939e-07    
6.93456e+02    1.34177e-07    
7.05260e+02    1.27740e-07    
7.17265e+02    1.21610e-07    
7.29475e+02    1.15775e-07    
7.41892e+02    1.10218e-07    
7.54521e+02    1.04929e-07    
7.67365e+02    9.98923e-08    
7.80427e+02    9.50973e-08    
7.93712e+02    9.05321e-08    
8.07223e+02    8.61857e-08    
8.20964e+02    8.20475e-08    
8.34939e+02    7.81077e-08    
8.49151e+02    7.43568e-08    
8.63606e+02    7.07856e-08    
8.78307e+02    6.73856e-08    
8.93258e+02    6.41486e-08    
9.08463e+02    6.10668e-08    
9.23927e+02    5.81328e-08    
9.39655e+02    5.53395e-08    
9.55650e+02    5.26801e-08    
9.71918e+02    5.01483e-08    
9.88462e+02    4.77379e-08    
1.00529e+03    4.54431e-08    
1.02240e+03    4.32584e-08    
1.03980e+03    4.11786e-08    
1.05750e+03    3.91985e-08    
1.07551e+03    3.73135e-08    
1.09381e+03    3.55189e-08    
1.11243e+03    3.38105e-08    
1.13137e+03    3.21840e-08    
1.15063e+03    3.06357e-08    
1.17021e+03    2.91617e-08    
1.19013e+03    2.77584e-08    
1.21039e+03    2.64226e-08    
1.23100e+03    2.51509e-08    
1.25195e+03    2.39403e-08    
1.27326e+03    2.27879e-08    
1.29494e+03    2.16908e-08    
1.31698e+03    2.06464e-08    
1.33940e+03    1.96523e-08    
1.36220e+03    1.87059e-08    
1.38539e+03    1.78050e-08    
1.40897e+03    1.69473e-08    
1.43295e+03    1.61310e-08    
1.45734e+03    1.53538e-08    
1.48215e+03    1.46141e-08    
1.50738e+03    1.39099e-08    
1.53304e+03    1.32396e-08    
1.55914e+03    1.26015e-08    
1.58568e+03    1.19941e-08    
1.61267e+03    1.14160e-08    
1.64012e+03    1.08656e-08    
1.66804e+03    1.03418e-08    
1.69643e+03    9.84310e-09    
1.72531e+03    9.36845e-09    
1.75468e+03    8.91665e-09    
1.78455e+03    8.48659e-09    
1.81493e+03    8.07724e-09    
1.84582e+03    7.68760e-09    
1.87724e+03    7.31672e-09    
1.90920e+03    6.96371e-09    
1.94170e+03    6.62769e-09    
1.97475e+03    6.30786e-09    
2.00836e+03    6.00344e-09    
2.04255e+03    5.71368e-09    
2.07732e+03    5.43789e-09    
2.11268e+03    5.17538e-09    
2.14864e+03    4.92553e-09    
2.18522e+03    4.68772e-09    
2.22242e+03    4.46137e-09    
2.26025e+03    4.24593e-09    
2.29872e+03    4.04088e-09    
2.33785e+03    3.84571e-09    
2.37765e+03    3.65995e-09    
2.41812e+03    3.48316e-09    
2.45928e+03    3.31488e-09    
2.50115e+03    3.15473e-09    
2.54372e+03    3.00230e-09    
2.58702e+03    2.85722e-09    
2.63106e+03    2.71915e-09    
2.67585e+03    2.58773e-09    
2.72140e+03    2.46266e-09    
2.76772e+03    2.34362e-09    
2.81484e+03    2.23033e-09    
2.86275e+03    2.12250e-09    
2.91148e+03    2.01988e-09    
2.96104e+03    1.92222e-09    
3.01145e+03    1.82926e-09    
3.06271e+03    1.74080e-09    
3.11484e+03    1.65661e-09    
3.16787e+03    1.57649e-09    
3.22179e+03    1.50023e-09    
3.27663e+03    1.42766e-09    
3.33241e+03    1.35859e-09    
3.38914e+03    1.29286e-09    
3.44683e+03    1.23030e-09    
3.50550e+03    1.17077e-09    
3.56517e+03    1.11412e-09    
3.62586e+03    1.06020e-09    
3.68758e+03    1.00888e-09    
3.75035e+03    9.60052e-10    
3.81419e+03    9.13579e-10    
3.87912e+03    8.69354e-10    
3.94515e+03    8.27266e-10    
4.01231e+03    7.87213e-10    
4.08061e+03    7.49096e-10    
4.15007e+03    7.12823e-10    
4.22071e+03    6.78303e-10    
4.29256e+03    6.45453e-10    
4.36563e+03    6.14192e-10    
4.43994e+03    5.84443e-10    
4.51552e+03    5.56133e-10    
4.59239e+03    5.29192e-10    
4.67056e+03    5.03555e-10    
4.75006e+03    4.79158e-10    
4.83092e+03    4.55942e-10    
4.91316e+03    4.33849e-10    
4.99679e+03    4.12825e-10    
5.08185e+03    3.92819e-10    
5.16835e+03    3.73781e-10    
5.25633e+03    3.55665e-10    
5.34581e+03    3.38425e-10    
5.43681e+03    3.22021e-10    
5.52935e+03    3.06410e-10    
5.62348e+03    2.91555e-10    
5.71920e+03    2.77420e-10    
5.81656e+03    2.63968e-10    
5.91557e+03    2.51169e-10    
6.01627e+03    2.38989e-10    
6.11868e+03    2.27399e-10    
6.22283e+03    2.16371e-10    
6.32876e+03    2.05877e-10    
6.43649e+03    1.95891e-10    
6.54606e+03    1.86389e-10    
6.65748e+03    1.77347e-10    
6.77081e+03    1.68744e-10    
6.88607e+03    1.60557e-10    
7.00328e+03    1.52767e-10    
7.12250e+03    1.45355e-10    
7.24374e+03    1.38301e-10    
7.36705e+03    1.31590e-10    
7.49245e+03    1.25204e-10    
7.61999e+03    1.19128e-10    
7.74970e+03    1.13346e-10    
7.88162e+03    1.07844e-10    
8.01578e+03    1.02609e-10    
8.15223e+03    9.76285e-11    
8.29100e+03    9.28890e-11    
8.43214e+03    8.83794e-11    
8.57567e+03    8.40885e-11    
8.72165e+03    8.00057e-11    
8.87012e+03    7.61209e-11    
9.02111e+03    7.24245e-11    
9.17467e+03    6.89075e-11    
9.33084e+03    6.55610e-11    
9.48968e+03    6.23770e-11    
9.65121e+03    5.93473e-11    
9.81550e+03    5.64647e-11    
9.98258e+03    5.37220e-11    
1.01525e+04    5.11123e-11    
1.03253e+04    4.86293e-11    
1.05011e+04    4.62668e-11    
1.06798e+04    4.40190e-11    
1.08616e+04    4.18802e-11    
1.10465e+04    3.98453e-11    
1.12346e+04    3.79092e-11    
1.14258e+04    3.60670e-11    
1.16203e+04    3.43143e-11    
1.18181e+04    3.26466e-11    
1.20193e+04    3.10599e-11    
1.22239e+04    2.95503e-11    
1.24320e+04    2.81140e-11    
1.26436e+04    2.67474e-11    
1.28588e+04    2.54472e-11    
1.30777e+04    2.42101e-11    
1.33003e+04    2.30331e-11    
1.35267e+04    2.19133e-11    
1.37570e+04    2.08479e-11    
1.39912e+04    1.98342e-11    
1.42293e+04    1.88698e-11    
1.44715e+04    1.79522e-11    
1.47179e+04    1.70792e-11    
1.49684e+04    1.62486e-11    
1.52232e+04    1.54584e-11    
1.54823e+04    1.47066e-11    
1.57459e+04    1.39913e-11    
1.60139e+04    1.33107e-11    
1.62865e+04    1.26633e-11    
1.65638e+04    1.20473e-11    
1.68457e+04    1.14612e-11    
1.71325e+04    1.09036e-11    
1.74241e+04    1.03731e-11    
1.77207e+04    9.86846e-12    
1.80224e+04    9.38831e-12    
1.83291e+04    8.93150e-12    
1.86412e+04    8.49690e-12    
1.89585e+04    8.08343e-12    
1.92812e+04    7.69006e-12    
1.96094e+04    7.31582e-12    
1.99432e+04    6.95977e-12    
2.02827e+04    6.62104e-12    
2.06279e+04    6.29878e-12    
2.09791e+04    5.99220e-12    
2.13362e+04    5.70052e-12    
2.16994e+04    5.42304e-12    
2.20688e+04    5.15904e-12    
2.24444e+04    4.90789e-12    
2.28265e+04    4.66896e-12    
2.32151e+04    4.44165e-12    
2.36102e+04    4.22540e-12    
2.40121e+04    4.01966e-12    
2.44209e+04    3.82394e-12    
2.48366e+04    3.63774e-12    
2.52594e+04    3.46060e-12    
2.56893e+04    3.29208e-12    
2.61266e+04    3.13176e-12    
2.65714e+04    2.97924e-12    
2.70237e+04    2.83414e-12    
2.74837e+04    2.69611e-12    
2.79515e+04    2.56479e-12    
2.84273e+04    2.43986e-12    
2.89112e+04    2.32102e-12    
2.94034e+04    2.20795e-12    
2.99039e+04    2.10040e-12    
3.04129e+04    1.99808e-12    
3.09306e+04    1.90073e-12    
3.14571e+04    1.80813e-12    
3.19926e+04    1.72004e-12    
3.25372e+04    1.63623e-12    
3.30911e+04    1.55651e-12    
3.36544e+04    1.48067e-12    
3.42272e+04    1.40852e-12    
3.48099e+04    1.33988e-12    
3.54024e+04    1.27459e-12    
3.60051e+04    1.21247e-12    
3.66180e+04    1.15338e-12    
3.72413e+04    1.09717e-12    
3.78752e+04    1.04370e-12    
3.85199e+04    9.92828e-13    
3.91756e+04    9.44437e-13    
3.98425e+04    8.98402e-13    
4.05207e+04    8.54610e-13    
4.12105e+04    8.12951e-13    
4.19120e+04    7.73321e-13    
4.26254e+04    7.35622e-13    
4.33510e+04    6.99760e-13    
4.40890e+04    6.65645e-13    
4.48395e+04    6.33192e-13    
4.56027e+04    6.02320e-13    
4.63790e+04    5.72952e-13    
4.71685e+04    5.45016e-13    
4.79714e+04    5.18440e-13    
4.87880e+04    4.93160e-13    
4.96185e+04    4.69112e-13    
5.04631e+04    4.46235e-13    
5.13221e+04    4.24474e-13    
5.21958e+04    4.03773e-13    
5.30843e+04    3.84081e-13    
5.39879e+04    3.65349e-13    
5.49069e+04    3.47530e-13    
5.58415e+04    3.30579e-13    
5.67921e+04    3.14455e-13    
5.77588e+04    2.99117e-13    
5.87420e+04    2.84526e-13    
5.97420e+04    2.70647e-13    
6.07589e+04    2.57445e-13    
6.17932e+04    2.44886e-13    
6.28451e+04    2.32939e-13    
6.39148e+04    2.21575e-13    
6.50028e+04    2.10765e-13    
6.61093e+04    2.00482e-13    
6.72347e+04    1.90700e-13    
6.83792e+04    1.81396e-13    
6.95431e+04    1.72545e-13    
7.07269e+04    1.64126e-13    
7.19309e+04    1.56117e-13    
7.31553e+04    1.48499e-13    
7.44006e+04    1.41253e-13    
7.56671e+04    1.34359e-13    
7.69551e+04    1.27803e-13    
7.82651e+04    1.21565e-13    
7.95973e+04    1.15633e-13    
8.09523e+04    1.09989e-13    
8.23303e+04    1.04621e-13    
8.37317e+04    9.95146e-14    
8.51571e+04    9.46574e-14    
8.66066e+04    9.00372e-14    
8.80809e+04    8.56423e-14    
8.95803e+04    8.14618e-14    
9.11051e+04    7.74853e-14    
9.26560e+04    7.37029e-14    
9.42332e+04    7.01049e-14    
9.58373e+04    6.66825e-14    
9.74687e+04    6.34271e-14    
9.91278e+04    6.03306e-14    
1.00815e+05    5.73852e-14    
1.02531e+05    5.45834e-14    
1.04277e+05    5.19184e-14    
1.06052e+05    4.93835e-14    
1.07857e+05    4.69723e-14    
1.09693e+05    4.46787e-14    
1.11560e+05    4.24971e-14    
1.13459e+05    4.04219e-14    
1.15391e+05    3.84481e-14    
1.17355e+05    3.65706e-14    
1.19352e+05    3.47847e-14    
1.21384e+05    3.30860e-14    
1.23450e+05    3.14702e-14    
1.25552e+05    2.99333e-14    
1.27689e+05    2.84714e-14    
1.29863e+05    2.70808e-14    
1.32073e+05    2.57582e-14    
1.34321e+05    2.45001e-14    
1.36608e+05    2.33034e-14    
1.38933e+05    2.21652e-14    
1.41298e+05    2.10825e-14    
1.43703e+05    2.00527e-14    
1.46150e+05    1.90732e-14    
1.48637e+05    1.81415e-14    
1.51168e+05    1.72553e-14    
1.53741e+05    1.64124e-14    
1.56358e+05    1.56106e-14    
1.59020e+05    1.48480e-14    
1.61726e+05    1.41226e-14    
1.64479e+05    1.34326e-14    
1.67279e+05    1.27764e-14    
1.70127e+05    1.21521e-14    
1.73023e+05    1.15584e-14    
1.75968e+05    1.09937e-14    
1.78963e+05    1.04565e-14    
1.82010e+05    9.94560e-15    
1.85108e+05    9.45963e-15    
1.88259e+05    8.99740e-15    
1.91464e+05    8.55775e-15    
1.94723e+05    8.13957e-15    
1.98037e+05    7.74182e-15    
2.01409e+05    7.36350e-15    
2.04837e+05    7.00365e-15    
2.08324e+05    6.66139e-15    
2.11870e+05    6.33584e-15    
2.15477e+05    6.02620e-15    
2.19144e+05    5.73169e-15    
2.22875e+05    5.45156e-15    
2.26669e+05    5.18512e-15    
2.30527e+05    4.93170e-15    
2.34451e+05    4.69065e-15    
2.38442e+05    4.46139e-15    
2.42501e+05    4.24332e-15    
2.46629e+05    4.03591e-15    
2.50827e+05    3.83864e-15    
2.55097e+05    3.65100e-15    
2.59439e+05    3.47253e-15    
2.63856e+05    3.30279e-15    
2.68347e+05    3.14133e-15    
2.72915e+05    2.98777e-15    
2.77561e+05    2.84171e-15    
2.82285e+05    2.70279e-15    
2.87091e+05    2.57066e-15    
2.91978e+05    2.44498e-15    
2.96948e+05    2.32545e-15    
3.02003e+05    2.21176e-15    
3.07143e+05    2.10362e-15    
3.12372e+05    2.00077e-15    
3.17689e+05    1.90295e-15    
3.23097e+05    1.80991e-15    
3.28597e+05    1.72142e-15    
3.34190e+05    1.63725e-15    
3.39879e+05    1.55719e-15    
3.45665e+05    1.48105e-15    
3.51549e+05    1.40863e-15    
3.57533e+05    1.33975e-15    
3.63619e+05    1.27424e-15    
3.69809e+05    1.21193e-15    
3.76104e+05    1.15266e-15    
3.82506e+05    1.09629e-15    
3.89017e+05    1.04268e-15    
3.95639e+05    9.91692e-16    
4.02374e+05    9.43194e-16    
4.09223e+05    8.97067e-16    
4.16189e+05    8.53195e-16    
4.23274e+05    8.11468e-16    
4.30479e+05    7.71781e-16    
4.37807e+05    7.34034e-16    
4.45259e+05    6.98133e-16    
4.52839e+05    6.63988e-16    
4.60547e+05    6.31512e-16    
4.68387e+05    6.00624e-16    
4.76360e+05    5.71246e-16    
4.84469e+05    5.43305e-16    
4.92715e+05    5.16729e-16    
5.01103e+05    4.91454e-16    
5.09633e+05    4.67414e-16    
5.18308e+05    4.44550e-16    
5.27131e+05    4.22804e-16    
5.36104e+05    4.02122e-16    
5.45230e+05    3.82451e-16    
5.54511e+05    3.63742e-16    
5.63950e+05    3.45948e-16    
5.73550e+05    3.29024e-16    
5.83313e+05    3.12928e-16    
5.93242e+05    2.97619e-16    
6.03341e+05    2.83058e-16    
6.13611e+05    2.69210e-16    
6.24056e+05    2.56039e-16    
6.34679e+05    2.43513e-16    
6.45483e+05    2.31599e-16    
6.56470e+05    2.20268e-16    
6.67645e+05    2.09491e-16    
6.79010e+05    1.99241e-16    
6.90569e+05    1.89492e-16    
7.02324e+05    1.80221e-16    
7.14279e+05    1.71403e-16    
7.26438e+05    1.63016e-16    
7.38804e+05    1.55039e-16    
7.51380e+05    1.47453e-16    
7.64170e+05    1.40238e-16    
7.77178e+05    1.33376e-16    
7.90408e+05    1.26849e-16    
8.03862e+05    1.20642e-16    
8.17546e+05    1.14738e-16    
8.31463e+05    1.09124e-16    
8.45616e+05    1.03784e-16    
8.60010e+05    9.87047e-17    
8.74650e+05    9.38744e-17    
8.89539e+05    8.92804e-17    
9.04681e+05    8.49111e-17    
9.20081e+05    8.07556e-17    
9.35743e+05    7.68035e-17    
9.51671e+05    7.30447e-17    
9.67871e+05    6.94698e-17    
9.84347e+05    6.60698e-17    
1.00110e+06    6.28362e-17    
1.01814e+06    5.97609e-17    
1.03547e+06    5.68360e-17    
1.05310e+06    5.40542e-17    
1.07103e+06    5.14085e-17    
1.08926e+06    4.88923e-17    
1.10780e+06    4.64992e-17    
1.12666e+06    4.42233e-17    
1.14584e+06    4.20587e-17    
1.16534e+06    4.00000e-17    
1.18518e+06    3.80421e-17    
1.20535e+06    3.61800e-17    
1.22587e+06    3.44090e-17    
1.24674e+06    3.27247e-17    
1.26796e+06    3.11228e-17    
1.28955e+06    2.95993e-17    
1.31150e+06    2.81504e-17    
1.33382e+06    2.67724e-17    
1.35653e+06    2.54618e-17    
1.37962e+06    2.42153e-17    
1.40310e+06    2.30299e-17    
1.42699e+06    2.19025e-17    
1.45128e+06    2.08303e-17    
1.47598e+06    1.98105e-17    
1.50111e+06    1.88407e-17    
1.52666e+06    1.79183e-17    
1.55265e+06    1.70411e-17    
1.57908e+06    1.62068e-17    
1.60596e+06    1.54133e-17    
1.63329e+06    1.46587e-17    
1.66110e+06    1.39410e-17    
1.68937e+06    1.32585e-17    
1.71813e+06    1.26094e-17    
1.74738e+06    1.19920e-17    
1.77712e+06    1.14049e-17    
1.80737e+06    1.08465e-17    
1.83814e+06    1.03154e-17    
1.86943e+06    9.81032e-18    
1.90125e+06    9.32998e-18    
1.93361e+06    8.87315e-18    
1.96653e+06    8.43868e-18    
2.00000e+06    8.02549e-18    

