# USINE V4.0
# File generated 13-05-2022 09:46:19
# Model1DKisoVc
# BE
# SolMod0DFF_phi0_770GV
# R [GV]       TOA [GV m^{2} s sr]^{-1}
1.08008e-01    1.43598e-04    
1.09818e-01    1.50855e-04    
1.11658e-01    1.58477e-04    
1.13529e-01    1.66482e-04    
1.15431e-01    1.74890e-04    
1.17365e-01    1.83720e-04    
1.19332e-01    1.92994e-04    
1.21331e-01    2.02734e-04    
1.23364e-01    2.12963e-04    
1.25431e-01    2.23705e-04    
1.27533e-01    2.34986e-04    
1.29670e-01    2.46834e-04    
1.31843e-01    2.59275e-04    
1.34052e-01    2.72340e-04    
1.36298e-01    2.86060e-04    
1.38582e-01    3.00467e-04    
1.40904e-01    3.15595e-04    
1.43265e-01    3.31480e-04    
1.45666e-01    3.48160e-04    
1.48107e-01    3.65674e-04    
1.50588e-01    3.84063e-04    
1.53112e-01    4.03371e-04    
1.55677e-01    4.23643e-04    
1.58286e-01    4.44927e-04    
1.60938e-01    4.67273e-04    
1.63635e-01    4.90733e-04    
1.66376e-01    5.15363e-04    
1.69164e-01    5.41219e-04    
1.71999e-01    5.68363e-04    
1.74881e-01    5.96858e-04    
1.77811e-01    6.26770e-04    
1.80791e-01    6.58169e-04    
1.83820e-01    6.91128e-04    
1.86900e-01    7.25723e-04    
1.90032e-01    7.62035e-04    
1.93216e-01    8.00149e-04    
1.96454e-01    8.40151e-04    
1.99745e-01    8.82134e-04    
2.03092e-01    9.26190e-04    
2.06495e-01    9.72410e-04    
2.09955e-01    1.02090e-03    
2.13473e-01    1.07176e-03    
2.17050e-01    1.12511e-03    
2.20687e-01    1.18107e-03    
2.24385e-01    1.23976e-03    
2.28145e-01    1.30130e-03    
2.31968e-01    1.36583e-03    
2.35855e-01    1.43350e-03    
2.39807e-01    1.50445e-03    
2.43825e-01    1.57882e-03    
2.47911e-01    1.65679e-03    
2.52065e-01    1.73851e-03    
2.56288e-01    1.82416e-03    
2.60583e-01    1.91392e-03    
2.64949e-01    2.00798e-03    
2.69389e-01    2.10652e-03    
2.73902e-01    2.20977e-03    
2.78492e-01    2.31792e-03    
2.83158e-01    2.43120e-03    
2.87903e-01    2.54984e-03    
2.92727e-01    2.67408e-03    
2.97632e-01    2.80416e-03    
3.02619e-01    2.94035e-03    
3.07690e-01    3.08290e-03    
3.12846e-01    3.23210e-03    
3.18088e-01    3.38824e-03    
3.23418e-01    3.55162e-03    
3.28837e-01    3.72254e-03    
3.34347e-01    3.90132e-03    
3.39949e-01    4.08831e-03    
3.45646e-01    4.28384e-03    
3.51437e-01    4.48827e-03    
3.57326e-01    4.70197e-03    
3.63313e-01    4.92532e-03    
3.69401e-01    5.15871e-03    
3.75591e-01    5.40254e-03    
3.81884e-01    5.65724e-03    
3.88283e-01    5.92324e-03    
3.94789e-01    6.20098e-03    
4.01405e-01    6.49091e-03    
4.08131e-01    6.79351e-03    
4.14969e-01    7.10926e-03    
4.21923e-01    7.43865e-03    
4.28992e-01    7.78219e-03    
4.36181e-01    8.14040e-03    
4.43489e-01    8.51382e-03    
4.50920e-01    8.90298e-03    
4.58476e-01    9.30844e-03    
4.66158e-01    9.73078e-03    
4.73969e-01    1.01706e-02    
4.81911e-01    1.06284e-02    
4.89986e-01    1.11048e-02    
4.98197e-01    1.16005e-02    
5.06544e-01    1.21160e-02    
5.15032e-01    1.26520e-02    
5.23662e-01    1.32091e-02    
5.32437e-01    1.37880e-02    
5.41358e-01    1.43892e-02    
5.50429e-01    1.50134e-02    
5.59652e-01    1.56613e-02    
5.69030e-01    1.63334e-02    
5.78565e-01    1.70305e-02    
5.88259e-01    1.77531e-02    
5.98116e-01    1.85019e-02    
6.08138e-01    1.92775e-02    
6.18328e-01    2.00805e-02    
6.28689e-01    2.09116e-02    
6.39223e-01    2.17712e-02    
6.49934e-01    2.26600e-02    
6.60825e-01    2.35785e-02    
6.71898e-01    2.45272e-02    
6.83156e-01    2.55067e-02    
6.94603e-01    2.65173e-02    
7.06242e-01    2.75595e-02    
7.18076e-01    2.86337e-02    
7.30108e-01    2.97403e-02    
7.42342e-01    3.08795e-02    
7.54781e-01    3.20515e-02    
7.67428e-01    3.32566e-02    
7.80287e-01    3.44948e-02    
7.93362e-01    3.57662e-02    
8.06655e-01    3.70707e-02    
8.20172e-01    3.84083e-02    
8.33915e-01    3.97786e-02    
8.47888e-01    4.11815e-02    
8.62095e-01    4.26166e-02    
8.76540e-01    4.40833e-02    
8.91228e-01    4.55810e-02    
9.06161e-01    4.71091e-02    
9.21345e-01    4.86666e-02    
9.36783e-01    5.02528e-02    
9.52480e-01    5.18665e-02    
9.68440e-01    5.35065e-02    
9.84667e-01    5.51715e-02    
1.00117e+00    5.68602e-02    
1.01794e+00    5.85709e-02    
1.03500e+00    6.03020e-02    
1.05234e+00    6.20518e-02    
1.06997e+00    6.38184e-02    
1.08790e+00    6.55999e-02    
1.10613e+00    6.73945e-02    
1.12467e+00    6.92000e-02    
1.14351e+00    7.10146e-02    
1.16267e+00    7.28362e-02    
1.18215e+00    7.46628e-02    
1.20196e+00    7.64923e-02    
1.22210e+00    7.83226e-02    
1.24258e+00    8.01516e-02    
1.26340e+00    8.19771e-02    
1.28457e+00    8.37970e-02    
1.30610e+00    8.56093e-02    
1.32798e+00    8.74117e-02    
1.35023e+00    8.92021e-02    
1.37286e+00    9.09784e-02    
1.39586e+00    9.27384e-02    
1.41925e+00    9.44799e-02    
1.44303e+00    9.62007e-02    
1.46721e+00    9.78983e-02    
1.49180e+00    9.95704e-02    
1.51679e+00    1.01215e-01    
1.54221e+00    1.02829e-01    
1.56805e+00    1.04410e-01    
1.59432e+00    1.05957e-01    
1.62104e+00    1.07467e-01    
1.64820e+00    1.08937e-01    
1.67582e+00    1.10366e-01    
1.70390e+00    1.11752e-01    
1.73245e+00    1.13093e-01    
1.76148e+00    1.14386e-01    
1.79099e+00    1.15630e-01    
1.82100e+00    1.16823e-01    
1.85152e+00    1.17963e-01    
1.88254e+00    1.19048e-01    
1.91409e+00    1.20076e-01    
1.94616e+00    1.21046e-01    
1.97877e+00    1.21956e-01    
2.01193e+00    1.22804e-01    
2.04564e+00    1.23589e-01    
2.07991e+00    1.24308e-01    
2.11477e+00    1.24960e-01    
2.15020e+00    1.25543e-01    
2.18623e+00    1.26055e-01    
2.22286e+00    1.26493e-01    
2.26011e+00    1.26856e-01    
2.29798e+00    1.27139e-01    
2.33649e+00    1.27342e-01    
2.37564e+00    1.27462e-01    
2.41544e+00    1.27496e-01    
2.45592e+00    1.27443e-01    
2.49707e+00    1.27300e-01    
2.53891e+00    1.27068e-01    
2.58145e+00    1.26746e-01    
2.62471e+00    1.26335e-01    
2.66869e+00    1.25837e-01    
2.71340e+00    1.25257e-01    
2.75887e+00    1.24598e-01    
2.80510e+00    1.23865e-01    
2.85210e+00    1.23062e-01    
2.89989e+00    1.22192e-01    
2.94848e+00    1.21260e-01    
2.99789e+00    1.20269e-01    
3.04812e+00    1.19221e-01    
3.09919e+00    1.18117e-01    
3.15112e+00    1.16959e-01    
3.20393e+00    1.15743e-01    
3.25761e+00    1.14468e-01    
3.31220e+00    1.13132e-01    
3.36769e+00    1.11730e-01    
3.42412e+00    1.10260e-01    
3.48150e+00    1.08717e-01    
3.53984e+00    1.07099e-01    
3.59915e+00    1.05405e-01    
3.65946e+00    1.03635e-01    
3.72078e+00    1.01792e-01    
3.78312e+00    9.98810e-02    
3.84651e+00    9.79106e-02    
3.91097e+00    9.58894e-02    
3.97650e+00    9.38272e-02    
4.04313e+00    9.17337e-02    
4.11088e+00    8.96185e-02    
4.17976e+00    8.74900e-02    
4.24979e+00    8.53559e-02    
4.32100e+00    8.32225e-02    
4.39341e+00    8.10950e-02    
4.46702e+00    7.89777e-02    
4.54187e+00    7.68746e-02    
4.61798e+00    7.47888e-02    
4.69536e+00    7.27233e-02    
4.77403e+00    7.06802e-02    
4.85403e+00    6.86617e-02    
4.93536e+00    6.66695e-02    
5.01806e+00    6.47054e-02    
5.10214e+00    6.27713e-02    
5.18764e+00    6.08690e-02    
5.27456e+00    5.90002e-02    
5.36294e+00    5.71662e-02    
5.45280e+00    5.53683e-02    
5.54417e+00    5.36074e-02    
5.63707e+00    5.18842e-02    
5.73153e+00    5.01993e-02    
5.82757e+00    4.85530e-02    
5.92521e+00    4.69455e-02    
6.02450e+00    4.53764e-02    
6.12544e+00    4.38452e-02    
6.22808e+00    4.23515e-02    
6.33244e+00    4.08947e-02    
6.43855e+00    3.94744e-02    
6.54643e+00    3.80900e-02    
6.65613e+00    3.67412e-02    
6.76766e+00    3.54274e-02    
6.88106e+00    3.41486e-02    
6.99636e+00    3.29045e-02    
7.11359e+00    3.16954e-02    
7.23278e+00    3.05216e-02    
7.35398e+00    2.93831e-02    
7.47720e+00    2.82801e-02    
7.60249e+00    2.72124e-02    
7.72988e+00    2.61798e-02    
7.85940e+00    2.51819e-02    
7.99110e+00    2.42180e-02    
8.12500e+00    2.32871e-02    
8.26114e+00    2.23883e-02    
8.39956e+00    2.15202e-02    
8.54031e+00    2.06816e-02    
8.68341e+00    1.98713e-02    
8.82891e+00    1.90882e-02    
8.97685e+00    1.83313e-02    
9.12727e+00    1.75997e-02    
9.28020e+00    1.68926e-02    
9.43570e+00    1.62097e-02    
9.59381e+00    1.55505e-02    
9.75457e+00    1.49148e-02    
9.91801e+00    1.43022e-02    
1.00842e+01    1.37123e-02    
1.02532e+01    1.31447e-02    
1.04250e+01    1.25989e-02    
1.05997e+01    1.20746e-02    
1.07773e+01    1.15712e-02    
1.09579e+01    1.10879e-02    
1.11415e+01    1.06241e-02    
1.13282e+01    1.01789e-02    
1.15180e+01    9.75156e-03    
1.17110e+01    9.34142e-03    
1.19072e+01    8.94773e-03    
1.21067e+01    8.56982e-03    
1.23096e+01    8.20703e-03    
1.25158e+01    7.85873e-03    
1.27256e+01    7.52435e-03    
1.29388e+01    7.20336e-03    
1.31556e+01    6.89528e-03    
1.33760e+01    6.59962e-03    
1.36002e+01    6.31593e-03    
1.38280e+01    6.04377e-03    
1.40597e+01    5.78271e-03    
1.42953e+01    5.53234e-03    
1.45349e+01    5.29227e-03    
1.47784e+01    5.06213e-03    
1.50260e+01    4.84152e-03    
1.52778e+01    4.63008e-03    
1.55338e+01    4.42745e-03    
1.57941e+01    4.23328e-03    
1.60588e+01    4.04723e-03    
1.63278e+01    3.86900e-03    
1.66014e+01    3.69827e-03    
1.68796e+01    3.53474e-03    
1.71624e+01    3.37813e-03    
1.74500e+01    3.22815e-03    
1.77424e+01    3.08456e-03    
1.80397e+01    2.94709e-03    
1.83420e+01    2.81552e-03    
1.86493e+01    2.68963e-03    
1.89618e+01    2.56916e-03    
1.92795e+01    2.45387e-03    
1.96026e+01    2.34357e-03    
1.99311e+01    2.23805e-03    
2.02650e+01    2.13712e-03    
2.06046e+01    2.04059e-03    
2.09498e+01    1.94828e-03    
2.13009e+01    1.86001e-03    
2.16578e+01    1.77563e-03    
2.20207e+01    1.69496e-03    
2.23897e+01    1.61785e-03    
2.27648e+01    1.54415e-03    
2.31463e+01    1.47373e-03    
2.35341e+01    1.40644e-03    
2.39285e+01    1.34213e-03    
2.43294e+01    1.28069e-03    
2.47371e+01    1.22197e-03    
2.51516e+01    1.16587e-03    
2.55730e+01    1.11226e-03    
2.60015e+01    1.06106e-03    
2.64372e+01    1.01214e-03    
2.68802e+01    9.65425e-04    
2.73306e+01    9.20808e-04    
2.77886e+01    8.78191e-04    
2.82542e+01    8.37491e-04    
2.87276e+01    7.98625e-04    
2.92090e+01    7.61511e-04    
2.96984e+01    7.26075e-04    
3.01961e+01    6.92244e-04    
3.07020e+01    6.59946e-04    
3.12165e+01    6.29115e-04    
3.17395e+01    5.99686e-04    
3.22714e+01    5.71599e-04    
3.28121e+01    5.44792e-04    
3.33619e+01    5.19211e-04    
3.39209e+01    4.94801e-04    
3.44893e+01    4.71510e-04    
3.50672e+01    4.49287e-04    
3.56548e+01    4.28087e-04    
3.62523e+01    4.07862e-04    
3.68597e+01    3.88570e-04    
3.74773e+01    3.70169e-04    
3.81053e+01    3.52619e-04    
3.87438e+01    3.35881e-04    
3.93930e+01    3.19919e-04    
4.00531e+01    3.04698e-04    
4.07242e+01    2.90185e-04    
4.14066e+01    2.76347e-04    
4.21004e+01    2.63155e-04    
4.28059e+01    2.50578e-04    
4.35231e+01    2.38589e-04    
4.42524e+01    2.27162e-04    
4.49939e+01    2.16269e-04    
4.57478e+01    2.05888e-04    
4.65144e+01    1.95994e-04    
4.72938e+01    1.86566e-04    
4.80862e+01    1.77582e-04    
4.88920e+01    1.69021e-04    
4.97112e+01    1.60865e-04    
5.05442e+01    1.53094e-04    
5.13911e+01    1.45691e-04    
5.22522e+01    1.38638e-04    
5.31278e+01    1.31920e-04    
5.40180e+01    1.25522e-04    
5.49231e+01    1.19427e-04    
5.58434e+01    1.13623e-04    
5.67791e+01    1.08095e-04    
5.77305e+01    1.02831e-04    
5.86979e+01    9.78183e-05    
5.96814e+01    9.30455e-05    
6.06815e+01    8.85012e-05    
6.16982e+01    8.41747e-05    
6.27321e+01    8.00559e-05    
6.37832e+01    7.61349e-05    
6.48520e+01    7.24025e-05    
6.59386e+01    6.88498e-05    
6.70435e+01    6.54684e-05    
6.81669e+01    6.22501e-05    
6.93091e+01    5.91872e-05    
7.04705e+01    5.62725e-05    
7.16513e+01    5.34989e-05    
7.28519e+01    5.08597e-05    
7.40726e+01    4.83485e-05    
7.53138e+01    4.59592e-05    
7.65757e+01    4.36862e-05    
7.78588e+01    4.15237e-05    
7.91635e+01    3.94666e-05    
8.04899e+01    3.75098e-05    
8.18386e+01    3.56485e-05    
8.32099e+01    3.38782e-05    
8.46042e+01    3.21944e-05    
8.60218e+01    3.05932e-05    
8.74632e+01    2.90704e-05    
8.89288e+01    2.76223e-05    
9.04189e+01    2.62453e-05    
9.19340e+01    2.49361e-05    
9.34744e+01    2.36912e-05    
9.50407e+01    2.25077e-05    
9.66332e+01    2.13826e-05    
9.82524e+01    2.03130e-05    
9.98987e+01    1.92962e-05    
1.01573e+02    1.83297e-05    
1.03275e+02    1.74111e-05    
1.05005e+02    1.65379e-05    
1.06765e+02    1.57081e-05    
1.08554e+02    1.49195e-05    
1.10372e+02    1.41701e-05    
1.12222e+02    1.34579e-05    
1.14102e+02    1.27813e-05    
1.16014e+02    1.21383e-05    
1.17958e+02    1.15274e-05    
1.19935e+02    1.09470e-05    
1.21944e+02    1.03956e-05    
1.23988e+02    9.87186e-06    
1.26065e+02    9.37429e-06    
1.28178e+02    8.90167e-06    
1.30325e+02    8.45275e-06    
1.32509e+02    8.02638e-06    
1.34729e+02    7.62144e-06    
1.36987e+02    7.23687e-06    
1.39282e+02    6.87167e-06    
1.41616e+02    6.52487e-06    
1.43989e+02    6.19556e-06    
1.46402e+02    5.88288e-06    
1.48855e+02    5.58601e-06    
1.51349e+02    5.30414e-06    
1.53885e+02    5.03655e-06    
1.56464e+02    4.78251e-06    
1.59085e+02    4.54135e-06    
1.61751e+02    4.31243e-06    
1.64461e+02    4.09513e-06    
1.67217e+02    3.88887e-06    
1.70019e+02    3.69310e-06    
1.72868e+02    3.50729e-06    
1.75765e+02    3.33094e-06    
1.78710e+02    3.16357e-06    
1.81704e+02    3.00473e-06    
1.84749e+02    2.85399e-06    
1.87844e+02    2.71094e-06    
1.90992e+02    2.57519e-06    
1.94192e+02    2.44636e-06    
1.97446e+02    2.32410e-06    
2.00755e+02    2.20809e-06    
2.04119e+02    2.09799e-06    
2.07539e+02    1.99351e-06    
2.11016e+02    1.89437e-06    
2.14552e+02    1.80027e-06    
2.18147e+02    1.71097e-06    
2.21802e+02    1.62623e-06    
2.25519e+02    1.54579e-06    
2.29298e+02    1.46944e-06    
2.33140e+02    1.39698e-06    
2.37047e+02    1.32819e-06    
2.41018e+02    1.26289e-06    
2.45057e+02    1.20090e-06    
2.49163e+02    1.14204e-06    
2.53338e+02    1.08616e-06    
2.57583e+02    1.03309e-06    
2.61899e+02    9.82692e-07    
2.66288e+02    9.34827e-07    
2.70750e+02    8.89364e-07    
2.75286e+02    8.46176e-07    
2.79899e+02    8.05146e-07    
2.84589e+02    7.66163e-07    
2.89358e+02    7.29119e-07    
2.94206e+02    6.93915e-07    
2.99136e+02    6.60456e-07    
3.04148e+02    6.28652e-07    
3.09245e+02    5.98417e-07    
3.14427e+02    5.69671e-07    
3.19695e+02    5.42338e-07    
3.25052e+02    5.16346e-07    
3.30499e+02    4.91626e-07    
3.36036e+02    4.68113e-07    
3.41667e+02    4.45747e-07    
3.47392e+02    4.24468e-07    
3.53213e+02    4.04224e-07    
3.59132e+02    3.84960e-07    
3.65149e+02    3.66629e-07    
3.71268e+02    3.49184e-07    
3.77489e+02    3.32580e-07    
3.83814e+02    3.16775e-07    
3.90245e+02    3.01731e-07    
3.96784e+02    2.87409e-07    
4.03433e+02    2.73773e-07    
4.10193e+02    2.60791e-07    
4.17066e+02    2.48430e-07    
4.24054e+02    2.36659e-07    
4.31160e+02    2.25450e-07    
4.38384e+02    2.14776e-07    
4.45730e+02    2.04610e-07    
4.53199e+02    1.94928e-07    
4.60793e+02    1.85706e-07    
4.68514e+02    1.76922e-07    
4.76364e+02    1.68556e-07    
4.84346e+02    1.60586e-07    
4.92462e+02    1.52995e-07    
5.00714e+02    1.45763e-07    
5.09104e+02    1.38874e-07    
5.17634e+02    1.32311e-07    
5.26308e+02    1.26059e-07    
5.35127e+02    1.20102e-07    
5.44094e+02    1.14427e-07    
5.53210e+02    1.09021e-07    
5.62480e+02    1.03870e-07    
5.71905e+02    9.89622e-08    
5.81488e+02    9.42865e-08    
5.91232e+02    8.98317e-08    
6.01138e+02    8.55872e-08    
6.11211e+02    8.15432e-08    
6.21453e+02    7.76901e-08    
6.31866e+02    7.40188e-08    
6.42453e+02    7.05209e-08    
6.53218e+02    6.71881e-08    
6.64164e+02    6.40126e-08    
6.75293e+02    6.09870e-08    
6.86608e+02    5.81042e-08    
6.98113e+02    5.53574e-08    
7.09810e+02    5.27403e-08    
7.21704e+02    5.02467e-08    
7.33797e+02    4.78707e-08    
7.46093e+02    4.56069e-08    
7.58594e+02    4.34500e-08    
7.71305e+02    4.13949e-08    
7.84230e+02    3.94368e-08    
7.97370e+02    3.75711e-08    
8.10731e+02    3.57935e-08    
8.24316e+02    3.40998e-08    
8.38128e+02    3.24861e-08    
8.52172e+02    3.09486e-08    
8.66451e+02    2.94837e-08    
8.80969e+02    2.80880e-08    
8.95731e+02    2.67583e-08    
9.10740e+02    2.54913e-08    
9.26000e+02    2.42842e-08    
9.41517e+02    2.31342e-08    
9.57293e+02    2.20385e-08    
9.73333e+02    2.09945e-08    
9.89643e+02    1.99999e-08    
1.00623e+03    1.90524e-08    
1.02309e+03    1.81496e-08    
1.04023e+03    1.72895e-08    
1.05766e+03    1.64700e-08    
1.07538e+03    1.56894e-08    
1.09340e+03    1.49456e-08    
1.11172e+03    1.42370e-08    
1.13035e+03    1.35620e-08    
1.14929e+03    1.29189e-08    
1.16855e+03    1.23062e-08    
1.18813e+03    1.17225e-08    
1.20804e+03    1.11664e-08    
1.22828e+03    1.06367e-08    
1.24886e+03    1.01320e-08    
1.26979e+03    9.65126e-09    
1.29106e+03    9.19325e-09    
1.31270e+03    8.75694e-09    
1.33469e+03    8.34129e-09    
1.35706e+03    7.94533e-09    
1.37979e+03    7.56812e-09    
1.40291e+03    7.20879e-09    
1.42642e+03    6.86648e-09    
1.45032e+03    6.54040e-09    
1.47463e+03    6.22977e-09    
1.49933e+03    5.93386e-09    
1.52446e+03    5.65198e-09    
1.55000e+03    5.38347e-09    
1.57597e+03    5.12769e-09    
1.60238e+03    4.88403e-09    
1.62923e+03    4.65194e-09    
1.65653e+03    4.43085e-09    
1.68429e+03    4.22025e-09    
1.71251e+03    4.01964e-09    
1.74120e+03    3.82854e-09    
1.77038e+03    3.64652e-09    
1.80004e+03    3.47313e-09    
1.83021e+03    3.30798e-09    
1.86087e+03    3.15066e-09    
1.89205e+03    3.00081e-09    
1.92376e+03    2.85808e-09    
1.95599e+03    2.72212e-09    
1.98877e+03    2.59262e-09    
2.02209e+03    2.46926e-09    
2.05597e+03    2.35177e-09    
2.09042e+03    2.23986e-09    
2.12545e+03    2.13326e-09    
2.16107e+03    2.03173e-09    
2.19728e+03    1.93502e-09    
2.23409e+03    1.84291e-09    
2.27153e+03    1.75518e-09    
2.30959e+03    1.67161e-09    
2.34829e+03    1.59202e-09    
2.38764e+03    1.51621e-09    
2.42765e+03    1.44401e-09    
2.46833e+03    1.37524e-09    
2.50968e+03    1.30973e-09    
2.55174e+03    1.24735e-09    
2.59449e+03    1.18793e-09    
2.63797e+03    1.13133e-09    
2.68217e+03    1.07743e-09    
2.72711e+03    1.02609e-09    
2.77281e+03    9.77197e-10    
2.81927e+03    9.30629e-10    
2.86651e+03    8.86276e-10    
2.91454e+03    8.44033e-10    
2.96338e+03    8.03801e-10    
3.01303e+03    7.65484e-10    
3.06352e+03    7.28991e-10    
3.11485e+03    6.94235e-10    
3.16705e+03    6.61134e-10    
3.22011e+03    6.29608e-10    
3.27407e+03    5.99584e-10    
3.32893e+03    5.70989e-10    
3.38471e+03    5.43757e-10    
3.44143e+03    5.17821e-10    
3.49909e+03    4.93121e-10    
3.55772e+03    4.69597e-10    
3.61734e+03    4.47194e-10    
3.67795e+03    4.25858e-10    
3.73958e+03    4.05538e-10    
3.80224e+03    3.86187e-10    
3.86595e+03    3.67758e-10    
3.93073e+03    3.50208e-10    
3.99659e+03    3.33493e-10    
4.06356e+03    3.17576e-10    
4.13165e+03    3.02417e-10    
4.20088e+03    2.87981e-10    
4.27127e+03    2.74233e-10    
4.34284e+03    2.61140e-10    
4.41561e+03    2.48672e-10    
4.48960e+03    2.36798e-10    
4.56482e+03    2.25491e-10    
4.64131e+03    2.14723e-10    
4.71908e+03    2.04468e-10    
4.79816e+03    1.94703e-10    
4.87855e+03    1.85403e-10    
4.96030e+03    1.76547e-10    
5.04342e+03    1.68114e-10    
5.12792e+03    1.60083e-10    
5.21385e+03    1.52435e-10    
5.30121e+03    1.45152e-10    
5.39004e+03    1.38216e-10    
5.48036e+03    1.31612e-10    
5.57219e+03    1.25323e-10    
5.66555e+03    1.19334e-10    
5.76049e+03    1.13630e-10    
5.85701e+03    1.08200e-10    
5.95515e+03    1.03028e-10    
6.05494e+03    9.81031e-11    
6.15639e+03    9.34136e-11    
6.25955e+03    8.89479e-11    
6.36444e+03    8.46955e-11    
6.47108e+03    8.06461e-11    
6.57951e+03    7.67902e-11    
6.68976e+03    7.31184e-11    
6.80185e+03    6.96219e-11    
6.91583e+03    6.62925e-11    
7.03171e+03    6.31222e-11    
7.14953e+03    6.01033e-11    
7.26933e+03    5.72286e-11    
7.39114e+03    5.44913e-11    
7.51498e+03    5.18847e-11    
7.64091e+03    4.94027e-11    
7.76894e+03    4.70394e-11    
7.89911e+03    4.47889e-11    
8.03147e+03    4.26461e-11    
8.16605e+03    4.06056e-11    
8.30288e+03    3.86627e-11    
8.44201e+03    3.68126e-11    
8.58346e+03    3.50510e-11    
8.72729e+03    3.33736e-11    
8.87352e+03    3.17764e-11    
9.02221e+03    3.02555e-11    
9.17338e+03    2.88074e-11    
9.32710e+03    2.74285e-11    
9.48338e+03    2.61156e-11    
9.64229e+03    2.48654e-11    
9.80385e+03    2.36750e-11    
9.96813e+03    2.25416e-11    
1.01352e+04    2.14624e-11    
1.03050e+04    2.04348e-11    
1.04777e+04    1.94563e-11    
1.06532e+04    1.85247e-11    
1.08317e+04    1.76376e-11    
1.10132e+04    1.67930e-11    
1.11978e+04    1.59887e-11    
1.13854e+04    1.52230e-11    
1.15762e+04    1.44939e-11    
1.17701e+04    1.37997e-11    
1.19674e+04    1.31387e-11    
1.21679e+04    1.25093e-11    
1.23718e+04    1.19101e-11    
1.25791e+04    1.13395e-11    
1.27899e+04    1.07963e-11    
1.30042e+04    1.02790e-11    
1.32221e+04    9.78653e-12    
1.34436e+04    9.31762e-12    
1.36689e+04    8.87115e-12    
1.38979e+04    8.44606e-12    
1.41308e+04    8.04132e-12    
1.43676e+04    7.65597e-12    
1.46083e+04    7.28906e-12    
1.48531e+04    6.93972e-12    
1.51020e+04    6.60711e-12    
1.53550e+04    6.29043e-12    
1.56123e+04    5.98891e-12    
1.58739e+04    5.70184e-12    
1.61399e+04    5.42852e-12    
1.64103e+04    5.16828e-12    
1.66853e+04    4.92051e-12    
1.69649e+04    4.68461e-12    
1.72492e+04    4.46001e-12    
1.75382e+04    4.24618e-12    
1.78321e+04    4.04258e-12    
1.81309e+04    3.84874e-12    
1.84347e+04    3.66419e-12    
1.87436e+04    3.48848e-12    
1.90576e+04    3.32119e-12    
1.93770e+04    3.16191e-12    
1.97016e+04    3.01027e-12    
2.00318e+04    2.86589e-12    
2.03674e+04    2.72844e-12    
2.07087e+04    2.59757e-12    
2.10557e+04    2.47297e-12    
2.14085e+04    2.35435e-12    
2.17672e+04    2.24141e-12    
2.21320e+04    2.13389e-12    
2.25028e+04    2.03152e-12    
2.28799e+04    1.93406e-12    
2.32633e+04    1.84127e-12    
2.36531e+04    1.75292e-12    
2.40494e+04    1.66882e-12    
2.44524e+04    1.58875e-12    
2.48621e+04    1.51251e-12    
2.52787e+04    1.43993e-12    
2.57023e+04    1.37083e-12    
2.61329e+04    1.30505e-12    
2.65708e+04    1.24242e-12    
2.70160e+04    1.18279e-12    
2.74687e+04    1.12603e-12    
2.79290e+04    1.07198e-12    
2.83970e+04    1.02053e-12    
2.88728e+04    9.71546e-13    
2.93566e+04    9.24912e-13    
2.98485e+04    8.80514e-13    
3.03486e+04    8.38246e-13    
3.08572e+04    7.98006e-13    
3.13742e+04    7.59696e-13    
3.18999e+04    7.23225e-13    
3.24344e+04    6.88503e-13    
3.29779e+04    6.55447e-13    
3.35305e+04    6.23977e-13    
3.40923e+04    5.94017e-13    
3.46636e+04    5.65494e-13    
3.52444e+04    5.38341e-13    
3.58350e+04    5.12490e-13    
3.64354e+04    4.87880e-13    
3.70460e+04    4.64451e-13    
3.76667e+04    4.42146e-13    
3.82979e+04    4.20912e-13    
3.89396e+04    4.00697e-13    
3.95921e+04    3.81452e-13    
4.02555e+04    3.63131e-13    
4.09300e+04    3.45690e-13    
4.16158e+04    3.29085e-13    
4.23131e+04    3.13278e-13    
4.30221e+04    2.98229e-13    
4.37430e+04    2.83903e-13    
4.44760e+04    2.70265e-13    
4.52212e+04    2.57282e-13    
4.59790e+04    2.44922e-13    
4.67494e+04    2.33155e-13    
4.75327e+04    2.21953e-13    
4.83292e+04    2.11289e-13    
4.91390e+04    2.01138e-13    
4.99624e+04    1.91473e-13    
5.07996e+04    1.82273e-13    
5.16508e+04    1.73515e-13    
5.25162e+04    1.65177e-13    
5.33962e+04    1.57240e-13    
5.42909e+04    1.49684e-13    
5.52006e+04    1.42490e-13    
5.61256e+04    1.35643e-13    
5.70660e+04    1.29124e-13    
5.80222e+04    1.22918e-13    
5.89945e+04    1.17011e-13    
5.99830e+04    1.11387e-13    
6.09881e+04    1.06033e-13    
6.20100e+04    1.00936e-13    
6.30490e+04    9.60848e-14    
6.41055e+04    9.14662e-14    
6.51797e+04    8.70695e-14    
6.62718e+04    8.28840e-14    
6.73823e+04    7.88997e-14    
6.85113e+04    7.51067e-14    
6.96593e+04    7.14960e-14    
7.08265e+04    6.80588e-14    
7.20133e+04    6.47868e-14    
7.32200e+04    6.16720e-14    
7.44469e+04    5.87069e-14    
7.56943e+04    5.58842e-14    
7.69627e+04    5.31972e-14    
7.82522e+04    5.06394e-14    
7.95635e+04    4.82044e-14    
8.08966e+04    4.58865e-14    
8.22521e+04    4.36800e-14    
8.36304e+04    4.15796e-14    
8.50317e+04    3.95801e-14    
8.64565e+04    3.76767e-14    
8.79052e+04    3.58648e-14    
8.93781e+04    3.41399e-14    
9.08758e+04    3.24981e-14    
9.23985e+04    3.09351e-14    
9.39467e+04    2.94472e-14    
9.55209e+04    2.80309e-14    
9.71215e+04    2.66827e-14    
9.87488e+04    2.53993e-14    
1.00403e+05    2.41776e-14    
1.02086e+05    2.30146e-14    
1.03796e+05    2.19076e-14    
1.05536e+05    2.08538e-14    
1.07304e+05    1.98506e-14    
1.09102e+05    1.88957e-14    
1.10930e+05    1.79867e-14    
1.12789e+05    1.71214e-14    
1.14679e+05    1.62977e-14    
1.16600e+05    1.55136e-14    
1.18554e+05    1.47673e-14    
1.20541e+05    1.40568e-14    
1.22560e+05    1.33805e-14    
1.24614e+05    1.27367e-14    
1.26702e+05    1.21239e-14    
1.28825e+05    1.15405e-14    
1.30984e+05    1.09852e-14    
1.33179e+05    1.04566e-14    
1.35410e+05    9.95347e-15    
1.37679e+05    9.47451e-15    
1.39986e+05    9.01859e-15    
1.42332e+05    8.58460e-15    
1.44717e+05    8.17148e-15    
1.47142e+05    7.77824e-15    
1.49607e+05    7.40391e-15    
1.52114e+05    7.04759e-15    
1.54663e+05    6.70841e-15    
1.57254e+05    6.38555e-15    
1.59889e+05    6.07822e-15    
1.62568e+05    5.78568e-15    
1.65292e+05    5.50721e-15    
1.68062e+05    5.24214e-15    
1.70878e+05    4.98982e-15    
1.73741e+05    4.74965e-15    
1.76653e+05    4.52103e-15    
1.79613e+05    4.30340e-15    
1.82622e+05    4.09625e-15    
1.85682e+05    3.89907e-15    
1.88794e+05    3.71138e-15    
1.91957e+05    3.53272e-15    
1.95173e+05    3.36265e-15    
1.98444e+05    3.20077e-15    
2.01769e+05    3.04668e-15    
2.05150e+05    2.90001e-15    
2.08587e+05    2.76039e-15    
2.12083e+05    2.62749e-15    
2.15636e+05    2.50099e-15    
2.19249e+05    2.38058e-15    
2.22923e+05    2.26596e-15    
2.26659e+05    2.15686e-15    
2.30456e+05    2.05301e-15    
2.34318e+05    1.95416e-15    
2.38244e+05    1.86007e-15    
2.42236e+05    1.77050e-15    
2.46295e+05    1.68525e-15    
2.50422e+05    1.60410e-15    
2.54618e+05    1.52685e-15    
2.58885e+05    1.45333e-15    
2.63223e+05    1.38334e-15    
2.67633e+05    1.31673e-15    
2.72118e+05    1.25332e-15    
2.76677e+05    1.19296e-15    
2.81313e+05    1.13551e-15    
2.86027e+05    1.08082e-15    
2.90820e+05    1.02877e-15    
2.95693e+05    9.79224e-16    
3.00648e+05    9.32063e-16    
3.05685e+05    8.87173e-16    
3.10807e+05    8.44443e-16    
3.16015e+05    8.03771e-16    
3.21310e+05    7.65058e-16    
3.26694e+05    7.28208e-16    
3.32168e+05    6.93133e-16    
3.37734e+05    6.59747e-16    
3.43393e+05    6.27968e-16    
3.49147e+05    5.97720e-16    
3.54998e+05    5.68928e-16    
3.60946e+05    5.41522e-16    
3.66994e+05    5.15437e-16    
3.73144e+05    4.90607e-16    
3.79396e+05    4.66973e-16    
3.85753e+05    4.44478e-16    
3.92217e+05    4.23066e-16    
3.98789e+05    4.02685e-16    
4.05471e+05    3.83285e-16    
4.12265e+05    3.64820e-16    
4.19173e+05    3.47244e-16    
4.26197e+05    3.30515e-16    
4.33338e+05    3.14591e-16    
4.40600e+05    2.99434e-16    
4.47982e+05    2.85008e-16    
4.55489e+05    2.71276e-16    
4.63121e+05    2.58206e-16    
4.70881e+05    2.45765e-16    
4.78771e+05    2.33923e-16    
4.86794e+05    2.22652e-16    
4.94950e+05    2.11924e-16    
5.03244e+05    2.01712e-16    
5.11676e+05    1.91993e-16    
5.20250e+05    1.82742e-16    
5.28967e+05    1.73936e-16    
5.37831e+05    1.65554e-16    
5.46843e+05    1.57577e-16    
5.56006e+05    1.49983e-16    
5.65322e+05    1.42756e-16    
5.74795e+05    1.35876e-16    
5.84426e+05    1.29329e-16    
5.94219e+05    1.23096e-16    
6.04176e+05    1.17164e-16    
6.14299e+05    1.11517e-16    
6.24593e+05    1.06143e-16    
6.35058e+05    1.01028e-16    
6.45699e+05    9.61588e-17    
6.56519e+05    9.15244e-17    
6.67520e+05    8.71134e-17    
6.78705e+05    8.29149e-17    
6.90077e+05    7.89186e-17    
7.01640e+05    7.51150e-17    
7.13397e+05    7.14946e-17    
7.25351e+05    6.80487e-17    
7.37505e+05    6.47688e-17    
7.49863e+05    6.16470e-17    
7.62427e+05    5.86756e-17    
7.75203e+05    5.58474e-17    
7.88192e+05    5.31554e-17    
8.01399e+05    5.05932e-17    
8.14827e+05    4.81545e-17    
8.28481e+05    4.58333e-17    
8.42363e+05    4.36240e-17    
8.56478e+05    4.15211e-17    
8.70829e+05    3.95196e-17    
8.85421e+05    3.76145e-17    
9.00257e+05    3.58013e-17    
9.15342e+05    3.40754e-17    
9.30679e+05    3.24328e-17    
9.46274e+05    3.08693e-17    
9.62130e+05    2.93811e-17    
9.78251e+05    2.79647e-17    
9.94643e+05    2.66165e-17    
1.01131e+06    2.53333e-17    
1.02826e+06    2.41120e-17    
1.04548e+06    2.29495e-17    
1.06300e+06    2.18431e-17    
1.08081e+06    2.07900e-17    
1.09892e+06    1.97877e-17    
1.11734e+06    1.88337e-17    
1.13606e+06    1.79256e-17    
1.15510e+06    1.70613e-17    
1.17445e+06    1.62387e-17    
1.19413e+06    1.54558e-17    
1.21414e+06    1.47106e-17    
1.23448e+06    1.40013e-17    
1.25517e+06    1.33262e-17    
1.27620e+06    1.26836e-17    
1.29759e+06    1.20721e-17    
1.31933e+06    1.14900e-17    
1.34144e+06    1.09359e-17    
1.36391e+06    1.04086e-17    
1.38677e+06    9.90672e-18    
1.41000e+06    9.42902e-18    
1.43363e+06    8.97434e-18    
1.45765e+06    8.54159e-18    
1.48208e+06    8.12970e-18    
1.50691e+06    7.73767e-18    
1.53216e+06    7.36454e-18    
1.55783e+06    7.00940e-18    
1.58394e+06    6.67138e-18    
1.61048e+06    6.34966e-18    
1.63746e+06    6.04345e-18    
1.66490e+06    5.75201e-18    
1.69280e+06    5.47461e-18    
1.72116e+06    5.21060e-18    
1.75000e+06    4.95931e-18    

