# USINE V4.0
# File generated 13-05-2022 09:46:19
# Model1DKisoVc
# H
# SolMod0DFF_phi0_770GV
# R [GV]       TOA [GV m^{2} s sr]^{-1}
8.66398e-02    3.34974e-01    
8.80616e-02    3.51363e-01    
8.95068e-02    3.68547e-01    
9.09757e-02    3.86564e-01    
9.24687e-02    4.05453e-01    
9.39862e-02    4.25256e-01    
9.55286e-02    4.46018e-01    
9.70963e-02    4.67783e-01    
9.86898e-02    4.90599e-01    
1.00309e-01    5.14518e-01    
1.01956e-01    5.39590e-01    
1.03629e-01    5.65870e-01    
1.05329e-01    5.93417e-01    
1.07058e-01    6.22290e-01    
1.08815e-01    6.52552e-01    
1.10601e-01    6.84268e-01    
1.12416e-01    7.17508e-01    
1.14261e-01    7.52343e-01    
1.16136e-01    7.88849e-01    
1.18042e-01    8.27104e-01    
1.19979e-01    8.67190e-01    
1.21948e-01    9.09193e-01    
1.23949e-01    9.53204e-01    
1.25983e-01    9.99316e-01    
1.28051e-01    1.04763e+00    
1.30152e-01    1.09824e+00    
1.32288e-01    1.15127e+00    
1.34459e-01    1.20681e+00    
1.36666e-01    1.26500e+00    
1.38908e-01    1.32594e+00    
1.41188e-01    1.38978e+00    
1.43505e-01    1.45664e+00    
1.45860e-01    1.52667e+00    
1.48254e-01    1.60000e+00    
1.50687e-01    1.67680e+00    
1.53160e-01    1.75721e+00    
1.55673e-01    1.84142e+00    
1.58228e-01    1.92958e+00    
1.60825e-01    2.02189e+00    
1.63464e-01    2.11853e+00    
1.66147e-01    2.21970e+00    
1.68873e-01    2.32560e+00    
1.71645e-01    2.43645e+00    
1.74461e-01    2.55247e+00    
1.77325e-01    2.67390e+00    
1.80235e-01    2.80098e+00    
1.83192e-01    2.93397e+00    
1.86199e-01    3.07312e+00    
1.89255e-01    3.21872e+00    
1.92360e-01    3.37106e+00    
1.95517e-01    3.53043e+00    
1.98726e-01    3.69714e+00    
2.01987e-01    3.87150e+00    
2.05302e-01    4.05375e+00    
2.08671e-01    4.24419e+00    
2.12096e-01    4.44317e+00    
2.15576e-01    4.65103e+00    
2.19114e-01    4.86815e+00    
2.22710e-01    5.09488e+00    
2.26365e-01    5.33162e+00    
2.30080e-01    5.57876e+00    
2.33856e-01    5.83672e+00    
2.37693e-01    6.10592e+00    
2.41594e-01    6.38678e+00    
2.45559e-01    6.67977e+00    
2.49589e-01    6.98533e+00    
2.53685e-01    7.30394e+00    
2.57848e-01    7.63608e+00    
2.62080e-01    7.98226e+00    
2.66381e-01    8.34298e+00    
2.70752e-01    8.71876e+00    
2.75196e-01    9.11014e+00    
2.79712e-01    9.51765e+00    
2.84302e-01    9.94186e+00    
2.88968e-01    1.03833e+01    
2.93710e-01    1.08426e+01    
2.98530e-01    1.13204e+01    
3.03429e-01    1.18171e+01    
3.08409e-01    1.23335e+01    
3.13470e-01    1.28701e+01    
3.18615e-01    1.34276e+01    
3.23843e-01    1.40065e+01    
3.29158e-01    1.46075e+01    
3.34560e-01    1.52313e+01    
3.40050e-01    1.58784e+01    
3.45631e-01    1.65496e+01    
3.51303e-01    1.72454e+01    
3.57068e-01    1.79664e+01    
3.62928e-01    1.87134e+01    
3.68884e-01    1.94868e+01    
3.74938e-01    2.02875e+01    
3.81091e-01    2.11158e+01    
3.87345e-01    2.19726e+01    
3.93702e-01    2.28582e+01    
4.00163e-01    2.37734e+01    
4.06730e-01    2.47186e+01    
4.13404e-01    2.56944e+01    
4.20189e-01    2.67013e+01    
4.27085e-01    2.77397e+01    
4.34093e-01    2.88102e+01    
4.41217e-01    2.99132e+01    
4.48458e-01    3.10490e+01    
4.55818e-01    3.22180e+01    
4.63298e-01    3.34205e+01    
4.70901e-01    3.46569e+01    
4.78629e-01    3.59272e+01    
4.86484e-01    3.72318e+01    
4.94468e-01    3.85707e+01    
5.02583e-01    3.99440e+01    
5.10830e-01    4.13517e+01    
5.19214e-01    4.27937e+01    
5.27734e-01    4.42700e+01    
5.36395e-01    4.57804e+01    
5.45198e-01    4.73245e+01    
5.54145e-01    4.89021e+01    
5.63239e-01    5.05127e+01    
5.72483e-01    5.21559e+01    
5.81878e-01    5.38310e+01    
5.91427e-01    5.55374e+01    
6.01133e-01    5.72744e+01    
6.10998e-01    5.90411e+01    
6.21025e-01    6.08365e+01    
6.31217e-01    6.26598e+01    
6.41575e-01    6.45097e+01    
6.52104e-01    6.63850e+01    
6.62806e-01    6.82845e+01    
6.73683e-01    7.02068e+01    
6.84739e-01    7.21504e+01    
6.95976e-01    7.41137e+01    
7.07398e-01    7.60951e+01    
7.19007e-01    7.80930e+01    
7.30807e-01    8.01055e+01    
7.42800e-01    8.21307e+01    
7.54990e-01    8.41668e+01    
7.67380e-01    8.62117e+01    
7.79974e-01    8.82635e+01    
7.92774e-01    9.03200e+01    
8.05784e-01    9.23791e+01    
8.19008e-01    9.44385e+01    
8.32448e-01    9.64961e+01    
8.46110e-01    9.85495e+01    
8.59995e-01    1.00596e+02    
8.74109e-01    1.02635e+02    
8.88454e-01    1.04662e+02    
9.03034e-01    1.06675e+02    
9.17854e-01    1.08672e+02    
9.32917e-01    1.10651e+02    
9.48227e-01    1.12609e+02    
9.63788e-01    1.14543e+02    
9.79605e-01    1.16452e+02    
9.95681e-01    1.18332e+02    
1.01202e+00    1.20181e+02    
1.02863e+00    1.21997e+02    
1.04551e+00    1.23778e+02    
1.06267e+00    1.25521e+02    
1.08011e+00    1.27224e+02    
1.09783e+00    1.28885e+02    
1.11585e+00    1.30503e+02    
1.13416e+00    1.32075e+02    
1.15277e+00    1.33601e+02    
1.17169e+00    1.35078e+02    
1.19092e+00    1.36506e+02    
1.21047e+00    1.37883e+02    
1.23033e+00    1.39209e+02    
1.25052e+00    1.40481e+02    
1.27104e+00    1.41699e+02    
1.29190e+00    1.42863e+02    
1.31310e+00    1.43970e+02    
1.33465e+00    1.45019e+02    
1.35656e+00    1.46010e+02    
1.37882e+00    1.46941e+02    
1.40145e+00    1.47811e+02    
1.42445e+00    1.48619e+02    
1.44782e+00    1.49364e+02    
1.47158e+00    1.50045e+02    
1.49573e+00    1.50661e+02    
1.52028e+00    1.51214e+02    
1.54523e+00    1.51701e+02    
1.57059e+00    1.52125e+02    
1.59636e+00    1.52485e+02    
1.62256e+00    1.52782e+02    
1.64919e+00    1.53016e+02    
1.67625e+00    1.53188e+02    
1.70376e+00    1.53300e+02    
1.73172e+00    1.53351e+02    
1.76014e+00    1.53343e+02    
1.78903e+00    1.53277e+02    
1.81839e+00    1.53153e+02    
1.84823e+00    1.52973e+02    
1.87856e+00    1.52738e+02    
1.90939e+00    1.52447e+02    
1.94072e+00    1.52103e+02    
1.97257e+00    1.51706e+02    
2.00494e+00    1.51258e+02    
2.03785e+00    1.50758e+02    
2.07129e+00    1.50210e+02    
2.10528e+00    1.49613e+02    
2.13983e+00    1.48969e+02    
2.17495e+00    1.48279e+02    
2.21064e+00    1.47544e+02    
2.24692e+00    1.46767e+02    
2.28380e+00    1.45947e+02    
2.32127e+00    1.45086e+02    
2.35937e+00    1.44186e+02    
2.39809e+00    1.43248e+02    
2.43744e+00    1.42273e+02    
2.47744e+00    1.41263e+02    
2.51810e+00    1.40220e+02    
2.55943e+00    1.39143e+02    
2.60143e+00    1.38036e+02    
2.64412e+00    1.36899e+02    
2.68751e+00    1.35733e+02    
2.73162e+00    1.34540e+02    
2.77645e+00    1.33320e+02    
2.82201e+00    1.32074e+02    
2.86832e+00    1.30803e+02    
2.91540e+00    1.29507e+02    
2.96324e+00    1.28185e+02    
3.01187e+00    1.26837e+02    
3.06130e+00    1.25462e+02    
3.11154e+00    1.24058e+02    
3.16260e+00    1.22622e+02    
3.21450e+00    1.21151e+02    
3.26725e+00    1.19639e+02    
3.32087e+00    1.18082e+02    
3.37537e+00    1.16471e+02    
3.43077e+00    1.14801e+02    
3.48707e+00    1.13062e+02    
3.54429e+00    1.11247e+02    
3.60246e+00    1.09350e+02    
3.66158e+00    1.07366e+02    
3.72167e+00    1.05295e+02    
3.78275e+00    1.03140e+02    
3.84482e+00    1.00907e+02    
3.90792e+00    9.86088e+01    
3.97205e+00    9.62583e+01    
4.03724e+00    9.38709e+01    
4.10349e+00    9.14624e+01    
4.17084e+00    8.90474e+01    
4.23928e+00    8.66389e+01    
4.30886e+00    8.42478e+01    
4.37957e+00    8.18831e+01    
4.45144e+00    7.95517e+01    
4.52449e+00    7.72588e+01    
4.59875e+00    7.50081e+01    
4.67422e+00    7.28023e+01    
4.75092e+00    7.06432e+01    
4.82889e+00    6.85320e+01    
4.90814e+00    6.64691e+01    
4.98869e+00    6.44550e+01    
5.07055e+00    6.24896e+01    
5.15377e+00    6.05728e+01    
5.23835e+00    5.87043e+01    
5.32431e+00    5.68837e+01    
5.41169e+00    5.51106e+01    
5.50050e+00    5.33843e+01    
5.59077e+00    5.17043e+01    
5.68252e+00    5.00698e+01    
5.77578e+00    4.84802e+01    
5.87056e+00    4.69346e+01    
5.96690e+00    4.54322e+01    
6.06483e+00    4.39721e+01    
6.16436e+00    4.25534e+01    
6.26552e+00    4.11754e+01    
6.36834e+00    3.98372e+01    
6.47285e+00    3.85384e+01    
6.57908e+00    3.72778e+01    
6.68705e+00    3.60540e+01    
6.79679e+00    3.48658e+01    
6.90833e+00    3.37124e+01    
7.02170e+00    3.25930e+01    
7.13694e+00    3.15066e+01    
7.25406e+00    3.04525e+01    
7.37311e+00    2.94300e+01    
7.49411e+00    2.84382e+01    
7.61709e+00    2.74766e+01    
7.74210e+00    2.65442e+01    
7.86915e+00    2.56405e+01    
7.99829e+00    2.47646e+01    
8.12955e+00    2.39159e+01    
8.26297e+00    2.30937e+01    
8.39857e+00    2.22973e+01    
8.53640e+00    2.15260e+01    
8.67649e+00    2.07791e+01    
8.81888e+00    2.00561e+01    
8.96361e+00    1.93562e+01    
9.11071e+00    1.86789e+01    
9.26022e+00    1.80234e+01    
9.41219e+00    1.73892e+01    
9.56666e+00    1.67757e+01    
9.72366e+00    1.61823e+01    
9.88323e+00    1.56084e+01    
1.00454e+01    1.50534e+01    
1.02103e+01    1.45169e+01    
1.03778e+01    1.39982e+01    
1.05482e+01    1.34968e+01    
1.07213e+01    1.30123e+01    
1.08972e+01    1.25441e+01    
1.10760e+01    1.20917e+01    
1.12578e+01    1.16546e+01    
1.14426e+01    1.12325e+01    
1.16303e+01    1.08247e+01    
1.18212e+01    1.04309e+01    
1.20152e+01    1.00507e+01    
1.22124e+01    9.68353e+00    
1.24128e+01    9.32910e+00    
1.26165e+01    8.98696e+00    
1.28236e+01    8.65673e+00    
1.30340e+01    8.33802e+00    
1.32479e+01    8.03048e+00    
1.34653e+01    7.73373e+00    
1.36863e+01    7.44744e+00    
1.39109e+01    7.17126e+00    
1.41392e+01    6.90486e+00    
1.43712e+01    6.64791e+00    
1.46071e+01    6.40010e+00    
1.48468e+01    6.16113e+00    
1.50904e+01    5.93070e+00    
1.53381e+01    5.70853e+00    
1.55898e+01    5.49434e+00    
1.58457e+01    5.28786e+00    
1.61057e+01    5.08884e+00    
1.63700e+01    4.89701e+00    
1.66387e+01    4.71215e+00    
1.69117e+01    4.53399e+00    
1.71892e+01    4.36233e+00    
1.74713e+01    4.19693e+00    
1.77581e+01    4.03758e+00    
1.80495e+01    3.88406e+00    
1.83457e+01    3.73619e+00    
1.86468e+01    3.59375e+00    
1.89528e+01    3.45657e+00    
1.92638e+01    3.32445e+00    
1.95800e+01    3.19722e+00    
1.99013e+01    3.07470e+00    
2.02279e+01    2.95674e+00    
2.05598e+01    2.84316e+00    
2.08972e+01    2.73382e+00    
2.12402e+01    2.62856e+00    
2.15888e+01    2.52723e+00    
2.19431e+01    2.42970e+00    
2.23032e+01    2.33583e+00    
2.26692e+01    2.24549e+00    
2.30412e+01    2.15855e+00    
2.34193e+01    2.07488e+00    
2.38037e+01    1.99437e+00    
2.41943e+01    1.91691e+00    
2.45914e+01    1.84238e+00    
2.49949e+01    1.77068e+00    
2.54051e+01    1.70170e+00    
2.58220e+01    1.63534e+00    
2.62458e+01    1.57151e+00    
2.66765e+01    1.51011e+00    
2.71143e+01    1.45106e+00    
2.75593e+01    1.39426e+00    
2.80116e+01    1.33964e+00    
2.84713e+01    1.28712e+00    
2.89385e+01    1.23660e+00    
2.94134e+01    1.18803e+00    
2.98961e+01    1.14133e+00    
3.03867e+01    1.09643e+00    
3.08854e+01    1.05326e+00    
3.13923e+01    1.01175e+00    
3.19075e+01    9.71851e-01    
3.24311e+01    9.33494e-01    
3.29633e+01    8.96623e-01    
3.35043e+01    8.61181e-01    
3.40541e+01    8.27115e-01    
3.46130e+01    7.94373e-01    
3.51810e+01    7.62905e-01    
3.57584e+01    7.32661e-01    
3.63452e+01    7.03597e-01    
3.69417e+01    6.75666e-01    
3.75479e+01    6.48826e-01    
3.81641e+01    6.23035e-01    
3.87904e+01    5.98253e-01    
3.94270e+01    5.74442e-01    
4.00740e+01    5.51563e-01    
4.07317e+01    5.29583e-01    
4.14002e+01    5.08465e-01    
4.20796e+01    4.88177e-01    
4.27701e+01    4.68687e-01    
4.34720e+01    4.49964e-01    
4.41855e+01    4.31979e-01    
4.49106e+01    4.14703e-01    
4.56476e+01    3.98108e-01    
4.63967e+01    3.82169e-01    
4.71581e+01    3.66860e-01    
4.79321e+01    3.52156e-01    
4.87187e+01    3.38034e-01    
4.95182e+01    3.24472e-01    
5.03308e+01    3.11447e-01    
5.11568e+01    2.98938e-01    
5.19963e+01    2.86926e-01    
5.28497e+01    2.75391e-01    
5.37170e+01    2.64315e-01    
5.45985e+01    2.53679e-01    
5.54945e+01    2.43467e-01    
5.64053e+01    2.33661e-01    
5.73309e+01    2.24245e-01    
5.82718e+01    2.15206e-01    
5.92281e+01    2.06527e-01    
6.02001e+01    1.98194e-01    
6.11880e+01    1.90194e-01    
6.21922e+01    1.82514e-01    
6.32128e+01    1.75142e-01    
6.42502e+01    1.68064e-01    
6.53046e+01    1.61270e-01    
6.63763e+01    1.54747e-01    
6.74656e+01    1.48487e-01    
6.85728e+01    1.42477e-01    
6.96981e+01    1.36708e-01    
7.08420e+01    1.31172e-01    
7.20045e+01    1.25857e-01    
7.31862e+01    1.20756e-01    
7.43873e+01    1.15860e-01    
7.56080e+01    1.11161e-01    
7.68488e+01    1.06652e-01    
7.81100e+01    1.02324e-01    
7.93919e+01    9.81700e-02    
8.06948e+01    9.41837e-02    
8.20190e+01    9.03582e-02    
8.33651e+01    8.66871e-02    
8.47332e+01    8.31641e-02    
8.61237e+01    7.97834e-02    
8.75371e+01    7.65393e-02    
8.89737e+01    7.34264e-02    
9.04338e+01    7.04393e-02    
9.19179e+01    6.75731e-02    
9.34264e+01    6.48229e-02    
9.49596e+01    6.21840e-02    
9.65180e+01    5.96521e-02    
9.81019e+01    5.72228e-02    
9.97119e+01    5.48920e-02    
1.01348e+02    5.26557e-02    
1.03011e+02    5.05102e-02    
1.04702e+02    4.84518e-02    
1.06420e+02    4.64770e-02    
1.08167e+02    4.45825e-02    
1.09942e+02    4.27650e-02    
1.11746e+02    4.10214e-02    
1.13580e+02    3.93487e-02    
1.15444e+02    3.77442e-02    
1.17338e+02    3.62049e-02    
1.19264e+02    3.47284e-02    
1.21221e+02    3.33121e-02    
1.23211e+02    3.19535e-02    
1.25233e+02    3.06504e-02    
1.27288e+02    2.94004e-02    
1.29377e+02    2.82015e-02    
1.31500e+02    2.70516e-02    
1.33658e+02    2.59486e-02    
1.35852e+02    2.48908e-02    
1.38081e+02    2.38763e-02    
1.40347e+02    2.29032e-02    
1.42650e+02    2.19700e-02    
1.44991e+02    2.10751e-02    
1.47371e+02    2.02168e-02    
1.49789e+02    1.93937e-02    
1.52247e+02    1.86044e-02    
1.54746e+02    1.78475e-02    
1.57286e+02    1.71217e-02    
1.59867e+02    1.64257e-02    
1.62490e+02    1.57583e-02    
1.65157e+02    1.51183e-02    
1.67867e+02    1.45047e-02    
1.70622e+02    1.39163e-02    
1.73422e+02    1.33522e-02    
1.76268e+02    1.28112e-02    
1.79161e+02    1.22926e-02    
1.82101e+02    1.17954e-02    
1.85090e+02    1.13186e-02    
1.88127e+02    1.08615e-02    
1.91215e+02    1.04232e-02    
1.94353e+02    1.00030e-02    
1.97542e+02    9.60019e-03    
2.00784e+02    9.21394e-03    
2.04079e+02    8.84362e-03    
2.07428e+02    8.48857e-03    
2.10832e+02    8.14815e-03    
2.14292e+02    7.82176e-03    
2.17809e+02    7.50880e-03    
2.21383e+02    7.20873e-03    
2.25017e+02    6.92099e-03    
2.28709e+02    6.64508e-03    
2.32463e+02    6.38050e-03    
2.36278e+02    6.12678e-03    
2.40155e+02    5.88344e-03    
2.44096e+02    5.65007e-03    
2.48102e+02    5.42624e-03    
2.52174e+02    5.21154e-03    
2.56312e+02    5.00560e-03    
2.60519e+02    4.80803e-03    
2.64794e+02    4.61850e-03    
2.69140e+02    4.43665e-03    
2.73556e+02    4.26217e-03    
2.78046e+02    4.09474e-03    
2.82609e+02    3.93407e-03    
2.87247e+02    3.77987e-03    
2.91961e+02    3.63187e-03    
2.96752e+02    3.48982e-03    
3.01622e+02    3.35345e-03    
3.06572e+02    3.22253e-03    
3.11603e+02    3.09684e-03    
3.16717e+02    2.97615e-03    
3.21914e+02    2.86027e-03    
3.27197e+02    2.74899e-03    
3.32567e+02    2.64211e-03    
3.38025e+02    2.53947e-03    
3.43572e+02    2.44088e-03    
3.49210e+02    2.34617e-03    
3.54941e+02    2.25520e-03    
3.60766e+02    2.16780e-03    
3.66687e+02    2.08384e-03    
3.72704e+02    2.00317e-03    
3.78821e+02    1.92566e-03    
3.85038e+02    1.85118e-03    
3.91356e+02    1.77961e-03    
3.97779e+02    1.71083e-03    
4.04307e+02    1.64474e-03    
4.10942e+02    1.58122e-03    
4.17686e+02    1.52017e-03    
4.24541e+02    1.46150e-03    
4.31508e+02    1.40510e-03    
4.38589e+02    1.35090e-03    
4.45787e+02    1.29880e-03    
4.53103e+02    1.24872e-03    
4.60539e+02    1.20057e-03    
4.68097e+02    1.15430e-03    
4.75778e+02    1.10981e-03    
4.83586e+02    1.06704e-03    
4.91523e+02    1.02593e-03    
4.99589e+02    9.86408e-04    
5.07788e+02    9.48412e-04    
5.16121e+02    9.11882e-04    
5.24591e+02    8.76763e-04    
5.33200e+02    8.42999e-04    
5.41950e+02    8.10538e-04    
5.50844e+02    7.79328e-04    
5.59884e+02    7.49322e-04    
5.69073e+02    7.20473e-04    
5.78412e+02    6.92736e-04    
5.87904e+02    6.66068e-04    
5.97552e+02    6.40427e-04    
6.07358e+02    6.15774e-04    
6.17326e+02    5.92070e-04    
6.27457e+02    5.69279e-04    
6.37754e+02    5.47366e-04    
6.48220e+02    5.26297e-04    
6.58858e+02    5.06038e-04    
6.69671e+02    4.86560e-04    
6.80660e+02    4.67832e-04    
6.91831e+02    4.49824e-04    
7.03184e+02    4.32509e-04    
7.14724e+02    4.15861e-04    
7.26454e+02    3.99853e-04    
7.38376e+02    3.84462e-04    
7.50493e+02    3.69663e-04    
7.62809e+02    3.55433e-04    
7.75328e+02    3.41751e-04    
7.88052e+02    3.28595e-04    
8.00984e+02    3.15946e-04    
8.14129e+02    3.03783e-04    
8.27490e+02    2.92088e-04    
8.41070e+02    2.80844e-04    
8.54873e+02    2.70032e-04    
8.68902e+02    2.59636e-04    
8.83162e+02    2.49640e-04    
8.97655e+02    2.40029e-04    
9.12387e+02    2.30787e-04    
9.27360e+02    2.21901e-04    
9.42579e+02    2.13357e-04    
9.58047e+02    2.05142e-04    
9.73770e+02    1.97243e-04    
9.89750e+02    1.89648e-04    
1.00599e+03    1.82345e-04    
1.02250e+03    1.75324e-04    
1.03928e+03    1.68572e-04    
1.05634e+03    1.62080e-04    
1.07367e+03    1.55839e-04    
1.09129e+03    1.49837e-04    
1.10920e+03    1.44066e-04    
1.12741e+03    1.38518e-04    
1.14591e+03    1.33183e-04    
1.16471e+03    1.28053e-04    
1.18383e+03    1.23121e-04    
1.20326e+03    1.18379e-04    
1.22300e+03    1.13819e-04    
1.24307e+03    1.09435e-04    
1.26347e+03    1.05220e-04    
1.28421e+03    1.01167e-04    
1.30528e+03    9.72695e-05    
1.32670e+03    9.35225e-05    
1.34848e+03    8.99197e-05    
1.37061e+03    8.64556e-05    
1.39310e+03    8.31249e-05    
1.41596e+03    7.99225e-05    
1.43920e+03    7.68433e-05    
1.46282e+03    7.38827e-05    
1.48682e+03    7.10361e-05    
1.51122e+03    6.82992e-05    
1.53602e+03    6.56676e-05    
1.56123e+03    6.31374e-05    
1.58685e+03    6.07046e-05    
1.61290e+03    5.83655e-05    
1.63936e+03    5.61165e-05    
1.66627e+03    5.39541e-05    
1.69361e+03    5.18750e-05    
1.72141e+03    4.98760e-05    
1.74966e+03    4.79540e-05    
1.77837e+03    4.61060e-05    
1.80756e+03    4.43291e-05    
1.83722e+03    4.26208e-05    
1.86737e+03    4.09782e-05    
1.89802e+03    3.93989e-05    
1.92916e+03    3.78804e-05    
1.96082e+03    3.64205e-05    
1.99300e+03    3.50168e-05    
2.02571e+03    3.36671e-05    
2.05895e+03    3.23695e-05    
2.09274e+03    3.11218e-05    
2.12709e+03    2.99222e-05    
2.16199e+03    2.87689e-05    
2.19747e+03    2.76600e-05    
2.23354e+03    2.65938e-05    
2.27019e+03    2.55686e-05    
2.30745e+03    2.45830e-05    
2.34532e+03    2.36354e-05    
2.38380e+03    2.27243e-05    
2.42293e+03    2.18482e-05    
2.46269e+03    2.10060e-05    
2.50310e+03    2.01962e-05    
2.54418e+03    1.94176e-05    
2.58593e+03    1.86690e-05    
2.62837e+03    1.79493e-05    
2.67151e+03    1.72573e-05    
2.71535e+03    1.65919e-05    
2.75991e+03    1.59522e-05    
2.80520e+03    1.53372e-05    
2.85124e+03    1.47459e-05    
2.89803e+03    1.41773e-05    
2.94559e+03    1.36307e-05    
2.99393e+03    1.31051e-05    
3.04306e+03    1.25998e-05    
3.09300e+03    1.21140e-05    
3.14376e+03    1.16469e-05    
3.19535e+03    1.11978e-05    
3.24779e+03    1.07660e-05    
3.30109e+03    1.03509e-05    
3.35527e+03    9.95175e-06    
3.41033e+03    9.56799e-06    
3.46630e+03    9.19904e-06    
3.52318e+03    8.84430e-06    
3.58100e+03    8.50324e-06    
3.63977e+03    8.17533e-06    
3.69950e+03    7.86006e-06    
3.76021e+03    7.55695e-06    
3.82192e+03    7.26552e-06    
3.88464e+03    6.98532e-06    
3.94839e+03    6.71593e-06    
4.01319e+03    6.45693e-06    
4.07905e+03    6.20791e-06    
4.14599e+03    5.96849e-06    
4.21403e+03    5.73830e-06    
4.28319e+03    5.51699e-06    
4.35348e+03    5.30421e-06    
4.42493e+03    5.09964e-06    
4.49754e+03    4.90295e-06    
4.57135e+03    4.71385e-06    
4.64637e+03    4.53204e-06    
4.72263e+03    4.35724e-06    
4.80013e+03    4.18918e-06    
4.87890e+03    4.02760e-06    
4.95897e+03    3.87225e-06    
5.04035e+03    3.72289e-06    
5.12307e+03    3.57929e-06    
5.20714e+03    3.44123e-06    
5.29260e+03    3.30849e-06    
5.37946e+03    3.18088e-06    
5.46774e+03    3.05818e-06    
5.55747e+03    2.94021e-06    
5.64867e+03    2.82680e-06    
5.74137e+03    2.71776e-06    
5.83559e+03    2.61292e-06    
5.93136e+03    2.51213e-06    
6.02870e+03    2.41522e-06    
6.12764e+03    2.32205e-06    
6.22820e+03    2.23247e-06    
6.33041e+03    2.14635e-06    
6.43430e+03    2.06355e-06    
6.53989e+03    1.98395e-06    
6.64722e+03    1.90741e-06    
6.75630e+03    1.83383e-06    
6.86718e+03    1.76308e-06    
6.97988e+03    1.69507e-06    
7.09443e+03    1.62967e-06    
7.21085e+03    1.56680e-06    
7.32919e+03    1.50636e-06    
7.44947e+03    1.44824e-06    
7.57172e+03    1.39237e-06    
7.69598e+03    1.33865e-06    
7.82228e+03    1.28700e-06    
7.95065e+03    1.23735e-06    
8.08113e+03    1.18961e-06    
8.21375e+03    1.14372e-06    
8.34855e+03    1.09959e-06    
8.48555e+03    1.05716e-06    
8.62481e+03    1.01638e-06    
8.76635e+03    9.77163e-07    
8.91022e+03    9.39461e-07    
9.05644e+03    9.03214e-07    
9.20507e+03    8.68365e-07    
9.35613e+03    8.34860e-07    
9.50967e+03    8.02648e-07    
9.66574e+03    7.71678e-07    
9.82436e+03    7.41904e-07    
9.98559e+03    7.13278e-07    
1.01495e+04    6.85756e-07    
1.03160e+04    6.59296e-07    
1.04853e+04    6.33857e-07    
1.06574e+04    6.09399e-07    
1.08323e+04    5.85885e-07    
1.10101e+04    5.63278e-07    
1.11907e+04    5.41543e-07    
1.13744e+04    5.20646e-07    
1.15611e+04    5.00556e-07    
1.17508e+04    4.81241e-07    
1.19436e+04    4.62671e-07    
1.21396e+04    4.44818e-07    
1.23389e+04    4.27653e-07    
1.25414e+04    4.11151e-07    
1.27472e+04    3.95285e-07    
1.29564e+04    3.80032e-07    
1.31690e+04    3.65367e-07    
1.33851e+04    3.51268e-07    
1.36048e+04    3.37713e-07    
1.38280e+04    3.24680e-07    
1.40550e+04    3.12151e-07    
1.42856e+04    3.00105e-07    
1.45201e+04    2.88524e-07    
1.47584e+04    2.77390e-07    
1.50006e+04    2.66685e-07    
1.52467e+04    2.56394e-07    
1.54969e+04    2.46499e-07    
1.57513e+04    2.36987e-07    
1.60098e+04    2.27841e-07    
1.62725e+04    2.19048e-07    
1.65395e+04    2.10595e-07    
1.68110e+04    2.02467e-07    
1.70869e+04    1.94654e-07    
1.73673e+04    1.87142e-07    
1.76523e+04    1.79919e-07    
1.79420e+04    1.72976e-07    
1.82364e+04    1.66300e-07    
1.85357e+04    1.59882e-07    
1.88399e+04    1.53712e-07    
1.91491e+04    1.47779e-07    
1.94633e+04    1.42076e-07    
1.97827e+04    1.36593e-07    
2.01074e+04    1.31321e-07    
2.04374e+04    1.26253e-07    
2.07728e+04    1.21380e-07    
2.11137e+04    1.16696e-07    
2.14602e+04    1.12192e-07    
2.18124e+04    1.07862e-07    
2.21703e+04    1.03699e-07    
2.25342e+04    9.96964e-08    
2.29040e+04    9.58486e-08    
2.32798e+04    9.21492e-08    
2.36619e+04    8.85926e-08    
2.40502e+04    8.51733e-08    
2.44449e+04    8.18859e-08    
2.48461e+04    7.87254e-08    
2.52538e+04    7.56869e-08    
2.56682e+04    7.27656e-08    
2.60895e+04    6.99571e-08    
2.65176e+04    6.72570e-08    
2.69528e+04    6.46610e-08    
2.73951e+04    6.21653e-08    
2.78447e+04    5.97659e-08    
2.83017e+04    5.74590e-08    
2.87661e+04    5.52412e-08    
2.92382e+04    5.31090e-08    
2.97180e+04    5.10591e-08    
3.02058e+04    4.90883e-08    
3.07015e+04    4.71936e-08    
3.12053e+04    4.53720e-08    
3.17174e+04    4.36207e-08    
3.22379e+04    4.19370e-08    
3.27670e+04    4.03182e-08    
3.33047e+04    3.87620e-08    
3.38513e+04    3.72658e-08    
3.44068e+04    3.58273e-08    
3.49715e+04    3.44444e-08    
3.55454e+04    3.31149e-08    
3.61287e+04    3.18366e-08    
3.67216e+04    3.06077e-08    
3.73243e+04    2.94263e-08    
3.79368e+04    2.82904e-08    
3.85594e+04    2.71984e-08    
3.91922e+04    2.61485e-08    
3.98353e+04    2.51391e-08    
4.04891e+04    2.41687e-08    
4.11536e+04    2.32358e-08    
4.18289e+04    2.23389e-08    
4.25154e+04    2.14766e-08    
4.32131e+04    2.06475e-08    
4.39223e+04    1.98505e-08    
4.46431e+04    1.90842e-08    
4.53757e+04    1.83475e-08    
4.61204e+04    1.76393e-08    
4.68773e+04    1.69584e-08    
4.76466e+04    1.63037e-08    
4.84285e+04    1.56744e-08    
4.92232e+04    1.50693e-08    
5.00310e+04    1.44876e-08    
5.08521e+04    1.39283e-08    
5.16866e+04    1.33906e-08    
5.25349e+04    1.28737e-08    
5.33970e+04    1.23768e-08    
5.42733e+04    1.18990e-08    
5.51640e+04    1.14396e-08    
5.60693e+04    1.09980e-08    
5.69894e+04    1.05735e-08    
5.79247e+04    1.01653e-08    
5.88753e+04    9.77286e-09    
5.98415e+04    9.39559e-09    
6.08236e+04    9.03288e-09    
6.18217e+04    8.68417e-09    
6.28363e+04    8.34892e-09    
6.38675e+04    8.02662e-09    
6.49156e+04    7.71675e-09    
6.59809e+04    7.41885e-09    
6.70638e+04    7.13244e-09    
6.81643e+04    6.85710e-09    
6.92830e+04    6.59238e-09    
7.04200e+04    6.33788e-09    
7.15757e+04    6.09320e-09    
7.27503e+04    5.85797e-09    
7.39442e+04    5.63182e-09    
7.51577e+04    5.41440e-09    
7.63911e+04    5.20537e-09    
7.76447e+04    5.00441e-09    
7.89190e+04    4.81121e-09    
8.02141e+04    4.62547e-09    
8.15305e+04    4.44690e-09    
8.28685e+04    4.27522e-09    
8.42285e+04    4.11017e-09    
8.56107e+04    3.95149e-09    
8.70157e+04    3.79894e-09    
8.84437e+04    3.65227e-09    
8.98951e+04    3.51127e-09    
9.13704e+04    3.37571e-09    
9.28699e+04    3.24538e-09    
9.43940e+04    3.12009e-09    
9.59431e+04    2.99963e-09    
9.75176e+04    2.88382e-09    
9.91180e+04    2.77248e-09    
1.00745e+05    2.66545e-09    
1.02398e+05    2.56254e-09    
1.04078e+05    2.46361e-09    
1.05786e+05    2.36849e-09    
1.07522e+05    2.27705e-09    
1.09287e+05    2.18914e-09    
1.11081e+05    2.10462e-09    
1.12903e+05    2.02336e-09    
1.14756e+05    1.94524e-09    
1.16640e+05    1.87014e-09    
1.18554e+05    1.79794e-09    
1.20499e+05    1.72852e-09    
1.22477e+05    1.66178e-09    
1.24487e+05    1.59763e-09    
1.26530e+05    1.53594e-09    
1.28606e+05    1.47664e-09    
1.30717e+05    1.41963e-09    
1.32862e+05    1.36482e-09    
1.35042e+05    1.31212e-09    
1.37259e+05    1.26146e-09    
1.39511e+05    1.21276e-09    
1.41801e+05    1.16594e-09    
1.44128e+05    1.12092e-09    
1.46493e+05    1.07764e-09    
1.48897e+05    1.03603e-09    
1.51341e+05    9.96032e-10    
1.53824e+05    9.57576e-10    
1.56349e+05    9.20604e-10    
1.58915e+05    8.85059e-10    
1.61522e+05    8.50887e-10    
1.64173e+05    8.18034e-10    
1.66867e+05    7.86449e-10    
1.69606e+05    7.56084e-10    
1.72389e+05    7.26891e-10    
1.75218e+05    6.98825e-10    
1.78094e+05    6.71843e-10    
1.81017e+05    6.45903e-10    
1.83987e+05    6.20964e-10    
1.87007e+05    5.96988e-10    
1.90076e+05    5.73938e-10    
1.93195e+05    5.51777e-10    
1.96365e+05    5.30472e-10    
1.99588e+05    5.09990e-10    
2.02863e+05    4.90299e-10    
2.06193e+05    4.71368e-10    
2.09576e+05    4.53167e-10    
2.13016e+05    4.35670e-10    
2.16512e+05    4.18848e-10    
2.20065e+05    4.02676e-10    
2.23676e+05    3.87128e-10    
2.27347e+05    3.72180e-10    
2.31078e+05    3.57809e-10    
2.34870e+05    3.43993e-10    
2.38725e+05    3.30711e-10    
2.42642e+05    3.17942e-10    
2.46624e+05    3.05665e-10    
2.50672e+05    2.93863e-10    
2.54786e+05    2.82516e-10    
2.58967e+05    2.71607e-10    
2.63217e+05    2.61120e-10    
2.67536e+05    2.51037e-10    
2.71927e+05    2.41344e-10    
2.76390e+05    2.32025e-10    
2.80925e+05    2.23066e-10    
2.85536e+05    2.14453e-10    
2.90222e+05    2.06172e-10    
2.94984e+05    1.98211e-10    
2.99825e+05    1.90558e-10    
3.04746e+05    1.83200e-10    
3.09747e+05    1.76126e-10    
3.14830e+05    1.69325e-10    
3.19997e+05    1.62787e-10    
3.25248e+05    1.56501e-10    
3.30586e+05    1.50458e-10    
3.36011e+05    1.44648e-10    
3.41526e+05    1.39063e-10    
3.47130e+05    1.33693e-10    
3.52827e+05    1.28531e-10    
3.58617e+05    1.23568e-10    
3.64503e+05    1.18796e-10    
3.70484e+05    1.14209e-10    
3.76564e+05    1.09799e-10    
3.82744e+05    1.05559e-10    
3.89025e+05    1.01483e-10    
3.95410e+05    9.75644e-11    
4.01899e+05    9.37970e-11    
4.08494e+05    9.01751e-11    
4.15198e+05    8.66931e-11    
4.22012e+05    8.33454e-11    
4.28938e+05    8.01271e-11    
4.35977e+05    7.70330e-11    
4.43132e+05    7.40584e-11    
4.50404e+05    7.11987e-11    
4.57795e+05    6.84494e-11    
4.65308e+05    6.58062e-11    
4.72945e+05    6.32651e-11    
4.80706e+05    6.08221e-11    
4.88595e+05    5.84735e-11    
4.96613e+05    5.62155e-11    
5.04763e+05    5.40448e-11    
5.13047e+05    5.19578e-11    
5.21466e+05    4.99514e-11    
5.30024e+05    4.80226e-11    
5.38722e+05    4.61681e-11    
5.47563e+05    4.43853e-11    
5.56549e+05    4.26714e-11    
5.65683e+05    4.10236e-11    
5.74966e+05    3.94395e-11    
5.84402e+05    3.79165e-11    
5.93993e+05    3.64523e-11    
6.03741e+05    3.50447e-11    
6.13649e+05    3.36914e-11    
6.23719e+05    3.23904e-11    
6.33955e+05    3.11396e-11    
6.44359e+05    2.99371e-11    
6.54934e+05    2.87811e-11    
6.65682e+05    2.76696e-11    
6.76606e+05    2.66012e-11    
6.87710e+05    2.55739e-11    
6.98996e+05    2.45863e-11    
7.10467e+05    2.36369e-11    
7.22127e+05    2.27241e-11    
7.33977e+05    2.18466e-11    
7.46023e+05    2.10030e-11    
7.58266e+05    2.01919e-11    
7.70710e+05    1.94122e-11    
7.83358e+05    1.86625e-11    
7.96213e+05    1.79419e-11    
8.09280e+05    1.72490e-11    
8.22561e+05    1.65829e-11    
8.36060e+05    1.59425e-11    
8.49781e+05    1.53269e-11    
8.63726e+05    1.47350e-11    
8.77901e+05    1.41660e-11    
8.92308e+05    1.36189e-11    
9.06952e+05    1.30930e-11    
9.21836e+05    1.25874e-11    
9.36964e+05    1.21013e-11    
9.52341e+05    1.16340e-11    
9.67970e+05    1.11847e-11    
9.83855e+05    1.07528e-11    
1.00000e+06    1.03375e-11    

