# USINE V4.0
# File generated 13-05-2022 09:46:19
# Model1DKisoVc
# N
# SolMod0DFF_phi0_770GV
# R [GV]       TOA [GV m^{2} s sr]^{-1}
9.25159e-02    2.37632e-04    
9.40933e-02    2.49875e-04    
9.56975e-02    2.62747e-04    
9.73291e-02    2.76280e-04    
9.89886e-02    2.90506e-04    
1.00676e-01    3.05463e-04    
1.02393e-01    3.21187e-04    
1.04139e-01    3.37717e-04    
1.05914e-01    3.55094e-04    
1.07720e-01    3.73361e-04    
1.09556e-01    3.92564e-04    
1.11424e-01    4.12751e-04    
1.13324e-01    4.33970e-04    
1.15256e-01    4.56276e-04    
1.17221e-01    4.79723e-04    
1.19220e-01    5.04370e-04    
1.21253e-01    5.30276e-04    
1.23320e-01    5.57507e-04    
1.25422e-01    5.86129e-04    
1.27561e-01    6.16212e-04    
1.29736e-01    6.47832e-04    
1.31948e-01    6.81066e-04    
1.34197e-01    7.15995e-04    
1.36485e-01    7.52706e-04    
1.38812e-01    7.91289e-04    
1.41179e-01    8.31837e-04    
1.43586e-01    8.74452e-04    
1.46034e-01    9.19236e-04    
1.48524e-01    9.66300e-04    
1.51056e-01    1.01576e-03    
1.53632e-01    1.06773e-03    
1.56251e-01    1.12235e-03    
1.58915e-01    1.17974e-03    
1.61625e-01    1.24004e-03    
1.64380e-01    1.30341e-03    
1.67183e-01    1.36999e-03    
1.70033e-01    1.43995e-03    
1.72932e-01    1.51345e-03    
1.75881e-01    1.59068e-03    
1.78879e-01    1.67182e-03    
1.81929e-01    1.75706e-03    
1.85031e-01    1.84662e-03    
1.88186e-01    1.94070e-03    
1.91394e-01    2.03953e-03    
1.94658e-01    2.14336e-03    
1.97976e-01    2.25242e-03    
2.01352e-01    2.36698e-03    
2.04785e-01    2.48729e-03    
2.08276e-01    2.61360e-03    
2.11827e-01    2.74622e-03    
2.15439e-01    2.88545e-03    
2.19112e-01    3.03161e-03    
2.22848e-01    3.18503e-03    
2.26647e-01    3.34607e-03    
2.30512e-01    3.51508e-03    
2.34442e-01    3.69244e-03    
2.38439e-01    3.87857e-03    
2.42504e-01    4.07386e-03    
2.46639e-01    4.27876e-03    
2.50844e-01    4.49371e-03    
2.55121e-01    4.71919e-03    
2.59470e-01    4.95569e-03    
2.63894e-01    5.20373e-03    
2.68394e-01    5.46384e-03    
2.72970e-01    5.73657e-03    
2.77624e-01    6.02251e-03    
2.82357e-01    6.32227e-03    
2.87171e-01    6.63647e-03    
2.92067e-01    6.96577e-03    
2.97047e-01    7.31085e-03    
3.02112e-01    7.67243e-03    
3.07262e-01    8.05122e-03    
3.12501e-01    8.44801e-03    
3.17829e-01    8.86359e-03    
3.23248e-01    9.29877e-03    
3.28759e-01    9.75443e-03    
3.34365e-01    1.02314e-02    
3.40065e-01    1.07307e-02    
3.45863e-01    1.12532e-02    
3.51760e-01    1.17999e-02    
3.57758e-01    1.23718e-02    
3.63857e-01    1.29700e-02    
3.70061e-01    1.35956e-02    
3.76370e-01    1.42496e-02    
3.82787e-01    1.49333e-02    
3.89314e-01    1.56478e-02    
3.95951e-01    1.63944e-02    
4.02702e-01    1.71743e-02    
4.09568e-01    1.79888e-02    
4.16551e-01    1.88392e-02    
4.23653e-01    1.97270e-02    
4.30876e-01    2.06535e-02    
4.38223e-01    2.16201e-02    
4.45694e-01    2.26283e-02    
4.53293e-01    2.36797e-02    
4.61022e-01    2.47757e-02    
4.68882e-01    2.59178e-02    
4.76876e-01    2.71078e-02    
4.85007e-01    2.83471e-02    
4.93276e-01    2.96374e-02    
5.01686e-01    3.09803e-02    
5.10240e-01    3.23776e-02    
5.18939e-01    3.38308e-02    
5.27787e-01    3.53416e-02    
5.36785e-01    3.69119e-02    
5.45937e-01    3.85431e-02    
5.55245e-01    4.02371e-02    
5.64712e-01    4.19955e-02    
5.74340e-01    4.38200e-02    
5.84133e-01    4.57121e-02    
5.94092e-01    4.76736e-02    
6.04221e-01    4.97060e-02    
6.14523e-01    5.18109e-02    
6.25000e-01    5.39898e-02    
6.35656e-01    5.62440e-02    
6.46494e-01    5.85750e-02    
6.57516e-01    6.09842e-02    
6.68727e-01    6.34726e-02    
6.80128e-01    6.60416e-02    
6.91724e-01    6.86920e-02    
7.03518e-01    7.14248e-02    
7.15513e-01    7.42408e-02    
7.27712e-01    7.71408e-02    
7.40119e-01    8.01251e-02    
7.52738e-01    8.31942e-02    
7.65572e-01    8.63483e-02    
7.78624e-01    8.95875e-02    
7.91900e-01    9.29114e-02    
8.05401e-01    9.63199e-02    
8.19133e-01    9.98123e-02    
8.33099e-01    1.03388e-01    
8.47303e-01    1.07045e-01    
8.61749e-01    1.10784e-01    
8.76442e-01    1.14602e-01    
8.91385e-01    1.18497e-01    
9.06583e-01    1.22468e-01    
9.22040e-01    1.26512e-01    
9.37760e-01    1.30627e-01    
9.53749e-01    1.34810e-01    
9.70010e-01    1.39057e-01    
9.86548e-01    1.43366e-01    
1.00337e+00    1.47732e-01    
1.02048e+00    1.52152e-01    
1.03787e+00    1.56621e-01    
1.05557e+00    1.61135e-01    
1.07357e+00    1.65688e-01    
1.09187e+00    1.70276e-01    
1.11049e+00    1.74893e-01    
1.12942e+00    1.79533e-01    
1.14868e+00    1.84191e-01    
1.16826e+00    1.88859e-01    
1.18818e+00    1.93532e-01    
1.20844e+00    1.98202e-01    
1.22904e+00    2.02863e-01    
1.25000e+00    2.07507e-01    
1.27131e+00    2.12127e-01    
1.29298e+00    2.16714e-01    
1.31503e+00    2.21260e-01    
1.33745e+00    2.25758e-01    
1.36025e+00    2.30198e-01    
1.38344e+00    2.34572e-01    
1.40703e+00    2.38872e-01    
1.43102e+00    2.43088e-01    
1.45542e+00    2.47212e-01    
1.48023e+00    2.51236e-01    
1.50547e+00    2.55152e-01    
1.53114e+00    2.58950e-01    
1.55724e+00    2.62623e-01    
1.58379e+00    2.66164e-01    
1.61080e+00    2.69565e-01    
1.63826e+00    2.72819e-01    
1.66619e+00    2.75920e-01    
1.69460e+00    2.78862e-01    
1.72349e+00    2.81640e-01    
1.75288e+00    2.84249e-01    
1.78276e+00    2.86685e-01    
1.81316e+00    2.88944e-01    
1.84407e+00    2.91021e-01    
1.87551e+00    2.92914e-01    
1.90749e+00    2.94619e-01    
1.94001e+00    2.96133e-01    
1.97309e+00    2.97456e-01    
2.00673e+00    2.98584e-01    
2.04094e+00    2.99518e-01    
2.07574e+00    3.00257e-01    
2.11113e+00    3.00800e-01    
2.14713e+00    3.01150e-01    
2.18373e+00    3.01306e-01    
2.22097e+00    3.01271e-01    
2.25883e+00    3.01048e-01    
2.29734e+00    3.00639e-01    
2.33651e+00    3.00050e-01    
2.37635e+00    2.99283e-01    
2.41687e+00    2.98342e-01    
2.45807e+00    2.97233e-01    
2.49998e+00    2.95959e-01    
2.54261e+00    2.94526e-01    
2.58596e+00    2.92937e-01    
2.63005e+00    2.91197e-01    
2.67489e+00    2.89311e-01    
2.72049e+00    2.87283e-01    
2.76688e+00    2.85118e-01    
2.81405e+00    2.82819e-01    
2.86203e+00    2.80390e-01    
2.91083e+00    2.77835e-01    
2.96045e+00    2.75157e-01    
3.01093e+00    2.72357e-01    
3.06226e+00    2.69438e-01    
3.11448e+00    2.66399e-01    
3.16758e+00    2.63239e-01    
3.22158e+00    2.59956e-01    
3.27651e+00    2.56547e-01    
3.33237e+00    2.53008e-01    
3.38919e+00    2.49333e-01    
3.44697e+00    2.45519e-01    
3.50574e+00    2.41562e-01    
3.56551e+00    2.37460e-01    
3.62630e+00    2.33217e-01    
3.68813e+00    2.28839e-01    
3.75101e+00    2.24336e-01    
3.81497e+00    2.19723e-01    
3.88001e+00    2.15018e-01    
3.94616e+00    2.10243e-01    
4.01344e+00    2.05418e-01    
4.08187e+00    2.00562e-01    
4.15147e+00    1.95695e-01    
4.22225e+00    1.90834e-01    
4.29424e+00    1.85992e-01    
4.36745e+00    1.81182e-01    
4.44191e+00    1.76414e-01    
4.51765e+00    1.71696e-01    
4.59467e+00    1.67035e-01    
4.67301e+00    1.62435e-01    
4.75268e+00    1.57900e-01    
4.83371e+00    1.53435e-01    
4.91613e+00    1.49041e-01    
4.99995e+00    1.44720e-01    
5.08519e+00    1.40474e-01    
5.17189e+00    1.36304e-01    
5.26007e+00    1.32211e-01    
5.34975e+00    1.28197e-01    
5.44097e+00    1.24261e-01    
5.53373e+00    1.20404e-01    
5.62808e+00    1.16627e-01    
5.72404e+00    1.12929e-01    
5.82163e+00    1.09312e-01    
5.92089e+00    1.05775e-01    
6.02184e+00    1.02318e-01    
6.12451e+00    9.89416e-02    
6.22893e+00    9.56450e-02    
6.33513e+00    9.24282e-02    
6.44314e+00    8.92908e-02    
6.55299e+00    8.62326e-02    
6.66472e+00    8.32530e-02    
6.77835e+00    8.03516e-02    
6.89392e+00    7.75279e-02    
7.01146e+00    7.47811e-02    
7.13100e+00    7.21108e-02    
7.25258e+00    6.95162e-02    
7.37624e+00    6.69964e-02    
7.50200e+00    6.45508e-02    
7.62991e+00    6.21783e-02    
7.75999e+00    5.98780e-02    
7.89230e+00    5.76489e-02    
8.02686e+00    5.54899e-02    
8.16371e+00    5.33999e-02    
8.30290e+00    5.13777e-02    
8.44446e+00    4.94222e-02    
8.58844e+00    4.75321e-02    
8.73487e+00    4.57061e-02    
8.88380e+00    4.39428e-02    
9.03526e+00    4.22409e-02    
9.18931e+00    4.05989e-02    
9.34598e+00    3.90153e-02    
9.50533e+00    3.74885e-02    
9.66739e+00    3.60169e-02    
9.83222e+00    3.45987e-02    
9.99985e+00    3.32322e-02    
1.01703e+01    3.19158e-02    
1.03437e+01    3.06476e-02    
1.05201e+01    2.94261e-02    
1.06995e+01    2.82497e-02    
1.08819e+01    2.71167e-02    
1.10674e+01    2.60257e-02    
1.12561e+01    2.49753e-02    
1.14480e+01    2.39640e-02    
1.16432e+01    2.29907e-02    
1.18417e+01    2.20541e-02    
1.20436e+01    2.11529e-02    
1.22490e+01    2.02860e-02    
1.24578e+01    1.94522e-02    
1.26702e+01    1.86505e-02    
1.28862e+01    1.78797e-02    
1.31059e+01    1.71388e-02    
1.33294e+01    1.64267e-02    
1.35567e+01    1.57425e-02    
1.37878e+01    1.50850e-02    
1.40229e+01    1.44533e-02    
1.42620e+01    1.38466e-02    
1.45051e+01    1.32639e-02    
1.47524e+01    1.27043e-02    
1.50039e+01    1.21669e-02    
1.52598e+01    1.16511e-02    
1.55199e+01    1.11559e-02    
1.57845e+01    1.06806e-02    
1.60537e+01    1.02245e-02    
1.63274e+01    9.78686e-03    
1.66057e+01    9.36701e-03    
1.68889e+01    8.96428e-03    
1.71768e+01    8.57802e-03    
1.74697e+01    8.20760e-03    
1.77675e+01    7.85242e-03    
1.80705e+01    7.51191e-03    
1.83786e+01    7.18548e-03    
1.86919e+01    6.87261e-03    
1.90106e+01    6.57276e-03    
1.93347e+01    6.28544e-03    
1.96644e+01    6.01014e-03    
1.99996e+01    5.74639e-03    
2.03406e+01    5.49375e-03    
2.06874e+01    5.25177e-03    
2.10401e+01    5.02003e-03    
2.13989e+01    4.79812e-03    
2.17637e+01    4.58564e-03    
2.21348e+01    4.38221e-03    
2.25122e+01    4.18748e-03    
2.28960e+01    4.00109e-03    
2.32864e+01    3.82270e-03    
2.36834e+01    3.65197e-03    
2.40872e+01    3.48861e-03    
2.44978e+01    3.33230e-03    
2.49155e+01    3.18275e-03    
2.53403e+01    3.03970e-03    
2.57724e+01    2.90286e-03    
2.62118e+01    2.77198e-03    
2.66587e+01    2.64682e-03    
2.71132e+01    2.52712e-03    
2.75755e+01    2.41268e-03    
2.80456e+01    2.30326e-03    
2.85238e+01    2.19865e-03    
2.90101e+01    2.09865e-03    
2.95047e+01    2.00307e-03    
3.00078e+01    1.91171e-03    
3.05194e+01    1.82440e-03    
3.10397e+01    1.74097e-03    
3.15690e+01    1.66125e-03    
3.21072e+01    1.58509e-03    
3.26546e+01    1.51232e-03    
3.32114e+01    1.44280e-03    
3.37776e+01    1.37639e-03    
3.43535e+01    1.31297e-03    
3.49392e+01    1.25239e-03    
3.55349e+01    1.19454e-03    
3.61408e+01    1.13929e-03    
3.67570e+01    1.08654e-03    
3.73837e+01    1.03617e-03    
3.80210e+01    9.88087e-04    
3.86693e+01    9.42179e-04    
3.93286e+01    8.98356e-04    
3.99991e+01    8.56525e-04    
4.06811e+01    8.16599e-04    
4.13747e+01    7.78493e-04    
4.20801e+01    7.42127e-04    
4.27976e+01    7.07423e-04    
4.35272e+01    6.74309e-04    
4.42694e+01    6.42712e-04    
4.50242e+01    6.12566e-04    
4.57918e+01    5.83806e-04    
4.65725e+01    5.56369e-04    
4.73666e+01    5.30196e-04    
4.81742e+01    5.05231e-04    
4.89955e+01    4.81419e-04    
4.98309e+01    4.58708e-04    
5.06805e+01    4.37049e-04    
5.15446e+01    4.16394e-04    
5.24234e+01    3.96697e-04    
5.33172e+01    3.77916e-04    
5.42262e+01    3.60009e-04    
5.51507e+01    3.42935e-04    
5.60910e+01    3.26658e-04    
5.70474e+01    3.11140e-04    
5.80200e+01    2.96347e-04    
5.90092e+01    2.82246e-04    
6.00153e+01    2.68806e-04    
6.10386e+01    2.55995e-04    
6.20793e+01    2.43786e-04    
6.31377e+01    2.32150e-04    
6.42142e+01    2.21061e-04    
6.53090e+01    2.10494e-04    
6.64225e+01    2.00424e-04    
6.75550e+01    1.90830e-04    
6.87068e+01    1.81688e-04    
6.98782e+01    1.72978e-04    
7.10696e+01    1.64680e-04    
7.22813e+01    1.56775e-04    
7.35137e+01    1.49244e-04    
7.47670e+01    1.42070e-04    
7.60418e+01    1.35237e-04    
7.73383e+01    1.28728e-04    
7.86569e+01    1.22529e-04    
7.99979e+01    1.16625e-04    
8.13619e+01    1.11002e-04    
8.27491e+01    1.05646e-04    
8.41599e+01    1.00547e-04    
8.55948e+01    9.56905e-05    
8.70542e+01    9.10662e-05    
8.85384e+01    8.66631e-05    
9.00480e+01    8.24707e-05    
9.15833e+01    7.84790e-05    
9.31447e+01    7.46787e-05    
9.47328e+01    7.10607e-05    
9.63480e+01    6.76163e-05    
9.79907e+01    6.43374e-05    
9.96614e+01    6.12162e-05    
1.01361e+02    5.82451e-05    
1.03089e+02    5.54170e-05    
1.04846e+02    5.27252e-05    
1.06634e+02    5.01633e-05    
1.08452e+02    4.77249e-05    
1.10301e+02    4.54043e-05    
1.12182e+02    4.31958e-05    
1.14094e+02    4.10941e-05    
1.16040e+02    3.90941e-05    
1.18018e+02    3.71910e-05    
1.20030e+02    3.53801e-05    
1.22077e+02    3.36570e-05    
1.24158e+02    3.20176e-05    
1.26275e+02    3.04577e-05    
1.28428e+02    2.89737e-05    
1.30618e+02    2.75618e-05    
1.32844e+02    2.62186e-05    
1.35109e+02    2.49408e-05    
1.37413e+02    2.37253e-05    
1.39756e+02    2.25691e-05    
1.42139e+02    2.14693e-05    
1.44562e+02    2.04232e-05    
1.47027e+02    1.94282e-05    
1.49534e+02    1.84818e-05    
1.52083e+02    1.75818e-05    
1.54676e+02    1.67258e-05    
1.57313e+02    1.59117e-05    
1.59995e+02    1.51376e-05    
1.62723e+02    1.44014e-05    
1.65498e+02    1.37013e-05    
1.68319e+02    1.30356e-05    
1.71189e+02    1.24027e-05    
1.74108e+02    1.18008e-05    
1.77076e+02    1.12285e-05    
1.80095e+02    1.06844e-05    
1.83166e+02    1.01670e-05    
1.86289e+02    9.67516e-06    
1.89465e+02    9.20750e-06    
1.92695e+02    8.76287e-06    
1.95981e+02    8.34014e-06    
1.99322e+02    7.93824e-06    
2.02720e+02    7.55613e-06    
2.06177e+02    7.19285e-06    
2.09692e+02    6.84745e-06    
2.13267e+02    6.51905e-06    
2.16903e+02    6.20681e-06    
2.20601e+02    5.90993e-06    
2.24363e+02    5.62764e-06    
2.28188e+02    5.35921e-06    
2.32078e+02    5.10395e-06    
2.36035e+02    4.86120e-06    
2.40060e+02    4.63034e-06    
2.44152e+02    4.41078e-06    
2.48315e+02    4.20193e-06    
2.52549e+02    4.00327e-06    
2.56855e+02    3.81428e-06    
2.61234e+02    3.63448e-06    
2.65688e+02    3.46341e-06    
2.70218e+02    3.30063e-06    
2.74825e+02    3.14571e-06    
2.79511e+02    2.99828e-06    
2.84276e+02    2.85794e-06    
2.89123e+02    2.72435e-06    
2.94052e+02    2.59717e-06    
2.99066e+02    2.47608e-06    
3.04165e+02    2.36077e-06    
3.09351e+02    2.25096e-06    
3.14625e+02    2.14637e-06    
3.19989e+02    2.04675e-06    
3.25445e+02    1.95185e-06    
3.30994e+02    1.86144e-06    
3.36637e+02    1.77530e-06    
3.42377e+02    1.69322e-06    
3.48214e+02    1.61499e-06    
3.54151e+02    1.54044e-06    
3.60189e+02    1.46938e-06    
3.66330e+02    1.40165e-06    
3.72576e+02    1.33709e-06    
3.78928e+02    1.27553e-06    
3.85389e+02    1.21684e-06    
3.91960e+02    1.16089e-06    
3.98643e+02    1.10753e-06    
4.05439e+02    1.05665e-06    
4.12352e+02    1.00813e-06    
4.19382e+02    9.61856e-07    
4.26533e+02    9.17722e-07    
4.33805e+02    8.75628e-07    
4.41201e+02    8.35477e-07    
4.48723e+02    7.97179e-07    
4.56374e+02    7.60647e-07    
4.64155e+02    7.25798e-07    
4.72069e+02    6.92553e-07    
4.80117e+02    6.60838e-07    
4.88303e+02    6.30581e-07    
4.96629e+02    6.01714e-07    
5.05096e+02    5.74174e-07    
5.13708e+02    5.47897e-07    
5.22466e+02    5.22827e-07    
5.31374e+02    4.98907e-07    
5.40434e+02    4.76084e-07    
5.49648e+02    4.54307e-07    
5.59019e+02    4.33528e-07    
5.68550e+02    4.13702e-07    
5.78244e+02    3.94783e-07    
5.88103e+02    3.76731e-07    
5.98130e+02    3.59505e-07    
6.08328e+02    3.43068e-07    
6.18699e+02    3.27383e-07    
6.29248e+02    3.12416e-07    
6.39977e+02    2.98134e-07    
6.50888e+02    2.84505e-07    
6.61985e+02    2.71499e-07    
6.73272e+02    2.59089e-07    
6.84751e+02    2.47246e-07    
6.96426e+02    2.35944e-07    
7.08300e+02    2.25160e-07    
7.20376e+02    2.14868e-07    
7.32658e+02    2.05047e-07    
7.45150e+02    1.95675e-07    
7.57854e+02    1.86731e-07    
7.70775e+02    1.78197e-07    
7.83917e+02    1.70052e-07    
7.97282e+02    1.62280e-07    
8.10876e+02    1.54863e-07    
8.24701e+02    1.47785e-07    
8.38762e+02    1.41030e-07    
8.53062e+02    1.34585e-07    
8.67607e+02    1.28434e-07    
8.82399e+02    1.22564e-07    
8.97444e+02    1.16962e-07    
9.12745e+02    1.11616e-07    
9.28307e+02    1.06515e-07    
9.44134e+02    1.01647e-07    
9.60231e+02    9.70014e-08    
9.76603e+02    9.25682e-08    
9.93254e+02    8.83375e-08    
1.01019e+03    8.43003e-08    
1.02741e+03    8.04476e-08    
1.04493e+03    7.67710e-08    
1.06274e+03    7.32624e-08    
1.08086e+03    6.99142e-08    
1.09929e+03    6.67191e-08    
1.11803e+03    6.36700e-08    
1.13710e+03    6.07603e-08    
1.15648e+03    5.79835e-08    
1.17620e+03    5.53337e-08    
1.19626e+03    5.28051e-08    
1.21665e+03    5.03920e-08    
1.23739e+03    4.80892e-08    
1.25849e+03    4.58917e-08    
1.27995e+03    4.37946e-08    
1.30177e+03    4.17934e-08    
1.32397e+03    3.98837e-08    
1.34654e+03    3.80613e-08    
1.36950e+03    3.63221e-08    
1.39285e+03    3.46625e-08    
1.41659e+03    3.30787e-08    
1.44075e+03    3.15674e-08    
1.46531e+03    3.01251e-08    
1.49029e+03    2.87487e-08    
1.51570e+03    2.74353e-08    
1.54154e+03    2.61819e-08    
1.56783e+03    2.49858e-08    
1.59456e+03    2.38444e-08    
1.62175e+03    2.27551e-08    
1.64940e+03    2.17157e-08    
1.67752e+03    2.07237e-08    
1.70612e+03    1.97771e-08    
1.73521e+03    1.88737e-08    
1.76479e+03    1.80117e-08    
1.79488e+03    1.71890e-08    
1.82548e+03    1.64040e-08    
1.85661e+03    1.56548e-08    
1.88826e+03    1.49399e-08    
1.92046e+03    1.42576e-08    
1.95320e+03    1.36066e-08    
1.98650e+03    1.29852e-08    
2.02037e+03    1.23923e-08    
2.05482e+03    1.18265e-08    
2.08985e+03    1.12865e-08    
2.12548e+03    1.07712e-08    
2.16172e+03    1.02795e-08    
2.19858e+03    9.81020e-09    
2.23606e+03    9.36236e-09    
2.27418e+03    8.93499e-09    
2.31296e+03    8.52715e-09    
2.35239e+03    8.13794e-09    
2.39250e+03    7.76652e-09    
2.43329e+03    7.41206e-09    
2.47478e+03    7.07380e-09    
2.51697e+03    6.75099e-09    
2.55989e+03    6.44293e-09    
2.60353e+03    6.14893e-09    
2.64792e+03    5.86837e-09    
2.69307e+03    5.60063e-09    
2.73898e+03    5.34511e-09    
2.78568e+03    5.10127e-09    
2.83318e+03    4.86856e-09    
2.88148e+03    4.64648e-09    
2.93061e+03    4.43454e-09    
2.98058e+03    4.23228e-09    
3.03139e+03    4.03926e-09    
3.08308e+03    3.85505e-09    
3.13564e+03    3.67925e-09    
3.18911e+03    3.51147e-09    
3.24348e+03    3.35136e-09    
3.29878e+03    3.19856e-09    
3.35502e+03    3.05273e-09    
3.41222e+03    2.91356e-09    
3.47040e+03    2.78075e-09    
3.52957e+03    2.65399e-09    
3.58975e+03    2.53302e-09    
3.65095e+03    2.41757e-09    
3.71320e+03    2.30739e-09    
3.77651e+03    2.20224e-09    
3.84090e+03    2.10189e-09    
3.90638e+03    2.00612e-09    
3.97298e+03    1.91471e-09    
4.04072e+03    1.82748e-09    
4.10962e+03    1.74422e-09    
4.17968e+03    1.66477e-09    
4.25095e+03    1.58894e-09    
4.32342e+03    1.51656e-09    
4.39714e+03    1.44749e-09    
4.47211e+03    1.38157e-09    
4.54835e+03    1.31866e-09    
4.62590e+03    1.25861e-09    
4.70477e+03    1.20131e-09    
4.78499e+03    1.14661e-09    
4.86657e+03    1.09441e-09    
4.94954e+03    1.04459e-09    
5.03393e+03    9.97041e-10    
5.11976e+03    9.51660e-10    
5.20705e+03    9.08347e-10    
5.29582e+03    8.67008e-10    
5.38612e+03    8.27554e-10    
5.47795e+03    7.89897e-10    
5.57134e+03    7.53957e-10    
5.66633e+03    7.19655e-10    
5.76294e+03    6.86915e-10    
5.86120e+03    6.55667e-10    
5.96113e+03    6.25843e-10    
6.06277e+03    5.97378e-10    
6.16613e+03    5.70209e-10    
6.27126e+03    5.44278e-10    
6.37819e+03    5.19528e-10    
6.48693e+03    4.95905e-10    
6.59753e+03    4.73358e-10    
6.71002e+03    4.51837e-10    
6.82442e+03    4.31297e-10    
6.94078e+03    4.11692e-10    
7.05911e+03    3.92979e-10    
7.17947e+03    3.75118e-10    
7.30188e+03    3.58071e-10    
7.42637e+03    3.41799e-10    
7.55299e+03    3.26268e-10    
7.68176e+03    3.11444e-10    
7.81274e+03    2.97294e-10    
7.94594e+03    2.83788e-10    
8.08142e+03    2.70897e-10    
8.21920e+03    2.58593e-10    
8.35934e+03    2.46848e-10    
8.50186e+03    2.35637e-10    
8.64681e+03    2.24937e-10    
8.79424e+03    2.14723e-10    
8.94418e+03    2.04973e-10    
9.09667e+03    1.95667e-10    
9.25177e+03    1.86785e-10    
9.40951e+03    1.78306e-10    
9.56994e+03    1.70212e-10    
9.73310e+03    1.62487e-10    
9.89905e+03    1.55113e-10    
1.00678e+04    1.48074e-10    
1.02395e+04    1.41355e-10    
1.04141e+04    1.34941e-10    
1.05916e+04    1.28819e-10    
1.07722e+04    1.22975e-10    
1.09559e+04    1.17397e-10    
1.11426e+04    1.12072e-10    
1.13326e+04    1.06989e-10    
1.15258e+04    1.02137e-10    
1.17224e+04    9.75054e-11    
1.19222e+04    9.30842e-11    
1.21255e+04    8.88637e-11    
1.23322e+04    8.48349e-11    
1.25425e+04    8.09891e-11    
1.27563e+04    7.73180e-11    
1.29738e+04    7.38135e-11    
1.31950e+04    7.04681e-11    
1.34200e+04    6.72746e-11    
1.36488e+04    6.42261e-11    
1.38815e+04    6.13159e-11    
1.41182e+04    5.85379e-11    
1.43589e+04    5.58859e-11    
1.46037e+04    5.33542e-11    
1.48527e+04    5.09375e-11    
1.51059e+04    4.86304e-11    
1.53635e+04    4.64279e-11    
1.56254e+04    4.43254e-11    
1.58918e+04    4.23183e-11    
1.61628e+04    4.04022e-11    
1.64383e+04    3.85730e-11    
1.67186e+04    3.68267e-11    
1.70037e+04    3.51597e-11    
1.72936e+04    3.35682e-11    
1.75884e+04    3.20489e-11    
1.78883e+04    3.05985e-11    
1.81933e+04    2.92139e-11    
1.85035e+04    2.78920e-11    
1.88189e+04    2.66300e-11    
1.91398e+04    2.54252e-11    
1.94661e+04    2.42750e-11    
1.97980e+04    2.31770e-11    
2.01356e+04    2.21287e-11    
2.04789e+04    2.11278e-11    
2.08280e+04    2.01724e-11    
2.11831e+04    1.92602e-11    
2.15443e+04    1.83893e-11    
2.19116e+04    1.75579e-11    
2.22852e+04    1.67641e-11    
2.26652e+04    1.60063e-11    
2.30516e+04    1.52828e-11    
2.34446e+04    1.45921e-11    
2.38443e+04    1.39326e-11    
2.42509e+04    1.33030e-11    
2.46644e+04    1.27019e-11    
2.50849e+04    1.21280e-11    
2.55126e+04    1.15800e-11    
2.59475e+04    1.10569e-11    
2.63899e+04    1.05574e-11    
2.68399e+04    1.00806e-11    
2.72975e+04    9.62529e-12    
2.77629e+04    9.19061e-12    
2.82363e+04    8.77559e-12    
2.87177e+04    8.37934e-12    
2.92073e+04    8.00102e-12    
2.97053e+04    7.63980e-12    
3.02117e+04    7.29492e-12    
3.07268e+04    6.96564e-12    
3.12507e+04    6.65125e-12    
3.17835e+04    6.35107e-12    
3.23254e+04    6.06446e-12    
3.28766e+04    5.79081e-12    
3.34371e+04    5.52952e-12    
3.40072e+04    5.28005e-12    
3.45870e+04    5.04185e-12    
3.51767e+04    4.81441e-12    
3.57764e+04    4.59726e-12    
3.63864e+04    4.38991e-12    
3.70068e+04    4.19193e-12    
3.76378e+04    4.00290e-12    
3.82795e+04    3.82240e-12    
3.89321e+04    3.65006e-12    
3.95959e+04    3.48550e-12    
4.02710e+04    3.32838e-12    
4.09576e+04    3.17834e-12    
4.16559e+04    3.03509e-12    
4.23661e+04    2.89830e-12    
4.30885e+04    2.76768e-12    
4.38231e+04    2.64297e-12    
4.45703e+04    2.52388e-12    
4.53302e+04    2.41017e-12    
4.61030e+04    2.30159e-12    
4.68891e+04    2.19790e-12    
4.76885e+04    2.09890e-12    
4.85016e+04    2.00437e-12    
4.93285e+04    1.91410e-12    
5.01696e+04    1.82790e-12    
5.10249e+04    1.74559e-12    
5.18949e+04    1.66699e-12    
5.27797e+04    1.59194e-12    
5.36796e+04    1.52027e-12    
5.45948e+04    1.45184e-12    
5.55256e+04    1.38649e-12    
5.64723e+04    1.32409e-12    
5.74351e+04    1.26450e-12    
5.84144e+04    1.20759e-12    
5.94103e+04    1.15325e-12    
6.04232e+04    1.10137e-12    
6.14534e+04    1.05182e-12    
6.25012e+04    1.00450e-12    
6.35668e+04    9.59312e-13    
6.46506e+04    9.16163e-13    
6.57529e+04    8.74957e-13    
6.68740e+04    8.35608e-13    
6.80141e+04    7.98032e-13    
6.91738e+04    7.62148e-13    
7.03531e+04    7.27881e-13    
7.15526e+04    6.95156e-13    
7.27726e+04    6.63906e-13    
7.40133e+04    6.34062e-13    
7.52752e+04    6.05562e-13    
7.65586e+04    5.78346e-13    
7.78639e+04    5.52355e-13    
7.91915e+04    5.27533e-13    
8.05417e+04    5.03829e-13    
8.19149e+04    4.81192e-13    
8.33115e+04    4.59573e-13    
8.47319e+04    4.38928e-13    
8.61766e+04    4.19211e-13    
8.76459e+04    4.00382e-13    
8.91402e+04    3.82399e-13    
9.06600e+04    3.65226e-13    
9.22057e+04    3.48825e-13    
9.37778e+04    3.33162e-13    
9.53767e+04    3.18203e-13    
9.70028e+04    3.03917e-13    
9.86567e+04    2.90273e-13    
1.00339e+05    2.77243e-13    
1.02050e+05    2.64799e-13    
1.03789e+05    2.52914e-13    
1.05559e+05    2.41564e-13    
1.07359e+05    2.30723e-13    
1.09189e+05    2.20370e-13    
1.11051e+05    2.10482e-13    
1.12944e+05    2.01039e-13    
1.14870e+05    1.92020e-13    
1.16828e+05    1.83406e-13    
1.18820e+05    1.75180e-13    
1.20846e+05    1.67322e-13    
1.22906e+05    1.59818e-13    
1.25002e+05    1.52651e-13    
1.27133e+05    1.45806e-13    
1.29301e+05    1.39268e-13    
1.31505e+05    1.33024e-13    
1.33747e+05    1.27060e-13    
1.36028e+05    1.21364e-13    
1.38347e+05    1.15924e-13    
1.40706e+05    1.10728e-13    
1.43105e+05    1.05765e-13    
1.45545e+05    1.01025e-13    
1.48026e+05    9.64982e-14    
1.50550e+05    9.21742e-14    
1.53117e+05    8.80443e-14    
1.55727e+05    8.40996e-14    
1.58382e+05    8.03320e-14    
1.61083e+05    7.67334e-14    
1.63829e+05    7.32963e-14    
1.66622e+05    7.00134e-14    
1.69463e+05    6.68777e-14    
1.72353e+05    6.38827e-14    
1.75291e+05    6.10220e-14    
1.78280e+05    5.82896e-14    
1.81319e+05    5.56798e-14    
1.84411e+05    5.31870e-14    
1.87555e+05    5.08059e-14    
1.90753e+05    4.85316e-14    
1.94005e+05    4.63593e-14    
1.97313e+05    4.42843e-14    
2.00677e+05    4.23024e-14    
2.04098e+05    4.04093e-14    
2.07578e+05    3.86010e-14    
2.11117e+05    3.68738e-14    
2.14717e+05    3.52240e-14    
2.18378e+05    3.36481e-14    
2.22101e+05    3.21428e-14    
2.25888e+05    3.07049e-14    
2.29739e+05    2.93315e-14    
2.33656e+05    2.80196e-14    
2.37640e+05    2.67664e-14    
2.41691e+05    2.55694e-14    
2.45812e+05    2.44260e-14    
2.50003e+05    2.33338e-14    
2.54265e+05    2.22905e-14    
2.58601e+05    2.12939e-14    
2.63010e+05    2.03419e-14    
2.67494e+05    1.94326e-14    
2.72055e+05    1.85640e-14    
2.76693e+05    1.77342e-14    
2.81410e+05    1.69416e-14    
2.86208e+05    1.61845e-14    
2.91088e+05    1.54612e-14    
2.96051e+05    1.47703e-14    
3.01099e+05    1.41103e-14    
3.06232e+05    1.34799e-14    
3.11454e+05    1.28777e-14    
3.16764e+05    1.23024e-14    
3.22164e+05    1.17528e-14    
3.27657e+05    1.12279e-14    
3.33244e+05    1.07264e-14    
3.38925e+05    1.02473e-14    
3.44704e+05    9.78968e-15    
3.50581e+05    9.35251e-15    
3.56558e+05    8.93489e-15    
3.62637e+05    8.53595e-15    
3.68820e+05    8.15484e-15    
3.75109e+05    7.79077e-15    
3.81504e+05    7.44298e-15    
3.88009e+05    7.11073e-15    
3.94624e+05    6.79333e-15    
4.01352e+05    6.49013e-15    
4.08195e+05    6.20047e-15    
4.15155e+05    5.92375e-15    
4.22233e+05    5.65941e-15    
4.29432e+05    5.40687e-15    
4.36753e+05    5.16562e-15    
4.44200e+05    4.93515e-15    
4.51773e+05    4.71497e-15    
4.59476e+05    4.50463e-15    
4.67310e+05    4.30369e-15    
4.75277e+05    4.11172e-15    
4.83381e+05    3.92832e-15    
4.91622e+05    3.75312e-15    
5.00004e+05    3.58574e-15    
5.08529e+05    3.42583e-15    
5.17199e+05    3.27307e-15    
5.26017e+05    3.12712e-15    
5.34986e+05    2.98769e-15    
5.44107e+05    2.85449e-15    
5.53384e+05    2.72723e-15    
5.62819e+05    2.60565e-15    
5.72415e+05    2.48950e-15    
5.82174e+05    2.37854e-15    
5.92100e+05    2.27252e-15    
6.02195e+05    2.17124e-15    
6.12462e+05    2.07448e-15    
6.22905e+05    1.98203e-15    
6.33525e+05    1.89371e-15    
6.44326e+05    1.80933e-15    
6.55312e+05    1.72871e-15    
6.66485e+05    1.65169e-15    
6.77848e+05    1.57811e-15    
6.89405e+05    1.50781e-15    
7.01159e+05    1.44064e-15    
7.13114e+05    1.37647e-15    
7.25272e+05    1.31516e-15    
7.37638e+05    1.25659e-15    
7.50214e+05    1.20063e-15    
7.63005e+05    1.14716e-15    
7.76014e+05    1.09607e-15    
7.89245e+05    1.04727e-15    
8.02701e+05    1.00064e-15    
8.16387e+05    9.56087e-16    
8.30306e+05    9.13521e-16    
8.44463e+05    8.72853e-16    
8.58860e+05    8.33997e-16    
8.73504e+05    7.96873e-16    
8.88397e+05    7.61404e-16    
9.03543e+05    7.27515e-16    
9.18949e+05    6.95136e-16    
9.34616e+05    6.64200e-16    
9.50551e+05    6.34642e-16    
9.66758e+05    6.06401e-16    
9.83241e+05    5.79418e-16    
1.00000e+06    5.53637e-16    
1.01705e+06    5.29005e-16    
1.03439e+06    5.05470e-16    
1.05203e+06    4.82983e-16    
1.06997e+06    4.61497e-16    
1.08821e+06    4.40969e-16    
1.10676e+06    4.21354e-16    
1.12563e+06    4.02613e-16    
1.14483e+06    3.84707e-16    
1.16434e+06    3.67597e-16    
1.18420e+06    3.51250e-16    
1.20439e+06    3.35630e-16    
1.22492e+06    3.20706e-16    
1.24580e+06    3.06446e-16    
1.26705e+06    2.92820e-16    
1.28865e+06    2.79802e-16    
1.31062e+06    2.67362e-16    
1.33296e+06    2.55477e-16    
1.35569e+06    2.44120e-16    
1.37881e+06    2.33268e-16    
1.40231e+06    2.22900e-16    
1.42622e+06    2.12993e-16    
1.45054e+06    2.03526e-16    
1.47527e+06    1.94481e-16    
1.50042e+06    1.85838e-16    
1.52600e+06    1.77580e-16    
1.55202e+06    1.69689e-16    
1.57848e+06    1.62149e-16    
1.60540e+06    1.54944e-16    
1.63277e+06    1.48060e-16    
1.66061e+06    1.41482e-16    
1.68892e+06    1.35197e-16    
1.71771e+06    1.29191e-16    
1.74700e+06    1.23452e-16    
1.77679e+06    1.17969e-16    
1.80708e+06    1.12729e-16    
1.83789e+06    1.07722e-16    
1.86923e+06    1.02938e-16    
1.90110e+06    9.83660e-17    
1.93351e+06    9.39977e-17    
1.96647e+06    8.98236e-17    
2.00000e+06    8.58349e-17    

