# USINE V4.0
# File generated 13-05-2022 09:46:20
# Model1DKisoVc
# NE
# SolMod0DFF_phi0_770GV
# R [GV]       TOA [GV m^{2} s sr]^{-1}
9.49641e-02    1.88698e-04    
9.65806e-02    1.98395e-04    
9.82247e-02    2.08589e-04    
9.98968e-02    2.19304e-04    
1.01597e-01    2.30567e-04    
1.03327e-01    2.42406e-04    
1.05086e-01    2.54850e-04    
1.06875e-01    2.67930e-04    
1.08694e-01    2.81679e-04    
1.10544e-01    2.96130e-04    
1.12426e-01    3.11318e-04    
1.14340e-01    3.27282e-04    
1.16286e-01    3.44061e-04    
1.18266e-01    3.61696e-04    
1.20279e-01    3.80229e-04    
1.22327e-01    3.99708e-04    
1.24409e-01    4.20179e-04    
1.26527e-01    4.41693e-04    
1.28681e-01    4.64302e-04    
1.30871e-01    4.88062e-04    
1.33099e-01    5.13031e-04    
1.35365e-01    5.39270e-04    
1.37669e-01    5.66843e-04    
1.40013e-01    5.95817e-04    
1.42396e-01    6.26262e-04    
1.44820e-01    6.58254e-04    
1.47286e-01    6.91869e-04    
1.49793e-01    7.27190e-04    
1.52343e-01    7.64301e-04    
1.54936e-01    8.03294e-04    
1.57574e-01    8.44261e-04    
1.60256e-01    8.87303e-04    
1.62984e-01    9.32524e-04    
1.65758e-01    9.80031e-04    
1.68580e-01    1.02994e-03    
1.71450e-01    1.08237e-03    
1.74369e-01    1.13745e-03    
1.77337e-01    1.19531e-03    
1.80356e-01    1.25609e-03    
1.83426e-01    1.31993e-03    
1.86548e-01    1.38699e-03    
1.89724e-01    1.45742e-03    
1.92954e-01    1.53140e-03    
1.96238e-01    1.60910e-03    
1.99579e-01    1.69071e-03    
2.02976e-01    1.77640e-03    
2.06432e-01    1.86636e-03    
2.09946e-01    1.96079e-03    
2.13520e-01    2.05992e-03    
2.17154e-01    2.16395e-03    
2.20851e-01    2.27314e-03    
2.24611e-01    2.38772e-03    
2.28434e-01    2.50796e-03    
2.32323e-01    2.63411e-03    
2.36278e-01    2.76647e-03    
2.40300e-01    2.90531e-03    
2.44390e-01    3.05096e-03    
2.48551e-01    3.20372e-03    
2.52782e-01    3.36393e-03    
2.57085e-01    3.53193e-03    
2.61461e-01    3.70809e-03    
2.65912e-01    3.89277e-03    
2.70439e-01    4.08638e-03    
2.75042e-01    4.28931e-03    
2.79725e-01    4.50199e-03    
2.84486e-01    4.72487e-03    
2.89329e-01    4.95840e-03    
2.94254e-01    5.20305e-03    
2.99264e-01    5.45933e-03    
3.04358e-01    5.72774e-03    
3.09539e-01    6.00882e-03    
3.14808e-01    6.30312e-03    
3.20167e-01    6.61122e-03    
3.25618e-01    6.93372e-03    
3.31161e-01    7.27122e-03    
3.36798e-01    7.62436e-03    
3.42531e-01    7.99381e-03    
3.48362e-01    8.38025e-03    
3.54292e-01    8.78438e-03    
3.60324e-01    9.20693e-03    
3.66457e-01    9.64864e-03    
3.72696e-01    1.01103e-02    
3.79040e-01    1.05927e-02    
3.85492e-01    1.10967e-02    
3.92055e-01    1.16230e-02    
3.98729e-01    1.21727e-02    
4.05516e-01    1.27465e-02    
4.12419e-01    1.33453e-02    
4.19440e-01    1.39702e-02    
4.26580e-01    1.46220e-02    
4.33842e-01    1.53018e-02    
4.41227e-01    1.60105e-02    
4.48738e-01    1.67491e-02    
4.56377e-01    1.75187e-02    
4.64146e-01    1.83203e-02    
4.72047e-01    1.91551e-02    
4.80083e-01    2.00240e-02    
4.88255e-01    2.09281e-02    
4.96567e-01    2.18687e-02    
5.05020e-01    2.28466e-02    
5.13617e-01    2.38632e-02    
5.22360e-01    2.49195e-02    
5.31253e-01    2.60165e-02    
5.40296e-01    2.71555e-02    
5.49494e-01    2.83375e-02    
5.58848e-01    2.95636e-02    
5.68361e-01    3.08349e-02    
5.78036e-01    3.21524e-02    
5.87876e-01    3.35173e-02    
5.97884e-01    3.49304e-02    
6.08061e-01    3.63928e-02    
6.18413e-01    3.79053e-02    
6.28940e-01    3.94690e-02    
6.39646e-01    4.10845e-02    
6.50535e-01    4.27528e-02    
6.61609e-01    4.44745e-02    
6.72872e-01    4.62502e-02    
6.84326e-01    4.80806e-02    
6.95975e-01    4.99661e-02    
7.07823e-01    5.19071e-02    
7.19872e-01    5.39039e-02    
7.32127e-01    5.59567e-02    
7.44590e-01    5.80656e-02    
7.57265e-01    6.02305e-02    
7.70156e-01    6.24512e-02    
7.83266e-01    6.47274e-02    
7.96600e-01    6.70587e-02    
8.10161e-01    6.94444e-02    
8.23952e-01    7.18837e-02    
8.37978e-01    7.43758e-02    
8.52243e-01    7.69194e-02    
8.66751e-01    7.95133e-02    
8.81506e-01    8.21559e-02    
8.96512e-01    8.48457e-02    
9.11773e-01    8.75807e-02    
9.27294e-01    9.03588e-02    
9.43080e-01    9.31778e-02    
9.59134e-01    9.60351e-02    
9.75461e-01    9.89281e-02    
9.92066e-01    1.01854e-01    
1.00895e+00    1.04809e-01    
1.02613e+00    1.07791e-01    
1.04360e+00    1.10795e-01    
1.06136e+00    1.13819e-01    
1.07943e+00    1.16857e-01    
1.09781e+00    1.19906e-01    
1.11649e+00    1.22962e-01    
1.13550e+00    1.26021e-01    
1.15483e+00    1.29076e-01    
1.17449e+00    1.32124e-01    
1.19448e+00    1.35160e-01    
1.21482e+00    1.38179e-01    
1.23550e+00    1.41174e-01    
1.25653e+00    1.44142e-01    
1.27792e+00    1.47076e-01    
1.29967e+00    1.49971e-01    
1.32180e+00    1.52822e-01    
1.34430e+00    1.55623e-01    
1.36718e+00    1.58368e-01    
1.39045e+00    1.61051e-01    
1.41412e+00    1.63668e-01    
1.43820e+00    1.66213e-01    
1.46268e+00    1.68681e-01    
1.48758e+00    1.71066e-01    
1.51290e+00    1.73363e-01    
1.53866e+00    1.75567e-01    
1.56485e+00    1.77675e-01    
1.59149e+00    1.79681e-01    
1.61858e+00    1.81582e-01    
1.64613e+00    1.83373e-01    
1.67415e+00    1.85052e-01    
1.70265e+00    1.86614e-01    
1.73164e+00    1.88058e-01    
1.76112e+00    1.89381e-01    
1.79110e+00    1.90581e-01    
1.82159e+00    1.91656e-01    
1.85259e+00    1.92604e-01    
1.88413e+00    1.93424e-01    
1.91621e+00    1.94116e-01    
1.94882e+00    1.94679e-01    
1.98200e+00    1.95113e-01    
2.01574e+00    1.95417e-01    
2.05005e+00    1.95593e-01    
2.08495e+00    1.95639e-01    
2.12044e+00    1.95558e-01    
2.15654e+00    1.95351e-01    
2.19325e+00    1.95018e-01    
2.23059e+00    1.94561e-01    
2.26856e+00    1.93984e-01    
2.30718e+00    1.93288e-01    
2.34645e+00    1.92475e-01    
2.38640e+00    1.91550e-01    
2.42702e+00    1.90516e-01    
2.46833e+00    1.89377e-01    
2.51035e+00    1.88136e-01    
2.55309e+00    1.86797e-01    
2.59655e+00    1.85365e-01    
2.64075e+00    1.83843e-01    
2.68570e+00    1.82237e-01    
2.73142e+00    1.80549e-01    
2.77792e+00    1.78784e-01    
2.82521e+00    1.76945e-01    
2.87330e+00    1.75035e-01    
2.92221e+00    1.73057e-01    
2.97196e+00    1.71014e-01    
3.02255e+00    1.68907e-01    
3.07400e+00    1.66739e-01    
3.12633e+00    1.64510e-01    
3.17955e+00    1.62221e-01    
3.23368e+00    1.59872e-01    
3.28873e+00    1.57464e-01    
3.34471e+00    1.54994e-01    
3.40165e+00    1.52464e-01    
3.45955e+00    1.49872e-01    
3.51845e+00    1.47219e-01    
3.57834e+00    1.44507e-01    
3.63925e+00    1.41740e-01    
3.70121e+00    1.38921e-01    
3.76421e+00    1.36058e-01    
3.82829e+00    1.33159e-01    
3.89346e+00    1.30234e-01    
3.95974e+00    1.27291e-01    
4.02715e+00    1.24341e-01    
4.09570e+00    1.21392e-01    
4.16542e+00    1.18451e-01    
4.23633e+00    1.15525e-01    
4.30844e+00    1.12620e-01    
4.38179e+00    1.09740e-01    
4.45638e+00    1.06889e-01    
4.53224e+00    1.04071e-01    
4.60939e+00    1.01289e-01    
4.68786e+00    9.85432e-02    
4.76766e+00    9.58368e-02    
4.84882e+00    9.31711e-02    
4.93136e+00    9.05472e-02    
5.01531e+00    8.79661e-02    
5.10069e+00    8.54288e-02    
5.18751e+00    8.29360e-02    
5.27582e+00    8.04883e-02    
5.36563e+00    7.80865e-02    
5.45697e+00    7.57310e-02    
5.54987e+00    7.34226e-02    
5.64434e+00    7.11617e-02    
5.74043e+00    6.89493e-02    
5.83815e+00    6.67859e-02    
5.93753e+00    6.46721e-02    
6.03860e+00    6.26083e-02    
6.14140e+00    6.05949e-02    
6.24594e+00    5.86318e-02    
6.35227e+00    5.67191e-02    
6.46041e+00    5.48564e-02    
6.57038e+00    5.30432e-02    
6.68223e+00    5.12788e-02    
6.79598e+00    4.95620e-02    
6.91167e+00    4.78919e-02    
7.02933e+00    4.62677e-02    
7.14899e+00    4.46883e-02    
7.27069e+00    4.31529e-02    
7.39445e+00    4.16607e-02    
7.52033e+00    4.02108e-02    
7.64835e+00    3.88027e-02    
7.77855e+00    3.74357e-02    
7.91096e+00    3.61091e-02    
8.04563e+00    3.48225e-02    
8.18259e+00    3.35752e-02    
8.32189e+00    3.23667e-02    
8.46355e+00    3.11961e-02    
8.60763e+00    3.00630e-02    
8.75415e+00    2.89666e-02    
8.90318e+00    2.79061e-02    
9.05474e+00    2.68809e-02    
9.20888e+00    2.58902e-02    
9.36564e+00    2.49331e-02    
9.52507e+00    2.40088e-02    
9.68722e+00    2.31164e-02    
9.85212e+00    2.22549e-02    
1.00198e+01    2.14235e-02    
1.01904e+01    2.06212e-02    
1.03639e+01    1.98469e-02    
1.05403e+01    1.90997e-02    
1.07197e+01    1.83788e-02    
1.09022e+01    1.76831e-02    
1.10878e+01    1.70119e-02    
1.12765e+01    1.63642e-02    
1.14685e+01    1.57394e-02    
1.16637e+01    1.51366e-02    
1.18623e+01    1.45552e-02    
1.20642e+01    1.39944e-02    
1.22696e+01    1.34538e-02    
1.24785e+01    1.29325e-02    
1.26909e+01    1.24301e-02    
1.29069e+01    1.19459e-02    
1.31266e+01    1.14794e-02    
1.33501e+01    1.10300e-02    
1.35774e+01    1.05970e-02    
1.38085e+01    1.01801e-02    
1.40435e+01    9.77855e-03    
1.42826e+01    9.39194e-03    
1.45257e+01    9.01975e-03    
1.47730e+01    8.66147e-03    
1.50245e+01    8.31664e-03    
1.52803e+01    7.98478e-03    
1.55404e+01    7.66544e-03    
1.58049e+01    7.35820e-03    
1.60740e+01    7.06264e-03    
1.63476e+01    6.77834e-03    
1.66259e+01    6.50491e-03    
1.69089e+01    6.24197e-03    
1.71967e+01    5.98914e-03    
1.74895e+01    5.74606e-03    
1.77872e+01    5.51240e-03    
1.80900e+01    5.28780e-03    
1.83980e+01    5.07194e-03    
1.87111e+01    4.86451e-03    
1.90297e+01    4.66520e-03    
1.93536e+01    4.47371e-03    
1.96831e+01    4.28975e-03    
2.00181e+01    4.11305e-03    
2.03589e+01    3.94334e-03    
2.07055e+01    3.78036e-03    
2.10579e+01    3.62386e-03    
2.14164e+01    3.47359e-03    
2.17810e+01    3.32932e-03    
2.21518e+01    3.19083e-03    
2.25289e+01    3.05790e-03    
2.29124e+01    2.93031e-03    
2.33024e+01    2.80786e-03    
2.36991e+01    2.69035e-03    
2.41025e+01    2.57759e-03    
2.45128e+01    2.46940e-03    
2.49301e+01    2.36560e-03    
2.53545e+01    2.26602e-03    
2.57861e+01    2.17050e-03    
2.62250e+01    2.07888e-03    
2.66715e+01    1.99101e-03    
2.71255e+01    1.90675e-03    
2.75873e+01    1.82594e-03    
2.80569e+01    1.74845e-03    
2.85345e+01    1.67416e-03    
2.90202e+01    1.60294e-03    
2.95143e+01    1.53466e-03    
3.00167e+01    1.46921e-03    
3.05277e+01    1.40647e-03    
3.10473e+01    1.34635e-03    
3.15759e+01    1.28872e-03    
3.21134e+01    1.23350e-03    
3.26600e+01    1.18058e-03    
3.32160e+01    1.12988e-03    
3.37815e+01    1.08130e-03    
3.43565e+01    1.03475e-03    
3.49414e+01    9.90168e-04    
3.55362e+01    9.47456e-04    
3.61411e+01    9.06545e-04    
3.67563e+01    8.67359e-04    
3.73821e+01    8.29828e-04    
3.80184e+01    7.93886e-04    
3.86656e+01    7.59466e-04    
3.93238e+01    7.26506e-04    
3.99932e+01    6.94946e-04    
4.06740e+01    6.64728e-04    
4.13664e+01    6.35797e-04    
4.20706e+01    6.08099e-04    
4.27868e+01    5.81584e-04    
4.35151e+01    5.56202e-04    
4.42559e+01    5.31906e-04    
4.50093e+01    5.08651e-04    
4.57755e+01    4.86394e-04    
4.65547e+01    4.65092e-04    
4.73472e+01    4.44705e-04    
4.81532e+01    4.25197e-04    
4.89729e+01    4.06528e-04    
4.98066e+01    3.88665e-04    
5.06544e+01    3.71573e-04    
5.15167e+01    3.55220e-04    
5.23937e+01    3.39575e-04    
5.32856e+01    3.24607e-04    
5.41927e+01    3.10288e-04    
5.51152e+01    2.96590e-04    
5.60535e+01    2.83488e-04    
5.70077e+01    2.70955e-04    
5.79781e+01    2.58968e-04    
5.89651e+01    2.47502e-04    
5.99688e+01    2.36537e-04    
6.09897e+01    2.26051e-04    
6.20279e+01    2.16022e-04    
6.30838e+01    2.06432e-04    
6.41577e+01    1.97262e-04    
6.52499e+01    1.88494e-04    
6.63606e+01    1.80109e-04    
6.74903e+01    1.72093e-04    
6.86392e+01    1.64429e-04    
6.98076e+01    1.57102e-04    
7.09960e+01    1.50096e-04    
7.22045e+01    1.43400e-04    
7.34337e+01    1.36998e-04    
7.46837e+01    1.30879e-04    
7.59551e+01    1.25029e-04    
7.72481e+01    1.19438e-04    
7.85631e+01    1.14094e-04    
7.99005e+01    1.08987e-04    
8.12606e+01    1.04105e-04    
8.26439e+01    9.94398e-05    
8.40508e+01    9.49813e-05    
8.54816e+01    9.07205e-05    
8.69367e+01    8.66489e-05    
8.84166e+01    8.27582e-05    
8.99218e+01    7.90404e-05    
9.14525e+01    7.54879e-05    
9.30093e+01    7.20936e-05    
9.45926e+01    6.88506e-05    
9.62029e+01    6.57520e-05    
9.78405e+01    6.27917e-05    
9.95061e+01    5.99635e-05    
1.01200e+02    5.72617e-05    
1.02923e+02    5.46805e-05    
1.04675e+02    5.22149e-05    
1.06457e+02    4.98595e-05    
1.08269e+02    4.76097e-05    
1.10112e+02    4.54606e-05    
1.11986e+02    4.34079e-05    
1.13893e+02    4.14473e-05    
1.15832e+02    3.95748e-05    
1.17803e+02    3.77863e-05    
1.19809e+02    3.60783e-05    
1.21848e+02    3.44471e-05    
1.23922e+02    3.28893e-05    
1.26032e+02    3.14016e-05    
1.28177e+02    2.99810e-05    
1.30359e+02    2.86245e-05    
1.32579e+02    2.73292e-05    
1.34835e+02    2.60924e-05    
1.37131e+02    2.49114e-05    
1.39465e+02    2.37838e-05    
1.41839e+02    2.27073e-05    
1.44254e+02    2.16794e-05    
1.46709e+02    2.06982e-05    
1.49207e+02    1.97613e-05    
1.51747e+02    1.88670e-05    
1.54330e+02    1.80133e-05    
1.56957e+02    1.71983e-05    
1.59629e+02    1.64203e-05    
1.62346e+02    1.56777e-05    
1.65110e+02    1.49689e-05    
1.67921e+02    1.42923e-05    
1.70779e+02    1.36466e-05    
1.73687e+02    1.30302e-05    
1.76643e+02    1.24419e-05    
1.79650e+02    1.18805e-05    
1.82708e+02    1.13447e-05    
1.85819e+02    1.08333e-05    
1.88982e+02    1.03452e-05    
1.92199e+02    9.87947e-06    
1.95471e+02    9.43497e-06    
1.98798e+02    9.01078e-06    
2.02182e+02    8.60597e-06    
2.05624e+02    8.21964e-06    
2.09125e+02    7.85096e-06    
2.12684e+02    7.49912e-06    
2.16305e+02    7.16334e-06    
2.19987e+02    6.84289e-06    
2.23732e+02    6.53706e-06    
2.27541e+02    6.24518e-06    
2.31414e+02    5.96660e-06    
2.35353e+02    5.70071e-06    
2.39360e+02    5.44693e-06    
2.43435e+02    5.20469e-06    
2.47579e+02    4.97345e-06    
2.51793e+02    4.75271e-06    
2.56079e+02    4.54198e-06    
2.60439e+02    4.34079e-06    
2.64872e+02    4.14870e-06    
2.69381e+02    3.96530e-06    
2.73967e+02    3.79016e-06    
2.78630e+02    3.62292e-06    
2.83374e+02    3.46320e-06    
2.88197e+02    3.31066e-06    
2.93103e+02    3.16495e-06    
2.98093e+02    3.02578e-06    
3.03167e+02    2.89283e-06    
3.08328e+02    2.76582e-06    
3.13577e+02    2.64448e-06    
3.18915e+02    2.52854e-06    
3.24344e+02    2.41775e-06    
3.29865e+02    2.31189e-06    
3.35481e+02    2.21072e-06    
3.41191e+02    2.11403e-06    
3.47000e+02    2.02162e-06    
3.52907e+02    1.93329e-06    
3.58914e+02    1.84886e-06    
3.65024e+02    1.76816e-06    
3.71238e+02    1.69100e-06    
3.77557e+02    1.61724e-06    
3.83985e+02    1.54673e-06    
3.90521e+02    1.47930e-06    
3.97169e+02    1.41484e-06    
4.03930e+02    1.35320e-06    
4.10806e+02    1.29427e-06    
4.17799e+02    1.23791e-06    
4.24912e+02    1.18402e-06    
4.32145e+02    1.13248e-06    
4.39501e+02    1.08319e-06    
4.46983e+02    1.03606e-06    
4.54592e+02    9.90984e-07    
4.62331e+02    9.47874e-07    
4.70201e+02    9.06644e-07    
4.78205e+02    8.67211e-07    
4.86346e+02    8.29495e-07    
4.94625e+02    7.93423e-07    
5.03045e+02    7.58921e-07    
5.11608e+02    7.25922e-07    
5.20317e+02    6.94358e-07    
5.29175e+02    6.64168e-07    
5.38183e+02    6.35290e-07    
5.47344e+02    6.07669e-07    
5.56662e+02    5.81249e-07    
5.66138e+02    5.55978e-07    
5.75775e+02    5.31806e-07    
5.85577e+02    5.08684e-07    
5.95545e+02    4.86567e-07    
6.05683e+02    4.65411e-07    
6.15994e+02    4.45175e-07    
6.26480e+02    4.25818e-07    
6.37144e+02    4.07302e-07    
6.47991e+02    3.89591e-07    
6.59021e+02    3.72649e-07    
6.70240e+02    3.56444e-07    
6.81649e+02    3.40942e-07    
6.93253e+02    3.26114e-07    
7.05054e+02    3.11931e-07    
7.17057e+02    2.98363e-07    
7.29263e+02    2.85385e-07    
7.41677e+02    2.72971e-07    
7.54303e+02    2.61096e-07    
7.67144e+02    2.49738e-07    
7.80203e+02    2.38873e-07    
7.93484e+02    2.28480e-07    
8.06992e+02    2.18538e-07    
8.20729e+02    2.09029e-07    
8.34701e+02    1.99933e-07    
8.48910e+02    1.91232e-07    
8.63361e+02    1.82910e-07    
8.78058e+02    1.74949e-07    
8.93005e+02    1.67334e-07    
9.08207e+02    1.60051e-07    
9.23667e+02    1.53083e-07    
9.39391e+02    1.46419e-07    
9.55382e+02    1.40045e-07    
9.71646e+02    1.33948e-07    
9.88186e+02    1.28115e-07    
1.00501e+03    1.22537e-07    
1.02212e+03    1.17201e-07    
1.03952e+03    1.12097e-07    
1.05721e+03    1.07215e-07    
1.07521e+03    1.02546e-07    
1.09351e+03    9.80793e-08    
1.11213e+03    9.38072e-08    
1.13106e+03    8.97210e-08    
1.15031e+03    8.58125e-08    
1.16989e+03    8.20741e-08    
1.18981e+03    7.84983e-08    
1.21006e+03    7.50781e-08    
1.23066e+03    7.18068e-08    
1.25161e+03    6.86779e-08    
1.27292e+03    6.56851e-08    
1.29459e+03    6.28226e-08    
1.31663e+03    6.00847e-08    
1.33904e+03    5.74660e-08    
1.36183e+03    5.49613e-08    
1.38502e+03    5.25656e-08    
1.40859e+03    5.02743e-08    
1.43257e+03    4.80827e-08    
1.45696e+03    4.59865e-08    
1.48176e+03    4.39816e-08    
1.50698e+03    4.20640e-08    
1.53264e+03    4.02300e-08    
1.55873e+03    3.84758e-08    
1.58526e+03    3.67981e-08    
1.61225e+03    3.51934e-08    
1.63969e+03    3.36586e-08    
1.66761e+03    3.21907e-08    
1.69599e+03    3.07867e-08    
1.72487e+03    2.94439e-08    
1.75423e+03    2.81596e-08    
1.78409e+03    2.69313e-08    
1.81446e+03    2.57565e-08    
1.84535e+03    2.46329e-08    
1.87676e+03    2.35583e-08    
1.90871e+03    2.25305e-08    
1.94120e+03    2.15475e-08    
1.97425e+03    2.06073e-08    
2.00786e+03    1.97081e-08    
2.04204e+03    1.88481e-08    
2.07680e+03    1.80257e-08    
2.11215e+03    1.72390e-08    
2.14811e+03    1.64867e-08    
2.18467e+03    1.57672e-08    
2.22186e+03    1.50790e-08    
2.25969e+03    1.44209e-08    
2.29815e+03    1.37914e-08    
2.33727e+03    1.31894e-08    
2.37706e+03    1.26137e-08    
2.41753e+03    1.20631e-08    
2.45868e+03    1.15364e-08    
2.50053e+03    1.10328e-08    
2.54310e+03    1.05511e-08    
2.58639e+03    1.00905e-08    
2.63042e+03    9.64988e-09    
2.67520e+03    9.22854e-09    
2.72074e+03    8.82557e-09    
2.76705e+03    8.44018e-09    
2.81416e+03    8.07161e-09    
2.86206e+03    7.71913e-09    
2.91078e+03    7.38202e-09    
2.96033e+03    7.05962e-09    
3.01073e+03    6.75130e-09    
3.06198e+03    6.45643e-09    
3.11411e+03    6.17442e-09    
3.16712e+03    5.90473e-09    
3.22103e+03    5.64680e-09    
3.27586e+03    5.40014e-09    
3.33163e+03    5.16424e-09    
3.38834e+03    4.93864e-09    
3.44602e+03    4.72289e-09    
3.50468e+03    4.51655e-09    
3.56434e+03    4.31923e-09    
3.62502e+03    4.13051e-09    
3.68673e+03    3.95004e-09    
3.74949e+03    3.77745e-09    
3.81332e+03    3.61239e-09    
3.87823e+03    3.45454e-09    
3.94425e+03    3.30359e-09    
4.01139e+03    3.15922e-09    
4.07968e+03    3.02116e-09    
4.14913e+03    2.88913e-09    
4.21976e+03    2.76287e-09    
4.29159e+03    2.64212e-09    
4.36465e+03    2.52664e-09    
4.43895e+03    2.41621e-09    
4.51451e+03    2.31060e-09    
4.59136e+03    2.20960e-09    
4.66952e+03    2.11302e-09    
4.74901e+03    2.02066e-09    
4.82986e+03    1.93233e-09    
4.91207e+03    1.84785e-09    
4.99569e+03    1.76707e-09    
5.08073e+03    1.68982e-09    
5.16722e+03    1.61595e-09    
5.25519e+03    1.54530e-09    
5.34465e+03    1.47774e-09    
5.43563e+03    1.41313e-09    
5.52816e+03    1.35134e-09    
5.62227e+03    1.29225e-09    
5.71797e+03    1.23575e-09    
5.81531e+03    1.18171e-09    
5.91431e+03    1.13004e-09    
6.01498e+03    1.08062e-09    
6.11738e+03    1.03337e-09    
6.22151e+03    9.88179e-10    
6.32742e+03    9.44963e-10    
6.43514e+03    9.03637e-10    
6.54468e+03    8.64117e-10    
6.65609e+03    8.26325e-10    
6.76940e+03    7.90184e-10    
6.88464e+03    7.55623e-10    
7.00183e+03    7.22573e-10    
7.12103e+03    6.90968e-10    
7.24225e+03    6.60745e-10    
7.36553e+03    6.31843e-10    
7.49092e+03    6.04204e-10    
7.61843e+03    5.77774e-10    
7.74812e+03    5.52499e-10    
7.88002e+03    5.28330e-10    
8.01416e+03    5.05217e-10    
8.15059e+03    4.83115e-10    
8.28934e+03    4.61979e-10    
8.43045e+03    4.41768e-10    
8.57396e+03    4.22440e-10    
8.71991e+03    4.03958e-10    
8.86835e+03    3.86283e-10    
9.01932e+03    3.69382e-10    
9.17286e+03    3.53220e-10    
9.32901e+03    3.37765e-10    
9.48781e+03    3.22985e-10    
9.64933e+03    3.08852e-10    
9.81359e+03    2.95337e-10    
9.98064e+03    2.82414e-10    
1.01505e+04    2.70055e-10    
1.03233e+04    2.58237e-10    
1.04991e+04    2.46937e-10    
1.06778e+04    2.36130e-10    
1.08596e+04    2.25796e-10    
1.10444e+04    2.15914e-10    
1.12324e+04    2.06465e-10    
1.14237e+04    1.97428e-10    
1.16181e+04    1.88788e-10    
1.18159e+04    1.80525e-10    
1.20170e+04    1.72623e-10    
1.22216e+04    1.65068e-10    
1.24297e+04    1.57843e-10    
1.26412e+04    1.50934e-10    
1.28564e+04    1.44327e-10    
1.30753e+04    1.38009e-10    
1.32979e+04    1.31968e-10    
1.35242e+04    1.26191e-10    
1.37545e+04    1.20667e-10    
1.39886e+04    1.15385e-10    
1.42267e+04    1.10334e-10    
1.44689e+04    1.05504e-10    
1.47152e+04    1.00885e-10    
1.49657e+04    9.64683e-11    
1.52205e+04    9.22449e-11    
1.54796e+04    8.82064e-11    
1.57431e+04    8.43446e-11    
1.60111e+04    8.06518e-11    
1.62837e+04    7.71206e-11    
1.65609e+04    7.37440e-11    
1.68428e+04    7.05152e-11    
1.71295e+04    6.74277e-11    
1.74211e+04    6.44753e-11    
1.77176e+04    6.16521e-11    
1.80192e+04    5.89526e-11    
1.83260e+04    5.63711e-11    
1.86380e+04    5.39027e-11    
1.89552e+04    5.15424e-11    
1.92779e+04    4.92853e-11    
1.96061e+04    4.71271e-11    
1.99398e+04    4.50633e-11    
2.02793e+04    4.30899e-11    
2.06245e+04    4.12029e-11    
2.09756e+04    3.93984e-11    
2.13326e+04    3.76730e-11    
2.16958e+04    3.60231e-11    
2.20651e+04    3.44455e-11    
2.24407e+04    3.29369e-11    
2.28227e+04    3.14944e-11    
2.32113e+04    3.01150e-11    
2.36064e+04    2.87960e-11    
2.40082e+04    2.75348e-11    
2.44169e+04    2.63288e-11    
2.48326e+04    2.51756e-11    
2.52553e+04    2.40729e-11    
2.56852e+04    2.30185e-11    
2.61225e+04    2.20102e-11    
2.65672e+04    2.10461e-11    
2.70194e+04    2.01242e-11    
2.74794e+04    1.92427e-11    
2.79471e+04    1.83998e-11    
2.84229e+04    1.75938e-11    
2.89067e+04    1.68231e-11    
2.93988e+04    1.60861e-11    
2.98993e+04    1.53815e-11    
3.04083e+04    1.47076e-11    
3.09259e+04    1.40633e-11    
3.14524e+04    1.34472e-11    
3.19878e+04    1.28581e-11    
3.25323e+04    1.22948e-11    
3.30861e+04    1.17562e-11    
3.36493e+04    1.12411e-11    
3.42221e+04    1.07487e-11    
3.48047e+04    1.02777e-11    
3.53972e+04    9.82744e-12    
3.59998e+04    9.39687e-12    
3.66126e+04    8.98516e-12    
3.72358e+04    8.59149e-12    
3.78697e+04    8.21506e-12    
3.85144e+04    7.85511e-12    
3.91700e+04    7.51094e-12    
3.98368e+04    7.18184e-12    
4.05149e+04    6.86715e-12    
4.12046e+04    6.56625e-12    
4.19061e+04    6.27854e-12    
4.26194e+04    6.00342e-12    
4.33449e+04    5.74036e-12    
4.40828e+04    5.48882e-12    
4.48332e+04    5.24830e-12    
4.55964e+04    5.01832e-12    
4.63726e+04    4.79842e-12    
4.71620e+04    4.58814e-12    
4.79649e+04    4.38708e-12    
4.87814e+04    4.19483e-12    
4.96118e+04    4.01100e-12    
5.04563e+04    3.83523e-12    
5.13152e+04    3.66715e-12    
5.21888e+04    3.50644e-12    
5.30772e+04    3.35278e-12    
5.39807e+04    3.20584e-12    
5.48997e+04    3.06534e-12    
5.58342e+04    2.93100e-12    
5.67847e+04    2.80255e-12    
5.77513e+04    2.67972e-12    
5.87344e+04    2.56227e-12    
5.97343e+04    2.44997e-12    
6.07511e+04    2.34260e-12    
6.17853e+04    2.23992e-12    
6.28371e+04    2.14175e-12    
6.39068e+04    2.04788e-12    
6.49946e+04    1.95812e-12    
6.61011e+04    1.87229e-12    
6.72263e+04    1.79023e-12    
6.83707e+04    1.71176e-12    
6.95346e+04    1.63673e-12    
7.07183e+04    1.56499e-12    
7.19221e+04    1.49639e-12    
7.31464e+04    1.43080e-12    
7.43916e+04    1.36808e-12    
7.56580e+04    1.30812e-12    
7.69459e+04    1.25077e-12    
7.82558e+04    1.19595e-12    
7.95879e+04    1.14352e-12    
8.09428e+04    1.09340e-12    
8.23207e+04    1.04547e-12    
8.37220e+04    9.99636e-13    
8.51472e+04    9.55815e-13    
8.65967e+04    9.13915e-13    
8.80708e+04    8.73851e-13    
8.95701e+04    8.35544e-13    
9.10948e+04    7.98915e-13    
9.26455e+04    7.63891e-13    
9.42226e+04    7.30403e-13    
9.58266e+04    6.98382e-13    
9.74579e+04    6.67765e-13    
9.91169e+04    6.38490e-13    
1.00804e+05    6.10499e-13    
1.02520e+05    5.83734e-13    
1.04265e+05    5.58142e-13    
1.06040e+05    5.33672e-13    
1.07845e+05    5.10275e-13    
1.09681e+05    4.87903e-13    
1.11548e+05    4.66512e-13    
1.13447e+05    4.46058e-13    
1.15378e+05    4.26502e-13    
1.17343e+05    4.07802e-13    
1.19340e+05    3.89922e-13    
1.21372e+05    3.72826e-13    
1.23438e+05    3.56480e-13    
1.25539e+05    3.40850e-13    
1.27676e+05    3.25905e-13    
1.29850e+05    3.11615e-13    
1.32060e+05    2.97952e-13    
1.34308e+05    2.84888e-13    
1.36594e+05    2.72396e-13    
1.38920e+05    2.60453e-13    
1.41284e+05    2.49032e-13    
1.43690e+05    2.38113e-13    
1.46136e+05    2.27672e-13    
1.48623e+05    2.17689e-13    
1.51153e+05    2.08143e-13    
1.53726e+05    1.99016e-13    
1.56343e+05    1.90289e-13    
1.59005e+05    1.81945e-13    
1.61712e+05    1.73967e-13    
1.64464e+05    1.66338e-13    
1.67264e+05    1.59044e-13    
1.70111e+05    1.52070e-13    
1.73007e+05    1.45401e-13    
1.75952e+05    1.39025e-13    
1.78948e+05    1.32929e-13    
1.81994e+05    1.27099e-13    
1.85092e+05    1.21526e-13    
1.88243e+05    1.16196e-13    
1.91447e+05    1.11101e-13    
1.94706e+05    1.06229e-13    
1.98021e+05    1.01570e-13    
2.01392e+05    9.71158e-14    
2.04820e+05    9.28568e-14    
2.08307e+05    8.87846e-14    
2.11853e+05    8.48909e-14    
2.15459e+05    8.11680e-14    
2.19127e+05    7.76083e-14    
2.22857e+05    7.42047e-14    
2.26651e+05    7.09504e-14    
2.30509e+05    6.78387e-14    
2.34433e+05    6.48635e-14    
2.38424e+05    6.20188e-14    
2.42482e+05    5.92988e-14    
2.46610e+05    5.66981e-14    
2.50808e+05    5.42114e-14    
2.55078e+05    5.18338e-14    
2.59420e+05    4.95604e-14    
2.63836e+05    4.73868e-14    
2.68327e+05    4.53084e-14    
2.72895e+05    4.33212e-14    
2.77541e+05    4.14212e-14    
2.82265e+05    3.96044e-14    
2.87070e+05    3.78674e-14    
2.91957e+05    3.62065e-14    
2.96927e+05    3.46185e-14    
3.01982e+05    3.31001e-14    
3.07122e+05    3.16483e-14    
3.12350e+05    3.02601e-14    
3.17668e+05    2.89329e-14    
3.23075e+05    2.76638e-14    
3.28575e+05    2.64504e-14    
3.34168e+05    2.52902e-14    
3.39857e+05    2.41809e-14    
3.45642e+05    2.31203e-14    
3.51526e+05    2.21061e-14    
3.57510e+05    2.11365e-14    
3.63596e+05    2.02094e-14    
3.69786e+05    1.93229e-14    
3.76081e+05    1.84753e-14    
3.82483e+05    1.76649e-14    
3.88994e+05    1.68900e-14    
3.95616e+05    1.61492e-14    
4.02350e+05    1.54408e-14    
4.09199e+05    1.47635e-14    
4.16165e+05    1.41159e-14    
4.23250e+05    1.34967e-14    
4.30455e+05    1.29046e-14    
4.37782e+05    1.23385e-14    
4.45235e+05    1.17973e-14    
4.52814e+05    1.12798e-14    
4.60522e+05    1.07850e-14    
4.68362e+05    1.03119e-14    
4.76335e+05    9.85950e-15    
4.84443e+05    9.42699e-15    
4.92690e+05    9.01345e-15    
5.01077e+05    8.61805e-15    
5.09607e+05    8.23999e-15    
5.18282e+05    7.87851e-15    
5.27105e+05    7.53289e-15    
5.36078e+05    7.20243e-15    
5.45204e+05    6.88647e-15    
5.54485e+05    6.58436e-15    
5.63924e+05    6.29551e-15    
5.73523e+05    6.01933e-15    
5.83286e+05    5.75526e-15    
5.93216e+05    5.50278e-15    
6.03314e+05    5.26137e-15    
6.13584e+05    5.03055e-15    
6.24029e+05    4.80985e-15    
6.34652e+05    4.59884e-15    
6.45456e+05    4.39708e-15    
6.56444e+05    4.20418e-15    
6.67618e+05    4.01973e-15    
6.78983e+05    3.84338e-15    
6.90542e+05    3.67476e-15    
7.02297e+05    3.51354e-15    
7.14252e+05    3.35940e-15    
7.26411e+05    3.21201e-15    
7.38777e+05    3.07109e-15    
7.51353e+05    2.93635e-15    
7.64143e+05    2.80753e-15    
7.77151e+05    2.68435e-15    
7.90381e+05    2.56658e-15    
8.03835e+05    2.45397e-15    
8.17519e+05    2.34631e-15    
8.31436e+05    2.24337e-15    
8.45589e+05    2.14494e-15    
8.59984e+05    2.05083e-15    
8.74623e+05    1.96085e-15    
8.89512e+05    1.87482e-15    
9.04654e+05    1.79256e-15    
9.20054e+05    1.71392e-15    
9.35717e+05    1.63872e-15    
9.51645e+05    1.56682e-15    
9.67845e+05    1.49807e-15    
9.84321e+05    1.43234e-15    
1.00108e+06    1.36950e-15    
1.01812e+06    1.30941e-15    
1.03545e+06    1.25196e-15    
1.05308e+06    1.19703e-15    
1.07100e+06    1.14450e-15    
1.08923e+06    1.09429e-15    
1.10778e+06    1.04627e-15    
1.12663e+06    1.00037e-15    
1.14581e+06    9.56472e-16    
1.16532e+06    9.14504e-16    
1.18516e+06    8.74378e-16    
1.20533e+06    8.36012e-16    
1.22585e+06    7.99330e-16    
1.24672e+06    7.64257e-16    
1.26794e+06    7.30722e-16    
1.28952e+06    6.98659e-16    
1.31148e+06    6.68003e-16    
1.33380e+06    6.38692e-16    
1.35651e+06    6.10667e-16    
1.37960e+06    5.83871e-16    
1.40308e+06    5.58252e-16    
1.42697e+06    5.33756e-16    
1.45126e+06    5.10335e-16    
1.47596e+06    4.87942e-16    
1.50109e+06    4.66531e-16    
1.52664e+06    4.46059e-16    
1.55263e+06    4.26486e-16    
1.57906e+06    4.07772e-16    
1.60594e+06    3.89879e-16    
1.63328e+06    3.72771e-16    
1.66108e+06    3.56413e-16    
1.68936e+06    3.40773e-16    
1.71812e+06    3.25820e-16    
1.74737e+06    3.11523e-16    
1.77711e+06    2.97853e-16    
1.80736e+06    2.84782e-16    
1.83813e+06    2.72286e-16    
1.86942e+06    2.60337e-16    
1.90124e+06    2.48913e-16    
1.93361e+06    2.37990e-16    
1.96653e+06    2.27547e-16    
2.00000e+06    2.17562e-16    

