# USINE V4.0
# File generated 13-05-2022 09:46:20
# Model1DKisoVc
# SI
# SolMod0DFF_phi0_770GV
# R [GV]       TOA [GV m^{2} s sr]^{-1}
9.24751e-02    1.61142e-04    
9.40518e-02    1.69436e-04    
9.56554e-02    1.78155e-04    
9.72864e-02    1.87320e-04    
9.89451e-02    1.96955e-04    
1.00632e-01    2.07083e-04    
1.02348e-01    2.17731e-04    
1.04093e-01    2.28923e-04    
1.05868e-01    2.40687e-04    
1.07673e-01    2.53054e-04    
1.09509e-01    2.66053e-04    
1.11376e-01    2.79716e-04    
1.13275e-01    2.94078e-04    
1.15206e-01    3.09173e-04    
1.17170e-01    3.25039e-04    
1.19168e-01    3.41715e-04    
1.21200e-01    3.59242e-04    
1.23266e-01    3.77664e-04    
1.25368e-01    3.97024e-04    
1.27506e-01    4.17372e-04    
1.29680e-01    4.38756e-04    
1.31891e-01    4.61230e-04    
1.34139e-01    4.84847e-04    
1.36427e-01    5.09667e-04    
1.38753e-01    5.35749e-04    
1.41118e-01    5.63158e-04    
1.43524e-01    5.91959e-04    
1.45972e-01    6.22224e-04    
1.48460e-01    6.54026e-04    
1.50992e-01    6.87441e-04    
1.53566e-01    7.22552e-04    
1.56184e-01    7.59443e-04    
1.58847e-01    7.98204e-04    
1.61556e-01    8.38928e-04    
1.64310e-01    8.81714e-04    
1.67112e-01    9.26665e-04    
1.69961e-01    9.73890e-04    
1.72859e-01    1.02350e-03    
1.75806e-01    1.07562e-03    
1.78804e-01    1.13037e-03    
1.81852e-01    1.18788e-03    
1.84953e-01    1.24829e-03    
1.88106e-01    1.31174e-03    
1.91314e-01    1.37840e-03    
1.94576e-01    1.44840e-03    
1.97893e-01    1.52193e-03    
2.01267e-01    1.59915e-03    
2.04699e-01    1.68022e-03    
2.08189e-01    1.76533e-03    
2.11739e-01    1.85467e-03    
2.15349e-01    1.94845e-03    
2.19020e-01    2.04686e-03    
2.22755e-01    2.15014e-03    
2.26553e-01    2.25852e-03    
2.30416e-01    2.37224e-03    
2.34344e-01    2.49155e-03    
2.38340e-01    2.61672e-03    
2.42403e-01    2.74802e-03    
2.46536e-01    2.88573e-03    
2.50740e-01    3.03016e-03    
2.55015e-01    3.18162e-03    
2.59363e-01    3.34043e-03    
2.63785e-01    3.50693e-03    
2.68283e-01    3.68147e-03    
2.72857e-01    3.86442e-03    
2.77509e-01    4.05617e-03    
2.82241e-01    4.25710e-03    
2.87053e-01    4.46763e-03    
2.91947e-01    4.68819e-03    
2.96925e-01    4.91923e-03    
3.01988e-01    5.16120e-03    
3.07137e-01    5.41459e-03    
3.12373e-01    5.67989e-03    
3.17699e-01    5.95762e-03    
3.23116e-01    6.24832e-03    
3.28625e-01    6.55253e-03    
3.34228e-01    6.87083e-03    
3.39927e-01    7.20382e-03    
3.45723e-01    7.55210e-03    
3.51617e-01    7.91630e-03    
3.57613e-01    8.29708e-03    
3.63710e-01    8.69511e-03    
3.69911e-01    9.11108e-03    
3.76218e-01    9.54571e-03    
3.82633e-01    9.99973e-03    
3.89157e-01    1.04739e-02    
3.95792e-01    1.09690e-02    
4.02540e-01    1.14858e-02    
4.09404e-01    1.20251e-02    
4.16384e-01    1.25878e-02    
4.23483e-01    1.31746e-02    
4.30704e-01    1.37866e-02    
4.38047e-01    1.44245e-02    
4.45516e-01    1.50893e-02    
4.53112e-01    1.57819e-02    
4.60838e-01    1.65032e-02    
4.68695e-01    1.72541e-02    
4.76686e-01    1.80356e-02    
4.84814e-01    1.88488e-02    
4.93080e-01    1.96944e-02    
5.01487e-01    2.05736e-02    
5.10037e-01    2.14873e-02    
5.18734e-01    2.24364e-02    
5.27578e-01    2.34220e-02    
5.36573e-01    2.44450e-02    
5.45722e-01    2.55064e-02    
5.55027e-01    2.66072e-02    
5.64490e-01    2.77482e-02    
5.74115e-01    2.89304e-02    
5.83903e-01    3.01546e-02    
5.93859e-01    3.14218e-02    
6.03984e-01    3.27328e-02    
6.14282e-01    3.40883e-02    
6.24756e-01    3.54891e-02    
6.35408e-01    3.69360e-02    
6.46242e-01    3.84294e-02    
6.57260e-01    3.99702e-02    
6.68467e-01    4.15586e-02    
6.79864e-01    4.31953e-02    
6.91456e-01    4.48806e-02    
7.03245e-01    4.66147e-02    
7.15235e-01    4.83979e-02    
7.27430e-01    5.02302e-02    
7.39833e-01    5.21116e-02    
7.52447e-01    5.40420e-02    
7.65277e-01    5.60212e-02    
7.78325e-01    5.80487e-02    
7.91595e-01    6.01241e-02    
8.05092e-01    6.22468e-02    
8.18819e-01    6.44158e-02    
8.32780e-01    6.66304e-02    
8.46979e-01    6.88893e-02    
8.61420e-01    7.11913e-02    
8.76107e-01    7.35350e-02    
8.91045e-01    7.59188e-02    
9.06237e-01    7.83409e-02    
9.21689e-01    8.07992e-02    
9.37404e-01    8.32918e-02    
9.53386e-01    8.58162e-02    
9.69642e-01    8.83698e-02    
9.86174e-01    9.09502e-02    
1.00299e+00    9.35542e-02    
1.02009e+00    9.61788e-02    
1.03748e+00    9.88209e-02    
1.05517e+00    1.01477e-01    
1.07316e+00    1.04143e-01    
1.09146e+00    1.06816e-01    
1.11007e+00    1.09492e-01    
1.12900e+00    1.12166e-01    
1.14825e+00    1.14834e-01    
1.16782e+00    1.17493e-01    
1.18773e+00    1.20137e-01    
1.20799e+00    1.22762e-01    
1.22858e+00    1.25363e-01    
1.24953e+00    1.27935e-01    
1.27083e+00    1.30474e-01    
1.29250e+00    1.32975e-01    
1.31454e+00    1.35432e-01    
1.33695e+00    1.37842e-01    
1.35975e+00    1.40198e-01    
1.38293e+00    1.42497e-01    
1.40651e+00    1.44733e-01    
1.43049e+00    1.46902e-01    
1.45488e+00    1.48999e-01    
1.47969e+00    1.51020e-01    
1.50492e+00    1.52960e-01    
1.53058e+00    1.54816e-01    
1.55667e+00    1.56582e-01    
1.58321e+00    1.58257e-01    
1.61021e+00    1.59836e-01    
1.63766e+00    1.61315e-01    
1.66558e+00    1.62693e-01    
1.69398e+00    1.63966e-01    
1.72286e+00    1.65132e-01    
1.75224e+00    1.66188e-01    
1.78212e+00    1.67133e-01    
1.81250e+00    1.67966e-01    
1.84340e+00    1.68685e-01    
1.87483e+00    1.69288e-01    
1.90680e+00    1.69776e-01    
1.93931e+00    1.70147e-01    
1.97238e+00    1.70403e-01    
2.00601e+00    1.70541e-01    
2.04021e+00    1.70564e-01    
2.07499e+00    1.70472e-01    
2.11037e+00    1.70266e-01    
2.14636e+00    1.69947e-01    
2.18295e+00    1.69517e-01    
2.22017e+00    1.68978e-01    
2.25802e+00    1.68333e-01    
2.29652e+00    1.67584e-01    
2.33568e+00    1.66734e-01    
2.37550e+00    1.65787e-01    
2.41601e+00    1.64745e-01    
2.45720e+00    1.63612e-01    
2.49910e+00    1.62393e-01    
2.54170e+00    1.61090e-01    
2.58504e+00    1.59708e-01    
2.62912e+00    1.58250e-01    
2.67394e+00    1.56721e-01    
2.71953e+00    1.55123e-01    
2.76590e+00    1.53461e-01    
2.81306e+00    1.51738e-01    
2.86102e+00    1.49957e-01    
2.90981e+00    1.48122e-01    
2.95942e+00    1.46234e-01    
3.00988e+00    1.44297e-01    
3.06119e+00    1.42312e-01    
3.11339e+00    1.40282e-01    
3.16647e+00    1.38209e-01    
3.22046e+00    1.36093e-01    
3.27537e+00    1.33937e-01    
3.33122e+00    1.31739e-01    
3.38801e+00    1.29502e-01    
3.44578e+00    1.27227e-01    
3.50453e+00    1.24914e-01    
3.56428e+00    1.22566e-01    
3.62505e+00    1.20186e-01    
3.68686e+00    1.17778e-01    
3.74972e+00    1.15346e-01    
3.81366e+00    1.12898e-01    
3.87868e+00    1.10439e-01    
3.94481e+00    1.07976e-01    
4.01207e+00    1.05516e-01    
4.08048e+00    1.03064e-01    
4.15005e+00    1.00625e-01    
4.22081e+00    9.82036e-02    
4.29277e+00    9.58035e-02    
4.36597e+00    9.34271e-02    
4.44041e+00    9.10770e-02    
4.51611e+00    8.87551e-02    
4.59311e+00    8.64630e-02    
4.67143e+00    8.42019e-02    
4.75108e+00    8.19732e-02    
4.83208e+00    7.97776e-02    
4.91447e+00    7.76161e-02    
4.99826e+00    7.54894e-02    
5.08348e+00    7.33981e-02    
5.17016e+00    7.13426e-02    
5.25831e+00    6.93235e-02    
5.34796e+00    6.73412e-02    
5.43915e+00    6.53959e-02    
5.53188e+00    6.34879e-02    
5.62620e+00    6.16176e-02    
5.72213e+00    5.97849e-02    
5.81969e+00    5.79901e-02    
5.91892e+00    5.62333e-02    
6.01984e+00    5.45144e-02    
6.12248e+00    5.28334e-02    
6.22687e+00    5.11905e-02    
6.33304e+00    4.95853e-02    
6.44101e+00    4.80179e-02    
6.55083e+00    4.64880e-02    
6.66253e+00    4.49955e-02    
6.77612e+00    4.35402e-02    
6.89166e+00    4.21217e-02    
7.00916e+00    4.07399e-02    
7.12867e+00    3.93943e-02    
7.25021e+00    3.80847e-02    
7.37383e+00    3.68106e-02    
7.49955e+00    3.55716e-02    
7.62742e+00    3.43674e-02    
7.75747e+00    3.31973e-02    
7.88974e+00    3.20610e-02    
8.02426e+00    3.09579e-02    
8.16107e+00    2.98875e-02    
8.30022e+00    2.88492e-02    
8.44174e+00    2.78425e-02    
8.58567e+00    2.68668e-02    
8.73206e+00    2.59214e-02    
8.88094e+00    2.50059e-02    
9.03236e+00    2.41195e-02    
9.18636e+00    2.32616e-02    
9.34299e+00    2.24315e-02    
9.50229e+00    2.16285e-02    
9.66430e+00    2.08518e-02    
9.82908e+00    2.01009e-02    
9.99667e+00    1.93749e-02    
1.01671e+01    1.86730e-02    
1.03405e+01    1.79946e-02    
1.05168e+01    1.73389e-02    
1.06961e+01    1.67052e-02    
1.08785e+01    1.60929e-02    
1.10639e+01    1.55012e-02    
1.12526e+01    1.49296e-02    
1.14444e+01    1.43775e-02    
1.16396e+01    1.38442e-02    
1.18380e+01    1.33292e-02    
1.20399e+01    1.28320e-02    
1.22451e+01    1.23520e-02    
1.24539e+01    1.18887e-02    
1.26663e+01    1.14416e-02    
1.28822e+01    1.10102e-02    
1.31019e+01    1.05940e-02    
1.33252e+01    1.01925e-02    
1.35524e+01    9.80527e-03    
1.37835e+01    9.43183e-03    
1.40185e+01    9.07173e-03    
1.42575e+01    8.72454e-03    
1.45006e+01    8.38986e-03    
1.47479e+01    8.06726e-03    
1.49993e+01    7.75635e-03    
1.52551e+01    7.45676e-03    
1.55152e+01    7.16809e-03    
1.57797e+01    6.88999e-03    
1.60487e+01    6.62210e-03    
1.63224e+01    6.36409e-03    
1.66007e+01    6.11561e-03    
1.68837e+01    5.87634e-03    
1.71716e+01    5.64598e-03    
1.74644e+01    5.42420e-03    
1.77621e+01    5.21072e-03    
1.80650e+01    5.00525e-03    
1.83730e+01    4.80750e-03    
1.86863e+01    4.61722e-03    
1.90049e+01    4.43413e-03    
1.93289e+01    4.25799e-03    
1.96584e+01    4.08854e-03    
1.99936e+01    3.92556e-03    
2.03345e+01    3.76880e-03    
2.06812e+01    3.61805e-03    
2.10338e+01    3.47310e-03    
2.13925e+01    3.33373e-03    
2.17572e+01    3.19975e-03    
2.21282e+01    3.07095e-03    
2.25055e+01    2.94715e-03    
2.28892e+01    2.82817e-03    
2.32794e+01    2.71381e-03    
2.36764e+01    2.60391e-03    
2.40800e+01    2.49830e-03    
2.44906e+01    2.39682e-03    
2.49082e+01    2.29933e-03    
2.53329e+01    2.20566e-03    
2.57648e+01    2.11569e-03    
2.62041e+01    2.02926e-03    
2.66509e+01    1.94625e-03    
2.71053e+01    1.86653e-03    
2.75674e+01    1.78997e-03    
2.80375e+01    1.71645e-03    
2.85155e+01    1.64586e-03    
2.90017e+01    1.57809e-03    
2.94962e+01    1.51302e-03    
2.99991e+01    1.45056e-03    
3.05106e+01    1.39061e-03    
3.10308e+01    1.33306e-03    
3.15599e+01    1.27782e-03    
3.20979e+01    1.22482e-03    
3.26452e+01    1.17395e-03    
3.32018e+01    1.12513e-03    
3.37679e+01    1.07830e-03    
3.43437e+01    1.03336e-03    
3.49292e+01    9.90243e-04    
3.55248e+01    9.48882e-04    
3.61305e+01    9.09205e-04    
3.67465e+01    8.71146e-04    
3.73730e+01    8.34642e-04    
3.80103e+01    7.99630e-04    
3.86583e+01    7.66052e-04    
3.93175e+01    7.33852e-04    
3.99878e+01    7.02973e-04    
4.06696e+01    6.73364e-04    
4.13630e+01    6.44974e-04    
4.20683e+01    6.17754e-04    
4.27856e+01    5.91658e-04    
4.35151e+01    5.66640e-04    
4.42570e+01    5.42657e-04    
4.50116e+01    5.19668e-04    
4.57790e+01    4.97633e-04    
4.65596e+01    4.76512e-04    
4.73534e+01    4.56270e-04    
4.81608e+01    4.36870e-04    
4.89819e+01    4.18279e-04    
4.98171e+01    4.00463e-04    
5.06665e+01    3.83392e-04    
5.15303e+01    3.67034e-04    
5.24089e+01    3.51361e-04    
5.33025e+01    3.36345e-04    
5.42113e+01    3.21959e-04    
5.51356e+01    3.08177e-04    
5.60757e+01    2.94974e-04    
5.70318e+01    2.82326e-04    
5.80042e+01    2.70212e-04    
5.89932e+01    2.58608e-04    
5.99990e+01    2.47494e-04    
6.10220e+01    2.36850e-04    
6.20624e+01    2.26655e-04    
6.31206e+01    2.16893e-04    
6.41968e+01    2.07544e-04    
6.52914e+01    1.98591e-04    
6.64046e+01    1.90018e-04    
6.75368e+01    1.81810e-04    
6.86883e+01    1.73951e-04    
6.98595e+01    1.66426e-04    
7.10506e+01    1.59222e-04    
7.22620e+01    1.52325e-04    
7.34941e+01    1.45722e-04    
7.47472e+01    1.39401e-04    
7.60216e+01    1.33351e-04    
7.73178e+01    1.27559e-04    
7.86361e+01    1.22016e-04    
7.99768e+01    1.16710e-04    
8.13404e+01    1.11631e-04    
8.27273e+01    1.06771e-04    
8.41378e+01    1.02120e-04    
8.55724e+01    9.76680e-05    
8.70314e+01    9.34080e-05    
8.85153e+01    8.93315e-05    
9.00245e+01    8.54307e-05    
9.15594e+01    8.16981e-05    
9.31205e+01    7.81266e-05    
9.47082e+01    7.47095e-05    
9.63230e+01    7.14400e-05    
9.79653e+01    6.83121e-05    
9.96356e+01    6.53195e-05    
1.01334e+02    6.24566e-05    
1.03062e+02    5.97179e-05    
1.04819e+02    5.70980e-05    
1.06607e+02    5.45919e-05    
1.08424e+02    5.21947e-05    
1.10273e+02    4.99018e-05    
1.12153e+02    4.77086e-05    
1.14065e+02    4.56110e-05    
1.16010e+02    4.36048e-05    
1.17988e+02    4.16861e-05    
1.20000e+02    3.98511e-05    
1.22046e+02    3.80963e-05    
1.24127e+02    3.64183e-05    
1.26243e+02    3.48136e-05    
1.28396e+02    3.32792e-05    
1.30585e+02    3.18119e-05    
1.32811e+02    3.04091e-05    
1.35076e+02    2.90677e-05    
1.37379e+02    2.77853e-05    
1.39721e+02    2.65592e-05    
1.42103e+02    2.53870e-05    
1.44526e+02    2.42664e-05    
1.46990e+02    2.31951e-05    
1.49496e+02    2.21710e-05    
1.52045e+02    2.11921e-05    
1.54638e+02    2.02564e-05    
1.57274e+02    1.93620e-05    
1.59956e+02    1.85071e-05    
1.62683e+02    1.76900e-05    
1.65457e+02    1.69091e-05    
1.68278e+02    1.61627e-05    
1.71147e+02    1.54494e-05    
1.74065e+02    1.47678e-05    
1.77033e+02    1.41163e-05    
1.80052e+02    1.34938e-05    
1.83121e+02    1.28989e-05    
1.86244e+02    1.23305e-05    
1.89419e+02    1.17873e-05    
1.92649e+02    1.12683e-05    
1.95933e+02    1.07723e-05    
1.99274e+02    1.02985e-05    
2.02672e+02    9.84570e-06    
2.06127e+02    9.41308e-06    
2.09642e+02    8.99971e-06    
2.13216e+02    8.60475e-06    
2.16852e+02    8.22737e-06    
2.20549e+02    7.86679e-06    
2.24309e+02    7.52226e-06    
2.28134e+02    7.19306e-06    
2.32024e+02    6.87850e-06    
2.35980e+02    6.57792e-06    
2.40003e+02    6.29070e-06    
2.44095e+02    6.01623e-06    
2.48257e+02    5.75395e-06    
2.52490e+02    5.50329e-06    
2.56795e+02    5.26373e-06    
2.61173e+02    5.03478e-06    
2.65626e+02    4.81596e-06    
2.70155e+02    4.60680e-06    
2.74761e+02    4.40687e-06    
2.79446e+02    4.21575e-06    
2.84211e+02    4.03305e-06    
2.89056e+02    3.85838e-06    
2.93985e+02    3.69139e-06    
2.98997e+02    3.53172e-06    
3.04095e+02    3.37905e-06    
3.09280e+02    3.23307e-06    
3.14553e+02    3.09346e-06    
3.19916e+02    2.95996e-06    
3.25371e+02    2.83227e-06    
3.30919e+02    2.71015e-06    
3.36561e+02    2.59335e-06    
3.42299e+02    2.48162e-06    
3.48136e+02    2.37475e-06    
3.54071e+02    2.27252e-06    
3.60108e+02    2.17472e-06    
3.66248e+02    2.08115e-06    
3.72493e+02    1.99164e-06    
3.78844e+02    1.90599e-06    
3.85303e+02    1.82405e-06    
3.91872e+02    1.74565e-06    
3.98554e+02    1.67063e-06    
4.05349e+02    1.59884e-06    
4.12261e+02    1.53015e-06    
4.19290e+02    1.46442e-06    
4.26439e+02    1.40152e-06    
4.33709e+02    1.34133e-06    
4.41104e+02    1.28372e-06    
4.48625e+02    1.22860e-06    
4.56274e+02    1.17584e-06    
4.64054e+02    1.12535e-06    
4.71966e+02    1.07703e-06    
4.80013e+02    1.03078e-06    
4.88197e+02    9.86525e-07    
4.96521e+02    9.44167e-07    
5.04987e+02    9.03626e-07    
5.13597e+02    8.64825e-07    
5.22354e+02    8.27690e-07    
5.31260e+02    7.92147e-07    
5.40318e+02    7.58130e-07    
5.49530e+02    7.25571e-07    
5.58900e+02    6.94410e-07    
5.68429e+02    6.64584e-07    
5.78121e+02    6.36038e-07    
5.87978e+02    6.08717e-07    
5.98003e+02    5.82567e-07    
6.08199e+02    5.57538e-07    
6.18569e+02    5.33583e-07    
6.29116e+02    5.10655e-07    
6.39842e+02    4.88711e-07    
6.50752e+02    4.67708e-07    
6.61847e+02    4.47605e-07    
6.73131e+02    4.28365e-07    
6.84608e+02    4.09951e-07    
6.96281e+02    3.92326e-07    
7.08153e+02    3.75457e-07    
7.20227e+02    3.59312e-07    
7.32507e+02    3.43860e-07    
7.44996e+02    3.29071e-07    
7.57698e+02    3.14917e-07    
7.70617e+02    3.01370e-07    
7.83756e+02    2.88404e-07    
7.97119e+02    2.75995e-07    
8.10710e+02    2.64119e-07    
8.24533e+02    2.52752e-07    
8.38591e+02    2.41874e-07    
8.52889e+02    2.31463e-07    
8.67431e+02    2.21498e-07    
8.82221e+02    2.11962e-07    
8.97263e+02    2.02836e-07    
9.12562e+02    1.94101e-07    
9.28121e+02    1.85742e-07    
9.43945e+02    1.77742e-07    
9.60040e+02    1.70086e-07    
9.76408e+02    1.62758e-07    
9.93056e+02    1.55746e-07    
1.00999e+03    1.49035e-07    
1.02721e+03    1.42613e-07    
1.04472e+03    1.36467e-07    
1.06254e+03    1.30585e-07    
1.08065e+03    1.24956e-07    
1.09908e+03    1.19569e-07    
1.11782e+03    1.14414e-07    
1.13687e+03    1.09480e-07    
1.15626e+03    1.04759e-07    
1.17597e+03    1.00241e-07    
1.19602e+03    9.59174e-08    
1.21642e+03    9.17798e-08    
1.23716e+03    8.78204e-08    
1.25825e+03    8.40314e-08    
1.27970e+03    8.04056e-08    
1.30152e+03    7.69358e-08    
1.32371e+03    7.36155e-08    
1.34628e+03    7.04382e-08    
1.36924e+03    6.73977e-08    
1.39258e+03    6.44882e-08    
1.41633e+03    6.17040e-08    
1.44047e+03    5.90398e-08    
1.46503e+03    5.64903e-08    
1.49001e+03    5.40508e-08    
1.51542e+03    5.17163e-08    
1.54126e+03    4.94825e-08    
1.56754e+03    4.73450e-08    
1.59426e+03    4.52996e-08    
1.62144e+03    4.33424e-08    
1.64909e+03    4.14696e-08    
1.67721e+03    3.96776e-08    
1.70580e+03    3.79629e-08    
1.73489e+03    3.63221e-08    
1.76447e+03    3.47521e-08    
1.79455e+03    3.32498e-08    
1.82515e+03    3.18124e-08    
1.85627e+03    3.04369e-08    
1.88792e+03    2.91208e-08    
1.92011e+03    2.78616e-08    
1.95285e+03    2.66566e-08    
1.98614e+03    2.55037e-08    
2.02001e+03    2.44006e-08    
2.05445e+03    2.33451e-08    
2.08948e+03    2.23351e-08    
2.12510e+03    2.13688e-08    
2.16133e+03    2.04442e-08    
2.19819e+03    1.95595e-08    
2.23566e+03    1.87131e-08    
2.27378e+03    1.79032e-08    
2.31255e+03    1.71283e-08    
2.35198e+03    1.63869e-08    
2.39208e+03    1.56775e-08    
2.43287e+03    1.49988e-08    
2.47435e+03    1.43494e-08    
2.51654e+03    1.37281e-08    
2.55944e+03    1.31336e-08    
2.60308e+03    1.25648e-08    
2.64746e+03    1.20206e-08    
2.69260e+03    1.15000e-08    
2.73851e+03    1.10018e-08    
2.78520e+03    1.05252e-08    
2.83269e+03    1.00693e-08    
2.88099e+03    9.63299e-09    
2.93011e+03    9.21560e-09    
2.98007e+03    8.81626e-09    
3.03088e+03    8.43420e-09    
3.08256e+03    8.06867e-09    
3.13512e+03    7.71895e-09    
3.18857e+03    7.38437e-09    
3.24293e+03    7.06427e-09    
3.29823e+03    6.75802e-09    
3.35446e+03    6.46503e-09    
3.41166e+03    6.18472e-09    
3.46983e+03    5.91654e-09    
3.52899e+03    5.65997e-09    
3.58916e+03    5.41452e-09    
3.65035e+03    5.17969e-09    
3.71259e+03    4.95503e-09    
3.77589e+03    4.74010e-09    
3.84027e+03    4.53448e-09    
3.90575e+03    4.33776e-09    
3.97234e+03    4.14957e-09    
4.04007e+03    3.96953e-09    
4.10895e+03    3.79728e-09    
4.17901e+03    3.63250e-09    
4.25026e+03    3.47487e-09    
4.32273e+03    3.32406e-09    
4.39643e+03    3.17979e-09    
4.47139e+03    3.04177e-09    
4.54763e+03    2.90973e-09    
4.62517e+03    2.78341e-09    
4.70403e+03    2.66258e-09    
4.78423e+03    2.54698e-09    
4.86580e+03    2.43639e-09    
4.94877e+03    2.33059e-09    
5.03314e+03    2.22939e-09    
5.11896e+03    2.13257e-09    
5.20624e+03    2.03995e-09    
5.29500e+03    1.95135e-09    
5.38528e+03    1.86659e-09    
5.47710e+03    1.78551e-09    
5.57049e+03    1.70795e-09    
5.66547e+03    1.63375e-09    
5.76206e+03    1.56277e-09    
5.86031e+03    1.49487e-09    
5.96023e+03    1.42991e-09    
6.06185e+03    1.36778e-09    
6.16520e+03    1.30834e-09    
6.27032e+03    1.25148e-09    
6.37723e+03    1.19709e-09    
6.48596e+03    1.14505e-09    
6.59655e+03    1.09528e-09    
6.70902e+03    1.04767e-09    
6.82341e+03    1.00213e-09    
6.93975e+03    9.58559e-10    
7.05807e+03    9.16884e-10    
7.17842e+03    8.77018e-10    
7.30081e+03    8.38883e-10    
7.42529e+03    8.02405e-10    
7.55189e+03    7.67511e-10    
7.68065e+03    7.34132e-10    
7.81161e+03    7.02204e-10    
7.94479e+03    6.71662e-10    
8.08025e+03    6.42447e-10    
8.21802e+03    6.14501e-10    
8.35814e+03    5.87769e-10    
8.50065e+03    5.62199e-10    
8.64559e+03    5.37740e-10    
8.79299e+03    5.14344e-10    
8.94292e+03    4.91965e-10    
9.09539e+03    4.70558e-10    
9.25047e+03    4.50081e-10    
9.40819e+03    4.30495e-10    
9.56860e+03    4.11760e-10    
9.73175e+03    3.93839e-10    
9.89768e+03    3.76697e-10    
1.00664e+04    3.60301e-10    
1.02381e+04    3.44617e-10    
1.04126e+04    3.29616e-10    
1.05902e+04    3.15267e-10    
1.07707e+04    3.01541e-10    
1.09544e+04    2.88413e-10    
1.11411e+04    2.75855e-10    
1.13311e+04    2.63844e-10    
1.15243e+04    2.52355e-10    
1.17208e+04    2.41366e-10    
1.19206e+04    2.30855e-10    
1.21239e+04    2.20801e-10    
1.23306e+04    2.11184e-10    
1.25408e+04    2.01986e-10    
1.27546e+04    1.93188e-10    
1.29721e+04    1.84773e-10    
1.31933e+04    1.76724e-10    
1.34182e+04    1.69026e-10    
1.36470e+04    1.61662e-10    
1.38797e+04    1.54619e-10    
1.41164e+04    1.47882e-10    
1.43570e+04    1.41439e-10    
1.46018e+04    1.35276e-10    
1.48508e+04    1.29381e-10    
1.51040e+04    1.23743e-10    
1.53615e+04    1.18350e-10    
1.56234e+04    1.13192e-10    
1.58898e+04    1.08259e-10    
1.61607e+04    1.03541e-10    
1.64363e+04    9.90276e-11    
1.67165e+04    9.47110e-11    
1.70015e+04    9.05825e-11    
1.72914e+04    8.66337e-11    
1.75862e+04    8.28569e-11    
1.78861e+04    7.92446e-11    
1.81910e+04    7.57896e-11    
1.85012e+04    7.24851e-11    
1.88167e+04    6.93246e-11    
1.91375e+04    6.63017e-11    
1.94638e+04    6.34106e-11    
1.97956e+04    6.06453e-11    
2.01332e+04    5.80006e-11    
2.04764e+04    5.54711e-11    
2.08256e+04    5.30518e-11    
2.11806e+04    5.07379e-11    
2.15418e+04    4.85248e-11    
2.19090e+04    4.64082e-11    
2.22826e+04    4.43839e-11    
2.26625e+04    4.24477e-11    
2.30489e+04    4.05960e-11    
2.34419e+04    3.88249e-11    
2.38416e+04    3.71311e-11    
2.42481e+04    3.55111e-11    
2.46615e+04    3.39617e-11    
2.50820e+04    3.24798e-11    
2.55097e+04    3.10625e-11    
2.59446e+04    2.97071e-11    
2.63870e+04    2.84107e-11    
2.68369e+04    2.71709e-11    
2.72944e+04    2.59851e-11    
2.77598e+04    2.48510e-11    
2.82331e+04    2.37664e-11    
2.87145e+04    2.27291e-11    
2.92041e+04    2.17370e-11    
2.97020e+04    2.07882e-11    
3.02084e+04    1.98807e-11    
3.07235e+04    1.90129e-11    
3.12473e+04    1.81829e-11    
3.17801e+04    1.73890e-11    
3.23219e+04    1.66299e-11    
3.28730e+04    1.59038e-11    
3.34335e+04    1.52094e-11    
3.40036e+04    1.45453e-11    
3.45833e+04    1.39102e-11    
3.51730e+04    1.33028e-11    
3.57727e+04    1.27219e-11    
3.63826e+04    1.21664e-11    
3.70029e+04    1.16351e-11    
3.76339e+04    1.11269e-11    
3.82755e+04    1.06410e-11    
3.89281e+04    1.01762e-11    
3.95918e+04    9.73175e-12    
4.02669e+04    9.30669e-12    
4.09534e+04    8.90017e-12    
4.16517e+04    8.51140e-12    
4.23619e+04    8.13960e-12    
4.30841e+04    7.78402e-12    
4.38187e+04    7.44397e-12    
4.45658e+04    7.11877e-12    
4.53257e+04    6.80776e-12    
4.60985e+04    6.51032e-12    
4.68845e+04    6.22588e-12    
4.76839e+04    5.95385e-12    
4.84969e+04    5.69370e-12    
4.93238e+04    5.44491e-12    
5.01647e+04    5.20698e-12    
5.10201e+04    4.97944e-12    
5.18900e+04    4.76184e-12    
5.27747e+04    4.55374e-12    
5.36745e+04    4.35473e-12    
5.45897e+04    4.16440e-12    
5.55204e+04    3.98240e-12    
5.64670e+04    3.80834e-12    
5.74298e+04    3.64188e-12    
5.84090e+04    3.48269e-12    
5.94049e+04    3.33046e-12    
6.04177e+04    3.18488e-12    
6.14479e+04    3.04566e-12    
6.24956e+04    2.91251e-12    
6.35611e+04    2.78519e-12    
6.46448e+04    2.66343e-12    
6.57470e+04    2.54698e-12    
6.68680e+04    2.43563e-12    
6.80081e+04    2.32914e-12    
6.91677e+04    2.22730e-12    
7.03470e+04    2.12991e-12    
7.15464e+04    2.03678e-12    
7.27663e+04    1.94772e-12    
7.40070e+04    1.86255e-12    
7.52688e+04    1.78110e-12    
7.65521e+04    1.70321e-12    
7.78574e+04    1.62873e-12    
7.91848e+04    1.55750e-12    
8.05349e+04    1.48938e-12    
8.19081e+04    1.42424e-12    
8.33046e+04    1.36195e-12    
8.47250e+04    1.30238e-12    
8.61695e+04    1.24542e-12    
8.76387e+04    1.19094e-12    
8.91330e+04    1.13885e-12    
9.06527e+04    1.08903e-12    
9.21983e+04    1.04139e-12    
9.37703e+04    9.95837e-13    
9.53691e+04    9.52272e-13    
9.69952e+04    9.10613e-13    
9.86490e+04    8.70774e-13    
1.00331e+05    8.32678e-13    
1.02042e+05    7.96247e-13    
1.03781e+05    7.61410e-13    
1.05551e+05    7.28096e-13    
1.07351e+05    6.96238e-13    
1.09181e+05    6.65774e-13    
1.11042e+05    6.36642e-13    
1.12936e+05    6.08783e-13    
1.14861e+05    5.82144e-13    
1.16820e+05    5.56669e-13    
1.18811e+05    5.32308e-13    
1.20837e+05    5.09013e-13    
1.22897e+05    4.86737e-13    
1.24993e+05    4.65435e-13    
1.27124e+05    4.45065e-13    
1.29292e+05    4.25586e-13    
1.31496e+05    4.06959e-13    
1.33738e+05    3.89147e-13    
1.36018e+05    3.72114e-13    
1.38337e+05    3.55826e-13    
1.40696e+05    3.40251e-13    
1.43095e+05    3.25357e-13    
1.45535e+05    3.11115e-13    
1.48016e+05    2.97496e-13    
1.50540e+05    2.84473e-13    
1.53106e+05    2.72019e-13    
1.55717e+05    2.60111e-13    
1.58372e+05    2.48723e-13    
1.61072e+05    2.37834e-13    
1.63818e+05    2.27422e-13    
1.66612e+05    2.17465e-13    
1.69452e+05    2.07943e-13    
1.72342e+05    1.98839e-13    
1.75280e+05    1.90132e-13    
1.78269e+05    1.81807e-13    
1.81308e+05    1.73846e-13    
1.84399e+05    1.66234e-13    
1.87543e+05    1.58955e-13    
1.90741e+05    1.51994e-13    
1.93993e+05    1.45338e-13    
1.97301e+05    1.38974e-13    
2.00665e+05    1.32888e-13    
2.04086e+05    1.27068e-13    
2.07566e+05    1.21503e-13    
2.11105e+05    1.16182e-13    
2.14704e+05    1.11093e-13    
2.18365e+05    1.06228e-13    
2.22088e+05    1.01575e-13    
2.25875e+05    9.71261e-14    
2.29726e+05    9.28720e-14    
2.33643e+05    8.88041e-14    
2.37626e+05    8.49143e-14    
2.41678e+05    8.11948e-14    
2.45799e+05    7.76381e-14    
2.49989e+05    7.42372e-14    
2.54252e+05    7.09852e-14    
2.58587e+05    6.78756e-14    
2.62996e+05    6.49021e-14    
2.67480e+05    6.20589e-14    
2.72040e+05    5.93401e-14    
2.76679e+05    5.67404e-14    
2.81396e+05    5.42546e-14    
2.86194e+05    5.18776e-14    
2.91074e+05    4.96047e-14    
2.96036e+05    4.74314e-14    
3.01084e+05    4.53532e-14    
3.06217e+05    4.33660e-14    
3.11438e+05    4.14659e-14    
3.16748e+05    3.96490e-14    
3.22149e+05    3.79117e-14    
3.27642e+05    3.62505e-14    
3.33228e+05    3.46620e-14    
3.38910e+05    3.31431e-14    
3.44688e+05    3.16907e-14    
3.50565e+05    3.03020e-14    
3.56542e+05    2.89741e-14    
3.62621e+05    2.77044e-14    
3.68804e+05    2.64902e-14    
3.75092e+05    2.53293e-14    
3.81488e+05    2.42192e-14    
3.87992e+05    2.31578e-14    
3.94607e+05    2.21429e-14    
4.01335e+05    2.11724e-14    
4.08178e+05    2.02444e-14    
4.15138e+05    1.93571e-14    
4.22216e+05    1.85087e-14    
4.29415e+05    1.76974e-14    
4.36736e+05    1.69217e-14    
4.44183e+05    1.61800e-14    
4.51756e+05    1.54708e-14    
4.59458e+05    1.47927e-14    
4.67292e+05    1.41442e-14    
4.75260e+05    1.35242e-14    
4.83363e+05    1.29314e-14    
4.91604e+05    1.23645e-14    
4.99986e+05    1.18225e-14    
5.08511e+05    1.13042e-14    
5.17181e+05    1.08086e-14    
5.25999e+05    1.03348e-14    
5.34967e+05    9.88169e-15    
5.44089e+05    9.44847e-15    
5.53365e+05    9.03423e-15    
5.62800e+05    8.63814e-15    
5.72396e+05    8.25942e-15    
5.82156e+05    7.89730e-15    
5.92081e+05    7.55104e-15    
6.02176e+05    7.21997e-15    
6.12444e+05    6.90340e-15    
6.22886e+05    6.60071e-15    
6.33506e+05    6.31129e-15    
6.44307e+05    6.03455e-15    
6.55293e+05    5.76994e-15    
6.66466e+05    5.51693e-15    
6.77829e+05    5.27502e-15    
6.89386e+05    5.04370e-15    
7.01140e+05    4.82253e-15    
7.13095e+05    4.61106e-15    
7.25253e+05    4.40885e-15    
7.37619e+05    4.21551e-15    
7.50195e+05    4.03064e-15    
7.62986e+05    3.85388e-15    
7.75995e+05    3.68487e-15    
7.89226e+05    3.52326e-15    
8.02682e+05    3.36875e-15    
8.16368e+05    3.22100e-15    
8.30287e+05    3.07974e-15    
8.44444e+05    2.94467e-15    
8.58841e+05    2.81552e-15    
8.73485e+05    2.69203e-15    
8.88378e+05    2.57396e-15    
9.03525e+05    2.46106e-15    
9.18930e+05    2.35312e-15    
9.34598e+05    2.24991e-15    
9.50533e+05    2.15122e-15    
9.66739e+05    2.05686e-15    
9.83222e+05    1.96664e-15    
9.99987e+05    1.88037e-15    
1.01704e+06    1.79789e-15    
1.03438e+06    1.71903e-15    
1.05201e+06    1.64362e-15    
1.06995e+06    1.57152e-15    
1.08819e+06    1.50258e-15    
1.10675e+06    1.43667e-15    
1.12562e+06    1.37364e-15    
1.14481e+06    1.31338e-15    
1.16433e+06    1.25577e-15    
1.18418e+06    1.20068e-15    
1.20437e+06    1.14800e-15    
1.22490e+06    1.09764e-15    
1.24579e+06    1.04948e-15    
1.26703e+06    1.00344e-15    
1.28863e+06    9.59417e-16    
1.31060e+06    9.17325e-16    
1.33295e+06    8.77078e-16    
1.35568e+06    8.38597e-16    
1.37879e+06    8.01804e-16    
1.40230e+06    7.66625e-16    
1.42621e+06    7.32988e-16    
1.45053e+06    7.00827e-16    
1.47526e+06    6.70077e-16    
1.50041e+06    6.40676e-16    
1.52599e+06    6.12565e-16    
1.55201e+06    5.85686e-16    
1.57847e+06    5.59987e-16    
1.60539e+06    5.35415e-16    
1.63276e+06    5.11921e-16    
1.66060e+06    4.89458e-16    
1.68891e+06    4.67980e-16    
1.71771e+06    4.47445e-16    
1.74699e+06    4.27810e-16    
1.77678e+06    4.09037e-16    
1.80708e+06    3.91087e-16    
1.83789e+06    3.73925e-16    
1.86922e+06    3.57516e-16    
1.90109e+06    3.41826e-16    
1.93351e+06    3.26825e-16    
1.96647e+06    3.12482e-16    
2.00000e+06    2.98769e-16    

