# USINE V4.0
# File generated 13-05-2022 09:46:21
# Model1DKisoVc
# TI
# SolMod0DFF_phi0_770GV
# R [GV]       TOA [GV m^{2} s sr]^{-1}
9.80684e-02    1.56309e-05    
9.97346e-02    1.64343e-05    
1.01429e-01    1.72788e-05    
1.03152e-01    1.81665e-05    
1.04905e-01    1.90997e-05    
1.06687e-01    2.00807e-05    
1.08500e-01    2.11119e-05    
1.10344e-01    2.21959e-05    
1.12218e-01    2.33352e-05    
1.14125e-01    2.45329e-05    
1.16064e-01    2.57918e-05    
1.18036e-01    2.71150e-05    
1.20041e-01    2.85058e-05    
1.22081e-01    2.99677e-05    
1.24155e-01    3.15043e-05    
1.26265e-01    3.31193e-05    
1.28410e-01    3.48167e-05    
1.30592e-01    3.66007e-05    
1.32810e-01    3.84757e-05    
1.35067e-01    4.04463e-05    
1.37362e-01    4.25174e-05    
1.39695e-01    4.46940e-05    
1.42069e-01    4.69815e-05    
1.44483e-01    4.93854e-05    
1.46938e-01    5.19117e-05    
1.49434e-01    5.45666e-05    
1.51973e-01    5.73565e-05    
1.54555e-01    6.02883e-05    
1.57181e-01    6.33691e-05    
1.59852e-01    6.66064e-05    
1.62567e-01    7.00081e-05    
1.65330e-01    7.35825e-05    
1.68139e-01    7.73383e-05    
1.70995e-01    8.12846e-05    
1.73901e-01    8.54309e-05    
1.76855e-01    8.97874e-05    
1.79860e-01    9.43645e-05    
1.82916e-01    9.91734e-05    
1.86024e-01    1.04226e-04    
1.89184e-01    1.09533e-04    
1.92399e-01    1.15109e-04    
1.95667e-01    1.20967e-04    
1.98992e-01    1.27121e-04    
2.02373e-01    1.33585e-04    
2.05811e-01    1.40373e-04    
2.09308e-01    1.47501e-04    
2.12864e-01    1.54986e-04    
2.16481e-01    1.62845e-04    
2.20159e-01    1.71096e-04    
2.23900e-01    1.79758e-04    
2.27704e-01    1.88851e-04    
2.31572e-01    1.98397e-04    
2.35507e-01    2.08416e-04    
2.39508e-01    2.18932e-04    
2.43578e-01    2.29968e-04    
2.47716e-01    2.41549e-04    
2.51925e-01    2.53701e-04    
2.56205e-01    2.66452e-04    
2.60558e-01    2.79829e-04    
2.64985e-01    2.93862e-04    
2.69487e-01    3.08582e-04    
2.74066e-01    3.24021e-04    
2.78722e-01    3.40213e-04    
2.83458e-01    3.57193e-04    
2.88274e-01    3.74997e-04    
2.93172e-01    3.93663e-04    
2.98153e-01    4.13231e-04    
3.03219e-01    4.33742e-04    
3.08370e-01    4.55238e-04    
3.13610e-01    4.77766e-04    
3.18938e-01    5.01370e-04    
3.24357e-01    5.26100e-04    
3.29868e-01    5.52005e-04    
3.35472e-01    5.79137e-04    
3.41172e-01    6.07551e-04    
3.46969e-01    6.37303e-04    
3.52864e-01    6.68450e-04    
3.58859e-01    7.01054e-04    
3.64956e-01    7.35176e-04    
3.71157e-01    7.70881e-04    
3.77463e-01    8.08236e-04    
3.83876e-01    8.47311e-04    
3.90399e-01    8.88177e-04    
3.97032e-01    9.30907e-04    
4.03777e-01    9.75577e-04    
4.10638e-01    1.02227e-03    
4.17614e-01    1.07106e-03    
4.24710e-01    1.12203e-03    
4.31926e-01    1.17527e-03    
4.39264e-01    1.23087e-03    
4.46728e-01    1.28891e-03    
4.54318e-01    1.34950e-03    
4.62037e-01    1.41271e-03    
4.69887e-01    1.47866e-03    
4.77870e-01    1.54744e-03    
4.85989e-01    1.61914e-03    
4.94247e-01    1.69388e-03    
5.02644e-01    1.77176e-03    
5.11184e-01    1.85287e-03    
5.19869e-01    1.93734e-03    
5.28702e-01    2.02527e-03    
5.37685e-01    2.11676e-03    
5.46820e-01    2.21194e-03    
5.56111e-01    2.31090e-03    
5.65559e-01    2.41377e-03    
5.75168e-01    2.52064e-03    
5.84941e-01    2.63164e-03    
5.94879e-01    2.74688e-03    
6.04986e-01    2.86645e-03    
6.15265e-01    2.99048e-03    
6.25719e-01    3.11906e-03    
6.36350e-01    3.25230e-03    
6.47162e-01    3.39029e-03    
6.58157e-01    3.53314e-03    
6.69339e-01    3.68094e-03    
6.80712e-01    3.83377e-03    
6.92277e-01    3.99171e-03    
7.04039e-01    4.15485e-03    
7.16001e-01    4.32324e-03    
7.28166e-01    4.49695e-03    
7.40538e-01    4.67603e-03    
7.53120e-01    4.86053e-03    
7.65916e-01    5.05047e-03    
7.78929e-01    5.24588e-03    
7.92163e-01    5.44676e-03    
8.05622e-01    5.65312e-03    
8.19310e-01    5.86492e-03    
8.33230e-01    6.08215e-03    
8.47387e-01    6.30475e-03    
8.61784e-01    6.53265e-03    
8.76426e-01    6.76578e-03    
8.91317e-01    7.00402e-03    
9.06461e-01    7.24726e-03    
9.21862e-01    7.49534e-03    
9.37525e-01    7.74812e-03    
9.53454e-01    8.00539e-03    
9.69653e-01    8.26696e-03    
9.86128e-01    8.53258e-03    
1.00288e+00    8.80199e-03    
1.01992e+00    9.07491e-03    
1.03725e+00    9.35103e-03    
1.05487e+00    9.63002e-03    
1.07280e+00    9.91151e-03    
1.09102e+00    1.01951e-02    
1.10956e+00    1.04804e-02    
1.12841e+00    1.07670e-02    
1.14758e+00    1.10544e-02    
1.16708e+00    1.13421e-02    
1.18691e+00    1.16295e-02    
1.20708e+00    1.19163e-02    
1.22759e+00    1.22017e-02    
1.24844e+00    1.24852e-02    
1.26965e+00    1.27663e-02    
1.29123e+00    1.30443e-02    
1.31316e+00    1.33185e-02    
1.33548e+00    1.35884e-02    
1.35817e+00    1.38532e-02    
1.38124e+00    1.41123e-02    
1.40471e+00    1.43651e-02    
1.42858e+00    1.46108e-02    
1.45285e+00    1.48488e-02    
1.47753e+00    1.50784e-02    
1.50264e+00    1.52989e-02    
1.52817e+00    1.55097e-02    
1.55413e+00    1.57102e-02    
1.58054e+00    1.58998e-02    
1.60739e+00    1.60778e-02    
1.63470e+00    1.62436e-02    
1.66247e+00    1.63969e-02    
1.69072e+00    1.65370e-02    
1.71944e+00    1.66635e-02    
1.74866e+00    1.67760e-02    
1.77837e+00    1.68742e-02    
1.80858e+00    1.69577e-02    
1.83931e+00    1.70263e-02    
1.87056e+00    1.70799e-02    
1.90234e+00    1.71182e-02    
1.93467e+00    1.71412e-02    
1.96754e+00    1.71490e-02    
2.00097e+00    1.71416e-02    
2.03496e+00    1.71191e-02    
2.06954e+00    1.70818e-02    
2.10470e+00    1.70299e-02    
2.14046e+00    1.69639e-02    
2.17683e+00    1.68840e-02    
2.21381e+00    1.67907e-02    
2.25142e+00    1.66845e-02    
2.28968e+00    1.65661e-02    
2.32858e+00    1.64359e-02    
2.36814e+00    1.62946e-02    
2.40838e+00    1.61429e-02    
2.44930e+00    1.59815e-02    
2.49091e+00    1.58113e-02    
2.53323e+00    1.56328e-02    
2.57627e+00    1.54469e-02    
2.62004e+00    1.52542e-02    
2.66456e+00    1.50556e-02    
2.70983e+00    1.48516e-02    
2.75587e+00    1.46428e-02    
2.80270e+00    1.44298e-02    
2.85031e+00    1.42129e-02    
2.89874e+00    1.39926e-02    
2.94799e+00    1.37691e-02    
2.99808e+00    1.35428e-02    
3.04902e+00    1.33138e-02    
3.10082e+00    1.30825e-02    
3.15351e+00    1.28489e-02    
3.20709e+00    1.26133e-02    
3.26157e+00    1.23759e-02    
3.31699e+00    1.21368e-02    
3.37335e+00    1.18963e-02    
3.43066e+00    1.16545e-02    
3.48895e+00    1.14117e-02    
3.54823e+00    1.11681e-02    
3.60851e+00    1.09241e-02    
3.66982e+00    1.06800e-02    
3.73217e+00    1.04362e-02    
3.79558e+00    1.01933e-02    
3.86007e+00    9.95178e-03    
3.92566e+00    9.71203e-03    
3.99235e+00    9.47446e-03    
4.06019e+00    9.23940e-03    
4.12917e+00    9.00710e-03    
4.19933e+00    8.77775e-03    
4.27067e+00    8.55150e-03    
4.34323e+00    8.32842e-03    
4.41703e+00    8.10857e-03    
4.49207e+00    7.89197e-03    
4.56840e+00    7.67867e-03    
4.64601e+00    7.46870e-03    
4.72495e+00    7.26210e-03    
4.80523e+00    7.05890e-03    
4.88687e+00    6.85912e-03    
4.96990e+00    6.66280e-03    
5.05434e+00    6.46995e-03    
5.14022e+00    6.28059e-03    
5.22755e+00    6.09472e-03    
5.31637e+00    5.91234e-03    
5.40669e+00    5.73341e-03    
5.49856e+00    5.55793e-03    
5.59198e+00    5.38587e-03    
5.68699e+00    5.21724e-03    
5.78361e+00    5.05202e-03    
5.88188e+00    4.89021e-03    
5.98181e+00    4.73180e-03    
6.08344e+00    4.57678e-03    
6.18680e+00    4.42515e-03    
6.29192e+00    4.27692e-03    
6.39882e+00    4.13211e-03    
6.50754e+00    3.99072e-03    
6.61811e+00    3.85275e-03    
6.73055e+00    3.71819e-03    
6.84490e+00    3.58704e-03    
6.96120e+00    3.45928e-03    
7.07947e+00    3.33490e-03    
7.19976e+00    3.21390e-03    
7.32208e+00    3.09625e-03    
7.44649e+00    2.98193e-03    
7.57300e+00    2.87092e-03    
7.70167e+00    2.76321e-03    
7.83253e+00    2.65876e-03    
7.96560e+00    2.55756e-03    
8.10094e+00    2.45957e-03    
8.23858e+00    2.36476e-03    
8.37855e+00    2.27308e-03    
8.52091e+00    2.18452e-03    
8.66568e+00    2.09904e-03    
8.81291e+00    2.01662e-03    
8.96265e+00    1.93723e-03    
9.11493e+00    1.86084e-03    
9.26979e+00    1.78742e-03    
9.42729e+00    1.71692e-03    
9.58746e+00    1.64929e-03    
9.75036e+00    1.58446e-03    
9.91602e+00    1.52234e-03    
1.00845e+01    1.46283e-03    
1.02558e+01    1.40581e-03    
1.04301e+01    1.35114e-03    
1.06073e+01    1.29867e-03    
1.07875e+01    1.24828e-03    
1.09708e+01    1.19983e-03    
1.11572e+01    1.15320e-03    
1.13468e+01    1.10829e-03    
1.15395e+01    1.06501e-03    
1.17356e+01    1.02326e-03    
1.19350e+01    9.82984e-04    
1.21378e+01    9.44132e-04    
1.23440e+01    9.06660e-04    
1.25537e+01    8.70534e-04    
1.27670e+01    8.35716e-04    
1.29839e+01    8.02173e-04    
1.32045e+01    7.69869e-04    
1.34289e+01    7.38771e-04    
1.36570e+01    7.08842e-04    
1.38891e+01    6.80047e-04    
1.41251e+01    6.52349e-04    
1.43651e+01    6.25711e-04    
1.46091e+01    6.00095e-04    
1.48573e+01    5.75463e-04    
1.51098e+01    5.51779e-04    
1.53665e+01    5.29010e-04    
1.56276e+01    5.07122e-04    
1.58931e+01    4.86083e-04    
1.61631e+01    4.65863e-04    
1.64377e+01    4.46432e-04    
1.67170e+01    4.27762e-04    
1.70010e+01    4.09826e-04    
1.72899e+01    3.92597e-04    
1.75837e+01    3.76051e-04    
1.78824e+01    3.60163e-04    
1.81862e+01    3.44908e-04    
1.84952e+01    3.30264e-04    
1.88095e+01    3.16209e-04    
1.91290e+01    3.02720e-04    
1.94540e+01    2.89777e-04    
1.97846e+01    2.77359e-04    
2.01207e+01    2.65447e-04    
2.04626e+01    2.54022e-04    
2.08102e+01    2.43065e-04    
2.11638e+01    2.32562e-04    
2.15234e+01    2.22497e-04    
2.18891e+01    2.12857e-04    
2.22610e+01    2.03673e-04    
2.26392e+01    1.94893e-04    
2.30239e+01    1.86533e-04    
2.34150e+01    1.78596e-04    
2.38129e+01    1.70989e-04    
2.42175e+01    1.63684e-04    
2.46289e+01    1.56679e-04    
2.50474e+01    1.49961e-04    
2.54729e+01    1.43519e-04    
2.59057e+01    1.37342e-04    
2.63459e+01    1.31419e-04    
2.67935e+01    1.25741e-04    
2.72487e+01    1.20299e-04    
2.77117e+01    1.15082e-04    
2.81825e+01    1.10083e-04    
2.86614e+01    1.05292e-04    
2.91483e+01    1.00702e-04    
2.96436e+01    9.63044e-05    
3.01472e+01    9.20914e-05    
3.06594e+01    8.80557e-05    
3.11803e+01    8.41903e-05    
3.17101e+01    8.04884e-05    
3.22489e+01    7.69434e-05    
3.27968e+01    7.35489e-05    
3.33540e+01    7.02989e-05    
3.39207e+01    6.71874e-05    
3.44970e+01    6.42089e-05    
3.50832e+01    6.13580e-05    
3.56792e+01    5.86293e-05    
3.62854e+01    5.60179e-05    
3.69019e+01    5.35190e-05    
3.75289e+01    5.11278e-05    
3.81665e+01    4.88401e-05    
3.88150e+01    4.66514e-05    
3.94745e+01    4.45577e-05    
4.01452e+01    4.25550e-05    
4.08272e+01    4.06396e-05    
4.15209e+01    3.88077e-05    
4.22264e+01    3.70558e-05    
4.29438e+01    3.53807e-05    
4.36734e+01    3.37790e-05    
4.44155e+01    3.22477e-05    
4.51701e+01    3.07837e-05    
4.59375e+01    2.93843e-05    
4.67180e+01    2.80467e-05    
4.75118e+01    2.67683e-05    
4.83190e+01    2.55465e-05    
4.91400e+01    2.43789e-05    
4.99749e+01    2.32632e-05    
5.08240e+01    2.21972e-05    
5.16875e+01    2.11787e-05    
5.25657e+01    2.02056e-05    
5.34588e+01    1.92761e-05    
5.43671e+01    1.83883e-05    
5.52908e+01    1.75402e-05    
5.62302e+01    1.67303e-05    
5.71856e+01    1.59568e-05    
5.81572e+01    1.52182e-05    
5.91453e+01    1.45129e-05    
6.01502e+01    1.38395e-05    
6.11721e+01    1.31965e-05    
6.22115e+01    1.25827e-05    
6.32685e+01    1.19968e-05    
6.43434e+01    1.14375e-05    
6.54366e+01    1.09036e-05    
6.65484e+01    1.03941e-05    
6.76791e+01    9.90787e-06    
6.88290e+01    9.44384e-06    
6.99984e+01    9.00105e-06    
7.11877e+01    8.57856e-06    
7.23972e+01    8.17545e-06    
7.36273e+01    7.79087e-06    
7.48782e+01    7.42399e-06    
7.61504e+01    7.07401e-06    
7.74442e+01    6.74017e-06    
7.87600e+01    6.42176e-06    
8.00982e+01    6.11808e-06    
8.14591e+01    5.82846e-06    
8.28431e+01    5.55227e-06    
8.42506e+01    5.28891e-06    
8.56821e+01    5.03779e-06    
8.71378e+01    4.79836e-06    
8.86183e+01    4.57008e-06    
9.01240e+01    4.35246e-06    
9.16552e+01    4.14501e-06    
9.32125e+01    3.94726e-06    
9.47962e+01    3.75877e-06    
9.64068e+01    3.57912e-06    
9.80448e+01    3.40791e-06    
9.97106e+01    3.24474e-06    
1.01405e+02    3.08926e-06    
1.03128e+02    2.94109e-06    
1.04880e+02    2.79992e-06    
1.06662e+02    2.66542e-06    
1.08474e+02    2.53727e-06    
1.10317e+02    2.41519e-06    
1.12191e+02    2.29890e-06    
1.14097e+02    2.18813e-06    
1.16036e+02    2.08262e-06    
1.18007e+02    1.98213e-06    
1.20012e+02    1.88642e-06    
1.22052e+02    1.79528e-06    
1.24125e+02    1.70849e-06    
1.26234e+02    1.62584e-06    
1.28379e+02    1.54715e-06    
1.30560e+02    1.47223e-06    
1.32778e+02    1.40090e-06    
1.35034e+02    1.33300e-06    
1.37329e+02    1.26836e-06    
1.39662e+02    1.20683e-06    
1.42035e+02    1.14827e-06    
1.44448e+02    1.09253e-06    
1.46902e+02    1.03948e-06    
1.49398e+02    9.89000e-07    
1.51936e+02    9.40962e-07    
1.54518e+02    8.95251e-07    
1.57143e+02    8.51758e-07    
1.59813e+02    8.10377e-07    
1.62528e+02    7.71008e-07    
1.65290e+02    7.33555e-07    
1.68098e+02    6.97927e-07    
1.70954e+02    6.64036e-07    
1.73859e+02    6.31800e-07    
1.76813e+02    6.01139e-07    
1.79817e+02    5.71977e-07    
1.82872e+02    5.44243e-07    
1.85979e+02    5.17867e-07    
1.89139e+02    4.92784e-07    
1.92352e+02    4.68932e-07    
1.95620e+02    4.46250e-07    
1.98944e+02    4.24682e-07    
2.02324e+02    4.04173e-07    
2.05762e+02    3.84672e-07    
2.09258e+02    3.66129e-07    
2.12813e+02    3.48497e-07    
2.16429e+02    3.31732e-07    
2.20106e+02    3.15791e-07    
2.23846e+02    3.00632e-07    
2.27649e+02    2.86218e-07    
2.31517e+02    2.72512e-07    
2.35450e+02    2.59477e-07    
2.39451e+02    2.47081e-07    
2.43519e+02    2.35292e-07    
2.47656e+02    2.24079e-07    
2.51864e+02    2.13414e-07    
2.56143e+02    2.03269e-07    
2.60495e+02    1.93619e-07    
2.64921e+02    1.84438e-07    
2.69422e+02    1.75703e-07    
2.74000e+02    1.67391e-07    
2.78655e+02    1.59482e-07    
2.83390e+02    1.51955e-07    
2.88205e+02    1.44791e-07    
2.93101e+02    1.37972e-07    
2.98081e+02    1.31481e-07    
3.03146e+02    1.25301e-07    
3.08296e+02    1.19417e-07    
3.13534e+02    1.13815e-07    
3.18861e+02    1.08480e-07    
3.24279e+02    1.03399e-07    
3.29788e+02    9.85593e-08    
3.35392e+02    9.39496e-08    
3.41090e+02    8.95584e-08    
3.46885e+02    8.53750e-08    
3.52779e+02    8.13893e-08    
3.58773e+02    7.75916e-08    
3.64868e+02    7.39728e-08    
3.71068e+02    7.05244e-08    
3.77372e+02    6.72380e-08    
3.83784e+02    6.41059e-08    
3.90305e+02    6.11206e-08    
3.96936e+02    5.82752e-08    
4.03680e+02    5.55629e-08    
4.10539e+02    5.29774e-08    
4.17514e+02    5.05127e-08    
4.24608e+02    4.81631e-08    
4.31822e+02    4.59230e-08    
4.39159e+02    4.37874e-08    
4.46620e+02    4.17513e-08    
4.54208e+02    3.98099e-08    
4.61925e+02    3.79589e-08    
4.69774e+02    3.61940e-08    
4.77755e+02    3.45112e-08    
4.85872e+02    3.29065e-08    
4.94128e+02    3.13765e-08    
5.02523e+02    2.99175e-08    
5.11061e+02    2.85262e-08    
5.19744e+02    2.71996e-08    
5.28575e+02    2.59345e-08    
5.37555e+02    2.47282e-08    
5.46689e+02    2.35778e-08    
5.55977e+02    2.24808e-08    
5.65423e+02    2.14348e-08    
5.75030e+02    2.04372e-08    
5.84800e+02    1.94860e-08    
5.94736e+02    1.85789e-08    
6.04841e+02    1.77139e-08    
6.15117e+02    1.68890e-08    
6.25568e+02    1.61024e-08    
6.36197e+02    1.53523e-08    
6.47006e+02    1.46370e-08    
6.57999e+02    1.39549e-08    
6.69178e+02    1.33045e-08    
6.80548e+02    1.26843e-08    
6.92111e+02    1.20929e-08    
7.03870e+02    1.15289e-08    
7.15829e+02    1.09912e-08    
7.27991e+02    1.04784e-08    
7.40360e+02    9.98945e-09    
7.52939e+02    9.52321e-09    
7.65731e+02    9.07865e-09    
7.78741e+02    8.65475e-09    
7.91972e+02    8.25056e-09    
8.05428e+02    7.86517e-09    
8.19113e+02    7.49770e-09    
8.33030e+02    7.14733e-09    
8.47183e+02    6.81326e-09    
8.61577e+02    6.49474e-09    
8.76215e+02    6.19105e-09    
8.91103e+02    5.90149e-09    
9.06243e+02    5.62542e-09    
9.21640e+02    5.36221e-09    
9.37299e+02    5.11126e-09    
9.53224e+02    4.87201e-09    
9.69420e+02    4.64390e-09    
9.85890e+02    4.42643e-09    
1.00264e+03    4.21910e-09    
1.01968e+03    4.02144e-09    
1.03700e+03    3.83300e-09    
1.05462e+03    3.65336e-09    
1.07254e+03    3.48209e-09    
1.09076e+03    3.31883e-09    
1.10929e+03    3.16318e-09    
1.12814e+03    3.01481e-09    
1.14731e+03    2.87336e-09    
1.16680e+03    2.73852e-09    
1.18663e+03    2.60999e-09    
1.20679e+03    2.48746e-09    
1.22729e+03    2.37066e-09    
1.24814e+03    2.25932e-09    
1.26935e+03    2.15319e-09    
1.29092e+03    2.05203e-09    
1.31285e+03    1.95560e-09    
1.33515e+03    1.86368e-09    
1.35784e+03    1.77607e-09    
1.38091e+03    1.69255e-09    
1.40437e+03    1.61295e-09    
1.42823e+03    1.53708e-09    
1.45250e+03    1.46476e-09    
1.47718e+03    1.39583e-09    
1.50227e+03    1.33014e-09    
1.52780e+03    1.26752e-09    
1.55376e+03    1.20784e-09    
1.58015e+03    1.15096e-09    
1.60700e+03    1.09674e-09    
1.63431e+03    1.04507e-09    
1.66207e+03    9.95830e-10    
1.69031e+03    9.48897e-10    
1.71903e+03    9.04168e-10    
1.74824e+03    8.61539e-10    
1.77794e+03    8.20912e-10    
1.80815e+03    7.82195e-10    
1.83887e+03    7.45296e-10    
1.87011e+03    7.10132e-10    
1.90189e+03    6.76621e-10    
1.93420e+03    6.44685e-10    
1.96706e+03    6.14251e-10    
2.00048e+03    5.85249e-10    
2.03447e+03    5.57611e-10    
2.06904e+03    5.31274e-10    
2.10419e+03    5.06176e-10    
2.13994e+03    4.82260e-10    
2.17630e+03    4.59469e-10    
2.21328e+03    4.37752e-10    
2.25088e+03    4.17058e-10    
2.28913e+03    3.97339e-10    
2.32802e+03    3.78549e-10    
2.36757e+03    3.60644e-10    
2.40780e+03    3.43583e-10    
2.44871e+03    3.27327e-10    
2.49031e+03    3.11837e-10    
2.53262e+03    2.97078e-10    
2.57565e+03    2.83015e-10    
2.61941e+03    2.69615e-10    
2.66392e+03    2.56848e-10    
2.70918e+03    2.44683e-10    
2.75521e+03    2.33093e-10    
2.80202e+03    2.22050e-10    
2.84963e+03    2.11528e-10    
2.89804e+03    2.01503e-10    
2.94728e+03    1.91952e-10    
2.99736e+03    1.82852e-10    
3.04828e+03    1.74182e-10    
3.10008e+03    1.65922e-10    
3.15275e+03    1.58052e-10    
3.20631e+03    1.50555e-10    
3.26079e+03    1.43412e-10    
3.31619e+03    1.36607e-10    
3.37253e+03    1.30123e-10    
3.42983e+03    1.23947e-10    
3.48811e+03    1.18063e-10    
3.54737e+03    1.12457e-10    
3.60764e+03    1.07116e-10    
3.66894e+03    1.02029e-10    
3.73127e+03    9.71823e-11    
3.79467e+03    9.25652e-11    
3.85914e+03    8.81667e-11    
3.92471e+03    8.39767e-11    
3.99139e+03    7.99852e-11    
4.05921e+03    7.61829e-11    
4.12818e+03    7.25608e-11    
4.19831e+03    6.91104e-11    
4.26965e+03    6.58236e-11    
4.34219e+03    6.26926e-11    
4.41596e+03    5.97102e-11    
4.49099e+03    5.68692e-11    
4.56730e+03    5.41631e-11    
4.64489e+03    5.15853e-11    
4.72381e+03    4.91299e-11    
4.80407e+03    4.67910e-11    
4.88569e+03    4.45632e-11    
4.96870e+03    4.24411e-11    
5.05312e+03    4.04198e-11    
5.13898e+03    3.84945e-11    
5.22629e+03    3.66607e-11    
5.31509e+03    3.49140e-11    
5.40539e+03    3.32503e-11    
5.49723e+03    3.16656e-11    
5.59063e+03    3.01563e-11    
5.68562e+03    2.87187e-11    
5.78222e+03    2.73495e-11    
5.88046e+03    2.60453e-11    
5.98037e+03    2.48032e-11    
6.08198e+03    2.36202e-11    
6.18531e+03    2.24935e-11    
6.29041e+03    2.14203e-11    
6.39728e+03    2.03983e-11    
6.50597e+03    1.94249e-11    
6.61651e+03    1.84978e-11    
6.72893e+03    1.76148e-11    
6.84325e+03    1.67739e-11    
6.95952e+03    1.59730e-11    
7.07777e+03    1.52103e-11    
7.19802e+03    1.44839e-11    
7.32032e+03    1.37921e-11    
7.44469e+03    1.31333e-11    
7.57118e+03    1.25058e-11    
7.69982e+03    1.19083e-11    
7.83064e+03    1.13392e-11    
7.96368e+03    1.07973e-11    
8.09899e+03    1.02812e-11    
8.23659e+03    9.78972e-12    
8.37654e+03    9.32168e-12    
8.51886e+03    8.87596e-12    
8.66360e+03    8.45150e-12    
8.81079e+03    8.04729e-12    
8.96049e+03    7.66237e-12    
9.11273e+03    7.29582e-12    
9.26756e+03    6.94676e-12    
9.42502e+03    6.61436e-12    
9.58515e+03    6.29784e-12    
9.74801e+03    5.99642e-12    
9.91363e+03    5.70940e-12    
1.00821e+04    5.43608e-12    
1.02534e+04    5.17582e-12    
1.04276e+04    4.92800e-12    
1.06047e+04    4.69201e-12    
1.07849e+04    4.46730e-12    
1.09682e+04    4.25332e-12    
1.11545e+04    4.04957e-12    
1.13440e+04    3.85557e-12    
1.15368e+04    3.67083e-12    
1.17328e+04    3.49493e-12    
1.19321e+04    3.32744e-12    
1.21349e+04    3.16796e-12    
1.23410e+04    3.01610e-12    
1.25507e+04    2.87151e-12    
1.27639e+04    2.73384e-12    
1.29808e+04    2.60275e-12    
1.32014e+04    2.47794e-12    
1.34257e+04    2.35909e-12    
1.36538e+04    2.24594e-12    
1.38857e+04    2.13820e-12    
1.41217e+04    2.03562e-12    
1.43616e+04    1.93795e-12    
1.46056e+04    1.84496e-12    
1.48538e+04    1.75642e-12    
1.51061e+04    1.67212e-12    
1.53628e+04    1.59186e-12    
1.56238e+04    1.51545e-12    
1.58893e+04    1.44269e-12    
1.61592e+04    1.37342e-12    
1.64338e+04    1.30747e-12    
1.67130e+04    1.24469e-12    
1.69969e+04    1.18491e-12    
1.72857e+04    1.12799e-12    
1.75794e+04    1.07381e-12    
1.78781e+04    1.02222e-12    
1.81819e+04    9.73104e-13    
1.84908e+04    9.26345e-13    
1.88049e+04    8.81829e-13    
1.91244e+04    8.39448e-13    
1.94494e+04    7.99100e-13    
1.97798e+04    7.60688e-13    
2.01159e+04    7.24119e-13    
2.04577e+04    6.89304e-13    
2.08052e+04    6.56161e-13    
2.11587e+04    6.24608e-13    
2.15182e+04    5.94569e-13    
2.18838e+04    5.65973e-13    
2.22556e+04    5.38749e-13    
2.26338e+04    5.12833e-13    
2.30183e+04    4.88161e-13    
2.34094e+04    4.64674e-13    
2.38071e+04    4.42315e-13    
2.42116e+04    4.21030e-13    
2.46230e+04    4.00767e-13    
2.50413e+04    3.81478e-13    
2.54668e+04    3.63116e-13    
2.58995e+04    3.45636e-13    
2.63395e+04    3.28996e-13    
2.67871e+04    3.13156e-13    
2.72422e+04    2.98077e-13    
2.77050e+04    2.83723e-13    
2.81757e+04    2.70059e-13    
2.86545e+04    2.57052e-13    
2.91413e+04    2.44670e-13    
2.96364e+04    2.32884e-13    
3.01400e+04    2.21665e-13    
3.06520e+04    2.10985e-13    
3.11728e+04    2.00819e-13    
3.17025e+04    1.91142e-13    
3.22411e+04    1.81931e-13    
3.27889e+04    1.73162e-13    
3.33460e+04    1.64816e-13    
3.39125e+04    1.56871e-13    
3.44887e+04    1.49309e-13    
3.50747e+04    1.42111e-13    
3.56706e+04    1.35259e-13    
3.62767e+04    1.28737e-13    
3.68930e+04    1.22529e-13    
3.75199e+04    1.16620e-13    
3.81573e+04    1.10995e-13    
3.88057e+04    1.05642e-13    
3.94650e+04    1.00546e-13    
4.01355e+04    9.56953e-14    
4.08174e+04    9.10785e-14    
4.15109e+04    8.66842e-14    
4.22162e+04    8.25015e-14    
4.29335e+04    7.85203e-14    
4.36629e+04    7.47310e-14    
4.44048e+04    7.11242e-14    
4.51592e+04    6.76913e-14    
4.59265e+04    6.44239e-14    
4.67068e+04    6.13139e-14    
4.75003e+04    5.83538e-14    
4.83074e+04    5.55365e-14    
4.91282e+04    5.28550e-14    
4.99629e+04    5.03027e-14    
5.08117e+04    4.78736e-14    
5.16750e+04    4.55615e-14    
5.25530e+04    4.33610e-14    
5.34459e+04    4.12666e-14    
5.43540e+04    3.92732e-14    
5.52775e+04    3.73760e-14    
5.62167e+04    3.55703e-14    
5.71718e+04    3.38518e-14    
5.81432e+04    3.22161e-14    
5.91310e+04    3.06594e-14    
6.01357e+04    2.91778e-14    
6.11574e+04    2.77677e-14    
6.21965e+04    2.64256e-14    
6.32532e+04    2.51484e-14    
6.43279e+04    2.39328e-14    
6.54209e+04    2.27758e-14    
6.65324e+04    2.16747e-14    
6.76628e+04    2.06268e-14    
6.88124e+04    1.96295e-14    
6.99816e+04    1.86804e-14    
7.11706e+04    1.77770e-14    
7.23798e+04    1.69173e-14    
7.36095e+04    1.60992e-14    
7.48602e+04    1.53205e-14    
7.61321e+04    1.45795e-14    
7.74256e+04    1.38742e-14    
7.87411e+04    1.32031e-14    
8.00789e+04    1.25643e-14    
8.14395e+04    1.19564e-14    
8.28232e+04    1.13779e-14    
8.42303e+04    1.08274e-14    
8.56614e+04    1.03035e-14    
8.71169e+04    9.80484e-15    
8.85970e+04    9.33032e-15    
9.01023e+04    8.87874e-15    
9.16332e+04    8.44899e-15    
9.31900e+04    8.04002e-15    
9.47734e+04    7.65082e-15    
9.63836e+04    7.28044e-15    
9.80212e+04    6.92797e-15    
9.96866e+04    6.59254e-15    
1.01380e+05    6.27334e-15    
1.03103e+05    5.96957e-15    
1.04855e+05    5.68049e-15    
1.06636e+05    5.40540e-15    
1.08448e+05    5.14361e-15    
1.10290e+05    4.89449e-15    
1.12164e+05    4.65742e-15    
1.14070e+05    4.43182e-15    
1.16008e+05    4.21714e-15    
1.17979e+05    4.01285e-15    
1.19984e+05    3.81844e-15    
1.22022e+05    3.63344e-15    
1.24095e+05    3.45739e-15    
1.26204e+05    3.28986e-15    
1.28348e+05    3.13044e-15    
1.30529e+05    2.97874e-15    
1.32746e+05    2.83438e-15    
1.35002e+05    2.69702e-15    
1.37296e+05    2.56630e-15    
1.39628e+05    2.44191e-15    
1.42001e+05    2.32354e-15    
1.44413e+05    2.21091e-15    
1.46867e+05    2.10373e-15    
1.49362e+05    2.00174e-15    
1.51900e+05    1.90469e-15    
1.54481e+05    1.81234e-15    
1.57105e+05    1.72446e-15    
1.59775e+05    1.64084e-15    
1.62489e+05    1.56127e-15    
1.65250e+05    1.48556e-15    
1.68058e+05    1.41351e-15    
1.70913e+05    1.34495e-15    
1.73817e+05    1.27972e-15    
1.76770e+05    1.21765e-15    
1.79773e+05    1.15858e-15    
1.82828e+05    1.10238e-15    
1.85934e+05    1.04890e-15    
1.89093e+05    9.98014e-16    
1.92306e+05    9.49593e-16    
1.95573e+05    9.03520e-16    
1.98896e+05    8.59679e-16    
2.02275e+05    8.17964e-16    
2.05712e+05    7.78272e-16    
2.09207e+05    7.40503e-16    
2.12762e+05    7.04566e-16    
2.16377e+05    6.70372e-16    
2.20053e+05    6.37835e-16    
2.23792e+05    6.06876e-16    
2.27594e+05    5.77418e-16    
2.31461e+05    5.49389e-16    
2.35394e+05    5.22720e-16    
2.39393e+05    4.97344e-16    
2.43460e+05    4.73198e-16    
2.47597e+05    4.50224e-16    
2.51804e+05    4.28365e-16    
2.56082e+05    4.07565e-16    
2.60433e+05    3.87775e-16    
2.64857e+05    3.68945e-16    
2.69357e+05    3.51029e-16    
2.73934e+05    3.33981e-16    
2.78588e+05    3.17761e-16    
2.83321e+05    3.02328e-16    
2.88135e+05    2.87644e-16    
2.93031e+05    2.73673e-16    
2.98009e+05    2.60380e-16    
3.03073e+05    2.47731e-16    
3.08222e+05    2.35697e-16    
3.13459e+05    2.24247e-16    
3.18785e+05    2.13353e-16    
3.24201e+05    2.02987e-16    
3.29709e+05    1.93125e-16    
3.35311e+05    1.83741e-16    
3.41008e+05    1.74813e-16    
3.46802e+05    1.66319e-16    
3.52694e+05    1.58237e-16    
3.58686e+05    1.50547e-16    
3.64781e+05    1.43231e-16    
3.70978e+05    1.36270e-16    
3.77281e+05    1.29647e-16    
3.83692e+05    1.23346e-16    
3.90211e+05    1.17350e-16    
3.96840e+05    1.11646e-16    
4.03583e+05    1.06219e-16    
4.10440e+05    1.01056e-16    
4.17413e+05    9.61432e-17    
4.24505e+05    9.14693e-17    
4.31718e+05    8.70223e-17    
4.39053e+05    8.27915e-17    
4.46512e+05    7.87661e-17    
4.54099e+05    7.49364e-17    
4.61814e+05    7.12927e-17    
4.69661e+05    6.78260e-17    
4.77640e+05    6.45278e-17    
4.85755e+05    6.13899e-17    
4.94009e+05    5.84044e-17    
5.02402e+05    5.55641e-17    
5.10938e+05    5.28618e-17    
5.19619e+05    5.02908e-17    
5.28447e+05    4.78447e-17    
5.37426e+05    4.55176e-17    
5.46557e+05    4.33035e-17    
5.55843e+05    4.11971e-17    
5.65287e+05    3.91931e-17    
5.74891e+05    3.72865e-17    
5.84659e+05    3.54726e-17    
5.94593e+05    3.37469e-17    
6.04695e+05    3.21050e-17    
6.14969e+05    3.05430e-17    
6.25417e+05    2.90570e-17    
6.36043e+05    2.76432e-17    
6.46850e+05    2.62981e-17    
6.57840e+05    2.50184e-17    
6.69017e+05    2.38010e-17    
6.80384e+05    2.26428e-17    
6.91944e+05    2.15409e-17    
7.03700e+05    2.04926e-17    
7.15656e+05    1.94953e-17    
7.27816e+05    1.85464e-17    
7.40181e+05    1.76438e-17    
7.52757e+05    1.67850e-17    
7.65547e+05    1.59680e-17    
7.78554e+05    1.51908e-17    
7.91782e+05    1.44513e-17    
8.05234e+05    1.37479e-17    
8.18915e+05    1.30786e-17    
8.32829e+05    1.24419e-17    
8.46979e+05    1.18362e-17    
8.61370e+05    1.12600e-17    
8.76004e+05    1.07118e-17    
8.90888e+05    1.01903e-17    
9.06025e+05    9.69412e-18    
9.21418e+05    9.22211e-18    
9.37073e+05    8.77307e-18    
9.52995e+05    8.34588e-18    
9.69186e+05    7.93948e-18    
9.85653e+05    7.55286e-18    
1.00240e+06    7.18506e-18    
1.01943e+06    6.83515e-18    
1.03675e+06    6.50228e-18    
1.05437e+06    6.18561e-18    
1.07228e+06    5.88435e-18    
1.09050e+06    5.59776e-18    
1.10903e+06    5.32511e-18    
1.12787e+06    5.06574e-18    
1.14703e+06    4.81900e-18    
1.16652e+06    4.58426e-18    
1.18634e+06    4.36096e-18    
1.20650e+06    4.14853e-18    
1.22699e+06    3.94643e-18    
1.24784e+06    3.75418e-18    
1.26904e+06    3.57129e-18    
1.29060e+06    3.39731e-18    
1.31253e+06    3.23179e-18    
1.33483e+06    3.07434e-18    
1.35751e+06    2.92455e-18    
1.38058e+06    2.78206e-18    
1.40403e+06    2.64650e-18    
1.42789e+06    2.51755e-18    
1.45215e+06    2.39488e-18    
1.47682e+06    2.27818e-18    
1.50191e+06    2.16717e-18    
1.52743e+06    2.06156e-18    
1.55338e+06    1.96110e-18    
1.57977e+06    1.86553e-18    
1.60661e+06    1.77461e-18    
1.63391e+06    1.68812e-18    
1.66167e+06    1.60585e-18    
1.68990e+06    1.52758e-18    
1.71862e+06    1.45313e-18    
1.74782e+06    1.38230e-18    
1.77751e+06    1.31493e-18    
1.80771e+06    1.25084e-18    
1.83843e+06    1.18986e-18    
1.86966e+06    1.13186e-18    
1.90143e+06    1.07669e-18    
1.93373e+06    1.02420e-18    
1.96659e+06    9.74276e-19    
2.00000e+06    9.26780e-19    

