# USINE V4.0
# File generated 13-05-2022 09:46:19
# Model1DKisoVc
# LI
# SolMod0DFF_phi0_770GV
# R [GV]       TOA [GV m^{2} s sr]^{-1}
1.00854e-01    1.73332e-04    
1.02565e-01    1.82222e-04    
1.04305e-01    1.91566e-04    
1.06074e-01    2.01388e-04    
1.07873e-01    2.11711e-04    
1.09703e-01    2.22561e-04    
1.11563e-01    2.33966e-04    
1.13456e-01    2.45952e-04    
1.15380e-01    2.58550e-04    
1.17337e-01    2.71792e-04    
1.19327e-01    2.85708e-04    
1.21351e-01    3.00334e-04    
1.23410e-01    3.15705e-04    
1.25503e-01    3.31860e-04    
1.27632e-01    3.48838e-04    
1.29797e-01    3.66681e-04    
1.31998e-01    3.85432e-04    
1.34237e-01    4.05138e-04    
1.36514e-01    4.25846e-04    
1.38830e-01    4.47607e-04    
1.41184e-01    4.70475e-04    
1.43579e-01    4.94506e-04    
1.46015e-01    5.19757e-04    
1.48491e-01    5.46291e-04    
1.51010e-01    5.74172e-04    
1.53571e-01    6.03469e-04    
1.56176e-01    6.34252e-04    
1.58825e-01    6.66596e-04    
1.61519e-01    7.00579e-04    
1.64259e-01    7.36285e-04    
1.67045e-01    7.73800e-04    
1.69878e-01    8.13213e-04    
1.72760e-01    8.54622e-04    
1.75690e-01    8.98125e-04    
1.78670e-01    9.43828e-04    
1.81701e-01    9.91841e-04    
1.84783e-01    1.04228e-03    
1.87917e-01    1.09526e-03    
1.91104e-01    1.15092e-03    
1.94346e-01    1.20939e-03    
1.97642e-01    1.27080e-03    
2.00995e-01    1.33531e-03    
2.04404e-01    1.40305e-03    
2.07871e-01    1.47418e-03    
2.11397e-01    1.54887e-03    
2.14982e-01    1.62728e-03    
2.18629e-01    1.70960e-03    
2.22337e-01    1.79601e-03    
2.26108e-01    1.88672e-03    
2.29944e-01    1.98194e-03    
2.33844e-01    2.08187e-03    
2.37810e-01    2.18675e-03    
2.41844e-01    2.29681e-03    
2.45946e-01    2.41230e-03    
2.50118e-01    2.53348e-03    
2.54360e-01    2.66061e-03    
2.58675e-01    2.79399e-03    
2.63062e-01    2.93390e-03    
2.67524e-01    3.08066e-03    
2.72062e-01    3.23457e-03    
2.76677e-01    3.39599e-03    
2.81370e-01    3.56525e-03    
2.86142e-01    3.74272e-03    
2.90996e-01    3.92878e-03    
2.95931e-01    4.12382e-03    
3.00951e-01    4.32825e-03    
3.06056e-01    4.54251e-03    
3.11247e-01    4.76704e-03    
3.16526e-01    5.00229e-03    
3.21895e-01    5.24876e-03    
3.27355e-01    5.50695e-03    
3.32907e-01    5.77737e-03    
3.38554e-01    6.06056e-03    
3.44297e-01    6.35709e-03    
3.50137e-01    6.66755e-03    
3.56075e-01    6.99252e-03    
3.62115e-01    7.33265e-03    
3.68257e-01    7.68857e-03    
3.74504e-01    8.06097e-03    
3.80856e-01    8.45053e-03    
3.87316e-01    8.85798e-03    
3.93885e-01    9.28406e-03    
4.00566e-01    9.72954e-03    
4.07361e-01    1.01952e-02    
4.14270e-01    1.06819e-02    
4.21297e-01    1.11904e-02    
4.28443e-01    1.17216e-02    
4.35710e-01    1.22765e-02    
4.43101e-01    1.28559e-02    
4.50616e-01    1.34607e-02    
4.58260e-01    1.40920e-02    
4.66033e-01    1.47507e-02    
4.73937e-01    1.54379e-02    
4.81976e-01    1.61546e-02    
4.90151e-01    1.69018e-02    
4.98465e-01    1.76807e-02    
5.06920e-01    1.84924e-02    
5.15518e-01    1.93379e-02    
5.24263e-01    2.02184e-02    
5.33155e-01    2.11351e-02    
5.42198e-01    2.20892e-02    
5.51395e-01    2.30819e-02    
5.60748e-01    2.41143e-02    
5.70259e-01    2.51878e-02    
5.79931e-01    2.63035e-02    
5.89768e-01    2.74626e-02    
5.99772e-01    2.86664e-02    
6.09945e-01    2.99162e-02    
6.20291e-01    3.12131e-02    
6.30812e-01    3.25585e-02    
6.41512e-01    3.39534e-02    
6.52393e-01    3.53992e-02    
6.63459e-01    3.68970e-02    
6.74712e-01    3.84480e-02    
6.86156e-01    4.00532e-02    
6.97795e-01    4.17140e-02    
7.09631e-01    4.34312e-02    
7.21667e-01    4.52060e-02    
7.33908e-01    4.70394e-02    
7.46356e-01    4.89322e-02    
7.59016e-01    5.08854e-02    
7.71890e-01    5.28999e-02    
7.84983e-01    5.49763e-02    
7.98298e-01    5.71154e-02    
8.11838e-01    5.93178e-02    
8.25608e-01    6.15839e-02    
8.39612e-01    6.39143e-02    
8.53854e-01    6.63093e-02    
8.68336e-01    6.87691e-02    
8.83065e-01    7.12939e-02    
8.98043e-01    7.38836e-02    
9.13276e-01    7.65382e-02    
9.28767e-01    7.92573e-02    
9.44520e-01    8.20407e-02    
9.60541e-01    8.48877e-02    
9.76833e-01    8.77978e-02    
9.93402e-01    9.07700e-02    
1.01025e+00    9.38034e-02    
1.02739e+00    9.68966e-02    
1.04481e+00    1.00048e-01    
1.06254e+00    1.03257e-01    
1.08056e+00    1.06520e-01    
1.09889e+00    1.09837e-01    
1.11753e+00    1.13203e-01    
1.13648e+00    1.16617e-01    
1.15576e+00    1.20075e-01    
1.17536e+00    1.23575e-01    
1.19530e+00    1.27111e-01    
1.21557e+00    1.30681e-01    
1.23619e+00    1.34280e-01    
1.25716e+00    1.37903e-01    
1.27848e+00    1.41546e-01    
1.30017e+00    1.45203e-01    
1.32222e+00    1.48870e-01    
1.34465e+00    1.52540e-01    
1.36746e+00    1.56207e-01    
1.39065e+00    1.59867e-01    
1.41424e+00    1.63512e-01    
1.43823e+00    1.67138e-01    
1.46262e+00    1.70737e-01    
1.48743e+00    1.74305e-01    
1.51266e+00    1.77836e-01    
1.53832e+00    1.81325e-01    
1.56441e+00    1.84766e-01    
1.59094e+00    1.88155e-01    
1.61793e+00    1.91485e-01    
1.64537e+00    1.94752e-01    
1.67328e+00    1.97951e-01    
1.70166e+00    2.01076e-01    
1.73053e+00    2.04124e-01    
1.75988e+00    2.07089e-01    
1.78973e+00    2.09967e-01    
1.82009e+00    2.12752e-01    
1.85096e+00    2.15440e-01    
1.88236e+00    2.18026e-01    
1.91428e+00    2.20505e-01    
1.94675e+00    2.22874e-01    
1.97977e+00    2.25130e-01    
2.01335e+00    2.27271e-01    
2.04750e+00    2.29295e-01    
2.08223e+00    2.31201e-01    
2.11755e+00    2.32988e-01    
2.15347e+00    2.34656e-01    
2.19000e+00    2.36206e-01    
2.22714e+00    2.37639e-01    
2.26492e+00    2.38956e-01    
2.30334e+00    2.40159e-01    
2.34240e+00    2.41249e-01    
2.38214e+00    2.42224e-01    
2.42254e+00    2.43083e-01    
2.46363e+00    2.43825e-01    
2.50542e+00    2.44447e-01    
2.54792e+00    2.44948e-01    
2.59113e+00    2.45325e-01    
2.63508e+00    2.45575e-01    
2.67978e+00    2.45693e-01    
2.72523e+00    2.45675e-01    
2.77146e+00    2.45515e-01    
2.81847e+00    2.45211e-01    
2.86627e+00    2.44757e-01    
2.91489e+00    2.44149e-01    
2.96433e+00    2.43384e-01    
3.01461e+00    2.42457e-01    
3.06575e+00    2.41362e-01    
3.11775e+00    2.40096e-01    
3.17063e+00    2.38655e-01    
3.22441e+00    2.37035e-01    
3.27910e+00    2.35230e-01    
3.33472e+00    2.33233e-01    
3.39128e+00    2.31036e-01    
3.44880e+00    2.28631e-01    
3.50730e+00    2.26011e-01    
3.56679e+00    2.23170e-01    
3.62729e+00    2.20107e-01    
3.68882e+00    2.16824e-01    
3.75139e+00    2.13331e-01    
3.81502e+00    2.09639e-01    
3.87973e+00    2.05769e-01    
3.94553e+00    2.01745e-01    
4.01246e+00    1.97592e-01    
4.08052e+00    1.93336e-01    
4.14973e+00    1.89000e-01    
4.22012e+00    1.84606e-01    
4.29170e+00    1.80173e-01    
4.36449e+00    1.75718e-01    
4.43852e+00    1.71257e-01    
4.51381e+00    1.66803e-01    
4.59037e+00    1.62367e-01    
4.66823e+00    1.57958e-01    
4.74741e+00    1.53585e-01    
4.82794e+00    1.49255e-01    
4.90983e+00    1.44974e-01    
4.99311e+00    1.40747e-01    
5.07780e+00    1.36579e-01    
5.16393e+00    1.32473e-01    
5.25152e+00    1.28433e-01    
5.34059e+00    1.24462e-01    
5.43118e+00    1.20562e-01    
5.52330e+00    1.16735e-01    
5.61698e+00    1.12984e-01    
5.71226e+00    1.09310e-01    
5.80915e+00    1.05713e-01    
5.90768e+00    1.02196e-01    
6.00789e+00    9.87579e-02    
6.10979e+00    9.54003e-02    
6.21342e+00    9.21230e-02    
6.31882e+00    8.89259e-02    
6.42599e+00    8.58090e-02    
6.53499e+00    8.27721e-02    
6.64584e+00    7.98148e-02    
6.75856e+00    7.69369e-02    
6.87320e+00    7.41377e-02    
6.98978e+00    7.14166e-02    
7.10834e+00    6.87730e-02    
7.22891e+00    6.62060e-02    
7.35153e+00    6.37148e-02    
7.47622e+00    6.12985e-02    
7.60303e+00    5.89560e-02    
7.73199e+00    5.66865e-02    
7.86314e+00    5.44887e-02    
7.99651e+00    5.23616e-02    
8.13215e+00    5.03040e-02    
8.27008e+00    4.83147e-02    
8.41036e+00    4.63924e-02    
8.55301e+00    4.45357e-02    
8.69809e+00    4.27434e-02    
8.84562e+00    4.10140e-02    
8.99566e+00    3.93460e-02    
9.14825e+00    3.77380e-02    
9.30342e+00    3.61884e-02    
9.46122e+00    3.46957e-02    
9.62170e+00    3.32583e-02    
9.78490e+00    3.18746e-02    
9.95087e+00    3.05432e-02    
1.01197e+01    2.92625e-02    
1.02913e+01    2.80310e-02    
1.04659e+01    2.68470e-02    
1.06434e+01    2.57092e-02    
1.08239e+01    2.46160e-02    
1.10075e+01    2.35659e-02    
1.11942e+01    2.25575e-02    
1.13841e+01    2.15893e-02    
1.15772e+01    2.06598e-02    
1.17735e+01    1.97677e-02    
1.19733e+01    1.89116e-02    
1.21763e+01    1.80901e-02    
1.23829e+01    1.73021e-02    
1.25929e+01    1.65461e-02    
1.28065e+01    1.58212e-02    
1.30237e+01    1.51260e-02    
1.32446e+01    1.44595e-02    
1.34693e+01    1.38205e-02    
1.36977e+01    1.32082e-02    
1.39301e+01    1.26214e-02    
1.41664e+01    1.20591e-02    
1.44067e+01    1.15206e-02    
1.46510e+01    1.10048e-02    
1.48995e+01    1.05109e-02    
1.51522e+01    1.00380e-02    
1.54093e+01    9.58539e-03    
1.56706e+01    9.15216e-03    
1.59364e+01    8.73756e-03    
1.62067e+01    8.34083e-03    
1.64816e+01    7.96126e-03    
1.67612e+01    7.59815e-03    
1.70455e+01    7.25085e-03    
1.73346e+01    6.91870e-03    
1.76286e+01    6.60110e-03    
1.79277e+01    6.29744e-03    
1.82317e+01    6.00716e-03    
1.85410e+01    5.72969e-03    
1.88555e+01    5.46451e-03    
1.91753e+01    5.21110e-03    
1.95005e+01    4.96898e-03    
1.98313e+01    4.73767e-03    
2.01677e+01    4.51672e-03    
2.05098e+01    4.30568e-03    
2.08576e+01    4.10414e-03    
2.12114e+01    3.91169e-03    
2.15712e+01    3.72795e-03    
2.19371e+01    3.55253e-03    
2.23092e+01    3.38508e-03    
2.26876e+01    3.22525e-03    
2.30724e+01    3.07272e-03    
2.34638e+01    2.92717e-03    
2.38618e+01    2.78828e-03    
2.42665e+01    2.65578e-03    
2.46781e+01    2.52937e-03    
2.50967e+01    2.40880e-03    
2.55224e+01    2.29379e-03    
2.59553e+01    2.18412e-03    
2.63955e+01    2.07953e-03    
2.68432e+01    1.97981e-03    
2.72985e+01    1.88473e-03    
2.77616e+01    1.79409e-03    
2.82325e+01    1.70768e-03    
2.87113e+01    1.62533e-03    
2.91983e+01    1.54683e-03    
2.96936e+01    1.47203e-03    
3.01972e+01    1.40075e-03    
3.07094e+01    1.33283e-03    
3.12303e+01    1.26813e-03    
3.17601e+01    1.20648e-03    
3.22988e+01    1.14776e-03    
3.28466e+01    1.09182e-03    
3.34037e+01    1.03855e-03    
3.39703e+01    9.87811e-04    
3.45465e+01    9.39495e-04    
3.51325e+01    8.93488e-04    
3.57284e+01    8.49682e-04    
3.63344e+01    8.07975e-04    
3.69507e+01    7.68271e-04    
3.75775e+01    7.30475e-04    
3.82149e+01    6.94498e-04    
3.88631e+01    6.60256e-04    
3.95222e+01    6.27666e-04    
4.01926e+01    5.96652e-04    
4.08743e+01    5.67138e-04    
4.15677e+01    5.39056e-04    
4.22727e+01    5.12336e-04    
4.29897e+01    4.86914e-04    
4.37189e+01    4.62730e-04    
4.44605e+01    4.39724e-04    
4.52146e+01    4.17840e-04    
4.59815e+01    3.97025e-04    
4.67615e+01    3.77228e-04    
4.75546e+01    3.58400e-04    
4.83612e+01    3.40495e-04    
4.91815e+01    3.23469e-04    
5.00157e+01    3.07279e-04    
5.08641e+01    2.91885e-04    
5.17268e+01    2.77250e-04    
5.26042e+01    2.63336e-04    
5.34965e+01    2.50109e-04    
5.44039e+01    2.37536e-04    
5.53267e+01    2.25584e-04    
5.62651e+01    2.14225e-04    
5.72194e+01    2.03428e-04    
5.81900e+01    1.93167e-04    
5.91770e+01    1.83415e-04    
6.01807e+01    1.74149e-04    
6.12015e+01    1.65344e-04    
6.22396e+01    1.56977e-04    
6.32953e+01    1.49028e-04    
6.43689e+01    1.41475e-04    
6.54607e+01    1.34300e-04    
6.65711e+01    1.27484e-04    
6.77002e+01    1.21009e-04    
6.88485e+01    1.14858e-04    
7.00163e+01    1.09016e-04    
7.12039e+01    1.03467e-04    
7.24117e+01    9.81970e-05    
7.36399e+01    9.31919e-05    
7.48890e+01    8.84388e-05    
7.61592e+01    8.39251e-05    
7.74510e+01    7.96390e-05    
7.87647e+01    7.55691e-05    
8.01007e+01    7.17049e-05    
8.14594e+01    6.80359e-05    
8.28411e+01    6.45526e-05    
8.42462e+01    6.12456e-05    
8.56752e+01    5.81063e-05    
8.71284e+01    5.51261e-05    
8.86062e+01    5.22972e-05    
9.01092e+01    4.96119e-05    
9.16376e+01    4.70632e-05    
9.31919e+01    4.46442e-05    
9.47726e+01    4.23483e-05    
9.63801e+01    4.01694e-05    
9.80149e+01    3.81016e-05    
9.96774e+01    3.61393e-05    
1.01368e+02    3.42773e-05    
1.03088e+02    3.25104e-05    
1.04836e+02    3.08339e-05    
1.06614e+02    2.92432e-05    
1.08423e+02    2.77340e-05    
1.10262e+02    2.63021e-05    
1.12132e+02    2.49437e-05    
1.14034e+02    2.36550e-05    
1.15968e+02    2.24326e-05    
1.17935e+02    2.12730e-05    
1.19936e+02    2.01730e-05    
1.21970e+02    1.91297e-05    
1.24039e+02    1.81401e-05    
1.26143e+02    1.72016e-05    
1.28282e+02    1.63115e-05    
1.30458e+02    1.54673e-05    
1.32671e+02    1.46668e-05    
1.34921e+02    1.39076e-05    
1.37210e+02    1.31878e-05    
1.39537e+02    1.25052e-05    
1.41904e+02    1.18580e-05    
1.44311e+02    1.12443e-05    
1.46759e+02    1.06625e-05    
1.49248e+02    1.01109e-05    
1.51779e+02    9.58797e-06    
1.54354e+02    9.09222e-06    
1.56972e+02    8.62227e-06    
1.59635e+02    8.17678e-06    
1.62342e+02    7.75450e-06    
1.65096e+02    7.35424e-06    
1.67896e+02    6.97485e-06    
1.70744e+02    6.61525e-06    
1.73640e+02    6.27444e-06    
1.76585e+02    5.95142e-06    
1.79581e+02    5.64529e-06    
1.82627e+02    5.35515e-06    
1.85724e+02    5.08020e-06    
1.88874e+02    4.81962e-06    
1.92078e+02    4.57268e-06    
1.95336e+02    4.33866e-06    
1.98649e+02    4.11688e-06    
2.02019e+02    3.90671e-06    
2.05445e+02    3.70754e-06    
2.08930e+02    3.51878e-06    
2.12474e+02    3.33990e-06    
2.16078e+02    3.17036e-06    
2.19743e+02    3.00968e-06    
2.23470e+02    2.85739e-06    
2.27261e+02    2.71304e-06    
2.31115e+02    2.57621e-06    
2.35036e+02    2.44651e-06    
2.39022e+02    2.32355e-06    
2.43076e+02    2.20697e-06    
2.47199e+02    2.09644e-06    
2.51392e+02    1.99163e-06    
2.55656e+02    1.89223e-06    
2.59993e+02    1.79797e-06    
2.64403e+02    1.70855e-06    
2.68888e+02    1.62374e-06    
2.73448e+02    1.54327e-06    
2.78087e+02    1.46692e-06    
2.82803e+02    1.39447e-06    
2.87600e+02    1.32571e-06    
2.92478e+02    1.26044e-06    
2.97439e+02    1.19848e-06    
3.02485e+02    1.13966e-06    
3.07615e+02    1.08381e-06    
3.12833e+02    1.03077e-06    
3.18139e+02    9.80388e-07    
3.23535e+02    9.32534e-07    
3.29023e+02    8.87074e-07    
3.34604e+02    8.43880e-07    
3.40279e+02    8.02837e-07    
3.46051e+02    7.63831e-07    
3.51921e+02    7.26759e-07    
3.57890e+02    6.91519e-07    
3.63960e+02    6.58019e-07    
3.70134e+02    6.26169e-07    
3.76412e+02    5.95885e-07    
3.82797e+02    5.67087e-07    
3.89290e+02    5.39701e-07    
3.95893e+02    5.13654e-07    
4.02608e+02    4.88879e-07    
4.09437e+02    4.65312e-07    
4.16381e+02    4.42894e-07    
4.23444e+02    4.21565e-07    
4.30626e+02    4.01273e-07    
4.37931e+02    3.81966e-07    
4.45359e+02    3.63594e-07    
4.52913e+02    3.46113e-07    
4.60595e+02    3.29476e-07    
4.68407e+02    3.13644e-07    
4.76352e+02    2.98577e-07    
4.84432e+02    2.84237e-07    
4.92649e+02    2.70588e-07    
5.01005e+02    2.57597e-07    
5.09503e+02    2.45232e-07    
5.18145e+02    2.33462e-07    
5.26934e+02    2.22259e-07    
5.35872e+02    2.11594e-07    
5.44961e+02    2.01442e-07    
5.54205e+02    1.91778e-07    
5.63605e+02    1.82578e-07    
5.73165e+02    1.73819e-07    
5.82887e+02    1.65482e-07    
5.92773e+02    1.57544e-07    
6.02828e+02    1.49987e-07    
6.13053e+02    1.42793e-07    
6.23452e+02    1.35944e-07    
6.34026e+02    1.29424e-07    
6.44781e+02    1.23216e-07    
6.55717e+02    1.17305e-07    
6.66839e+02    1.11678e-07    
6.78150e+02    1.06321e-07    
6.89653e+02    1.01221e-07    
7.01351e+02    9.63646e-08    
7.13247e+02    9.17413e-08    
7.25345e+02    8.73397e-08    
7.37648e+02    8.31489e-08    
7.50160e+02    7.91591e-08    
7.62884e+02    7.53604e-08    
7.75824e+02    7.17438e-08    
7.88983e+02    6.83005e-08    
8.02366e+02    6.50222e-08    
8.15975e+02    6.19011e-08    
8.29816e+02    5.89296e-08    
8.43891e+02    5.61005e-08    
8.58205e+02    5.34070e-08    
8.72761e+02    5.08426e-08    
8.87565e+02    4.84011e-08    
9.02620e+02    4.60767e-08    
9.17930e+02    4.38638e-08    
9.33499e+02    4.17569e-08    
9.49333e+02    3.97511e-08    
9.65436e+02    3.78415e-08    
9.81811e+02    3.60234e-08    
9.98465e+02    3.42926e-08    
1.01540e+03    3.26447e-08    
1.03262e+03    3.10760e-08    
1.05014e+03    2.95824e-08    
1.06795e+03    2.81606e-08    
1.08607e+03    2.68069e-08    
1.10449e+03    2.55182e-08    
1.12322e+03    2.42914e-08    
1.14227e+03    2.31234e-08    
1.16165e+03    2.20115e-08    
1.18135e+03    2.09530e-08    
1.20139e+03    1.99453e-08    
1.22177e+03    1.89860e-08    
1.24249e+03    1.80727e-08    
1.26357e+03    1.72033e-08    
1.28500e+03    1.63757e-08    
1.30679e+03    1.55878e-08    
1.32896e+03    1.48377e-08    
1.35150e+03    1.41237e-08    
1.37442e+03    1.34439e-08    
1.39774e+03    1.27969e-08    
1.42145e+03    1.21809e-08    
1.44556e+03    1.15945e-08    
1.47007e+03    1.10363e-08    
1.49501e+03    1.05050e-08    
1.52037e+03    9.99917e-09    
1.54616e+03    9.51766e-09    
1.57238e+03    9.05931e-09    
1.59905e+03    8.62299e-09    
1.62617e+03    8.20766e-09    
1.65376e+03    7.81230e-09    
1.68181e+03    7.43595e-09    
1.71033e+03    7.07770e-09    
1.73935e+03    6.73669e-09    
1.76885e+03    6.41208e-09    
1.79885e+03    6.10309e-09    
1.82936e+03    5.80897e-09    
1.86039e+03    5.52900e-09    
1.89195e+03    5.26250e-09    
1.92404e+03    5.00883e-09    
1.95667e+03    4.76737e-09    
1.98986e+03    4.53753e-09    
2.02361e+03    4.31876e-09    
2.05794e+03    4.11051e-09    
2.09284e+03    3.91230e-09    
2.12834e+03    3.72363e-09    
2.16444e+03    3.54404e-09    
2.20116e+03    3.37311e-09    
2.23849e+03    3.21040e-09    
2.27646e+03    3.05554e-09    
2.31507e+03    2.90813e-09    
2.35434e+03    2.76783e-09    
2.39427e+03    2.63428e-09    
2.43489e+03    2.50717e-09    
2.47619e+03    2.38618e-09    
2.51819e+03    2.27103e-09    
2.56090e+03    2.16142e-09    
2.60434e+03    2.05710e-09    
2.64851e+03    1.95780e-09    
2.69343e+03    1.86330e-09    
2.73912e+03    1.77335e-09    
2.78558e+03    1.68773e-09    
2.83283e+03    1.60624e-09    
2.88088e+03    1.52869e-09    
2.92974e+03    1.45487e-09    
2.97944e+03    1.38461e-09    
3.02997e+03    1.31774e-09    
3.08137e+03    1.25410e-09    
3.13363e+03    1.19352e-09    
3.18679e+03    1.13587e-09    
3.24084e+03    1.08100e-09    
3.29581e+03    1.02878e-09    
3.35171e+03    9.79074e-10    
3.40856e+03    9.31769e-10    
3.46638e+03    8.86747e-10    
3.52518e+03    8.43897e-10    
3.58497e+03    8.03116e-10    
3.64578e+03    7.64303e-10    
3.70762e+03    7.27364e-10    
3.77050e+03    6.92208e-10    
3.83446e+03    6.58749e-10    
3.89950e+03    6.26905e-10    
3.96564e+03    5.96599e-10    
4.03290e+03    5.67757e-10    
4.10131e+03    5.40307e-10    
4.17087e+03    5.14183e-10    
4.24162e+03    4.89320e-10    
4.31357e+03    4.65658e-10    
4.38673e+03    4.43140e-10    
4.46114e+03    4.21709e-10    
4.53681e+03    4.01313e-10    
4.61376e+03    3.81903e-10    
4.69202e+03    3.63430e-10    
4.77160e+03    3.45850e-10    
4.85254e+03    3.29119e-10    
4.93485e+03    3.13197e-10    
5.01855e+03    2.98045e-10    
5.10367e+03    2.83624e-10    
5.19024e+03    2.69901e-10    
5.27828e+03    2.56841e-10    
5.36781e+03    2.44412e-10    
5.45885e+03    2.32584e-10    
5.55144e+03    2.21328e-10    
5.64561e+03    2.10616e-10    
5.74137e+03    2.00422e-10    
5.83875e+03    1.90721e-10    
5.93779e+03    1.81489e-10    
6.03850e+03    1.72703e-10    
6.14093e+03    1.64342e-10    
6.24509e+03    1.56386e-10    
6.35102e+03    1.48814e-10    
6.45874e+03    1.41609e-10    
6.56829e+03    1.34752e-10    
6.67970e+03    1.28227e-10    
6.79300e+03    1.22018e-10    
6.90822e+03    1.16109e-10    
7.02540e+03    1.10485e-10    
7.14456e+03    1.05134e-10    
7.26575e+03    1.00042e-10    
7.38899e+03    9.51963e-11    
7.51432e+03    9.05851e-11    
7.64177e+03    8.61969e-11    
7.77139e+03    8.20212e-11    
7.90321e+03    7.80475e-11    
8.03726e+03    7.42662e-11    
8.17359e+03    7.06680e-11    
8.31223e+03    6.72439e-11    
8.45322e+03    6.39855e-11    
8.59660e+03    6.08849e-11    
8.74241e+03    5.79344e-11    
8.89070e+03    5.51268e-11    
9.04150e+03    5.24551e-11    
9.19486e+03    4.99128e-11    
9.35082e+03    4.74936e-11    
9.50943e+03    4.51916e-11    
9.67073e+03    4.30010e-11    
9.83476e+03    4.09165e-11    
1.00016e+04    3.89330e-11    
1.01712e+04    3.70455e-11    
1.03437e+04    3.52495e-11    
1.05192e+04    3.35405e-11    
1.06976e+04    3.19143e-11    
1.08791e+04    3.03668e-11    
1.10636e+04    2.88943e-11    
1.12513e+04    2.74932e-11    
1.14421e+04    2.61600e-11    
1.16362e+04    2.48913e-11    
1.18335e+04    2.36841e-11    
1.20343e+04    2.25355e-11    
1.22384e+04    2.14425e-11    
1.24460e+04    2.04024e-11    
1.26571e+04    1.94128e-11    
1.28718e+04    1.84711e-11    
1.30901e+04    1.75751e-11    
1.33121e+04    1.67225e-11    
1.35379e+04    1.59112e-11    
1.37675e+04    1.51393e-11    
1.40011e+04    1.44048e-11    
1.42386e+04    1.37059e-11    
1.44801e+04    1.30408e-11    
1.47257e+04    1.24081e-11    
1.49754e+04    1.18060e-11    
1.52295e+04    1.12330e-11    
1.54878e+04    1.06879e-11    
1.57505e+04    1.01692e-11    
1.60176e+04    9.67570e-12    
1.62893e+04    9.20610e-12    
1.65656e+04    8.75927e-12    
1.68466e+04    8.33412e-12    
1.71324e+04    7.92958e-12    
1.74229e+04    7.54467e-12    
1.77185e+04    7.17843e-12    
1.80190e+04    6.82995e-12    
1.83246e+04    6.49838e-12    
1.86355e+04    6.18290e-12    
1.89516e+04    5.88272e-12    
1.92730e+04    5.59710e-12    
1.95999e+04    5.32534e-12    
1.99324e+04    5.06677e-12    
2.02705e+04    4.82074e-12    
2.06143e+04    4.58665e-12    
2.09639e+04    4.36392e-12    
2.13195e+04    4.15200e-12    
2.16811e+04    3.95037e-12    
2.20489e+04    3.75852e-12    
2.24229e+04    3.57598e-12    
2.28032e+04    3.40230e-12    
2.31900e+04    3.23705e-12    
2.35833e+04    3.07982e-12    
2.39833e+04    2.93022e-12    
2.43901e+04    2.78788e-12    
2.48038e+04    2.65246e-12    
2.52246e+04    2.52360e-12    
2.56524e+04    2.40101e-12    
2.60875e+04    2.28436e-12    
2.65300e+04    2.17338e-12    
2.69800e+04    2.06779e-12    
2.74377e+04    1.96732e-12    
2.79030e+04    1.87174e-12    
2.83763e+04    1.78079e-12    
2.88576e+04    1.69426e-12    
2.93471e+04    1.61193e-12    
2.98449e+04    1.53360e-12    
3.03511e+04    1.45908e-12    
3.08659e+04    1.38817e-12    
3.13895e+04    1.32071e-12    
3.19219e+04    1.25652e-12    
3.24634e+04    1.19545e-12    
3.30140e+04    1.13735e-12    
3.35740e+04    1.08207e-12    
3.41434e+04    1.02947e-12    
3.47226e+04    9.79435e-13    
3.53115e+04    9.31826e-13    
3.59105e+04    8.86530e-13    
3.65196e+04    8.43434e-13    
3.71390e+04    8.02432e-13    
3.77690e+04    7.63423e-13    
3.84096e+04    7.26308e-13    
3.90611e+04    6.90997e-13    
3.97236e+04    6.57402e-13    
4.03974e+04    6.25439e-13    
4.10826e+04    5.95030e-13    
4.17795e+04    5.66098e-13    
4.24881e+04    5.38572e-13    
4.32088e+04    5.12384e-13    
4.39417e+04    4.87468e-13    
4.46870e+04    4.63763e-13    
4.54450e+04    4.41211e-13    
4.62158e+04    4.19755e-13    
4.69997e+04    3.99341e-13    
4.77969e+04    3.79920e-13    
4.86077e+04    3.61442e-13    
4.94321e+04    3.43863e-13    
5.02706e+04    3.27139e-13    
5.11233e+04    3.11227e-13    
5.19904e+04    2.96089e-13    
5.28723e+04    2.81687e-13    
5.37691e+04    2.67985e-13    
5.46811e+04    2.54949e-13    
5.56086e+04    2.42547e-13    
5.65518e+04    2.30748e-13    
5.75110e+04    2.19523e-13    
5.84865e+04    2.08844e-13    
5.94786e+04    1.98683e-13    
6.04874e+04    1.89017e-13    
6.15134e+04    1.79821e-13    
6.25568e+04    1.71072e-13    
6.36178e+04    1.62749e-13    
6.46969e+04    1.54830e-13    
6.57943e+04    1.47296e-13    
6.69103e+04    1.40129e-13    
6.80452e+04    1.33311e-13    
6.91994e+04    1.26824e-13    
7.03731e+04    1.20652e-13    
7.15668e+04    1.14781e-13    
7.27807e+04    1.09195e-13    
7.40152e+04    1.03881e-13    
7.52706e+04    9.88256e-14    
7.65473e+04    9.40160e-14    
7.78457e+04    8.94404e-14    
7.91661e+04    8.50873e-14    
8.05089e+04    8.09460e-14    
8.18745e+04    7.70062e-14    
8.32632e+04    7.32581e-14    
8.46755e+04    6.96923e-14    
8.61118e+04    6.63000e-14    
8.75724e+04    6.30727e-14    
8.90578e+04    6.00025e-14    
9.05683e+04    5.70817e-14    
9.21046e+04    5.43029e-14    
9.36668e+04    5.16594e-14    
9.52556e+04    4.91446e-14    
9.68713e+04    4.67520e-14    
9.85144e+04    4.44760e-14    
1.00185e+05    4.23107e-14    
1.01885e+05    4.02507e-14    
1.03613e+05    3.82910e-14    
1.05370e+05    3.64267e-14    
1.07158e+05    3.46531e-14    
1.08975e+05    3.29658e-14    
1.10824e+05    3.13607e-14    
1.12703e+05    2.98337e-14    
1.14615e+05    2.83810e-14    
1.16559e+05    2.69990e-14    
1.18536e+05    2.56842e-14    
1.20547e+05    2.44335e-14    
1.22591e+05    2.32437e-14    
1.24671e+05    2.21117e-14    
1.26785e+05    2.10349e-14    
1.28936e+05    2.00105e-14    
1.31123e+05    1.90360e-14    
1.33347e+05    1.81089e-14    
1.35609e+05    1.72269e-14    
1.37909e+05    1.63879e-14    
1.40248e+05    1.55897e-14    
1.42627e+05    1.48304e-14    
1.45046e+05    1.41081e-14    
1.47506e+05    1.34209e-14    
1.50008e+05    1.27672e-14    
1.52553e+05    1.21453e-14    
1.55140e+05    1.15537e-14    
1.57772e+05    1.09909e-14    
1.60448e+05    1.04555e-14    
1.63169e+05    9.94617e-15    
1.65937e+05    9.46165e-15    
1.68752e+05    9.00073e-15    
1.71614e+05    8.56225e-15    
1.74525e+05    8.14512e-15    
1.77485e+05    7.74831e-15    
1.80496e+05    7.37082e-15    
1.83557e+05    7.01172e-15    
1.86671e+05    6.67010e-15    
1.89837e+05    6.34512e-15    
1.93057e+05    6.03598e-15    
1.96331e+05    5.74188e-15    
1.99662e+05    5.46212e-15    
2.03048e+05    5.19598e-15    
2.06492e+05    4.94280e-15    
2.09995e+05    4.70195e-15    
2.13557e+05    4.47284e-15    
2.17179e+05    4.25489e-15    
2.20863e+05    4.04755e-15    
2.24609e+05    3.85031e-15    
2.28419e+05    3.66269e-15    
2.32293e+05    3.48420e-15    
2.36233e+05    3.31441e-15    
2.40240e+05    3.15288e-15    
2.44315e+05    2.99923e-15    
2.48459e+05    2.85307e-15    
2.52673e+05    2.71402e-15    
2.56959e+05    2.58175e-15    
2.61318e+05    2.45592e-15    
2.65750e+05    2.33623e-15    
2.70258e+05    2.22236e-15    
2.74842e+05    2.11405e-15    
2.79504e+05    2.01101e-15    
2.84244e+05    1.91299e-15    
2.89066e+05    1.81975e-15    
2.93969e+05    1.73105e-15    
2.98955e+05    1.64667e-15    
3.04026e+05    1.56641e-15    
3.09183e+05    1.49005e-15    
3.14427e+05    1.41742e-15    
3.19760e+05    1.34832e-15    
3.25184e+05    1.28260e-15    
3.30700e+05    1.22007e-15    
3.36309e+05    1.16060e-15    
3.42013e+05    1.10402e-15    
3.47815e+05    1.05020e-15    
3.53714e+05    9.99001e-16    
3.59714e+05    9.50299e-16    
3.65815e+05    9.03970e-16    
3.72020e+05    8.59899e-16    
3.78330e+05    8.17976e-16    
3.84747e+05    7.78096e-16    
3.91273e+05    7.40160e-16    
3.97910e+05    7.04074e-16    
4.04659e+05    6.69746e-16    
4.11523e+05    6.37091e-16    
4.18503e+05    6.06028e-16    
4.25602e+05    5.76479e-16    
4.32821e+05    5.48371e-16    
4.40162e+05    5.21632e-16    
4.47628e+05    4.96198e-16    
4.55221e+05    4.72003e-16    
4.62942e+05    4.48987e-16    
4.70794e+05    4.27093e-16    
4.78780e+05    4.06267e-16    
4.86901e+05    3.86456e-16    
4.95160e+05    3.67611e-16    
5.03558e+05    3.49684e-16    
5.12100e+05    3.32632e-16    
5.20786e+05    3.16411e-16    
5.29619e+05    3.00981e-16    
5.38603e+05    2.86303e-16    
5.47738e+05    2.72340e-16    
5.57029e+05    2.59059e-16    
5.66477e+05    2.46424e-16    
5.76086e+05    2.34406e-16    
5.85857e+05    2.22974e-16    
5.95794e+05    2.12100e-16    
6.05900e+05    2.01755e-16    
6.16177e+05    1.91915e-16    
6.26629e+05    1.82555e-16    
6.37257e+05    1.73651e-16    
6.48066e+05    1.65181e-16    
6.59059e+05    1.57125e-16    
6.70238e+05    1.49461e-16    
6.81606e+05    1.42171e-16    
6.93167e+05    1.35236e-16    
7.04925e+05    1.28640e-16    
7.16881e+05    1.22365e-16    
7.29041e+05    1.16396e-16    
7.41407e+05    1.10719e-16    
7.53982e+05    1.05318e-16    
7.66771e+05    1.00181e-16    
7.79777e+05    9.52937e-17    
7.93004e+05    9.06452e-17    
8.06454e+05    8.62234e-17    
8.20133e+05    8.20172e-17    
8.34044e+05    7.80162e-17    
8.48191e+05    7.42103e-17    
8.62578e+05    7.05901e-17    
8.77209e+05    6.71464e-17    
8.92088e+05    6.38707e-17    
9.07219e+05    6.07547e-17    
9.22607e+05    5.77907e-17    
9.38256e+05    5.49713e-17    
9.54171e+05    5.22895e-17    
9.70355e+05    4.97384e-17    
9.86814e+05    4.73118e-17    
1.00355e+06    4.50035e-17    
1.02057e+06    4.28078e-17    
1.03789e+06    4.07192e-17    
1.05549e+06    3.87325e-17    
1.07339e+06    3.68428e-17    
1.09160e+06    3.50452e-17    
1.11011e+06    3.33353e-17    
1.12894e+06    3.17088e-17    
1.14809e+06    3.01616e-17    
1.16757e+06    2.86899e-17    
1.18737e+06    2.72901e-17    
1.20751e+06    2.59585e-17    
1.22799e+06    2.46918e-17    
1.24882e+06    2.34870e-17    
1.27000e+06    2.23409e-17    
1.29155e+06    2.12508e-17    
1.31345e+06    2.02138e-17    
1.33573e+06    1.92274e-17    
1.35839e+06    1.82892e-17    
1.38143e+06    1.73967e-17    
1.40486e+06    1.65478e-17    
1.42869e+06    1.57403e-17    
1.45292e+06    1.49722e-17    
1.47757e+06    1.42415e-17    
1.50263e+06    1.35465e-17    
1.52812e+06    1.28855e-17    
1.55403e+06    1.22566e-17    
1.58039e+06    1.16585e-17    
1.60720e+06    1.10895e-17    
1.63446e+06    1.05483e-17    
1.66218e+06    1.00335e-17    
1.69038e+06    9.54388e-18    
1.71905e+06    9.07810e-18    
1.74821e+06    8.63505e-18    
1.77786e+06    8.21362e-18    
1.80802e+06    7.81275e-18    
1.83868e+06    7.43145e-18    
1.86987e+06    7.06875e-18    
1.90159e+06    6.72375e-18    
1.93384e+06    6.39558e-18    
1.96664e+06    6.08343e-18    
2.00000e+06    5.78651e-18    

