# USINE V4.0
# File generated 13-05-2022 09:46:20
# Model1DKisoVc
# P
# SolMod0DFF_phi0_770GV
# R [GV]       TOA [GV m^{2} s sr]^{-1}
8.91884e-02    4.14424e-06    
9.07153e-02    4.35912e-06    
9.22684e-02    4.58511e-06    
9.38480e-02    4.82278e-06    
9.54548e-02    5.07274e-06    
9.70890e-02    5.33561e-06    
9.87512e-02    5.61206e-06    
1.00442e-01    5.90279e-06    
1.02161e-01    6.20853e-06    
1.03910e-01    6.53005e-06    
1.05689e-01    6.86817e-06    
1.07499e-01    7.22373e-06    
1.09339e-01    7.59764e-06    
1.11211e-01    7.99083e-06    
1.13115e-01    8.40430e-06    
1.15052e-01    8.83907e-06    
1.17021e-01    9.29626e-06    
1.19025e-01    9.77699e-06    
1.21063e-01    1.02825e-05    
1.23135e-01    1.08140e-05    
1.25243e-01    1.13729e-05    
1.27388e-01    1.19606e-05    
1.29569e-01    1.25784e-05    
1.31787e-01    1.32281e-05    
1.34043e-01    1.39112e-05    
1.36338e-01    1.46293e-05    
1.38672e-01    1.53844e-05    
1.41046e-01    1.61782e-05    
1.43461e-01    1.70129e-05    
1.45917e-01    1.78903e-05    
1.48415e-01    1.88128e-05    
1.50956e-01    1.97826e-05    
1.53541e-01    2.08021e-05    
1.56169e-01    2.18739e-05    
1.58843e-01    2.30005e-05    
1.61562e-01    2.41849e-05    
1.64328e-01    2.54299e-05    
1.67142e-01    2.67386e-05    
1.70003e-01    2.81143e-05    
1.72914e-01    2.95603e-05    
1.75874e-01    3.10801e-05    
1.78885e-01    3.26776e-05    
1.81948e-01    3.43567e-05    
1.85063e-01    3.61215e-05    
1.88231e-01    3.79762e-05    
1.91454e-01    3.99256e-05    
1.94731e-01    4.19742e-05    
1.98065e-01    4.41272e-05    
2.01456e-01    4.63898e-05    
2.04905e-01    4.87669e-05    
2.08413e-01    5.12641e-05    
2.11981e-01    5.38874e-05    
2.15610e-01    5.66430e-05    
2.19302e-01    5.95373e-05    
2.23056e-01    6.25772e-05    
2.26875e-01    6.57698e-05    
2.30759e-01    6.91225e-05    
2.34710e-01    7.26432e-05    
2.38728e-01    7.63400e-05    
2.42815e-01    8.02213e-05    
2.46972e-01    8.42962e-05    
2.51201e-01    8.85739e-05    
2.55501e-01    9.30642e-05    
2.59876e-01    9.77773e-05    
2.64325e-01    1.02724e-04    
2.68850e-01    1.07915e-04    
2.73453e-01    1.13362e-04    
2.78134e-01    1.19077e-04    
2.82896e-01    1.25073e-04    
2.87739e-01    1.31362e-04    
2.92666e-01    1.37960e-04    
2.97676e-01    1.44879e-04    
3.02772e-01    1.52136e-04    
3.07956e-01    1.59744e-04    
3.13228e-01    1.67721e-04    
3.18591e-01    1.76084e-04    
3.24045e-01    1.84849e-04    
3.29593e-01    1.94036e-04    
3.35236e-01    2.03663e-04    
3.40975e-01    2.13749e-04    
3.46813e-01    2.24315e-04    
3.52750e-01    2.35382e-04    
3.58789e-01    2.46973e-04    
3.64932e-01    2.59110e-04    
3.71180e-01    2.71817e-04    
3.77535e-01    2.85117e-04    
3.83998e-01    2.99038e-04    
3.90572e-01    3.13604e-04    
3.97259e-01    3.28842e-04    
4.04060e-01    3.44782e-04    
4.10978e-01    3.61451e-04    
4.18014e-01    3.78880e-04    
4.25170e-01    3.97099e-04    
4.32449e-01    4.16140e-04    
4.39853e-01    4.36035e-04    
4.47384e-01    4.56818e-04    
4.55043e-01    4.78523e-04    
4.62833e-01    5.01186e-04    
4.70757e-01    5.24842e-04    
4.78817e-01    5.49529e-04    
4.87014e-01    5.75284e-04    
4.95352e-01    6.02146e-04    
5.03833e-01    6.30154e-04    
5.12459e-01    6.59348e-04    
5.21232e-01    6.89769e-04    
5.30156e-01    7.21458e-04    
5.39232e-01    7.54458e-04    
5.48464e-01    7.88810e-04    
5.57854e-01    8.24557e-04    
5.67404e-01    8.61742e-04    
5.77119e-01    9.00409e-04    
5.86999e-01    9.40600e-04    
5.97049e-01    9.82360e-04    
6.07270e-01    1.02573e-03    
6.17667e-01    1.07075e-03    
6.28242e-01    1.11748e-03    
6.38997e-01    1.16593e-03    
6.49937e-01    1.21617e-03    
6.61064e-01    1.26823e-03    
6.72382e-01    1.32214e-03    
6.83893e-01    1.37795e-03    
6.95602e-01    1.43570e-03    
7.07511e-01    1.49540e-03    
7.19624e-01    1.55711e-03    
7.31944e-01    1.62084e-03    
7.44475e-01    1.68663e-03    
7.57221e-01    1.75449e-03    
7.70185e-01    1.82445e-03    
7.83370e-01    1.89653e-03    
7.96782e-01    1.97074e-03    
8.10423e-01    2.04710e-03    
8.24298e-01    2.12559e-03    
8.38410e-01    2.20624e-03    
8.52764e-01    2.28903e-03    
8.67363e-01    2.37395e-03    
8.82213e-01    2.46100e-03    
8.97317e-01    2.55014e-03    
9.12679e-01    2.64135e-03    
9.28305e-01    2.73460e-03    
9.44197e-01    2.82984e-03    
9.60362e-01    2.92703e-03    
9.76804e-01    3.02611e-03    
9.93527e-01    3.12702e-03    
1.01054e+00    3.22969e-03    
1.02784e+00    3.33402e-03    
1.04543e+00    3.43995e-03    
1.06333e+00    3.54736e-03    
1.08154e+00    3.65615e-03    
1.10005e+00    3.76620e-03    
1.11889e+00    3.87739e-03    
1.13804e+00    3.98957e-03    
1.15753e+00    4.10261e-03    
1.17734e+00    4.21633e-03    
1.19750e+00    4.33058e-03    
1.21800e+00    4.44516e-03    
1.23885e+00    4.55990e-03    
1.26006e+00    4.67459e-03    
1.28164e+00    4.78902e-03    
1.30358e+00    4.90298e-03    
1.32590e+00    5.01625e-03    
1.34860e+00    5.12859e-03    
1.37168e+00    5.23978e-03    
1.39517e+00    5.34956e-03    
1.41905e+00    5.45771e-03    
1.44335e+00    5.56397e-03    
1.46806e+00    5.66810e-03    
1.49319e+00    5.76987e-03    
1.51876e+00    5.86903e-03    
1.54476e+00    5.96535e-03    
1.57120e+00    6.05862e-03    
1.59810e+00    6.14862e-03    
1.62546e+00    6.23514e-03    
1.65329e+00    6.31799e-03    
1.68160e+00    6.39696e-03    
1.71039e+00    6.47188e-03    
1.73967e+00    6.54257e-03    
1.76945e+00    6.60884e-03    
1.79975e+00    6.67055e-03    
1.83056e+00    6.72753e-03    
1.86190e+00    6.77963e-03    
1.89378e+00    6.82670e-03    
1.92620e+00    6.86859e-03    
1.95917e+00    6.90516e-03    
1.99272e+00    6.93627e-03    
2.02683e+00    6.96180e-03    
2.06153e+00    6.98167e-03    
2.09683e+00    6.99579e-03    
2.13273e+00    7.00413e-03    
2.16924e+00    7.00665e-03    
2.20638e+00    7.00338e-03    
2.24415e+00    6.99435e-03    
2.28257e+00    6.97964e-03    
2.32165e+00    6.95938e-03    
2.36140e+00    6.93376e-03    
2.40182e+00    6.90295e-03    
2.44294e+00    6.86718e-03    
2.48477e+00    6.82664e-03    
2.52731e+00    6.78157e-03    
2.57058e+00    6.73217e-03    
2.61459e+00    6.67867e-03    
2.65935e+00    6.62128e-03    
2.70488e+00    6.56018e-03    
2.75119e+00    6.49557e-03    
2.79829e+00    6.42762e-03    
2.84619e+00    6.35647e-03    
2.89492e+00    6.28225e-03    
2.94448e+00    6.20512e-03    
2.99489e+00    6.12517e-03    
3.04617e+00    6.04253e-03    
3.09832e+00    5.95729e-03    
3.15136e+00    5.86956e-03    
3.20532e+00    5.77941e-03    
3.26019e+00    5.68694e-03    
3.31601e+00    5.59224e-03    
3.37278e+00    5.49541e-03    
3.43052e+00    5.39656e-03    
3.48925e+00    5.29583e-03    
3.54899e+00    5.19340e-03    
3.60975e+00    5.08946e-03    
3.67155e+00    4.98427e-03    
3.73441e+00    4.87809e-03    
3.79834e+00    4.77124e-03    
3.86337e+00    4.66403e-03    
3.92951e+00    4.55673e-03    
3.99679e+00    4.44962e-03    
4.06522e+00    4.34295e-03    
4.13481e+00    4.23693e-03    
4.20560e+00    4.13173e-03    
4.27760e+00    4.02748e-03    
4.35084e+00    3.92431e-03    
4.42533e+00    3.82228e-03    
4.50109e+00    3.72149e-03    
4.57815e+00    3.62198e-03    
4.65653e+00    3.52382e-03    
4.73625e+00    3.42705e-03    
4.81734e+00    3.33169e-03    
4.89981e+00    3.23779e-03    
4.98370e+00    3.14537e-03    
5.06902e+00    3.05445e-03    
5.15580e+00    2.96506e-03    
5.24407e+00    2.87720e-03    
5.33385e+00    2.79091e-03    
5.42517e+00    2.70619e-03    
5.51805e+00    2.62305e-03    
5.61252e+00    2.54152e-03    
5.70861e+00    2.46159e-03    
5.80634e+00    2.38327e-03    
5.90575e+00    2.30658e-03    
6.00686e+00    2.23151e-03    
6.10970e+00    2.15808e-03    
6.21430e+00    2.08628e-03    
6.32069e+00    2.01612e-03    
6.42890e+00    1.94762e-03    
6.53896e+00    1.88076e-03    
6.65091e+00    1.81555e-03    
6.76478e+00    1.75198e-03    
6.88059e+00    1.69006e-03    
6.99839e+00    1.62978e-03    
7.11821e+00    1.57114e-03    
7.24007e+00    1.51413e-03    
7.36403e+00    1.45876e-03    
7.49010e+00    1.40500e-03    
7.61833e+00    1.35286e-03    
7.74876e+00    1.30231e-03    
7.88142e+00    1.25335e-03    
8.01636e+00    1.20595e-03    
8.15360e+00    1.16010e-03    
8.29319e+00    1.11579e-03    
8.43517e+00    1.07299e-03    
8.57959e+00    1.03170e-03    
8.72647e+00    9.91894e-04    
8.87587e+00    9.53556e-04    
9.02783e+00    9.16658e-04    
9.18239e+00    8.81169e-04    
9.33959e+00    8.47054e-04    
9.49949e+00    8.14275e-04    
9.66213e+00    7.82785e-04    
9.82754e+00    7.52532e-04    
9.99580e+00    7.23451e-04    
1.01669e+01    6.95481e-04    
1.03410e+01    6.68563e-04    
1.05180e+01    6.42645e-04    
1.06981e+01    6.17676e-04    
1.08813e+01    5.93611e-04    
1.10675e+01    5.70408e-04    
1.12570e+01    5.48031e-04    
1.14498e+01    5.26447e-04    
1.16458e+01    5.05631e-04    
1.18452e+01    4.85563e-04    
1.20479e+01    4.66222e-04    
1.22542e+01    4.47588e-04    
1.24640e+01    4.29638e-04    
1.26774e+01    4.12354e-04    
1.28944e+01    3.95716e-04    
1.31152e+01    3.79702e-04    
1.33397e+01    3.64294e-04    
1.35681e+01    3.49470e-04    
1.38004e+01    3.35212e-04    
1.40367e+01    3.21498e-04    
1.42770e+01    3.08309e-04    
1.45214e+01    2.95627e-04    
1.47700e+01    2.83432e-04    
1.50229e+01    2.71710e-04    
1.52801e+01    2.60442e-04    
1.55417e+01    2.49613e-04    
1.58078e+01    2.39207e-04    
1.60784e+01    2.29208e-04    
1.63537e+01    2.19604e-04    
1.66336e+01    2.10379e-04    
1.69184e+01    2.01519e-04    
1.72081e+01    1.93013e-04    
1.75027e+01    1.84846e-04    
1.78023e+01    1.77007e-04    
1.81071e+01    1.69482e-04    
1.84171e+01    1.62262e-04    
1.87324e+01    1.55334e-04    
1.90531e+01    1.48687e-04    
1.93793e+01    1.42311e-04    
1.97111e+01    1.36196e-04    
2.00486e+01    1.30332e-04    
2.03918e+01    1.24709e-04    
2.07409e+01    1.19318e-04    
2.10960e+01    1.14152e-04    
2.14572e+01    1.09201e-04    
2.18245e+01    1.04462e-04    
2.21982e+01    9.99237e-05    
2.25782e+01    9.55741e-05    
2.29648e+01    9.14058e-05    
2.33579e+01    8.74120e-05    
2.37578e+01    8.35857e-05    
2.41646e+01    7.99203e-05    
2.45783e+01    7.64094e-05    
2.49990e+01    7.30469e-05    
2.54270e+01    6.98267e-05    
2.58624e+01    6.67433e-05    
2.63051e+01    6.37911e-05    
2.67555e+01    6.09648e-05    
2.72135e+01    5.82592e-05    
2.76794e+01    5.56696e-05    
2.81533e+01    5.31911e-05    
2.86353e+01    5.08193e-05    
2.91256e+01    4.85497e-05    
2.96242e+01    4.63781e-05    
3.01314e+01    4.43005e-05    
3.06472e+01    4.23131e-05    
3.11719e+01    4.04120e-05    
3.17056e+01    3.85937e-05    
3.22484e+01    3.68547e-05    
3.28005e+01    3.51917e-05    
3.33621e+01    3.36015e-05    
3.39333e+01    3.20811e-05    
3.45142e+01    3.06276e-05    
3.51051e+01    2.92380e-05    
3.57061e+01    2.79097e-05    
3.63174e+01    2.66401e-05    
3.69392e+01    2.54267e-05    
3.75716e+01    2.42670e-05    
3.82148e+01    2.31589e-05    
3.88691e+01    2.21001e-05    
3.95345e+01    2.10884e-05    
4.02114e+01    2.01219e-05    
4.08998e+01    1.91986e-05    
4.16000e+01    1.83166e-05    
4.23122e+01    1.74741e-05    
4.30366e+01    1.66695e-05    
4.37734e+01    1.59010e-05    
4.45228e+01    1.51672e-05    
4.52851e+01    1.44664e-05    
4.60604e+01    1.37973e-05    
4.68489e+01    1.31585e-05    
4.76510e+01    1.25485e-05    
4.84668e+01    1.19663e-05    
4.92966e+01    1.14105e-05    
5.01406e+01    1.08799e-05    
5.09990e+01    1.03736e-05    
5.18721e+01    9.89028e-06    
5.27602e+01    9.42906e-06    
5.36634e+01    8.98891e-06    
5.45822e+01    8.56892e-06    
5.55166e+01    8.16817e-06    
5.64671e+01    7.78580e-06    
5.74338e+01    7.42100e-06    
5.84171e+01    7.07298e-06    
5.94172e+01    6.74099e-06    
6.04345e+01    6.42430e-06    
6.14691e+01    6.12222e-06    
6.25215e+01    5.83411e-06    
6.35919e+01    5.55932e-06    
6.46806e+01    5.29725e-06    
6.57880e+01    5.04734e-06    
6.69143e+01    4.80902e-06    
6.80599e+01    4.58178e-06    
6.92251e+01    4.36510e-06    
7.04102e+01    4.15852e-06    
7.16157e+01    3.96156e-06    
7.28418e+01    3.77379e-06    
7.40889e+01    3.59478e-06    
7.53573e+01    3.42415e-06    
7.66474e+01    3.26150e-06    
7.79596e+01    3.10647e-06    
7.92943e+01    2.95870e-06    
8.06519e+01    2.81787e-06    
8.20327e+01    2.68366e-06    
8.34371e+01    2.55575e-06    
8.48656e+01    2.43387e-06    
8.63185e+01    2.31772e-06    
8.77963e+01    2.20705e-06    
8.92994e+01    2.10161e-06    
9.08282e+01    2.00114e-06    
9.23832e+01    1.90542e-06    
9.39649e+01    1.81423e-06    
9.55736e+01    1.72736e-06    
9.72098e+01    1.64460e-06    
9.88741e+01    1.56577e-06    
1.00567e+02    1.49069e-06    
1.02289e+02    1.41916e-06    
1.04040e+02    1.35104e-06    
1.05821e+02    1.28617e-06    
1.07633e+02    1.22438e-06    
1.09475e+02    1.16553e-06    
1.11350e+02    1.10950e-06    
1.13256e+02    1.05614e-06    
1.15195e+02    1.00532e-06    
1.17167e+02    9.56941e-07    
1.19173e+02    9.10874e-07    
1.21213e+02    8.67013e-07    
1.23289e+02    8.25255e-07    
1.25399e+02    7.85499e-07    
1.27546e+02    7.47652e-07    
1.29730e+02    7.11623e-07    
1.31951e+02    6.77326e-07    
1.34210e+02    6.44679e-07    
1.36508e+02    6.13604e-07    
1.38845e+02    5.84027e-07    
1.41222e+02    5.55875e-07    
1.43640e+02    5.29083e-07    
1.46099e+02    5.03584e-07    
1.48600e+02    4.79317e-07    
1.51144e+02    4.56224e-07    
1.53732e+02    4.34249e-07    
1.56364e+02    4.13337e-07    
1.59041e+02    3.93439e-07    
1.61763e+02    3.74507e-07    
1.64533e+02    3.56492e-07    
1.67350e+02    3.39353e-07    
1.70215e+02    3.23046e-07    
1.73129e+02    3.07531e-07    
1.76093e+02    2.92771e-07    
1.79108e+02    2.78730e-07    
1.82174e+02    2.65371e-07    
1.85293e+02    2.52663e-07    
1.88465e+02    2.40574e-07    
1.91692e+02    2.29074e-07    
1.94974e+02    2.18134e-07    
1.98312e+02    2.07728e-07    
2.01707e+02    1.97828e-07    
2.05160e+02    1.88410e-07    
2.08673e+02    1.79452e-07    
2.12245e+02    1.70929e-07    
2.15879e+02    1.62821e-07    
2.19575e+02    1.55108e-07    
2.23334e+02    1.47770e-07    
2.27157e+02    1.40788e-07    
2.31046e+02    1.34145e-07    
2.35002e+02    1.27824e-07    
2.39025e+02    1.21809e-07    
2.43118e+02    1.16085e-07    
2.47280e+02    1.10638e-07    
2.51513e+02    1.05453e-07    
2.55819e+02    1.00519e-07    
2.60199e+02    9.58213e-08    
2.64654e+02    9.13494e-08    
2.69185e+02    8.70919e-08    
2.73793e+02    8.30381e-08    
2.78481e+02    7.91779e-08    
2.83248e+02    7.55016e-08    
2.88098e+02    7.20003e-08    
2.93030e+02    6.86652e-08    
2.98047e+02    6.54882e-08    
3.03149e+02    6.24615e-08    
3.08339e+02    5.95776e-08    
3.13618e+02    5.68296e-08    
3.18988e+02    5.42109e-08    
3.24449e+02    5.17151e-08    
3.30003e+02    4.93362e-08    
3.35653e+02    4.70687e-08    
3.41400e+02    4.49070e-08    
3.47244e+02    4.28461e-08    
3.53189e+02    4.08811e-08    
3.59236e+02    3.90074e-08    
3.65386e+02    3.72207e-08    
3.71642e+02    3.55168e-08    
3.78005e+02    3.38918e-08    
3.84476e+02    3.23419e-08    
3.91058e+02    3.08635e-08    
3.97754e+02    2.94533e-08    
4.04563e+02    2.81081e-08    
4.11489e+02    2.68248e-08    
4.18534e+02    2.56005e-08    
4.25700e+02    2.44324e-08    
4.32988e+02    2.33180e-08    
4.40401e+02    2.22547e-08    
4.47941e+02    2.12401e-08    
4.55609e+02    2.02720e-08    
4.63410e+02    1.93481e-08    
4.71343e+02    1.84666e-08    
4.79413e+02    1.76254e-08    
4.87621e+02    1.68226e-08    
4.95969e+02    1.60564e-08    
5.04460e+02    1.53253e-08    
5.13097e+02    1.46275e-08    
5.21881e+02    1.39616e-08    
5.30816e+02    1.33260e-08    
5.39903e+02    1.27195e-08    
5.49147e+02    1.21405e-08    
5.58548e+02    1.15880e-08    
5.68111e+02    1.10606e-08    
5.77837e+02    1.05573e-08    
5.87730e+02    1.00769e-08    
5.97792e+02    9.61836e-09    
6.08026e+02    9.18070e-09    
6.18436e+02    8.76297e-09    
6.29024e+02    8.36426e-09    
6.39793e+02    7.98369e-09    
6.50746e+02    7.62045e-09    
6.61887e+02    7.27373e-09    
6.73219e+02    6.94279e-09    
6.84745e+02    6.62691e-09    
6.96468e+02    6.32541e-09    
7.08392e+02    6.03762e-09    
7.20520e+02    5.76292e-09    
7.32855e+02    5.50072e-09    
7.45402e+02    5.25045e-09    
7.58163e+02    5.01157e-09    
7.71143e+02    4.78355e-09    
7.84346e+02    4.56590e-09    
7.97774e+02    4.35816e-09    
8.11432e+02    4.15987e-09    
8.25324e+02    3.97059e-09    
8.39454e+02    3.78993e-09    
8.53825e+02    3.61748e-09    
8.68443e+02    3.45288e-09    
8.83311e+02    3.29577e-09    
8.98434e+02    3.14581e-09    
9.13815e+02    3.00266e-09    
9.29460e+02    2.86603e-09    
9.45373e+02    2.73562e-09    
9.61558e+02    2.61114e-09    
9.78020e+02    2.49232e-09    
9.94764e+02    2.37890e-09    
1.01179e+03    2.27065e-09    
1.02912e+03    2.16732e-09    
1.04674e+03    2.06870e-09    
1.06466e+03    1.97456e-09    
1.08288e+03    1.88470e-09    
1.10142e+03    1.79893e-09    
1.12028e+03    1.71707e-09    
1.13946e+03    1.63893e-09    
1.15897e+03    1.56435e-09    
1.17881e+03    1.49316e-09    
1.19899e+03    1.42521e-09    
1.21952e+03    1.36035e-09    
1.24040e+03    1.29844e-09    
1.26163e+03    1.23935e-09    
1.28323e+03    1.18295e-09    
1.30520e+03    1.12912e-09    
1.32755e+03    1.07773e-09    
1.35027e+03    1.02869e-09    
1.37339e+03    9.81872e-10    
1.39690e+03    9.37190e-10    
1.42082e+03    8.94540e-10    
1.44515e+03    8.53832e-10    
1.46989e+03    8.14977e-10    
1.49505e+03    7.77890e-10    
1.52065e+03    7.42491e-10    
1.54668e+03    7.08703e-10    
1.57316e+03    6.76453e-10    
1.60009e+03    6.45670e-10    
1.62749e+03    6.16289e-10    
1.65535e+03    5.88245e-10    
1.68369e+03    5.61478e-10    
1.71252e+03    5.35929e-10    
1.74184e+03    5.11543e-10    
1.77166e+03    4.88267e-10    
1.80199e+03    4.66050e-10    
1.83284e+03    4.44844e-10    
1.86422e+03    4.24604e-10    
1.89613e+03    4.05285e-10    
1.92860e+03    3.86845e-10    
1.96161e+03    3.69245e-10    
1.99520e+03    3.52445e-10    
2.02936e+03    3.36410e-10    
2.06410e+03    3.21105e-10    
2.09944e+03    3.06497e-10    
2.13538e+03    2.92554e-10    
2.17194e+03    2.79245e-10    
2.20912e+03    2.66542e-10    
2.24694e+03    2.54417e-10    
2.28541e+03    2.42844e-10    
2.32454e+03    2.31798e-10    
2.36434e+03    2.21254e-10    
2.40481e+03    2.11190e-10    
2.44599e+03    2.01584e-10    
2.48786e+03    1.92416e-10    
2.53045e+03    1.83665e-10    
2.57378e+03    1.75311e-10    
2.61784e+03    1.67339e-10    
2.66266e+03    1.59728e-10    
2.70824e+03    1.52465e-10    
2.75461e+03    1.45531e-10    
2.80177e+03    1.38914e-10    
2.84974e+03    1.32597e-10    
2.89853e+03    1.26568e-10    
2.94815e+03    1.20813e-10    
2.99862e+03    1.15320e-10    
3.04996e+03    1.10077e-10    
3.10218e+03    1.05072e-10    
3.15529e+03    1.00296e-10    
3.20931e+03    9.57360e-11    
3.26425e+03    9.13840e-11    
3.32014e+03    8.72299e-11    
3.37698e+03    8.32648e-11    
3.43479e+03    7.94801e-11    
3.49360e+03    7.58676e-11    
3.55341e+03    7.24194e-11    
3.61424e+03    6.91280e-11    
3.67612e+03    6.59864e-11    
3.73906e+03    6.29877e-11    
3.80307e+03    6.01253e-11    
3.86818e+03    5.73932e-11    
3.93441e+03    5.47853e-11    
4.00177e+03    5.22960e-11    
4.07028e+03    4.99199e-11    
4.13996e+03    4.76519e-11    
4.21084e+03    4.54870e-11    
4.28293e+03    4.34206e-11    
4.35625e+03    4.14481e-11    
4.43084e+03    3.95653e-11    
4.50669e+03    3.77682e-11    
4.58385e+03    3.60527e-11    
4.66233e+03    3.44152e-11    
4.74215e+03    3.28522e-11    
4.82333e+03    3.13603e-11    
4.90591e+03    2.99361e-11    
4.98990e+03    2.85767e-11    
5.07533e+03    2.72791e-11    
5.16222e+03    2.60405e-11    
5.25060e+03    2.48582e-11    
5.34049e+03    2.37296e-11    
5.43192e+03    2.26523e-11    
5.52492e+03    2.16239e-11    
5.61951e+03    2.06423e-11    
5.71572e+03    1.97053e-11    
5.81357e+03    1.88109e-11    
5.91310e+03    1.79571e-11    
6.01434e+03    1.71422e-11    
6.11730e+03    1.63642e-11    
6.22203e+03    1.56216e-11    
6.32856e+03    1.49127e-11    
6.43690e+03    1.42361e-11    
6.54710e+03    1.35901e-11    
6.65919e+03    1.29735e-11    
6.77320e+03    1.23850e-11    
6.88916e+03    1.18231e-11    
7.00711e+03    1.12868e-11    
7.12707e+03    1.07748e-11    
7.24909e+03    1.02861e-11    
7.37319e+03    9.81955e-12    
7.49943e+03    9.37421e-12    
7.62782e+03    8.94908e-12    
7.75841e+03    8.54327e-12    
7.89124e+03    8.15587e-12    
8.02634e+03    7.78606e-12    
8.16375e+03    7.43304e-12    
8.30352e+03    7.09605e-12    
8.44567e+03    6.77435e-12    
8.59027e+03    6.46726e-12    
8.73734e+03    6.17410e-12    
8.88692e+03    5.89425e-12    
9.03907e+03    5.62710e-12    
9.19382e+03    5.37208e-12    
9.35122e+03    5.12862e-12    
9.51132e+03    4.89621e-12    
9.67415e+03    4.67435e-12    
9.83978e+03    4.46255e-12    
1.00082e+04    4.26037e-12    
1.01796e+04    4.06735e-12    
1.03539e+04    3.88309e-12    
1.05311e+04    3.70719e-12    
1.07114e+04    3.53927e-12    
1.08948e+04    3.37896e-12    
1.10813e+04    3.22592e-12    
1.12710e+04    3.07983e-12    
1.14640e+04    2.94036e-12    
1.16603e+04    2.80721e-12    
1.18599e+04    2.68010e-12    
1.20629e+04    2.55875e-12    
1.22695e+04    2.44291e-12    
1.24795e+04    2.33231e-12    
1.26932e+04    2.22673e-12    
1.29105e+04    2.12594e-12    
1.31315e+04    2.02971e-12    
1.33563e+04    1.93785e-12    
1.35850e+04    1.85015e-12    
1.38176e+04    1.76642e-12    
1.40541e+04    1.68649e-12    
1.42948e+04    1.61018e-12    
1.45395e+04    1.53733e-12    
1.47884e+04    1.46777e-12    
1.50416e+04    1.40137e-12    
1.52991e+04    1.33798e-12    
1.55610e+04    1.27746e-12    
1.58274e+04    1.21968e-12    
1.60984e+04    1.16451e-12    
1.63740e+04    1.11185e-12    
1.66544e+04    1.06157e-12    
1.69395e+04    1.01357e-12    
1.72295e+04    9.67738e-13    
1.75245e+04    9.23984e-13    
1.78245e+04    8.82210e-13    
1.81296e+04    8.42328e-13    
1.84400e+04    8.04252e-13    
1.87557e+04    7.67899e-13    
1.90768e+04    7.33191e-13    
1.94034e+04    7.00055e-13    
1.97356e+04    6.68418e-13    
2.00735e+04    6.38213e-13    
2.04172e+04    6.09374e-13    
2.07667e+04    5.81841e-13    
2.11223e+04    5.55553e-13    
2.14839e+04    5.30455e-13    
2.18517e+04    5.06492e-13    
2.22258e+04    4.83613e-13    
2.26063e+04    4.61770e-13    
2.29933e+04    4.40914e-13    
2.33870e+04    4.21001e-13    
2.37874e+04    4.01989e-13    
2.41946e+04    3.83837e-13    
2.46089e+04    3.66506e-13    
2.50302e+04    3.49958e-13    
2.54587e+04    3.34159e-13    
2.58946e+04    3.19073e-13    
2.63379e+04    3.04670e-13    
2.67888e+04    2.90918e-13    
2.72474e+04    2.77788e-13    
2.77139e+04    2.65251e-13    
2.81884e+04    2.53280e-13    
2.86710e+04    2.41851e-13    
2.91618e+04    2.30938e-13    
2.96611e+04    2.20518e-13    
3.01689e+04    2.10569e-13    
3.06854e+04    2.01070e-13    
3.12107e+04    1.91999e-13    
3.17451e+04    1.83339e-13    
3.22886e+04    1.75069e-13    
3.28414e+04    1.67173e-13    
3.34036e+04    1.59634e-13    
3.39755e+04    1.52436e-13    
3.45572e+04    1.45562e-13    
3.51488e+04    1.38999e-13    
3.57506e+04    1.32732e-13    
3.63626e+04    1.26748e-13    
3.69852e+04    1.21034e-13    
3.76184e+04    1.15578e-13    
3.82624e+04    1.10369e-13    
3.89175e+04    1.05394e-13    
3.95837e+04    1.00644e-13    
4.02614e+04    9.61088e-14    
4.09507e+04    9.17780e-14    
4.16518e+04    8.76426e-14    
4.23649e+04    8.36938e-14    
4.30902e+04    7.99231e-14    
4.38279e+04    7.63226e-14    
4.45783e+04    7.28846e-14    
4.53415e+04    6.96016e-14    
4.61177e+04    6.64667e-14    
4.69073e+04    6.34732e-14    
4.77103e+04    6.06147e-14    
4.85272e+04    5.78851e-14    
4.93580e+04    5.52786e-14    
5.02030e+04    5.27897e-14    
5.10625e+04    5.04130e-14    
5.19367e+04    4.81434e-14    
5.28258e+04    4.59762e-14    
5.37302e+04    4.39066e-14    
5.46501e+04    4.19304e-14    
5.55858e+04    4.00432e-14    
5.65374e+04    3.82410e-14    
5.75053e+04    3.65201e-14    
5.84898e+04    3.48768e-14    
5.94912e+04    3.33075e-14    
6.05097e+04    3.18089e-14    
6.15457e+04    3.03778e-14    
6.25994e+04    2.90112e-14    
6.36711e+04    2.77062e-14    
6.47611e+04    2.64600e-14    
6.58699e+04    2.52699e-14    
6.69976e+04    2.41334e-14    
6.81446e+04    2.30480e-14    
6.93113e+04    2.20116e-14    
7.04979e+04    2.10218e-14    
7.17048e+04    2.00766e-14    
7.29325e+04    1.91740e-14    
7.41811e+04    1.83120e-14    
7.54511e+04    1.74888e-14    
7.67428e+04    1.67026e-14    
7.80567e+04    1.59519e-14    
7.93931e+04    1.52349e-14    
8.07523e+04    1.45502e-14    
8.21348e+04    1.38963e-14    
8.35410e+04    1.32719e-14    
8.49712e+04    1.26755e-14    
8.64260e+04    1.21060e-14    
8.79056e+04    1.15621e-14    
8.94106e+04    1.10427e-14    
9.09413e+04    1.05466e-14    
9.24983e+04    1.00729e-14    
9.40819e+04    9.62044e-15    
9.56926e+04    9.18835e-15    
9.73309e+04    8.77569e-15    
9.89972e+04    8.38160e-15    
1.00692e+05    8.00522e-15    
1.02416e+05    7.64577e-15    
1.04169e+05    7.30248e-15    
1.05953e+05    6.97463e-15    
1.07767e+05    6.66151e-15    
1.09612e+05    6.36247e-15    
1.11488e+05    6.07687e-15    
1.13397e+05    5.80411e-15    
1.15338e+05    5.54361e-15    
1.17313e+05    5.29482e-15    
1.19321e+05    5.05720e-15    
1.21364e+05    4.83027e-15    
1.23442e+05    4.61353e-15    
1.25555e+05    4.40653e-15    
1.27705e+05    4.20883e-15    
1.29891e+05    4.02001e-15    
1.32115e+05    3.83967e-15    
1.34377e+05    3.66743e-15    
1.36678e+05    3.50293e-15    
1.39018e+05    3.34582e-15    
1.41398e+05    3.19576e-15    
1.43818e+05    3.05245e-15    
1.46281e+05    2.91556e-15    
1.48785e+05    2.78483e-15    
1.51332e+05    2.65996e-15    
1.53923e+05    2.54070e-15    
1.56558e+05    2.42680e-15    
1.59239e+05    2.31800e-15    
1.61965e+05    2.21409e-15    
1.64738e+05    2.11485e-15    
1.67558e+05    2.02006e-15    
1.70427e+05    1.92952e-15    
1.73344e+05    1.84305e-15    
1.76312e+05    1.76045e-15    
1.79331e+05    1.68157e-15    
1.82401e+05    1.60622e-15    
1.85524e+05    1.53425e-15    
1.88700e+05    1.46551e-15    
1.91930e+05    1.39985e-15    
1.95216e+05    1.33714e-15    
1.98559e+05    1.27725e-15    
2.01958e+05    1.22004e-15    
2.05416e+05    1.16539e-15    
2.08932e+05    1.11320e-15    
2.12509e+05    1.06334e-15    
2.16148e+05    1.01572e-15    
2.19848e+05    9.70239e-16    
2.23612e+05    9.26795e-16    
2.27440e+05    8.85298e-16    
2.31334e+05    8.45662e-16    
2.35295e+05    8.07802e-16    
2.39323e+05    7.71639e-16    
2.43420e+05    7.37098e-16    
2.47588e+05    7.04104e-16    
2.51826e+05    6.72589e-16    
2.56138e+05    6.42486e-16    
2.60523e+05    6.13732e-16    
2.64983e+05    5.86267e-16    
2.69520e+05    5.60032e-16    
2.74134e+05    5.34972e-16    
2.78827e+05    5.11036e-16    
2.83601e+05    4.88171e-16    
2.88456e+05    4.66331e-16    
2.93395e+05    4.45469e-16    
2.98418e+05    4.25541e-16    
3.03527e+05    4.06506e-16    
3.08723e+05    3.88323e-16    
3.14009e+05    3.70955e-16    
3.19385e+05    3.54364e-16    
3.24853e+05    3.38516e-16    
3.30414e+05    3.23378e-16    
3.36071e+05    3.08917e-16    
3.41825e+05    2.95104e-16    
3.47677e+05    2.81909e-16    
3.53629e+05    2.69305e-16    
3.59683e+05    2.57265e-16    
3.65841e+05    2.45764e-16    
3.72105e+05    2.34778e-16    
3.78475e+05    2.24283e-16    
3.84955e+05    2.14258e-16    
3.91545e+05    2.04682e-16    
3.98249e+05    1.95534e-16    
4.05067e+05    1.86795e-16    
4.12002e+05    1.78448e-16    
4.19055e+05    1.70473e-16    
4.26230e+05    1.62856e-16    
4.33527e+05    1.55579e-16    
4.40949e+05    1.48628e-16    
4.48498e+05    1.41988e-16    
4.56177e+05    1.35645e-16    
4.63987e+05    1.29585e-16    
4.71930e+05    1.23796e-16    
4.80010e+05    1.18267e-16    
4.88228e+05    1.12984e-16    
4.96586e+05    1.07938e-16    
5.05088e+05    1.03117e-16    
5.13735e+05    9.85122e-17    
5.22531e+05    9.41130e-17    
5.31476e+05    8.99104e-17    
5.40576e+05    8.58957e-17    
5.49830e+05    8.20604e-17    
5.59244e+05    7.83966e-17    
5.68818e+05    7.48965e-17    
5.78556e+05    7.15529e-17    
5.88461e+05    6.83587e-17    
5.98536e+05    6.53072e-17    
6.08783e+05    6.23921e-17    
6.19206e+05    5.96072e-17    
6.29807e+05    5.69468e-17    
6.40589e+05    5.44052e-17    
6.51556e+05    5.19772e-17    
6.62711e+05    4.96576e-17    
6.74057e+05    4.74417e-17    
6.85597e+05    4.53248e-17    
6.97335e+05    4.33024e-17    
7.09274e+05    4.13703e-17    
7.21417e+05    3.95245e-17    
7.33767e+05    3.77612e-17    
7.46330e+05    3.60766e-17    
7.59107e+05    3.44673e-17    
7.72103e+05    3.29298e-17    
7.85322e+05    3.14609e-17    
7.98767e+05    3.00576e-17    
8.12442e+05    2.87170e-17    
8.26351e+05    2.74363e-17    
8.40499e+05    2.62127e-17    
8.54888e+05    2.50437e-17    
8.69524e+05    2.39270e-17    
8.84411e+05    2.28600e-17    
8.99552e+05    2.18407e-17    
9.14953e+05    2.08669e-17    
9.30617e+05    1.99365e-17    
9.46550e+05    1.90477e-17    
9.62755e+05    1.81985e-17    
9.79238e+05    1.73873e-17    
9.96003e+05    1.66122e-17    
1.01305e+06    1.58717e-17    
1.03040e+06    1.51642e-17    
1.04804e+06    1.44883e-17    
1.06598e+06    1.38426e-17    
1.08423e+06    1.32257e-17    
1.10279e+06    1.26362e-17    
1.12167e+06    1.20731e-17    
1.14088e+06    1.15351e-17    
1.16041e+06    1.10211e-17    
1.18028e+06    1.05300e-17    
1.20048e+06    1.00609e-17    
1.22104e+06    9.61260e-18    
1.24194e+06    9.18433e-18    
1.26320e+06    8.77517e-18    
1.28483e+06    8.38424e-18    
1.30683e+06    8.01075e-18    
1.32920e+06    7.65391e-18    
1.35196e+06    7.31298e-18    
1.37510e+06    6.98725e-18    
1.39864e+06    6.67604e-18    
1.42259e+06    6.37870e-18    
1.44694e+06    6.09462e-18    
1.47172e+06    5.82320e-18    
1.49691e+06    5.56388e-18    
1.52254e+06    5.31611e-18    
1.54861e+06    5.07939e-18    
1.57512e+06    4.85322e-18    
1.60209e+06    4.63713e-18    
1.62951e+06    4.43067e-18    
1.65741e+06    4.23340e-18    
1.68579e+06    4.04493e-18    
1.71465e+06    3.86486e-18    
1.74400e+06    3.69281e-18    
1.77386e+06    3.52842e-18    
1.80423e+06    3.37136e-18    
1.83512e+06    3.22130e-18    
1.86654e+06    3.07792e-18    
1.89849e+06    2.94092e-18    
1.93100e+06    2.81003e-18    
1.96406e+06    2.68497e-18    
1.99768e+06    2.56548e-18    
2.03188e+06    2.45132e-18    
2.06667e+06    2.34223e-18    

