# USINE V4.0
# File generated 13-05-2022 09:46:19
# Model1DKisoVc
# O
# SolMod0DFF_phi0_770GV
# R [GV]       TOA [GV m^{2} s sr]^{-1}
9.71391e-02    1.27251e-03    
9.87904e-02    1.33774e-03    
1.00470e-01    1.40630e-03    
1.02178e-01    1.47836e-03    
1.03915e-01    1.55409e-03    
1.05681e-01    1.63368e-03    
1.07478e-01    1.71733e-03    
1.09305e-01    1.80525e-03    
1.11163e-01    1.89764e-03    
1.13053e-01    1.99474e-03    
1.14975e-01    2.09677e-03    
1.16930e-01    2.20400e-03    
1.18917e-01    2.31669e-03    
1.20939e-01    2.43510e-03    
1.22995e-01    2.55953e-03    
1.25086e-01    2.69029e-03    
1.27212e-01    2.82768e-03    
1.29375e-01    2.97205e-03    
1.31574e-01    3.12375e-03    
1.33811e-01    3.28314e-03    
1.36086e-01    3.45061e-03    
1.38399e-01    3.62657e-03    
1.40752e-01    3.81145e-03    
1.43145e-01    4.00568e-03    
1.45578e-01    4.20975e-03    
1.48053e-01    4.42414e-03    
1.50570e-01    4.64937e-03    
1.53130e-01    4.88598e-03    
1.55733e-01    5.13454e-03    
1.58381e-01    5.39566e-03    
1.61073e-01    5.66995e-03    
1.63811e-01    5.95807e-03    
1.66596e-01    6.26072e-03    
1.69428e-01    6.57861e-03    
1.72308e-01    6.91251e-03    
1.75238e-01    7.26320e-03    
1.78217e-01    7.63154e-03    
1.81246e-01    8.01839e-03    
1.84328e-01    8.42467e-03    
1.87461e-01    8.85134e-03    
1.90648e-01    9.29941e-03    
1.93889e-01    9.76995e-03    
1.97185e-01    1.02641e-02    
2.00537e-01    1.07829e-02    
2.03946e-01    1.13276e-02    
2.07414e-01    1.18992e-02    
2.10940e-01    1.24992e-02    
2.14526e-01    1.31287e-02    
2.18172e-01    1.37894e-02    
2.21881e-01    1.44825e-02    
2.25653e-01    1.52097e-02    
2.29489e-01    1.59726e-02    
2.33391e-01    1.67728e-02    
2.37358e-01    1.76121e-02    
2.41394e-01    1.84923e-02    
2.45497e-01    1.94154e-02    
2.49671e-01    2.03832e-02    
2.53915e-01    2.13979e-02    
2.58232e-01    2.24617e-02    
2.62622e-01    2.35767e-02    
2.67086e-01    2.47453e-02    
2.71627e-01    2.59699e-02    
2.76244e-01    2.72530e-02    
2.80940e-01    2.85973e-02    
2.85716e-01    3.00056e-02    
2.90574e-01    3.14805e-02    
2.95513e-01    3.30251e-02    
3.00537e-01    3.46425e-02    
3.05646e-01    3.63357e-02    
3.10842e-01    3.81081e-02    
3.16127e-01    3.99630e-02    
3.21501e-01    4.19041e-02    
3.26966e-01    4.39348e-02    
3.32525e-01    4.60591e-02    
3.38178e-01    4.82807e-02    
3.43927e-01    5.06038e-02    
3.49773e-01    5.30324e-02    
3.55720e-01    5.55708e-02    
3.61767e-01    5.82235e-02    
3.67917e-01    6.09949e-02    
3.74171e-01    6.38899e-02    
3.80532e-01    6.69131e-02    
3.87001e-01    7.00694e-02    
3.93580e-01    7.33641e-02    
4.00271e-01    7.68021e-02    
4.07076e-01    8.03889e-02    
4.13996e-01    8.41299e-02    
4.21034e-01    8.80305e-02    
4.28192e-01    9.20966e-02    
4.35471e-01    9.63337e-02    
4.42874e-01    1.00748e-01    
4.50403e-01    1.05345e-01    
4.58060e-01    1.10131e-01    
4.65847e-01    1.15112e-01    
4.73766e-01    1.20294e-01    
4.81820e-01    1.25683e-01    
4.90011e-01    1.31286e-01    
4.98341e-01    1.37109e-01    
5.06813e-01    1.43158e-01    
5.15429e-01    1.49440e-01    
5.24191e-01    1.55960e-01    
5.33102e-01    1.62726e-01    
5.42165e-01    1.69742e-01    
5.51382e-01    1.77015e-01    
5.60756e-01    1.84551e-01    
5.70288e-01    1.92356e-01    
5.79983e-01    2.00435e-01    
5.89843e-01    2.08794e-01    
5.99870e-01    2.17437e-01    
6.10068e-01    2.26371e-01    
6.20439e-01    2.35598e-01    
6.30987e-01    2.45124e-01    
6.41714e-01    2.54953e-01    
6.52623e-01    2.65088e-01    
6.63717e-01    2.75531e-01    
6.75000e-01    2.86286e-01    
6.86475e-01    2.97355e-01    
6.98146e-01    3.08738e-01    
7.10014e-01    3.20438e-01    
7.22084e-01    3.32453e-01    
7.34360e-01    3.44783e-01    
7.46844e-01    3.57428e-01    
7.59540e-01    3.70385e-01    
7.72452e-01    3.83651e-01    
7.85584e-01    3.97221e-01    
7.98939e-01    4.11093e-01    
8.12521e-01    4.25259e-01    
8.26334e-01    4.39713e-01    
8.40382e-01    4.54448e-01    
8.54668e-01    4.69455e-01    
8.69197e-01    4.84723e-01    
8.83974e-01    5.00241e-01    
8.99001e-01    5.15999e-01    
9.14284e-01    5.31981e-01    
9.29827e-01    5.48175e-01    
9.45634e-01    5.64563e-01    
9.61710e-01    5.81130e-01    
9.78059e-01    5.97858e-01    
9.94686e-01    6.14726e-01    
1.01160e+00    6.31715e-01    
1.02879e+00    6.48803e-01    
1.04628e+00    6.65968e-01    
1.06407e+00    6.83186e-01    
1.08216e+00    7.00432e-01    
1.10056e+00    7.17682e-01    
1.11926e+00    7.34907e-01    
1.13829e+00    7.52081e-01    
1.15764e+00    7.69176e-01    
1.17732e+00    7.86163e-01    
1.19734e+00    8.03012e-01    
1.21769e+00    8.19693e-01    
1.23839e+00    8.36177e-01    
1.25945e+00    8.52432e-01    
1.28086e+00    8.68429e-01    
1.30263e+00    8.84135e-01    
1.32478e+00    8.99521e-01    
1.34730e+00    9.14555e-01    
1.37020e+00    9.29208e-01    
1.39349e+00    9.43451e-01    
1.41718e+00    9.57253e-01    
1.44128e+00    9.70587e-01    
1.46578e+00    9.83425e-01    
1.49070e+00    9.95741e-01    
1.51604e+00    1.00751e+00    
1.54181e+00    1.01871e+00    
1.56802e+00    1.02932e+00    
1.59468e+00    1.03931e+00    
1.62179e+00    1.04866e+00    
1.64936e+00    1.05737e+00    
1.67740e+00    1.06541e+00    
1.70591e+00    1.07277e+00    
1.73491e+00    1.07943e+00    
1.76441e+00    1.08539e+00    
1.79440e+00    1.09064e+00    
1.82491e+00    1.09517e+00    
1.85593e+00    1.09897e+00    
1.88748e+00    1.10205e+00    
1.91957e+00    1.10439e+00    
1.95220e+00    1.10602e+00    
1.98539e+00    1.10691e+00    
2.01914e+00    1.10709e+00    
2.05346e+00    1.10655e+00    
2.08837e+00    1.10531e+00    
2.12388e+00    1.10338e+00    
2.15998e+00    1.10076e+00    
2.19670e+00    1.09747e+00    
2.23405e+00    1.09352e+00    
2.27202e+00    1.08894e+00    
2.31065e+00    1.08374e+00    
2.34993e+00    1.07793e+00    
2.38988e+00    1.07155e+00    
2.43051e+00    1.06460e+00    
2.47183e+00    1.05711e+00    
2.51385e+00    1.04911e+00    
2.55658e+00    1.04062e+00    
2.60004e+00    1.03165e+00    
2.64424e+00    1.02224e+00    
2.68920e+00    1.01240e+00    
2.73491e+00    1.00216e+00    
2.78141e+00    9.91527e-01    
2.82869e+00    9.80535e-01    
2.87678e+00    9.69197e-01    
2.92568e+00    9.57529e-01    
2.97542e+00    9.45547e-01    
3.02600e+00    9.33263e-01    
3.07744e+00    9.20686e-01    
3.12976e+00    9.07824e-01    
3.18297e+00    8.94680e-01    
3.23708e+00    8.81255e-01    
3.29211e+00    8.67545e-01    
3.34807e+00    8.53548e-01    
3.40499e+00    8.39259e-01    
3.46288e+00    8.24672e-01    
3.52174e+00    8.09788e-01    
3.58161e+00    7.94613e-01    
3.64250e+00    7.79160e-01    
3.70442e+00    7.63457e-01    
3.76740e+00    7.47538e-01    
3.83145e+00    7.31450e-01    
3.89658e+00    7.15245e-01    
3.96282e+00    6.98977e-01    
4.03019e+00    6.82698e-01    
4.09870e+00    6.66455e-01    
4.16838e+00    6.50291e-01    
4.23924e+00    6.34241e-01    
4.31131e+00    6.18333e-01    
4.38460e+00    6.02591e-01    
4.45914e+00    5.87034e-01    
4.53495e+00    5.71676e-01    
4.61204e+00    5.56529e-01    
4.69045e+00    5.41603e-01    
4.77018e+00    5.26905e-01    
4.85128e+00    5.12443e-01    
4.93375e+00    4.98221e-01    
5.01762e+00    4.84244e-01    
5.10292e+00    4.70514e-01    
5.18967e+00    4.57035e-01    
5.27790e+00    4.43809e-01    
5.36762e+00    4.30839e-01    
5.45887e+00    4.18125e-01    
5.55167e+00    4.05669e-01    
5.64605e+00    3.93471e-01    
5.74203e+00    3.81532e-01    
5.83965e+00    3.69853e-01    
5.93892e+00    3.58432e-01    
6.03988e+00    3.47270e-01    
6.14256e+00    3.36365e-01    
6.24698e+00    3.25718e-01    
6.35318e+00    3.15325e-01    
6.46119e+00    3.05187e-01    
6.57103e+00    2.95302e-01    
6.68274e+00    2.85666e-01    
6.79634e+00    2.76280e-01    
6.91188e+00    2.67139e-01    
7.02938e+00    2.58241e-01    
7.14888e+00    2.49584e-01    
7.27041e+00    2.41165e-01    
7.39401e+00    2.32981e-01    
7.51971e+00    2.25027e-01    
7.64754e+00    2.17302e-01    
7.77755e+00    2.09802e-01    
7.90977e+00    2.02522e-01    
8.04424e+00    1.95459e-01    
8.18099e+00    1.88609e-01    
8.32007e+00    1.81968e-01    
8.46151e+00    1.75531e-01    
8.60535e+00    1.69296e-01    
8.75164e+00    1.63256e-01    
8.90042e+00    1.57409e-01    
9.05173e+00    1.51750e-01    
9.20561e+00    1.46274e-01    
9.36210e+00    1.40976e-01    
9.52126e+00    1.35852e-01    
9.68312e+00    1.30899e-01    
9.84773e+00    1.26110e-01    
1.00151e+01    1.21481e-01    
1.01854e+01    1.17009e-01    
1.03586e+01    1.12688e-01    
1.05347e+01    1.08514e-01    
1.07137e+01    1.04483e-01    
1.08959e+01    1.00591e-01    
1.10811e+01    9.68322e-02    
1.12695e+01    9.32040e-02    
1.14611e+01    8.97019e-02    
1.16559e+01    8.63222e-02    
1.18541e+01    8.30609e-02    
1.20556e+01    7.99144e-02    
1.22605e+01    7.68791e-02    
1.24689e+01    7.39515e-02    
1.26809e+01    7.11282e-02    
1.28965e+01    6.84058e-02    
1.31157e+01    6.57812e-02    
1.33387e+01    6.32510e-02    
1.35655e+01    6.08123e-02    
1.37961e+01    5.84619e-02    
1.40306e+01    5.61970e-02    
1.42691e+01    5.40147e-02    
1.45117e+01    5.19124e-02    
1.47584e+01    4.98874e-02    
1.50093e+01    4.79371e-02    
1.52645e+01    4.60590e-02    
1.55239e+01    4.42506e-02    
1.57879e+01    4.25095e-02    
1.60562e+01    4.08335e-02    
1.63292e+01    3.92202e-02    
1.66068e+01    3.76676e-02    
1.68891e+01    3.61735e-02    
1.71762e+01    3.47359e-02    
1.74682e+01    3.33528e-02    
1.77652e+01    3.20223e-02    
1.80672e+01    3.07425e-02    
1.83743e+01    2.95115e-02    
1.86867e+01    2.83278e-02    
1.90044e+01    2.71895e-02    
1.93275e+01    2.60951e-02    
1.96560e+01    2.50429e-02    
1.99902e+01    2.40314e-02    
2.03300e+01    2.30592e-02    
2.06756e+01    2.21248e-02    
2.10271e+01    2.12268e-02    
2.13846e+01    2.03639e-02    
2.17481e+01    1.95348e-02    
2.21178e+01    1.87382e-02    
2.24938e+01    1.79729e-02    
2.28762e+01    1.72378e-02    
2.32651e+01    1.65317e-02    
2.36606e+01    1.58535e-02    
2.40628e+01    1.52022e-02    
2.44719e+01    1.45768e-02    
2.48879e+01    1.39763e-02    
2.53110e+01    1.33998e-02    
2.57413e+01    1.28462e-02    
2.61789e+01    1.23148e-02    
2.66240e+01    1.18048e-02    
2.70766e+01    1.13152e-02    
2.75369e+01    1.08453e-02    
2.80050e+01    1.03943e-02    
2.84811e+01    9.96159e-03    
2.89653e+01    9.54635e-03    
2.94577e+01    9.14794e-03    
2.99585e+01    8.76569e-03    
3.04678e+01    8.39898e-03    
3.09857e+01    8.04720e-03    
3.15125e+01    7.70977e-03    
3.20482e+01    7.38611e-03    
3.25930e+01    7.07569e-03    
3.31471e+01    6.77798e-03    
3.37106e+01    6.49249e-03    
3.42837e+01    6.21873e-03    
3.48665e+01    5.95622e-03    
3.54592e+01    5.70454e-03    
3.60620e+01    5.46323e-03    
3.66751e+01    5.23190e-03    
3.72985e+01    5.01013e-03    
3.79326e+01    4.79755e-03    
3.85775e+01    4.59379e-03    
3.92333e+01    4.39849e-03    
3.99003e+01    4.21131e-03    
4.05786e+01    4.03193e-03    
4.12684e+01    3.86002e-03    
4.19700e+01    3.69529e-03    
4.26835e+01    3.53745e-03    
4.34091e+01    3.38621e-03    
4.41470e+01    3.24130e-03    
4.48975e+01    3.10247e-03    
4.56608e+01    2.96947e-03    
4.64370e+01    2.84207e-03    
4.72265e+01    2.72002e-03    
4.80293e+01    2.60312e-03    
4.88458e+01    2.49114e-03    
4.96762e+01    2.38390e-03    
5.05207e+01    2.28119e-03    
5.13795e+01    2.18282e-03    
5.22530e+01    2.08862e-03    
5.31413e+01    1.99841e-03    
5.40447e+01    1.91204e-03    
5.49634e+01    1.82933e-03    
5.58978e+01    1.75014e-03    
5.68481e+01    1.67432e-03    
5.78145e+01    1.60173e-03    
5.87974e+01    1.53224e-03    
5.97969e+01    1.46571e-03    
6.08135e+01    1.40203e-03    
6.18473e+01    1.34107e-03    
6.28987e+01    1.28272e-03    
6.39680e+01    1.22687e-03    
6.50554e+01    1.17342e-03    
6.61614e+01    1.12226e-03    
6.72861e+01    1.07330e-03    
6.84300e+01    1.02644e-03    
6.95933e+01    9.81601e-04    
7.07764e+01    9.38692e-04    
7.19796e+01    8.97633e-04    
7.32032e+01    8.58346e-04    
7.44477e+01    8.20754e-04    
7.57133e+01    7.84788e-04    
7.70004e+01    7.50376e-04    
7.83094e+01    7.17454e-04    
7.96407e+01    6.85958e-04    
8.09946e+01    6.55828e-04    
8.23715e+01    6.27004e-04    
8.37718e+01    5.99432e-04    
8.51959e+01    5.73058e-04    
8.66443e+01    5.47831e-04    
8.81172e+01    5.23702e-04    
8.96152e+01    5.00623e-04    
9.11387e+01    4.78550e-04    
9.26880e+01    4.57439e-04    
9.42637e+01    4.37250e-04    
9.58662e+01    4.17943e-04    
9.74959e+01    3.99479e-04    
9.91534e+01    3.81823e-04    
1.00839e+02    3.64939e-04    
1.02553e+02    3.48795e-04    
1.04297e+02    3.33359e-04    
1.06070e+02    3.18599e-04    
1.07873e+02    3.04488e-04    
1.09707e+02    2.90996e-04    
1.11572e+02    2.78097e-04    
1.13468e+02    2.65765e-04    
1.15397e+02    2.53976e-04    
1.17359e+02    2.42706e-04    
1.19354e+02    2.31933e-04    
1.21383e+02    2.21634e-04    
1.23447e+02    2.11791e-04    
1.25545e+02    2.02381e-04    
1.27680e+02    1.93388e-04    
1.29850e+02    1.84792e-04    
1.32058e+02    1.76577e-04    
1.34303e+02    1.68726e-04    
1.36586e+02    1.61222e-04    
1.38908e+02    1.54051e-04    
1.41269e+02    1.47198e-04    
1.43671e+02    1.40649e-04    
1.46113e+02    1.34392e-04    
1.48597e+02    1.28412e-04    
1.51123e+02    1.22699e-04    
1.53692e+02    1.17240e-04    
1.56305e+02    1.12024e-04    
1.58962e+02    1.07041e-04    
1.61665e+02    1.02279e-04    
1.64413e+02    9.77308e-05    
1.67208e+02    9.33853e-05    
1.70051e+02    8.92340e-05    
1.72941e+02    8.52683e-05    
1.75881e+02    8.14800e-05    
1.78871e+02    7.78613e-05    
1.81912e+02    7.44046e-05    
1.85005e+02    7.11028e-05    
1.88150e+02    6.79489e-05    
1.91348e+02    6.49365e-05    
1.94601e+02    6.20592e-05    
1.97910e+02    5.93110e-05    
2.01274e+02    5.66861e-05    
2.04696e+02    5.41789e-05    
2.08175e+02    5.17843e-05    
2.11714e+02    4.94972e-05    
2.15314e+02    4.73127e-05    
2.18974e+02    4.52262e-05    
2.22697e+02    4.32334e-05    
2.26482e+02    4.13298e-05    
2.30333e+02    3.95116e-05    
2.34248e+02    3.77749e-05    
2.38230e+02    3.61159e-05    
2.42280e+02    3.45312e-05    
2.46399e+02    3.30173e-05    
2.50588e+02    3.15710e-05    
2.54848e+02    3.01893e-05    
2.59180e+02    2.88692e-05    
2.63586e+02    2.76079e-05    
2.68067e+02    2.64027e-05    
2.72625e+02    2.52510e-05    
2.77259e+02    2.41505e-05    
2.81973e+02    2.30988e-05    
2.86766e+02    2.20936e-05    
2.91641e+02    2.11329e-05    
2.96599e+02    2.02146e-05    
3.01641e+02    1.93368e-05    
3.06769e+02    1.84977e-05    
3.11984e+02    1.76955e-05    
3.17288e+02    1.69286e-05    
3.22682e+02    1.61953e-05    
3.28167e+02    1.54941e-05    
3.33746e+02    1.48236e-05    
3.39420e+02    1.41825e-05    
3.45190e+02    1.35693e-05    
3.51058e+02    1.29829e-05    
3.57026e+02    1.24221e-05    
3.63096e+02    1.18857e-05    
3.69268e+02    1.13726e-05    
3.75546e+02    1.08818e-05    
3.81930e+02    1.04123e-05    
3.88423e+02    9.96321e-06    
3.95026e+02    9.53358e-06    
4.01742e+02    9.12256e-06    
4.08571e+02    8.72933e-06    
4.15517e+02    8.35312e-06    
4.22581e+02    7.99318e-06    
4.29765e+02    7.64879e-06    
4.37071e+02    7.31929e-06    
4.44501e+02    7.00401e-06    
4.52057e+02    6.70233e-06    
4.59742e+02    6.41367e-06    
4.67558e+02    6.13746e-06    
4.75507e+02    5.87316e-06    
4.83590e+02    5.62025e-06    
4.91811e+02    5.37824e-06    
5.00172e+02    5.14666e-06    
5.08675e+02    4.92504e-06    
5.17322e+02    4.71297e-06    
5.26117e+02    4.51004e-06    
5.35061e+02    4.31583e-06    
5.44157e+02    4.12999e-06    
5.53408e+02    3.95214e-06    
5.62816e+02    3.78195e-06    
5.72383e+02    3.61907e-06    
5.82114e+02    3.46321e-06    
5.92010e+02    3.31405e-06    
6.02074e+02    3.17131e-06    
6.12309e+02    3.03471e-06    
6.22719e+02    2.90399e-06    
6.33305e+02    2.77888e-06    
6.44071e+02    2.65917e-06    
6.55020e+02    2.54460e-06    
6.66156e+02    2.43496e-06    
6.77480e+02    2.33003e-06    
6.88997e+02    2.22962e-06    
7.00710e+02    2.13353e-06    
7.12622e+02    2.04158e-06    
7.24737e+02    1.95358e-06    
7.37058e+02    1.86936e-06    
7.49588e+02    1.78877e-06    
7.62331e+02    1.71165e-06    
7.75290e+02    1.63785e-06    
7.88470e+02    1.56722e-06    
8.01874e+02    1.49964e-06    
8.15506e+02    1.43496e-06    
8.29370e+02    1.37307e-06    
8.43469e+02    1.31384e-06    
8.57808e+02    1.25716e-06    
8.72391e+02    1.20292e-06    
8.87221e+02    1.15102e-06    
9.02304e+02    1.10135e-06    
9.17643e+02    1.05383e-06    
9.33243e+02    1.00835e-06    
9.49108e+02    9.64825e-07    
9.65243e+02    9.23178e-07    
9.81652e+02    8.83326e-07    
9.98340e+02    8.45191e-07    
1.01531e+03    8.08699e-07    
1.03257e+03    7.73779e-07    
1.05013e+03    7.40365e-07    
1.06798e+03    7.08391e-07    
1.08613e+03    6.77795e-07    
1.10460e+03    6.48519e-07    
1.12338e+03    6.20504e-07    
1.14247e+03    5.93698e-07    
1.16190e+03    5.68047e-07    
1.18165e+03    5.43503e-07    
1.20174e+03    5.20017e-07    
1.22217e+03    4.97545e-07    
1.24294e+03    4.76041e-07    
1.26407e+03    4.55466e-07    
1.28556e+03    4.35778e-07    
1.30742e+03    4.16940e-07    
1.32964e+03    3.98914e-07    
1.35225e+03    3.81667e-07    
1.37523e+03    3.65164e-07    
1.39861e+03    3.49373e-07    
1.42239e+03    3.34264e-07    
1.44657e+03    3.19808e-07    
1.47116e+03    3.05975e-07    
1.49617e+03    2.92740e-07    
1.52161e+03    2.80076e-07    
1.54747e+03    2.67959e-07    
1.57378e+03    2.56366e-07    
1.60054e+03    2.45273e-07    
1.62775e+03    2.34660e-07    
1.65542e+03    2.24505e-07    
1.68356e+03    2.14789e-07    
1.71218e+03    2.05492e-07    
1.74129e+03    1.96598e-07    
1.77089e+03    1.88088e-07    
1.80099e+03    1.79945e-07    
1.83161e+03    1.72155e-07    
1.86275e+03    1.64701e-07    
1.89441e+03    1.57569e-07    
1.92662e+03    1.50746e-07    
1.95937e+03    1.44218e-07    
1.99268e+03    1.37972e-07    
2.02656e+03    1.31996e-07    
2.06101e+03    1.26279e-07    
2.09605e+03    1.20809e-07    
2.13168e+03    1.15575e-07    
2.16792e+03    1.10568e-07    
2.20477e+03    1.05778e-07    
2.24225e+03    1.01195e-07    
2.28037e+03    9.68097e-08    
2.31914e+03    9.26145e-08    
2.35856e+03    8.86008e-08    
2.39866e+03    8.47609e-08    
2.43944e+03    8.10871e-08    
2.48091e+03    7.75723e-08    
2.52308e+03    7.42097e-08    
2.56597e+03    7.09926e-08    
2.60960e+03    6.79149e-08    
2.65396e+03    6.49703e-08    
2.69908e+03    6.21533e-08    
2.74496e+03    5.94582e-08    
2.79162e+03    5.68798e-08    
2.83908e+03    5.44131e-08    
2.88735e+03    5.20533e-08    
2.93643e+03    4.97956e-08    
2.98635e+03    4.76358e-08    
3.03712e+03    4.55695e-08    
3.08875e+03    4.35927e-08    
3.14126e+03    4.17015e-08    
3.19466e+03    3.98923e-08    
3.24897e+03    3.81615e-08    
3.30420e+03    3.65057e-08    
3.36037e+03    3.49216e-08    
3.41750e+03    3.34062e-08    
3.47560e+03    3.19565e-08    
3.53468e+03    3.05696e-08    
3.59477e+03    2.92429e-08    
3.65588e+03    2.79736e-08    
3.71803e+03    2.67594e-08    
3.78124e+03    2.55978e-08    
3.84552e+03    2.44865e-08    
3.91090e+03    2.34235e-08    
3.97738e+03    2.24065e-08    
4.04500e+03    2.14337e-08    
4.11376e+03    2.05030e-08    
4.18369e+03    1.96127e-08    
4.25482e+03    1.87611e-08    
4.32715e+03    1.79463e-08    
4.40071e+03    1.71669e-08    
4.47552e+03    1.64213e-08    
4.55161e+03    1.57081e-08    
4.62898e+03    1.50258e-08    
4.70768e+03    1.43731e-08    
4.78771e+03    1.37487e-08    
4.86910e+03    1.31514e-08    
4.95187e+03    1.25801e-08    
5.03606e+03    1.20335e-08    
5.12167e+03    1.15107e-08    
5.20874e+03    1.10105e-08    
5.29729e+03    1.05321e-08    
5.38734e+03    1.00744e-08    
5.47892e+03    9.63660e-09    
5.57207e+03    9.21780e-09    
5.66679e+03    8.81718e-09    
5.76313e+03    8.43395e-09    
5.86110e+03    8.06737e-09    
5.96074e+03    7.71670e-09    
6.06207e+03    7.38126e-09    
6.16513e+03    7.06038e-09    
6.26993e+03    6.75344e-09    
6.37652e+03    6.45983e-09    
6.48492e+03    6.17897e-09    
6.59517e+03    5.91032e-09    
6.70729e+03    5.65333e-09    
6.82131e+03    5.40750e-09    
6.93727e+03    5.17236e-09    
7.05521e+03    4.94742e-09    
7.17514e+03    4.73227e-09    
7.29712e+03    4.52645e-09    
7.42117e+03    4.32959e-09    
7.54733e+03    4.14127e-09    
7.67564e+03    3.96114e-09    
7.80612e+03    3.78884e-09    
7.93883e+03    3.62402e-09    
8.07379e+03    3.46637e-09    
8.21104e+03    3.31557e-09    
8.35063e+03    3.17132e-09    
8.49259e+03    3.03335e-09    
8.63697e+03    2.90137e-09    
8.78379e+03    2.77513e-09    
8.93312e+03    2.65437e-09    
9.08498e+03    2.53887e-09    
9.23943e+03    2.42839e-09    
9.39650e+03    2.32271e-09    
9.55624e+03    2.22162e-09    
9.71869e+03    2.12494e-09    
9.88391e+03    2.03245e-09    
1.00519e+04    1.94399e-09    
1.02228e+04    1.85937e-09    
1.03966e+04    1.77844e-09    
1.05734e+04    1.70102e-09    
1.07531e+04    1.62697e-09    
1.09359e+04    1.55615e-09    
1.11218e+04    1.48840e-09    
1.13109e+04    1.42360e-09    
1.15032e+04    1.36162e-09    
1.16987e+04    1.30233e-09    
1.18976e+04    1.24563e-09    
1.20999e+04    1.19139e-09    
1.23056e+04    1.13951e-09    
1.25148e+04    1.08989e-09    
1.27275e+04    1.04243e-09    
1.29439e+04    9.97030e-10    
1.31639e+04    9.53608e-10    
1.33877e+04    9.12076e-10    
1.36153e+04    8.72351e-10    
1.38468e+04    8.34355e-10    
1.40821e+04    7.98013e-10    
1.43215e+04    7.63252e-10    
1.45650e+04    7.30005e-10    
1.48126e+04    6.98205e-10    
1.50644e+04    6.67789e-10    
1.53205e+04    6.38697e-10    
1.55810e+04    6.10871e-10    
1.58459e+04    5.84257e-10    
1.61152e+04    5.58801e-10    
1.63892e+04    5.34454e-10    
1.66678e+04    5.11166e-10    
1.69512e+04    4.88893e-10    
1.72393e+04    4.67590e-10    
1.75324e+04    4.47214e-10    
1.78305e+04    4.27725e-10    
1.81336e+04    4.09085e-10    
1.84418e+04    3.91257e-10    
1.87554e+04    3.74205e-10    
1.90742e+04    3.57896e-10    
1.93985e+04    3.42297e-10    
1.97282e+04    3.27378e-10    
2.00636e+04    3.13108e-10    
2.04047e+04    2.99460e-10    
2.07516e+04    2.86406e-10    
2.11043e+04    2.73921e-10    
2.14631e+04    2.61980e-10    
2.18280e+04    2.50560e-10    
2.21991e+04    2.39636e-10    
2.25765e+04    2.29189e-10    
2.29603e+04    2.19197e-10    
2.33506e+04    2.09640e-10    
2.37475e+04    2.00499e-10    
2.41512e+04    1.91757e-10    
2.45618e+04    1.83396e-10    
2.49794e+04    1.75399e-10    
2.54040e+04    1.67750e-10    
2.58359e+04    1.60435e-10    
2.62751e+04    1.53439e-10    
2.67218e+04    1.46747e-10    
2.71760e+04    1.40347e-10    
2.76380e+04    1.34227e-10    
2.81079e+04    1.28372e-10    
2.85857e+04    1.22774e-10    
2.90717e+04    1.17419e-10    
2.95659e+04    1.12297e-10    
3.00685e+04    1.07399e-10    
3.05797e+04    1.02714e-10    
3.10995e+04    9.82337e-11    
3.16282e+04    9.39486e-11    
3.21659e+04    8.98502e-11    
3.27127e+04    8.59306e-11    
3.32688e+04    8.21818e-11    
3.38344e+04    7.85965e-11    
3.44096e+04    7.51675e-11    
3.49946e+04    7.18880e-11    
3.55895e+04    6.87515e-11    
3.61945e+04    6.57518e-11    
3.68098e+04    6.28828e-11    
3.74356e+04    6.01390e-11    
3.80720e+04    5.75149e-11    
3.87192e+04    5.50052e-11    
3.93774e+04    5.26049e-11    
4.00468e+04    5.03093e-11    
4.07276e+04    4.81139e-11    
4.14200e+04    4.60142e-11    
4.21242e+04    4.40060e-11    
4.28403e+04    4.20855e-11    
4.35685e+04    4.02487e-11    
4.43092e+04    3.84921e-11    
4.50625e+04    3.68121e-11    
4.58285e+04    3.52053e-11    
4.66076e+04    3.36687e-11    
4.73999e+04    3.21991e-11    
4.82057e+04    3.07936e-11    
4.90252e+04    2.94494e-11    
4.98587e+04    2.81639e-11    
5.07063e+04    2.69345e-11    
5.15683e+04    2.57587e-11    
5.24449e+04    2.46342e-11    
5.33365e+04    2.35587e-11    
5.42432e+04    2.25302e-11    
5.51654e+04    2.15466e-11    
5.61032e+04    2.06059e-11    
5.70569e+04    1.97062e-11    
5.80269e+04    1.88458e-11    
5.90134e+04    1.80230e-11    
6.00166e+04    1.72361e-11    
6.10369e+04    1.64835e-11    
6.20745e+04    1.57637e-11    
6.31298e+04    1.50754e-11    
6.42030e+04    1.44171e-11    
6.52944e+04    1.37875e-11    
6.64044e+04    1.31854e-11    
6.75333e+04    1.26096e-11    
6.86814e+04    1.20589e-11    
6.98489e+04    1.15323e-11    
7.10364e+04    1.10287e-11    
7.22440e+04    1.05470e-11    
7.34722e+04    1.00864e-11    
7.47212e+04    9.64585e-12    
7.59914e+04    9.22455e-12    
7.72833e+04    8.82165e-12    
7.85971e+04    8.43633e-12    
7.99333e+04    8.06784e-12    
8.12921e+04    7.71544e-12    
8.26741e+04    7.37843e-12    
8.40796e+04    7.05612e-12    
8.55089e+04    6.74789e-12    
8.69626e+04    6.45312e-12    
8.84409e+04    6.17122e-12    
8.99444e+04    5.90163e-12    
9.14735e+04    5.64381e-12    
9.30285e+04    5.39725e-12    
9.46100e+04    5.16146e-12    
9.62184e+04    4.93596e-12    
9.78541e+04    4.72031e-12    
9.95176e+04    4.51408e-12    
1.01209e+05    4.31686e-12    
1.02930e+05    4.12824e-12    
1.04680e+05    3.94787e-12    
1.06459e+05    3.77537e-12    
1.08269e+05    3.61041e-12    
1.10110e+05    3.45265e-12    
1.11982e+05    3.30179e-12    
1.13885e+05    3.15751e-12    
1.15821e+05    3.01953e-12    
1.17790e+05    2.88758e-12    
1.19793e+05    2.76140e-12    
1.21829e+05    2.64073e-12    
1.23900e+05    2.52532e-12    
1.26007e+05    2.41496e-12    
1.28149e+05    2.30942e-12    
1.30327e+05    2.20850e-12    
1.32543e+05    2.11198e-12    
1.34796e+05    2.01967e-12    
1.37088e+05    1.93140e-12    
1.39418e+05    1.84699e-12    
1.41788e+05    1.76626e-12    
1.44199e+05    1.68906e-12    
1.46650e+05    1.61524e-12    
1.49143e+05    1.54464e-12    
1.51678e+05    1.47712e-12    
1.54257e+05    1.41255e-12    
1.56879e+05    1.35081e-12    
1.59546e+05    1.29176e-12    
1.62259e+05    1.23530e-12    
1.65017e+05    1.18130e-12    
1.67822e+05    1.12966e-12    
1.70675e+05    1.08028e-12    
1.73577e+05    1.03305e-12    
1.76528e+05    9.87889e-13    
1.79529e+05    9.44702e-13    
1.82581e+05    9.03401e-13    
1.85684e+05    8.63906e-13    
1.88841e+05    8.26137e-13    
1.92051e+05    7.90018e-13    
1.95316e+05    7.55478e-13    
1.98637e+05    7.22448e-13    
2.02013e+05    6.90861e-13    
2.05448e+05    6.60655e-13    
2.08940e+05    6.31769e-13    
2.12492e+05    6.04146e-13    
2.16105e+05    5.77730e-13    
2.19778e+05    5.52468e-13    
2.23515e+05    5.28311e-13    
2.27314e+05    5.05210e-13    
2.31179e+05    4.83119e-13    
2.35109e+05    4.61993e-13    
2.39106e+05    4.41791e-13    
2.43170e+05    4.22472e-13    
2.47304e+05    4.03997e-13    
2.51508e+05    3.86330e-13    
2.55784e+05    3.69436e-13    
2.60132e+05    3.53280e-13    
2.64555e+05    3.37830e-13    
2.69052e+05    3.23056e-13    
2.73626e+05    3.08928e-13    
2.78278e+05    2.95417e-13    
2.83008e+05    2.82497e-13    
2.87820e+05    2.70142e-13    
2.92712e+05    2.58327e-13    
2.97689e+05    2.47029e-13    
3.02749e+05    2.36224e-13    
3.07896e+05    2.25893e-13    
3.13130e+05    2.16012e-13    
3.18454e+05    2.06564e-13    
3.23867e+05    1.97529e-13    
3.29373e+05    1.88889e-13    
3.34972e+05    1.80627e-13    
3.40667e+05    1.72726e-13    
3.46458e+05    1.65171e-13    
3.52348e+05    1.57946e-13    
3.58338e+05    1.51037e-13    
3.64430e+05    1.44430e-13    
3.70625e+05    1.38112e-13    
3.76926e+05    1.32071e-13    
3.83333e+05    1.26293e-13    
3.89850e+05    1.20768e-13    
3.96477e+05    1.15485e-13    
4.03218e+05    1.10433e-13    
4.10072e+05    1.05602e-13    
4.17044e+05    1.00982e-13    
4.24133e+05    9.65644e-14    
4.31344e+05    9.23398e-14    
4.38676e+05    8.83000e-14    
4.46134e+05    8.44369e-14    
4.53718e+05    8.07427e-14    
4.61431e+05    7.72102e-14    
4.69276e+05    7.38321e-14    
4.77253e+05    7.06018e-14    
4.85367e+05    6.75128e-14    
4.93618e+05    6.45589e-14    
5.02009e+05    6.17342e-14    
5.10544e+05    5.90331e-14    
5.19223e+05    5.64501e-14    
5.28050e+05    5.39802e-14    
5.37027e+05    5.16182e-14    
5.46156e+05    4.93596e-14    
5.55441e+05    4.71998e-14    
5.64883e+05    4.51345e-14    
5.74486e+05    4.31595e-14    
5.84252e+05    4.12709e-14    
5.94185e+05    3.94650e-14    
6.04286e+05    3.77380e-14    
6.14559e+05    3.60867e-14    
6.25006e+05    3.45075e-14    
6.35631e+05    3.29974e-14    
6.46437e+05    3.15534e-14    
6.57427e+05    3.01726e-14    
6.68603e+05    2.88522e-14    
6.79969e+05    2.75896e-14    
6.91529e+05    2.63822e-14    
7.03284e+05    2.52276e-14    
7.15240e+05    2.41236e-14    
7.27399e+05    2.30678e-14    
7.39765e+05    2.20583e-14    
7.52341e+05    2.10929e-14    
7.65131e+05    2.01697e-14    
7.78138e+05    1.92870e-14    
7.91367e+05    1.84429e-14    
8.04820e+05    1.76357e-14    
8.18502e+05    1.68638e-14    
8.32416e+05    1.61257e-14    
8.46567e+05    1.54199e-14    
8.60959e+05    1.47450e-14    
8.75595e+05    1.40997e-14    
8.90481e+05    1.34825e-14    
9.05619e+05    1.28924e-14    
9.21014e+05    1.23281e-14    
9.36672e+05    1.17885e-14    
9.52595e+05    1.12725e-14    
9.68789e+05    1.07791e-14    
9.85258e+05    1.03073e-14    
1.00201e+06    9.85609e-15    
1.01904e+06    9.42466e-15    
1.03637e+06    9.01212e-15    
1.05398e+06    8.61762e-15    
1.07190e+06    8.24040e-15    
1.09012e+06    7.87968e-15    
1.10866e+06    7.53475e-15    
1.12750e+06    7.20491e-15    
1.14667e+06    6.88952e-15    
1.16616e+06    6.58792e-15    
1.18599e+06    6.29953e-15    
1.20615e+06    6.02375e-15    
1.22666e+06    5.76005e-15    
1.24751e+06    5.50789e-15    
1.26872e+06    5.26677e-15    
1.29028e+06    5.03620e-15    
1.31222e+06    4.81572e-15    
1.33453e+06    4.60489e-15    
1.35721e+06    4.40329e-15    
1.38029e+06    4.21052e-15    
1.40375e+06    4.02618e-15    
1.42762e+06    3.84991e-15    
1.45188e+06    3.68136e-15    
1.47657e+06    3.52019e-15    
1.50167e+06    3.36607e-15    
1.52720e+06    3.21870e-15    
1.55316e+06    3.07777e-15    
1.57956e+06    2.94302e-15    
1.60642e+06    2.81417e-15    
1.63372e+06    2.69095e-15    
1.66150e+06    2.57313e-15    
1.68974e+06    2.46047e-15    
1.71847e+06    2.35274e-15    
1.74768e+06    2.24973e-15    
1.77739e+06    2.15122e-15    
1.80761e+06    2.05703e-15    
1.83834e+06    1.96696e-15    
1.86959e+06    1.88084e-15    
1.90137e+06    1.79848e-15    
1.93370e+06    1.71973e-15    
1.96657e+06    1.64443e-15    
2.00000e+06    1.57242e-15    

