# USINE V4.0
# File generated 13-05-2022 06:37:24
# Model1DKisoVc
# F
# SolMod0DFF_phi0_570GV
# R [GV]       TOA [GV m^{2} s sr]^{-1}
9.11411e-02    2.82542e-05    
9.27015e-02    2.97170e-05    
9.42885e-02    3.12553e-05    
9.59027e-02    3.28729e-05    
9.75446e-02    3.45740e-05    
9.92145e-02    3.63627e-05    
1.00913e-01    3.82437e-05    
1.02641e-01    4.02216e-05    
1.04398e-01    4.23014e-05    
1.06185e-01    4.44883e-05    
1.08003e-01    4.67879e-05    
1.09852e-01    4.92058e-05    
1.11733e-01    5.17481e-05    
1.13646e-01    5.44213e-05    
1.15591e-01    5.72319e-05    
1.17570e-01    6.01871e-05    
1.19583e-01    6.32941e-05    
1.21630e-01    6.65608e-05    
1.23712e-01    6.99954e-05    
1.25830e-01    7.36063e-05    
1.27985e-01    7.74025e-05    
1.30176e-01    8.13936e-05    
1.32404e-01    8.55894e-05    
1.34671e-01    9.00005e-05    
1.36977e-01    9.46376e-05    
1.39322e-01    9.95123e-05    
1.41707e-01    1.04637e-04    
1.44133e-01    1.10024e-04    
1.46600e-01    1.15686e-04    
1.49110e-01    1.21639e-04    
1.51663e-01    1.27895e-04    
1.54259e-01    1.34472e-04    
1.56900e-01    1.41385e-04    
1.59586e-01    1.48650e-04    
1.62319e-01    1.56287e-04    
1.65097e-01    1.64314e-04    
1.67924e-01    1.72749e-04    
1.70799e-01    1.81615e-04    
1.73723e-01    1.90933e-04    
1.76697e-01    2.00725e-04    
1.79722e-01    2.11016e-04    
1.82799e-01    2.21831e-04    
1.85928e-01    2.33195e-04    
1.89111e-01    2.45137e-04    
1.92349e-01    2.57685e-04    
1.95642e-01    2.70871e-04    
1.98991e-01    2.84726e-04    
2.02398e-01    2.99282e-04    
2.05863e-01    3.14571e-04    
2.09387e-01    3.30628e-04    
2.12972e-01    3.47492e-04    
2.16618e-01    3.65202e-04    
2.20327e-01    3.83797e-04    
2.24099e-01    4.03323e-04    
2.27935e-01    4.23823e-04    
2.31838e-01    4.45344e-04    
2.35807e-01    4.67937e-04    
2.39844e-01    4.91651e-04    
2.43950e-01    5.16541e-04    
2.48126e-01    5.42662e-04    
2.52374e-01    5.70074e-04    
2.56695e-01    5.98837e-04    
2.61089e-01    6.29015e-04    
2.65559e-01    6.60675e-04    
2.70105e-01    6.93885e-04    
2.74730e-01    7.28718e-04    
2.79433e-01    7.65250e-04    
2.84217e-01    8.03558e-04    
2.89083e-01    8.43725e-04    
2.94032e-01    8.85835e-04    
2.99065e-01    9.29978e-04    
3.04185e-01    9.76245e-04    
3.09393e-01    1.02473e-03    
3.14690e-01    1.07554e-03    
3.20077e-01    1.12877e-03    
3.25557e-01    1.18453e-03    
3.31131e-01    1.24293e-03    
3.36800e-01    1.30409e-03    
3.42566e-01    1.36812e-03    
3.48430e-01    1.43516e-03    
3.54395e-01    1.50532e-03    
3.60463e-01    1.57875e-03    
3.66634e-01    1.65557e-03    
3.72910e-01    1.73594e-03    
3.79295e-01    1.82000e-03    
3.85788e-01    1.90790e-03    
3.92393e-01    1.99979e-03    
3.99111e-01    2.09584e-03    
4.05943e-01    2.19621e-03    
4.12893e-01    2.30107e-03    
4.19962e-01    2.41060e-03    
4.27151e-01    2.52497e-03    
4.34464e-01    2.64438e-03    
4.41902e-01    2.76900e-03    
4.49468e-01    2.89903e-03    
4.57162e-01    3.03467e-03    
4.64989e-01    3.17611e-03    
4.72950e-01    3.32357e-03    
4.81046e-01    3.47724e-03    
4.89282e-01    3.63734e-03    
4.97658e-01    3.80409e-03    
5.06178e-01    3.97769e-03    
5.14844e-01    4.15837e-03    
5.23658e-01    4.34635e-03    
5.32623e-01    4.54184e-03    
5.41742e-01    4.74508e-03    
5.51016e-01    4.95627e-03    
5.60450e-01    5.17564e-03    
5.70044e-01    5.40341e-03    
5.79804e-01    5.63980e-03    
5.89730e-01    5.88502e-03    
5.99826e-01    6.13927e-03    
6.10095e-01    6.40277e-03    
6.20540e-01    6.67571e-03    
6.31163e-01    6.95828e-03    
6.41969e-01    7.25066e-03    
6.52959e-01    7.55303e-03    
6.64138e-01    7.86555e-03    
6.75508e-01    8.18836e-03    
6.87073e-01    8.52161e-03    
6.98835e-01    8.86540e-03    
7.10799e-01    9.21984e-03    
7.22968e-01    9.58502e-03    
7.35345e-01    9.96099e-03    
7.47934e-01    1.03478e-02    
7.60739e-01    1.07455e-02    
7.73763e-01    1.11539e-02    
7.87009e-01    1.15732e-02    
8.00483e-01    1.20032e-02    
8.14187e-01    1.24439e-02    
8.28126e-01    1.28950e-02    
8.42303e-01    1.33564e-02    
8.56724e-01    1.38279e-02    
8.71391e-01    1.43093e-02    
8.86309e-01    1.48002e-02    
9.01482e-01    1.53003e-02    
9.16916e-01    1.58093e-02    
9.32613e-01    1.63266e-02    
9.48580e-01    1.68518e-02    
9.64819e-01    1.73844e-02    
9.81337e-01    1.79238e-02    
9.98137e-01    1.84694e-02    
1.01523e+00    1.90204e-02    
1.03261e+00    1.95762e-02    
1.05028e+00    2.01360e-02    
1.06826e+00    2.06988e-02    
1.08655e+00    2.12639e-02    
1.10516e+00    2.18302e-02    
1.12408e+00    2.23969e-02    
1.14332e+00    2.29629e-02    
1.16289e+00    2.35272e-02    
1.18280e+00    2.40886e-02    
1.20305e+00    2.46462e-02    
1.22365e+00    2.51987e-02    
1.24460e+00    2.57450e-02    
1.26590e+00    2.62842e-02    
1.28758e+00    2.68149e-02    
1.30962e+00    2.73364e-02    
1.33204e+00    2.78474e-02    
1.35484e+00    2.83470e-02    
1.37804e+00    2.88342e-02    
1.40163e+00    2.93080e-02    
1.42563e+00    2.97675e-02    
1.45003e+00    3.02119e-02    
1.47486e+00    3.06402e-02    
1.50011e+00    3.10516e-02    
1.52579e+00    3.14454e-02    
1.55191e+00    3.18208e-02    
1.57848e+00    3.21771e-02    
1.60550e+00    3.25135e-02    
1.63299e+00    3.28293e-02    
1.66095e+00    3.31240e-02    
1.68938e+00    3.33970e-02    
1.71830e+00    3.36477e-02    
1.74772e+00    3.38759e-02    
1.77764e+00    3.40811e-02    
1.80807e+00    3.42631e-02    
1.83903e+00    3.44218e-02    
1.87051e+00    3.45571e-02    
1.90254e+00    3.46689e-02    
1.93511e+00    3.47573e-02    
1.96824e+00    3.48225e-02    
2.00193e+00    3.48645e-02    
2.03620e+00    3.48836e-02    
2.07106e+00    3.48800e-02    
2.10652e+00    3.48538e-02    
2.14258e+00    3.48054e-02    
2.17927e+00    3.47350e-02    
2.21657e+00    3.46427e-02    
2.25452e+00    3.45286e-02    
2.29312e+00    3.43925e-02    
2.33238e+00    3.42346e-02    
2.37231e+00    3.40546e-02    
2.41292e+00    3.38527e-02    
2.45423e+00    3.36291e-02    
2.49625e+00    3.33839e-02    
2.53898e+00    3.31177e-02    
2.58245e+00    3.28310e-02    
2.62666e+00    3.25246e-02    
2.67163e+00    3.21993e-02    
2.71737e+00    3.18565e-02    
2.76389e+00    3.14973e-02    
2.81121e+00    3.11230e-02    
2.85933e+00    3.07345e-02    
2.90828e+00    3.03331e-02    
2.95807e+00    2.99198e-02    
3.00872e+00    2.94954e-02    
3.06023e+00    2.90608e-02    
3.11262e+00    2.86167e-02    
3.16590e+00    2.81638e-02    
3.22010e+00    2.77026e-02    
3.27523e+00    2.72335e-02    
3.33130e+00    2.67566e-02    
3.38834e+00    2.62720e-02    
3.44634e+00    2.57796e-02    
3.50535e+00    2.52792e-02    
3.56536e+00    2.47707e-02    
3.62640e+00    2.42538e-02    
3.68848e+00    2.37286e-02    
3.75163e+00    2.31952e-02    
3.81585e+00    2.26542e-02    
3.88118e+00    2.21063e-02    
3.94763e+00    2.15531e-02    
4.01521e+00    2.09963e-02    
4.08395e+00    2.04380e-02    
4.15387e+00    1.98806e-02    
4.22498e+00    1.93260e-02    
4.29731e+00    1.87763e-02    
4.37088e+00    1.82331e-02    
4.44571e+00    1.76978e-02    
4.52182e+00    1.71715e-02    
4.59923e+00    1.66550e-02    
4.67797e+00    1.61488e-02    
4.75806e+00    1.56532e-02    
4.83952e+00    1.51685e-02    
4.92237e+00    1.46947e-02    
5.00664e+00    1.42318e-02    
5.09235e+00    1.37797e-02    
5.17953e+00    1.33384e-02    
5.26821e+00    1.29078e-02    
5.35840e+00    1.24876e-02    
5.45013e+00    1.20777e-02    
5.54344e+00    1.16781e-02    
5.63834e+00    1.12884e-02    
5.73487e+00    1.09087e-02    
5.83305e+00    1.05386e-02    
5.93291e+00    1.01782e-02    
6.03449e+00    9.82718e-03    
6.13780e+00    9.48548e-03    
6.24287e+00    9.15293e-03    
6.34975e+00    8.82938e-03    
6.45846e+00    8.51468e-03    
6.56903e+00    8.20870e-03    
6.68149e+00    7.91130e-03    
6.79588e+00    7.62234e-03    
6.91222e+00    7.34171e-03    
7.03056e+00    7.06926e-03    
7.15092e+00    6.80487e-03    
7.27334e+00    6.54843e-03    
7.39786e+00    6.29980e-03    
7.52451e+00    6.05889e-03    
7.65333e+00    5.82559e-03    
7.78436e+00    5.59977e-03    
7.91763e+00    5.38134e-03    
8.05317e+00    5.17015e-03    
8.19104e+00    4.96610e-03    
8.33127e+00    4.76904e-03    
8.47391e+00    4.57885e-03    
8.61898e+00    4.39537e-03    
8.76653e+00    4.21847e-03    
8.91662e+00    4.04800e-03    
9.06927e+00    3.88383e-03    
9.22453e+00    3.72580e-03    
9.38246e+00    3.57375e-03    
9.54309e+00    3.42752e-03    
9.70646e+00    3.28695e-03    
9.87264e+00    3.15186e-03    
1.00417e+01    3.02207e-03    
1.02136e+01    2.89740e-03    
1.03884e+01    2.77763e-03    
1.05663e+01    2.66258e-03    
1.07472e+01    2.55204e-03    
1.09312e+01    2.44584e-03    
1.11183e+01    2.34378e-03    
1.13086e+01    2.24571e-03    
1.15022e+01    2.15146e-03    
1.16992e+01    2.06090e-03    
1.18995e+01    1.97386e-03    
1.21032e+01    1.89024e-03    
1.23104e+01    1.80992e-03    
1.25211e+01    1.73279e-03    
1.27355e+01    1.65872e-03    
1.29535e+01    1.58763e-03    
1.31753e+01    1.51940e-03    
1.34008e+01    1.45394e-03    
1.36303e+01    1.39114e-03    
1.38636e+01    1.33090e-03    
1.41010e+01    1.27314e-03    
1.43424e+01    1.21775e-03    
1.45879e+01    1.16464e-03    
1.48377e+01    1.11372e-03    
1.50917e+01    1.06491e-03    
1.53500e+01    1.01813e-03    
1.56128e+01    9.73305e-04    
1.58801e+01    9.30353e-04    
1.61520e+01    8.89204e-04    
1.64285e+01    8.49789e-04    
1.67098e+01    8.12038e-04    
1.69958e+01    7.75887e-04    
1.72868e+01    7.41273e-04    
1.75828e+01    7.08135e-04    
1.78838e+01    6.76413e-04    
1.81899e+01    6.46052e-04    
1.85013e+01    6.16996e-04    
1.88181e+01    5.89193e-04    
1.91403e+01    5.62592e-04    
1.94679e+01    5.37145e-04    
1.98012e+01    5.12804e-04    
2.01402e+01    4.89523e-04    
2.04850e+01    4.67259e-04    
2.08357e+01    4.45971e-04    
2.11924e+01    4.25618e-04    
2.15552e+01    4.06160e-04    
2.19243e+01    3.87562e-04    
2.22996e+01    3.69787e-04    
2.26814e+01    3.52800e-04    
2.30697e+01    3.36567e-04    
2.34646e+01    3.21056e-04    
2.38663e+01    3.06235e-04    
2.42749e+01    2.92077e-04    
2.46905e+01    2.78551e-04    
2.51132e+01    2.65632e-04    
2.55432e+01    2.53292e-04    
2.59805e+01    2.41508e-04    
2.64252e+01    2.30255e-04    
2.68776e+01    2.19511e-04    
2.73378e+01    2.09253e-04    
2.78058e+01    1.99460e-04    
2.82818e+01    1.90111e-04    
2.87660e+01    1.81188e-04    
2.92585e+01    1.72672e-04    
2.97594e+01    1.64545e-04    
3.02689e+01    1.56790e-04    
3.07871e+01    1.49390e-04    
3.13142e+01    1.42329e-04    
3.18502e+01    1.35594e-04    
3.23955e+01    1.29168e-04    
3.29501e+01    1.23040e-04    
3.35142e+01    1.17194e-04    
3.40880e+01    1.11619e-04    
3.46716e+01    1.06302e-04    
3.52652e+01    1.01232e-04    
3.58689e+01    9.63983e-05    
3.64830e+01    9.17894e-05    
3.71076e+01    8.73956e-05    
3.77428e+01    8.32070e-05    
3.83890e+01    7.92143e-05    
3.90462e+01    7.54088e-05    
3.97147e+01    7.17818e-05    
4.03946e+01    6.83252e-05    
4.10861e+01    6.50313e-05    
4.17895e+01    6.18927e-05    
4.25050e+01    5.89021e-05    
4.32327e+01    5.60529e-05    
4.39728e+01    5.33385e-05    
4.47256e+01    5.07527e-05    
4.54913e+01    4.82896e-05    
4.62701e+01    4.59435e-05    
4.70623e+01    4.37090e-05    
4.78680e+01    4.15809e-05    
4.86875e+01    3.95544e-05    
4.95210e+01    3.76246e-05    
5.03688e+01    3.57871e-05    
5.12311e+01    3.40375e-05    
5.21082e+01    3.23718e-05    
5.30002e+01    3.07861e-05    
5.39076e+01    2.92765e-05    
5.48305e+01    2.78396e-05    
5.57692e+01    2.64718e-05    
5.67240e+01    2.51701e-05    
5.76951e+01    2.39311e-05    
5.86828e+01    2.27521e-05    
5.96875e+01    2.16300e-05    
6.07093e+01    2.05624e-05    
6.17486e+01    1.95465e-05    
6.28058e+01    1.85799e-05    
6.38810e+01    1.76603e-05    
6.49746e+01    1.67855e-05    
6.60870e+01    1.59532e-05    
6.72184e+01    1.51615e-05    
6.83692e+01    1.44085e-05    
6.95397e+01    1.36923e-05    
7.07302e+01    1.30111e-05    
7.19411e+01    1.23632e-05    
7.31727e+01    1.17471e-05    
7.44254e+01    1.11613e-05    
7.56996e+01    1.06042e-05    
7.69955e+01    1.00745e-05    
7.83137e+01    9.57083e-06    
7.96544e+01    9.09199e-06    
8.10181e+01    8.63677e-06    
8.24051e+01    8.20401e-06    
8.38159e+01    7.79263e-06    
8.52508e+01    7.40160e-06    
8.67103e+01    7.02991e-06    
8.81948e+01    6.67665e-06    
8.97047e+01    6.34090e-06    
9.12404e+01    6.02181e-06    
9.28025e+01    5.71858e-06    
9.43912e+01    5.43043e-06    
9.60072e+01    5.15662e-06    
9.76508e+01    4.89645e-06    
9.93226e+01    4.64925e-06    
1.01023e+02    4.41439e-06    
1.02753e+02    4.19127e-06    
1.04512e+02    3.97930e-06    
1.06301e+02    3.77793e-06    
1.08121e+02    3.58666e-06    
1.09972e+02    3.40497e-06    
1.11854e+02    3.23240e-06    
1.13769e+02    3.06849e-06    
1.15717e+02    2.91283e-06    
1.17698e+02    2.76499e-06    
1.19713e+02    2.62461e-06    
1.21763e+02    2.49129e-06    
1.23847e+02    2.36470e-06    
1.25968e+02    2.24451e-06    
1.28124e+02    2.13039e-06    
1.30318e+02    2.02203e-06    
1.32549e+02    1.91917e-06    
1.34818e+02    1.82152e-06    
1.37126e+02    1.72881e-06    
1.39473e+02    1.64082e-06    
1.41861e+02    1.55729e-06    
1.44290e+02    1.47801e-06    
1.46760e+02    1.40277e-06    
1.49273e+02    1.33136e-06    
1.51828e+02    1.26359e-06    
1.54427e+02    1.19927e-06    
1.57071e+02    1.13824e-06    
1.59760e+02    1.08033e-06    
1.62495e+02    1.02538e-06    
1.65277e+02    9.73248e-07    
1.68107e+02    9.23783e-07    
1.70985e+02    8.76853e-07    
1.73912e+02    8.32331e-07    
1.76889e+02    7.90094e-07    
1.79918e+02    7.50027e-07    
1.82998e+02    7.12019e-07    
1.86131e+02    6.75965e-07    
1.89317e+02    6.41766e-07    
1.92559e+02    6.09328e-07    
1.95855e+02    5.78559e-07    
1.99208e+02    5.49375e-07    
2.02619e+02    5.21694e-07    
2.06087e+02    4.95438e-07    
2.09616e+02    4.70535e-07    
2.13204e+02    4.46914e-07    
2.16854e+02    4.24509e-07    
2.20567e+02    4.03257e-07    
2.24343e+02    3.83098e-07    
2.28184e+02    3.63976e-07    
2.32090e+02    3.45835e-07    
2.36063e+02    3.28625e-07    
2.40105e+02    3.12297e-07    
2.44215e+02    2.96805e-07    
2.48396e+02    2.82106e-07    
2.52649e+02    2.68156e-07    
2.56974e+02    2.54918e-07    
2.61374e+02    2.42353e-07    
2.65848e+02    2.30427e-07    
2.70400e+02    2.19105e-07    
2.75029e+02    2.08357e-07    
2.79737e+02    1.98151e-07    
2.84526e+02    1.88459e-07    
2.89398e+02    1.79255e-07    
2.94352e+02    1.70513e-07    
2.99391e+02    1.62208e-07    
3.04517e+02    1.54318e-07    
3.09730e+02    1.46822e-07    
3.15033e+02    1.39698e-07    
3.20426e+02    1.32928e-07    
3.25912e+02    1.26493e-07    
3.31491e+02    1.20376e-07    
3.37166e+02    1.14560e-07    
3.42939e+02    1.09031e-07    
3.48810e+02    1.03774e-07    
3.54781e+02    9.87736e-08    
3.60855e+02    9.40182e-08    
3.67033e+02    8.94952e-08    
3.73317e+02    8.51926e-08    
3.79708e+02    8.10995e-08    
3.86208e+02    7.72053e-08    
3.92820e+02    7.35001e-08    
3.99545e+02    6.99745e-08    
4.06385e+02    6.66195e-08    
4.13343e+02    6.34268e-08    
4.20419e+02    6.03882e-08    
4.27617e+02    5.74961e-08    
4.34938e+02    5.47434e-08    
4.42384e+02    5.21233e-08    
4.49957e+02    4.96291e-08    
4.57660e+02    4.72549e-08    
4.65496e+02    4.49946e-08    
4.73465e+02    4.28429e-08    
4.81571e+02    4.07943e-08    
4.89815e+02    3.88439e-08    
4.98201e+02    3.69870e-08    
5.06730e+02    3.52190e-08    
5.15405e+02    3.35356e-08    
5.24229e+02    3.19327e-08    
5.33203e+02    3.04066e-08    
5.42332e+02    2.89533e-08    
5.51616e+02    2.75696e-08    
5.61060e+02    2.62520e-08    
5.70665e+02    2.49973e-08    
5.80435e+02    2.38025e-08    
5.90372e+02    2.26648e-08    
6.00479e+02    2.15815e-08    
6.10760e+02    2.05499e-08    
6.21216e+02    1.95675e-08    
6.31851e+02    1.86320e-08    
6.42668e+02    1.77412e-08    
6.53671e+02    1.68929e-08    
6.64861e+02    1.60851e-08    
6.76244e+02    1.53158e-08    
6.87821e+02    1.45833e-08    
6.99596e+02    1.38857e-08    
7.11574e+02    1.32214e-08    
7.23756e+02    1.25888e-08    
7.36146e+02    1.19865e-08    
7.48749e+02    1.14129e-08    
7.61568e+02    1.08666e-08    
7.74606e+02    1.03465e-08    
7.87867e+02    9.85119e-09    
8.01355e+02    9.37954e-09    
8.15074e+02    8.93041e-09    
8.29028e+02    8.50273e-09    
8.43221e+02    8.09549e-09    
8.57657e+02    7.70769e-09    
8.72340e+02    7.33843e-09    
8.87274e+02    6.98681e-09    
9.02465e+02    6.65200e-09    
9.17915e+02    6.33318e-09    
9.33629e+02    6.02961e-09    
9.49613e+02    5.74055e-09    
9.65870e+02    5.46531e-09    
9.82406e+02    5.20323e-09    
9.99225e+02    4.95368e-09    
1.01633e+03    4.71608e-09    
1.03373e+03    4.48984e-09    
1.05143e+03    4.27442e-09    
1.06943e+03    4.06931e-09    
1.08774e+03    3.87402e-09    
1.10636e+03    3.68807e-09    
1.12530e+03    3.51103e-09    
1.14457e+03    3.34246e-09    
1.16416e+03    3.18196e-09    
1.18409e+03    3.02915e-09    
1.20436e+03    2.88366e-09    
1.22498e+03    2.74514e-09    
1.24595e+03    2.61325e-09    
1.26728e+03    2.48769e-09    
1.28898e+03    2.36814e-09    
1.31105e+03    2.25433e-09    
1.33349e+03    2.14596e-09    
1.35632e+03    2.04280e-09    
1.37954e+03    1.94458e-09    
1.40316e+03    1.85107e-09    
1.42718e+03    1.76205e-09    
1.45161e+03    1.67730e-09    
1.47646e+03    1.59661e-09    
1.50174e+03    1.51979e-09    
1.52745e+03    1.44667e-09    
1.55360e+03    1.37705e-09    
1.58020e+03    1.31077e-09    
1.60725e+03    1.24768e-09    
1.63477e+03    1.18761e-09    
1.66275e+03    1.13043e-09    
1.69122e+03    1.07600e-09    
1.72017e+03    1.02418e-09    
1.74962e+03    9.74849e-10    
1.77958e+03    9.27890e-10    
1.81004e+03    8.83188e-10    
1.84103e+03    8.40634e-10    
1.87255e+03    8.00125e-10    
1.90461e+03    7.61564e-10    
1.93721e+03    7.24857e-10    
1.97038e+03    6.89915e-10    
2.00411e+03    6.56654e-10    
2.03842e+03    6.24993e-10    
2.07332e+03    5.94854e-10    
2.10882e+03    5.66166e-10    
2.14492e+03    5.38858e-10    
2.18164e+03    5.12864e-10    
2.21899e+03    4.88122e-10    
2.25698e+03    4.64570e-10    
2.29562e+03    4.42152e-10    
2.33492e+03    4.20814e-10    
2.37489e+03    4.00503e-10    
2.41555e+03    3.81171e-10    
2.45690e+03    3.62769e-10    
2.49897e+03    3.45254e-10    
2.54175e+03    3.28583e-10    
2.58526e+03    3.12715e-10    
2.62952e+03    2.97612e-10    
2.67454e+03    2.83236e-10    
2.72033e+03    2.69554e-10    
2.76690e+03    2.56531e-10    
2.81427e+03    2.44136e-10    
2.86245e+03    2.32339e-10    
2.91145e+03    2.21110e-10    
2.96130e+03    2.10423e-10    
3.01199e+03    2.00252e-10    
3.06356e+03    1.90571e-10    
3.11601e+03    1.81357e-10    
3.16935e+03    1.72588e-10    
3.22361e+03    1.64242e-10    
3.27880e+03    1.56299e-10    
3.33493e+03    1.48739e-10    
3.39203e+03    1.41544e-10    
3.45010e+03    1.34697e-10    
3.50916e+03    1.28180e-10    
3.56924e+03    1.21978e-10    
3.63035e+03    1.16075e-10    
3.69250e+03    1.10458e-10    
3.75571e+03    1.05111e-10    
3.82001e+03    1.00023e-10    
3.88541e+03    9.51813e-11    
3.95193e+03    9.05731e-11    
4.01958e+03    8.61876e-11    
4.08840e+03    8.20141e-11    
4.15839e+03    7.80422e-11    
4.22958e+03    7.42624e-11    
4.30199e+03    7.06653e-11    
4.37564e+03    6.72422e-11    
4.45055e+03    6.39845e-11    
4.52675e+03    6.08844e-11    
4.60424e+03    5.79342e-11    
4.68307e+03    5.51268e-11    
4.76324e+03    5.24551e-11    
4.84479e+03    4.99127e-11    
4.92773e+03    4.74933e-11    
5.01209e+03    4.51909e-11    
5.09790e+03    4.30000e-11    
5.18518e+03    4.09151e-11    
5.27395e+03    3.89312e-11    
5.36424e+03    3.70432e-11    
5.45607e+03    3.52467e-11    
5.54948e+03    3.35371e-11    
5.64449e+03    3.19104e-11    
5.74112e+03    3.03624e-11    
5.83941e+03    2.88893e-11    
5.93938e+03    2.74876e-11    
6.04106e+03    2.61539e-11    
6.14448e+03    2.48847e-11    
6.24968e+03    2.36770e-11    
6.35667e+03    2.25278e-11    
6.46550e+03    2.14343e-11    
6.57618e+03    2.03939e-11    
6.68877e+03    1.94038e-11    
6.80328e+03    1.84617e-11    
6.91975e+03    1.75653e-11    
7.03822e+03    1.67123e-11    
7.15871e+03    1.59007e-11    
7.28127e+03    1.51285e-11    
7.40592e+03    1.43937e-11    
7.53271e+03    1.36945e-11    
7.66167e+03    1.30293e-11    
7.79284e+03    1.23963e-11    
7.92625e+03    1.17940e-11    
8.06195e+03    1.12209e-11    
8.19997e+03    1.06757e-11    
8.34035e+03    1.01569e-11    
8.48314e+03    9.66323e-12    
8.62837e+03    9.19355e-12    
8.77609e+03    8.74667e-12    
8.92633e+03    8.32148e-12    
9.07915e+03    7.91693e-12    
9.23458e+03    7.53201e-12    
9.39268e+03    7.16579e-12    
9.55348e+03    6.81734e-12    
9.71704e+03    6.48582e-12    
9.88339e+03    6.17039e-12    
1.00526e+04    5.87028e-12    
1.02247e+04    5.58475e-12    
1.03997e+04    5.31309e-12    
1.05778e+04    5.05462e-12    
1.07589e+04    4.80871e-12    
1.09431e+04    4.57474e-12    
1.11304e+04    4.35215e-12    
1.13210e+04    4.14037e-12    
1.15148e+04    3.93888e-12    
1.17119e+04    3.74718e-12    
1.19124e+04    3.56480e-12    
1.21164e+04    3.39129e-12    
1.23238e+04    3.22621e-12    
1.25348e+04    3.06915e-12    
1.27494e+04    2.91973e-12    
1.29676e+04    2.77758e-12    
1.31896e+04    2.64233e-12    
1.34154e+04    2.51367e-12    
1.36451e+04    2.39126e-12    
1.38787e+04    2.27480e-12    
1.41163e+04    2.16401e-12    
1.43580e+04    2.05861e-12    
1.46038e+04    1.95833e-12    
1.48538e+04    1.86294e-12    
1.51081e+04    1.77218e-12    
1.53668e+04    1.68584e-12    
1.56298e+04    1.60370e-12    
1.58974e+04    1.52556e-12    
1.61696e+04    1.45122e-12    
1.64464e+04    1.38050e-12    
1.67280e+04    1.31322e-12    
1.70144e+04    1.24922e-12    
1.73056e+04    1.18833e-12    
1.76019e+04    1.13041e-12    
1.79033e+04    1.07530e-12    
1.82098e+04    1.02288e-12    
1.85215e+04    9.73012e-13    
1.88386e+04    9.25572e-13    
1.91611e+04    8.80442e-13    
1.94891e+04    8.37510e-13    
1.98228e+04    7.96669e-13    
2.01622e+04    7.57818e-13    
2.05073e+04    7.20859e-13    
2.08584e+04    6.85700e-13    
2.12155e+04    6.52255e-13    
2.15787e+04    6.20438e-13    
2.19482e+04    5.90172e-13    
2.23239e+04    5.61381e-13    
2.27061e+04    5.33993e-13    
2.30948e+04    5.07939e-13    
2.34902e+04    4.83155e-13    
2.38923e+04    4.59580e-13    
2.43014e+04    4.37153e-13    
2.47174e+04    4.15819e-13    
2.51406e+04    3.95526e-13    
2.55710e+04    3.76222e-13    
2.60088e+04    3.57859e-13    
2.64540e+04    3.40391e-13    
2.69069e+04    3.23775e-13    
2.73676e+04    3.07969e-13    
2.78361e+04    2.92934e-13    
2.83126e+04    2.78633e-13    
2.87974e+04    2.65028e-13    
2.92904e+04    2.52088e-13    
2.97918e+04    2.39778e-13    
3.03019e+04    2.28069e-13    
3.08206e+04    2.16932e-13    
3.13483e+04    2.06337e-13    
3.18849e+04    1.96260e-13    
3.24308e+04    1.86674e-13    
3.29860e+04    1.77556e-13    
3.35507e+04    1.68882e-13    
3.41251e+04    1.60633e-13    
3.47094e+04    1.52785e-13    
3.53036e+04    1.45321e-13    
3.59080e+04    1.38221e-13    
3.65227e+04    1.31467e-13    
3.71480e+04    1.25044e-13    
3.77840e+04    1.18933e-13    
3.84308e+04    1.13121e-13    
3.90887e+04    1.07593e-13    
3.97579e+04    1.02335e-13    
4.04386e+04    9.73334e-14    
4.11309e+04    9.25761e-14    
4.18351e+04    8.80511e-14    
4.25513e+04    8.37470e-14    
4.32797e+04    7.96532e-14    
4.40207e+04    7.57593e-14    
4.47743e+04    7.20556e-14    
4.55409e+04    6.85327e-14    
4.63205e+04    6.51820e-14    
4.71135e+04    6.19949e-14    
4.79201e+04    5.89636e-14    
4.87405e+04    5.60803e-14    
4.95749e+04    5.33379e-14    
5.04236e+04    5.07294e-14    
5.12869e+04    4.82485e-14    
5.21649e+04    4.58887e-14    
5.30580e+04    4.36443e-14    
5.39663e+04    4.15096e-14    
5.48902e+04    3.94791e-14    
5.58300e+04    3.75479e-14    
5.67858e+04    3.57111e-14    
5.77579e+04    3.39641e-14    
5.87467e+04    3.23025e-14    
5.97525e+04    3.07221e-14    
6.07754e+04    2.92189e-14    
6.18159e+04    2.77893e-14    
6.28742e+04    2.64295e-14    
6.39506e+04    2.51362e-14    
6.50454e+04    2.39062e-14    
6.61590e+04    2.27362e-14    
6.72916e+04    2.16235e-14    
6.84437e+04    2.05653e-14    
6.96154e+04    1.95587e-14    
7.08072e+04    1.86014e-14    
7.20195e+04    1.76909e-14    
7.32524e+04    1.68249e-14    
7.45065e+04    1.60013e-14    
7.57820e+04    1.52180e-14    
7.70794e+04    1.44730e-14    
7.83990e+04    1.37644e-14    
7.97412e+04    1.30906e-14    
8.11064e+04    1.24496e-14    
8.24949e+04    1.18401e-14    
8.39072e+04    1.12603e-14    
8.53437e+04    1.07089e-14    
8.68048e+04    1.01845e-14    
8.82909e+04    9.68577e-15    
8.98024e+04    9.21144e-15    
9.13398e+04    8.76031e-15    
9.29036e+04    8.33127e-15    
9.44941e+04    7.92322e-15    
9.61118e+04    7.53514e-15    
9.77572e+04    7.16606e-15    
9.94308e+04    6.81504e-15    
1.01133e+05    6.48120e-15    
1.02864e+05    6.16371e-15    
1.04625e+05    5.86175e-15    
1.06417e+05    5.57458e-15    
1.08239e+05    5.30147e-15    
1.10092e+05    5.04173e-15    
1.11976e+05    4.79471e-15    
1.13893e+05    4.55978e-15    
1.15843e+05    4.33635e-15    
1.17826e+05    4.12387e-15    
1.19844e+05    3.92179e-15    
1.21895e+05    3.72960e-15    
1.23982e+05    3.54683e-15    
1.26105e+05    3.37301e-15    
1.28264e+05    3.20770e-15    
1.30460e+05    3.05048e-15    
1.32693e+05    2.90097e-15    
1.34965e+05    2.75878e-15    
1.37275e+05    2.62356e-15    
1.39625e+05    2.49496e-15    
1.42016e+05    2.37265e-15    
1.44447e+05    2.25635e-15    
1.46920e+05    2.14573e-15    
1.49435e+05    2.04054e-15    
1.51994e+05    1.94050e-15    
1.54596e+05    1.84536e-15    
1.57242e+05    1.75489e-15    
1.59934e+05    1.66885e-15    
1.62672e+05    1.58702e-15    
1.65457e+05    1.50920e-15    
1.68290e+05    1.43520e-15    
1.71171e+05    1.36482e-15    
1.74102e+05    1.29789e-15    
1.77082e+05    1.23424e-15    
1.80114e+05    1.17372e-15    
1.83197e+05    1.11615e-15    
1.86334e+05    1.06141e-15    
1.89524e+05    1.00935e-15    
1.92768e+05    9.59849e-16    
1.96068e+05    9.12769e-16    
1.99425e+05    8.67998e-16    
2.02839e+05    8.25421e-16    
2.06312e+05    7.84932e-16    
2.09844e+05    7.46428e-16    
2.13436e+05    7.09811e-16    
2.17090e+05    6.74990e-16    
2.20807e+05    6.41876e-16    
2.24587e+05    6.10385e-16    
2.28432e+05    5.80439e-16    
2.32343e+05    5.51961e-16    
2.36321e+05    5.24879e-16    
2.40366e+05    4.99126e-16    
2.44482e+05    4.74635e-16    
2.48667e+05    4.51345e-16    
2.52924e+05    4.29198e-16    
2.57254e+05    4.08137e-16    
2.61658e+05    3.88108e-16    
2.66138e+05    3.69062e-16    
2.70694e+05    3.50951e-16    
2.75329e+05    3.33727e-16    
2.80042e+05    3.17349e-16    
2.84836e+05    3.01773e-16    
2.89713e+05    2.86962e-16    
2.94673e+05    2.72878e-16    
2.99717e+05    2.59484e-16    
3.04849e+05    2.46747e-16    
3.10068e+05    2.34636e-16    
3.15376e+05    2.23118e-16    
3.20775e+05    2.12166e-16    
3.26267e+05    2.01751e-16    
3.31852e+05    1.91847e-16    
3.37534e+05    1.82428e-16    
3.43312e+05    1.73472e-16    
3.49190e+05    1.64956e-16    
3.55168e+05    1.56857e-16    
3.61248e+05    1.49156e-16    
3.67433e+05    1.41833e-16    
3.73723e+05    1.34869e-16    
3.80121e+05    1.28247e-16    
3.86629e+05    1.21950e-16    
3.93248e+05    1.15962e-16    
3.99981e+05    1.10267e-16    
4.06828e+05    1.04853e-16    
4.13793e+05    9.97038e-17    
4.20877e+05    9.48076e-17    
4.28083e+05    9.01517e-17    
4.35411e+05    8.57244e-17    
4.42866e+05    8.15143e-17    
4.50447e+05    7.75110e-17    
4.58159e+05    7.37042e-17    
4.66003e+05    7.00842e-17    
4.73981e+05    6.66420e-17    
4.82095e+05    6.33688e-17    
4.90349e+05    6.02562e-17    
4.98743e+05    5.72965e-17    
5.07282e+05    5.44821e-17    
5.15966e+05    5.18059e-17    
5.24800e+05    4.92611e-17    
5.33784e+05    4.68412e-17    
5.42923e+05    4.45402e-17    
5.52217e+05    4.23521e-17    
5.61671e+05    4.02715e-17    
5.71287e+05    3.82931e-17    
5.81068e+05    3.64118e-17    
5.91015e+05    3.46229e-17    
6.01134e+05    3.29218e-17    
6.11425e+05    3.13043e-17    
6.21892e+05    2.97662e-17    
6.32539e+05    2.83037e-17    
6.43368e+05    2.69130e-17    
6.54383e+05    2.55906e-17    
6.65586e+05    2.43332e-17    
6.76980e+05    2.31375e-17    
6.88570e+05    2.20005e-17    
7.00359e+05    2.09194e-17    
7.12349e+05    1.98914e-17    
7.24544e+05    1.89139e-17    
7.36948e+05    1.79845e-17    
7.49565e+05    1.71006e-17    
7.62397e+05    1.62602e-17    
7.75449e+05    1.54611e-17    
7.88725e+05    1.47012e-17    
8.02228e+05    1.39787e-17    
8.15962e+05    1.32917e-17    
8.29931e+05    1.26384e-17    
8.44140e+05    1.20172e-17    
8.58591e+05    1.14265e-17    
8.73290e+05    1.08649e-17    
8.88241e+05    1.03309e-17    
9.03448e+05    9.82305e-18    
9.18915e+05    9.34019e-18    
9.34646e+05    8.88107e-18    
9.50648e+05    8.44450e-18    
9.66923e+05    8.02938e-18    
9.83476e+05    7.63467e-18    
1.00031e+06    7.25935e-18    
1.01744e+06    6.90248e-18    
1.03486e+06    6.56314e-18    
1.05257e+06    6.24048e-18    
1.07059e+06    5.93368e-18    
1.08892e+06    5.64195e-18    
1.10756e+06    5.36457e-18    
1.12653e+06    5.10081e-18    
1.14581e+06    4.85002e-18    
1.16543e+06    4.61156e-18    
1.18538e+06    4.38482e-18    
1.20567e+06    4.16922e-18    
1.22632e+06    3.96422e-18    
1.24731e+06    3.76929e-18    
1.26866e+06    3.58395e-18    
1.29038e+06    3.40772e-18    
1.31247e+06    3.24015e-18    
1.33494e+06    3.08082e-18    
1.35780e+06    2.92932e-18    
1.38104e+06    2.78527e-18    
1.40469e+06    2.64830e-18    
1.42873e+06    2.51806e-18    
1.45319e+06    2.39423e-18    
1.47807e+06    2.27648e-18    
1.50338e+06    2.16452e-18    
1.52912e+06    2.05807e-18    
1.55529e+06    1.95685e-18    
1.58192e+06    1.86061e-18    
1.60900e+06    1.76910e-18    
1.63655e+06    1.68209e-18    
1.66457e+06    1.59936e-18    
1.69306e+06    1.52069e-18    
1.72205e+06    1.44589e-18    
1.75153e+06    1.37477e-18    
1.78152e+06    1.30715e-18    
1.81202e+06    1.24286e-18    
1.84304e+06    1.18172e-18    
1.87459e+06    1.12359e-18    
1.90668e+06    1.06832e-18    
1.93933e+06    1.01577e-18    
1.97253e+06    9.65803e-19    
2.00630e+06    9.18293e-19    
2.04064e+06    8.73119e-19    
2.07558e+06    8.30166e-19    
2.11111e+06    7.89326e-19    

