# USINE V4.0
# File generated 13-05-2022 06:37:25
# Model1DKisoVc
# CA
# SolMod0DFF_phi0_570GV
# R [GV]       TOA [GV m^{2} s sr]^{-1}
1.03566e-01    4.27912e-05    
1.05320e-01    4.49779e-05    
1.07104e-01    4.72759e-05    
1.08917e-01    4.96908e-05    
1.10762e-01    5.22286e-05    
1.12638e-01    5.48953e-05    
1.14545e-01    5.76976e-05    
1.16485e-01    6.06424e-05    
1.18458e-01    6.37366e-05    
1.20464e-01    6.69881e-05    
1.22504e-01    7.04046e-05    
1.24578e-01    7.39944e-05    
1.26688e-01    7.77664e-05    
1.28833e-01    8.17297e-05    
1.31015e-01    8.58938e-05    
1.33234e-01    9.02690e-05    
1.35490e-01    9.48659e-05    
1.37785e-01    9.96955e-05    
1.40118e-01    1.04770e-04    
1.42491e-01    1.10100e-04    
1.44904e-01    1.15701e-04    
1.47358e-01    1.21584e-04    
1.49853e-01    1.27765e-04    
1.52391e-01    1.34258e-04    
1.54972e-01    1.41079e-04    
1.57596e-01    1.48245e-04    
1.60265e-01    1.55771e-04    
1.62979e-01    1.63677e-04    
1.65739e-01    1.71982e-04    
1.68546e-01    1.80705e-04    
1.71400e-01    1.89867e-04    
1.74303e-01    1.99491e-04    
1.77255e-01    2.09598e-04    
1.80256e-01    2.20213e-04    
1.83309e-01    2.31362e-04    
1.86413e-01    2.43070e-04    
1.89570e-01    2.55367e-04    
1.92780e-01    2.68279e-04    
1.96045e-01    2.81840e-04    
1.99365e-01    2.96079e-04    
2.02741e-01    3.11030e-04    
2.06175e-01    3.26724e-04    
2.09666e-01    3.43196e-04    
2.13217e-01    3.60484e-04    
2.16828e-01    3.78628e-04    
2.20500e-01    3.97667e-04    
2.24234e-01    4.17646e-04    
2.28031e-01    4.38608e-04    
2.31893e-01    4.60601e-04    
2.35820e-01    4.83673e-04    
2.39813e-01    5.07875e-04    
2.43875e-01    5.33261e-04    
2.48005e-01    5.59885e-04    
2.52204e-01    5.87806e-04    
2.56475e-01    6.17085e-04    
2.60819e-01    6.47783e-04    
2.65236e-01    6.79967e-04    
2.69727e-01    7.13705e-04    
2.74295e-01    7.49069e-04    
2.78940e-01    7.86132e-04    
2.83664e-01    8.24972e-04    
2.88468e-01    8.65669e-04    
2.93353e-01    9.08307e-04    
2.98321e-01    9.52972e-04    
3.03373e-01    9.99755e-04    
3.08511e-01    1.04875e-03    
3.13735e-01    1.10005e-03    
3.19048e-01    1.15377e-03    
3.24451e-01    1.21000e-03    
3.29946e-01    1.26885e-03    
3.35533e-01    1.33044e-03    
3.41215e-01    1.39488e-03    
3.46994e-01    1.46230e-03    
3.52870e-01    1.53281e-03    
3.58846e-01    1.60656e-03    
3.64923e-01    1.68366e-03    
3.71103e-01    1.76426e-03    
3.77387e-01    1.84851e-03    
3.83778e-01    1.93654e-03    
3.90277e-01    2.02852e-03    
3.96887e-01    2.12458e-03    
4.03608e-01    2.22491e-03    
4.10443e-01    2.32965e-03    
4.17394e-01    2.43897e-03    
4.24462e-01    2.55306e-03    
4.31650e-01    2.67208e-03    
4.38960e-01    2.79622e-03    
4.46394e-01    2.92567e-03    
4.53954e-01    3.06061e-03    
4.61641e-01    3.20123e-03    
4.69459e-01    3.34773e-03    
4.77409e-01    3.50031e-03    
4.85494e-01    3.65917e-03    
4.93716e-01    3.82452e-03    
5.02077e-01    3.99656e-03    
5.10579e-01    4.17551e-03    
5.19226e-01    4.36157e-03    
5.28019e-01    4.55496e-03    
5.36961e-01    4.75588e-03    
5.46054e-01    4.96455e-03    
5.55301e-01    5.18118e-03    
5.64705e-01    5.40599e-03    
5.74268e-01    5.63917e-03    
5.83993e-01    5.88094e-03    
5.93883e-01    6.13150e-03    
6.03941e-01    6.39104e-03    
6.14168e-01    6.65976e-03    
6.24569e-01    6.93784e-03    
6.35146e-01    7.22545e-03    
6.45902e-01    7.52278e-03    
6.56840e-01    7.82997e-03    
6.67964e-01    8.14718e-03    
6.79275e-01    8.47453e-03    
6.90779e-01    8.81216e-03    
7.02477e-01    9.16017e-03    
7.14373e-01    9.51864e-03    
7.26471e-01    9.88765e-03    
7.38774e-01    1.02673e-02    
7.51285e-01    1.06575e-02    
7.64008e-01    1.10583e-02    
7.76946e-01    1.14697e-02    
7.90103e-01    1.18917e-02    
8.03483e-01    1.23242e-02    
8.17090e-01    1.27670e-02    
8.30928e-01    1.32201e-02    
8.44999e-01    1.36832e-02    
8.59309e-01    1.41562e-02    
8.73861e-01    1.46387e-02    
8.88660e-01    1.51306e-02    
9.03709e-01    1.56315e-02    
9.19013e-01    1.61409e-02    
9.34577e-01    1.66585e-02    
9.50403e-01    1.71839e-02    
9.66498e-01    1.77164e-02    
9.82866e-01    1.82556e-02    
9.99510e-01    1.88008e-02    
1.01644e+00    1.93514e-02    
1.03365e+00    1.99067e-02    
1.05115e+00    2.04659e-02    
1.06896e+00    2.10281e-02    
1.08706e+00    2.15926e-02    
1.10547e+00    2.21584e-02    
1.12419e+00    2.27246e-02    
1.14323e+00    2.32901e-02    
1.16259e+00    2.38540e-02    
1.18227e+00    2.44151e-02    
1.20230e+00    2.49723e-02    
1.22266e+00    2.55245e-02    
1.24336e+00    2.60705e-02    
1.26442e+00    2.66090e-02    
1.28583e+00    2.71389e-02    
1.30761e+00    2.76590e-02    
1.32975e+00    2.81680e-02    
1.35227e+00    2.86647e-02    
1.37517e+00    2.91479e-02    
1.39846e+00    2.96163e-02    
1.42214e+00    3.00687e-02    
1.44622e+00    3.05039e-02    
1.47072e+00    3.09207e-02    
1.49562e+00    3.13180e-02    
1.52095e+00    3.16947e-02    
1.54671e+00    3.20495e-02    
1.57290e+00    3.23815e-02    
1.59954e+00    3.26896e-02    
1.62662e+00    3.29729e-02    
1.65417e+00    3.32304e-02    
1.68218e+00    3.34612e-02    
1.71067e+00    3.36647e-02    
1.73964e+00    3.38401e-02    
1.76910e+00    3.39870e-02    
1.79906e+00    3.41047e-02    
1.82953e+00    3.41932e-02    
1.86051e+00    3.42522e-02    
1.89202e+00    3.42816e-02    
1.92406e+00    3.42816e-02    
1.95664e+00    3.42523e-02    
1.98978e+00    3.41941e-02    
2.02347e+00    3.41072e-02    
2.05774e+00    3.39922e-02    
2.09259e+00    3.38496e-02    
2.12803e+00    3.36799e-02    
2.16406e+00    3.34837e-02    
2.20071e+00    3.32617e-02    
2.23798e+00    3.30146e-02    
2.27588e+00    3.27430e-02    
2.31442e+00    3.24478e-02    
2.35362e+00    3.21298e-02    
2.39347e+00    3.17898e-02    
2.43401e+00    3.14289e-02    
2.47523e+00    3.10480e-02    
2.51714e+00    3.06483e-02    
2.55977e+00    3.02309e-02    
2.60312e+00    2.97972e-02    
2.64720e+00    2.93486e-02    
2.69203e+00    2.88864e-02    
2.73762e+00    2.84121e-02    
2.78398e+00    2.79273e-02    
2.83113e+00    2.74333e-02    
2.87907e+00    2.69318e-02    
2.92783e+00    2.64239e-02    
2.97741e+00    2.59112e-02    
3.02784e+00    2.53947e-02    
3.07911e+00    2.48756e-02    
3.13126e+00    2.43552e-02    
3.18428e+00    2.38342e-02    
3.23821e+00    2.33138e-02    
3.29305e+00    2.27946e-02    
3.34881e+00    2.22774e-02    
3.40552e+00    2.17627e-02    
3.46320e+00    2.12510e-02    
3.52184e+00    2.07427e-02    
3.58149e+00    2.02381e-02    
3.64214e+00    1.97373e-02    
3.70382e+00    1.92407e-02    
3.76654e+00    1.87486e-02    
3.83033e+00    1.82612e-02    
3.89519e+00    1.77792e-02    
3.96116e+00    1.73031e-02    
4.02824e+00    1.68339e-02    
4.09645e+00    1.63721e-02    
4.16583e+00    1.59184e-02    
4.23637e+00    1.54733e-02    
4.30812e+00    1.50370e-02    
4.38107e+00    1.46096e-02    
4.45527e+00    1.41911e-02    
4.53072e+00    1.37814e-02    
4.60744e+00    1.33804e-02    
4.68547e+00    1.29877e-02    
4.76482e+00    1.26033e-02    
4.84551e+00    1.22270e-02    
4.92756e+00    1.18585e-02    
5.01101e+00    1.14978e-02    
5.09587e+00    1.11448e-02    
5.18217e+00    1.07994e-02    
5.26993e+00    1.04616e-02    
5.35917e+00    1.01311e-02    
5.44993e+00    9.80805e-03    
5.54222e+00    9.49227e-03    
5.63608e+00    9.18372e-03    
5.73153e+00    8.88236e-03    
5.82859e+00    8.58814e-03    
5.92729e+00    8.30104e-03    
6.02767e+00    8.02101e-03    
6.12975e+00    7.74801e-03    
6.23356e+00    7.48201e-03    
6.33912e+00    7.22296e-03    
6.44647e+00    6.97083e-03    
6.55564e+00    6.72558e-03    
6.66666e+00    6.48715e-03    
6.77956e+00    6.25546e-03    
6.89437e+00    6.03044e-03    
7.01112e+00    5.81201e-03    
7.12985e+00    5.60007e-03    
7.25060e+00    5.39452e-03    
7.37338e+00    5.19525e-03    
7.49825e+00    5.00211e-03    
7.62523e+00    4.81500e-03    
7.75436e+00    4.63379e-03    
7.88568e+00    4.45838e-03    
8.01923e+00    4.28866e-03    
8.15503e+00    4.12452e-03    
8.29313e+00    3.96586e-03    
8.43358e+00    3.81258e-03    
8.57640e+00    3.66460e-03    
8.72164e+00    3.52183e-03    
8.86933e+00    3.38419e-03    
9.01953e+00    3.25163e-03    
9.17228e+00    3.12407e-03    
9.32761e+00    3.00142e-03    
9.48557e+00    2.88361e-03    
9.64621e+00    2.77052e-03    
9.80956e+00    2.66204e-03    
9.97569e+00    2.55803e-03    
1.01446e+01    2.45833e-03    
1.03164e+01    2.36275e-03    
1.04911e+01    2.27109e-03    
1.06688e+01    2.18315e-03    
1.08495e+01    2.09869e-03    
1.10332e+01    2.01751e-03    
1.12200e+01    1.93942e-03    
1.14101e+01    1.86426e-03    
1.16033e+01    1.79185e-03    
1.17998e+01    1.72207e-03    
1.19996e+01    1.65480e-03    
1.22028e+01    1.58994e-03    
1.24095e+01    1.52742e-03    
1.26196e+01    1.46716e-03    
1.28333e+01    1.40911e-03    
1.30507e+01    1.35319e-03    
1.32717e+01    1.29936e-03    
1.34964e+01    1.24754e-03    
1.37250e+01    1.19767e-03    
1.39574e+01    1.14970e-03    
1.41938e+01    1.10355e-03    
1.44341e+01    1.05917e-03    
1.46786e+01    1.01649e-03    
1.49272e+01    9.75442e-04    
1.51800e+01    9.35977e-04    
1.54370e+01    8.98031e-04    
1.56984e+01    8.61548e-04    
1.59643e+01    8.26476e-04    
1.62346e+01    7.92761e-04    
1.65096e+01    7.60355e-04    
1.67892e+01    7.29210e-04    
1.70735e+01    6.99281e-04    
1.73626e+01    6.70523e-04    
1.76567e+01    6.42894e-04    
1.79557e+01    6.16352e-04    
1.82597e+01    5.90859e-04    
1.85690e+01    5.66375e-04    
1.88834e+01    5.42863e-04    
1.92032e+01    5.20287e-04    
1.95284e+01    4.98612e-04    
1.98591e+01    4.77805e-04    
2.01954e+01    4.57832e-04    
2.05374e+01    4.38663e-04    
2.08852e+01    4.20268e-04    
2.12389e+01    4.02618e-04    
2.15986e+01    3.85685e-04    
2.19644e+01    3.69446e-04    
2.23363e+01    3.53875e-04    
2.27146e+01    3.38949e-04    
2.30993e+01    3.24641e-04    
2.34904e+01    3.10925e-04    
2.38882e+01    2.97774e-04    
2.42928e+01    2.85159e-04    
2.47042e+01    2.73061e-04    
2.51225e+01    2.61460e-04    
2.55480e+01    2.50335e-04    
2.59806e+01    2.39669e-04    
2.64206e+01    2.29442e-04    
2.68680e+01    2.19638e-04    
2.73230e+01    2.10241e-04    
2.77858e+01    2.01233e-04    
2.82563e+01    1.92599e-04    
2.87348e+01    1.84325e-04    
2.92214e+01    1.76396e-04    
2.97163e+01    1.68799e-04    
3.02195e+01    1.61519e-04    
3.07313e+01    1.54544e-04    
3.12517e+01    1.47862e-04    
3.17810e+01    1.41461e-04    
3.23192e+01    1.35330e-04    
3.28665e+01    1.29458e-04    
3.34231e+01    1.23833e-04    
3.39891e+01    1.18447e-04    
3.45647e+01    1.13289e-04    
3.51500e+01    1.08349e-04    
3.57453e+01    1.03620e-04    
3.63506e+01    9.90923e-05    
3.69662e+01    9.47575e-05    
3.75922e+01    9.06076e-05    
3.82288e+01    8.66352e-05    
3.88762e+01    8.28329e-05    
3.95346e+01    7.91936e-05    
4.02041e+01    7.57105e-05    
4.08850e+01    7.23771e-05    
4.15773e+01    6.91873e-05    
4.22814e+01    6.61349e-05    
4.29975e+01    6.32142e-05    
4.37256e+01    6.04198e-05    
4.44661e+01    5.77462e-05    
4.52191e+01    5.51885e-05    
4.59849e+01    5.27417e-05    
4.67637e+01    5.04011e-05    
4.75556e+01    4.81624e-05    
4.83609e+01    4.60210e-05    
4.91799e+01    4.39731e-05    
5.00128e+01    4.20144e-05    
5.08597e+01    4.01413e-05    
5.17210e+01    3.83502e-05    
5.25969e+01    3.66374e-05    
5.34876e+01    3.49998e-05    
5.43934e+01    3.34340e-05    
5.53146e+01    3.19370e-05    
5.62513e+01    3.05058e-05    
5.72039e+01    2.91376e-05    
5.81726e+01    2.78297e-05    
5.91578e+01    2.65795e-05    
6.01596e+01    2.53845e-05    
6.11784e+01    2.42423e-05    
6.22144e+01    2.31507e-05    
6.32680e+01    2.21074e-05    
6.43395e+01    2.11104e-05    
6.54290e+01    2.01576e-05    
6.65371e+01    1.92472e-05    
6.76639e+01    1.83772e-05    
6.88097e+01    1.75460e-05    
6.99750e+01    1.67518e-05    
7.11600e+01    1.59930e-05    
7.23651e+01    1.52681e-05    
7.35906e+01    1.45755e-05    
7.48368e+01    1.39140e-05    
7.61042e+01    1.32820e-05    
7.73930e+01    1.26783e-05    
7.87036e+01    1.21017e-05    
8.00365e+01    1.15510e-05    
8.13919e+01    1.10250e-05    
8.27702e+01    1.05227e-05    
8.41719e+01    1.00429e-05    
8.55973e+01    9.58477e-06    
8.70469e+01    9.14727e-06    
8.85210e+01    8.72949e-06    
9.00201e+01    8.33058e-06    
9.15446e+01    7.94968e-06    
9.30949e+01    7.58600e-06    
9.46714e+01    7.23877e-06    
9.62747e+01    6.90727e-06    
9.79051e+01    6.59079e-06    
9.95631e+01    6.28866e-06    
1.01249e+02    6.00025e-06    
1.02964e+02    5.72493e-06    
1.04707e+02    5.46213e-06    
1.06481e+02    5.21129e-06    
1.08284e+02    4.97186e-06    
1.10118e+02    4.74335e-06    
1.11982e+02    4.52525e-06    
1.13879e+02    4.31710e-06    
1.15807e+02    4.11846e-06    
1.17769e+02    3.92890e-06    
1.19763e+02    3.74801e-06    
1.21791e+02    3.57539e-06    
1.23854e+02    3.41068e-06    
1.25951e+02    3.25352e-06    
1.28084e+02    3.10357e-06    
1.30253e+02    2.96050e-06    
1.32459e+02    2.82400e-06    
1.34702e+02    2.69378e-06    
1.36983e+02    2.56955e-06    
1.39303e+02    2.45104e-06    
1.41662e+02    2.33798e-06    
1.44061e+02    2.23015e-06    
1.46501e+02    2.12728e-06    
1.48982e+02    2.02917e-06    
1.51505e+02    1.93558e-06    
1.54070e+02    1.84633e-06    
1.56679e+02    1.76120e-06    
1.59333e+02    1.68002e-06    
1.62031e+02    1.60260e-06    
1.64775e+02    1.52876e-06    
1.67565e+02    1.45836e-06    
1.70403e+02    1.39121e-06    
1.73289e+02    1.32719e-06    
1.76223e+02    1.26615e-06    
1.79208e+02    1.20794e-06    
1.82243e+02    1.15244e-06    
1.85329e+02    1.09952e-06    
1.88467e+02    1.04906e-06    
1.91659e+02    1.00096e-06    
1.94905e+02    9.55091e-07    
1.98205e+02    9.11362e-07    
2.01562e+02    8.69671e-07    
2.04975e+02    8.29922e-07    
2.08447e+02    7.92025e-07    
2.11977e+02    7.55893e-07    
2.15566e+02    7.21444e-07    
2.19217e+02    6.88598e-07    
2.22929e+02    6.57282e-07    
2.26705e+02    6.27421e-07    
2.30544e+02    5.98949e-07    
2.34448e+02    5.71799e-07    
2.38418e+02    5.45909e-07    
2.42456e+02    5.21219e-07    
2.46562e+02    4.97673e-07    
2.50737e+02    4.75216e-07    
2.54984e+02    4.53797e-07    
2.59302e+02    4.33366e-07    
2.63693e+02    4.13877e-07    
2.68158e+02    3.95285e-07    
2.72700e+02    3.77547e-07    
2.77318e+02    3.60623e-07    
2.82014e+02    3.44475e-07    
2.86790e+02    3.29064e-07    
2.91647e+02    3.14358e-07    
2.96586e+02    3.00322e-07    
3.01608e+02    2.86925e-07    
3.06716e+02    2.74136e-07    
3.11910e+02    2.61928e-07    
3.17192e+02    2.50273e-07    
3.22564e+02    2.39144e-07    
3.28026e+02    2.28519e-07    
3.33581e+02    2.18372e-07    
3.39231e+02    2.08682e-07    
3.44975e+02    1.99428e-07    
3.50817e+02    1.90589e-07    
3.56758e+02    1.82146e-07    
3.62800e+02    1.74082e-07    
3.68944e+02    1.66378e-07    
3.75192e+02    1.59018e-07    
3.81546e+02    1.51987e-07    
3.88007e+02    1.45269e-07    
3.94578e+02    1.38850e-07    
4.01260e+02    1.32717e-07    
4.08055e+02    1.26857e-07    
4.14966e+02    1.21257e-07    
4.21993e+02    1.15905e-07    
4.29139e+02    1.10791e-07    
4.36407e+02    1.05903e-07    
4.43797e+02    1.01232e-07    
4.51313e+02    9.67682e-08    
4.58956e+02    9.25014e-08    
4.66728e+02    8.84234e-08    
4.74632e+02    8.45257e-08    
4.82670e+02    8.08002e-08    
4.90844e+02    7.72392e-08    
4.99156e+02    7.38355e-08    
5.07609e+02    7.05820e-08    
5.16205e+02    6.74720e-08    
5.24947e+02    6.44993e-08    
5.33837e+02    6.16576e-08    
5.42878e+02    5.89413e-08    
5.52071e+02    5.63447e-08    
5.61420e+02    5.38625e-08    
5.70928e+02    5.14897e-08    
5.80596e+02    4.92215e-08    
5.90429e+02    4.70532e-08    
6.00427e+02    4.49805e-08    
6.10595e+02    4.29990e-08    
6.20936e+02    4.11048e-08    
6.31451e+02    3.92940e-08    
6.42145e+02    3.75630e-08    
6.53019e+02    3.59082e-08    
6.64078e+02    3.43262e-08    
6.75324e+02    3.28140e-08    
6.86761e+02    3.13683e-08    
6.98391e+02    2.99862e-08    
7.10218e+02    2.86650e-08    
7.22245e+02    2.74020e-08    
7.34476e+02    2.61946e-08    
7.46914e+02    2.50404e-08    
7.59563e+02    2.39369e-08    
7.72426e+02    2.28821e-08    
7.85507e+02    2.18737e-08    
7.98810e+02    2.09097e-08    
8.12337e+02    1.99882e-08    
8.26094e+02    1.91072e-08    
8.40084e+02    1.82650e-08    
8.54310e+02    1.74600e-08    
8.68778e+02    1.66903e-08    
8.83491e+02    1.59546e-08    
8.98452e+02    1.52513e-08    
9.13667e+02    1.45789e-08    
9.29140e+02    1.39362e-08    
9.44875e+02    1.33218e-08    
9.60876e+02    1.27344e-08    
9.77148e+02    1.21729e-08    
9.93696e+02    1.16362e-08    
1.01052e+03    1.11231e-08    
1.02764e+03    1.06326e-08    
1.04504e+03    1.01637e-08    
1.06274e+03    9.71550e-09    
1.08073e+03    9.28703e-09    
1.09904e+03    8.87744e-09    
1.11765e+03    8.48590e-09    
1.13658e+03    8.11161e-09    
1.15582e+03    7.75382e-09    
1.17540e+03    7.41180e-09    
1.19530e+03    7.08486e-09    
1.21554e+03    6.77233e-09    
1.23613e+03    6.47357e-09    
1.25706e+03    6.18799e-09    
1.27835e+03    5.91499e-09    
1.30000e+03    5.65403e-09    
1.32202e+03    5.40458e-09    
1.34440e+03    5.16612e-09    
1.36717e+03    4.93818e-09    
1.39032e+03    4.72029e-09    
1.41387e+03    4.51200e-09    
1.43781e+03    4.31291e-09    
1.46216e+03    4.12259e-09    
1.48692e+03    3.94066e-09    
1.51210e+03    3.76676e-09    
1.53771e+03    3.60053e-09    
1.56375e+03    3.44163e-09    
1.59023e+03    3.28974e-09    
1.61716e+03    3.14455e-09    
1.64455e+03    3.00577e-09    
1.67240e+03    2.87311e-09    
1.70072e+03    2.74630e-09    
1.72952e+03    2.62508e-09    
1.75881e+03    2.50921e-09    
1.78860e+03    2.39846e-09    
1.81889e+03    2.29259e-09    
1.84969e+03    2.19139e-09    
1.88101e+03    2.09465e-09    
1.91287e+03    2.00219e-09    
1.94526e+03    1.91381e-09    
1.97820e+03    1.82932e-09    
2.01170e+03    1.74857e-09    
2.04577e+03    1.67137e-09    
2.08042e+03    1.59759e-09    
2.11565e+03    1.52706e-09    
2.15148e+03    1.45964e-09    
2.18791e+03    1.39520e-09    
2.22496e+03    1.33360e-09    
2.26264e+03    1.27473e-09    
2.30096e+03    1.21845e-09    
2.33993e+03    1.16465e-09    
2.37955e+03    1.11323e-09    
2.41985e+03    1.06408e-09    
2.46083e+03    1.01710e-09    
2.50250e+03    9.72193e-10    
2.54488e+03    9.29268e-10    
2.58798e+03    8.88238e-10    
2.63181e+03    8.49019e-10    
2.67637e+03    8.11532e-10    
2.72170e+03    7.75699e-10    
2.76779e+03    7.41449e-10    
2.81466e+03    7.08711e-10    
2.86233e+03    6.77418e-10    
2.91080e+03    6.47506e-10    
2.96009e+03    6.18916e-10    
3.01022e+03    5.91587e-10    
3.06120e+03    5.65465e-10    
3.11304e+03    5.40497e-10    
3.16576e+03    5.16631e-10    
3.21937e+03    4.93819e-10    
3.27389e+03    4.72014e-10    
3.32933e+03    4.51172e-10    
3.38571e+03    4.31250e-10    
3.44305e+03    4.12207e-10    
3.50136e+03    3.94006e-10    
3.56065e+03    3.76608e-10    
3.62095e+03    3.59979e-10    
3.68227e+03    3.44084e-10    
3.74463e+03    3.28890e-10    
3.80805e+03    3.14368e-10    
3.87253e+03    3.00487e-10    
3.93811e+03    2.87219e-10    
4.00481e+03    2.74537e-10    
4.07263e+03    2.62414e-10    
4.14159e+03    2.50827e-10    
4.21173e+03    2.39752e-10    
4.28306e+03    2.29166e-10    
4.35559e+03    2.19047e-10    
4.42935e+03    2.09376e-10    
4.50436e+03    2.00131e-10    
4.58064e+03    1.91294e-10    
4.65821e+03    1.82848e-10    
4.73710e+03    1.74775e-10    
4.81732e+03    1.67058e-10    
4.89890e+03    1.59682e-10    
4.98186e+03    1.52632e-10    
5.06623e+03    1.45893e-10    
5.15203e+03    1.39451e-10    
5.23927e+03    1.33294e-10    
5.32800e+03    1.27409e-10    
5.41823e+03    1.21784e-10    
5.50998e+03    1.16408e-10    
5.60330e+03    1.11268e-10    
5.69819e+03    1.06356e-10    
5.79468e+03    1.01660e-10    
5.89282e+03    9.71723e-11    
5.99261e+03    9.28824e-11    
6.09409e+03    8.87819e-11    
6.19729e+03    8.48625e-11    
6.30224e+03    8.11162e-11    
6.40897e+03    7.75353e-11    
6.51751e+03    7.41125e-11    
6.62788e+03    7.08409e-11    
6.74012e+03    6.77137e-11    
6.85426e+03    6.47246e-11    
6.97034e+03    6.18675e-11    
7.08838e+03    5.91365e-11    
7.20842e+03    5.65262e-11    
7.33049e+03    5.40311e-11    
7.45463e+03    5.16461e-11    
7.58088e+03    4.93665e-11    
7.70926e+03    4.71875e-11    
7.83981e+03    4.51048e-11    
7.97258e+03    4.31139e-11    
8.10759e+03    4.12110e-11    
8.24489e+03    3.93921e-11    
8.38452e+03    3.76536e-11    
8.52651e+03    3.59917e-11    
8.67090e+03    3.44033e-11    
8.81774e+03    3.28850e-11    
8.96707e+03    3.14337e-11    
9.11892e+03    3.00464e-11    
9.27335e+03    2.87205e-11    
9.43039e+03    2.74530e-11    
9.59009e+03    2.62415e-11    
9.75250e+03    2.50835e-11    
9.91766e+03    2.39767e-11    
1.00856e+04    2.29186e-11    
1.02564e+04    2.19073e-11    
1.04301e+04    2.09407e-11    
1.06067e+04    2.00167e-11    
1.07864e+04    1.91334e-11    
1.09690e+04    1.82892e-11    
1.11548e+04    1.74823e-11    
1.13437e+04    1.67109e-11    
1.15358e+04    1.59736e-11    
1.17311e+04    1.52689e-11    
1.19298e+04    1.45952e-11    
1.21318e+04    1.39513e-11    
1.23373e+04    1.33358e-11    
1.25462e+04    1.27475e-11    
1.27587e+04    1.21852e-11    
1.29747e+04    1.16476e-11    
1.31945e+04    1.11338e-11    
1.34179e+04    1.06427e-11    
1.36451e+04    1.01732e-11    
1.38762e+04    9.72446e-12    
1.41112e+04    9.29552e-12    
1.43502e+04    8.88551e-12    
1.45932e+04    8.49359e-12    
1.48403e+04    8.11897e-12    
1.50917e+04    7.76087e-12    
1.53472e+04    7.41858e-12    
1.56071e+04    7.09140e-12    
1.58714e+04    6.77864e-12    
1.61402e+04    6.47969e-12    
1.64135e+04    6.19393e-12    
1.66915e+04    5.92078e-12    
1.69742e+04    5.65968e-12    
1.72616e+04    5.41010e-12    
1.75539e+04    5.17153e-12    
1.78512e+04    4.94349e-12    
1.81535e+04    4.72551e-12    
1.84609e+04    4.51714e-12    
1.87736e+04    4.31797e-12    
1.90915e+04    4.12758e-12    
1.94148e+04    3.94559e-12    
1.97436e+04    3.77163e-12    
2.00780e+04    3.60535e-12    
2.04180e+04    3.44640e-12    
2.07637e+04    3.29446e-12    
2.11154e+04    3.14922e-12    
2.14730e+04    3.01039e-12    
2.18366e+04    2.87768e-12    
2.22064e+04    2.75082e-12    
2.25825e+04    2.62956e-12    
2.29649e+04    2.51365e-12    
2.33538e+04    2.40285e-12    
2.37493e+04    2.29694e-12    
2.41515e+04    2.19570e-12    
2.45605e+04    2.09892e-12    
2.49764e+04    2.00641e-12    
2.53994e+04    1.91798e-12    
2.58295e+04    1.83345e-12    
2.62669e+04    1.75265e-12    
2.67117e+04    1.67541e-12    
2.71641e+04    1.60157e-12    
2.76241e+04    1.53099e-12    
2.80919e+04    1.46353e-12    
2.85677e+04    1.39903e-12    
2.90515e+04    1.33739e-12    
2.95434e+04    1.27845e-12    
3.00437e+04    1.22212e-12    
3.05525e+04    1.16827e-12    
3.10699e+04    1.11680e-12    
3.15961e+04    1.06759e-12    
3.21312e+04    1.02056e-12    
3.26753e+04    9.75593e-13    
3.32286e+04    9.32612e-13    
3.37914e+04    8.91526e-13    
3.43636e+04    8.52251e-13    
3.49456e+04    8.14707e-13    
3.55374e+04    7.78817e-13    
3.61392e+04    7.44510e-13    
3.67512e+04    7.11715e-13    
3.73736e+04    6.80365e-13    
3.80065e+04    6.50397e-13    
3.86501e+04    6.21749e-13    
3.93046e+04    5.94364e-13    
3.99702e+04    5.68186e-13    
4.06471e+04    5.43162e-13    
4.13355e+04    5.19240e-13    
4.20355e+04    4.96372e-13    
4.27474e+04    4.74512e-13    
4.34713e+04    4.53616e-13    
4.42075e+04    4.33640e-13    
4.49561e+04    4.14544e-13    
4.57174e+04    3.96290e-13    
4.64916e+04    3.78839e-13    
4.72790e+04    3.62158e-13    
4.80796e+04    3.46212e-13    
4.88938e+04    3.30968e-13    
4.97218e+04    3.16396e-13    
5.05639e+04    3.02465e-13    
5.14202e+04    2.89149e-13    
5.22909e+04    2.76419e-13    
5.31765e+04    2.64250e-13    
5.40770e+04    2.52616e-13    
5.49928e+04    2.41496e-13    
5.59241e+04    2.30865e-13    
5.68712e+04    2.20702e-13    
5.78343e+04    2.10987e-13    
5.88137e+04    2.01700e-13    
5.98097e+04    1.92822e-13    
6.08225e+04    1.84334e-13    
6.18525e+04    1.76221e-13    
6.29000e+04    1.68465e-13    
6.39652e+04    1.61050e-13    
6.50484e+04    1.53962e-13    
6.61500e+04    1.47187e-13    
6.72703e+04    1.40709e-13    
6.84095e+04    1.34517e-13    
6.95680e+04    1.28597e-13    
7.07461e+04    1.22938e-13    
7.19442e+04    1.17528e-13    
7.31625e+04    1.12357e-13    
7.44015e+04    1.07413e-13    
7.56615e+04    1.02687e-13    
7.69428e+04    9.81684e-14    
7.82458e+04    9.38491e-14    
7.95709e+04    8.97200e-14    
8.09184e+04    8.57726e-14    
8.22887e+04    8.19990e-14    
8.36823e+04    7.83915e-14    
8.50994e+04    7.49428e-14    
8.65406e+04    7.16460e-14    
8.80061e+04    6.84942e-14    
8.94965e+04    6.54812e-14    
9.10121e+04    6.26007e-14    
9.25533e+04    5.98471e-14    
9.41207e+04    5.72146e-14    
9.57146e+04    5.46980e-14    
9.73355e+04    5.22922e-14    
9.89839e+04    4.99922e-14    
1.00660e+05    4.77934e-14    
1.02365e+05    4.56914e-14    
1.04098e+05    4.36819e-14    
1.05861e+05    4.17609e-14    
1.07654e+05    3.99243e-14    
1.09477e+05    3.81686e-14    
1.11331e+05    3.64901e-14    
1.13216e+05    3.48855e-14    
1.15134e+05    3.33515e-14    
1.17083e+05    3.18849e-14    
1.19066e+05    3.04829e-14    
1.21083e+05    2.91426e-14    
1.23133e+05    2.78612e-14    
1.25218e+05    2.66362e-14    
1.27339e+05    2.54651e-14    
1.29495e+05    2.43455e-14    
1.31688e+05    2.32752e-14    
1.33918e+05    2.22519e-14    
1.36186e+05    2.12737e-14    
1.38493e+05    2.03384e-14    
1.40838e+05    1.94444e-14    
1.43223e+05    1.85896e-14    
1.45648e+05    1.77724e-14    
1.48115e+05    1.69912e-14    
1.50623e+05    1.62443e-14    
1.53174e+05    1.55303e-14    
1.55768e+05    1.48477e-14    
1.58406e+05    1.41951e-14    
1.61089e+05    1.35712e-14    
1.63817e+05    1.29747e-14    
1.66591e+05    1.24045e-14    
1.69412e+05    1.18593e-14    
1.72281e+05    1.13382e-14    
1.75198e+05    1.08399e-14    
1.78165e+05    1.03635e-14    
1.81183e+05    9.90810e-15    
1.84251e+05    9.47270e-15    
1.87371e+05    9.05645e-15    
1.90544e+05    8.65850e-15    
1.93771e+05    8.27804e-15    
1.97052e+05    7.91431e-15    
2.00389e+05    7.56656e-15    
2.03783e+05    7.23411e-15    
2.07234e+05    6.91627e-15    
2.10744e+05    6.61240e-15    
2.14312e+05    6.32189e-15    
2.17942e+05    6.04415e-15    
2.21633e+05    5.77862e-15    
2.25386e+05    5.52475e-15    
2.29203e+05    5.28205e-15    
2.33084e+05    5.05001e-15    
2.37031e+05    4.82818e-15    
2.41046e+05    4.61609e-15    
2.45128e+05    4.41332e-15    
2.49279e+05    4.21946e-15    
2.53500e+05    4.03413e-15    
2.57793e+05    3.85693e-15    
2.62159e+05    3.68753e-15    
2.66599e+05    3.52557e-15    
2.71113e+05    3.37072e-15    
2.75705e+05    3.22268e-15    
2.80374e+05    3.08115e-15    
2.85122e+05    2.94583e-15    
2.89950e+05    2.81646e-15    
2.94860e+05    2.69278e-15    
2.99854e+05    2.57452e-15    
3.04932e+05    2.46147e-15    
3.10096e+05    2.35338e-15    
3.15347e+05    2.25004e-15    
3.20687e+05    2.15124e-15    
3.26118e+05    2.05678e-15    
3.31641e+05    1.96647e-15    
3.37257e+05    1.88012e-15    
3.42969e+05    1.79757e-15    
3.48777e+05    1.71865e-15    
3.54683e+05    1.64319e-15    
3.60690e+05    1.57105e-15    
3.66798e+05    1.50207e-15    
3.73009e+05    1.43613e-15    
3.79326e+05    1.37308e-15    
3.85750e+05    1.31280e-15    
3.92283e+05    1.25517e-15    
3.98926e+05    1.20007e-15    
4.05682e+05    1.14739e-15    
4.12552e+05    1.09702e-15    
4.19538e+05    1.04887e-15    
4.26643e+05    1.00283e-15    
4.33868e+05    9.58810e-16    
4.41216e+05    9.16725e-16    
4.48688e+05    8.76488e-16    
4.56286e+05    8.38018e-16    
4.64013e+05    8.01237e-16    
4.71871e+05    7.66071e-16    
4.79862e+05    7.32449e-16    
4.87988e+05    7.00303e-16    
4.96252e+05    6.69569e-16    
5.04656e+05    6.40185e-16    
5.13203e+05    6.12090e-16    
5.21894e+05    5.85229e-16    
5.30732e+05    5.59547e-16    
5.39720e+05    5.34993e-16    
5.48860e+05    5.11516e-16    
5.58154e+05    4.89070e-16    
5.67607e+05    4.67610e-16    
5.77219e+05    4.47092e-16    
5.86994e+05    4.27474e-16    
5.96935e+05    4.08718e-16    
6.07044e+05    3.90785e-16    
6.17324e+05    3.73639e-16    
6.27778e+05    3.57245e-16    
6.38409e+05    3.41571e-16    
6.49221e+05    3.26586e-16    
6.60215e+05    3.12258e-16    
6.71396e+05    2.98558e-16    
6.82766e+05    2.85460e-16    
6.94328e+05    2.72937e-16    
7.06086e+05    2.60964e-16    
7.18044e+05    2.49516e-16    
7.30204e+05    2.38570e-16    
7.42570e+05    2.28105e-16    
7.55145e+05    2.18099e-16    
7.67933e+05    2.08532e-16    
7.80938e+05    1.99385e-16    
7.94163e+05    1.90639e-16    
8.07612e+05    1.82277e-16    
8.21289e+05    1.74282e-16    
8.35197e+05    1.66638e-16    
8.49341e+05    1.59329e-16    
8.63724e+05    1.52341e-16    
8.78351e+05    1.45660e-16    
8.93226e+05    1.39271e-16    
9.08353e+05    1.33163e-16    
9.23735e+05    1.27323e-16    
9.39379e+05    1.21739e-16    
9.55287e+05    1.16401e-16    
9.71464e+05    1.11296e-16    
9.87916e+05    1.06415e-16    
1.00465e+06    1.01749e-16    
1.02166e+06    9.72868e-17    
1.03896e+06    9.30207e-17    
1.05656e+06    8.89417e-17    
1.07445e+06    8.50417e-17    
1.09264e+06    8.13127e-17    
1.11115e+06    7.77473e-17    
1.12996e+06    7.43383e-17    
1.14910e+06    7.10788e-17    
1.16856e+06    6.79623e-17    
1.18835e+06    6.49825e-17    
1.20847e+06    6.21334e-17    
1.22894e+06    5.94093e-17    
1.24975e+06    5.68046e-17    
1.27092e+06    5.43142e-17    
1.29244e+06    5.19330e-17    
1.31432e+06    4.96562e-17    
1.33658e+06    4.74793e-17    
1.35922e+06    4.53978e-17    
1.38224e+06    4.34076e-17    
1.40564e+06    4.15047e-17    
1.42945e+06    3.96853e-17    
1.45366e+06    3.79456e-17    
1.47827e+06    3.62823e-17    
1.50331e+06    3.46918e-17    
1.52876e+06    3.31711e-17    
1.55465e+06    3.17171e-17    
1.58098e+06    3.03269e-17    
1.60776e+06    2.89976e-17    
1.63498e+06    2.77266e-17    
1.66267e+06    2.65113e-17    
1.69083e+06    2.53493e-17    
1.71946e+06    2.42382e-17    
1.74858e+06    2.31759e-17    
1.77819e+06    2.21601e-17    
1.80831e+06    2.11889e-17    
1.83893e+06    2.02603e-17    
1.87007e+06    1.93723e-17    
1.90174e+06    1.85233e-17    
1.93395e+06    1.77116e-17    
1.96670e+06    1.69354e-17    
2.00000e+06    1.61932e-17    

