# USINE V4.0
# File generated 13-05-2022 06:37:24
# Model1DKisoVc
# B
# SolMod0DFF_phi0_570GV
# R [GV]       TOA [GV m^{2} s sr]^{-1}
9.50228e-02    4.55623e-04    
9.66403e-02    4.79050e-04    
9.82854e-02    5.03678e-04    
9.99584e-02    5.29567e-04    
1.01660e-01    5.56781e-04    
1.03390e-01    5.85387e-04    
1.05150e-01    6.15458e-04    
1.06940e-01    6.47067e-04    
1.08761e-01    6.80292e-04    
1.10612e-01    7.15216e-04    
1.12495e-01    7.51925e-04    
1.14410e-01    7.90509e-04    
1.16357e-01    8.31064e-04    
1.18338e-01    8.73690e-04    
1.20353e-01    9.18492e-04    
1.22401e-01    9.65580e-04    
1.24485e-01    1.01507e-03    
1.26604e-01    1.06708e-03    
1.28759e-01    1.12175e-03    
1.30951e-01    1.17920e-03    
1.33180e-01    1.23957e-03    
1.35447e-01    1.30302e-03    
1.37753e-01    1.36970e-03    
1.40097e-01    1.43978e-03    
1.42482e-01    1.51341e-03    
1.44908e-01    1.59079e-03    
1.47374e-01    1.67211e-03    
1.49883e-01    1.75755e-03    
1.52434e-01    1.84733e-03    
1.55029e-01    1.94166e-03    
1.57668e-01    2.04079e-03    
1.60352e-01    2.14493e-03    
1.63082e-01    2.25436e-03    
1.65858e-01    2.36933e-03    
1.68681e-01    2.49012e-03    
1.71552e-01    2.61702e-03    
1.74472e-01    2.75034e-03    
1.77442e-01    2.89040e-03    
1.80463e-01    3.03754e-03    
1.83535e-01    3.19210e-03    
1.86659e-01    3.35447e-03    
1.89836e-01    3.52503e-03    
1.93068e-01    3.70418e-03    
1.96354e-01    3.89236e-03    
1.99697e-01    4.09001e-03    
2.03096e-01    4.29758e-03    
2.06553e-01    4.51551e-03    
2.10069e-01    4.74431e-03    
2.13645e-01    4.98449e-03    
2.17282e-01    5.23661e-03    
2.20981e-01    5.50124e-03    
2.24742e-01    5.77898e-03    
2.28568e-01    6.07045e-03    
2.32459e-01    6.37632e-03    
2.36416e-01    6.69727e-03    
2.40440e-01    7.03401e-03    
2.44533e-01    7.38728e-03    
2.48696e-01    7.75787e-03    
2.52929e-01    8.14658e-03    
2.57235e-01    8.55427e-03    
2.61613e-01    8.98181e-03    
2.66067e-01    9.43012e-03    
2.70596e-01    9.90017e-03    
2.75202e-01    1.03930e-02    
2.79886e-01    1.09095e-02    
2.84651e-01    1.14509e-02    
2.89496e-01    1.20183e-02    
2.94424e-01    1.26128e-02    
2.99436e-01    1.32357e-02    
3.04533e-01    1.38882e-02    
3.09717e-01    1.45717e-02    
3.14989e-01    1.52875e-02    
3.20351e-01    1.60370e-02    
3.25804e-01    1.68217e-02    
3.31350e-01    1.76431e-02    
3.36991e-01    1.85027e-02    
3.42727e-01    1.94023e-02    
3.48561e-01    2.03434e-02    
3.54494e-01    2.13279e-02    
3.60529e-01    2.23576e-02    
3.66666e-01    2.34342e-02    
3.72907e-01    2.45597e-02    
3.79255e-01    2.57361e-02    
3.85711e-01    2.69655e-02    
3.92277e-01    2.82498e-02    
3.98954e-01    2.95913e-02    
4.05745e-01    3.09922e-02    
4.12652e-01    3.24547e-02    
4.19677e-01    3.39812e-02    
4.26820e-01    3.55741e-02    
4.34086e-01    3.72357e-02    
4.41475e-01    3.89686e-02    
4.48990e-01    4.07752e-02    
4.56633e-01    4.26583e-02    
4.64406e-01    4.46203e-02    
4.72311e-01    4.66640e-02    
4.80351e-01    4.87920e-02    
4.88528e-01    5.10072e-02    
4.96844e-01    5.33121e-02    
5.05301e-01    5.57097e-02    
5.13903e-01    5.82027e-02    
5.22651e-01    6.07939e-02    
5.31548e-01    6.34860e-02    
5.40596e-01    6.62820e-02    
5.49798e-01    6.91845e-02    
5.59157e-01    7.21963e-02    
5.68675e-01    7.53201e-02    
5.78355e-01    7.85585e-02    
5.88200e-01    8.19143e-02    
5.98213e-01    8.53897e-02    
6.08396e-01    8.89874e-02    
6.18752e-01    9.27096e-02    
6.29285e-01    9.65586e-02    
6.39997e-01    1.00536e-01    
6.50891e-01    1.04645e-01    
6.61971e-01    1.08886e-01    
6.73240e-01    1.13262e-01    
6.84700e-01    1.17773e-01    
6.96355e-01    1.22420e-01    
7.08209e-01    1.27205e-01    
7.20264e-01    1.32129e-01    
7.32525e-01    1.37191e-01    
7.44994e-01    1.42392e-01    
7.57676e-01    1.47732e-01    
7.70573e-01    1.53210e-01    
7.83690e-01    1.58825e-01    
7.97031e-01    1.64576e-01    
8.10598e-01    1.70461e-01    
8.24396e-01    1.76478e-01    
8.38430e-01    1.82625e-01    
8.52702e-01    1.88898e-01    
8.67217e-01    1.95295e-01    
8.81979e-01    2.01811e-01    
8.96992e-01    2.08443e-01    
9.12261e-01    2.15184e-01    
9.27790e-01    2.22031e-01    
9.43583e-01    2.28976e-01    
9.59645e-01    2.36014e-01    
9.75981e-01    2.43138e-01    
9.92595e-01    2.50340e-01    
1.00949e+00    2.57613e-01    
1.02667e+00    2.64947e-01    
1.04415e+00    2.72334e-01    
1.06193e+00    2.79765e-01    
1.08000e+00    2.87229e-01    
1.09839e+00    2.94716e-01    
1.11708e+00    3.02215e-01    
1.13610e+00    3.09714e-01    
1.15544e+00    3.17202e-01    
1.17511e+00    3.24665e-01    
1.19511e+00    3.32092e-01    
1.21545e+00    3.39469e-01    
1.23614e+00    3.46784e-01    
1.25719e+00    3.54023e-01    
1.27859e+00    3.61171e-01    
1.30035e+00    3.68216e-01    
1.32249e+00    3.75144e-01    
1.34500e+00    3.81941e-01    
1.36789e+00    3.88592e-01    
1.39118e+00    3.95085e-01    
1.41486e+00    4.01405e-01    
1.43894e+00    4.07539e-01    
1.46344e+00    4.13473e-01    
1.48835e+00    4.19194e-01    
1.51368e+00    4.24689e-01    
1.53945e+00    4.29943e-01    
1.56566e+00    4.34945e-01    
1.59231e+00    4.39682e-01    
1.61941e+00    4.44144e-01    
1.64698e+00    4.48319e-01    
1.67501e+00    4.52198e-01    
1.70353e+00    4.55772e-01    
1.73252e+00    4.59034e-01    
1.76202e+00    4.61978e-01    
1.79201e+00    4.64599e-01    
1.82251e+00    4.66895e-01    
1.85354e+00    4.68865e-01    
1.88509e+00    4.70508e-01    
1.91718e+00    4.71826e-01    
1.94981e+00    4.72821e-01    
1.98300e+00    4.73497e-01    
2.01676e+00    4.73858e-01    
2.05109e+00    4.73911e-01    
2.08601e+00    4.73662e-01    
2.12151e+00    4.73119e-01    
2.15763e+00    4.72286e-01    
2.19436e+00    4.71170e-01    
2.23171e+00    4.69776e-01    
2.26970e+00    4.68112e-01    
2.30833e+00    4.66183e-01    
2.34763e+00    4.63995e-01    
2.38759e+00    4.61552e-01    
2.42823e+00    4.58857e-01    
2.46957e+00    4.55914e-01    
2.51160e+00    4.52725e-01    
2.55436e+00    4.49295e-01    
2.59784e+00    4.45631e-01    
2.64206e+00    4.41737e-01    
2.68704e+00    4.37623e-01    
2.73278e+00    4.33296e-01    
2.77929e+00    4.28765e-01    
2.82660e+00    4.24043e-01    
2.87472e+00    4.19143e-01    
2.92365e+00    4.14080e-01    
2.97342e+00    4.08865e-01    
3.02404e+00    4.03511e-01    
3.07551e+00    3.98029e-01    
3.12787e+00    3.92427e-01    
3.18111e+00    3.86710e-01    
3.23526e+00    3.80883e-01    
3.29033e+00    3.74945e-01    
3.34634e+00    3.68897e-01    
3.40330e+00    3.62733e-01    
3.46124e+00    3.56449e-01    
3.52016e+00    3.50040e-01    
3.58008e+00    3.43495e-01    
3.64102e+00    3.36808e-01    
3.70300e+00    3.29970e-01    
3.76603e+00    3.22976e-01    
3.83014e+00    3.15827e-01    
3.89534e+00    3.08530e-01    
3.96165e+00    3.01099e-01    
4.02908e+00    2.93555e-01    
4.09767e+00    2.85927e-01    
4.16742e+00    2.78244e-01    
4.23836e+00    2.70541e-01    
4.31051e+00    2.62850e-01    
4.38388e+00    2.55199e-01    
4.45851e+00    2.47615e-01    
4.53440e+00    2.40120e-01    
4.61159e+00    2.32735e-01    
4.69009e+00    2.25473e-01    
4.76992e+00    2.18349e-01    
4.85112e+00    2.11369e-01    
4.93370e+00    2.04542e-01    
5.01768e+00    1.97870e-01    
5.10309e+00    1.91355e-01    
5.18996e+00    1.85000e-01    
5.27831e+00    1.78804e-01    
5.36816e+00    1.72765e-01    
5.45954e+00    1.66883e-01    
5.55247e+00    1.61155e-01    
5.64699e+00    1.55578e-01    
5.74311e+00    1.50151e-01    
5.84087e+00    1.44870e-01    
5.94030e+00    1.39733e-01    
6.04142e+00    1.34738e-01    
6.14426e+00    1.29881e-01    
6.24885e+00    1.25161e-01    
6.35522e+00    1.20575e-01    
6.46340e+00    1.16121e-01    
6.57342e+00    1.11797e-01    
6.68532e+00    1.07601e-01    
6.79912e+00    1.03531e-01    
6.91486e+00    9.95849e-02    
7.03256e+00    9.57599e-02    
7.15228e+00    9.20544e-02    
7.27403e+00    8.84661e-02    
7.39785e+00    8.49928e-02    
7.52378e+00    8.16324e-02    
7.65185e+00    7.83828e-02    
7.78210e+00    7.52417e-02    
7.91457e+00    7.22071e-02    
8.04930e+00    6.92767e-02    
8.18632e+00    6.64483e-02    
8.32567e+00    6.37197e-02    
8.46739e+00    6.10889e-02    
8.61153e+00    5.85537e-02    
8.75812e+00    5.61120e-02    
8.90720e+00    5.37615e-02    
9.05882e+00    5.14999e-02    
9.21303e+00    4.93249e-02    
9.36985e+00    4.72341e-02    
9.52935e+00    4.52251e-02    
9.69156e+00    4.32953e-02    
9.85654e+00    4.14424e-02    
1.00243e+01    3.96636e-02    
1.01950e+01    3.79565e-02    
1.03685e+01    3.63185e-02    
1.05450e+01    3.47472e-02    
1.07245e+01    3.32401e-02    
1.09071e+01    3.17948e-02    
1.10927e+01    3.04090e-02    
1.12815e+01    2.90804e-02    
1.14736e+01    2.78068e-02    
1.16689e+01    2.65861e-02    
1.18675e+01    2.54162e-02    
1.20695e+01    2.42952e-02    
1.22750e+01    2.32211e-02    
1.24839e+01    2.21920e-02    
1.26965e+01    2.12064e-02    
1.29126e+01    2.02623e-02    
1.31324e+01    1.93583e-02    
1.33559e+01    1.84927e-02    
1.35833e+01    1.76640e-02    
1.38145e+01    1.68707e-02    
1.40497e+01    1.61113e-02    
1.42888e+01    1.53847e-02    
1.45320e+01    1.46893e-02    
1.47794e+01    1.40240e-02    
1.50310e+01    1.33876e-02    
1.52869e+01    1.27787e-02    
1.55471e+01    1.21963e-02    
1.58117e+01    1.16393e-02    
1.60809e+01    1.11067e-02    
1.63546e+01    1.05974e-02    
1.66330e+01    1.01105e-02    
1.69161e+01    9.64509e-03    
1.72041e+01    9.20025e-03    
1.74970e+01    8.77512e-03    
1.77948e+01    8.36889e-03    
1.80977e+01    7.98076e-03    
1.84058e+01    7.60996e-03    
1.87191e+01    7.25576e-03    
1.90377e+01    6.91746e-03    
1.93618e+01    6.59438e-03    
1.96914e+01    6.28586e-03    
2.00266e+01    5.99129e-03    
2.03675e+01    5.71006e-03    
2.07142e+01    5.44160e-03    
2.10668e+01    5.18535e-03    
2.14254e+01    4.94079e-03    
2.17901e+01    4.70739e-03    
2.21610e+01    4.48467e-03    
2.25383e+01    4.27217e-03    
2.29219e+01    4.06942e-03    
2.33121e+01    3.87600e-03    
2.37089e+01    3.69151e-03    
2.41125e+01    3.51554e-03    
2.45230e+01    3.34772e-03    
2.49404e+01    3.18768e-03    
2.53650e+01    3.03507e-03    
2.57967e+01    2.88957e-03    
2.62359e+01    2.75085e-03    
2.66825e+01    2.61862e-03    
2.71367e+01    2.49257e-03    
2.75986e+01    2.37242e-03    
2.80684e+01    2.25792e-03    
2.85462e+01    2.14881e-03    
2.90321e+01    2.04483e-03    
2.95263e+01    1.94576e-03    
3.00289e+01    1.85138e-03    
3.05401e+01    1.76146e-03    
3.10599e+01    1.67580e-03    
3.15887e+01    1.59421e-03    
3.21264e+01    1.51650e-03    
3.26732e+01    1.44250e-03    
3.32294e+01    1.37202e-03    
3.37951e+01    1.30491e-03    
3.43703e+01    1.24101e-03    
3.49554e+01    1.18017e-03    
3.55504e+01    1.12226e-03    
3.61556e+01    1.06712e-03    
3.67710e+01    1.01463e-03    
3.73970e+01    9.64679e-04    
3.80336e+01    9.17133e-04    
3.86810e+01    8.71884e-04    
3.93394e+01    8.28823e-04    
4.00091e+01    7.87848e-04    
4.06901e+01    7.48859e-04    
4.13828e+01    7.11764e-04    
4.20872e+01    6.76471e-04    
4.28036e+01    6.42896e-04    
4.35323e+01    6.10957e-04    
4.42733e+01    5.80577e-04    
4.50269e+01    5.51680e-04    
4.57934e+01    5.24196e-04    
4.65729e+01    4.98058e-04    
4.73657e+01    4.73201e-04    
4.81720e+01    4.49564e-04    
4.89920e+01    4.27087e-04    
4.98259e+01    4.05716e-04    
5.06741e+01    3.85397e-04    
5.15367e+01    3.66079e-04    
5.24140e+01    3.47715e-04    
5.33062e+01    3.30257e-04    
5.42136e+01    3.13662e-04    
5.51364e+01    2.97888e-04    
5.60750e+01    2.82896e-04    
5.70295e+01    2.68647e-04    
5.80003e+01    2.55105e-04    
5.89876e+01    2.42236e-04    
5.99917e+01    2.30007e-04    
6.10129e+01    2.18386e-04    
6.20515e+01    2.07345e-04    
6.31078e+01    1.96854e-04    
6.41820e+01    1.86887e-04    
6.52746e+01    1.77417e-04    
6.63857e+01    1.68421e-04    
6.75158e+01    1.59876e-04    
6.86650e+01    1.51758e-04    
6.98339e+01    1.44047e-04    
7.10226e+01    1.36724e-04    
7.22316e+01    1.29768e-04    
7.34612e+01    1.23161e-04    
7.47117e+01    1.16887e-04    
7.59834e+01    1.10929e-04    
7.72769e+01    1.05271e-04    
7.85923e+01    9.98980e-05    
7.99301e+01    9.47964e-05    
8.12907e+01    8.99525e-05    
8.26745e+01    8.53534e-05    
8.40818e+01    8.09869e-05    
8.55131e+01    7.68415e-05    
8.69687e+01    7.29060e-05    
8.84492e+01    6.91701e-05    
8.99548e+01    6.56238e-05    
9.14860e+01    6.22575e-05    
9.30433e+01    5.90623e-05    
9.46272e+01    5.60296e-05    
9.62380e+01    5.31512e-05    
9.78762e+01    5.04193e-05    
9.95422e+01    4.78267e-05    
1.01237e+02    4.53664e-05    
1.02960e+02    4.30316e-05    
1.04713e+02    4.08160e-05    
1.06495e+02    3.87137e-05    
1.08308e+02    3.67189e-05    
1.10152e+02    3.48262e-05    
1.12027e+02    3.30304e-05    
1.13934e+02    3.13267e-05    
1.15873e+02    2.97103e-05    
1.17845e+02    2.81769e-05    
1.19851e+02    2.67223e-05    
1.21892e+02    2.53425e-05    
1.23967e+02    2.40336e-05    
1.26077e+02    2.27920e-05    
1.28223e+02    2.16145e-05    
1.30406e+02    2.04976e-05    
1.32625e+02    1.94383e-05    
1.34883e+02    1.84337e-05    
1.37179e+02    1.74810e-05    
1.39514e+02    1.65776e-05    
1.41889e+02    1.57208e-05    
1.44304e+02    1.49084e-05    
1.46761e+02    1.41381e-05    
1.49259e+02    1.34077e-05    
1.51800e+02    1.27152e-05    
1.54384e+02    1.20586e-05    
1.57012e+02    1.14362e-05    
1.59684e+02    1.08460e-05    
1.62403e+02    1.02866e-05    
1.65167e+02    9.75627e-06    
1.67979e+02    9.25355e-06    
1.70838e+02    8.77701e-06    
1.73746e+02    8.32531e-06    
1.76704e+02    7.89717e-06    
1.79712e+02    7.49136e-06    
1.82771e+02    7.10673e-06    
1.85882e+02    6.74218e-06    
1.89046e+02    6.39667e-06    
1.92264e+02    6.06921e-06    
1.95537e+02    5.75885e-06    
1.98865e+02    5.46471e-06    
2.02251e+02    5.18595e-06    
2.05693e+02    4.92174e-06    
2.09195e+02    4.67134e-06    
2.12756e+02    4.43402e-06    
2.16377e+02    4.20908e-06    
2.20061e+02    3.99589e-06    
2.23807e+02    3.79380e-06    
2.27616e+02    3.60225e-06    
2.31491e+02    3.42067e-06    
2.35432e+02    3.24853e-06    
2.39439e+02    3.08534e-06    
2.43515e+02    2.93061e-06    
2.47660e+02    2.78390e-06    
2.51876e+02    2.64478e-06    
2.56164e+02    2.51284e-06    
2.60524e+02    2.38771e-06    
2.64959e+02    2.26901e-06    
2.69469e+02    2.15641e-06    
2.74056e+02    2.04958e-06    
2.78721e+02    1.94822e-06    
2.83466e+02    1.85202e-06    
2.88291e+02    1.76073e-06    
2.93198e+02    1.67407e-06    
2.98189e+02    1.59180e-06    
3.03265e+02    1.51370e-06    
3.08428e+02    1.43953e-06    
3.13678e+02    1.36910e-06    
3.19017e+02    1.30220e-06    
3.24448e+02    1.23865e-06    
3.29971e+02    1.17827e-06    
3.35588e+02    1.12091e-06    
3.41300e+02    1.06640e-06    
3.47110e+02    1.01459e-06    
3.53018e+02    9.65355e-07    
3.59028e+02    9.18549e-07    
3.65139e+02    8.74053e-07    
3.71355e+02    8.31747e-07    
3.77676e+02    7.91520e-07    
3.84105e+02    7.53266e-07    
3.90644e+02    7.16886e-07    
3.97293e+02    6.82285e-07    
4.04056e+02    6.49374e-07    
4.10934e+02    6.18067e-07    
4.17929e+02    5.88284e-07    
4.25043e+02    5.59950e-07    
4.32279e+02    5.32992e-07    
4.39637e+02    5.07341e-07    
4.47121e+02    4.82934e-07    
4.54732e+02    4.59709e-07    
4.62473e+02    4.37607e-07    
4.70345e+02    4.16573e-07    
4.78351e+02    3.96555e-07    
4.86494e+02    3.77503e-07    
4.94775e+02    3.59370e-07    
5.03198e+02    3.42111e-07    
5.11763e+02    3.25683e-07    
5.20475e+02    3.10046e-07    
5.29335e+02    2.95161e-07    
5.38345e+02    2.80993e-07    
5.47509e+02    2.67505e-07    
5.56829e+02    2.54666e-07    
5.66308e+02    2.42444e-07    
5.75947e+02    2.30808e-07    
5.85752e+02    2.19732e-07    
5.95722e+02    2.09187e-07    
6.05863e+02    1.99148e-07    
6.16176e+02    1.89591e-07    
6.26665e+02    1.80493e-07    
6.37333e+02    1.71831e-07    
6.48181e+02    1.63584e-07    
6.59215e+02    1.55733e-07    
6.70437e+02    1.48259e-07    
6.81849e+02    1.41143e-07    
6.93456e+02    1.34368e-07    
7.05260e+02    1.27918e-07    
7.17265e+02    1.21777e-07    
7.29475e+02    1.15931e-07    
7.41892e+02    1.10365e-07    
7.54521e+02    1.05065e-07    
7.67365e+02    1.00020e-07    
7.80427e+02    9.52172e-08    
7.93712e+02    9.06443e-08    
8.07223e+02    8.62907e-08    
8.20964e+02    8.21459e-08    
8.34939e+02    7.81998e-08    
8.49151e+02    7.44429e-08    
8.63606e+02    7.08662e-08    
8.78307e+02    6.74611e-08    
8.93258e+02    6.42193e-08    
9.08463e+02    6.11330e-08    
9.23927e+02    5.81947e-08    
9.39655e+02    5.53974e-08    
9.55650e+02    5.27343e-08    
9.71918e+02    5.01990e-08    
9.88462e+02    4.77854e-08    
1.00529e+03    4.54876e-08    
1.02240e+03    4.33001e-08    
1.03980e+03    4.12175e-08    
1.05750e+03    3.92350e-08    
1.07551e+03    3.73476e-08    
1.09381e+03    3.55509e-08    
1.11243e+03    3.38404e-08    
1.13137e+03    3.22120e-08    
1.15063e+03    3.06619e-08    
1.17021e+03    2.91862e-08    
1.19013e+03    2.77814e-08    
1.21039e+03    2.64441e-08    
1.23100e+03    2.51711e-08    
1.25195e+03    2.39592e-08    
1.27326e+03    2.28055e-08    
1.29494e+03    2.17073e-08    
1.31698e+03    2.06619e-08    
1.33940e+03    1.96667e-08    
1.36220e+03    1.87194e-08    
1.38539e+03    1.78176e-08    
1.40897e+03    1.69592e-08    
1.43295e+03    1.61421e-08    
1.45734e+03    1.53642e-08    
1.48215e+03    1.46238e-08    
1.50738e+03    1.39190e-08    
1.53304e+03    1.32481e-08    
1.55914e+03    1.26095e-08    
1.58568e+03    1.20016e-08    
1.61267e+03    1.14229e-08    
1.64012e+03    1.08721e-08    
1.66804e+03    1.03479e-08    
1.69643e+03    9.84882e-09    
1.72531e+03    9.37381e-09    
1.75468e+03    8.92166e-09    
1.78455e+03    8.49128e-09    
1.81493e+03    8.08163e-09    
1.84582e+03    7.69171e-09    
1.87724e+03    7.32057e-09    
1.90920e+03    6.96730e-09    
1.94170e+03    6.63106e-09    
1.97475e+03    6.31101e-09    
2.00836e+03    6.00639e-09    
2.04255e+03    5.71644e-09    
2.07732e+03    5.44047e-09    
2.11268e+03    5.17780e-09    
2.14864e+03    4.92779e-09    
2.18522e+03    4.68983e-09    
2.22242e+03    4.46335e-09    
2.26025e+03    4.24778e-09    
2.29872e+03    4.04261e-09    
2.33785e+03    3.84733e-09    
2.37765e+03    3.66147e-09    
2.41812e+03    3.48458e-09    
2.45928e+03    3.31621e-09    
2.50115e+03    3.15597e-09    
2.54372e+03    3.00346e-09    
2.58702e+03    2.85831e-09    
2.63106e+03    2.72017e-09    
2.67585e+03    2.58869e-09    
2.72140e+03    2.46355e-09    
2.76772e+03    2.34445e-09    
2.81484e+03    2.23111e-09    
2.86275e+03    2.12323e-09    
2.91148e+03    2.02057e-09    
2.96104e+03    1.92286e-09    
3.01145e+03    1.82986e-09    
3.06271e+03    1.74136e-09    
3.11484e+03    1.65714e-09    
3.16787e+03    1.57698e-09    
3.22179e+03    1.50069e-09    
3.27663e+03    1.42809e-09    
3.33241e+03    1.35899e-09    
3.38914e+03    1.29324e-09    
3.44683e+03    1.23066e-09    
3.50550e+03    1.17110e-09    
3.56517e+03    1.11442e-09    
3.62586e+03    1.06049e-09    
3.68758e+03    1.00915e-09    
3.75035e+03    9.60305e-10    
3.81419e+03    9.13816e-10    
3.87912e+03    8.69575e-10    
3.94515e+03    8.27473e-10    
4.01231e+03    7.87406e-10    
4.08061e+03    7.49277e-10    
4.15007e+03    7.12992e-10    
4.22071e+03    6.78462e-10    
4.29256e+03    6.45602e-10    
4.36563e+03    6.14331e-10    
4.43994e+03    5.84573e-10    
4.51552e+03    5.56255e-10    
4.59239e+03    5.29306e-10    
4.67056e+03    5.03662e-10    
4.75006e+03    4.79258e-10    
4.83092e+03    4.56035e-10    
4.91316e+03    4.33936e-10    
4.99679e+03    4.12907e-10    
5.08185e+03    3.92896e-10    
5.16835e+03    3.73853e-10    
5.25633e+03    3.55732e-10    
5.34581e+03    3.38488e-10    
5.43681e+03    3.22079e-10    
5.52935e+03    3.06465e-10    
5.62348e+03    2.91606e-10    
5.71920e+03    2.77467e-10    
5.81656e+03    2.64013e-10    
5.91557e+03    2.51211e-10    
6.01627e+03    2.39028e-10    
6.11868e+03    2.27436e-10    
6.22283e+03    2.16405e-10    
6.32876e+03    2.05909e-10    
6.43649e+03    1.95921e-10    
6.54606e+03    1.86417e-10    
6.65748e+03    1.77373e-10    
6.77081e+03    1.68768e-10    
6.88607e+03    1.60580e-10    
7.00328e+03    1.52789e-10    
7.12250e+03    1.45375e-10    
7.24374e+03    1.38320e-10    
7.36705e+03    1.31608e-10    
7.49245e+03    1.25221e-10    
7.61999e+03    1.19143e-10    
7.74970e+03    1.13360e-10    
7.88162e+03    1.07858e-10    
8.01578e+03    1.02622e-10    
8.15223e+03    9.76403e-11    
8.29100e+03    9.29001e-11    
8.43214e+03    8.83898e-11    
8.57567e+03    8.40982e-11    
8.72165e+03    8.00147e-11    
8.87012e+03    7.61294e-11    
9.02111e+03    7.24325e-11    
9.17467e+03    6.89149e-11    
9.33084e+03    6.55680e-11    
9.48968e+03    6.23835e-11    
9.65121e+03    5.93534e-11    
9.81550e+03    5.64704e-11    
9.98258e+03    5.37273e-11    
1.01525e+04    5.11173e-11    
1.03253e+04    4.86340e-11    
1.05011e+04    4.62712e-11    
1.06798e+04    4.40231e-11    
1.08616e+04    4.18841e-11    
1.10465e+04    3.98489e-11    
1.12346e+04    3.79125e-11    
1.14258e+04    3.60701e-11    
1.16203e+04    3.43172e-11    
1.18181e+04    3.26493e-11    
1.20193e+04    3.10625e-11    
1.22239e+04    2.95527e-11    
1.24320e+04    2.81162e-11    
1.26436e+04    2.67495e-11    
1.28588e+04    2.54491e-11    
1.30777e+04    2.42120e-11    
1.33003e+04    2.30348e-11    
1.35267e+04    2.19149e-11    
1.37570e+04    2.08494e-11    
1.39912e+04    1.98356e-11    
1.42293e+04    1.88711e-11    
1.44715e+04    1.79534e-11    
1.47179e+04    1.70803e-11    
1.49684e+04    1.62497e-11    
1.52232e+04    1.54594e-11    
1.54823e+04    1.47075e-11    
1.57459e+04    1.39921e-11    
1.60139e+04    1.33115e-11    
1.62865e+04    1.26640e-11    
1.65638e+04    1.20480e-11    
1.68457e+04    1.14619e-11    
1.71325e+04    1.09042e-11    
1.74241e+04    1.03737e-11    
1.77207e+04    9.86901e-12    
1.80224e+04    9.38883e-12    
1.83291e+04    8.93198e-12    
1.86412e+04    8.49735e-12    
1.89585e+04    8.08385e-12    
1.92812e+04    7.69045e-12    
1.96094e+04    7.31619e-12    
1.99432e+04    6.96012e-12    
2.02827e+04    6.62137e-12    
2.06279e+04    6.29909e-12    
2.09791e+04    5.99248e-12    
2.13362e+04    5.70079e-12    
2.16994e+04    5.42328e-12    
2.20688e+04    5.15928e-12    
2.24444e+04    4.90811e-12    
2.28265e+04    4.66916e-12    
2.32151e+04    4.44184e-12    
2.36102e+04    4.22557e-12    
2.40121e+04    4.01983e-12    
2.44209e+04    3.82410e-12    
2.48366e+04    3.63788e-12    
2.52594e+04    3.46074e-12    
2.56893e+04    3.29221e-12    
2.61266e+04    3.13188e-12    
2.65714e+04    2.97935e-12    
2.70237e+04    2.83425e-12    
2.74837e+04    2.69620e-12    
2.79515e+04    2.56488e-12    
2.84273e+04    2.43995e-12    
2.89112e+04    2.32110e-12    
2.94034e+04    2.20803e-12    
2.99039e+04    2.10047e-12    
3.04129e+04    1.99814e-12    
3.09306e+04    1.90080e-12    
3.14571e+04    1.80819e-12    
3.19926e+04    1.72009e-12    
3.25372e+04    1.63628e-12    
3.30911e+04    1.55656e-12    
3.36544e+04    1.48071e-12    
3.42272e+04    1.40856e-12    
3.48099e+04    1.33992e-12    
3.54024e+04    1.27462e-12    
3.60051e+04    1.21251e-12    
3.66180e+04    1.15341e-12    
3.72413e+04    1.09720e-12    
3.78752e+04    1.04373e-12    
3.85199e+04    9.92854e-13    
3.91756e+04    9.44461e-13    
3.98425e+04    8.98424e-13    
4.05207e+04    8.54631e-13    
4.12105e+04    8.12970e-13    
4.19120e+04    7.73339e-13    
4.26254e+04    7.35639e-13    
4.33510e+04    6.99776e-13    
4.40890e+04    6.65660e-13    
4.48395e+04    6.33206e-13    
4.56027e+04    6.02333e-13    
4.63790e+04    5.72964e-13    
4.71685e+04    5.45027e-13    
4.79714e+04    5.18451e-13    
4.87880e+04    4.93170e-13    
4.96185e+04    4.69121e-13    
5.04631e+04    4.46244e-13    
5.13221e+04    4.24482e-13    
5.21958e+04    4.03781e-13    
5.30843e+04    3.84088e-13    
5.39879e+04    3.65356e-13    
5.49069e+04    3.47536e-13    
5.58415e+04    3.30585e-13    
5.67921e+04    3.14461e-13    
5.77588e+04    2.99122e-13    
5.87420e+04    2.84531e-13    
5.97420e+04    2.70652e-13    
6.07589e+04    2.57449e-13    
6.17932e+04    2.44890e-13    
6.28451e+04    2.32943e-13    
6.39148e+04    2.21578e-13    
6.50028e+04    2.10768e-13    
6.61093e+04    2.00485e-13    
6.72347e+04    1.90703e-13    
6.83792e+04    1.81398e-13    
6.95431e+04    1.72547e-13    
7.07269e+04    1.64128e-13    
7.19309e+04    1.56119e-13    
7.31553e+04    1.48501e-13    
7.44006e+04    1.41254e-13    
7.56671e+04    1.34361e-13    
7.69551e+04    1.27804e-13    
7.82651e+04    1.21567e-13    
7.95973e+04    1.15634e-13    
8.09523e+04    1.09990e-13    
8.23303e+04    1.04622e-13    
8.37317e+04    9.95158e-14    
8.51571e+04    9.46585e-14    
8.66066e+04    9.00382e-14    
8.80809e+04    8.56433e-14    
8.95803e+04    8.14628e-14    
9.11051e+04    7.74862e-14    
9.26560e+04    7.37037e-14    
9.42332e+04    7.01057e-14    
9.58373e+04    6.66832e-14    
9.74687e+04    6.34278e-14    
9.91278e+04    6.03312e-14    
1.00815e+05    5.73857e-14    
1.02531e+05    5.45840e-14    
1.04277e+05    5.19189e-14    
1.06052e+05    4.93840e-14    
1.07857e+05    4.69727e-14    
1.09693e+05    4.46791e-14    
1.11560e+05    4.24975e-14    
1.13459e+05    4.04223e-14    
1.15391e+05    3.84484e-14    
1.17355e+05    3.65709e-14    
1.19352e+05    3.47850e-14    
1.21384e+05    3.30862e-14    
1.23450e+05    3.14704e-14    
1.25552e+05    2.99335e-14    
1.27689e+05    2.84716e-14    
1.29863e+05    2.70810e-14    
1.32073e+05    2.57584e-14    
1.34321e+05    2.45003e-14    
1.36608e+05    2.33036e-14    
1.38933e+05    2.21654e-14    
1.41298e+05    2.10827e-14    
1.43703e+05    2.00529e-14    
1.46150e+05    1.90733e-14    
1.48637e+05    1.81416e-14    
1.51168e+05    1.72554e-14    
1.53741e+05    1.64125e-14    
1.56358e+05    1.56107e-14    
1.59020e+05    1.48481e-14    
1.61726e+05    1.41227e-14    
1.64479e+05    1.34327e-14    
1.67279e+05    1.27764e-14    
1.70127e+05    1.21522e-14    
1.73023e+05    1.15585e-14    
1.75968e+05    1.09937e-14    
1.78963e+05    1.04566e-14    
1.82010e+05    9.94565e-15    
1.85108e+05    9.45968e-15    
1.88259e+05    8.99745e-15    
1.91464e+05    8.55779e-15    
1.94723e+05    8.13961e-15    
1.98037e+05    7.74186e-15    
2.01409e+05    7.36353e-15    
2.04837e+05    7.00369e-15    
2.08324e+05    6.66142e-15    
2.11870e+05    6.33587e-15    
2.15477e+05    6.02623e-15    
2.19144e+05    5.73171e-15    
2.22875e+05    5.45159e-15    
2.26669e+05    5.18514e-15    
2.30527e+05    4.93172e-15    
2.34451e+05    4.69067e-15    
2.38442e+05    4.46141e-15    
2.42501e+05    4.24334e-15    
2.46629e+05    4.03593e-15    
2.50827e+05    3.83865e-15    
2.55097e+05    3.65102e-15    
2.59439e+05    3.47255e-15    
2.63856e+05    3.30280e-15    
2.68347e+05    3.14135e-15    
2.72915e+05    2.98778e-15    
2.77561e+05    2.84172e-15    
2.82285e+05    2.70280e-15    
2.87091e+05    2.57067e-15    
2.91978e+05    2.44499e-15    
2.96948e+05    2.32546e-15    
3.02003e+05    2.21177e-15    
3.07143e+05    2.10363e-15    
3.12372e+05    2.00078e-15    
3.17689e+05    1.90296e-15    
3.23097e+05    1.80992e-15    
3.28597e+05    1.72142e-15    
3.34190e+05    1.63725e-15    
3.39879e+05    1.55720e-15    
3.45665e+05    1.48105e-15    
3.51549e+05    1.40863e-15    
3.57533e+05    1.33975e-15    
3.63619e+05    1.27424e-15    
3.69809e+05    1.21193e-15    
3.76104e+05    1.15266e-15    
3.82506e+05    1.09630e-15    
3.89017e+05    1.04269e-15    
3.95639e+05    9.91694e-16    
4.02374e+05    9.43196e-16    
4.09223e+05    8.97069e-16    
4.16189e+05    8.53197e-16    
4.23274e+05    8.11470e-16    
4.30479e+05    7.71783e-16    
4.37807e+05    7.34036e-16    
4.45259e+05    6.98135e-16    
4.52839e+05    6.63989e-16    
4.60547e+05    6.31513e-16    
4.68387e+05    6.00625e-16    
4.76360e+05    5.71247e-16    
4.84469e+05    5.43306e-16    
4.92715e+05    5.16731e-16    
5.01103e+05    4.91455e-16    
5.09633e+05    4.67415e-16    
5.18308e+05    4.44551e-16    
5.27131e+05    4.22805e-16    
5.36104e+05    4.02123e-16    
5.45230e+05    3.82452e-16    
5.54511e+05    3.63742e-16    
5.63950e+05    3.45948e-16    
5.73550e+05    3.29024e-16    
5.83313e+05    3.12928e-16    
5.93242e+05    2.97619e-16    
6.03341e+05    2.83059e-16    
6.13611e+05    2.69211e-16    
6.24056e+05    2.56040e-16    
6.34679e+05    2.43513e-16    
6.45483e+05    2.31599e-16    
6.56470e+05    2.20268e-16    
6.67645e+05    2.09491e-16    
6.79010e+05    1.99241e-16    
6.90569e+05    1.89493e-16    
7.02324e+05    1.80221e-16    
7.14279e+05    1.71403e-16    
7.26438e+05    1.63016e-16    
7.38804e+05    1.55040e-16    
7.51380e+05    1.47453e-16    
7.64170e+05    1.40238e-16    
7.77178e+05    1.33376e-16    
7.90408e+05    1.26849e-16    
8.03862e+05    1.20642e-16    
8.17546e+05    1.14738e-16    
8.31463e+05    1.09124e-16    
8.45616e+05    1.03784e-16    
8.60010e+05    9.87048e-17    
8.74650e+05    9.38745e-17    
8.89539e+05    8.92805e-17    
9.04681e+05    8.49112e-17    
9.20081e+05    8.07557e-17    
9.35743e+05    7.68036e-17    
9.51671e+05    7.30448e-17    
9.67871e+05    6.94699e-17    
9.84347e+05    6.60699e-17    
1.00110e+06    6.28363e-17    
1.01814e+06    5.97609e-17    
1.03547e+06    5.68360e-17    
1.05310e+06    5.40542e-17    
1.07103e+06    5.14086e-17    
1.08926e+06    4.88924e-17    
1.10780e+06    4.64993e-17    
1.12666e+06    4.42233e-17    
1.14584e+06    4.20587e-17    
1.16534e+06    4.00000e-17    
1.18518e+06    3.80421e-17    
1.20535e+06    3.61800e-17    
1.22587e+06    3.44090e-17    
1.24674e+06    3.27247e-17    
1.26796e+06    3.11228e-17    
1.28955e+06    2.95993e-17    
1.31150e+06    2.81504e-17    
1.33382e+06    2.67724e-17    
1.35653e+06    2.54618e-17    
1.37962e+06    2.42154e-17    
1.40310e+06    2.30299e-17    
1.42699e+06    2.19025e-17    
1.45128e+06    2.08303e-17    
1.47598e+06    1.98105e-17    
1.50111e+06    1.88407e-17    
1.52666e+06    1.79183e-17    
1.55265e+06    1.70411e-17    
1.57908e+06    1.62068e-17    
1.60596e+06    1.54133e-17    
1.63329e+06    1.46587e-17    
1.66110e+06    1.39411e-17    
1.68937e+06    1.32585e-17    
1.71813e+06    1.26094e-17    
1.74738e+06    1.19920e-17    
1.77712e+06    1.14049e-17    
1.80737e+06    1.08465e-17    
1.83814e+06    1.03154e-17    
1.86943e+06    9.81033e-18    
1.90125e+06    9.32998e-18    
1.93361e+06    8.87315e-18    
1.96653e+06    8.43869e-18    
2.00000e+06    8.02549e-18    

