# USINE V4.0
# File generated 13-05-2022 06:37:24
# Model1DKisoVc
# P
# SolMod0DFF_phi0_570GV
# R [GV]       TOA [GV m^{2} s sr]^{-1}
8.91884e-02    6.58144e-06    
9.07153e-02    6.92224e-06    
9.22684e-02    7.28062e-06    
9.38480e-02    7.65750e-06    
9.54548e-02    8.05382e-06    
9.70890e-02    8.47058e-06    
9.87512e-02    8.90883e-06    
1.00442e-01    9.36967e-06    
1.02161e-01    9.85426e-06    
1.03910e-01    1.03638e-05    
1.05689e-01    1.08996e-05    
1.07499e-01    1.14630e-05    
1.09339e-01    1.20554e-05    
1.11211e-01    1.26783e-05    
1.13115e-01    1.33332e-05    
1.15052e-01    1.40218e-05    
1.17021e-01    1.47458e-05    
1.19025e-01    1.55071e-05    
1.21063e-01    1.63074e-05    
1.23135e-01    1.71489e-05    
1.25243e-01    1.80336e-05    
1.27388e-01    1.89637e-05    
1.29569e-01    1.99415e-05    
1.31787e-01    2.09695e-05    
1.34043e-01    2.20502e-05    
1.36338e-01    2.31863e-05    
1.38672e-01    2.43806e-05    
1.41046e-01    2.56362e-05    
1.43461e-01    2.69560e-05    
1.45917e-01    2.83433e-05    
1.48415e-01    2.98017e-05    
1.50956e-01    3.13346e-05    
1.53541e-01    3.29459e-05    
1.56169e-01    3.46395e-05    
1.58843e-01    3.64197e-05    
1.61562e-01    3.82907e-05    
1.64328e-01    4.02573e-05    
1.67142e-01    4.23241e-05    
1.70003e-01    4.44963e-05    
1.72914e-01    4.67792e-05    
1.75874e-01    4.91784e-05    
1.78885e-01    5.16997e-05    
1.81948e-01    5.43494e-05    
1.85063e-01    5.71337e-05    
1.88231e-01    6.00596e-05    
1.91454e-01    6.31341e-05    
1.94731e-01    6.63647e-05    
1.98065e-01    6.97593e-05    
2.01456e-01    7.33258e-05    
2.04905e-01    7.70722e-05    
2.08413e-01    8.10069e-05    
2.11981e-01    8.51392e-05    
2.15610e-01    8.94787e-05    
2.19302e-01    9.40356e-05    
2.23056e-01    9.88204e-05    
2.26875e-01    1.03844e-04    
2.30759e-01    1.09118e-04    
2.34710e-01    1.14655e-04    
2.38728e-01    1.20466e-04    
2.42815e-01    1.26566e-04    
2.46972e-01    1.32968e-04    
2.51201e-01    1.39686e-04    
2.55501e-01    1.46736e-04    
2.59876e-01    1.54133e-04    
2.64325e-01    1.61893e-04    
2.68850e-01    1.70033e-04    
2.73453e-01    1.78572e-04    
2.78134e-01    1.87527e-04    
2.82896e-01    1.96918e-04    
2.87739e-01    2.06765e-04    
2.92666e-01    2.17089e-04    
2.97676e-01    2.27912e-04    
3.02772e-01    2.39256e-04    
3.07956e-01    2.51145e-04    
3.13228e-01    2.63604e-04    
3.18591e-01    2.76657e-04    
3.24045e-01    2.90332e-04    
3.29593e-01    3.04656e-04    
3.35236e-01    3.19658e-04    
3.40975e-01    3.35366e-04    
3.46813e-01    3.51812e-04    
3.52750e-01    3.69027e-04    
3.58789e-01    3.87045e-04    
3.64932e-01    4.05899e-04    
3.71180e-01    4.25625e-04    
3.77535e-01    4.46258e-04    
3.83998e-01    4.67836e-04    
3.90572e-01    4.90399e-04    
3.97259e-01    5.13986e-04    
4.04060e-01    5.38639e-04    
4.10978e-01    5.64399e-04    
4.18014e-01    5.91310e-04    
4.25170e-01    6.19418e-04    
4.32449e-01    6.48768e-04    
4.39853e-01    6.79408e-04    
4.47384e-01    7.11385e-04    
4.55043e-01    7.44750e-04    
4.62833e-01    7.79554e-04    
4.70757e-01    8.15847e-04    
4.78817e-01    8.53683e-04    
4.87014e-01    8.93115e-04    
4.95352e-01    9.34199e-04    
5.03833e-01    9.76989e-04    
5.12459e-01    1.02154e-03    
5.21232e-01    1.06791e-03    
5.30156e-01    1.11616e-03    
5.39232e-01    1.16635e-03    
5.48464e-01    1.21853e-03    
5.57854e-01    1.27276e-03    
5.67404e-01    1.32911e-03    
5.77119e-01    1.38762e-03    
5.86999e-01    1.44836e-03    
5.97049e-01    1.51139e-03    
6.07270e-01    1.57676e-03    
6.17667e-01    1.64454e-03    
6.28242e-01    1.71476e-03    
6.38997e-01    1.78750e-03    
6.49937e-01    1.86280e-03    
6.61064e-01    1.94072e-03    
6.72382e-01    2.02129e-03    
6.83893e-01    2.10458e-03    
6.95602e-01    2.19061e-03    
7.07511e-01    2.27944e-03    
7.19624e-01    2.37109e-03    
7.31944e-01    2.46561e-03    
7.44475e-01    2.56301e-03    
7.57221e-01    2.66333e-03    
7.70185e-01    2.76658e-03    
7.83370e-01    2.87278e-03    
7.96782e-01    2.98193e-03    
8.10423e-01    3.09404e-03    
8.24298e-01    3.20909e-03    
8.38410e-01    3.32708e-03    
8.52764e-01    3.44798e-03    
8.67363e-01    3.57175e-03    
8.82213e-01    3.69837e-03    
8.97317e-01    3.82778e-03    
9.12679e-01    3.95992e-03    
9.28305e-01    4.09472e-03    
9.44197e-01    4.23209e-03    
9.60362e-01    4.37194e-03    
9.76804e-01    4.51415e-03    
9.93527e-01    4.65862e-03    
1.01054e+00    4.80520e-03    
1.02784e+00    4.95375e-03    
1.04543e+00    5.10410e-03    
1.06333e+00    5.25609e-03    
1.08154e+00    5.40952e-03    
1.10005e+00    5.56419e-03    
1.11889e+00    5.71989e-03    
1.13804e+00    5.87639e-03    
1.15753e+00    6.03345e-03    
1.17734e+00    6.19082e-03    
1.19750e+00    6.34825e-03    
1.21800e+00    6.50546e-03    
1.23885e+00    6.66219e-03    
1.26006e+00    6.81815e-03    
1.28164e+00    6.97307e-03    
1.30358e+00    7.12664e-03    
1.32590e+00    7.27857e-03    
1.34860e+00    7.42855e-03    
1.37168e+00    7.57626e-03    
1.39517e+00    7.72138e-03    
1.41905e+00    7.86359e-03    
1.44335e+00    8.00254e-03    
1.46806e+00    8.13791e-03    
1.49319e+00    8.26934e-03    
1.51876e+00    8.39647e-03    
1.54476e+00    8.51894e-03    
1.57120e+00    8.63637e-03    
1.59810e+00    8.74839e-03    
1.62546e+00    8.85465e-03    
1.65329e+00    8.95480e-03    
1.68160e+00    9.04851e-03    
1.71039e+00    9.13549e-03    
1.73967e+00    9.21544e-03    
1.76945e+00    9.28813e-03    
1.79975e+00    9.35334e-03    
1.83056e+00    9.41091e-03    
1.86190e+00    9.46070e-03    
1.89378e+00    9.50265e-03    
1.92620e+00    9.53672e-03    
1.95917e+00    9.56285e-03    
1.99272e+00    9.58107e-03    
2.02683e+00    9.59135e-03    
2.06153e+00    9.59374e-03    
2.09683e+00    9.58827e-03    
2.13273e+00    9.57495e-03    
2.16924e+00    9.55383e-03    
2.20638e+00    9.52493e-03    
2.24415e+00    9.48824e-03    
2.28257e+00    9.44381e-03    
2.32165e+00    9.39171e-03    
2.36140e+00    9.33205e-03    
2.40182e+00    9.26500e-03    
2.44294e+00    9.19076e-03    
2.48477e+00    9.10958e-03    
2.52731e+00    9.02178e-03    
2.57058e+00    8.92775e-03    
2.61459e+00    8.82795e-03    
2.65935e+00    8.72288e-03    
2.70488e+00    8.61300e-03    
2.75119e+00    8.49879e-03    
2.79829e+00    8.38069e-03    
2.84619e+00    8.25911e-03    
2.89492e+00    8.13444e-03    
2.94448e+00    8.00703e-03    
2.99489e+00    7.87718e-03    
3.04617e+00    7.74515e-03    
3.09832e+00    7.61116e-03    
3.15136e+00    7.47539e-03    
3.20532e+00    7.33802e-03    
3.26019e+00    7.19918e-03    
3.31601e+00    7.05900e-03    
3.37278e+00    6.91758e-03    
3.43052e+00    6.77500e-03    
3.48925e+00    6.63137e-03    
3.54899e+00    6.48676e-03    
3.60975e+00    6.34128e-03    
3.67155e+00    6.19505e-03    
3.73441e+00    6.04822e-03    
3.79834e+00    5.90102e-03    
3.86337e+00    5.75369e-03    
3.92951e+00    5.60656e-03    
3.99679e+00    5.45997e-03    
4.06522e+00    5.31430e-03    
4.13481e+00    5.16989e-03    
4.20560e+00    5.02706e-03    
4.27760e+00    4.88608e-03    
4.35084e+00    4.74718e-03    
4.42533e+00    4.61052e-03    
4.50109e+00    4.47623e-03    
4.57815e+00    4.34438e-03    
4.65653e+00    4.21503e-03    
4.73625e+00    4.08820e-03    
4.81734e+00    3.96392e-03    
4.89981e+00    3.84219e-03    
4.98370e+00    3.72302e-03    
5.06902e+00    3.60640e-03    
5.15580e+00    3.49231e-03    
5.24407e+00    3.38074e-03    
5.33385e+00    3.27166e-03    
5.42517e+00    3.16507e-03    
5.51805e+00    3.06095e-03    
5.61252e+00    2.95926e-03    
5.70861e+00    2.86000e-03    
5.80634e+00    2.76314e-03    
5.90575e+00    2.66865e-03    
6.00686e+00    2.57652e-03    
6.10970e+00    2.48673e-03    
6.21430e+00    2.39925e-03    
6.32069e+00    2.31405e-03    
6.42890e+00    2.23112e-03    
6.53896e+00    2.15044e-03    
6.65091e+00    2.07199e-03    
6.76478e+00    1.99575e-03    
6.88059e+00    1.92168e-03    
6.99839e+00    1.84978e-03    
7.11821e+00    1.78001e-03    
7.24007e+00    1.71236e-03    
7.36403e+00    1.64679e-03    
7.49010e+00    1.58330e-03    
7.61833e+00    1.52185e-03    
7.74876e+00    1.46241e-03    
7.88142e+00    1.40497e-03    
8.01636e+00    1.34948e-03    
8.15360e+00    1.29591e-03    
8.29319e+00    1.24424e-03    
8.43517e+00    1.19443e-03    
8.57959e+00    1.14645e-03    
8.72647e+00    1.10027e-03    
8.87587e+00    1.05587e-03    
9.02783e+00    1.01321e-03    
9.18239e+00    9.72254e-04    
9.33959e+00    9.32957e-04    
9.49949e+00    8.95277e-04    
9.66213e+00    8.59159e-04    
9.82754e+00    8.24550e-04    
9.99580e+00    7.91382e-04    
1.01669e+01    7.59580e-04    
1.03410e+01    7.29069e-04    
1.05180e+01    6.99776e-04    
1.06981e+01    6.71637e-04    
1.08813e+01    6.44590e-04    
1.10675e+01    6.18580e-04    
1.12570e+01    5.93555e-04    
1.14498e+01    5.69471e-04    
1.16458e+01    5.46289e-04    
1.18452e+01    5.23976e-04    
1.20479e+01    5.02507e-04    
1.22542e+01    4.81855e-04    
1.24640e+01    4.61995e-04    
1.26774e+01    4.42901e-04    
1.28944e+01    4.24548e-04    
1.31152e+01    4.06912e-04    
1.33397e+01    3.89969e-04    
1.35681e+01    3.73695e-04    
1.38004e+01    3.58066e-04    
1.40367e+01    3.43057e-04    
1.42770e+01    3.28645e-04    
1.45214e+01    3.14807e-04    
1.47700e+01    3.01521e-04    
1.50229e+01    2.88767e-04    
1.52801e+01    2.76525e-04    
1.55417e+01    2.64775e-04    
1.58078e+01    2.53500e-04    
1.60784e+01    2.42681e-04    
1.63537e+01    2.32302e-04    
1.66336e+01    2.22345e-04    
1.69184e+01    2.12795e-04    
1.72081e+01    2.03636e-04    
1.75027e+01    1.94854e-04    
1.78023e+01    1.86433e-04    
1.81071e+01    1.78361e-04    
1.84171e+01    1.70624e-04    
1.87324e+01    1.63208e-04    
1.90531e+01    1.56101e-04    
1.93793e+01    1.49291e-04    
1.97111e+01    1.42767e-04    
2.00486e+01    1.36517e-04    
2.03918e+01    1.30530e-04    
2.07409e+01    1.24796e-04    
2.10960e+01    1.19306e-04    
2.14572e+01    1.14050e-04    
2.18245e+01    1.09021e-04    
2.21982e+01    1.04212e-04    
2.25782e+01    9.96090e-05    
2.29648e+01    9.52015e-05    
2.33579e+01    9.09826e-05    
2.37578e+01    8.69443e-05    
2.41646e+01    8.30791e-05    
2.45783e+01    7.93801e-05    
2.49990e+01    7.58404e-05    
2.54270e+01    7.24535e-05    
2.58624e+01    6.92130e-05    
2.63051e+01    6.61129e-05    
2.67555e+01    6.31475e-05    
2.72135e+01    6.03110e-05    
2.76794e+01    5.75980e-05    
2.81533e+01    5.50036e-05    
2.86353e+01    5.25226e-05    
2.91256e+01    5.01503e-05    
2.96242e+01    4.78821e-05    
3.01314e+01    4.57136e-05    
3.06472e+01    4.36407e-05    
3.11719e+01    4.16592e-05    
3.17056e+01    3.97652e-05    
3.22484e+01    3.79551e-05    
3.28005e+01    3.62253e-05    
3.33621e+01    3.45722e-05    
3.39333e+01    3.29927e-05    
3.45142e+01    3.14836e-05    
3.51051e+01    3.00418e-05    
3.57061e+01    2.86644e-05    
3.63174e+01    2.73486e-05    
3.69392e+01    2.60918e-05    
3.75716e+01    2.48915e-05    
3.82148e+01    2.37450e-05    
3.88691e+01    2.26502e-05    
3.95345e+01    2.16048e-05    
4.02114e+01    2.06065e-05    
4.08998e+01    1.96533e-05    
4.16000e+01    1.87433e-05    
4.23122e+01    1.78745e-05    
4.30366e+01    1.70452e-05    
4.37734e+01    1.62535e-05    
4.45228e+01    1.54979e-05    
4.52851e+01    1.47766e-05    
4.60604e+01    1.40883e-05    
4.68489e+01    1.34314e-05    
4.76510e+01    1.28046e-05    
4.84668e+01    1.22064e-05    
4.92966e+01    1.16357e-05    
5.01406e+01    1.10912e-05    
5.09990e+01    1.05716e-05    
5.18721e+01    1.00760e-05    
5.27602e+01    9.60322e-06    
5.36634e+01    9.15221e-06    
5.45822e+01    8.72202e-06    
5.55166e+01    8.31170e-06    
5.64671e+01    7.92036e-06    
5.74338e+01    7.54714e-06    
5.84171e+01    7.19122e-06    
5.94172e+01    6.85182e-06    
6.04345e+01    6.52818e-06    
6.14691e+01    6.21959e-06    
6.25215e+01    5.92536e-06    
6.35919e+01    5.64483e-06    
6.46806e+01    5.37739e-06    
6.57880e+01    5.12244e-06    
6.69143e+01    4.87939e-06    
6.80599e+01    4.64772e-06    
6.92251e+01    4.42688e-06    
7.04102e+01    4.21640e-06    
7.16157e+01    4.01579e-06    
7.28418e+01    3.82459e-06    
7.40889e+01    3.64238e-06    
7.53573e+01    3.46873e-06    
7.66474e+01    3.30326e-06    
7.79596e+01    3.14559e-06    
7.92943e+01    2.99535e-06    
8.06519e+01    2.85219e-06    
8.20327e+01    2.71580e-06    
8.34371e+01    2.58586e-06    
8.48656e+01    2.46206e-06    
8.63185e+01    2.34413e-06    
8.77963e+01    2.23178e-06    
8.92994e+01    2.12476e-06    
9.08282e+01    2.02282e-06    
9.23832e+01    1.92572e-06    
9.39649e+01    1.83324e-06    
9.55736e+01    1.74515e-06    
9.72098e+01    1.66126e-06    
9.88741e+01    1.58137e-06    
1.00567e+02    1.50529e-06    
1.02289e+02    1.43283e-06    
1.04040e+02    1.36384e-06    
1.05821e+02    1.29814e-06    
1.07633e+02    1.23559e-06    
1.09475e+02    1.17603e-06    
1.11350e+02    1.11932e-06    
1.13256e+02    1.06533e-06    
1.15195e+02    1.01393e-06    
1.17167e+02    9.64997e-07    
1.19173e+02    9.18414e-07    
1.21213e+02    8.74070e-07    
1.23289e+02    8.31858e-07    
1.25399e+02    7.91679e-07    
1.27546e+02    7.53435e-07    
1.29730e+02    7.17035e-07    
1.31951e+02    6.82390e-07    
1.34210e+02    6.49418e-07    
1.36508e+02    6.18038e-07    
1.38845e+02    5.88176e-07    
1.41222e+02    5.59758e-07    
1.43640e+02    5.32715e-07    
1.46099e+02    5.06982e-07    
1.48600e+02    4.82497e-07    
1.51144e+02    4.59199e-07    
1.53732e+02    4.37032e-07    
1.56364e+02    4.15942e-07    
1.59041e+02    3.95876e-07    
1.61763e+02    3.76786e-07    
1.64533e+02    3.58625e-07    
1.67350e+02    3.41348e-07    
1.70215e+02    3.24912e-07    
1.73129e+02    3.09278e-07    
1.76093e+02    2.94405e-07    
1.79108e+02    2.80258e-07    
1.82174e+02    2.66801e-07    
1.85293e+02    2.54001e-07    
1.88465e+02    2.41826e-07    
1.91692e+02    2.30245e-07    
1.94974e+02    2.19230e-07    
1.98312e+02    2.08753e-07    
2.01707e+02    1.98787e-07    
2.05160e+02    1.89308e-07    
2.08673e+02    1.80291e-07    
2.12245e+02    1.71715e-07    
2.15879e+02    1.63557e-07    
2.19575e+02    1.55796e-07    
2.23334e+02    1.48414e-07    
2.27157e+02    1.41390e-07    
2.31046e+02    1.34709e-07    
2.35002e+02    1.28352e-07    
2.39025e+02    1.22303e-07    
2.43118e+02    1.16548e-07    
2.47280e+02    1.11071e-07    
2.51513e+02    1.05859e-07    
2.55819e+02    1.00898e-07    
2.60199e+02    9.61769e-08    
2.64654e+02    9.16824e-08    
2.69185e+02    8.74038e-08    
2.73793e+02    8.33302e-08    
2.78481e+02    7.94515e-08    
2.83248e+02    7.57580e-08    
2.88098e+02    7.22405e-08    
2.93030e+02    6.88903e-08    
2.98047e+02    6.56991e-08    
3.03149e+02    6.26591e-08    
3.08339e+02    5.97628e-08    
3.13618e+02    5.70032e-08    
3.18988e+02    5.43736e-08    
3.24449e+02    5.18676e-08    
3.30003e+02    4.94792e-08    
3.35653e+02    4.72027e-08    
3.41400e+02    4.50326e-08    
3.47244e+02    4.29639e-08    
3.53189e+02    4.09916e-08    
3.59236e+02    3.91110e-08    
3.65386e+02    3.73179e-08    
3.71642e+02    3.56079e-08    
3.78005e+02    3.39772e-08    
3.84476e+02    3.24220e-08    
3.91058e+02    3.09387e-08    
3.97754e+02    2.95238e-08    
4.04563e+02    2.81743e-08    
4.11489e+02    2.68868e-08    
4.18534e+02    2.56587e-08    
4.25700e+02    2.44870e-08    
4.32988e+02    2.33692e-08    
4.40401e+02    2.23027e-08    
4.47941e+02    2.12852e-08    
4.55609e+02    2.03143e-08    
4.63410e+02    1.93878e-08    
4.71343e+02    1.85038e-08    
4.79413e+02    1.76603e-08    
4.87621e+02    1.68554e-08    
4.95969e+02    1.60872e-08    
5.04460e+02    1.53542e-08    
5.13097e+02    1.46546e-08    
5.21881e+02    1.39870e-08    
5.30816e+02    1.33499e-08    
5.39903e+02    1.27418e-08    
5.49147e+02    1.21615e-08    
5.58548e+02    1.16077e-08    
5.68111e+02    1.10791e-08    
5.77837e+02    1.05747e-08    
5.87730e+02    1.00932e-08    
5.97792e+02    9.63364e-09    
6.08026e+02    9.19504e-09    
6.18436e+02    8.77643e-09    
6.29024e+02    8.37688e-09    
6.39793e+02    7.99554e-09    
6.50746e+02    7.63156e-09    
6.61887e+02    7.28416e-09    
6.73219e+02    6.95258e-09    
6.84745e+02    6.63610e-09    
6.96468e+02    6.33403e-09    
7.08392e+02    6.04571e-09    
7.20520e+02    5.77051e-09    
7.32855e+02    5.50785e-09    
7.45402e+02    5.25714e-09    
7.58163e+02    5.01784e-09    
7.71143e+02    4.78944e-09    
7.84346e+02    4.57143e-09    
7.97774e+02    4.36335e-09    
8.11432e+02    4.16473e-09    
8.25324e+02    3.97516e-09    
8.39454e+02    3.79422e-09    
8.53825e+02    3.62151e-09    
8.68443e+02    3.45666e-09    
8.83311e+02    3.29931e-09    
8.98434e+02    3.14913e-09    
9.13815e+02    3.00578e-09    
9.29460e+02    2.86896e-09    
9.45373e+02    2.73836e-09    
9.61558e+02    2.61371e-09    
9.78020e+02    2.49474e-09    
9.94764e+02    2.38117e-09    
1.01179e+03    2.27278e-09    
1.02912e+03    2.16932e-09    
1.04674e+03    2.07057e-09    
1.06466e+03    1.97632e-09    
1.08288e+03    1.88635e-09    
1.10142e+03    1.80048e-09    
1.12028e+03    1.71852e-09    
1.13946e+03    1.64030e-09    
1.15897e+03    1.56563e-09    
1.17881e+03    1.49436e-09    
1.19899e+03    1.42633e-09    
1.21952e+03    1.36141e-09    
1.24040e+03    1.29943e-09    
1.26163e+03    1.24028e-09    
1.28323e+03    1.18382e-09    
1.30520e+03    1.12994e-09    
1.32755e+03    1.07850e-09    
1.35027e+03    1.02941e-09    
1.37339e+03    9.82551e-10    
1.39690e+03    9.37826e-10    
1.42082e+03    8.95138e-10    
1.44515e+03    8.54393e-10    
1.46989e+03    8.15503e-10    
1.49505e+03    7.78383e-10    
1.52065e+03    7.42954e-10    
1.54668e+03    7.09138e-10    
1.57316e+03    6.76861e-10    
1.60009e+03    6.46053e-10    
1.62749e+03    6.16649e-10    
1.65535e+03    5.88583e-10    
1.68369e+03    5.61795e-10    
1.71252e+03    5.36226e-10    
1.74184e+03    5.11821e-10    
1.77166e+03    4.88528e-10    
1.80199e+03    4.66295e-10    
1.83284e+03    4.45075e-10    
1.86422e+03    4.24820e-10    
1.89613e+03    4.05488e-10    
1.92860e+03    3.87035e-10    
1.96161e+03    3.69423e-10    
1.99520e+03    3.52613e-10    
2.02936e+03    3.36568e-10    
2.06410e+03    3.21253e-10    
2.09944e+03    3.06636e-10    
2.13538e+03    2.92684e-10    
2.17194e+03    2.79367e-10    
2.20912e+03    2.66656e-10    
2.24694e+03    2.54524e-10    
2.28541e+03    2.42945e-10    
2.32454e+03    2.31892e-10    
2.36434e+03    2.21343e-10    
2.40481e+03    2.11273e-10    
2.44599e+03    2.01663e-10    
2.48786e+03    1.92489e-10    
2.53045e+03    1.83733e-10    
2.57378e+03    1.75376e-10    
2.61784e+03    1.67399e-10    
2.66266e+03    1.59785e-10    
2.70824e+03    1.52518e-10    
2.75461e+03    1.45581e-10    
2.80177e+03    1.38961e-10    
2.84974e+03    1.32641e-10    
2.89853e+03    1.26609e-10    
2.94815e+03    1.20852e-10    
2.99862e+03    1.15356e-10    
3.04996e+03    1.10111e-10    
3.10218e+03    1.05104e-10    
3.15529e+03    1.00326e-10    
3.20931e+03    9.57643e-11    
3.26425e+03    9.14105e-11    
3.32014e+03    8.72548e-11    
3.37698e+03    8.32882e-11    
3.43479e+03    7.95021e-11    
3.49360e+03    7.58882e-11    
3.55341e+03    7.24387e-11    
3.61424e+03    6.91462e-11    
3.67612e+03    6.60034e-11    
3.73906e+03    6.30037e-11    
3.80307e+03    6.01403e-11    
3.86818e+03    5.74073e-11    
3.93441e+03    5.47985e-11    
4.00177e+03    5.23084e-11    
4.07028e+03    4.99316e-11    
4.13996e+03    4.76628e-11    
4.21084e+03    4.54973e-11    
4.28293e+03    4.34302e-11    
4.35625e+03    4.14571e-11    
4.43084e+03    3.95738e-11    
4.50669e+03    3.77761e-11    
4.58385e+03    3.60602e-11    
4.66233e+03    3.44222e-11    
4.74215e+03    3.28588e-11    
4.82333e+03    3.13664e-11    
4.90591e+03    2.99419e-11    
4.98990e+03    2.85821e-11    
5.07533e+03    2.72842e-11    
5.16222e+03    2.60453e-11    
5.25060e+03    2.48626e-11    
5.34049e+03    2.37338e-11    
5.43192e+03    2.26562e-11    
5.52492e+03    2.16276e-11    
5.61951e+03    2.06458e-11    
5.71572e+03    1.97086e-11    
5.81357e+03    1.88140e-11    
5.91310e+03    1.79600e-11    
6.01434e+03    1.71449e-11    
6.11730e+03    1.63667e-11    
6.22203e+03    1.56240e-11    
6.32856e+03    1.49150e-11    
6.43690e+03    1.42381e-11    
6.54710e+03    1.35921e-11    
6.65919e+03    1.29754e-11    
6.77320e+03    1.23867e-11    
6.88916e+03    1.18247e-11    
7.00711e+03    1.12883e-11    
7.12707e+03    1.07762e-11    
7.24909e+03    1.02874e-11    
7.37319e+03    9.82081e-12    
7.49943e+03    9.37539e-12    
7.62782e+03    8.95020e-12    
7.75841e+03    8.54431e-12    
7.89124e+03    8.15685e-12    
8.02634e+03    7.78698e-12    
8.16375e+03    7.43391e-12    
8.30352e+03    7.09686e-12    
8.44567e+03    6.77511e-12    
8.59027e+03    6.46797e-12    
8.73734e+03    6.17477e-12    
8.88692e+03    5.89488e-12    
9.03907e+03    5.62769e-12    
9.19382e+03    5.37263e-12    
9.35122e+03    5.12914e-12    
9.51132e+03    4.89670e-12    
9.67415e+03    4.67481e-12    
9.83978e+03    4.46298e-12    
1.00082e+04    4.26077e-12    
1.01796e+04    4.06773e-12    
1.03539e+04    3.88345e-12    
1.05311e+04    3.70752e-12    
1.07114e+04    3.53958e-12    
1.08948e+04    3.37925e-12    
1.10813e+04    3.22620e-12    
1.12710e+04    3.08009e-12    
1.14640e+04    2.94060e-12    
1.16603e+04    2.80744e-12    
1.18599e+04    2.68031e-12    
1.20629e+04    2.55895e-12    
1.22695e+04    2.44310e-12    
1.24795e+04    2.33249e-12    
1.26932e+04    2.22690e-12    
1.29105e+04    2.12610e-12    
1.31315e+04    2.02986e-12    
1.33563e+04    1.93799e-12    
1.35850e+04    1.85028e-12    
1.38176e+04    1.76654e-12    
1.40541e+04    1.68660e-12    
1.42948e+04    1.61029e-12    
1.45395e+04    1.53743e-12    
1.47884e+04    1.46787e-12    
1.50416e+04    1.40146e-12    
1.52991e+04    1.33806e-12    
1.55610e+04    1.27754e-12    
1.58274e+04    1.21975e-12    
1.60984e+04    1.16458e-12    
1.63740e+04    1.11191e-12    
1.66544e+04    1.06163e-12    
1.69395e+04    1.01362e-12    
1.72295e+04    9.67791e-13    
1.75245e+04    9.24033e-13    
1.78245e+04    8.82257e-13    
1.81296e+04    8.42372e-13    
1.84400e+04    8.04293e-13    
1.87557e+04    7.67937e-13    
1.90768e+04    7.33227e-13    
1.94034e+04    7.00089e-13    
1.97356e+04    6.68450e-13    
2.00735e+04    6.38243e-13    
2.04172e+04    6.09402e-13    
2.07667e+04    5.81867e-13    
2.11223e+04    5.55578e-13    
2.14839e+04    5.30478e-13    
2.18517e+04    5.06514e-13    
2.22258e+04    4.83634e-13    
2.26063e+04    4.61789e-13    
2.29933e+04    4.40932e-13    
2.33870e+04    4.21018e-13    
2.37874e+04    4.02005e-13    
2.41946e+04    3.83852e-13    
2.46089e+04    3.66520e-13    
2.50302e+04    3.49971e-13    
2.54587e+04    3.34171e-13    
2.58946e+04    3.19085e-13    
2.63379e+04    3.04681e-13    
2.67888e+04    2.90928e-13    
2.72474e+04    2.77797e-13    
2.77139e+04    2.65260e-13    
2.81884e+04    2.53289e-13    
2.86710e+04    2.41859e-13    
2.91618e+04    2.30945e-13    
2.96611e+04    2.20525e-13    
3.01689e+04    2.10576e-13    
3.06854e+04    2.01076e-13    
3.12107e+04    1.92005e-13    
3.17451e+04    1.83344e-13    
3.22886e+04    1.75074e-13    
3.28414e+04    1.67178e-13    
3.34036e+04    1.59639e-13    
3.39755e+04    1.52440e-13    
3.45572e+04    1.45566e-13    
3.51488e+04    1.39002e-13    
3.57506e+04    1.32735e-13    
3.63626e+04    1.26751e-13    
3.69852e+04    1.21037e-13    
3.76184e+04    1.15581e-13    
3.82624e+04    1.10371e-13    
3.89175e+04    1.05397e-13    
3.95837e+04    1.00647e-13    
4.02614e+04    9.61110e-14    
4.09507e+04    9.17801e-14    
4.16518e+04    8.76445e-14    
4.23649e+04    8.36956e-14    
4.30902e+04    7.99249e-14    
4.38279e+04    7.63243e-14    
4.45783e+04    7.28861e-14    
4.53415e+04    6.96030e-14    
4.61177e+04    6.64680e-14    
4.69073e+04    6.34745e-14    
4.77103e+04    6.06159e-14    
4.85272e+04    5.78862e-14    
4.93580e+04    5.52797e-14    
5.02030e+04    5.27907e-14    
5.10625e+04    5.04139e-14    
5.19367e+04    4.81443e-14    
5.28258e+04    4.59770e-14    
5.37302e+04    4.39074e-14    
5.46501e+04    4.19311e-14    
5.55858e+04    4.00439e-14    
5.65374e+04    3.82417e-14    
5.75053e+04    3.65207e-14    
5.84898e+04    3.48774e-14    
5.94912e+04    3.33080e-14    
6.05097e+04    3.18094e-14    
6.15457e+04    3.03783e-14    
6.25994e+04    2.90117e-14    
6.36711e+04    2.77066e-14    
6.47611e+04    2.64603e-14    
6.58699e+04    2.52702e-14    
6.69976e+04    2.41337e-14    
6.81446e+04    2.30483e-14    
6.93113e+04    2.20119e-14    
7.04979e+04    2.10221e-14    
7.17048e+04    2.00769e-14    
7.29325e+04    1.91742e-14    
7.41811e+04    1.83122e-14    
7.54511e+04    1.74890e-14    
7.67428e+04    1.67028e-14    
7.80567e+04    1.59521e-14    
7.93931e+04    1.52351e-14    
8.07523e+04    1.45504e-14    
8.21348e+04    1.38965e-14    
8.35410e+04    1.32720e-14    
8.49712e+04    1.26757e-14    
8.64260e+04    1.21061e-14    
8.79056e+04    1.15622e-14    
8.94106e+04    1.10428e-14    
9.09413e+04    1.05467e-14    
9.24983e+04    1.00730e-14    
9.40819e+04    9.62053e-15    
9.56926e+04    9.18844e-15    
9.73309e+04    8.77578e-15    
9.89972e+04    8.38168e-15    
1.00692e+05    8.00530e-15    
1.02416e+05    7.64584e-15    
1.04169e+05    7.30255e-15    
1.05953e+05    6.97469e-15    
1.07767e+05    6.66157e-15    
1.09612e+05    6.36253e-15    
1.11488e+05    6.07692e-15    
1.13397e+05    5.80416e-15    
1.15338e+05    5.54366e-15    
1.17313e+05    5.29486e-15    
1.19321e+05    5.05724e-15    
1.21364e+05    4.83030e-15    
1.23442e+05    4.61356e-15    
1.25555e+05    4.40656e-15    
1.27705e+05    4.20886e-15    
1.29891e+05    4.02004e-15    
1.32115e+05    3.83970e-15    
1.34377e+05    3.66746e-15    
1.36678e+05    3.50296e-15    
1.39018e+05    3.34584e-15    
1.41398e+05    3.19579e-15    
1.43818e+05    3.05247e-15    
1.46281e+05    2.91558e-15    
1.48785e+05    2.78485e-15    
1.51332e+05    2.65998e-15    
1.53923e+05    2.54072e-15    
1.56558e+05    2.42681e-15    
1.59239e+05    2.31802e-15    
1.61965e+05    2.21411e-15    
1.64738e+05    2.11486e-15    
1.67558e+05    2.02007e-15    
1.70427e+05    1.92953e-15    
1.73344e+05    1.84306e-15    
1.76312e+05    1.76046e-15    
1.79331e+05    1.68157e-15    
1.82401e+05    1.60623e-15    
1.85524e+05    1.53426e-15    
1.88700e+05    1.46552e-15    
1.91930e+05    1.39986e-15    
1.95216e+05    1.33715e-15    
1.98559e+05    1.27725e-15    
2.01958e+05    1.22004e-15    
2.05416e+05    1.16540e-15    
2.08932e+05    1.11320e-15    
2.12509e+05    1.06335e-15    
2.16148e+05    1.01573e-15    
2.19848e+05    9.70243e-16    
2.23612e+05    9.26799e-16    
2.27440e+05    8.85302e-16    
2.31334e+05    8.45665e-16    
2.35295e+05    8.07805e-16    
2.39323e+05    7.71642e-16    
2.43420e+05    7.37100e-16    
2.47588e+05    7.04107e-16    
2.51826e+05    6.72591e-16    
2.56138e+05    6.42488e-16    
2.60523e+05    6.13734e-16    
2.64983e+05    5.86269e-16    
2.69520e+05    5.60034e-16    
2.74134e+05    5.34974e-16    
2.78827e+05    5.11037e-16    
2.83601e+05    4.88173e-16    
2.88456e+05    4.66332e-16    
2.93395e+05    4.45470e-16    
2.98418e+05    4.25542e-16    
3.03527e+05    4.06507e-16    
3.08723e+05    3.88324e-16    
3.14009e+05    3.70956e-16    
3.19385e+05    3.54365e-16    
3.24853e+05    3.38517e-16    
3.30414e+05    3.23379e-16    
3.36071e+05    3.08918e-16    
3.41825e+05    2.95105e-16    
3.47677e+05    2.81910e-16    
3.53629e+05    2.69306e-16    
3.59683e+05    2.57266e-16    
3.65841e+05    2.45765e-16    
3.72105e+05    2.34778e-16    
3.78475e+05    2.24284e-16    
3.84955e+05    2.14259e-16    
3.91545e+05    2.04682e-16    
3.98249e+05    1.95534e-16    
4.05067e+05    1.86796e-16    
4.12002e+05    1.78448e-16    
4.19055e+05    1.70474e-16    
4.26230e+05    1.62856e-16    
4.33527e+05    1.55580e-16    
4.40949e+05    1.48628e-16    
4.48498e+05    1.41988e-16    
4.56177e+05    1.35645e-16    
4.63987e+05    1.29585e-16    
4.71930e+05    1.23797e-16    
4.80010e+05    1.18267e-16    
4.88228e+05    1.12984e-16    
4.96586e+05    1.07938e-16    
5.05088e+05    1.03117e-16    
5.13735e+05    9.85124e-17    
5.22531e+05    9.41131e-17    
5.31476e+05    8.99105e-17    
5.40576e+05    8.58958e-17    
5.49830e+05    8.20606e-17    
5.59244e+05    7.83967e-17    
5.68818e+05    7.48966e-17    
5.78556e+05    7.15530e-17    
5.88461e+05    6.83588e-17    
5.98536e+05    6.53073e-17    
6.08783e+05    6.23922e-17    
6.19206e+05    5.96073e-17    
6.29807e+05    5.69469e-17    
6.40589e+05    5.44053e-17    
6.51556e+05    5.19773e-17    
6.62711e+05    4.96577e-17    
6.74057e+05    4.74418e-17    
6.85597e+05    4.53248e-17    
6.97335e+05    4.33024e-17    
7.09274e+05    4.13704e-17    
7.21417e+05    3.95246e-17    
7.33767e+05    3.77612e-17    
7.46330e+05    3.60767e-17    
7.59107e+05    3.44673e-17    
7.72103e+05    3.29298e-17    
7.85322e+05    3.14609e-17    
7.98767e+05    3.00577e-17    
8.12442e+05    2.87171e-17    
8.26351e+05    2.74363e-17    
8.40499e+05    2.62127e-17    
8.54888e+05    2.50438e-17    
8.69524e+05    2.39270e-17    
8.84411e+05    2.28600e-17    
8.99552e+05    2.18407e-17    
9.14953e+05    2.08669e-17    
9.30617e+05    1.99366e-17    
9.46550e+05    1.90477e-17    
9.62755e+05    1.81985e-17    
9.79238e+05    1.73873e-17    
9.96003e+05    1.66122e-17    
1.01305e+06    1.58717e-17    
1.03040e+06    1.51642e-17    
1.04804e+06    1.44883e-17    
1.06598e+06    1.38426e-17    
1.08423e+06    1.32257e-17    
1.10279e+06    1.26363e-17    
1.12167e+06    1.20731e-17    
1.14088e+06    1.15351e-17    
1.16041e+06    1.10211e-17    
1.18028e+06    1.05300e-17    
1.20048e+06    1.00609e-17    
1.22104e+06    9.61261e-18    
1.24194e+06    9.18434e-18    
1.26320e+06    8.77517e-18    
1.28483e+06    8.38425e-18    
1.30683e+06    8.01075e-18    
1.32920e+06    7.65391e-18    
1.35196e+06    7.31298e-18    
1.37510e+06    6.98725e-18    
1.39864e+06    6.67604e-18    
1.42259e+06    6.37870e-18    
1.44694e+06    6.09462e-18    
1.47172e+06    5.82320e-18    
1.49691e+06    5.56388e-18    
1.52254e+06    5.31612e-18    
1.54861e+06    5.07939e-18    
1.57512e+06    4.85322e-18    
1.60209e+06    4.63713e-18    
1.62951e+06    4.43067e-18    
1.65741e+06    4.23341e-18    
1.68579e+06    4.04493e-18    
1.71465e+06    3.86486e-18    
1.74400e+06    3.69281e-18    
1.77386e+06    3.52842e-18    
1.80423e+06    3.37136e-18    
1.83512e+06    3.22130e-18    
1.86654e+06    3.07792e-18    
1.89849e+06    2.94092e-18    
1.93100e+06    2.81003e-18    
1.96406e+06    2.68497e-18    
1.99768e+06    2.56548e-18    
2.03188e+06    2.45132e-18    
2.06667e+06    2.34223e-18    

