# USINE V4.0
# File generated 13-05-2022 06:37:25
# Model1DKisoVc
# SC
# SolMod0DFF_phi0_570GV
# R [GV]       TOA [GV m^{2} s sr]^{-1}
9.24703e-02    5.87458e-06    
9.40534e-02    6.17903e-06    
9.56636e-02    6.49922e-06    
9.73014e-02    6.83594e-06    
9.89673e-02    7.19005e-06    
1.00662e-01    7.56245e-06    
1.02385e-01    7.95407e-06    
1.04138e-01    8.36590e-06    
1.05921e-01    8.79898e-06    
1.07734e-01    9.25440e-06    
1.09579e-01    9.73331e-06    
1.11455e-01    1.02369e-05    
1.13363e-01    1.07665e-05    
1.15304e-01    1.13233e-05    
1.17278e-01    1.19088e-05    
1.19285e-01    1.25245e-05    
1.21328e-01    1.31719e-05    
1.23405e-01    1.38527e-05    
1.25518e-01    1.45684e-05    
1.27667e-01    1.53210e-05    
1.29852e-01    1.61122e-05    
1.32075e-01    1.69442e-05    
1.34337e-01    1.78189e-05    
1.36636e-01    1.87386e-05    
1.38976e-01    1.97055e-05    
1.41355e-01    2.07220e-05    
1.43775e-01    2.17907e-05    
1.46237e-01    2.29143e-05    
1.48740e-01    2.40954e-05    
1.51287e-01    2.53372e-05    
1.53877e-01    2.66426e-05    
1.56511e-01    2.80148e-05    
1.59191e-01    2.94574e-05    
1.61916e-01    3.09738e-05    
1.64688e-01    3.25677e-05    
1.67508e-01    3.42432e-05    
1.70376e-01    3.60044e-05    
1.73292e-01    3.78556e-05    
1.76259e-01    3.98013e-05    
1.79277e-01    4.18464e-05    
1.82346e-01    4.39958e-05    
1.85468e-01    4.62549e-05    
1.88643e-01    4.86292e-05    
1.91873e-01    5.11244e-05    
1.95158e-01    5.37468e-05    
1.98499e-01    5.65026e-05    
2.01897e-01    5.93985e-05    
2.05354e-01    6.24409e-05    
2.08870e-01    6.56369e-05    
2.12446e-01    6.89942e-05    
2.16083e-01    7.25206e-05    
2.19782e-01    7.62243e-05    
2.23545e-01    8.01142e-05    
2.27372e-01    8.41993e-05    
2.31265e-01    8.84891e-05    
2.35224e-01    9.29935e-05    
2.39251e-01    9.77229e-05    
2.43347e-01    1.02688e-04    
2.47514e-01    1.07901e-04    
2.51751e-01    1.13373e-04    
2.56061e-01    1.19116e-04    
2.60445e-01    1.25144e-04    
2.64904e-01    1.31469e-04    
2.69439e-01    1.38107e-04    
2.74052e-01    1.45072e-04    
2.78744e-01    1.52379e-04    
2.83516e-01    1.60045e-04    
2.88370e-01    1.68085e-04    
2.93307e-01    1.76519e-04    
2.98329e-01    1.85362e-04    
3.03436e-01    1.94636e-04    
3.08631e-01    2.04358e-04    
3.13915e-01    2.14551e-04    
3.19289e-01    2.25235e-04    
3.24756e-01    2.36432e-04    
3.30316e-01    2.48165e-04    
3.35971e-01    2.60459e-04    
3.41723e-01    2.73338e-04    
3.47573e-01    2.86828e-04    
3.53524e-01    3.00956e-04    
3.59576e-01    3.15749e-04    
3.65732e-01    3.31237e-04    
3.71994e-01    3.47449e-04    
3.78363e-01    3.64415e-04    
3.84840e-01    3.82169e-04    
3.91429e-01    4.00742e-04    
3.98130e-01    4.20168e-04    
4.04947e-01    4.40484e-04    
4.11879e-01    4.61724e-04    
4.18931e-01    4.83926e-04    
4.26103e-01    5.07129e-04    
4.33398e-01    5.31372e-04    
4.40818e-01    5.56696e-04    
4.48365e-01    5.83141e-04    
4.56041e-01    6.10751e-04    
4.63849e-01    6.39569e-04    
4.71790e-01    6.69639e-04    
4.79868e-01    7.01008e-04    
4.88083e-01    7.33721e-04    
4.96439e-01    7.67825e-04    
5.04938e-01    8.03369e-04    
5.13583e-01    8.40400e-04    
5.22376e-01    8.78969e-04    
5.31319e-01    9.19124e-04    
5.40416e-01    9.60918e-04    
5.49668e-01    1.00440e-03    
5.59078e-01    1.04962e-03    
5.68650e-01    1.09663e-03    
5.78385e-01    1.14548e-03    
5.88288e-01    1.19622e-03    
5.98359e-01    1.24889e-03    
6.08604e-01    1.30356e-03    
6.19023e-01    1.36026e-03    
6.29621e-01    1.41905e-03    
6.40400e-01    1.47997e-03    
6.51364e-01    1.54306e-03    
6.62516e-01    1.60837e-03    
6.73858e-01    1.67594e-03    
6.85395e-01    1.74580e-03    
6.97129e-01    1.81798e-03    
7.09064e-01    1.89253e-03    
7.21204e-01    1.96946e-03    
7.33551e-01    2.04880e-03    
7.46110e-01    2.13058e-03    
7.58884e-01    2.21480e-03    
7.71876e-01    2.30147e-03    
7.85091e-01    2.39060e-03    
7.98532e-01    2.48218e-03    
8.12203e-01    2.57620e-03    
8.26108e-01    2.67265e-03    
8.40252e-01    2.77151e-03    
8.54637e-01    2.87274e-03    
8.69269e-01    2.97629e-03    
8.84151e-01    3.08212e-03    
8.99288e-01    3.19018e-03    
9.14684e-01    3.30038e-03    
9.30344e-01    3.41265e-03    
9.46272e-01    3.52689e-03    
9.62472e-01    3.64301e-03    
9.78950e-01    3.76090e-03    
9.95710e-01    3.88041e-03    
1.01276e+00    4.00142e-03    
1.03010e+00    4.12378e-03    
1.04773e+00    4.24731e-03    
1.06567e+00    4.37185e-03    
1.08391e+00    4.49721e-03    
1.10247e+00    4.62318e-03    
1.12135e+00    4.74956e-03    
1.14054e+00    4.87611e-03    
1.16007e+00    5.00260e-03    
1.17993e+00    5.12878e-03    
1.20013e+00    5.25440e-03    
1.22068e+00    5.37918e-03    
1.24158e+00    5.50286e-03    
1.26283e+00    5.62515e-03    
1.28445e+00    5.74575e-03    
1.30644e+00    5.86438e-03    
1.32881e+00    5.98075e-03    
1.35156e+00    6.09454e-03    
1.37470e+00    6.20547e-03    
1.39824e+00    6.31324e-03    
1.42217e+00    6.41754e-03    
1.44652e+00    6.51808e-03    
1.47129e+00    6.61455e-03    
1.49648e+00    6.70667e-03    
1.52210e+00    6.79416e-03    
1.54816e+00    6.87672e-03    
1.57466e+00    6.95410e-03    
1.60162e+00    7.02601e-03    
1.62904e+00    7.09220e-03    
1.65693e+00    7.15241e-03    
1.68530e+00    7.20641e-03    
1.71415e+00    7.25398e-03    
1.74350e+00    7.29492e-03    
1.77335e+00    7.32906e-03    
1.80371e+00    7.35625e-03    
1.83459e+00    7.37636e-03    
1.86599e+00    7.38929e-03    
1.89794e+00    7.39499e-03    
1.93044e+00    7.39342e-03    
1.96348e+00    7.38458e-03    
1.99710e+00    7.36850e-03    
2.03129e+00    7.34523e-03    
2.06607e+00    7.31488e-03    
2.10144e+00    7.27755e-03    
2.13742e+00    7.23338e-03    
2.17401e+00    7.18253e-03    
2.21123e+00    7.12521e-03    
2.24909e+00    7.06161e-03    
2.28759e+00    6.99199e-03    
2.32676e+00    6.91660e-03    
2.36659e+00    6.83572e-03    
2.40711e+00    6.74965e-03    
2.44832e+00    6.65872e-03    
2.49024e+00    6.56325e-03    
2.53287e+00    6.46359e-03    
2.57623e+00    6.36012e-03    
2.62034e+00    6.25321e-03    
2.66520e+00    6.14329e-03    
2.71083e+00    6.03077e-03    
2.75724e+00    5.91613e-03    
2.80445e+00    5.79979e-03    
2.85246e+00    5.68219e-03    
2.90130e+00    5.56372e-03    
2.95097e+00    5.44475e-03    
3.00149e+00    5.32562e-03    
3.05288e+00    5.20665e-03    
3.10514e+00    5.08811e-03    
3.15830e+00    4.97023e-03    
3.21237e+00    4.85323e-03    
3.26737e+00    4.73728e-03    
3.32331e+00    4.62252e-03    
3.38021e+00    4.50907e-03    
3.43808e+00    4.39700e-03    
3.49694e+00    4.28639e-03    
3.55681e+00    4.17724e-03    
3.61770e+00    4.06958e-03    
3.67964e+00    3.96335e-03    
3.74263e+00    3.85854e-03    
3.80671e+00    3.75515e-03    
3.87188e+00    3.65323e-03    
3.93817e+00    3.55287e-03    
4.00559e+00    3.45419e-03    
4.07417e+00    3.35732e-03    
4.14392e+00    3.26236e-03    
4.21487e+00    3.16940e-03    
4.28703e+00    3.07847e-03    
4.36042e+00    2.98955e-03    
4.43508e+00    2.90260e-03    
4.51101e+00    2.81759e-03    
4.58824e+00    2.73444e-03    
4.66679e+00    2.65308e-03    
4.74669e+00    2.57344e-03    
4.82795e+00    2.49547e-03    
4.91061e+00    2.41912e-03    
4.99468e+00    2.34437e-03    
5.08019e+00    2.27121e-03    
5.16716e+00    2.19961e-03    
5.25563e+00    2.12955e-03    
5.34561e+00    2.06101e-03    
5.43713e+00    1.99399e-03    
5.53021e+00    1.92846e-03    
5.62489e+00    1.86441e-03    
5.72119e+00    1.80185e-03    
5.81914e+00    1.74077e-03    
5.91877e+00    1.68117e-03    
6.02010e+00    1.62304e-03    
6.12316e+00    1.56637e-03    
6.22800e+00    1.51116e-03    
6.33462e+00    1.45740e-03    
6.44307e+00    1.40506e-03    
6.55338e+00    1.35415e-03    
6.66558e+00    1.30462e-03    
6.77969e+00    1.25648e-03    
6.89577e+00    1.20969e-03    
7.01382e+00    1.16425e-03    
7.13390e+00    1.12012e-03    
7.25604e+00    1.07730e-03    
7.38026e+00    1.03576e-03    
7.50662e+00    9.95497e-04    
7.63513e+00    9.56486e-04    
7.76585e+00    9.18720e-04    
7.89881e+00    8.82187e-04    
8.03404e+00    8.46872e-04    
8.17158e+00    8.12761e-04    
8.31148e+00    7.79836e-04    
8.45378e+00    7.48081e-04    
8.59851e+00    7.17477e-04    
8.74572e+00    6.88007e-04    
8.89545e+00    6.59657e-04    
9.04774e+00    6.32420e-04    
9.20265e+00    6.06288e-04    
9.36020e+00    5.81247e-04    
9.52045e+00    5.57280e-04    
9.68344e+00    5.34368e-04    
9.84923e+00    5.12484e-04    
1.00178e+01    4.91600e-04    
1.01894e+01    4.71681e-04    
1.03638e+01    4.52680e-04    
1.05412e+01    4.34539e-04    
1.07217e+01    4.17193e-04    
1.09053e+01    4.00582e-04    
1.10920e+01    3.84653e-04    
1.12819e+01    3.69358e-04    
1.14750e+01    3.54652e-04    
1.16715e+01    3.40498e-04    
1.18713e+01    3.26861e-04    
1.20745e+01    3.13715e-04    
1.22813e+01    3.01041e-04    
1.24915e+01    2.88829e-04    
1.27054e+01    2.77068e-04    
1.29229e+01    2.65745e-04    
1.31441e+01    2.54851e-04    
1.33692e+01    2.44373e-04    
1.35981e+01    2.34300e-04    
1.38309e+01    2.24619e-04    
1.40677e+01    2.15318e-04    
1.43085e+01    2.06385e-04    
1.45535e+01    1.97805e-04    
1.48026e+01    1.89565e-04    
1.50561e+01    1.81651e-04    
1.53138e+01    1.74050e-04    
1.55760e+01    1.66751e-04    
1.58427e+01    1.59741e-04    
1.61139e+01    1.53011e-04    
1.63898e+01    1.46549e-04    
1.66704e+01    1.40345e-04    
1.69558e+01    1.34390e-04    
1.72461e+01    1.28675e-04    
1.75413e+01    1.23190e-04    
1.78416e+01    1.17927e-04    
1.81471e+01    1.12878e-04    
1.84578e+01    1.08036e-04    
1.87738e+01    1.03391e-04    
1.90952e+01    9.89364e-05    
1.94221e+01    9.46653e-05    
1.97546e+01    9.05706e-05    
2.00928e+01    8.66454e-05    
2.04368e+01    8.28831e-05    
2.07867e+01    7.92775e-05    
2.11426e+01    7.58225e-05    
2.15046e+01    7.25124e-05    
2.18727e+01    6.93420e-05    
2.22472e+01    6.63066e-05    
2.26281e+01    6.34036e-05    
2.30155e+01    6.06312e-05    
2.34095e+01    5.79799e-05    
2.38103e+01    5.54377e-05    
2.42180e+01    5.30033e-05    
2.46326e+01    5.06717e-05    
2.50543e+01    4.84387e-05    
2.54832e+01    4.63004e-05    
2.59195e+01    4.42531e-05    
2.63633e+01    4.22930e-05    
2.68146e+01    4.04166e-05    
2.72737e+01    3.86204e-05    
2.77406e+01    3.69013e-05    
2.82156e+01    3.52560e-05    
2.86986e+01    3.36816e-05    
2.91900e+01    3.21751e-05    
2.96897e+01    3.07336e-05    
3.01980e+01    2.93547e-05    
3.07150e+01    2.80355e-05    
3.12409e+01    2.67737e-05    
3.17757e+01    2.55669e-05    
3.23197e+01    2.44127e-05    
3.28730e+01    2.33090e-05    
3.34358e+01    2.22536e-05    
3.40083e+01    2.12446e-05    
3.45905e+01    2.02799e-05    
3.51827e+01    1.93576e-05    
3.57851e+01    1.84761e-05    
3.63977e+01    1.76335e-05    
3.70209e+01    1.68282e-05    
3.76547e+01    1.60586e-05    
3.82993e+01    1.53232e-05    
3.89550e+01    1.46205e-05    
3.96220e+01    1.39492e-05    
4.03003e+01    1.33078e-05    
4.09903e+01    1.26950e-05    
4.16920e+01    1.21097e-05    
4.24058e+01    1.15507e-05    
4.31318e+01    1.10168e-05    
4.38703e+01    1.05069e-05    
4.46213e+01    1.00199e-05    
4.53853e+01    9.55500e-06    
4.61623e+01    9.11107e-06    
4.69526e+01    8.68723e-06    
4.77564e+01    8.28261e-06    
4.85741e+01    7.89636e-06    
4.94057e+01    7.52767e-06    
5.02515e+01    7.17577e-06    
5.11118e+01    6.83992e-06    
5.19869e+01    6.51940e-06    
5.28769e+01    6.21354e-06    
5.37822e+01    5.92169e-06    
5.47030e+01    5.64323e-06    
5.56395e+01    5.37755e-06    
5.65921e+01    5.12409e-06    
5.75610e+01    4.88230e-06    
5.85464e+01    4.65166e-06    
5.95488e+01    4.43167e-06    
6.05683e+01    4.22185e-06    
6.16052e+01    4.02174e-06    
6.26599e+01    3.83091e-06    
6.37327e+01    3.64894e-06    
6.48238e+01    3.47543e-06    
6.59336e+01    3.30999e-06    
6.70624e+01    3.15225e-06    
6.82106e+01    3.00188e-06    
6.93784e+01    2.85853e-06    
7.05661e+01    2.72189e-06    
7.17743e+01    2.59164e-06    
7.30031e+01    2.46751e-06    
7.42529e+01    2.34920e-06    
7.55241e+01    2.23645e-06    
7.68171e+01    2.12900e-06    
7.81323e+01    2.02662e-06    
7.94699e+01    1.92907e-06    
8.08305e+01    1.83612e-06    
8.22143e+01    1.74757e-06    
8.36219e+01    1.66321e-06    
8.50535e+01    1.58285e-06    
8.65097e+01    1.50630e-06    
8.79908e+01    1.43339e-06    
8.94972e+01    1.36394e-06    
9.10294e+01    1.29781e-06    
9.25879e+01    1.23482e-06    
9.41730e+01    1.17484e-06    
9.57853e+01    1.11772e-06    
9.74252e+01    1.06334e-06    
9.90931e+01    1.01156e-06    
1.00790e+02    9.62265e-07    
1.02515e+02    9.15333e-07    
1.04270e+02    8.70657e-07    
1.06055e+02    8.28128e-07    
1.07871e+02    7.87648e-07    
1.09718e+02    7.49119e-07    
1.11596e+02    7.12449e-07    
1.13507e+02    6.77550e-07    
1.15450e+02    6.44339e-07    
1.17427e+02    6.12736e-07    
1.19437e+02    5.82665e-07    
1.21482e+02    5.54053e-07    
1.23562e+02    5.26831e-07    
1.25677e+02    5.00932e-07    
1.27829e+02    4.76294e-07    
1.30017e+02    4.52857e-07    
1.32243e+02    4.30564e-07    
1.34507e+02    4.09359e-07    
1.36810e+02    3.89192e-07    
1.39152e+02    3.70011e-07    
1.41535e+02    3.51771e-07    
1.43958e+02    3.34425e-07    
1.46423e+02    3.17931e-07    
1.48929e+02    3.02248e-07    
1.51479e+02    2.87337e-07    
1.54072e+02    2.73161e-07    
1.56710e+02    2.59684e-07    
1.59393e+02    2.46872e-07    
1.62122e+02    2.34693e-07    
1.64898e+02    2.23117e-07    
1.67721e+02    2.12115e-07    
1.70592e+02    2.01657e-07    
1.73513e+02    1.91719e-07    
1.76483e+02    1.82274e-07    
1.79505e+02    1.73299e-07    
1.82578e+02    1.64769e-07    
1.85704e+02    1.56665e-07    
1.88883e+02    1.48964e-07    
1.92117e+02    1.41647e-07    
1.95406e+02    1.34695e-07    
1.98752e+02    1.28089e-07    
2.02154e+02    1.21813e-07    
2.05615e+02    1.15851e-07    
2.09135e+02    1.10186e-07    
2.12716e+02    1.04803e-07    
2.16358e+02    9.96897e-08    
2.20062e+02    9.48312e-08    
2.23829e+02    9.02150e-08    
2.27661e+02    8.58290e-08    
2.31559e+02    8.16615e-08    
2.35523e+02    7.77014e-08    
2.39556e+02    7.39384e-08    
2.43657e+02    7.03623e-08    
2.47829e+02    6.69637e-08    
2.52071e+02    6.37336e-08    
2.56387e+02    6.06634e-08    
2.60776e+02    5.77449e-08    
2.65241e+02    5.49705e-08    
2.69782e+02    5.23328e-08    
2.74401e+02    4.98248e-08    
2.79099e+02    4.74399e-08    
2.83877e+02    4.51720e-08    
2.88737e+02    4.30149e-08    
2.93680e+02    4.09632e-08    
2.98708e+02    3.90115e-08    
3.03822e+02    3.71547e-08    
3.09024e+02    3.53880e-08    
3.14314e+02    3.37069e-08    
3.19696e+02    3.21071e-08    
3.25169e+02    3.05846e-08    
3.30736e+02    2.91354e-08    
3.36398e+02    2.77559e-08    
3.42158e+02    2.64426e-08    
3.48015e+02    2.51923e-08    
3.53974e+02    2.40019e-08    
3.60034e+02    2.28683e-08    
3.66198e+02    2.17888e-08    
3.72467e+02    2.07608e-08    
3.78844e+02    1.97817e-08    
3.85330e+02    1.88491e-08    
3.91927e+02    1.79609e-08    
3.98637e+02    1.71147e-08    
4.05462e+02    1.63087e-08    
4.12403e+02    1.55408e-08    
4.19464e+02    1.48092e-08    
4.26645e+02    1.41122e-08    
4.33950e+02    1.34480e-08    
4.41379e+02    1.28153e-08    
4.48936e+02    1.22123e-08    
4.56622e+02    1.16378e-08    
4.64439e+02    1.10904e-08    
4.72390e+02    1.05687e-08    
4.80478e+02    1.00716e-08    
4.88704e+02    9.59783e-09    
4.97071e+02    9.14637e-09    
5.05581e+02    8.71613e-09    
5.14237e+02    8.30611e-09    
5.23040e+02    7.91536e-09    
5.31995e+02    7.54296e-09    
5.41103e+02    7.18806e-09    
5.50367e+02    6.84982e-09    
5.59790e+02    6.52747e-09    
5.69373e+02    6.22025e-09    
5.79121e+02    5.92746e-09    
5.89036e+02    5.64841e-09    
5.99121e+02    5.38246e-09    
6.09378e+02    5.12901e-09    
6.19811e+02    4.88745e-09    
6.30422e+02    4.65723e-09    
6.41215e+02    4.43782e-09    
6.52193e+02    4.22872e-09    
6.63359e+02    4.02943e-09    
6.74716e+02    3.83951e-09    
6.86267e+02    3.65850e-09    
6.98016e+02    3.48600e-09    
7.09966e+02    3.32160e-09    
7.22121e+02    3.16493e-09    
7.34484e+02    3.01562e-09    
7.47059e+02    2.87333e-09    
7.59849e+02    2.73772e-09    
7.72858e+02    2.60849e-09    
7.86090e+02    2.48534e-09    
7.99548e+02    2.36798e-09    
8.13236e+02    2.25614e-09    
8.27159e+02    2.14956e-09    
8.41321e+02    2.04800e-09    
8.55724e+02    1.95121e-09    
8.70375e+02    1.85899e-09    
8.85276e+02    1.77110e-09    
9.00432e+02    1.68735e-09    
9.15848e+02    1.60755e-09    
9.31527e+02    1.53151e-09    
9.47476e+02    1.45905e-09    
9.63697e+02    1.39000e-09    
9.80196e+02    1.32421e-09    
9.96977e+02    1.26152e-09    
1.01405e+03    1.20179e-09    
1.03141e+03    1.14487e-09    
1.04906e+03    1.09064e-09    
1.06702e+03    1.03897e-09    
1.08529e+03    9.89732e-10    
1.10387e+03    9.42823e-10    
1.12277e+03    8.98128e-10    
1.14199e+03    8.55543e-10    
1.16155e+03    8.14970e-10    
1.18143e+03    7.76314e-10    
1.20166e+03    7.39484e-10    
1.22223e+03    7.04395e-10    
1.24316e+03    6.70964e-10    
1.26444e+03    6.39114e-10    
1.28609e+03    6.08771e-10    
1.30811e+03    5.79862e-10    
1.33050e+03    5.52321e-10    
1.35328e+03    5.26083e-10    
1.37645e+03    5.01088e-10    
1.40001e+03    4.77275e-10    
1.42398e+03    4.54590e-10    
1.44836e+03    4.32979e-10    
1.47316e+03    4.12392e-10    
1.49838e+03    3.92780e-10    
1.52403e+03    3.74097e-10    
1.55012e+03    3.56300e-10    
1.57666e+03    3.39346e-10    
1.60366e+03    3.23196e-10    
1.63111e+03    3.07812e-10    
1.65904e+03    2.93158e-10    
1.68744e+03    2.79199e-10    
1.71633e+03    2.65902e-10    
1.74571e+03    2.53237e-10    
1.77560e+03    2.41172e-10    
1.80600e+03    2.29681e-10    
1.83692e+03    2.18735e-10    
1.86837e+03    2.08309e-10    
1.90036e+03    1.98378e-10    
1.93289e+03    1.88919e-10    
1.96598e+03    1.79909e-10    
1.99964e+03    1.71328e-10    
2.03388e+03    1.63155e-10    
2.06870e+03    1.55370e-10    
2.10411e+03    1.47955e-10    
2.14014e+03    1.40894e-10    
2.17678e+03    1.34168e-10    
2.21404e+03    1.27762e-10    
2.25195e+03    1.21661e-10    
2.29050e+03    1.15850e-10    
2.32972e+03    1.10316e-10    
2.36960e+03    1.05046e-10    
2.41017e+03    1.00026e-10    
2.45144e+03    9.52460e-11    
2.49340e+03    9.06934e-11    
2.53609e+03    8.63577e-11    
2.57951e+03    8.22286e-11    
2.62367e+03    7.82963e-11    
2.66859e+03    7.45515e-11    
2.71428e+03    7.09853e-11    
2.76075e+03    6.75891e-11    
2.80801e+03    6.43549e-11    
2.85609e+03    6.12751e-11    
2.90499e+03    5.83421e-11    
2.95472e+03    5.55491e-11    
3.00531e+03    5.28895e-11    
3.05676e+03    5.03568e-11    
3.10909e+03    4.79450e-11    
3.16232e+03    4.56484e-11    
3.21646e+03    4.34615e-11    
3.27153e+03    4.13790e-11    
3.32754e+03    3.93961e-11    
3.38451e+03    3.75079e-11    
3.44245e+03    3.57099e-11    
3.50139e+03    3.39979e-11    
3.56133e+03    3.23677e-11    
3.62230e+03    3.08155e-11    
3.68432e+03    2.93375e-11    
3.74740e+03    2.79301e-11    
3.81155e+03    2.65901e-11    
3.87681e+03    2.53143e-11    
3.94318e+03    2.40994e-11    
4.01069e+03    2.29427e-11    
4.07935e+03    2.18414e-11    
4.14919e+03    2.07928e-11    
4.22023e+03    1.97944e-11    
4.29248e+03    1.88438e-11    
4.36597e+03    1.79388e-11    
4.44072e+03    1.70771e-11    
4.51674e+03    1.62567e-11    
4.59407e+03    1.54756e-11    
4.67273e+03    1.47319e-11    
4.75272e+03    1.40239e-11    
4.83409e+03    1.33498e-11    
4.91685e+03    1.27080e-11    
5.00103e+03    1.20970e-11    
5.08665e+03    1.15153e-11    
5.17374e+03    1.09615e-11    
5.26231e+03    1.04343e-11    
5.35241e+03    9.93232e-12    
5.44404e+03    9.45447e-12    
5.53725e+03    8.99955e-12    
5.63205e+03    8.56646e-12    
5.72847e+03    8.15417e-12    
5.82654e+03    7.76167e-12    
5.92630e+03    7.38802e-12    
6.02776e+03    7.03231e-12    
6.13095e+03    6.69368e-12    
6.23592e+03    6.37132e-12    
6.34268e+03    6.06445e-12    
6.45127e+03    5.77233e-12    
6.56172e+03    5.49424e-12    
6.67406e+03    5.22952e-12    
6.78832e+03    4.97752e-12    
6.90454e+03    4.73764e-12    
7.02275e+03    4.50929e-12    
7.14298e+03    4.29192e-12    
7.26527e+03    4.08500e-12    
7.38965e+03    3.88804e-12    
7.51617e+03    3.70056e-12    
7.64485e+03    3.52209e-12    
7.77573e+03    3.35221e-12    
7.90885e+03    3.19051e-12    
8.04426e+03    3.03659e-12    
8.18198e+03    2.89007e-12    
8.32206e+03    2.75061e-12    
8.46453e+03    2.61787e-12    
8.60945e+03    2.49152e-12    
8.75685e+03    2.37125e-12    
8.90677e+03    2.25678e-12    
9.05925e+03    2.14782e-12    
9.21435e+03    2.04411e-12    
9.37211e+03    1.94539e-12    
9.53256e+03    1.85144e-12    
9.69576e+03    1.76201e-12    
9.86176e+03    1.67689e-12    
1.00306e+04    1.59588e-12    
1.02023e+04    1.51877e-12    
1.03770e+04    1.44538e-12    
1.05546e+04    1.37553e-12    
1.07353e+04    1.30904e-12    
1.09191e+04    1.24577e-12    
1.11061e+04    1.18554e-12    
1.12962e+04    1.12823e-12    
1.14896e+04    1.07367e-12    
1.16863e+04    1.02175e-12    
1.18864e+04    9.72338e-13    
1.20899e+04    9.25309e-13    
1.22969e+04    8.80549e-13    
1.25074e+04    8.37951e-13    
1.27215e+04    7.97409e-13    
1.29393e+04    7.58825e-13    
1.31609e+04    7.22105e-13    
1.33862e+04    6.87157e-13    
1.36154e+04    6.53898e-13    
1.38485e+04    6.22246e-13    
1.40856e+04    5.92123e-13    
1.43267e+04    5.63455e-13    
1.45720e+04    5.36173e-13    
1.48215e+04    5.10209e-13    
1.50752e+04    4.85500e-13    
1.53333e+04    4.61986e-13    
1.55958e+04    4.39608e-13    
1.58628e+04    4.18313e-13    
1.61344e+04    3.98047e-13    
1.64106e+04    3.78761e-13    
1.66916e+04    3.60407e-13    
1.69774e+04    3.42942e-13    
1.72680e+04    3.26321e-13    
1.75636e+04    3.10505e-13    
1.78643e+04    2.95454e-13    
1.81702e+04    2.81131e-13    
1.84813e+04    2.67501e-13    
1.87977e+04    2.54531e-13    
1.91195e+04    2.42188e-13    
1.94468e+04    2.30443e-13    
1.97798e+04    2.19267e-13    
2.01184e+04    2.08632e-13    
2.04628e+04    1.98511e-13    
2.08132e+04    1.88881e-13    
2.11695e+04    1.79717e-13    
2.15319e+04    1.70997e-13    
2.19006e+04    1.62700e-13    
2.22755e+04    1.54804e-13    
2.26569e+04    1.47291e-13    
2.30448e+04    1.40142e-13    
2.34393e+04    1.33340e-13    
2.38406e+04    1.26867e-13    
2.42488e+04    1.20707e-13    
2.46639e+04    1.14847e-13    
2.50862e+04    1.09270e-13    
2.55157e+04    1.03964e-13    
2.59525e+04    9.89149e-14    
2.63968e+04    9.41108e-14    
2.68487e+04    8.95396e-14    
2.73084e+04    8.51901e-14    
2.77759e+04    8.10515e-14    
2.82515e+04    7.71137e-14    
2.87351e+04    7.33669e-14    
2.92271e+04    6.98019e-14    
2.97275e+04    6.64098e-14    
3.02364e+04    6.31823e-14    
3.07541e+04    6.01115e-14    
3.12806e+04    5.71897e-14    
3.18161e+04    5.44097e-14    
3.23608e+04    5.17646e-14    
3.29149e+04    4.92479e-14    
3.34784e+04    4.68534e-14    
3.40515e+04    4.45751e-14    
3.46345e+04    4.24075e-14    
3.52275e+04    4.03451e-14    
3.58306e+04    3.83829e-14    
3.64440e+04    3.65160e-14    
3.70680e+04    3.47397e-14    
3.77026e+04    3.30498e-14    
3.83481e+04    3.14419e-14    
3.90046e+04    2.99121e-14    
3.96724e+04    2.84567e-14    
4.03516e+04    2.70720e-14    
4.10424e+04    2.57546e-14    
4.17451e+04    2.45011e-14    
4.24598e+04    2.33087e-14    
4.31867e+04    2.21741e-14    
4.39261e+04    2.10947e-14    
4.46781e+04    2.00678e-14    
4.54430e+04    1.90908e-14    
4.62210e+04    1.81614e-14    
4.70123e+04    1.72771e-14    
4.78172e+04    1.64358e-14    
4.86358e+04    1.56354e-14    
4.94685e+04    1.48739e-14    
5.03154e+04    1.41495e-14    
5.11769e+04    1.34603e-14    
5.20530e+04    1.28047e-14    
5.29442e+04    1.21809e-14    
5.38506e+04    1.15875e-14    
5.47726e+04    1.10229e-14    
5.57103e+04    1.04859e-14    
5.66641e+04    9.97493e-15    
5.76342e+04    9.48886e-15    
5.86209e+04    9.02644e-15    
5.96245e+04    8.58654e-15    
6.06453e+04    8.16804e-15    
6.16836e+04    7.76991e-15    
6.27396e+04    7.39117e-15    
6.38138e+04    7.03087e-15    
6.49063e+04    6.68811e-15    
6.60175e+04    6.36203e-15    
6.71477e+04    6.05184e-15    
6.82973e+04    5.75675e-15    
6.94666e+04    5.47604e-15    
7.06559e+04    5.20900e-15    
7.18656e+04    4.95496e-15    
7.30959e+04    4.71330e-15    
7.43474e+04    4.48341e-15    
7.56202e+04    4.26472e-15    
7.69149e+04    4.05669e-15    
7.82317e+04    3.85879e-15    
7.95710e+04    3.67054e-15    
8.09333e+04    3.49145e-15    
8.23189e+04    3.32110e-15    
8.37283e+04    3.15905e-15    
8.51617e+04    3.00490e-15    
8.66197e+04    2.85826e-15    
8.81027e+04    2.71877e-15    
8.96111e+04    2.58608e-15    
9.11452e+04    2.45986e-15    
9.27057e+04    2.33979e-15    
9.42928e+04    2.22557e-15    
9.59072e+04    2.11693e-15    
9.75491e+04    2.01358e-15    
9.92192e+04    1.91528e-15    
1.00918e+05    1.82177e-15    
1.02646e+05    1.73282e-15    
1.04403e+05    1.64820e-15    
1.06190e+05    1.56772e-15    
1.08008e+05    1.49116e-15    
1.09858e+05    1.41833e-15    
1.11738e+05    1.34906e-15    
1.13651e+05    1.28317e-15    
1.15597e+05    1.22050e-15    
1.17576e+05    1.16088e-15    
1.19589e+05    1.10417e-15    
1.21637e+05    1.05023e-15    
1.23719e+05    9.98918e-16    
1.25837e+05    9.50114e-16    
1.27992e+05    9.03691e-16    
1.30183e+05    8.59535e-16    
1.32412e+05    8.17534e-16    
1.34679e+05    7.77583e-16    
1.36984e+05    7.39583e-16    
1.39329e+05    7.03438e-16    
1.41715e+05    6.69058e-16    
1.44141e+05    6.36357e-16    
1.46609e+05    6.05252e-16    
1.49119e+05    5.75666e-16    
1.51672e+05    5.47526e-16    
1.54268e+05    5.20759e-16    
1.56910e+05    4.95300e-16    
1.59596e+05    4.71084e-16    
1.62328e+05    4.48052e-16    
1.65107e+05    4.26144e-16    
1.67934e+05    4.05306e-16    
1.70809e+05    3.85487e-16    
1.73734e+05    3.66636e-16    
1.76708e+05    3.48706e-16    
1.79733e+05    3.31652e-16    
1.82810e+05    3.15431e-16    
1.85940e+05    3.00003e-16    
1.89124e+05    2.85329e-16    
1.92361e+05    2.71372e-16    
1.95655e+05    2.58097e-16    
1.99004e+05    2.45471e-16    
2.02411e+05    2.33462e-16    
2.05877e+05    2.22040e-16    
2.09401e+05    2.11176e-16    
2.12987e+05    2.00844e-16    
2.16633e+05    1.91017e-16    
2.20342e+05    1.81670e-16    
2.24114e+05    1.72780e-16    
2.27951e+05    1.64324e-16    
2.31854e+05    1.56283e-16    
2.35823e+05    1.48634e-16    
2.39860e+05    1.41359e-16    
2.43967e+05    1.34441e-16    
2.48144e+05    1.27860e-16    
2.52392e+05    1.21602e-16    
2.56713e+05    1.15649e-16    
2.61108e+05    1.09988e-16    
2.65578e+05    1.04603e-16    
2.70125e+05    9.94822e-17    
2.74750e+05    9.46116e-17    
2.79454e+05    8.99794e-17    
2.84238e+05    8.55737e-17    
2.89104e+05    8.13837e-17    
2.94054e+05    7.73986e-17    
2.99088e+05    7.36085e-17    
3.04209e+05    7.00039e-17    
3.09417e+05    6.65756e-17    
3.14714e+05    6.33151e-17    
3.20102e+05    6.02142e-17    
3.25583e+05    5.72650e-17    
3.31157e+05    5.44602e-17    
3.36826e+05    5.17927e-17    
3.42593e+05    4.92557e-17    
3.48458e+05    4.68429e-17    
3.54424e+05    4.45482e-17    
3.60492e+05    4.23658e-17    
3.66664e+05    4.02903e-17    
3.72941e+05    3.83164e-17    
3.79326e+05    3.64391e-17    
3.85820e+05    3.46537e-17    
3.92426e+05    3.29558e-17    
3.99144e+05    3.13410e-17    
4.05977e+05    2.98052e-17    
4.12928e+05    2.83447e-17    
4.19997e+05    2.69557e-17    
4.27188e+05    2.56347e-17    
4.34502e+05    2.43783e-17    
4.41940e+05    2.31836e-17    
4.49507e+05    2.20473e-17    
4.57202e+05    2.09667e-17    
4.65030e+05    1.99390e-17    
4.72991e+05    1.89617e-17    
4.81089e+05    1.80322e-17    
4.89326e+05    1.71483e-17    
4.97703e+05    1.63076e-17    
5.06224e+05    1.55082e-17    
5.14891e+05    1.47479e-17    
5.23706e+05    1.40249e-17    
5.32672e+05    1.33373e-17    
5.41791e+05    1.26833e-17    
5.51067e+05    1.20615e-17    
5.60502e+05    1.14701e-17    
5.70098e+05    1.09076e-17    
5.79858e+05    1.03728e-17    
5.89785e+05    9.86412e-18    
5.99883e+05    9.38040e-18    
6.10153e+05    8.92038e-18    
6.20599e+05    8.48291e-18    
6.31224e+05    8.06687e-18    
6.42031e+05    7.67123e-18    
6.53023e+05    7.29499e-18    
6.64203e+05    6.93718e-18    
6.75574e+05    6.59692e-18    
6.87140e+05    6.27333e-18    
6.98904e+05    5.96561e-18    
7.10870e+05    5.67298e-18    
7.23040e+05    5.39469e-18    
7.35419e+05    5.13004e-18    
7.48009e+05    4.87837e-18    
7.60816e+05    4.63904e-18    
7.73841e+05    4.41144e-18    
7.87090e+05    4.19501e-18    
8.00565e+05    3.98918e-18    
8.14271e+05    3.79345e-18    
8.28211e+05    3.60732e-18    
8.42391e+05    3.43031e-18    
8.56813e+05    3.26199e-18    
8.71482e+05    3.10192e-18    
8.86402e+05    2.94970e-18    
9.01577e+05    2.80495e-18    
9.17013e+05    2.66730e-18    
9.32712e+05    2.53640e-18    
9.48681e+05    2.41192e-18    
9.64923e+05    2.29354e-18    
9.81443e+05    2.18097e-18    
9.98245e+05    2.07393e-18    
1.01534e+06    1.97213e-18    
1.03272e+06    1.87533e-18    
1.05040e+06    1.78328e-18    
1.06838e+06    1.69575e-18    
1.08667e+06    1.61250e-18    
1.10528e+06    1.53335e-18    
1.12420e+06    1.45807e-18    
1.14345e+06    1.38649e-18    
1.16302e+06    1.31843e-18    
1.18294e+06    1.25370e-18    
1.20319e+06    1.19215e-18    
1.22379e+06    1.13362e-18    
1.24474e+06    1.07796e-18    
1.26605e+06    1.02503e-18    
1.28772e+06    9.74702e-19    
1.30977e+06    9.26843e-19    
1.33219e+06    8.81332e-19    
1.35500e+06    8.38055e-19    
1.37820e+06    7.96902e-19    
1.40180e+06    7.57768e-19    
1.42579e+06    7.20556e-19    
1.45020e+06    6.85170e-19    
1.47503e+06    6.51521e-19    
1.50029e+06    6.19524e-19    
1.52597e+06    5.89098e-19    
1.55210e+06    5.60165e-19    
1.57867e+06    5.32653e-19    
1.60570e+06    5.06491e-19    
1.63319e+06    4.81614e-19    
1.66115e+06    4.57958e-19    
1.68959e+06    4.35463e-19    
1.71851e+06    4.14073e-19    
1.74793e+06    3.93733e-19    
1.77786e+06    3.74392e-19    
1.80830e+06    3.56000e-19    
1.83926e+06    3.38512e-19    
1.87075e+06    3.21882e-19    
1.90277e+06    3.06069e-19    
1.93535e+06    2.91032e-19    
1.96848e+06    2.76734e-19    
2.00218e+06    2.63138e-19    
2.03646e+06    2.50210e-19    
2.07133e+06    2.37916e-19    
2.10679e+06    2.26227e-19    
2.14286e+06    2.15111e-19    

