# USINE V4.0
# File generated 13-05-2022 06:37:25
# Model1DKisoVc
# MN
# SolMod0DFF_phi0_570GV
# R [GV]       TOA [GV m^{2} s sr]^{-1}
9.49292e-02    1.47726e-05    
9.65508e-02    1.55343e-05    
9.82002e-02    1.63351e-05    
9.98777e-02    1.71770e-05    
1.01584e-01    1.80621e-05    
1.03319e-01    1.89927e-05    
1.05084e-01    1.99709e-05    
1.06879e-01    2.09994e-05    
1.08705e-01    2.20805e-05    
1.10562e-01    2.32171e-05    
1.12451e-01    2.44118e-05    
1.14372e-01    2.56678e-05    
1.16326e-01    2.69881e-05    
1.18313e-01    2.83759e-05    
1.20334e-01    2.98347e-05    
1.22389e-01    3.13681e-05    
1.24480e-01    3.29799e-05    
1.26607e-01    3.46741e-05    
1.28769e-01    3.64549e-05    
1.30969e-01    3.83265e-05    
1.33207e-01    4.02938e-05    
1.35482e-01    4.23613e-05    
1.37796e-01    4.45344e-05    
1.40150e-01    4.68182e-05    
1.42545e-01    4.92184e-05    
1.44980e-01    5.17409e-05    
1.47456e-01    5.43918e-05    
1.49975e-01    5.71776e-05    
1.52537e-01    6.01051e-05    
1.55143e-01    6.31815e-05    
1.57793e-01    6.64142e-05    
1.60489e-01    6.98111e-05    
1.63230e-01    7.33805e-05    
1.66019e-01    7.71310e-05    
1.68855e-01    8.10718e-05    
1.71739e-01    8.52122e-05    
1.74673e-01    8.95625e-05    
1.77657e-01    9.41330e-05    
1.80692e-01    9.89349e-05    
1.83779e-01    1.03980e-04    
1.86918e-01    1.09279e-04    
1.90111e-01    1.14847e-04    
1.93359e-01    1.20695e-04    
1.96662e-01    1.26839e-04    
2.00021e-01    1.33292e-04    
2.03438e-01    1.40069e-04    
2.06914e-01    1.47185e-04    
2.10448e-01    1.54655e-04    
2.14043e-01    1.62498e-04    
2.17700e-01    1.70730e-04    
2.21419e-01    1.79371e-04    
2.25201e-01    1.88440e-04    
2.29048e-01    1.97958e-04    
2.32961e-01    2.07945e-04    
2.36941e-01    2.18425e-04    
2.40988e-01    2.29419e-04    
2.45105e-01    2.40954e-04    
2.49292e-01    2.53053e-04    
2.53551e-01    2.65744e-04    
2.57882e-01    2.79053e-04    
2.62287e-01    2.93010e-04    
2.66768e-01    3.07644e-04    
2.71325e-01    3.22986e-04    
2.75960e-01    3.39068e-04    
2.80674e-01    3.55925e-04    
2.85469e-01    3.73592e-04    
2.90345e-01    3.92103e-04    
2.95305e-01    4.11499e-04    
3.00350e-01    4.31817e-04    
3.05481e-01    4.53098e-04    
3.10699e-01    4.75386e-04    
3.16007e-01    4.98723e-04    
3.21405e-01    5.23155e-04    
3.26896e-01    5.48729e-04    
3.32480e-01    5.75494e-04    
3.38160e-01    6.03501e-04    
3.43936e-01    6.32801e-04    
3.49812e-01    6.63449e-04    
3.55787e-01    6.95500e-04    
3.61865e-01    7.29012e-04    
3.68047e-01    7.64044e-04    
3.74334e-01    8.00656e-04    
3.80729e-01    8.38913e-04    
3.87233e-01    8.78877e-04    
3.93848e-01    9.20617e-04    
4.00576e-01    9.64199e-04    
4.07419e-01    1.00969e-03    
4.14378e-01    1.05717e-03    
4.21457e-01    1.10671e-03    
4.28657e-01    1.15838e-03    
4.35979e-01    1.21226e-03    
4.43427e-01    1.26842e-03    
4.51002e-01    1.32695e-03    
4.58707e-01    1.38792e-03    
4.66542e-01    1.45142e-03    
4.74512e-01    1.51753e-03    
4.82618e-01    1.58633e-03    
4.90863e-01    1.65790e-03    
4.99248e-01    1.73233e-03    
5.07777e-01    1.80971e-03    
5.16451e-01    1.89012e-03    
5.25273e-01    1.97364e-03    
5.34246e-01    2.06036e-03    
5.43373e-01    2.15037e-03    
5.52655e-01    2.24374e-03    
5.62096e-01    2.34055e-03    
5.71698e-01    2.44089e-03    
5.81464e-01    2.54482e-03    
5.91397e-01    2.65244e-03    
6.01500e-01    2.76380e-03    
6.11775e-01    2.87898e-03    
6.22226e-01    2.99804e-03    
6.32855e-01    3.12105e-03    
6.43666e-01    3.24805e-03    
6.54662e-01    3.37910e-03    
6.65845e-01    3.51424e-03    
6.77220e-01    3.65351e-03    
6.88789e-01    3.79693e-03    
7.00555e-01    3.94454e-03    
7.12522e-01    4.09634e-03    
7.24694e-01    4.25234e-03    
7.37074e-01    4.41253e-03    
7.49665e-01    4.57690e-03    
7.62472e-01    4.74541e-03    
7.75497e-01    4.91803e-03    
7.88744e-01    5.09471e-03    
8.02218e-01    5.27538e-03    
8.15922e-01    5.45996e-03    
8.29861e-01    5.64836e-03    
8.44037e-01    5.84046e-03    
8.58455e-01    6.03614e-03    
8.73120e-01    6.23526e-03    
8.88036e-01    6.43767e-03    
9.03206e-01    6.64319e-03    
9.18635e-01    6.85163e-03    
9.34328e-01    7.06277e-03    
9.50289e-01    7.27639e-03    
9.66522e-01    7.49226e-03    
9.83033e-01    7.71011e-03    
9.99826e-01    7.92965e-03    
1.01691e+00    8.15061e-03    
1.03428e+00    8.37267e-03    
1.05195e+00    8.59551e-03    
1.06992e+00    8.81879e-03    
1.08819e+00    9.04216e-03    
1.10678e+00    9.26525e-03    
1.12569e+00    9.48768e-03    
1.14492e+00    9.70907e-03    
1.16448e+00    9.92901e-03    
1.18437e+00    1.01471e-02    
1.20460e+00    1.03629e-02    
1.22518e+00    1.05760e-02    
1.24611e+00    1.07860e-02    
1.26740e+00    1.09924e-02    
1.28905e+00    1.11948e-02    
1.31107e+00    1.13927e-02    
1.33346e+00    1.15858e-02    
1.35624e+00    1.17735e-02    
1.37941e+00    1.19553e-02    
1.40298e+00    1.21310e-02    
1.42694e+00    1.23000e-02    
1.45132e+00    1.24619e-02    
1.47611e+00    1.26163e-02    
1.50133e+00    1.27628e-02    
1.52697e+00    1.29009e-02    
1.55306e+00    1.30303e-02    
1.57959e+00    1.31507e-02    
1.60657e+00    1.32615e-02    
1.63402e+00    1.33625e-02    
1.66193e+00    1.34533e-02    
1.69032e+00    1.35336e-02    
1.71920e+00    1.36031e-02    
1.74857e+00    1.36614e-02    
1.77844e+00    1.37083e-02    
1.80882e+00    1.37436e-02    
1.83972e+00    1.37671e-02    
1.87114e+00    1.37789e-02    
1.90311e+00    1.37788e-02    
1.93562e+00    1.37670e-02    
1.96868e+00    1.37437e-02    
2.00231e+00    1.37091e-02    
2.03652e+00    1.36636e-02    
2.07131e+00    1.36076e-02    
2.10669e+00    1.35416e-02    
2.14268e+00    1.34660e-02    
2.17928e+00    1.33812e-02    
2.21651e+00    1.32879e-02    
2.25438e+00    1.31865e-02    
2.29289e+00    1.30774e-02    
2.33206e+00    1.29611e-02    
2.37189e+00    1.28380e-02    
2.41241e+00    1.27086e-02    
2.45362e+00    1.25732e-02    
2.49554e+00    1.24325e-02    
2.53817e+00    1.22867e-02    
2.58153e+00    1.21365e-02    
2.62563e+00    1.19823e-02    
2.67048e+00    1.18247e-02    
2.71610e+00    1.16641e-02    
2.76250e+00    1.15009e-02    
2.80969e+00    1.13357e-02    
2.85769e+00    1.11687e-02    
2.90650e+00    1.10001e-02    
2.95615e+00    1.08301e-02    
3.00665e+00    1.06590e-02    
3.05802e+00    1.04867e-02    
3.11026e+00    1.03133e-02    
3.16339e+00    1.01385e-02    
3.21743e+00    9.96218e-03    
3.27239e+00    9.78433e-03    
3.32829e+00    9.60480e-03    
3.38515e+00    9.42350e-03    
3.44297e+00    9.24031e-03    
3.50179e+00    9.05518e-03    
3.56161e+00    8.86809e-03    
3.62245e+00    8.67908e-03    
3.68433e+00    8.48830e-03    
3.74727e+00    8.29590e-03    
3.81129e+00    8.10211e-03    
3.87639e+00    7.90724e-03    
3.94261e+00    7.71173e-03    
4.00996e+00    7.51608e-03    
4.07846e+00    7.32081e-03    
4.14814e+00    7.12648e-03    
4.21900e+00    6.93357e-03    
4.29107e+00    6.74255e-03    
4.36437e+00    6.55381e-03    
4.43893e+00    6.36770e-03    
4.51476e+00    6.18446e-03    
4.59188e+00    6.00429e-03    
4.67032e+00    5.82735e-03    
4.75011e+00    5.65377e-03    
4.83125e+00    5.48364e-03    
4.91378e+00    5.31706e-03    
4.99772e+00    5.15409e-03    
5.08310e+00    4.99476e-03    
5.16993e+00    4.83907e-03    
5.25825e+00    4.68701e-03    
5.34807e+00    4.53859e-03    
5.43943e+00    4.39376e-03    
5.53235e+00    4.25248e-03    
5.62686e+00    4.11469e-03    
5.72298e+00    3.98029e-03    
5.82075e+00    3.84926e-03    
5.92018e+00    3.72159e-03    
6.02132e+00    3.59729e-03    
6.12418e+00    3.47637e-03    
6.22879e+00    3.35881e-03    
6.33520e+00    3.24461e-03    
6.44342e+00    3.13376e-03    
6.55349e+00    3.02625e-03    
6.66545e+00    2.92207e-03    
6.77931e+00    2.82111e-03    
6.89512e+00    2.72327e-03    
7.01291e+00    2.62843e-03    
7.13271e+00    2.53650e-03    
7.25455e+00    2.44736e-03    
7.37848e+00    2.36093e-03    
7.50453e+00    2.27711e-03    
7.63272e+00    2.19582e-03    
7.76311e+00    2.11699e-03    
7.89573e+00    2.04057e-03    
8.03061e+00    1.96651e-03    
8.16779e+00    1.89478e-03    
8.30732e+00    1.82533e-03    
8.44923e+00    1.75812e-03    
8.59357e+00    1.69310e-03    
8.74037e+00    1.63022e-03    
8.88968e+00    1.56945e-03    
9.04154e+00    1.51072e-03    
9.19600e+00    1.45400e-03    
9.35309e+00    1.39921e-03    
9.51286e+00    1.34631e-03    
9.67537e+00    1.29523e-03    
9.84065e+00    1.24592e-03    
1.00088e+01    1.19832e-03    
1.01797e+01    1.15238e-03    
1.03536e+01    1.10806e-03    
1.05305e+01    1.06529e-03    
1.07104e+01    1.02405e-03    
1.08934e+01    9.84322e-04    
1.10794e+01    9.46073e-04    
1.12687e+01    9.09283e-04    
1.14612e+01    8.73925e-04    
1.16570e+01    8.39966e-04    
1.18561e+01    8.07374e-04    
1.20587e+01    7.76113e-04    
1.22647e+01    7.46141e-04    
1.24742e+01    7.17408e-04    
1.26873e+01    6.89847e-04    
1.29040e+01    6.63385e-04    
1.31244e+01    6.37958e-04    
1.33486e+01    6.13505e-04    
1.35767e+01    5.89973e-04    
1.38086e+01    5.67309e-04    
1.40445e+01    5.45469e-04    
1.42844e+01    5.24410e-04    
1.45284e+01    5.04098e-04    
1.47766e+01    4.84505e-04    
1.50290e+01    4.65615e-04    
1.52858e+01    4.47407e-04    
1.55469e+01    4.29864e-04    
1.58125e+01    4.12965e-04    
1.60826e+01    3.96694e-04    
1.63573e+01    3.81031e-04    
1.66368e+01    3.65958e-04    
1.69210e+01    3.51456e-04    
1.72100e+01    3.37507e-04    
1.75040e+01    3.24091e-04    
1.78030e+01    3.11188e-04    
1.81072e+01    2.98778e-04    
1.84165e+01    2.86844e-04    
1.87311e+01    2.75368e-04    
1.90511e+01    2.64333e-04    
1.93765e+01    2.53723e-04    
1.97075e+01    2.43522e-04    
2.00442e+01    2.33714e-04    
2.03866e+01    2.24286e-04    
2.07348e+01    2.15222e-04    
2.10891e+01    2.06509e-04    
2.14493e+01    1.98135e-04    
2.18157e+01    1.90087e-04    
2.21884e+01    1.82351e-04    
2.25674e+01    1.74918e-04    
2.29530e+01    1.67775e-04    
2.33451e+01    1.60914e-04    
2.37439e+01    1.54327e-04    
2.41495e+01    1.48001e-04    
2.45620e+01    1.41925e-04    
2.49816e+01    1.36091e-04    
2.54083e+01    1.30488e-04    
2.58424e+01    1.25109e-04    
2.62838e+01    1.19944e-04    
2.67328e+01    1.14985e-04    
2.71895e+01    1.10225e-04    
2.76540e+01    1.05656e-04    
2.81264e+01    1.01271e-04    
2.86069e+01    9.70616e-05    
2.90956e+01    9.30222e-05    
2.95926e+01    8.91459e-05    
3.00981e+01    8.54263e-05    
3.06123e+01    8.18574e-05    
3.11352e+01    7.84333e-05    
3.16671e+01    7.51482e-05    
3.22080e+01    7.19969e-05    
3.27583e+01    6.89740e-05    
3.33179e+01    6.60744e-05    
3.38870e+01    6.32934e-05    
3.44659e+01    6.06262e-05    
3.50547e+01    5.80684e-05    
3.56535e+01    5.56155e-05    
3.62626e+01    5.32635e-05    
3.68820e+01    5.10084e-05    
3.75121e+01    4.88462e-05    
3.81529e+01    4.67732e-05    
3.88046e+01    4.47859e-05    
3.94675e+01    4.28809e-05    
4.01417e+01    4.10549e-05    
4.08275e+01    3.93046e-05    
4.15249e+01    3.76271e-05    
4.22343e+01    3.60194e-05    
4.29558e+01    3.44787e-05    
4.36896e+01    3.30022e-05    
4.44359e+01    3.15874e-05    
4.51950e+01    3.02318e-05    
4.59670e+01    2.89329e-05    
4.67523e+01    2.76885e-05    
4.75509e+01    2.64963e-05    
4.83632e+01    2.53542e-05    
4.91894e+01    2.42602e-05    
5.00297e+01    2.32123e-05    
5.08844e+01    2.22085e-05    
5.17536e+01    2.12472e-05    
5.26377e+01    2.03264e-05    
5.35369e+01    1.94447e-05    
5.44515e+01    1.86003e-05    
5.53816e+01    1.77918e-05    
5.63277e+01    1.70176e-05    
5.72899e+01    1.62763e-05    
5.82686e+01    1.55665e-05    
5.92640e+01    1.48870e-05    
6.02764e+01    1.42365e-05    
6.13061e+01    1.36138e-05    
6.23534e+01    1.30177e-05    
6.34185e+01    1.24472e-05    
6.45019e+01    1.19011e-05    
6.56038e+01    1.13784e-05    
6.67245e+01    1.08782e-05    
6.78643e+01    1.03994e-05    
6.90236e+01    9.94133e-06    
7.02027e+01    9.50296e-06    
7.14020e+01    9.08351e-06    
7.26217e+01    8.68218e-06    
7.38623e+01    8.29820e-06    
7.51241e+01    7.93084e-06    
7.64074e+01    7.57940e-06    
7.77126e+01    7.24321e-06    
7.90402e+01    6.92162e-06    
8.03904e+01    6.61401e-06    
8.17637e+01    6.31979e-06    
8.31604e+01    6.03839e-06    
8.45811e+01    5.76927e-06    
8.60259e+01    5.51190e-06    
8.74955e+01    5.26578e-06    
8.89902e+01    5.03043e-06    
9.05104e+01    4.80540e-06    
9.20565e+01    4.59023e-06    
9.36291e+01    4.38452e-06    
9.52285e+01    4.18784e-06    
9.68553e+01    3.99983e-06    
9.85099e+01    3.82009e-06    
1.00193e+02    3.64829e-06    
1.01904e+02    3.48407e-06    
1.03645e+02    3.32711e-06    
1.05416e+02    3.17710e-06    
1.07216e+02    3.03373e-06    
1.09048e+02    2.89672e-06    
1.10911e+02    2.76580e-06    
1.12805e+02    2.64069e-06    
1.14732e+02    2.52115e-06    
1.16692e+02    2.40694e-06    
1.18686e+02    2.29783e-06    
1.20713e+02    2.19358e-06    
1.22775e+02    2.09400e-06    
1.24873e+02    1.99888e-06    
1.27006e+02    1.90801e-06    
1.29176e+02    1.82123e-06    
1.31382e+02    1.73834e-06    
1.33627e+02    1.65918e-06    
1.35909e+02    1.58358e-06    
1.38231e+02    1.51139e-06    
1.40592e+02    1.44246e-06    
1.42994e+02    1.37664e-06    
1.45437e+02    1.31380e-06    
1.47921e+02    1.25380e-06    
1.50448e+02    1.19653e-06    
1.53018e+02    1.14185e-06    
1.55632e+02    1.08966e-06    
1.58291e+02    1.03985e-06    
1.60995e+02    9.92300e-07    
1.63745e+02    9.46921e-07    
1.66542e+02    9.03614e-07    
1.69387e+02    8.62285e-07    
1.72281e+02    8.22847e-07    
1.75224e+02    7.85216e-07    
1.78217e+02    7.49309e-07    
1.81262e+02    7.15050e-07    
1.84358e+02    6.82364e-07    
1.87508e+02    6.51181e-07    
1.90711e+02    6.21432e-07    
1.93969e+02    5.93053e-07    
1.97282e+02    5.65982e-07    
2.00652e+02    5.40158e-07    
2.04080e+02    5.15526e-07    
2.07566e+02    4.92030e-07    
2.11112e+02    4.69618e-07    
2.14718e+02    4.48242e-07    
2.18386e+02    4.27852e-07    
2.22117e+02    4.08404e-07    
2.25911e+02    3.89855e-07    
2.29771e+02    3.72161e-07    
2.33696e+02    3.55285e-07    
2.37688e+02    3.39187e-07    
2.41748e+02    3.23831e-07    
2.45878e+02    3.09184e-07    
2.50078e+02    2.95210e-07    
2.54350e+02    2.81880e-07    
2.58695e+02    2.69163e-07    
2.63114e+02    2.57030e-07    
2.67609e+02    2.45454e-07    
2.72181e+02    2.34408e-07    
2.76830e+02    2.23868e-07    
2.81559e+02    2.13810e-07    
2.86369e+02    2.04211e-07    
2.91261e+02    1.95050e-07    
2.96237e+02    1.86306e-07    
3.01297e+02    1.77960e-07    
3.06444e+02    1.69993e-07    
3.11679e+02    1.62388e-07    
3.17003e+02    1.55127e-07    
3.22419e+02    1.48194e-07    
3.27927e+02    1.41575e-07    
3.33528e+02    1.35255e-07    
3.39226e+02    1.29219e-07    
3.45021e+02    1.23455e-07    
3.50915e+02    1.17950e-07    
3.56909e+02    1.12693e-07    
3.63006e+02    1.07672e-07    
3.69208e+02    1.02875e-07    
3.75515e+02    9.82938e-08    
3.81929e+02    9.39173e-08    
3.88454e+02    8.97365e-08    
3.95090e+02    8.57425e-08    
4.01839e+02    8.19268e-08    
4.08703e+02    7.82814e-08    
4.15685e+02    7.47985e-08    
4.22786e+02    7.14709e-08    
4.30009e+02    6.82915e-08    
4.37354e+02    6.52536e-08    
4.44826e+02    6.23510e-08    
4.52424e+02    5.95774e-08    
4.60153e+02    5.69273e-08    
4.68014e+02    5.43949e-08    
4.76009e+02    5.19751e-08    
4.84140e+02    4.96628e-08    
4.92411e+02    4.74533e-08    
5.00823e+02    4.53419e-08    
5.09378e+02    4.33243e-08    
5.18080e+02    4.13963e-08    
5.26930e+02    3.95540e-08    
5.35931e+02    3.77934e-08    
5.45086e+02    3.61110e-08    
5.54398e+02    3.45033e-08    
5.63869e+02    3.29670e-08    
5.73501e+02    3.14989e-08    
5.83298e+02    3.00960e-08    
5.93262e+02    2.87553e-08    
6.03397e+02    2.74743e-08    
6.13705e+02    2.62501e-08    
6.24188e+02    2.50803e-08    
6.34851e+02    2.39624e-08    
6.45696e+02    2.28942e-08    
6.56727e+02    2.18735e-08    
6.67945e+02    2.08981e-08    
6.79356e+02    1.99661e-08    
6.90961e+02    1.90755e-08    
7.02764e+02    1.82245e-08    
7.14770e+02    1.74113e-08    
7.26980e+02    1.66343e-08    
7.39399e+02    1.58918e-08    
7.52030e+02    1.51824e-08    
7.64876e+02    1.45045e-08    
7.77942e+02    1.38568e-08    
7.91232e+02    1.32379e-08    
8.04748e+02    1.26466e-08    
8.18496e+02    1.20815e-08    
8.32478e+02    1.15417e-08    
8.46699e+02    1.10259e-08    
8.61163e+02    1.05330e-08    
8.75874e+02    1.00621e-08    
8.90836e+02    9.61224e-09    
9.06054e+02    9.18239e-09    
9.21532e+02    8.77169e-09    
9.37274e+02    8.37931e-09    
9.53286e+02    8.00442e-09    
9.69570e+02    7.64625e-09    
9.86133e+02    7.30405e-09    
1.00298e+03    6.97713e-09    
1.02011e+03    6.66479e-09    
1.03754e+03    6.36638e-09    
1.05526e+03    6.08130e-09    
1.07329e+03    5.80895e-09    
1.09162e+03    5.54876e-09    
1.11027e+03    5.30018e-09    
1.12924e+03    5.06271e-09    
1.14853e+03    4.83585e-09    
1.16815e+03    4.61913e-09    
1.18810e+03    4.41209e-09    
1.20840e+03    4.21430e-09    
1.22904e+03    4.02536e-09    
1.25004e+03    3.84486e-09    
1.27139e+03    3.67244e-09    
1.29311e+03    3.50773e-09    
1.31520e+03    3.35038e-09    
1.33767e+03    3.20008e-09    
1.36052e+03    3.05650e-09    
1.38376e+03    2.91934e-09    
1.40740e+03    2.78833e-09    
1.43144e+03    2.66318e-09    
1.45590e+03    2.54363e-09    
1.48077e+03    2.42944e-09    
1.50606e+03    2.32036e-09    
1.53179e+03    2.21617e-09    
1.55796e+03    2.11664e-09    
1.58457e+03    2.02158e-09    
1.61164e+03    1.93077e-09    
1.63917e+03    1.84404e-09    
1.66717e+03    1.76119e-09    
1.69565e+03    1.68206e-09    
1.72462e+03    1.60647e-09    
1.75408e+03    1.53427e-09    
1.78405e+03    1.46531e-09    
1.81452e+03    1.39945e-09    
1.84552e+03    1.33654e-09    
1.87705e+03    1.27645e-09    
1.90911e+03    1.21906e-09    
1.94172e+03    1.16424e-09    
1.97489e+03    1.11188e-09    
2.00863e+03    1.06188e-09    
2.04294e+03    1.01411e-09    
2.07784e+03    9.68497e-10    
2.11334e+03    9.24928e-10    
2.14944e+03    8.83315e-10    
2.18616e+03    8.43572e-10    
2.22350e+03    8.05613e-10    
2.26149e+03    7.69360e-10    
2.30012e+03    7.34735e-10    
2.33941e+03    7.01666e-10    
2.37937e+03    6.70083e-10    
2.42002e+03    6.39920e-10    
2.46136e+03    6.11112e-10    
2.50341e+03    5.83599e-10    
2.54617e+03    5.57322e-10    
2.58967e+03    5.32227e-10    
2.63391e+03    5.08261e-10    
2.67890e+03    4.85372e-10    
2.72467e+03    4.63512e-10    
2.77121e+03    4.42636e-10    
2.81855e+03    4.22698e-10    
2.86670e+03    4.03657e-10    
2.91567e+03    3.85473e-10    
2.96548e+03    3.68107e-10    
3.01614e+03    3.51523e-10    
3.06766e+03    3.35684e-10    
3.12006e+03    3.20559e-10    
3.17336e+03    3.06114e-10    
3.22757e+03    2.92319e-10    
3.28271e+03    2.79145e-10    
3.33879e+03    2.66564e-10    
3.39582e+03    2.54550e-10    
3.45383e+03    2.43076e-10    
3.51283e+03    2.32120e-10    
3.57284e+03    2.21656e-10    
3.63388e+03    2.11664e-10    
3.69595e+03    2.02121e-10    
3.75909e+03    1.93009e-10    
3.82331e+03    1.84307e-10    
3.88862e+03    1.75997e-10    
3.95505e+03    1.68061e-10    
4.02261e+03    1.60482e-10    
4.09133e+03    1.53246e-10    
4.16122e+03    1.46335e-10    
4.23230e+03    1.39735e-10    
4.30460e+03    1.33433e-10    
4.37814e+03    1.27415e-10    
4.45293e+03    1.21669e-10    
4.52900e+03    1.16181e-10    
4.60636e+03    1.10940e-10    
4.68505e+03    1.05936e-10    
4.76509e+03    1.01157e-10    
4.84649e+03    9.65940e-11    
4.92928e+03    9.22364e-11    
5.01348e+03    8.80753e-11    
5.09913e+03    8.41018e-11    
5.18624e+03    8.03075e-11    
5.27483e+03    7.66842e-11    
5.36494e+03    7.32243e-11    
5.45659e+03    6.99205e-11    
5.54980e+03    6.67656e-11    
5.64461e+03    6.37530e-11    
5.74103e+03    6.08762e-11    
5.83911e+03    5.81293e-11    
5.93885e+03    5.55062e-11    
6.04031e+03    5.30014e-11    
6.14349e+03    5.06096e-11    
6.24844e+03    4.83257e-11    
6.35518e+03    4.61448e-11    
6.46374e+03    4.40623e-11    
6.57416e+03    4.20738e-11    
6.68647e+03    4.01749e-11    
6.80069e+03    3.83618e-11    
6.91686e+03    3.66304e-11    
7.03502e+03    3.49772e-11    
7.15520e+03    3.33985e-11    
7.27743e+03    3.18911e-11    
7.40175e+03    3.04517e-11    
7.52819e+03    2.90773e-11    
7.65680e+03    2.77648e-11    
7.78759e+03    2.65116e-11    
7.92063e+03    2.53150e-11    
8.05593e+03    2.41723e-11    
8.19355e+03    2.30813e-11    
8.33352e+03    2.20394e-11    
8.47588e+03    2.10446e-11    
8.62067e+03    2.00947e-11    
8.76794e+03    1.91877e-11    
8.91772e+03    1.83216e-11    
9.07006e+03    1.74946e-11    
9.22500e+03    1.67049e-11    
9.38259e+03    1.59508e-11    
9.54287e+03    1.52308e-11    
9.70588e+03    1.45433e-11    
9.87169e+03    1.38869e-11    
1.00403e+04    1.32600e-11    
1.02118e+04    1.26615e-11    
1.03863e+04    1.20900e-11    
1.05637e+04    1.15442e-11    
1.07442e+04    1.10231e-11    
1.09277e+04    1.05256e-11    
1.11144e+04    1.00505e-11    
1.13043e+04    9.59681e-12    
1.14974e+04    9.16364e-12    
1.16938e+04    8.75001e-12    
1.18935e+04    8.35506e-12    
1.20967e+04    7.97794e-12    
1.23033e+04    7.61785e-12    
1.25135e+04    7.27401e-12    
1.27273e+04    6.94569e-12    
1.29447e+04    6.63220e-12    
1.31658e+04    6.33286e-12    
1.33907e+04    6.04703e-12    
1.36195e+04    5.77411e-12    
1.38522e+04    5.51350e-12    
1.40888e+04    5.26467e-12    
1.43295e+04    5.02706e-12    
1.45742e+04    4.80018e-12    
1.48232e+04    4.58355e-12    
1.50764e+04    4.37669e-12    
1.53340e+04    4.17918e-12    
1.55959e+04    3.99058e-12    
1.58624e+04    3.81049e-12    
1.61333e+04    3.63853e-12    
1.64089e+04    3.47434e-12    
1.66892e+04    3.31756e-12    
1.69743e+04    3.16786e-12    
1.72643e+04    3.02491e-12    
1.75592e+04    2.88842e-12    
1.78592e+04    2.75809e-12    
1.81643e+04    2.63364e-12    
1.84746e+04    2.51481e-12    
1.87902e+04    2.40134e-12    
1.91112e+04    2.29300e-12    
1.94376e+04    2.18955e-12    
1.97697e+04    2.09076e-12    
2.01074e+04    1.99644e-12    
2.04509e+04    1.90637e-12    
2.08002e+04    1.82037e-12    
2.11556e+04    1.73825e-12    
2.15170e+04    1.65984e-12    
2.18845e+04    1.58496e-12    
2.22584e+04    1.51347e-12    
2.26386e+04    1.44520e-12    
2.30253e+04    1.38001e-12    
2.34187e+04    1.31777e-12    
2.38187e+04    1.25833e-12    
2.42256e+04    1.20158e-12    
2.46395e+04    1.14739e-12    
2.50604e+04    1.09564e-12    
2.54885e+04    1.04623e-12    
2.59239e+04    9.99047e-13    
2.63667e+04    9.53995e-13    
2.68172e+04    9.10975e-13    
2.72753e+04    8.69897e-13    
2.77412e+04    8.30672e-13    
2.82151e+04    7.93218e-13    
2.86971e+04    7.57453e-13    
2.91873e+04    7.23302e-13    
2.96859e+04    6.90691e-13    
3.01930e+04    6.59552e-13    
3.07088e+04    6.29818e-13    
3.12334e+04    6.01425e-13    
3.17670e+04    5.74314e-13    
3.23096e+04    5.48425e-13    
3.28616e+04    5.23704e-13    
3.34229e+04    5.00098e-13    
3.39939e+04    4.77557e-13    
3.45746e+04    4.56033e-13    
3.51652e+04    4.35480e-13    
3.57659e+04    4.15854e-13    
3.63769e+04    3.97113e-13    
3.69983e+04    3.79217e-13    
3.76304e+04    3.62129e-13    
3.82732e+04    3.45811e-13    
3.89270e+04    3.30229e-13    
3.95920e+04    3.15349e-13    
4.02683e+04    3.01141e-13    
4.09562e+04    2.87573e-13    
4.16559e+04    2.74617e-13    
4.23675e+04    2.62246e-13    
4.30912e+04    2.50432e-13    
4.38273e+04    2.39151e-13    
4.45760e+04    2.28378e-13    
4.53375e+04    2.18091e-13    
4.61120e+04    2.08268e-13    
4.68997e+04    1.98888e-13    
4.77009e+04    1.89930e-13    
4.85158e+04    1.81377e-13    
4.93446e+04    1.73209e-13    
5.01875e+04    1.65409e-13    
5.10448e+04    1.57960e-13    
5.19168e+04    1.50848e-13    
5.28037e+04    1.44056e-13    
5.37057e+04    1.37570e-13    
5.46232e+04    1.31376e-13    
5.55563e+04    1.25461e-13    
5.65054e+04    1.19813e-13    
5.74706e+04    1.14420e-13    
5.84524e+04    1.09269e-13    
5.94509e+04    1.04351e-13    
6.04665e+04    9.96539e-14    
6.14994e+04    9.51687e-14    
6.25500e+04    9.08855e-14    
6.36185e+04    8.67953e-14    
6.47053e+04    8.28894e-14    
6.58107e+04    7.91594e-14    
6.69349e+04    7.55974e-14    
6.80783e+04    7.21959e-14    
6.92413e+04    6.89475e-14    
7.04241e+04    6.58455e-14    
7.16272e+04    6.28831e-14    
7.28507e+04    6.00542e-14    
7.40952e+04    5.73527e-14    
7.53610e+04    5.47728e-14    
7.66484e+04    5.23091e-14    
7.79577e+04    4.99563e-14    
7.92895e+04    4.77095e-14    
8.06439e+04    4.55638e-14    
8.20216e+04    4.35147e-14    
8.34227e+04    4.15578e-14    
8.48478e+04    3.96891e-14    
8.62972e+04    3.79045e-14    
8.77714e+04    3.62002e-14    
8.92708e+04    3.45726e-14    
9.07958e+04    3.30182e-14    
9.23468e+04    3.15339e-14    
9.39244e+04    3.01163e-14    
9.55289e+04    2.87625e-14    
9.71608e+04    2.74696e-14    
9.88205e+04    2.62350e-14    
1.00509e+05    2.50558e-14    
1.02226e+05    2.39297e-14    
1.03972e+05    2.28543e-14    
1.05748e+05    2.18273e-14    
1.07555e+05    2.08465e-14    
1.09392e+05    1.99098e-14    
1.11261e+05    1.90152e-14    
1.13161e+05    1.81609e-14    
1.15094e+05    1.73450e-14    
1.17060e+05    1.65657e-14    
1.19060e+05    1.58216e-14    
1.21094e+05    1.51109e-14    
1.23163e+05    1.44321e-14    
1.25267e+05    1.37839e-14    
1.27407e+05    1.31648e-14    
1.29583e+05    1.25736e-14    
1.31797e+05    1.20090e-14    
1.34048e+05    1.14697e-14    
1.36338e+05    1.09547e-14    
1.38667e+05    1.04628e-14    
1.41036e+05    9.99302e-15    
1.43445e+05    9.54437e-15    
1.45896e+05    9.11589e-15    
1.48388e+05    8.70667e-15    
1.50923e+05    8.31583e-15    
1.53501e+05    7.94256e-15    
1.56123e+05    7.58607e-15    
1.58790e+05    7.24559e-15    
1.61503e+05    6.92041e-15    
1.64262e+05    6.60984e-15    
1.67068e+05    6.31323e-15    
1.69922e+05    6.02994e-15    
1.72824e+05    5.75938e-15    
1.75777e+05    5.50097e-15    
1.78779e+05    5.25417e-15    
1.81833e+05    5.01845e-15    
1.84940e+05    4.79332e-15    
1.88099e+05    4.57830e-15    
1.91312e+05    4.37294e-15    
1.94580e+05    4.17680e-15    
1.97904e+05    3.98947e-15    
2.01285e+05    3.81055e-15    
2.04724e+05    3.63966e-15    
2.08221e+05    3.47645e-15    
2.11778e+05    3.32056e-15    
2.15396e+05    3.17167e-15    
2.19075e+05    3.02946e-15    
2.22818e+05    2.89364e-15    
2.26624e+05    2.76392e-15    
2.30495e+05    2.64001e-15    
2.34433e+05    2.52167e-15    
2.38437e+05    2.40864e-15    
2.42511e+05    2.30068e-15    
2.46653e+05    2.19757e-15    
2.50867e+05    2.09908e-15    
2.55152e+05    2.00501e-15    
2.59511e+05    1.91516e-15    
2.63944e+05    1.82934e-15    
2.68453e+05    1.74738e-15    
2.73039e+05    1.66909e-15    
2.77703e+05    1.59431e-15    
2.82447e+05    1.52288e-15    
2.87272e+05    1.45466e-15    
2.92180e+05    1.38950e-15    
2.97171e+05    1.32726e-15    
3.02247e+05    1.26781e-15    
3.07411e+05    1.21103e-15    
3.12662e+05    1.15679e-15    
3.18003e+05    1.10499e-15    
3.23436e+05    1.05551e-15    
3.28961e+05    1.00824e-15    
3.34580e+05    9.63099e-16    
3.40296e+05    9.19978e-16    
3.46109e+05    8.78790e-16    
3.52022e+05    8.39448e-16    
3.58035e+05    8.01870e-16    
3.64151e+05    7.65975e-16    
3.70372e+05    7.31689e-16    
3.76699e+05    6.98940e-16    
3.83134e+05    6.67658e-16    
3.89679e+05    6.37778e-16    
3.96336e+05    6.09236e-16    
4.03106e+05    5.81973e-16    
4.09992e+05    5.55932e-16    
4.16996e+05    5.31057e-16    
4.24120e+05    5.07297e-16    
4.31365e+05    4.84600e-16    
4.38734e+05    4.62921e-16    
4.46229e+05    4.42212e-16    
4.53851e+05    4.22431e-16    
4.61604e+05    4.03536e-16    
4.69490e+05    3.85486e-16    
4.77510e+05    3.68246e-16    
4.85667e+05    3.51777e-16    
4.93964e+05    3.36045e-16    
5.02402e+05    3.21018e-16    
5.10984e+05    3.06663e-16    
5.19713e+05    2.92951e-16    
5.28592e+05    2.79853e-16    
5.37621e+05    2.67341e-16    
5.46805e+05    2.55389e-16    
5.56146e+05    2.43972e-16    
5.65647e+05    2.33067e-16    
5.75310e+05    2.22649e-16    
5.85138e+05    2.12697e-16    
5.95133e+05    2.03191e-16    
6.05300e+05    1.94109e-16    
6.15640e+05    1.85435e-16    
6.26157e+05    1.77148e-16    
6.36853e+05    1.69232e-16    
6.47733e+05    1.61670e-16    
6.58798e+05    1.54447e-16    
6.70052e+05    1.47547e-16    
6.81498e+05    1.40955e-16    
6.93140e+05    1.34658e-16    
7.04981e+05    1.28642e-16    
7.17024e+05    1.22896e-16    
7.29272e+05    1.17407e-16    
7.41730e+05    1.12163e-16    
7.54401e+05    1.07153e-16    
7.67289e+05    1.02368e-16    
7.80396e+05    9.77964e-17    
7.93727e+05    9.34293e-17    
8.07286e+05    8.92574e-17    
8.21077e+05    8.52720e-17    
8.35103e+05    8.14647e-17    
8.49369e+05    7.78276e-17    
8.63879e+05    7.43531e-17    
8.78636e+05    7.10339e-17    
8.93646e+05    6.78629e-17    
9.08912e+05    6.48337e-17    
9.24438e+05    6.19399e-17    
9.40230e+05    5.91753e-17    
9.56292e+05    5.65343e-17    
9.72628e+05    5.40113e-17    
9.89243e+05    5.16010e-17    
1.00614e+06    4.92983e-17    
1.02333e+06    4.70986e-17    
1.04081e+06    4.49971e-17    
1.05859e+06    4.29894e-17    
1.07667e+06    4.10714e-17    
1.09507e+06    3.92391e-17    
1.11377e+06    3.74886e-17    
1.13280e+06    3.58163e-17    
1.15215e+06    3.42187e-17    
1.17183e+06    3.26924e-17    
1.19185e+06    3.12343e-17    
1.21221e+06    2.98412e-17    
1.23292e+06    2.85104e-17    
1.25398e+06    2.72389e-17    
1.27540e+06    2.60243e-17    
1.29719e+06    2.48638e-17    
1.31935e+06    2.37552e-17    
1.34189e+06    2.26960e-17    
1.36481e+06    2.16841e-17    
1.38813e+06    2.07174e-17    
1.41184e+06    1.97938e-17    
1.43596e+06    1.89114e-17    
1.46049e+06    1.80684e-17    
1.48544e+06    1.72630e-17    
1.51081e+06    1.64936e-17    
1.53662e+06    1.57585e-17    
1.56287e+06    1.50561e-17    
1.58957e+06    1.43852e-17    
1.61672e+06    1.37441e-17    
1.64434e+06    1.31316e-17    
1.67243e+06    1.25465e-17    
1.70100e+06    1.19875e-17    
1.73006e+06    1.14534e-17    
1.75961e+06    1.09431e-17    
1.78967e+06    1.04555e-17    
1.82024e+06    9.98976e-18    
1.85134e+06    9.54475e-18    
1.88296e+06    9.11957e-18    
1.91513e+06    8.71336e-18    
1.94785e+06    8.32526e-18    
1.98112e+06    7.95446e-18    
2.01496e+06    7.60019e-18    
2.04939e+06    7.26172e-18    
2.08439e+06    6.93833e-18    
2.12000e+06    6.62936e-18    

