# USINE V4.0
# File generated 12-05-2022 05:02:49
# Model1DKisoVc
# LI
# SolMod0DFF_phi0_670GV
# R [GV]       TOA [GV m^{2} s sr]^{-1}
1.00854e-01    2.20200e-04    
1.02565e-01    2.31485e-04    
1.04305e-01    2.43346e-04    
1.06074e-01    2.55813e-04    
1.07873e-01    2.68916e-04    
1.09703e-01    2.82687e-04    
1.11563e-01    2.97161e-04    
1.13456e-01    3.12373e-04    
1.15380e-01    3.28361e-04    
1.17337e-01    3.45163e-04    
1.19327e-01    3.62821e-04    
1.21351e-01    3.81379e-04    
1.23410e-01    4.00881e-04    
1.25503e-01    4.21376e-04    
1.27632e-01    4.42914e-04    
1.29797e-01    4.65548e-04    
1.31998e-01    4.89333e-04    
1.34237e-01    5.14326e-04    
1.36514e-01    5.40590e-04    
1.38830e-01    5.68188e-04    
1.41184e-01    5.97187e-04    
1.43579e-01    6.27658e-04    
1.46015e-01    6.59676e-04    
1.48491e-01    6.93317e-04    
1.51010e-01    7.28665e-04    
1.53571e-01    7.65803e-04    
1.56176e-01    8.04823e-04    
1.58825e-01    8.45820e-04    
1.61519e-01    8.88891e-04    
1.64259e-01    9.34142e-04    
1.67045e-01    9.81681e-04    
1.69878e-01    1.03162e-03    
1.72760e-01    1.08409e-03    
1.75690e-01    1.13920e-03    
1.78670e-01    1.19710e-03    
1.81701e-01    1.25792e-03    
1.84783e-01    1.32181e-03    
1.87917e-01    1.38891e-03    
1.91104e-01    1.45940e-03    
1.94346e-01    1.53343e-03    
1.97642e-01    1.61119e-03    
2.00995e-01    1.69286e-03    
2.04404e-01    1.77862e-03    
2.07871e-01    1.86865e-03    
2.11397e-01    1.96317e-03    
2.14982e-01    2.06239e-03    
2.18629e-01    2.16655e-03    
2.22337e-01    2.27587e-03    
2.26108e-01    2.39061e-03    
2.29944e-01    2.51103e-03    
2.33844e-01    2.63740e-03    
2.37810e-01    2.77000e-03    
2.41844e-01    2.90913e-03    
2.45946e-01    3.05510e-03    
2.50118e-01    3.20823e-03    
2.54360e-01    3.36886e-03    
2.58675e-01    3.53735e-03    
2.63062e-01    3.71405e-03    
2.67524e-01    3.89936e-03    
2.72062e-01    4.09368e-03    
2.76677e-01    4.29742e-03    
2.81370e-01    4.51101e-03    
2.86142e-01    4.73491e-03    
2.90996e-01    4.96960e-03    
2.95931e-01    5.21555e-03    
3.00951e-01    5.47328e-03    
3.06056e-01    5.74333e-03    
3.11247e-01    6.02624e-03    
3.16526e-01    6.32260e-03    
3.21895e-01    6.63299e-03    
3.27355e-01    6.95803e-03    
3.32907e-01    7.29838e-03    
3.38554e-01    7.65469e-03    
3.44297e-01    8.02766e-03    
3.50137e-01    8.41800e-03    
3.56075e-01    8.82646e-03    
3.62115e-01    9.25382e-03    
3.68257e-01    9.70085e-03    
3.74504e-01    1.01684e-02    
3.80856e-01    1.06573e-02    
3.87316e-01    1.11684e-02    
3.93885e-01    1.17027e-02    
4.00566e-01    1.22611e-02    
4.07361e-01    1.28444e-02    
4.14270e-01    1.34539e-02    
4.21297e-01    1.40903e-02    
4.28443e-01    1.47549e-02    
4.35710e-01    1.54487e-02    
4.43101e-01    1.61727e-02    
4.50616e-01    1.69281e-02    
4.58260e-01    1.77161e-02    
4.66033e-01    1.85379e-02    
4.73937e-01    1.93946e-02    
4.81976e-01    2.02876e-02    
4.90151e-01    2.12180e-02    
4.98465e-01    2.21871e-02    
5.06920e-01    2.31963e-02    
5.15518e-01    2.42468e-02    
5.24263e-01    2.53401e-02    
5.33155e-01    2.64774e-02    
5.42198e-01    2.76601e-02    
5.51395e-01    2.88896e-02    
5.60748e-01    3.01672e-02    
5.70259e-01    3.14945e-02    
5.79931e-01    3.28726e-02    
5.89768e-01    3.43031e-02    
5.99772e-01    3.57873e-02    
6.09945e-01    3.73265e-02    
6.20291e-01    3.89222e-02    
6.30812e-01    4.05756e-02    
6.41512e-01    4.22880e-02    
6.52393e-01    4.40608e-02    
6.63459e-01    4.58951e-02    
6.74712e-01    4.77922e-02    
6.86156e-01    4.97531e-02    
6.97795e-01    5.17791e-02    
7.09631e-01    5.38711e-02    
7.21667e-01    5.60300e-02    
7.33908e-01    5.82569e-02    
7.46356e-01    6.05524e-02    
7.59016e-01    6.29174e-02    
7.71890e-01    6.53524e-02    
7.84983e-01    6.78579e-02    
7.98298e-01    7.04344e-02    
8.11838e-01    7.30822e-02    
8.25608e-01    7.58014e-02    
8.39612e-01    7.85920e-02    
8.53854e-01    8.14541e-02    
8.68336e-01    8.43873e-02    
8.83065e-01    8.73913e-02    
8.98043e-01    9.04655e-02    
9.13276e-01    9.36092e-02    
9.28767e-01    9.68217e-02    
9.44520e-01    1.00102e-01    
9.60541e-01    1.03449e-01    
9.76833e-01    1.06861e-01    
9.93402e-01    1.10336e-01    
1.01025e+00    1.13874e-01    
1.02739e+00    1.17472e-01    
1.04481e+00    1.21129e-01    
1.06254e+00    1.24842e-01    
1.08056e+00    1.28608e-01    
1.09889e+00    1.32426e-01    
1.11753e+00    1.36292e-01    
1.13648e+00    1.40204e-01    
1.15576e+00    1.44158e-01    
1.17536e+00    1.48152e-01    
1.19530e+00    1.52181e-01    
1.21557e+00    1.56241e-01    
1.23619e+00    1.60329e-01    
1.25716e+00    1.64439e-01    
1.27848e+00    1.68568e-01    
1.30017e+00    1.72708e-01    
1.32222e+00    1.76853e-01    
1.34465e+00    1.80998e-01    
1.36746e+00    1.85135e-01    
1.39065e+00    1.89256e-01    
1.41424e+00    1.93354e-01    
1.43823e+00    1.97421e-01    
1.46262e+00    2.01450e-01    
1.48743e+00    2.05431e-01    
1.51266e+00    2.09357e-01    
1.53832e+00    2.13219e-01    
1.56441e+00    2.17010e-01    
1.59094e+00    2.20721e-01    
1.61793e+00    2.24345e-01    
1.64537e+00    2.27878e-01    
1.67328e+00    2.31312e-01    
1.70166e+00    2.34643e-01    
1.73053e+00    2.37866e-01    
1.75988e+00    2.40977e-01    
1.78973e+00    2.43971e-01    
1.82009e+00    2.46843e-01    
1.85096e+00    2.49590e-01    
1.88236e+00    2.52209e-01    
1.91428e+00    2.54694e-01    
1.94675e+00    2.57044e-01    
1.97977e+00    2.59253e-01    
2.01335e+00    2.61317e-01    
2.04750e+00    2.63233e-01    
2.08223e+00    2.64999e-01    
2.11755e+00    2.66614e-01    
2.15347e+00    2.68078e-01    
2.19000e+00    2.69392e-01    
2.22714e+00    2.70558e-01    
2.26492e+00    2.71579e-01    
2.30334e+00    2.72458e-01    
2.34240e+00    2.73199e-01    
2.38214e+00    2.73805e-01    
2.42254e+00    2.74284e-01    
2.46363e+00    2.74636e-01    
2.50542e+00    2.74864e-01    
2.54792e+00    2.74968e-01    
2.59113e+00    2.74946e-01    
2.63508e+00    2.74797e-01    
2.67978e+00    2.74519e-01    
2.72523e+00    2.74110e-01    
2.77146e+00    2.73565e-01    
2.81847e+00    2.72881e-01    
2.86627e+00    2.72052e-01    
2.91489e+00    2.71072e-01    
2.96433e+00    2.69937e-01    
3.01461e+00    2.68644e-01    
3.06575e+00    2.67188e-01    
3.11775e+00    2.65564e-01    
3.17063e+00    2.63767e-01    
3.22441e+00    2.61793e-01    
3.27910e+00    2.59638e-01    
3.33472e+00    2.57298e-01    
3.39128e+00    2.54767e-01    
3.44880e+00    2.52038e-01    
3.50730e+00    2.49102e-01    
3.56679e+00    2.45950e-01    
3.62729e+00    2.42573e-01    
3.68882e+00    2.38967e-01    
3.75139e+00    2.35131e-01    
3.81502e+00    2.31070e-01    
3.87973e+00    2.26795e-01    
3.94553e+00    2.22325e-01    
4.01246e+00    2.17685e-01    
4.08052e+00    2.12904e-01    
4.14973e+00    2.08012e-01    
4.22012e+00    2.03039e-01    
4.29170e+00    1.98010e-01    
4.36449e+00    1.92948e-01    
4.43852e+00    1.87875e-01    
4.51381e+00    1.82809e-01    
4.59037e+00    1.77765e-01    
4.66823e+00    1.72755e-01    
4.74741e+00    1.67792e-01    
4.82794e+00    1.62882e-01    
4.90983e+00    1.58036e-01    
4.99311e+00    1.53258e-01    
5.07780e+00    1.48554e-01    
5.16393e+00    1.43929e-01    
5.25152e+00    1.39386e-01    
5.34059e+00    1.34928e-01    
5.43118e+00    1.30558e-01    
5.52330e+00    1.26277e-01    
5.61698e+00    1.22088e-01    
5.71226e+00    1.17992e-01    
5.80915e+00    1.13990e-01    
5.90768e+00    1.10082e-01    
6.00789e+00    1.06269e-01    
6.10979e+00    1.02551e-01    
6.21342e+00    9.89284e-02    
6.31882e+00    9.54002e-02    
6.42599e+00    9.19660e-02    
6.53499e+00    8.86252e-02    
6.64584e+00    8.53770e-02    
6.75856e+00    8.22205e-02    
6.87320e+00    7.91550e-02    
6.98978e+00    7.61793e-02    
7.10834e+00    7.32924e-02    
7.22891e+00    7.04930e-02    
7.35153e+00    6.77799e-02    
7.47622e+00    6.51517e-02    
7.60303e+00    6.26073e-02    
7.73199e+00    6.01451e-02    
7.86314e+00    5.77636e-02    
7.99651e+00    5.54616e-02    
8.13215e+00    5.32373e-02    
8.27008e+00    5.10894e-02    
8.41036e+00    4.90161e-02    
8.55301e+00    4.70160e-02    
8.69809e+00    4.50873e-02    
8.84562e+00    4.32283e-02    
8.99566e+00    4.14373e-02    
9.14825e+00    3.97126e-02    
9.30342e+00    3.80522e-02    
9.46122e+00    3.64546e-02    
9.62170e+00    3.49177e-02    
9.78490e+00    3.34399e-02    
9.95087e+00    3.20193e-02    
1.01197e+01    3.06542e-02    
1.02913e+01    2.93429e-02    
1.04659e+01    2.80834e-02    
1.06434e+01    2.68742e-02    
1.08239e+01    2.57136e-02    
1.10075e+01    2.45998e-02    
1.11942e+01    2.35312e-02    
1.13841e+01    2.25062e-02    
1.15772e+01    2.15231e-02    
1.17735e+01    2.05804e-02    
1.19733e+01    1.96767e-02    
1.21763e+01    1.88102e-02    
1.23829e+01    1.79798e-02    
1.25929e+01    1.71839e-02    
1.28065e+01    1.64212e-02    
1.30237e+01    1.56905e-02    
1.32446e+01    1.49905e-02    
1.34693e+01    1.43200e-02    
1.36977e+01    1.36779e-02    
1.39301e+01    1.30631e-02    
1.41664e+01    1.24744e-02    
1.44067e+01    1.19110e-02    
1.46510e+01    1.13717e-02    
1.48995e+01    1.08558e-02    
1.51522e+01    1.03621e-02    
1.54093e+01    9.88989e-03    
1.56706e+01    9.43824e-03    
1.59364e+01    9.00630e-03    
1.62067e+01    8.59327e-03    
1.64816e+01    8.19835e-03    
1.67612e+01    7.82081e-03    
1.70455e+01    7.45993e-03    
1.73346e+01    7.11501e-03    
1.76286e+01    6.78540e-03    
1.79277e+01    6.47045e-03    
1.82317e+01    6.16954e-03    
1.85410e+01    5.88209e-03    
1.88555e+01    5.60753e-03    
1.91753e+01    5.34530e-03    
1.95005e+01    5.09490e-03    
1.98313e+01    4.85580e-03    
2.01677e+01    4.62753e-03    
2.05098e+01    4.40962e-03    
2.08576e+01    4.20162e-03    
2.12114e+01    4.00311e-03    
2.15712e+01    3.81367e-03    
2.19371e+01    3.63290e-03    
2.23092e+01    3.46043e-03    
2.26876e+01    3.29590e-03    
2.30724e+01    3.13894e-03    
2.34638e+01    2.98923e-03    
2.38618e+01    2.84645e-03    
2.42665e+01    2.71029e-03    
2.46781e+01    2.58045e-03    
2.50967e+01    2.45666e-03    
2.55224e+01    2.33864e-03    
2.59553e+01    2.22613e-03    
2.63955e+01    2.11889e-03    
2.68432e+01    2.01667e-03    
2.72985e+01    1.91926e-03    
2.77616e+01    1.82642e-03    
2.82325e+01    1.73797e-03    
2.87113e+01    1.65368e-03    
2.91983e+01    1.57339e-03    
2.96936e+01    1.49689e-03    
3.01972e+01    1.42403e-03    
3.07094e+01    1.35462e-03    
3.12303e+01    1.28852e-03    
3.17601e+01    1.22557e-03    
3.22988e+01    1.16563e-03    
3.28466e+01    1.10855e-03    
3.34037e+01    1.05420e-03    
3.39703e+01    1.00246e-03    
3.45465e+01    9.53198e-04    
3.51325e+01    9.06308e-04    
3.57284e+01    8.61677e-04    
3.63344e+01    8.19197e-04    
3.69507e+01    7.78768e-04    
3.75775e+01    7.40294e-04    
3.82149e+01    7.03682e-04    
3.88631e+01    6.68846e-04    
3.95222e+01    6.35700e-04    
4.01926e+01    6.04164e-04    
4.08743e+01    5.74164e-04    
4.15677e+01    5.45625e-04    
4.22727e+01    5.18478e-04    
4.29897e+01    4.92657e-04    
4.37189e+01    4.68099e-04    
4.44605e+01    4.44743e-04    
4.52146e+01    4.22532e-04    
4.59815e+01    4.01411e-04    
4.67615e+01    3.81327e-04    
4.75546e+01    3.62231e-04    
4.83612e+01    3.44076e-04    
4.91815e+01    3.26815e-04    
5.00157e+01    3.10406e-04    
5.08641e+01    2.94808e-04    
5.17268e+01    2.79981e-04    
5.26042e+01    2.65888e-04    
5.34965e+01    2.52493e-04    
5.44039e+01    2.39763e-04    
5.53267e+01    2.27665e-04    
5.62651e+01    2.16168e-04    
5.72194e+01    2.05244e-04    
5.81900e+01    1.94863e-04    
5.91770e+01    1.85000e-04    
6.01807e+01    1.75629e-04    
6.12015e+01    1.66726e-04    
6.22396e+01    1.58268e-04    
6.32953e+01    1.50233e-04    
6.43689e+01    1.42601e-04    
6.54607e+01    1.35351e-04    
6.65711e+01    1.28465e-04    
6.77002e+01    1.21925e-04    
6.88485e+01    1.15714e-04    
7.00163e+01    1.09815e-04    
7.12039e+01    1.04213e-04    
7.24117e+01    9.88931e-05    
7.36399e+01    9.38418e-05    
7.48890e+01    8.90454e-05    
7.61592e+01    8.44913e-05    
7.74510e+01    8.01675e-05    
7.87647e+01    7.60625e-05    
8.01007e+01    7.21653e-05    
8.14594e+01    6.84657e-05    
8.28411e+01    6.49536e-05    
8.42462e+01    6.16199e-05    
8.56752e+01    5.84555e-05    
8.71284e+01    5.54520e-05    
8.86062e+01    5.26013e-05    
9.01092e+01    4.98957e-05    
9.16376e+01    4.73280e-05    
9.31919e+01    4.48912e-05    
9.47726e+01    4.25788e-05    
9.63801e+01    4.03844e-05    
9.80149e+01    3.83022e-05    
9.96774e+01    3.63265e-05    
1.01368e+02    3.44519e-05    
1.03088e+02    3.26733e-05    
1.04836e+02    3.09858e-05    
1.06614e+02    2.93849e-05    
1.08423e+02    2.78661e-05    
1.10262e+02    2.64254e-05    
1.12132e+02    2.50587e-05    
1.14034e+02    2.37623e-05    
1.15968e+02    2.25326e-05    
1.17935e+02    2.13662e-05    
1.19936e+02    2.02600e-05    
1.21970e+02    1.92108e-05    
1.24039e+02    1.82158e-05    
1.26143e+02    1.72721e-05    
1.28282e+02    1.63772e-05    
1.30458e+02    1.55286e-05    
1.32671e+02    1.47240e-05    
1.34921e+02    1.39610e-05    
1.37210e+02    1.32375e-05    
1.39537e+02    1.25515e-05    
1.41904e+02    1.19012e-05    
1.44311e+02    1.12846e-05    
1.46759e+02    1.07001e-05    
1.49248e+02    1.01459e-05    
1.51779e+02    9.62062e-06    
1.54354e+02    9.12266e-06    
1.56972e+02    8.65064e-06    
1.59635e+02    8.20323e-06    
1.62342e+02    7.77916e-06    
1.65096e+02    7.37722e-06    
1.67896e+02    6.99627e-06    
1.70744e+02    6.63523e-06    
1.73640e+02    6.29306e-06    
1.76585e+02    5.96878e-06    
1.79581e+02    5.66147e-06    
1.82627e+02    5.37024e-06    
1.85724e+02    5.09426e-06    
1.88874e+02    4.83273e-06    
1.92078e+02    4.58490e-06    
1.95336e+02    4.35005e-06    
1.98649e+02    4.12751e-06    
2.02019e+02    3.91662e-06    
2.05445e+02    3.71677e-06    
2.08930e+02    3.52739e-06    
2.12474e+02    3.34793e-06    
2.16078e+02    3.17785e-06    
2.19743e+02    3.01666e-06    
2.23470e+02    2.86390e-06    
2.27261e+02    2.71911e-06    
2.31115e+02    2.58188e-06    
2.35036e+02    2.45179e-06    
2.39022e+02    2.32847e-06    
2.43076e+02    2.21157e-06    
2.47199e+02    2.10073e-06    
2.51392e+02    1.99563e-06    
2.55656e+02    1.89597e-06    
2.59993e+02    1.80145e-06    
2.64403e+02    1.71181e-06    
2.68888e+02    1.62677e-06    
2.73448e+02    1.54610e-06    
2.78087e+02    1.46957e-06    
2.82803e+02    1.39694e-06    
2.87600e+02    1.32801e-06    
2.92478e+02    1.26260e-06    
2.97439e+02    1.20050e-06    
3.02485e+02    1.14154e-06    
3.07615e+02    1.08557e-06    
3.12833e+02    1.03241e-06    
3.18139e+02    9.81923e-07    
3.23535e+02    9.33969e-07    
3.29023e+02    8.88415e-07    
3.34604e+02    8.45134e-07    
3.40279e+02    8.04009e-07    
3.46051e+02    7.64927e-07    
3.51921e+02    7.27783e-07    
3.57890e+02    6.92477e-07    
3.63960e+02    6.58915e-07    
3.70134e+02    6.27007e-07    
3.76412e+02    5.96669e-07    
3.82797e+02    5.67820e-07    
3.89290e+02    5.40386e-07    
3.95893e+02    5.14295e-07    
4.02608e+02    4.89479e-07    
4.09437e+02    4.65874e-07    
4.16381e+02    4.43419e-07    
4.23444e+02    4.22057e-07    
4.30626e+02    4.01733e-07    
4.37931e+02    3.82396e-07    
4.45359e+02    3.63997e-07    
4.52913e+02    3.46489e-07    
4.60595e+02    3.29829e-07    
4.68407e+02    3.13975e-07    
4.76352e+02    2.98886e-07    
4.84432e+02    2.84526e-07    
4.92649e+02    2.70859e-07    
5.01005e+02    2.57851e-07    
5.09503e+02    2.45469e-07    
5.18145e+02    2.33684e-07    
5.26934e+02    2.22467e-07    
5.35872e+02    2.11789e-07    
5.44961e+02    2.01624e-07    
5.54205e+02    1.91948e-07    
5.63605e+02    1.82737e-07    
5.73165e+02    1.73969e-07    
5.82887e+02    1.65622e-07    
5.92773e+02    1.57675e-07    
6.02828e+02    1.50110e-07    
6.13053e+02    1.42908e-07    
6.23452e+02    1.36052e-07    
6.34026e+02    1.29524e-07    
6.44781e+02    1.23310e-07    
6.55717e+02    1.17393e-07    
6.66839e+02    1.11761e-07    
6.78150e+02    1.06398e-07    
6.89653e+02    1.01293e-07    
7.01351e+02    9.64323e-08    
7.13247e+02    9.18047e-08    
7.25345e+02    8.73990e-08    
7.37648e+02    8.32045e-08    
7.50160e+02    7.92110e-08    
7.62884e+02    7.54091e-08    
7.75824e+02    7.17893e-08    
7.88983e+02    6.83431e-08    
8.02366e+02    6.50622e-08    
8.15975e+02    6.19385e-08    
8.29816e+02    5.89645e-08    
8.43891e+02    5.61332e-08    
8.58205e+02    5.34376e-08    
8.72761e+02    5.08713e-08    
8.87565e+02    4.84280e-08    
9.02620e+02    4.61019e-08    
9.17930e+02    4.38873e-08    
9.33499e+02    4.17790e-08    
9.49333e+02    3.97717e-08    
9.65436e+02    3.78608e-08    
9.81811e+02    3.60415e-08    
9.98465e+02    3.43095e-08    
1.01540e+03    3.26606e-08    
1.03262e+03    3.10908e-08    
1.05014e+03    2.95963e-08    
1.06795e+03    2.81736e-08    
1.08607e+03    2.68191e-08    
1.10449e+03    2.55296e-08    
1.12322e+03    2.43021e-08    
1.14227e+03    2.31334e-08    
1.16165e+03    2.20209e-08    
1.18135e+03    2.09618e-08    
1.20139e+03    1.99535e-08    
1.22177e+03    1.89936e-08    
1.24249e+03    1.80799e-08    
1.26357e+03    1.72100e-08    
1.28500e+03    1.63819e-08    
1.30679e+03    1.55936e-08    
1.32896e+03    1.48432e-08    
1.35150e+03    1.41288e-08    
1.37442e+03    1.34488e-08    
1.39774e+03    1.28014e-08    
1.42145e+03    1.21851e-08    
1.44556e+03    1.15985e-08    
1.47007e+03    1.10401e-08    
1.49501e+03    1.05085e-08    
1.52037e+03    1.00024e-08    
1.54616e+03    9.52070e-09    
1.57238e+03    9.06215e-09    
1.59905e+03    8.62566e-09    
1.62617e+03    8.21015e-09    
1.65376e+03    7.81463e-09    
1.68181e+03    7.43813e-09    
1.71033e+03    7.07975e-09    
1.73935e+03    6.73860e-09    
1.76885e+03    6.41387e-09    
1.79885e+03    6.10477e-09    
1.82936e+03    5.81054e-09    
1.86039e+03    5.53047e-09    
1.89195e+03    5.26388e-09    
1.92404e+03    5.01012e-09    
1.95667e+03    4.76857e-09    
1.98986e+03    4.53866e-09    
2.02361e+03    4.31981e-09    
2.05794e+03    4.11150e-09    
2.09284e+03    3.91322e-09    
2.12834e+03    3.72449e-09    
2.16444e+03    3.54485e-09    
2.20116e+03    3.37386e-09    
2.23849e+03    3.21111e-09    
2.27646e+03    3.05620e-09    
2.31507e+03    2.90875e-09    
2.35434e+03    2.76841e-09    
2.39427e+03    2.63482e-09    
2.43489e+03    2.50768e-09    
2.47619e+03    2.38666e-09    
2.51819e+03    2.27147e-09    
2.56090e+03    2.16184e-09    
2.60434e+03    2.05749e-09    
2.64851e+03    1.95817e-09    
2.69343e+03    1.86364e-09    
2.73912e+03    1.77367e-09    
2.78558e+03    1.68803e-09    
2.83283e+03    1.60652e-09    
2.88088e+03    1.52895e-09    
2.92974e+03    1.45511e-09    
2.97944e+03    1.38484e-09    
3.02997e+03    1.31796e-09    
3.08137e+03    1.25430e-09    
3.13363e+03    1.19371e-09    
3.18679e+03    1.13605e-09    
3.24084e+03    1.08117e-09    
3.29581e+03    1.02893e-09    
3.35171e+03    9.79218e-10    
3.40856e+03    9.31904e-10    
3.46638e+03    8.86873e-10    
3.52518e+03    8.44016e-10    
3.58497e+03    8.03227e-10    
3.64578e+03    7.64407e-10    
3.70762e+03    7.27461e-10    
3.77050e+03    6.92299e-10    
3.83446e+03    6.58834e-10    
3.89950e+03    6.26985e-10    
3.96564e+03    5.96674e-10    
4.03290e+03    5.67826e-10    
4.10131e+03    5.40372e-10    
4.17087e+03    5.14244e-10    
4.24162e+03    4.89377e-10    
4.31357e+03    4.65712e-10    
4.38673e+03    4.43190e-10    
4.46114e+03    4.21755e-10    
4.53681e+03    4.01357e-10    
4.61376e+03    3.81943e-10    
4.69202e+03    3.63468e-10    
4.77160e+03    3.45886e-10    
4.85254e+03    3.29153e-10    
4.93485e+03    3.13229e-10    
5.01855e+03    2.98074e-10    
5.10367e+03    2.83652e-10    
5.19024e+03    2.69927e-10    
5.27828e+03    2.56865e-10    
5.36781e+03    2.44435e-10    
5.45885e+03    2.32605e-10    
5.55144e+03    2.21348e-10    
5.64561e+03    2.10634e-10    
5.74137e+03    2.00439e-10    
5.83875e+03    1.90737e-10    
5.93779e+03    1.81504e-10    
6.03850e+03    1.72717e-10    
6.14093e+03    1.64356e-10    
6.24509e+03    1.56398e-10    
6.35102e+03    1.48826e-10    
6.45874e+03    1.41620e-10    
6.56829e+03    1.34762e-10    
6.67970e+03    1.28237e-10    
6.79300e+03    1.22027e-10    
6.90822e+03    1.16117e-10    
7.02540e+03    1.10493e-10    
7.14456e+03    1.05142e-10    
7.26575e+03    1.00049e-10    
7.38899e+03    9.52027e-11    
7.51432e+03    9.05910e-11    
7.64177e+03    8.62025e-11    
7.77139e+03    8.20264e-11    
7.90321e+03    7.80524e-11    
8.03726e+03    7.42708e-11    
8.17359e+03    7.06722e-11    
8.31223e+03    6.72479e-11    
8.45322e+03    6.39893e-11    
8.59660e+03    6.08884e-11    
8.74241e+03    5.79377e-11    
8.89070e+03    5.51299e-11    
9.04150e+03    5.24580e-11    
9.19486e+03    4.99155e-11    
9.35082e+03    4.74961e-11    
9.50943e+03    4.51939e-11    
9.67073e+03    4.30032e-11    
9.83476e+03    4.09186e-11    
1.00016e+04    3.89349e-11    
1.01712e+04    3.70473e-11    
1.03437e+04    3.52512e-11    
1.05192e+04    3.35421e-11    
1.06976e+04    3.19157e-11    
1.08791e+04    3.03682e-11    
1.10636e+04    2.88956e-11    
1.12513e+04    2.74944e-11    
1.14421e+04    2.61611e-11    
1.16362e+04    2.48924e-11    
1.18335e+04    2.36851e-11    
1.20343e+04    2.25364e-11    
1.22384e+04    2.14433e-11    
1.24460e+04    2.04032e-11    
1.26571e+04    1.94135e-11    
1.28718e+04    1.84718e-11    
1.30901e+04    1.75757e-11    
1.33121e+04    1.67231e-11    
1.35379e+04    1.59118e-11    
1.37675e+04    1.51398e-11    
1.40011e+04    1.44053e-11    
1.42386e+04    1.37063e-11    
1.44801e+04    1.30413e-11    
1.47257e+04    1.24085e-11    
1.49754e+04    1.18063e-11    
1.52295e+04    1.12334e-11    
1.54878e+04    1.06883e-11    
1.57505e+04    1.01696e-11    
1.60176e+04    9.67600e-12    
1.62893e+04    9.20638e-12    
1.65656e+04    8.75953e-12    
1.68466e+04    8.33436e-12    
1.71324e+04    7.92981e-12    
1.74229e+04    7.54489e-12    
1.77185e+04    7.17863e-12    
1.80190e+04    6.83014e-12    
1.83246e+04    6.49856e-12    
1.86355e+04    6.18306e-12    
1.89516e+04    5.88287e-12    
1.92730e+04    5.59725e-12    
1.95999e+04    5.32548e-12    
1.99324e+04    5.06690e-12    
2.02705e+04    4.82086e-12    
2.06143e+04    4.58676e-12    
2.09639e+04    4.36403e-12    
2.13195e+04    4.15210e-12    
2.16811e+04    3.95046e-12    
2.20489e+04    3.75860e-12    
2.24229e+04    3.57606e-12    
2.28032e+04    3.40237e-12    
2.31900e+04    3.23711e-12    
2.35833e+04    3.07988e-12    
2.39833e+04    2.93028e-12    
2.43901e+04    2.78794e-12    
2.48038e+04    2.65251e-12    
2.52246e+04    2.52365e-12    
2.56524e+04    2.40105e-12    
2.60875e+04    2.28441e-12    
2.65300e+04    2.17342e-12    
2.69800e+04    2.06783e-12    
2.74377e+04    1.96736e-12    
2.79030e+04    1.87177e-12    
2.83763e+04    1.78082e-12    
2.88576e+04    1.69429e-12    
2.93471e+04    1.61196e-12    
2.98449e+04    1.53363e-12    
3.03511e+04    1.45910e-12    
3.08659e+04    1.38819e-12    
3.13895e+04    1.32073e-12    
3.19219e+04    1.25654e-12    
3.24634e+04    1.19547e-12    
3.30140e+04    1.13737e-12    
3.35740e+04    1.08209e-12    
3.41434e+04    1.02949e-12    
3.47226e+04    9.79449e-13    
3.53115e+04    9.31839e-13    
3.59105e+04    8.86542e-13    
3.65196e+04    8.43446e-13    
3.71390e+04    8.02443e-13    
3.77690e+04    7.63433e-13    
3.84096e+04    7.26318e-13    
3.90611e+04    6.91006e-13    
3.97236e+04    6.57410e-13    
4.03974e+04    6.25447e-13    
4.10826e+04    5.95037e-13    
4.17795e+04    5.66104e-13    
4.24881e+04    5.38578e-13    
4.32088e+04    5.12389e-13    
4.39417e+04    4.87474e-13    
4.46870e+04    4.63769e-13    
4.54450e+04    4.41216e-13    
4.62158e+04    4.19759e-13    
4.69997e+04    3.99345e-13    
4.77969e+04    3.79924e-13    
4.86077e+04    3.61446e-13    
4.94321e+04    3.43867e-13    
5.02706e+04    3.27142e-13    
5.11233e+04    3.11230e-13    
5.19904e+04    2.96092e-13    
5.28723e+04    2.81690e-13    
5.37691e+04    2.67988e-13    
5.46811e+04    2.54952e-13    
5.56086e+04    2.42550e-13    
5.65518e+04    2.30750e-13    
5.75110e+04    2.19525e-13    
5.84865e+04    2.08845e-13    
5.94786e+04    1.98685e-13    
6.04874e+04    1.89019e-13    
6.15134e+04    1.79823e-13    
6.25568e+04    1.71074e-13    
6.36178e+04    1.62750e-13    
6.46969e+04    1.54831e-13    
6.57943e+04    1.47298e-13    
6.69103e+04    1.40130e-13    
6.80452e+04    1.33312e-13    
6.91994e+04    1.26825e-13    
7.03731e+04    1.20653e-13    
7.15668e+04    1.14782e-13    
7.27807e+04    1.09196e-13    
7.40152e+04    1.03882e-13    
7.52706e+04    9.88263e-14    
7.65473e+04    9.40166e-14    
7.78457e+04    8.94410e-14    
7.91661e+04    8.50879e-14    
8.05089e+04    8.09465e-14    
8.18745e+04    7.70067e-14    
8.32632e+04    7.32585e-14    
8.46755e+04    6.96927e-14    
8.61118e+04    6.63004e-14    
8.75724e+04    6.30731e-14    
8.90578e+04    6.00028e-14    
9.05683e+04    5.70820e-14    
9.21046e+04    5.43032e-14    
9.36668e+04    5.16597e-14    
9.52556e+04    4.91448e-14    
9.68713e+04    4.67523e-14    
9.85144e+04    4.44762e-14    
1.00185e+05    4.23109e-14    
1.01885e+05    4.02509e-14    
1.03613e+05    3.82912e-14    
1.05370e+05    3.64269e-14    
1.07158e+05    3.46533e-14    
1.08975e+05    3.29660e-14    
1.10824e+05    3.13608e-14    
1.12703e+05    2.98338e-14    
1.14615e+05    2.83811e-14    
1.16559e+05    2.69991e-14    
1.18536e+05    2.56844e-14    
1.20547e+05    2.44336e-14    
1.22591e+05    2.32438e-14    
1.24671e+05    2.21118e-14    
1.26785e+05    2.10350e-14    
1.28936e+05    2.00106e-14    
1.31123e+05    1.90360e-14    
1.33347e+05    1.81089e-14    
1.35609e+05    1.72270e-14    
1.37909e+05    1.63880e-14    
1.40248e+05    1.55898e-14    
1.42627e+05    1.48305e-14    
1.45046e+05    1.41081e-14    
1.47506e+05    1.34209e-14    
1.50008e+05    1.27672e-14    
1.52553e+05    1.21453e-14    
1.55140e+05    1.15537e-14    
1.57772e+05    1.09909e-14    
1.60448e+05    1.04555e-14    
1.63169e+05    9.94620e-15    
1.65937e+05    9.46168e-15    
1.68752e+05    9.00075e-15    
1.71614e+05    8.56227e-15    
1.74525e+05    8.14514e-15    
1.77485e+05    7.74833e-15    
1.80496e+05    7.37084e-15    
1.83557e+05    7.01173e-15    
1.86671e+05    6.67012e-15    
1.89837e+05    6.34514e-15    
1.93057e+05    6.03599e-15    
1.96331e+05    5.74190e-15    
1.99662e+05    5.46213e-15    
2.03048e+05    5.19599e-15    
2.06492e+05    4.94281e-15    
2.09995e+05    4.70197e-15    
2.13557e+05    4.47285e-15    
2.17179e+05    4.25490e-15    
2.20863e+05    4.04756e-15    
2.24609e+05    3.85032e-15    
2.28419e+05    3.66269e-15    
2.32293e+05    3.48421e-15    
2.36233e+05    3.31441e-15    
2.40240e+05    3.15289e-15    
2.44315e+05    2.99924e-15    
2.48459e+05    2.85307e-15    
2.52673e+05    2.71403e-15    
2.56959e+05    2.58175e-15    
2.61318e+05    2.45593e-15    
2.65750e+05    2.33623e-15    
2.70258e+05    2.22237e-15    
2.74842e+05    2.11405e-15    
2.79504e+05    2.01101e-15    
2.84244e+05    1.91299e-15    
2.89066e+05    1.81975e-15    
2.93969e+05    1.73105e-15    
2.98955e+05    1.64667e-15    
3.04026e+05    1.56641e-15    
3.09183e+05    1.49005e-15    
3.14427e+05    1.41742e-15    
3.19760e+05    1.34833e-15    
3.25184e+05    1.28260e-15    
3.30700e+05    1.22008e-15    
3.36309e+05    1.16060e-15    
3.42013e+05    1.10402e-15    
3.47815e+05    1.05020e-15    
3.53714e+05    9.99003e-16    
3.59714e+05    9.50300e-16    
3.65815e+05    9.03971e-16    
3.72020e+05    8.59900e-16    
3.78330e+05    8.17977e-16    
3.84747e+05    7.78097e-16    
3.91273e+05    7.40161e-16    
3.97910e+05    7.04074e-16    
4.04659e+05    6.69746e-16    
4.11523e+05    6.37092e-16    
4.18503e+05    6.06029e-16    
4.25602e+05    5.76480e-16    
4.32821e+05    5.48371e-16    
4.40162e+05    5.21633e-16    
4.47628e+05    4.96198e-16    
4.55221e+05    4.72003e-16    
4.62942e+05    4.48987e-16    
4.70794e+05    4.27094e-16    
4.78780e+05    4.06268e-16    
4.86901e+05    3.86457e-16    
4.95160e+05    3.67611e-16    
5.03558e+05    3.49685e-16    
5.12100e+05    3.32632e-16    
5.20786e+05    3.16411e-16    
5.29619e+05    3.00981e-16    
5.38603e+05    2.86303e-16    
5.47738e+05    2.72340e-16    
5.57029e+05    2.59059e-16    
5.66477e+05    2.46425e-16    
5.76086e+05    2.34407e-16    
5.85857e+05    2.22974e-16    
5.95794e+05    2.12100e-16    
6.05900e+05    2.01755e-16    
6.16177e+05    1.91915e-16    
6.26629e+05    1.82555e-16    
6.37257e+05    1.73651e-16    
6.48066e+05    1.65182e-16    
6.59059e+05    1.57125e-16    
6.70238e+05    1.49461e-16    
6.81606e+05    1.42171e-16    
6.93167e+05    1.35236e-16    
7.04925e+05    1.28640e-16    
7.16881e+05    1.22365e-16    
7.29041e+05    1.16396e-16    
7.41407e+05    1.10719e-16    
7.53982e+05    1.05318e-16    
7.66771e+05    1.00181e-16    
7.79777e+05    9.52938e-17    
7.93004e+05    9.06452e-17    
8.06454e+05    8.62234e-17    
8.20133e+05    8.20173e-17    
8.34044e+05    7.80163e-17    
8.48191e+05    7.42104e-17    
8.62578e+05    7.05901e-17    
8.77209e+05    6.71464e-17    
8.92088e+05    6.38707e-17    
9.07219e+05    6.07548e-17    
9.22607e+05    5.77908e-17    
9.38256e+05    5.49714e-17    
9.54171e+05    5.22895e-17    
9.70355e+05    4.97384e-17    
9.86814e+05    4.73118e-17    
1.00355e+06    4.50035e-17    
1.02057e+06    4.28078e-17    
1.03789e+06    4.07193e-17    
1.05549e+06    3.87326e-17    
1.07339e+06    3.68428e-17    
1.09160e+06    3.50452e-17    
1.11011e+06    3.33353e-17    
1.12894e+06    3.17088e-17    
1.14809e+06    3.01616e-17    
1.16757e+06    2.86899e-17    
1.18737e+06    2.72901e-17    
1.20751e+06    2.59585e-17    
1.22799e+06    2.46918e-17    
1.24882e+06    2.34870e-17    
1.27000e+06    2.23409e-17    
1.29155e+06    2.12508e-17    
1.31345e+06    2.02138e-17    
1.33573e+06    1.92275e-17    
1.35839e+06    1.82892e-17    
1.38143e+06    1.73967e-17    
1.40486e+06    1.65478e-17    
1.42869e+06    1.57403e-17    
1.45292e+06    1.49722e-17    
1.47757e+06    1.42415e-17    
1.50263e+06    1.35465e-17    
1.52812e+06    1.28855e-17    
1.55403e+06    1.22566e-17    
1.58039e+06    1.16585e-17    
1.60720e+06    1.10895e-17    
1.63446e+06    1.05483e-17    
1.66218e+06    1.00335e-17    
1.69038e+06    9.54388e-18    
1.71905e+06    9.07810e-18    
1.74821e+06    8.63505e-18    
1.77786e+06    8.21362e-18    
1.80802e+06    7.81275e-18    
1.83868e+06    7.43145e-18    
1.86987e+06    7.06875e-18    
1.90159e+06    6.72375e-18    
1.93384e+06    6.39558e-18    
1.96664e+06    6.08343e-18    
2.00000e+06    5.78651e-18    

