# USINE V4.0
# File generated 12-05-2022 05:02:49
# Model1DKisoVc
# LI/O
# SolMod0DFF_phi0_670GV
# R [GV]       TOA [-]
1.00854e-01    1.12678e-01    
1.02565e-01    1.12699e-01    
1.04305e-01    1.12720e-01    
1.06074e-01    1.12741e-01    
1.07873e-01    1.12763e-01    
1.09703e-01    1.12785e-01    
1.11563e-01    1.12808e-01    
1.13456e-01    1.12831e-01    
1.15380e-01    1.12854e-01    
1.17337e-01    1.12878e-01    
1.19327e-01    1.12902e-01    
1.21351e-01    1.12926e-01    
1.23410e-01    1.12951e-01    
1.25503e-01    1.12977e-01    
1.27632e-01    1.13002e-01    
1.29797e-01    1.13029e-01    
1.31998e-01    1.13055e-01    
1.34237e-01    1.13083e-01    
1.36514e-01    1.13110e-01    
1.38830e-01    1.13138e-01    
1.41184e-01    1.13167e-01    
1.43579e-01    1.13196e-01    
1.46015e-01    1.13226e-01    
1.48491e-01    1.13256e-01    
1.51010e-01    1.13287e-01    
1.53571e-01    1.13318e-01    
1.56176e-01    1.13350e-01    
1.58825e-01    1.13382e-01    
1.61519e-01    1.13415e-01    
1.64259e-01    1.13448e-01    
1.67045e-01    1.13482e-01    
1.69878e-01    1.13517e-01    
1.72760e-01    1.13552e-01    
1.75690e-01    1.13588e-01    
1.78670e-01    1.13624e-01    
1.81701e-01    1.13661e-01    
1.84783e-01    1.13699e-01    
1.87917e-01    1.13737e-01    
1.91104e-01    1.13776e-01    
1.94346e-01    1.13816e-01    
1.97642e-01    1.13856e-01    
2.00995e-01    1.13897e-01    
2.04404e-01    1.13939e-01    
2.07871e-01    1.13983e-01    
2.11397e-01    1.14028e-01    
2.14982e-01    1.14075e-01    
2.18629e-01    1.14124e-01    
2.22337e-01    1.14173e-01    
2.26108e-01    1.14225e-01    
2.29944e-01    1.14278e-01    
2.33844e-01    1.14334e-01    
2.37810e-01    1.14391e-01    
2.41844e-01    1.14450e-01    
2.45946e-01    1.14511e-01    
2.50118e-01    1.14573e-01    
2.54360e-01    1.14639e-01    
2.58675e-01    1.14706e-01    
2.63062e-01    1.14775e-01    
2.67524e-01    1.14847e-01    
2.72062e-01    1.14921e-01    
2.76677e-01    1.14998e-01    
2.81370e-01    1.15077e-01    
2.86142e-01    1.15159e-01    
2.90996e-01    1.15244e-01    
2.95931e-01    1.15331e-01    
3.00951e-01    1.15421e-01    
3.06056e-01    1.15515e-01    
3.11247e-01    1.15611e-01    
3.16526e-01    1.15711e-01    
3.21895e-01    1.15814e-01    
3.27355e-01    1.15920e-01    
3.32907e-01    1.16030e-01    
3.38554e-01    1.16143e-01    
3.44297e-01    1.16261e-01    
3.50137e-01    1.16382e-01    
3.56075e-01    1.16507e-01    
3.62115e-01    1.16636e-01    
3.68257e-01    1.16769e-01    
3.74504e-01    1.16907e-01    
3.80856e-01    1.17049e-01    
3.87316e-01    1.17196e-01    
3.93885e-01    1.17348e-01    
4.00566e-01    1.17504e-01    
4.07361e-01    1.17666e-01    
4.14270e-01    1.17833e-01    
4.21297e-01    1.18005e-01    
4.28443e-01    1.18183e-01    
4.35710e-01    1.18367e-01    
4.43101e-01    1.18556e-01    
4.50616e-01    1.18752e-01    
4.58260e-01    1.18954e-01    
4.66033e-01    1.19162e-01    
4.73937e-01    1.19377e-01    
4.81976e-01    1.19599e-01    
4.90151e-01    1.19828e-01    
4.98465e-01    1.20064e-01    
5.06920e-01    1.20308e-01    
5.15518e-01    1.20559e-01    
5.24263e-01    1.20818e-01    
5.33155e-01    1.21086e-01    
5.42198e-01    1.21362e-01    
5.51395e-01    1.21646e-01    
5.60748e-01    1.21939e-01    
5.70259e-01    1.22242e-01    
5.79931e-01    1.22553e-01    
5.89768e-01    1.22875e-01    
5.99772e-01    1.23206e-01    
6.09945e-01    1.23548e-01    
6.20291e-01    1.23900e-01    
6.30812e-01    1.24262e-01    
6.41512e-01    1.24636e-01    
6.52393e-01    1.25022e-01    
6.63459e-01    1.25418e-01    
6.74712e-01    1.25827e-01    
6.86156e-01    1.26249e-01    
6.97795e-01    1.26683e-01    
7.09631e-01    1.27130e-01    
7.21667e-01    1.27590e-01    
7.33908e-01    1.28064e-01    
7.46356e-01    1.28553e-01    
7.59016e-01    1.29056e-01    
7.71890e-01    1.29573e-01    
7.84983e-01    1.30106e-01    
7.98298e-01    1.30655e-01    
8.11838e-01    1.31220e-01    
8.25608e-01    1.31802e-01    
8.39612e-01    1.32401e-01    
8.53854e-01    1.33017e-01    
8.68336e-01    1.33652e-01    
8.83065e-01    1.34305e-01    
8.98043e-01    1.34977e-01    
9.13276e-01    1.35670e-01    
9.28767e-01    1.36382e-01    
9.44520e-01    1.37116e-01    
9.60541e-01    1.37871e-01    
9.76833e-01    1.38648e-01    
9.93402e-01    1.39449e-01    
1.01025e+00    1.40274e-01    
1.02739e+00    1.41124e-01    
1.04481e+00    1.41999e-01    
1.06254e+00    1.42901e-01    
1.08056e+00    1.43830e-01    
1.09889e+00    1.44787e-01    
1.11753e+00    1.45773e-01    
1.13648e+00    1.46790e-01    
1.15576e+00    1.47837e-01    
1.17536e+00    1.48915e-01    
1.19530e+00    1.50026e-01    
1.21557e+00    1.51171e-01    
1.23619e+00    1.52348e-01    
1.25716e+00    1.53560e-01    
1.27848e+00    1.54805e-01    
1.30017e+00    1.56085e-01    
1.32222e+00    1.57398e-01    
1.34465e+00    1.58743e-01    
1.36746e+00    1.60120e-01    
1.39065e+00    1.61528e-01    
1.41424e+00    1.62966e-01    
1.43823e+00    1.64433e-01    
1.46262e+00    1.65927e-01    
1.48743e+00    1.67447e-01    
1.51266e+00    1.68993e-01    
1.53832e+00    1.70562e-01    
1.56441e+00    1.72155e-01    
1.59094e+00    1.73770e-01    
1.61793e+00    1.75407e-01    
1.64537e+00    1.77065e-01    
1.67328e+00    1.78747e-01    
1.70166e+00    1.80451e-01    
1.73053e+00    1.82179e-01    
1.75988e+00    1.83931e-01    
1.78973e+00    1.85708e-01    
1.82009e+00    1.87510e-01    
1.85096e+00    1.89337e-01    
1.88236e+00    1.91190e-01    
1.91428e+00    1.93068e-01    
1.94675e+00    1.94971e-01    
1.97977e+00    1.96899e-01    
2.01335e+00    1.98850e-01    
2.04750e+00    2.00823e-01    
2.08223e+00    2.02818e-01    
2.11755e+00    2.04836e-01    
2.15347e+00    2.06878e-01    
2.19000e+00    2.08945e-01    
2.22714e+00    2.11040e-01    
2.26492e+00    2.13162e-01    
2.30334e+00    2.15317e-01    
2.34240e+00    2.17505e-01    
2.38214e+00    2.19729e-01    
2.42254e+00    2.21994e-01    
2.46363e+00    2.24300e-01    
2.50542e+00    2.26648e-01    
2.54792e+00    2.29034e-01    
2.59113e+00    2.31458e-01    
2.63508e+00    2.33916e-01    
2.67978e+00    2.36404e-01    
2.72523e+00    2.38918e-01    
2.77146e+00    2.41451e-01    
2.81847e+00    2.43997e-01    
2.86627e+00    2.46548e-01    
2.91489e+00    2.49096e-01    
2.96433e+00    2.51633e-01    
3.01461e+00    2.54153e-01    
3.06575e+00    2.56648e-01    
3.11775e+00    2.59110e-01    
3.17063e+00    2.61532e-01    
3.22441e+00    2.63907e-01    
3.27910e+00    2.66229e-01    
3.33472e+00    2.68492e-01    
3.39128e+00    2.70691e-01    
3.44880e+00    2.72817e-01    
3.50730e+00    2.74860e-01    
3.56679e+00    2.76809e-01    
3.62729e+00    2.78651e-01    
3.68882e+00    2.80375e-01    
3.75139e+00    2.81968e-01    
3.81502e+00    2.83420e-01    
3.87973e+00    2.84722e-01    
3.94553e+00    2.85868e-01    
4.01246e+00    2.86859e-01    
4.08052e+00    2.87699e-01    
4.14973e+00    2.88396e-01    
4.22012e+00    2.88957e-01    
4.29170e+00    2.89392e-01    
4.36449e+00    2.89709e-01    
4.43852e+00    2.89918e-01    
4.51381e+00    2.90029e-01    
4.59037e+00    2.90050e-01    
4.66823e+00    2.89989e-01    
4.74741e+00    2.89852e-01    
4.82794e+00    2.89647e-01    
4.90983e+00    2.89378e-01    
4.99311e+00    2.89052e-01    
5.07780e+00    2.88673e-01    
5.16393e+00    2.88243e-01    
5.25152e+00    2.87766e-01    
5.34059e+00    2.87246e-01    
5.43118e+00    2.86683e-01    
5.52330e+00    2.86082e-01    
5.61698e+00    2.85444e-01    
5.71226e+00    2.84772e-01    
5.80915e+00    2.84067e-01    
5.90768e+00    2.83331e-01    
6.00789e+00    2.82566e-01    
6.10979e+00    2.81771e-01    
6.21342e+00    2.80949e-01    
6.31882e+00    2.80100e-01    
6.42599e+00    2.79223e-01    
6.53499e+00    2.78320e-01    
6.64584e+00    2.77391e-01    
6.75856e+00    2.76435e-01    
6.87320e+00    2.75454e-01    
6.98978e+00    2.74449e-01    
7.10834e+00    2.73418e-01    
7.22891e+00    2.72363e-01    
7.35153e+00    2.71284e-01    
7.47622e+00    2.70182e-01    
7.60303e+00    2.69057e-01    
7.73199e+00    2.67910e-01    
7.86314e+00    2.66741e-01    
7.99651e+00    2.65552e-01    
8.13215e+00    2.64343e-01    
8.27008e+00    2.63116e-01    
8.41036e+00    2.61871e-01    
8.55301e+00    2.60611e-01    
8.69809e+00    2.59335e-01    
8.84562e+00    2.58046e-01    
8.99566e+00    2.56744e-01    
9.14825e+00    2.55430e-01    
9.30342e+00    2.54106e-01    
9.46122e+00    2.52772e-01    
9.62170e+00    2.51429e-01    
9.78490e+00    2.50079e-01    
9.95087e+00    2.48722e-01    
1.01197e+01    2.47360e-01    
1.02913e+01    2.45994e-01    
1.04659e+01    2.44625e-01    
1.06434e+01    2.43254e-01    
1.08239e+01    2.41882e-01    
1.10075e+01    2.40510e-01    
1.11942e+01    2.39139e-01    
1.13841e+01    2.37769e-01    
1.15772e+01    2.36400e-01    
1.17735e+01    2.35033e-01    
1.19733e+01    2.33667e-01    
1.21763e+01    2.32303e-01    
1.23829e+01    2.30940e-01    
1.25929e+01    2.29578e-01    
1.28065e+01    2.28218e-01    
1.30237e+01    2.26858e-01    
1.32446e+01    2.25499e-01    
1.34693e+01    2.24142e-01    
1.36977e+01    2.22786e-01    
1.39301e+01    2.21431e-01    
1.41664e+01    2.20079e-01    
1.44067e+01    2.18729e-01    
1.46510e+01    2.17382e-01    
1.48995e+01    2.16038e-01    
1.51522e+01    2.14697e-01    
1.54093e+01    2.13359e-01    
1.56706e+01    2.12025e-01    
1.59364e+01    2.10695e-01    
1.62067e+01    2.09368e-01    
1.64816e+01    2.08044e-01    
1.67612e+01    2.06723e-01    
1.70455e+01    2.05406e-01    
1.73346e+01    2.04092e-01    
1.76286e+01    2.02782e-01    
1.79277e+01    2.01476e-01    
1.82317e+01    2.00174e-01    
1.85410e+01    1.98875e-01    
1.88555e+01    1.97581e-01    
1.91753e+01    1.96291e-01    
1.95005e+01    1.95004e-01    
1.98313e+01    1.93723e-01    
2.01677e+01    1.92445e-01    
2.05098e+01    1.91172e-01    
2.08576e+01    1.89904e-01    
2.12114e+01    1.88640e-01    
2.15712e+01    1.87381e-01    
2.19371e+01    1.86127e-01    
2.23092e+01    1.84877e-01    
2.26876e+01    1.83633e-01    
2.30724e+01    1.82393e-01    
2.34638e+01    1.81158e-01    
2.38618e+01    1.79929e-01    
2.42665e+01    1.78705e-01    
2.46781e+01    1.77486e-01    
2.50967e+01    1.76272e-01    
2.55224e+01    1.75063e-01    
2.59553e+01    1.73860e-01    
2.63955e+01    1.72662e-01    
2.68432e+01    1.71469e-01    
2.72985e+01    1.70282e-01    
2.77616e+01    1.69100e-01    
2.82325e+01    1.67924e-01    
2.87113e+01    1.66754e-01    
2.91983e+01    1.65588e-01    
2.96936e+01    1.64429e-01    
3.01972e+01    1.63275e-01    
3.07094e+01    1.62126e-01    
3.12303e+01    1.60984e-01    
3.17601e+01    1.59847e-01    
3.22988e+01    1.58715e-01    
3.28466e+01    1.57590e-01    
3.34037e+01    1.56470e-01    
3.39703e+01    1.55355e-01    
3.45465e+01    1.54247e-01    
3.51325e+01    1.53144e-01    
3.57284e+01    1.52047e-01    
3.63344e+01    1.50956e-01    
3.69507e+01    1.49870e-01    
3.75775e+01    1.48790e-01    
3.82149e+01    1.47717e-01    
3.88631e+01    1.46649e-01    
3.95222e+01    1.45586e-01    
4.01926e+01    1.44530e-01    
4.08743e+01    1.43479e-01    
4.15677e+01    1.42435e-01    
4.22727e+01    1.41396e-01    
4.29897e+01    1.40363e-01    
4.37189e+01    1.39335e-01    
4.44605e+01    1.38314e-01    
4.52146e+01    1.37298e-01    
4.59815e+01    1.36289e-01    
4.67615e+01    1.35285e-01    
4.75546e+01    1.34287e-01    
4.83612e+01    1.33295e-01    
4.91815e+01    1.32308e-01    
5.00157e+01    1.31328e-01    
5.08641e+01    1.30353e-01    
5.17268e+01    1.29384e-01    
5.26042e+01    1.28421e-01    
5.34965e+01    1.27464e-01    
5.44039e+01    1.26513e-01    
5.53267e+01    1.25567e-01    
5.62651e+01    1.24627e-01    
5.72194e+01    1.23693e-01    
5.81900e+01    1.22765e-01    
5.91770e+01    1.21842e-01    
6.01807e+01    1.20925e-01    
6.12015e+01    1.20014e-01    
6.22396e+01    1.19109e-01    
6.32953e+01    1.18209e-01    
6.43689e+01    1.17315e-01    
6.54607e+01    1.16427e-01    
6.65711e+01    1.15545e-01    
6.77002e+01    1.14668e-01    
6.88485e+01    1.13797e-01    
7.00163e+01    1.12931e-01    
7.12039e+01    1.12071e-01    
7.24117e+01    1.11217e-01    
7.36399e+01    1.10369e-01    
7.48890e+01    1.09526e-01    
7.61592e+01    1.08688e-01    
7.74510e+01    1.07856e-01    
7.87647e+01    1.07030e-01    
8.01007e+01    1.06210e-01    
8.14594e+01    1.05394e-01    
8.28411e+01    1.04585e-01    
8.42462e+01    1.03781e-01    
8.56752e+01    1.02982e-01    
8.71284e+01    1.02189e-01    
8.86062e+01    1.01402e-01    
9.01092e+01    1.00620e-01    
9.16376e+01    9.98430e-02    
9.31919e+01    9.90718e-02    
9.47726e+01    9.83062e-02    
9.63801e+01    9.75460e-02    
9.80149e+01    9.67912e-02    
9.96774e+01    9.60419e-02    
1.01368e+02    9.52980e-02    
1.03088e+02    9.45596e-02    
1.04836e+02    9.38266e-02    
1.06614e+02    9.30990e-02    
1.08423e+02    9.23768e-02    
1.10262e+02    9.16600e-02    
1.12132e+02    9.09487e-02    
1.14034e+02    9.02428e-02    
1.15968e+02    8.95424e-02    
1.17935e+02    8.88474e-02    
1.19936e+02    8.81578e-02    
1.21970e+02    8.74737e-02    
1.24039e+02    8.67951e-02    
1.26143e+02    8.61220e-02    
1.28282e+02    8.54543e-02    
1.30458e+02    8.47922e-02    
1.32671e+02    8.41356e-02    
1.34921e+02    8.34846e-02    
1.37210e+02    8.28392e-02    
1.39537e+02    8.21994e-02    
1.41904e+02    8.15652e-02    
1.44311e+02    8.09366e-02    
1.46759e+02    8.03138e-02    
1.49248e+02    7.96968e-02    
1.51779e+02    7.90855e-02    
1.54354e+02    7.84800e-02    
1.56972e+02    7.78803e-02    
1.59635e+02    7.72866e-02    
1.62342e+02    7.66988e-02    
1.65096e+02    7.61170e-02    
1.67896e+02    7.55413e-02    
1.70744e+02    7.49716e-02    
1.73640e+02    7.44081e-02    
1.76585e+02    7.38507e-02    
1.79581e+02    7.32996e-02    
1.82627e+02    7.27547e-02    
1.85724e+02    7.22162e-02    
1.88874e+02    7.16841e-02    
1.92078e+02    7.11583e-02    
1.95336e+02    7.06390e-02    
1.98649e+02    7.01262e-02    
2.02019e+02    6.96199e-02    
2.05445e+02    6.91201e-02    
2.08930e+02    6.86269e-02    
2.12474e+02    6.81403e-02    
2.16078e+02    6.76603e-02    
2.19743e+02    6.71868e-02    
2.23470e+02    6.67199e-02    
2.27261e+02    6.62596e-02    
2.31115e+02    6.58058e-02    
2.35036e+02    6.53584e-02    
2.39022e+02    6.49176e-02    
2.43076e+02    6.44831e-02    
2.47199e+02    6.40550e-02    
2.51392e+02    6.36332e-02    
2.55656e+02    6.32176e-02    
2.59993e+02    6.28080e-02    
2.64403e+02    6.24045e-02    
2.68888e+02    6.20069e-02    
2.73448e+02    6.16151e-02    
2.78087e+02    6.12290e-02    
2.82803e+02    6.08484e-02    
2.87600e+02    6.04733e-02    
2.92478e+02    6.01034e-02    
2.97439e+02    5.97387e-02    
3.02485e+02    5.93791e-02    
3.07615e+02    5.90243e-02    
3.12833e+02    5.86743e-02    
3.18139e+02    5.83288e-02    
3.23535e+02    5.79878e-02    
3.29023e+02    5.76511e-02    
3.34604e+02    5.73185e-02    
3.40279e+02    5.69900e-02    
3.46051e+02    5.66654e-02    
3.51921e+02    5.63445e-02    
3.57890e+02    5.60272e-02    
3.63960e+02    5.57134e-02    
3.70134e+02    5.54029e-02    
3.76412e+02    5.50957e-02    
3.82797e+02    5.47916e-02    
3.89290e+02    5.44905e-02    
3.95893e+02    5.41923e-02    
4.02608e+02    5.38969e-02    
4.09437e+02    5.36042e-02    
4.16381e+02    5.33142e-02    
4.23444e+02    5.30266e-02    
4.30626e+02    5.27414e-02    
4.37931e+02    5.24586e-02    
4.45359e+02    5.21781e-02    
4.52913e+02    5.18998e-02    
4.60595e+02    5.16236e-02    
4.68407e+02    5.13495e-02    
4.76352e+02    5.10774e-02    
4.84432e+02    5.08072e-02    
4.92649e+02    5.05390e-02    
5.01005e+02    5.02726e-02    
5.09503e+02    5.00080e-02    
5.18145e+02    4.97451e-02    
5.26934e+02    4.94840e-02    
5.35872e+02    4.92245e-02    
5.44961e+02    4.89667e-02    
5.54205e+02    4.87105e-02    
5.63605e+02    4.84558e-02    
5.73165e+02    4.82027e-02    
5.82887e+02    4.79511e-02    
5.92773e+02    4.77010e-02    
6.02828e+02    4.74524e-02    
6.13053e+02    4.72052e-02    
6.23452e+02    4.69594e-02    
6.34026e+02    4.67149e-02    
6.44781e+02    4.64719e-02    
6.55717e+02    4.62302e-02    
6.66839e+02    4.59899e-02    
6.78150e+02    4.57508e-02    
6.89653e+02    4.55131e-02    
7.01351e+02    4.52767e-02    
7.13247e+02    4.50415e-02    
7.25345e+02    4.48076e-02    
7.37648e+02    4.45749e-02    
7.50160e+02    4.43435e-02    
7.62884e+02    4.41133e-02    
7.75824e+02    4.38843e-02    
7.88983e+02    4.36565e-02    
8.02366e+02    4.34299e-02    
8.15975e+02    4.32044e-02    
8.29816e+02    4.29802e-02    
8.43891e+02    4.27571e-02    
8.58205e+02    4.25351e-02    
8.72761e+02    4.23143e-02    
8.87565e+02    4.20947e-02    
9.02620e+02    4.18762e-02    
9.17930e+02    4.16587e-02    
9.33499e+02    4.14424e-02    
9.49333e+02    4.12272e-02    
9.65436e+02    4.10132e-02    
9.81811e+02    4.08002e-02    
9.98465e+02    4.05882e-02    
1.01540e+03    4.03774e-02    
1.03262e+03    4.01676e-02    
1.05014e+03    3.99589e-02    
1.06795e+03    3.97513e-02    
1.08607e+03    3.95447e-02    
1.10449e+03    3.93392e-02    
1.12322e+03    3.91347e-02    
1.14227e+03    3.89312e-02    
1.16165e+03    3.87288e-02    
1.18135e+03    3.85274e-02    
1.20139e+03    3.83271e-02    
1.22177e+03    3.81277e-02    
1.24249e+03    3.79293e-02    
1.26357e+03    3.77320e-02    
1.28500e+03    3.75357e-02    
1.30679e+03    3.73403e-02    
1.32896e+03    3.71459e-02    
1.35150e+03    3.69526e-02    
1.37442e+03    3.67602e-02    
1.39774e+03    3.65687e-02    
1.42145e+03    3.63783e-02    
1.44556e+03    3.61888e-02    
1.47007e+03    3.60003e-02    
1.49501e+03    3.58127e-02    
1.52037e+03    3.56261e-02    
1.54616e+03    3.54404e-02    
1.57238e+03    3.52557e-02    
1.59905e+03    3.50719e-02    
1.62617e+03    3.48890e-02    
1.65376e+03    3.47071e-02    
1.68181e+03    3.45261e-02    
1.71033e+03    3.43460e-02    
1.73935e+03    3.41668e-02    
1.76885e+03    3.39885e-02    
1.79885e+03    3.38111e-02    
1.82936e+03    3.36347e-02    
1.86039e+03    3.34591e-02    
1.89195e+03    3.32844e-02    
1.92404e+03    3.31106e-02    
1.95667e+03    3.29377e-02    
1.98986e+03    3.27657e-02    
2.02361e+03    3.25946e-02    
2.05794e+03    3.24243e-02    
2.09284e+03    3.22549e-02    
2.12834e+03    3.20863e-02    
2.16444e+03    3.19186e-02    
2.20116e+03    3.17518e-02    
2.23849e+03    3.15858e-02    
2.27646e+03    3.14207e-02    
2.31507e+03    3.12564e-02    
2.35434e+03    3.10929e-02    
2.39427e+03    3.09303e-02    
2.43489e+03    3.07685e-02    
2.47619e+03    3.06075e-02    
2.51819e+03    3.04474e-02    
2.56090e+03    3.02880e-02    
2.60434e+03    3.01295e-02    
2.64851e+03    2.99718e-02    
2.69343e+03    2.98149e-02    
2.73912e+03    2.96588e-02    
2.78558e+03    2.95035e-02    
2.83283e+03    2.93490e-02    
2.88088e+03    2.91953e-02    
2.92974e+03    2.90424e-02    
2.97944e+03    2.88902e-02    
3.02997e+03    2.87389e-02    
3.08137e+03    2.85883e-02    
3.13363e+03    2.84384e-02    
3.18679e+03    2.82894e-02    
3.24084e+03    2.81411e-02    
3.29581e+03    2.79936e-02    
3.35171e+03    2.78468e-02    
3.40856e+03    2.77008e-02    
3.46638e+03    2.75555e-02    
3.52518e+03    2.74110e-02    
3.58497e+03    2.72672e-02    
3.64578e+03    2.71242e-02    
3.70762e+03    2.69818e-02    
3.77050e+03    2.68403e-02    
3.83446e+03    2.66994e-02    
3.89950e+03    2.65593e-02    
3.96564e+03    2.64199e-02    
4.03290e+03    2.62812e-02    
4.10131e+03    2.61432e-02    
4.17087e+03    2.60059e-02    
4.24162e+03    2.58694e-02    
4.31357e+03    2.57335e-02    
4.38673e+03    2.55983e-02    
4.46114e+03    2.54639e-02    
4.53681e+03    2.53301e-02    
4.61376e+03    2.51970e-02    
4.69202e+03    2.50646e-02    
4.77160e+03    2.49329e-02    
4.85254e+03    2.48018e-02    
4.93485e+03    2.46715e-02    
5.01855e+03    2.45418e-02    
5.10367e+03    2.44128e-02    
5.19024e+03    2.42844e-02    
5.27828e+03    2.41567e-02    
5.36781e+03    2.40297e-02    
5.45885e+03    2.39033e-02    
5.55144e+03    2.37776e-02    
5.64561e+03    2.36525e-02    
5.74137e+03    2.35280e-02    
5.83875e+03    2.34042e-02    
5.93779e+03    2.32811e-02    
6.03850e+03    2.31586e-02    
6.14093e+03    2.30367e-02    
6.24509e+03    2.29154e-02    
6.35102e+03    2.27948e-02    
6.45874e+03    2.26748e-02    
6.56829e+03    2.25554e-02    
6.67970e+03    2.24366e-02    
6.79300e+03    2.23185e-02    
6.90822e+03    2.22009e-02    
7.02540e+03    2.20840e-02    
7.14456e+03    2.19677e-02    
7.26575e+03    2.18520e-02    
7.38899e+03    2.17368e-02    
7.51432e+03    2.16223e-02    
7.64177e+03    2.15084e-02    
7.77139e+03    2.13950e-02    
7.90321e+03    2.12823e-02    
8.03726e+03    2.11701e-02    
8.17359e+03    2.10585e-02    
8.31223e+03    2.09475e-02    
8.45322e+03    2.08370e-02    
8.59660e+03    2.07272e-02    
8.74241e+03    2.06179e-02    
8.89070e+03    2.05091e-02    
9.04150e+03    2.04010e-02    
9.19486e+03    2.02934e-02    
9.35082e+03    2.01863e-02    
9.50943e+03    2.00798e-02    
9.67073e+03    1.99739e-02    
9.83476e+03    1.98685e-02    
1.00016e+04    1.97636e-02    
1.01712e+04    1.96593e-02    
1.03437e+04    1.95556e-02    
1.05192e+04    1.94524e-02    
1.06976e+04    1.93497e-02    
1.08791e+04    1.92475e-02    
1.10636e+04    1.91459e-02    
1.12513e+04    1.90448e-02    
1.14421e+04    1.89443e-02    
1.16362e+04    1.88442e-02    
1.18335e+04    1.87447e-02    
1.20343e+04    1.86457e-02    
1.22384e+04    1.85472e-02    
1.24460e+04    1.84493e-02    
1.26571e+04    1.83518e-02    
1.28718e+04    1.82548e-02    
1.30901e+04    1.81584e-02    
1.33121e+04    1.80624e-02    
1.35379e+04    1.79670e-02    
1.37675e+04    1.78720e-02    
1.40011e+04    1.77776e-02    
1.42386e+04    1.76836e-02    
1.44801e+04    1.75901e-02    
1.47257e+04    1.74971e-02    
1.49754e+04    1.74046e-02    
1.52295e+04    1.73126e-02    
1.54878e+04    1.72211e-02    
1.57505e+04    1.71300e-02    
1.60176e+04    1.70394e-02    
1.62893e+04    1.69493e-02    
1.65656e+04    1.68596e-02    
1.68466e+04    1.67705e-02    
1.71324e+04    1.66817e-02    
1.74229e+04    1.65935e-02    
1.77185e+04    1.65057e-02    
1.80190e+04    1.64184e-02    
1.83246e+04    1.63315e-02    
1.86355e+04    1.62451e-02    
1.89516e+04    1.61591e-02    
1.92730e+04    1.60736e-02    
1.95999e+04    1.59885e-02    
1.99324e+04    1.59038e-02    
2.02705e+04    1.58197e-02    
2.06143e+04    1.57359e-02    
2.09639e+04    1.56526e-02    
2.13195e+04    1.55697e-02    
2.16811e+04    1.54873e-02    
2.20489e+04    1.54053e-02    
2.24229e+04    1.53237e-02    
2.28032e+04    1.52425e-02    
2.31900e+04    1.51618e-02    
2.35833e+04    1.50815e-02    
2.39833e+04    1.50016e-02    
2.43901e+04    1.49221e-02    
2.48038e+04    1.48430e-02    
2.52246e+04    1.47644e-02    
2.56524e+04    1.46862e-02    
2.60875e+04    1.46083e-02    
2.65300e+04    1.45309e-02    
2.69800e+04    1.44539e-02    
2.74377e+04    1.43773e-02    
2.79030e+04    1.43011e-02    
2.83763e+04    1.42253e-02    
2.88576e+04    1.41499e-02    
2.93471e+04    1.40749e-02    
2.98449e+04    1.40003e-02    
3.03511e+04    1.39260e-02    
3.08659e+04    1.38522e-02    
3.13895e+04    1.37787e-02    
3.19219e+04    1.37057e-02    
3.24634e+04    1.36330e-02    
3.30140e+04    1.35607e-02    
3.35740e+04    1.34887e-02    
3.41434e+04    1.34172e-02    
3.47226e+04    1.33460e-02    
3.53115e+04    1.32752e-02    
3.59105e+04    1.32048e-02    
3.65196e+04    1.31347e-02    
3.71390e+04    1.30650e-02    
3.77690e+04    1.29957e-02    
3.84096e+04    1.29268e-02    
3.90611e+04    1.28582e-02    
3.97236e+04    1.27899e-02    
4.03974e+04    1.27220e-02    
4.10826e+04    1.26545e-02    
4.17795e+04    1.25873e-02    
4.24881e+04    1.25205e-02    
4.32088e+04    1.24541e-02    
4.39417e+04    1.23879e-02    
4.46870e+04    1.23222e-02    
4.54450e+04    1.22568e-02    
4.62158e+04    1.21917e-02    
4.69997e+04    1.21269e-02    
4.77969e+04    1.20625e-02    
4.86077e+04    1.19985e-02    
4.94321e+04    1.19348e-02    
5.02706e+04    1.18714e-02    
5.11233e+04    1.18083e-02    
5.19904e+04    1.17456e-02    
5.28723e+04    1.16832e-02    
5.37691e+04    1.16211e-02    
5.46811e+04    1.15594e-02    
5.56086e+04    1.14980e-02    
5.65518e+04    1.14369e-02    
5.75110e+04    1.13761e-02    
5.84865e+04    1.13157e-02    
5.94786e+04    1.12555e-02    
6.04874e+04    1.11957e-02    
6.15134e+04    1.11362e-02    
6.25568e+04    1.10770e-02    
6.36178e+04    1.10182e-02    
6.46969e+04    1.09596e-02    
6.57943e+04    1.09013e-02    
6.69103e+04    1.08434e-02    
6.80452e+04    1.07857e-02    
6.91994e+04    1.07284e-02    
7.03731e+04    1.06714e-02    
7.15668e+04    1.06146e-02    
7.27807e+04    1.05582e-02    
7.40152e+04    1.05021e-02    
7.52706e+04    1.04462e-02    
7.65473e+04    1.03907e-02    
7.78457e+04    1.03354e-02    
7.91661e+04    1.02804e-02    
8.05089e+04    1.02257e-02    
8.18745e+04    1.01714e-02    
8.32632e+04    1.01173e-02    
8.46755e+04    1.00634e-02    
8.61118e+04    1.00099e-02    
8.75724e+04    9.95665e-03    
8.90578e+04    9.90368e-03    
9.05683e+04    9.85099e-03    
9.21046e+04    9.79858e-03    
9.36668e+04    9.74644e-03    
9.52556e+04    9.69458e-03    
9.68713e+04    9.64300e-03    
9.85144e+04    9.59168e-03    
1.00185e+05    9.54064e-03    
1.01885e+05    9.48986e-03    
1.03613e+05    9.43935e-03    
1.05370e+05    9.38911e-03    
1.07158e+05    9.33914e-03    
1.08975e+05    9.28943e-03    
1.10824e+05    9.23998e-03    
1.12703e+05    9.19079e-03    
1.14615e+05    9.14186e-03    
1.16559e+05    9.09319e-03    
1.18536e+05    9.04478e-03    
1.20547e+05    8.99662e-03    
1.22591e+05    8.94872e-03    
1.24671e+05    8.90107e-03    
1.26785e+05    8.85368e-03    
1.28936e+05    8.80653e-03    
1.31123e+05    8.75963e-03    
1.33347e+05    8.71298e-03    
1.35609e+05    8.66658e-03    
1.37909e+05    8.62042e-03    
1.40248e+05    8.57451e-03    
1.42627e+05    8.52883e-03    
1.45046e+05    8.48340e-03    
1.47506e+05    8.43821e-03    
1.50008e+05    8.39326e-03    
1.52553e+05    8.34855e-03    
1.55140e+05    8.30407e-03    
1.57772e+05    8.25983e-03    
1.60448e+05    8.21583e-03    
1.63169e+05    8.17205e-03    
1.65937e+05    8.12851e-03    
1.68752e+05    8.08520e-03    
1.71614e+05    8.04211e-03    
1.74525e+05    7.99926e-03    
1.77485e+05    7.95663e-03    
1.80496e+05    7.91423e-03    
1.83557e+05    7.87205e-03    
1.86671e+05    7.83009e-03    
1.89837e+05    7.78836e-03    
1.93057e+05    7.74685e-03    
1.96331e+05    7.70556e-03    
1.99662e+05    7.66448e-03    
2.03048e+05    7.62363e-03    
2.06492e+05    7.58299e-03    
2.09995e+05    7.54256e-03    
2.13557e+05    7.50235e-03    
2.17179e+05    7.46235e-03    
2.20863e+05    7.42257e-03    
2.24609e+05    7.38299e-03    
2.28419e+05    7.34363e-03    
2.32293e+05    7.30447e-03    
2.36233e+05    7.26552e-03    
2.40240e+05    7.22678e-03    
2.44315e+05    7.18824e-03    
2.48459e+05    7.14990e-03    
2.52673e+05    7.11177e-03    
2.56959e+05    7.07385e-03    
2.61318e+05    7.03612e-03    
2.65750e+05    6.99859e-03    
2.70258e+05    6.96126e-03    
2.74842e+05    6.92413e-03    
2.79504e+05    6.88720e-03    
2.84244e+05    6.85046e-03    
2.89066e+05    6.81392e-03    
2.93969e+05    6.77757e-03    
2.98955e+05    6.74141e-03    
3.04026e+05    6.70545e-03    
3.09183e+05    6.66967e-03    
3.14427e+05    6.63409e-03    
3.19760e+05    6.59869e-03    
3.25184e+05    6.56349e-03    
3.30700e+05    6.52846e-03    
3.36309e+05    6.49363e-03    
3.42013e+05    6.45898e-03    
3.47815e+05    6.42451e-03    
3.53714e+05    6.39023e-03    
3.59714e+05    6.35613e-03    
3.65815e+05    6.32221e-03    
3.72020e+05    6.28846e-03    
3.78330e+05    6.25490e-03    
3.84747e+05    6.22152e-03    
3.91273e+05    6.18831e-03    
3.97910e+05    6.15528e-03    
4.04659e+05    6.12243e-03    
4.11523e+05    6.08975e-03    
4.18503e+05    6.05724e-03    
4.25602e+05    6.02491e-03    
4.32821e+05    5.99274e-03    
4.40162e+05    5.96075e-03    
4.47628e+05    5.92893e-03    
4.55221e+05    5.89728e-03    
4.62942e+05    5.86579e-03    
4.70794e+05    5.83447e-03    
4.78780e+05    5.80332e-03    
4.86901e+05    5.77234e-03    
4.95160e+05    5.74152e-03    
5.03558e+05    5.71086e-03    
5.12100e+05    5.68036e-03    
5.20786e+05    5.65003e-03    
5.29619e+05    5.61986e-03    
5.38603e+05    5.58985e-03    
5.47738e+05    5.56000e-03    
5.57029e+05    5.53030e-03    
5.66477e+05    5.50077e-03    
5.76086e+05    5.47139e-03    
5.85857e+05    5.44217e-03    
5.95794e+05    5.41310e-03    
6.05900e+05    5.38419e-03    
6.16177e+05    5.35543e-03    
6.26629e+05    5.32682e-03    
6.37257e+05    5.29837e-03    
6.48066e+05    5.27007e-03    
6.59059e+05    5.24192e-03    
6.70238e+05    5.21391e-03    
6.81606e+05    5.18606e-03    
6.93167e+05    5.15835e-03    
7.04925e+05    5.13080e-03    
7.16881e+05    5.10339e-03    
7.29041e+05    5.07612e-03    
7.41407e+05    5.04900e-03    
7.53982e+05    5.02202e-03    
7.66771e+05    4.99519e-03    
7.79777e+05    4.96850e-03    
7.93004e+05    4.94195e-03    
8.06454e+05    4.91554e-03    
8.20133e+05    4.88928e-03    
8.34044e+05    4.86315e-03    
8.48191e+05    4.83716e-03    
8.62578e+05    4.81131e-03    
8.77209e+05    4.78560e-03    
8.92088e+05    4.76003e-03    
9.07219e+05    4.73459e-03    
9.22607e+05    4.70928e-03    
9.38256e+05    4.68412e-03    
9.54171e+05    4.65908e-03    
9.70355e+05    4.63418e-03    
9.86814e+05    4.60941e-03    
1.00355e+06    4.58477e-03    
1.02057e+06    4.56027e-03    
1.03789e+06    4.53589e-03    
1.05549e+06    4.51164e-03    
1.07339e+06    4.48753e-03    
1.09160e+06    4.46354e-03    
1.11011e+06    4.43968e-03    
1.12894e+06    4.41594e-03    
1.14809e+06    4.39234e-03    
1.16757e+06    4.36886e-03    
1.18737e+06    4.34550e-03    
1.20751e+06    4.32227e-03    
1.22799e+06    4.29916e-03    
1.24882e+06    4.27617e-03    
1.27000e+06    4.25331e-03    
1.29155e+06    4.23057e-03    
1.31345e+06    4.20795e-03    
1.33573e+06    4.18545e-03    
1.35839e+06    4.16307e-03    
1.38143e+06    4.14081e-03    
1.40486e+06    4.11867e-03    
1.42869e+06    4.09664e-03    
1.45292e+06    4.07474e-03    
1.47757e+06    4.05295e-03    
1.50263e+06    4.03127e-03    
1.52812e+06    4.00971e-03    
1.55403e+06    3.98827e-03    
1.58039e+06    3.96694e-03    
1.60720e+06    3.94572e-03    
1.63446e+06    3.92462e-03    
1.66218e+06    3.90363e-03    
1.69038e+06    3.88275e-03    
1.71905e+06    3.86199e-03    
1.74821e+06    3.84133e-03    
1.77786e+06    3.82078e-03    
1.80802e+06    3.80035e-03    
1.83868e+06    3.78002e-03    
1.86987e+06    3.75980e-03    
1.90159e+06    3.73969e-03    
1.93384e+06    3.71968e-03    
1.96664e+06    3.69979e-03    
2.00000e+06    3.67999e-03    

