# USINE V4.0
# File generated 12-05-2022 05:02:49
# Model1DKisoVc
# BE/C
# SolMod0DFF_phi0_670GV
# R [GV]       TOA [-]
1.08008e-01    7.50695e-02    
1.09818e-01    7.50773e-02    
1.11658e-01    7.50853e-02    
1.13529e-01    7.50933e-02    
1.15431e-01    7.51015e-02    
1.17365e-01    7.51097e-02    
1.19332e-01    7.51181e-02    
1.21331e-01    7.51266e-02    
1.23364e-01    7.51353e-02    
1.25431e-01    7.51440e-02    
1.27533e-01    7.51529e-02    
1.29670e-01    7.51619e-02    
1.31843e-01    7.51710e-02    
1.34052e-01    7.51803e-02    
1.36298e-01    7.51896e-02    
1.38582e-01    7.51992e-02    
1.40904e-01    7.52088e-02    
1.43265e-01    7.52186e-02    
1.45666e-01    7.52285e-02    
1.48107e-01    7.52385e-02    
1.50588e-01    7.52487e-02    
1.53112e-01    7.52591e-02    
1.55677e-01    7.52695e-02    
1.58286e-01    7.52801e-02    
1.60938e-01    7.52909e-02    
1.63635e-01    7.53018e-02    
1.66376e-01    7.53128e-02    
1.69164e-01    7.53240e-02    
1.71999e-01    7.53353e-02    
1.74881e-01    7.53468e-02    
1.77811e-01    7.53584e-02    
1.80791e-01    7.53702e-02    
1.83820e-01    7.53821e-02    
1.86900e-01    7.53942e-02    
1.90032e-01    7.54064e-02    
1.93216e-01    7.54188e-02    
1.96454e-01    7.54314e-02    
1.99745e-01    7.54441e-02    
2.03092e-01    7.54571e-02    
2.06495e-01    7.54705e-02    
2.09955e-01    7.54843e-02    
2.13473e-01    7.54986e-02    
2.17050e-01    7.55133e-02    
2.20687e-01    7.55286e-02    
2.24385e-01    7.55443e-02    
2.28145e-01    7.55606e-02    
2.31968e-01    7.55774e-02    
2.35855e-01    7.55947e-02    
2.39807e-01    7.56126e-02    
2.43825e-01    7.56311e-02    
2.47911e-01    7.56501e-02    
2.52065e-01    7.56698e-02    
2.56288e-01    7.56901e-02    
2.60583e-01    7.57111e-02    
2.64949e-01    7.57328e-02    
2.69389e-01    7.57552e-02    
2.73902e-01    7.57782e-02    
2.78492e-01    7.58021e-02    
2.83158e-01    7.58267e-02    
2.87903e-01    7.58520e-02    
2.92727e-01    7.58782e-02    
2.97632e-01    7.59053e-02    
3.02619e-01    7.59332e-02    
3.07690e-01    7.59619e-02    
3.12846e-01    7.59916e-02    
3.18088e-01    7.60223e-02    
3.23418e-01    7.60539e-02    
3.28837e-01    7.60865e-02    
3.34347e-01    7.61202e-02    
3.39949e-01    7.61549e-02    
3.45646e-01    7.61907e-02    
3.51437e-01    7.62276e-02    
3.57326e-01    7.62658e-02    
3.63313e-01    7.63051e-02    
3.69401e-01    7.63456e-02    
3.75591e-01    7.63874e-02    
3.81884e-01    7.64305e-02    
3.88283e-01    7.64750e-02    
3.94789e-01    7.65208e-02    
4.01405e-01    7.65681e-02    
4.08131e-01    7.66168e-02    
4.14969e-01    7.66671e-02    
4.21923e-01    7.67189e-02    
4.28992e-01    7.67723e-02    
4.36181e-01    7.68274e-02    
4.43489e-01    7.68841e-02    
4.50920e-01    7.69427e-02    
4.58476e-01    7.70030e-02    
4.66158e-01    7.70652e-02    
4.73969e-01    7.71293e-02    
4.81911e-01    7.71954e-02    
4.89986e-01    7.72635e-02    
4.98197e-01    7.73337e-02    
5.06544e-01    7.74061e-02    
5.15032e-01    7.74807e-02    
5.23662e-01    7.75576e-02    
5.32437e-01    7.76369e-02    
5.41358e-01    7.77186e-02    
5.50429e-01    7.78028e-02    
5.59652e-01    7.78897e-02    
5.69030e-01    7.79792e-02    
5.78565e-01    7.80716e-02    
5.88259e-01    7.81668e-02    
5.98116e-01    7.82650e-02    
6.08138e-01    7.83662e-02    
6.18328e-01    7.84707e-02    
6.28689e-01    7.85785e-02    
6.39223e-01    7.86897e-02    
6.49934e-01    7.88045e-02    
6.60825e-01    7.89230e-02    
6.71898e-01    7.90454e-02    
6.83156e-01    7.91718e-02    
6.94603e-01    7.93023e-02    
7.06242e-01    7.94371e-02    
7.18076e-01    7.95765e-02    
7.30108e-01    7.97205e-02    
7.42342e-01    7.98694e-02    
7.54781e-01    8.00234e-02    
7.67428e-01    8.01826e-02    
7.80287e-01    8.03473e-02    
7.93362e-01    8.05176e-02    
8.06655e-01    8.06939e-02    
8.20172e-01    8.08763e-02    
8.33915e-01    8.10651e-02    
8.47888e-01    8.12604e-02    
8.62095e-01    8.14624e-02    
8.76540e-01    8.16714e-02    
8.91228e-01    8.18876e-02    
9.06161e-01    8.21111e-02    
9.21345e-01    8.23420e-02    
9.36783e-01    8.25804e-02    
9.52480e-01    8.28265e-02    
9.68440e-01    8.30800e-02    
9.84667e-01    8.33409e-02    
1.00117e+00    8.36089e-02    
1.01794e+00    8.38840e-02    
1.03500e+00    8.41656e-02    
1.05234e+00    8.44536e-02    
1.06997e+00    8.47476e-02    
1.08790e+00    8.50473e-02    
1.10613e+00    8.53522e-02    
1.12467e+00    8.56621e-02    
1.14351e+00    8.59764e-02    
1.16267e+00    8.62947e-02    
1.18215e+00    8.66168e-02    
1.20196e+00    8.69422e-02    
1.22210e+00    8.72708e-02    
1.24258e+00    8.76023e-02    
1.26340e+00    8.79369e-02    
1.28457e+00    8.82747e-02    
1.30610e+00    8.86163e-02    
1.32798e+00    8.89624e-02    
1.35023e+00    8.93138e-02    
1.37286e+00    8.96712e-02    
1.39586e+00    9.00355e-02    
1.41925e+00    9.04076e-02    
1.44303e+00    9.07884e-02    
1.46721e+00    9.11789e-02    
1.49180e+00    9.15800e-02    
1.51679e+00    9.19927e-02    
1.54221e+00    9.24177e-02    
1.56805e+00    9.28560e-02    
1.59432e+00    9.33079e-02    
1.62104e+00    9.37740e-02    
1.64820e+00    9.42543e-02    
1.67582e+00    9.47488e-02    
1.70390e+00    9.52577e-02    
1.73245e+00    9.57809e-02    
1.76148e+00    9.63184e-02    
1.79099e+00    9.68701e-02    
1.82100e+00    9.74357e-02    
1.85152e+00    9.80152e-02    
1.88254e+00    9.86082e-02    
1.91409e+00    9.92144e-02    
1.94616e+00    9.98334e-02    
1.97877e+00    1.00465e-01    
2.01193e+00    1.01108e-01    
2.04564e+00    1.01763e-01    
2.07991e+00    1.02428e-01    
2.11477e+00    1.03103e-01    
2.15020e+00    1.03788e-01    
2.18623e+00    1.04481e-01    
2.22286e+00    1.05182e-01    
2.26011e+00    1.05888e-01    
2.29798e+00    1.06598e-01    
2.33649e+00    1.07311e-01    
2.37564e+00    1.08023e-01    
2.41544e+00    1.08730e-01    
2.45592e+00    1.09431e-01    
2.49707e+00    1.10122e-01    
2.53891e+00    1.10799e-01    
2.58145e+00    1.11459e-01    
2.62471e+00    1.12098e-01    
2.66869e+00    1.12715e-01    
2.71340e+00    1.13307e-01    
2.75887e+00    1.13874e-01    
2.80510e+00    1.14415e-01    
2.85210e+00    1.14935e-01    
2.89989e+00    1.15434e-01    
2.94848e+00    1.15915e-01    
2.99789e+00    1.16381e-01    
3.04812e+00    1.16835e-01    
3.09919e+00    1.17279e-01    
3.15112e+00    1.17715e-01    
3.20393e+00    1.18145e-01    
3.25761e+00    1.18571e-01    
3.31220e+00    1.18990e-01    
3.36769e+00    1.19402e-01    
3.42412e+00    1.19805e-01    
3.48150e+00    1.20197e-01    
3.53984e+00    1.20574e-01    
3.59915e+00    1.20935e-01    
3.65946e+00    1.21277e-01    
3.72078e+00    1.21594e-01    
3.78312e+00    1.21886e-01    
3.84651e+00    1.22151e-01    
3.91097e+00    1.22387e-01    
3.97650e+00    1.22594e-01    
4.04313e+00    1.22772e-01    
4.11088e+00    1.22922e-01    
4.17976e+00    1.23045e-01    
4.24979e+00    1.23142e-01    
4.32100e+00    1.23214e-01    
4.39341e+00    1.23262e-01    
4.46702e+00    1.23288e-01    
4.54187e+00    1.23290e-01    
4.61798e+00    1.23270e-01    
4.69536e+00    1.23229e-01    
4.77403e+00    1.23166e-01    
4.85403e+00    1.23083e-01    
4.93536e+00    1.22979e-01    
5.01806e+00    1.22855e-01    
5.10214e+00    1.22711e-01    
5.18764e+00    1.22549e-01    
5.27456e+00    1.22371e-01    
5.36294e+00    1.22179e-01    
5.45280e+00    1.21975e-01    
5.54417e+00    1.21760e-01    
5.63707e+00    1.21536e-01    
5.73153e+00    1.21304e-01    
5.82757e+00    1.21067e-01    
5.92521e+00    1.20824e-01    
6.02450e+00    1.20577e-01    
6.12544e+00    1.20325e-01    
6.22808e+00    1.20067e-01    
6.33244e+00    1.19802e-01    
6.43855e+00    1.19528e-01    
6.54643e+00    1.19245e-01    
6.65613e+00    1.18952e-01    
6.76766e+00    1.18647e-01    
6.88106e+00    1.18330e-01    
6.99636e+00    1.18000e-01    
7.11359e+00    1.17658e-01    
7.23278e+00    1.17307e-01    
7.35398e+00    1.16948e-01    
7.47720e+00    1.16584e-01    
7.60249e+00    1.16217e-01    
7.72988e+00    1.15851e-01    
7.85940e+00    1.15486e-01    
7.99110e+00    1.15126e-01    
8.12500e+00    1.14769e-01    
8.26114e+00    1.14415e-01    
8.39956e+00    1.14063e-01    
8.54031e+00    1.13710e-01    
8.68341e+00    1.13353e-01    
8.82891e+00    1.12990e-01    
8.97685e+00    1.12617e-01    
9.12727e+00    1.12233e-01    
9.28020e+00    1.11835e-01    
9.43570e+00    1.11423e-01    
9.59381e+00    1.10998e-01    
9.75457e+00    1.10562e-01    
9.91801e+00    1.10118e-01    
1.00842e+01    1.09667e-01    
1.02532e+01    1.09213e-01    
1.04250e+01    1.08758e-01    
1.05997e+01    1.08305e-01    
1.07773e+01    1.07856e-01    
1.09579e+01    1.07413e-01    
1.11415e+01    1.06977e-01    
1.13282e+01    1.06546e-01    
1.15180e+01    1.06120e-01    
1.17110e+01    1.05699e-01    
1.19072e+01    1.05283e-01    
1.21067e+01    1.04869e-01    
1.23096e+01    1.04457e-01    
1.25158e+01    1.04047e-01    
1.27256e+01    1.03637e-01    
1.29388e+01    1.03226e-01    
1.31556e+01    1.02816e-01    
1.33760e+01    1.02405e-01    
1.36002e+01    1.01994e-01    
1.38280e+01    1.01583e-01    
1.40597e+01    1.01171e-01    
1.42953e+01    1.00761e-01    
1.45349e+01    1.00350e-01    
1.47784e+01    9.99405e-02    
1.50260e+01    9.95318e-02    
1.52778e+01    9.91240e-02    
1.55338e+01    9.87168e-02    
1.57941e+01    9.83102e-02    
1.60588e+01    9.79042e-02    
1.63278e+01    9.74987e-02    
1.66014e+01    9.70938e-02    
1.68796e+01    9.66893e-02    
1.71624e+01    9.62852e-02    
1.74500e+01    9.58813e-02    
1.77424e+01    9.54778e-02    
1.80397e+01    9.50748e-02    
1.83420e+01    9.46726e-02    
1.86493e+01    9.42722e-02    
1.89618e+01    9.38728e-02    
1.92795e+01    9.34741e-02    
1.96026e+01    9.30760e-02    
1.99311e+01    9.26787e-02    
2.02650e+01    9.22824e-02    
2.06046e+01    9.18871e-02    
2.09498e+01    9.14929e-02    
2.13009e+01    9.11000e-02    
2.16578e+01    9.07085e-02    
2.20207e+01    9.03185e-02    
2.23897e+01    8.99301e-02    
2.27648e+01    8.95435e-02    
2.31463e+01    8.91587e-02    
2.35341e+01    8.87758e-02    
2.39285e+01    8.83948e-02    
2.43294e+01    8.80149e-02    
2.47371e+01    8.76358e-02    
2.51516e+01    8.72574e-02    
2.55730e+01    8.68797e-02    
2.60015e+01    8.65027e-02    
2.64372e+01    8.61266e-02    
2.68802e+01    8.57519e-02    
2.73306e+01    8.53782e-02    
2.77886e+01    8.50048e-02    
2.82542e+01    8.46318e-02    
2.87276e+01    8.42592e-02    
2.92090e+01    8.38869e-02    
2.96984e+01    8.35151e-02    
3.01961e+01    8.31437e-02    
3.07020e+01    8.27726e-02    
3.12165e+01    8.24020e-02    
3.17395e+01    8.20317e-02    
3.22714e+01    8.16619e-02    
3.28121e+01    8.12924e-02    
3.33619e+01    8.09233e-02    
3.39209e+01    8.05546e-02    
3.44893e+01    8.01863e-02    
3.50672e+01    7.98184e-02    
3.56548e+01    7.94508e-02    
3.62523e+01    7.90837e-02    
3.68597e+01    7.87169e-02    
3.74773e+01    7.83505e-02    
3.81053e+01    7.79845e-02    
3.87438e+01    7.76188e-02    
3.93930e+01    7.72536e-02    
4.00531e+01    7.68887e-02    
4.07242e+01    7.65242e-02    
4.14066e+01    7.61600e-02    
4.21004e+01    7.57962e-02    
4.28059e+01    7.54328e-02    
4.35231e+01    7.50698e-02    
4.42524e+01    7.47072e-02    
4.49939e+01    7.43449e-02    
4.57478e+01    7.39830e-02    
4.65144e+01    7.36214e-02    
4.72938e+01    7.32603e-02    
4.80862e+01    7.28995e-02    
4.88920e+01    7.25391e-02    
4.97112e+01    7.21791e-02    
5.05442e+01    7.18195e-02    
5.13911e+01    7.14603e-02    
5.22522e+01    7.11015e-02    
5.31278e+01    7.07430e-02    
5.40180e+01    7.03850e-02    
5.49231e+01    7.00274e-02    
5.58434e+01    6.96702e-02    
5.67791e+01    6.93134e-02    
5.77305e+01    6.89571e-02    
5.86979e+01    6.86012e-02    
5.96814e+01    6.82457e-02    
6.06815e+01    6.78907e-02    
6.16982e+01    6.75361e-02    
6.27321e+01    6.71820e-02    
6.37832e+01    6.68284e-02    
6.48520e+01    6.64753e-02    
6.59386e+01    6.61226e-02    
6.70435e+01    6.57705e-02    
6.81669e+01    6.54189e-02    
6.93091e+01    6.50679e-02    
7.04705e+01    6.47173e-02    
7.16513e+01    6.43674e-02    
7.28519e+01    6.40180e-02    
7.40726e+01    6.36691e-02    
7.53138e+01    6.33209e-02    
7.65757e+01    6.29733e-02    
7.78588e+01    6.26264e-02    
7.91635e+01    6.22800e-02    
8.04899e+01    6.19344e-02    
8.18386e+01    6.15894e-02    
8.32099e+01    6.12451e-02    
8.46042e+01    6.09015e-02    
8.60218e+01    6.05587e-02    
8.74632e+01    6.02166e-02    
8.89288e+01    5.98753e-02    
9.04189e+01    5.95348e-02    
9.19340e+01    5.91951e-02    
9.34744e+01    5.88562e-02    
9.50407e+01    5.85182e-02    
9.66332e+01    5.81811e-02    
9.82524e+01    5.78449e-02    
9.98987e+01    5.75096e-02    
1.01573e+02    5.71753e-02    
1.03275e+02    5.68419e-02    
1.05005e+02    5.65096e-02    
1.06765e+02    5.61783e-02    
1.08554e+02    5.58481e-02    
1.10372e+02    5.55190e-02    
1.12222e+02    5.51910e-02    
1.14102e+02    5.48642e-02    
1.16014e+02    5.45385e-02    
1.17958e+02    5.42141e-02    
1.19935e+02    5.38910e-02    
1.21944e+02    5.35692e-02    
1.23988e+02    5.32487e-02    
1.26065e+02    5.29295e-02    
1.28178e+02    5.26118e-02    
1.30325e+02    5.22955e-02    
1.32509e+02    5.19808e-02    
1.34729e+02    5.16675e-02    
1.36987e+02    5.13559e-02    
1.39282e+02    5.10458e-02    
1.41616e+02    5.07375e-02    
1.43989e+02    5.04308e-02    
1.46402e+02    5.01259e-02    
1.48855e+02    4.98228e-02    
1.51349e+02    4.95216e-02    
1.53885e+02    4.92223e-02    
1.56464e+02    4.89249e-02    
1.59085e+02    4.86295e-02    
1.61751e+02    4.83362e-02    
1.64461e+02    4.80450e-02    
1.67217e+02    4.77559e-02    
1.70019e+02    4.74690e-02    
1.72868e+02    4.71844e-02    
1.75765e+02    4.69021e-02    
1.78710e+02    4.66220e-02    
1.81704e+02    4.63444e-02    
1.84749e+02    4.60692e-02    
1.87844e+02    4.57964e-02    
1.90992e+02    4.55261e-02    
1.94192e+02    4.52584e-02    
1.97446e+02    4.49932e-02    
2.00755e+02    4.47306e-02    
2.04119e+02    4.44706e-02    
2.07539e+02    4.42133e-02    
2.11016e+02    4.39586e-02    
2.14552e+02    4.37066e-02    
2.18147e+02    4.34573e-02    
2.21802e+02    4.32107e-02    
2.25519e+02    4.29668e-02    
2.29298e+02    4.27256e-02    
2.33140e+02    4.24871e-02    
2.37047e+02    4.22514e-02    
2.41018e+02    4.20183e-02    
2.45057e+02    4.17879e-02    
2.49163e+02    4.15601e-02    
2.53338e+02    4.13350e-02    
2.57583e+02    4.11125e-02    
2.61899e+02    4.08926e-02    
2.66288e+02    4.06752e-02    
2.70750e+02    4.04604e-02    
2.75286e+02    4.02480e-02    
2.79899e+02    4.00381e-02    
2.84589e+02    3.98306e-02    
2.89358e+02    3.96254e-02    
2.94206e+02    3.94226e-02    
2.99136e+02    3.92219e-02    
3.04148e+02    3.90235e-02    
3.09245e+02    3.88273e-02    
3.14427e+02    3.86331e-02    
3.19695e+02    3.84409e-02    
3.25052e+02    3.82507e-02    
3.30499e+02    3.80624e-02    
3.36036e+02    3.78760e-02    
3.41667e+02    3.76914e-02    
3.47392e+02    3.75086e-02    
3.53213e+02    3.73274e-02    
3.59132e+02    3.71478e-02    
3.65149e+02    3.69698e-02    
3.71268e+02    3.67934e-02    
3.77489e+02    3.66184e-02    
3.83814e+02    3.64448e-02    
3.90245e+02    3.62726e-02    
3.96784e+02    3.61018e-02    
4.03433e+02    3.59322e-02    
4.10193e+02    3.57638e-02    
4.17066e+02    3.55966e-02    
4.24054e+02    3.54305e-02    
4.31160e+02    3.52656e-02    
4.38384e+02    3.51017e-02    
4.45730e+02    3.49389e-02    
4.53199e+02    3.47771e-02    
4.60793e+02    3.46162e-02    
4.68514e+02    3.44563e-02    
4.76364e+02    3.42973e-02    
4.84346e+02    3.41392e-02    
4.92462e+02    3.39819e-02    
5.00714e+02    3.38255e-02    
5.09104e+02    3.36699e-02    
5.17634e+02    3.35151e-02    
5.26308e+02    3.33611e-02    
5.35127e+02    3.32078e-02    
5.44094e+02    3.30553e-02    
5.53210e+02    3.29035e-02    
5.62480e+02    3.27524e-02    
5.71905e+02    3.26020e-02    
5.81488e+02    3.24523e-02    
5.91232e+02    3.23033e-02    
6.01138e+02    3.21549e-02    
6.11211e+02    3.20072e-02    
6.21453e+02    3.18601e-02    
6.31866e+02    3.17137e-02    
6.42453e+02    3.15679e-02    
6.53218e+02    3.14227e-02    
6.64164e+02    3.12781e-02    
6.75293e+02    3.11341e-02    
6.86608e+02    3.09907e-02    
6.98113e+02    3.08479e-02    
7.09810e+02    3.07057e-02    
7.21704e+02    3.05641e-02    
7.33797e+02    3.04230e-02    
7.46093e+02    3.02825e-02    
7.58594e+02    3.01426e-02    
7.71305e+02    3.00033e-02    
7.84230e+02    2.98645e-02    
7.97370e+02    2.97263e-02    
8.10731e+02    2.95886e-02    
8.24316e+02    2.94515e-02    
8.38128e+02    2.93149e-02    
8.52172e+02    2.91789e-02    
8.66451e+02    2.90434e-02    
8.80969e+02    2.89084e-02    
8.95731e+02    2.87740e-02    
9.10740e+02    2.86401e-02    
9.26000e+02    2.85068e-02    
9.41517e+02    2.83740e-02    
9.57293e+02    2.82417e-02    
9.73333e+02    2.81100e-02    
9.89643e+02    2.79787e-02    
1.00623e+03    2.78480e-02    
1.02309e+03    2.77179e-02    
1.04023e+03    2.75882e-02    
1.05766e+03    2.74591e-02    
1.07538e+03    2.73304e-02    
1.09340e+03    2.72023e-02    
1.11172e+03    2.70748e-02    
1.13035e+03    2.69477e-02    
1.14929e+03    2.68211e-02    
1.16855e+03    2.66951e-02    
1.18813e+03    2.65696e-02    
1.20804e+03    2.64445e-02    
1.22828e+03    2.63200e-02    
1.24886e+03    2.61960e-02    
1.26979e+03    2.60725e-02    
1.29106e+03    2.59495e-02    
1.31270e+03    2.58270e-02    
1.33469e+03    2.57050e-02    
1.35706e+03    2.55835e-02    
1.37979e+03    2.54625e-02    
1.40291e+03    2.53420e-02    
1.42642e+03    2.52220e-02    
1.45032e+03    2.51025e-02    
1.47463e+03    2.49835e-02    
1.49933e+03    2.48649e-02    
1.52446e+03    2.47469e-02    
1.55000e+03    2.46294e-02    
1.57597e+03    2.45123e-02    
1.60238e+03    2.43957e-02    
1.62923e+03    2.42797e-02    
1.65653e+03    2.41641e-02    
1.68429e+03    2.40490e-02    
1.71251e+03    2.39343e-02    
1.74120e+03    2.38202e-02    
1.77038e+03    2.37065e-02    
1.80004e+03    2.35933e-02    
1.83021e+03    2.34806e-02    
1.86087e+03    2.33684e-02    
1.89205e+03    2.32566e-02    
1.92376e+03    2.31454e-02    
1.95599e+03    2.30345e-02    
1.98877e+03    2.29242e-02    
2.02209e+03    2.28143e-02    
2.05597e+03    2.27049e-02    
2.09042e+03    2.25960e-02    
2.12545e+03    2.24875e-02    
2.16107e+03    2.23795e-02    
2.19728e+03    2.22720e-02    
2.23409e+03    2.21649e-02    
2.27153e+03    2.20583e-02    
2.30959e+03    2.19521e-02    
2.34829e+03    2.18464e-02    
2.38764e+03    2.17412e-02    
2.42765e+03    2.16364e-02    
2.46833e+03    2.15320e-02    
2.50968e+03    2.14282e-02    
2.55174e+03    2.13247e-02    
2.59449e+03    2.12217e-02    
2.63797e+03    2.11192e-02    
2.68217e+03    2.10171e-02    
2.72711e+03    2.09155e-02    
2.77281e+03    2.08143e-02    
2.81927e+03    2.07135e-02    
2.86651e+03    2.06132e-02    
2.91454e+03    2.05133e-02    
2.96338e+03    2.04139e-02    
3.01303e+03    2.03149e-02    
3.06352e+03    2.02163e-02    
3.11485e+03    2.01182e-02    
3.16705e+03    2.00205e-02    
3.22011e+03    1.99232e-02    
3.27407e+03    1.98264e-02    
3.32893e+03    1.97299e-02    
3.38471e+03    1.96340e-02    
3.44143e+03    1.95384e-02    
3.49909e+03    1.94433e-02    
3.55772e+03    1.93486e-02    
3.61734e+03    1.92543e-02    
3.67795e+03    1.91604e-02    
3.73958e+03    1.90669e-02    
3.80224e+03    1.89739e-02    
3.86595e+03    1.88813e-02    
3.93073e+03    1.87891e-02    
3.99659e+03    1.86973e-02    
4.06356e+03    1.86059e-02    
4.13165e+03    1.85149e-02    
4.20088e+03    1.84244e-02    
4.27127e+03    1.83342e-02    
4.34284e+03    1.82445e-02    
4.41561e+03    1.81551e-02    
4.48960e+03    1.80662e-02    
4.56482e+03    1.79776e-02    
4.64131e+03    1.78895e-02    
4.71908e+03    1.78017e-02    
4.79816e+03    1.77144e-02    
4.87855e+03    1.76274e-02    
4.96030e+03    1.75408e-02    
5.04342e+03    1.74547e-02    
5.12792e+03    1.73689e-02    
5.21385e+03    1.72835e-02    
5.30121e+03    1.71985e-02    
5.39004e+03    1.71139e-02    
5.48036e+03    1.70297e-02    
5.57219e+03    1.69458e-02    
5.66555e+03    1.68623e-02    
5.76049e+03    1.67793e-02    
5.85701e+03    1.66965e-02    
5.95515e+03    1.66142e-02    
6.05494e+03    1.65323e-02    
6.15639e+03    1.64507e-02    
6.25955e+03    1.63695e-02    
6.36444e+03    1.62887e-02    
6.47108e+03    1.62082e-02    
6.57951e+03    1.61281e-02    
6.68976e+03    1.60484e-02    
6.80185e+03    1.59690e-02    
6.91583e+03    1.58900e-02    
7.03171e+03    1.58114e-02    
7.14953e+03    1.57331e-02    
7.26933e+03    1.56552e-02    
7.39114e+03    1.55777e-02    
7.51498e+03    1.55005e-02    
7.64091e+03    1.54237e-02    
7.76894e+03    1.53472e-02    
7.89911e+03    1.52711e-02    
8.03147e+03    1.51953e-02    
8.16605e+03    1.51199e-02    
8.30288e+03    1.50448e-02    
8.44201e+03    1.49701e-02    
8.58346e+03    1.48957e-02    
8.72729e+03    1.48217e-02    
8.87352e+03    1.47480e-02    
9.02221e+03    1.46747e-02    
9.17338e+03    1.46017e-02    
9.32710e+03    1.45290e-02    
9.48338e+03    1.44567e-02    
9.64229e+03    1.43847e-02    
9.80385e+03    1.43131e-02    
9.96813e+03    1.42418e-02    
1.01352e+04    1.41708e-02    
1.03050e+04    1.41002e-02    
1.04777e+04    1.40298e-02    
1.06532e+04    1.39599e-02    
1.08317e+04    1.38902e-02    
1.10132e+04    1.38209e-02    
1.11978e+04    1.37519e-02    
1.13854e+04    1.36832e-02    
1.15762e+04    1.36148e-02    
1.17701e+04    1.35468e-02    
1.19674e+04    1.34791e-02    
1.21679e+04    1.34117e-02    
1.23718e+04    1.33446e-02    
1.25791e+04    1.32778e-02    
1.27899e+04    1.32114e-02    
1.30042e+04    1.31452e-02    
1.32221e+04    1.30794e-02    
1.34436e+04    1.30139e-02    
1.36689e+04    1.29487e-02    
1.38979e+04    1.28838e-02    
1.41308e+04    1.28192e-02    
1.43676e+04    1.27549e-02    
1.46083e+04    1.26910e-02    
1.48531e+04    1.26273e-02    
1.51020e+04    1.25639e-02    
1.53550e+04    1.25008e-02    
1.56123e+04    1.24381e-02    
1.58739e+04    1.23756e-02    
1.61399e+04    1.23134e-02    
1.64103e+04    1.22515e-02    
1.66853e+04    1.21899e-02    
1.69649e+04    1.21286e-02    
1.72492e+04    1.20676e-02    
1.75382e+04    1.20069e-02    
1.78321e+04    1.19465e-02    
1.81309e+04    1.18864e-02    
1.84347e+04    1.18265e-02    
1.87436e+04    1.17670e-02    
1.90576e+04    1.17077e-02    
1.93770e+04    1.16487e-02    
1.97016e+04    1.15900e-02    
2.00318e+04    1.15316e-02    
2.03674e+04    1.14734e-02    
2.07087e+04    1.14155e-02    
2.10557e+04    1.13579e-02    
2.14085e+04    1.13006e-02    
2.17672e+04    1.12436e-02    
2.21320e+04    1.11868e-02    
2.25028e+04    1.11303e-02    
2.28799e+04    1.10741e-02    
2.32633e+04    1.10181e-02    
2.36531e+04    1.09625e-02    
2.40494e+04    1.09070e-02    
2.44524e+04    1.08519e-02    
2.48621e+04    1.07970e-02    
2.52787e+04    1.07424e-02    
2.57023e+04    1.06880e-02    
2.61329e+04    1.06339e-02    
2.65708e+04    1.05801e-02    
2.70160e+04    1.05265e-02    
2.74687e+04    1.04732e-02    
2.79290e+04    1.04202e-02    
2.83970e+04    1.03674e-02    
2.88728e+04    1.03148e-02    
2.93566e+04    1.02625e-02    
2.98485e+04    1.02105e-02    
3.03486e+04    1.01587e-02    
3.08572e+04    1.01072e-02    
3.13742e+04    1.00559e-02    
3.18999e+04    1.00049e-02    
3.24344e+04    9.95408e-03    
3.29779e+04    9.90354e-03    
3.35305e+04    9.85324e-03    
3.40923e+04    9.80319e-03    
3.46636e+04    9.75339e-03    
3.52444e+04    9.70382e-03    
3.58350e+04    9.65450e-03    
3.64354e+04    9.60542e-03    
3.70460e+04    9.55657e-03    
3.76667e+04    9.50797e-03    
3.82979e+04    9.45960e-03    
3.89396e+04    9.41147e-03    
3.95921e+04    9.36357e-03    
4.02555e+04    9.31591e-03    
4.09300e+04    9.26847e-03    
4.16158e+04    9.22128e-03    
4.23131e+04    9.17431e-03    
4.30221e+04    9.12757e-03    
4.37430e+04    9.08106e-03    
4.44760e+04    9.03478e-03    
4.52212e+04    8.98872e-03    
4.59790e+04    8.94289e-03    
4.67494e+04    8.89728e-03    
4.75327e+04    8.85190e-03    
4.83292e+04    8.80674e-03    
4.91390e+04    8.76180e-03    
4.99624e+04    8.71709e-03    
5.07996e+04    8.67259e-03    
5.16508e+04    8.62831e-03    
5.25162e+04    8.58425e-03    
5.33962e+04    8.54040e-03    
5.42909e+04    8.49677e-03    
5.52006e+04    8.45336e-03    
5.61256e+04    8.41016e-03    
5.70660e+04    8.36717e-03    
5.80222e+04    8.32439e-03    
5.89945e+04    8.28183e-03    
5.99830e+04    8.23947e-03    
6.09881e+04    8.19732e-03    
6.20100e+04    8.15538e-03    
6.30490e+04    8.11365e-03    
6.41055e+04    8.07212e-03    
6.51797e+04    8.03080e-03    
6.62718e+04    7.98969e-03    
6.73823e+04    7.94877e-03    
6.85113e+04    7.90806e-03    
6.96593e+04    7.86755e-03    
7.08265e+04    7.82724e-03    
7.20133e+04    7.78713e-03    
7.32200e+04    7.74722e-03    
7.44469e+04    7.70750e-03    
7.56943e+04    7.66798e-03    
7.69627e+04    7.62866e-03    
7.82522e+04    7.58954e-03    
7.95635e+04    7.55060e-03    
8.08966e+04    7.51186e-03    
8.22521e+04    7.47332e-03    
8.36304e+04    7.43496e-03    
8.50317e+04    7.39679e-03    
8.64565e+04    7.35882e-03    
8.79052e+04    7.32103e-03    
8.93781e+04    7.28343e-03    
9.08758e+04    7.24602e-03    
9.23985e+04    7.20879e-03    
9.39467e+04    7.17175e-03    
9.55209e+04    7.13490e-03    
9.71215e+04    7.09822e-03    
9.87488e+04    7.06173e-03    
1.00403e+05    7.02542e-03    
1.02086e+05    6.98930e-03    
1.03796e+05    6.95335e-03    
1.05536e+05    6.91758e-03    
1.07304e+05    6.88199e-03    
1.09102e+05    6.84658e-03    
1.10930e+05    6.81134e-03    
1.12789e+05    6.77628e-03    
1.14679e+05    6.74140e-03    
1.16600e+05    6.70669e-03    
1.18554e+05    6.67215e-03    
1.20541e+05    6.63779e-03    
1.22560e+05    6.60360e-03    
1.24614e+05    6.56957e-03    
1.26702e+05    6.53572e-03    
1.28825e+05    6.50204e-03    
1.30984e+05    6.46853e-03    
1.33179e+05    6.43518e-03    
1.35410e+05    6.40201e-03    
1.37679e+05    6.36900e-03    
1.39986e+05    6.33615e-03    
1.42332e+05    6.30347e-03    
1.44717e+05    6.27095e-03    
1.47142e+05    6.23860e-03    
1.49607e+05    6.20641e-03    
1.52114e+05    6.17437e-03    
1.54663e+05    6.14251e-03    
1.57254e+05    6.11080e-03    
1.59889e+05    6.07925e-03    
1.62568e+05    6.04785e-03    
1.65292e+05    6.01662e-03    
1.68062e+05    5.98554e-03    
1.70878e+05    5.95462e-03    
1.73741e+05    5.92386e-03    
1.76653e+05    5.89325e-03    
1.79613e+05    5.86279e-03    
1.82622e+05    5.83249e-03    
1.85682e+05    5.80234e-03    
1.88794e+05    5.77234e-03    
1.91957e+05    5.74250e-03    
1.95173e+05    5.71280e-03    
1.98444e+05    5.68326e-03    
2.01769e+05    5.65386e-03    
2.05150e+05    5.62461e-03    
2.08587e+05    5.59551e-03    
2.12083e+05    5.56655e-03    
2.15636e+05    5.53774e-03    
2.19249e+05    5.50908e-03    
2.22923e+05    5.48056e-03    
2.26659e+05    5.45219e-03    
2.30456e+05    5.42396e-03    
2.34318e+05    5.39587e-03    
2.38244e+05    5.36792e-03    
2.42236e+05    5.34012e-03    
2.46295e+05    5.31246e-03    
2.50422e+05    5.28493e-03    
2.54618e+05    5.25755e-03    
2.58885e+05    5.23030e-03    
2.63223e+05    5.20319e-03    
2.67633e+05    5.17622e-03    
2.72118e+05    5.14939e-03    
2.76677e+05    5.12269e-03    
2.81313e+05    5.09613e-03    
2.86027e+05    5.06970e-03    
2.90820e+05    5.04341e-03    
2.95693e+05    5.01724e-03    
3.00648e+05    4.99122e-03    
3.05685e+05    4.96532e-03    
3.10807e+05    4.93956e-03    
3.16015e+05    4.91392e-03    
3.21310e+05    4.88842e-03    
3.26694e+05    4.86304e-03    
3.32168e+05    4.83780e-03    
3.37734e+05    4.81268e-03    
3.43393e+05    4.78769e-03    
3.49147e+05    4.76283e-03    
3.54998e+05    4.73810e-03    
3.60946e+05    4.71349e-03    
3.66994e+05    4.68900e-03    
3.73144e+05    4.66464e-03    
3.79396e+05    4.64040e-03    
3.85753e+05    4.61629e-03    
3.92217e+05    4.59230e-03    
3.98789e+05    4.56843e-03    
4.05471e+05    4.54469e-03    
4.12265e+05    4.52106e-03    
4.19173e+05    4.49756e-03    
4.26197e+05    4.47417e-03    
4.33338e+05    4.45091e-03    
4.40600e+05    4.42776e-03    
4.47982e+05    4.40473e-03    
4.55489e+05    4.38182e-03    
4.63121e+05    4.35902e-03    
4.70881e+05    4.33634e-03    
4.78771e+05    4.31378e-03    
4.86794e+05    4.29133e-03    
4.94950e+05    4.26900e-03    
5.03244e+05    4.24678e-03    
5.11676e+05    4.22468e-03    
5.20250e+05    4.20268e-03    
5.28967e+05    4.18080e-03    
5.37831e+05    4.15903e-03    
5.46843e+05    4.13738e-03    
5.56006e+05    4.11583e-03    
5.65322e+05    4.09440e-03    
5.74795e+05    4.07307e-03    
5.84426e+05    4.05185e-03    
5.94219e+05    4.03074e-03    
6.04176e+05    4.00974e-03    
6.14299e+05    3.98885e-03    
6.24593e+05    3.96806e-03    
6.35058e+05    3.94738e-03    
6.45699e+05    3.92681e-03    
6.56519e+05    3.90634e-03    
6.67520e+05    3.88598e-03    
6.78705e+05    3.86572e-03    
6.90077e+05    3.84556e-03    
7.01640e+05    3.82551e-03    
7.13397e+05    3.80556e-03    
7.25351e+05    3.78571e-03    
7.37505e+05    3.76597e-03    
7.49863e+05    3.74632e-03    
7.62427e+05    3.72678e-03    
7.75203e+05    3.70734e-03    
7.88192e+05    3.68799e-03    
8.01399e+05    3.66875e-03    
8.14827e+05    3.64960e-03    
8.28481e+05    3.63056e-03    
8.42363e+05    3.61161e-03    
8.56478e+05    3.59276e-03    
8.70829e+05    3.57400e-03    
8.85421e+05    3.55534e-03    
9.00257e+05    3.53678e-03    
9.15342e+05    3.51831e-03    
9.30679e+05    3.49994e-03    
9.46274e+05    3.48166e-03    
9.62130e+05    3.46348e-03    
9.78251e+05    3.44539e-03    
9.94643e+05    3.42739e-03    
1.01131e+06    3.40949e-03    
1.02826e+06    3.39167e-03    
1.04548e+06    3.37395e-03    
1.06300e+06    3.35632e-03    
1.08081e+06    3.33879e-03    
1.09892e+06    3.32134e-03    
1.11734e+06    3.30398e-03    
1.13606e+06    3.28671e-03    
1.15510e+06    3.26953e-03    
1.17445e+06    3.25244e-03    
1.19413e+06    3.23543e-03    
1.21414e+06    3.21852e-03    
1.23448e+06    3.20169e-03    
1.25517e+06    3.18495e-03    
1.27620e+06    3.16829e-03    
1.29759e+06    3.15172e-03    
1.31933e+06    3.13524e-03    
1.34144e+06    3.11884e-03    
1.36391e+06    3.10252e-03    
1.38677e+06    3.08629e-03    
1.41000e+06    3.07015e-03    
1.43363e+06    3.05408e-03    
1.45765e+06    3.03810e-03    
1.48208e+06    3.02220e-03    
1.50691e+06    3.00639e-03    
1.53216e+06    2.99065e-03    
1.55783e+06    2.97500e-03    
1.58394e+06    2.95943e-03    
1.61048e+06    2.94394e-03    
1.63746e+06    2.92852e-03    
1.66490e+06    2.91319e-03    
1.69280e+06    2.89794e-03    
1.72116e+06    2.88277e-03    
1.75000e+06    2.86767e-03    

