# USINE V4.0
# File generated 12-05-2022 05:02:50
# Model1DKisoVc
# HE/O
# SolMod0DFF_phi0_670GV
# R [GV]       TOA [-]
9.71391e-02    3.75282e+01    
9.87620e-02    3.75262e+01    
1.00412e-01    3.75242e+01    
1.02090e-01    3.75221e+01    
1.03795e-01    3.75200e+01    
1.05529e-01    3.75178e+01    
1.07292e-01    3.75156e+01    
1.09085e-01    3.75134e+01    
1.10908e-01    3.75111e+01    
1.12761e-01    3.75088e+01    
1.14644e-01    3.75065e+01    
1.16560e-01    3.75041e+01    
1.18507e-01    3.75016e+01    
1.20487e-01    3.74992e+01    
1.22500e-01    3.74966e+01    
1.24547e-01    3.74940e+01    
1.26628e-01    3.74914e+01    
1.28743e-01    3.74888e+01    
1.30894e-01    3.74860e+01    
1.33081e-01    3.74833e+01    
1.35304e-01    3.74804e+01    
1.37565e-01    3.74776e+01    
1.39863e-01    3.74747e+01    
1.42200e-01    3.74717e+01    
1.44576e-01    3.74686e+01    
1.46991e-01    3.74656e+01    
1.49447e-01    3.74624e+01    
1.51944e-01    3.74592e+01    
1.54482e-01    3.74560e+01    
1.57063e-01    3.74526e+01    
1.59687e-01    3.74493e+01    
1.62355e-01    3.74458e+01    
1.65068e-01    3.74423e+01    
1.67826e-01    3.74387e+01    
1.70630e-01    3.74351e+01    
1.73480e-01    3.74314e+01    
1.76379e-01    3.74276e+01    
1.79325e-01    3.74238e+01    
1.82322e-01    3.74199e+01    
1.85368e-01    3.74159e+01    
1.88465e-01    3.74119e+01    
1.91613e-01    3.74077e+01    
1.94815e-01    3.74035e+01    
1.98069e-01    3.73992e+01    
2.01379e-01    3.73949e+01    
2.04743e-01    3.73904e+01    
2.08164e-01    3.73857e+01    
2.11642e-01    3.73809e+01    
2.15178e-01    3.73760e+01    
2.18773e-01    3.73709e+01    
2.22428e-01    3.73656e+01    
2.26144e-01    3.73602e+01    
2.29922e-01    3.73546e+01    
2.33763e-01    3.73488e+01    
2.37669e-01    3.73429e+01    
2.41640e-01    3.73367e+01    
2.45677e-01    3.73304e+01    
2.49781e-01    3.73239e+01    
2.53954e-01    3.73171e+01    
2.58197e-01    3.73102e+01    
2.62511e-01    3.73030e+01    
2.66897e-01    3.72956e+01    
2.71356e-01    3.72880e+01    
2.75890e-01    3.72802e+01    
2.80499e-01    3.72721e+01    
2.85185e-01    3.72638e+01    
2.89950e-01    3.72552e+01    
2.94794e-01    3.72463e+01    
2.99719e-01    3.72372e+01    
3.04727e-01    3.72278e+01    
3.09818e-01    3.72182e+01    
3.14994e-01    3.72082e+01    
3.20257e-01    3.71980e+01    
3.25607e-01    3.71874e+01    
3.31047e-01    3.71766e+01    
3.36578e-01    3.71654e+01    
3.42201e-01    3.71539e+01    
3.47919e-01    3.71420e+01    
3.53731e-01    3.71299e+01    
3.59641e-01    3.71173e+01    
3.65650e-01    3.71045e+01    
3.71759e-01    3.70912e+01    
3.77970e-01    3.70776e+01    
3.84285e-01    3.70636e+01    
3.90705e-01    3.70492e+01    
3.97233e-01    3.70344e+01    
4.03869e-01    3.70192e+01    
4.10617e-01    3.70036e+01    
4.17477e-01    3.69876e+01    
4.24452e-01    3.69711e+01    
4.31543e-01    3.69542e+01    
4.38753e-01    3.69369e+01    
4.46084e-01    3.69191e+01    
4.53536e-01    3.69008e+01    
4.61114e-01    3.68821e+01    
4.68818e-01    3.68629e+01    
4.76650e-01    3.68432e+01    
4.84614e-01    3.68230e+01    
4.92710e-01    3.68024e+01    
5.00942e-01    3.67812e+01    
5.09311e-01    3.67595e+01    
5.17820e-01    3.67373e+01    
5.26472e-01    3.67145e+01    
5.35268e-01    3.66913e+01    
5.44210e-01    3.66675e+01    
5.53303e-01    3.66432e+01    
5.62547e-01    3.66183e+01    
5.71945e-01    3.65929e+01    
5.81501e-01    3.65669e+01    
5.91216e-01    3.65404e+01    
6.01094e-01    3.65133e+01    
6.11136e-01    3.64857e+01    
6.21347e-01    3.64576e+01    
6.31728e-01    3.64289e+01    
6.42282e-01    3.63996e+01    
6.53013e-01    3.63699e+01    
6.63923e-01    3.63396e+01    
6.75015e-01    3.63088e+01    
6.86293e-01    3.62775e+01    
6.97759e-01    3.62457e+01    
7.09416e-01    3.62134e+01    
7.21269e-01    3.61807e+01    
7.33319e-01    3.61476e+01    
7.45571e-01    3.61141e+01    
7.58027e-01    3.60802e+01    
7.70692e-01    3.60460e+01    
7.83568e-01    3.60115e+01    
7.96659e-01    3.59768e+01    
8.09969e-01    3.59418e+01    
8.23501e-01    3.59067e+01    
8.37260e-01    3.58714e+01    
8.51248e-01    3.58361e+01    
8.65470e-01    3.58007e+01    
8.79929e-01    3.57655e+01    
8.94631e-01    3.57303e+01    
9.09577e-01    3.56953e+01    
9.24774e-01    3.56605e+01    
9.40224e-01    3.56260e+01    
9.55933e-01    3.55919e+01    
9.71904e-01    3.55582e+01    
9.88141e-01    3.55250e+01    
1.00465e+00    3.54923e+01    
1.02144e+00    3.54603e+01    
1.03850e+00    3.54289e+01    
1.05585e+00    3.53983e+01    
1.07349e+00    3.53686e+01    
1.09143e+00    3.53398e+01    
1.10966e+00    3.53120e+01    
1.12820e+00    3.52852e+01    
1.14705e+00    3.52595e+01    
1.16621e+00    3.52351e+01    
1.18570e+00    3.52118e+01    
1.20551e+00    3.51899e+01    
1.22565e+00    3.51693e+01    
1.24612e+00    3.51500e+01    
1.26694e+00    3.51320e+01    
1.28811e+00    3.51153e+01    
1.30963e+00    3.50999e+01    
1.33151e+00    3.50858e+01    
1.35376e+00    3.50729e+01    
1.37638e+00    3.50613e+01    
1.39937e+00    3.50509e+01    
1.42275e+00    3.50419e+01    
1.44652e+00    3.50341e+01    
1.47069e+00    3.50277e+01    
1.49526e+00    3.50227e+01    
1.52024e+00    3.50191e+01    
1.54564e+00    3.50170e+01    
1.57146e+00    3.50164e+01    
1.59772e+00    3.50174e+01    
1.62441e+00    3.50200e+01    
1.65155e+00    3.50243e+01    
1.67914e+00    3.50302e+01    
1.70720e+00    3.50378e+01    
1.73572e+00    3.50471e+01    
1.76472e+00    3.50580e+01    
1.79420e+00    3.50706e+01    
1.82418e+00    3.50848e+01    
1.85465e+00    3.51007e+01    
1.88564e+00    3.51183e+01    
1.91714e+00    3.51374e+01    
1.94917e+00    3.51581e+01    
1.98174e+00    3.51802e+01    
2.01485e+00    3.52037e+01    
2.04851e+00    3.52286e+01    
2.08274e+00    3.52549e+01    
2.11753e+00    3.52828e+01    
2.15291e+00    3.53125e+01    
2.18888e+00    3.53443e+01    
2.22545e+00    3.53782e+01    
2.26263e+00    3.54145e+01    
2.30043e+00    3.54531e+01    
2.33887e+00    3.54940e+01    
2.37794e+00    3.55369e+01    
2.41767e+00    3.55814e+01    
2.45806e+00    3.56269e+01    
2.49913e+00    3.56731e+01    
2.54089e+00    3.57195e+01    
2.58334e+00    3.57658e+01    
2.62650e+00    3.58118e+01    
2.67038e+00    3.58577e+01    
2.71499e+00    3.59033e+01    
2.76035e+00    3.59490e+01    
2.80647e+00    3.59949e+01    
2.85336e+00    3.60412e+01    
2.90103e+00    3.60882e+01    
2.94950e+00    3.61363e+01    
2.99878e+00    3.61856e+01    
3.04888e+00    3.62365e+01    
3.09981e+00    3.62892e+01    
3.15160e+00    3.63437e+01    
3.20426e+00    3.64000e+01    
3.25779e+00    3.64575e+01    
3.31222e+00    3.65153e+01    
3.36756e+00    3.65723e+01    
3.42382e+00    3.66269e+01    
3.48102e+00    3.66773e+01    
3.53918e+00    3.67218e+01    
3.59831e+00    3.67584e+01    
3.65843e+00    3.67856e+01    
3.71955e+00    3.68021e+01    
3.78169e+00    3.68067e+01    
3.84488e+00    3.67990e+01    
3.90911e+00    3.67788e+01    
3.97442e+00    3.67465e+01    
4.04082e+00    3.67029e+01    
4.10834e+00    3.66490e+01    
4.17697e+00    3.65864e+01    
4.24676e+00    3.65164e+01    
4.31771e+00    3.64404e+01    
4.38985e+00    3.63599e+01    
4.46319e+00    3.62759e+01    
4.53776e+00    3.61893e+01    
4.61357e+00    3.61011e+01    
4.69065e+00    3.60118e+01    
4.76902e+00    3.59219e+01    
4.84869e+00    3.58318e+01    
4.92970e+00    3.57418e+01    
5.01206e+00    3.56521e+01    
5.09580e+00    3.55630e+01    
5.18094e+00    3.54746e+01    
5.26750e+00    3.53870e+01    
5.35550e+00    3.53005e+01    
5.44498e+00    3.52152e+01    
5.53595e+00    3.51309e+01    
5.62844e+00    3.50477e+01    
5.72247e+00    3.49654e+01    
5.81808e+00    3.48839e+01    
5.91528e+00    3.48032e+01    
6.01411e+00    3.47232e+01    
6.11459e+00    3.46440e+01    
6.21675e+00    3.45657e+01    
6.32061e+00    3.44884e+01    
6.42621e+00    3.44123e+01    
6.53358e+00    3.43375e+01    
6.64273e+00    3.42639e+01    
6.75372e+00    3.41916e+01    
6.86655e+00    3.41205e+01    
6.98127e+00    3.40505e+01    
7.09791e+00    3.39814e+01    
7.21649e+00    3.39132e+01    
7.33706e+00    3.38459e+01    
7.45964e+00    3.37791e+01    
7.58427e+00    3.37129e+01    
7.71099e+00    3.36470e+01    
7.83981e+00    3.35812e+01    
7.97080e+00    3.35155e+01    
8.10397e+00    3.34498e+01    
8.23936e+00    3.33839e+01    
8.37702e+00    3.33181e+01    
8.51697e+00    3.32526e+01    
8.65927e+00    3.31873e+01    
8.80394e+00    3.31226e+01    
8.95103e+00    3.30585e+01    
9.10057e+00    3.29951e+01    
9.25262e+00    3.29322e+01    
9.40720e+00    3.28698e+01    
9.56437e+00    3.28077e+01    
9.72417e+00    3.27457e+01    
9.88663e+00    3.26839e+01    
1.00518e+01    3.26222e+01    
1.02197e+01    3.25606e+01    
1.03905e+01    3.24994e+01    
1.05641e+01    3.24385e+01    
1.07406e+01    3.23779e+01    
1.09200e+01    3.23180e+01    
1.11025e+01    3.22587e+01    
1.12880e+01    3.22001e+01    
1.14765e+01    3.21422e+01    
1.16683e+01    3.20849e+01    
1.18632e+01    3.20283e+01    
1.20614e+01    3.19722e+01    
1.22629e+01    3.19167e+01    
1.24678e+01    3.18615e+01    
1.26761e+01    3.18067e+01    
1.28879e+01    3.17523e+01    
1.31032e+01    3.16980e+01    
1.33222e+01    3.16440e+01    
1.35447e+01    3.15901e+01    
1.37710e+01    3.15363e+01    
1.40011e+01    3.14826e+01    
1.42350e+01    3.14291e+01    
1.44728e+01    3.13760e+01    
1.47146e+01    3.13231e+01    
1.49605e+01    3.12706e+01    
1.52104e+01    3.12184e+01    
1.54646e+01    3.11666e+01    
1.57229e+01    3.11150e+01    
1.59856e+01    3.10638e+01    
1.62527e+01    3.10129e+01    
1.65242e+01    3.09624e+01    
1.68003e+01    3.09121e+01    
1.70810e+01    3.08622e+01    
1.73664e+01    3.08126e+01    
1.76565e+01    3.07633e+01    
1.79515e+01    3.07144e+01    
1.82514e+01    3.06657e+01    
1.85563e+01    3.06173e+01    
1.88664e+01    3.05693e+01    
1.91816e+01    3.05216e+01    
1.95020e+01    3.04742e+01    
1.98279e+01    3.04270e+01    
2.01591e+01    3.03802e+01    
2.04959e+01    3.03337e+01    
2.08384e+01    3.02875e+01    
2.11865e+01    3.02416e+01    
2.15405e+01    3.01960e+01    
2.19004e+01    3.01507e+01    
2.22662e+01    3.01056e+01    
2.26383e+01    3.00609e+01    
2.30165e+01    3.00165e+01    
2.34010e+01    2.99724e+01    
2.37920e+01    2.99285e+01    
2.41895e+01    2.98850e+01    
2.45936e+01    2.98417e+01    
2.50045e+01    2.97988e+01    
2.54223e+01    2.97562e+01    
2.58470e+01    2.97138e+01    
2.62788e+01    2.96718e+01    
2.67179e+01    2.96300e+01    
2.71643e+01    2.95885e+01    
2.76181e+01    2.95474e+01    
2.80795e+01    2.95065e+01    
2.85486e+01    2.94659e+01    
2.90256e+01    2.94256e+01    
2.95105e+01    2.93856e+01    
3.00036e+01    2.93458e+01    
3.05049e+01    2.93064e+01    
3.10145e+01    2.92673e+01    
3.15327e+01    2.92284e+01    
3.20595e+01    2.91898e+01    
3.25951e+01    2.91515e+01    
3.31397e+01    2.91135e+01    
3.36934e+01    2.90758e+01    
3.42563e+01    2.90384e+01    
3.48286e+01    2.90012e+01    
3.54105e+01    2.89644e+01    
3.60021e+01    2.89278e+01    
3.66036e+01    2.88915e+01    
3.72151e+01    2.88555e+01    
3.78369e+01    2.88197e+01    
3.84691e+01    2.87842e+01    
3.91118e+01    2.87490e+01    
3.97652e+01    2.87141e+01    
4.04296e+01    2.86795e+01    
4.11050e+01    2.86451e+01    
4.17918e+01    2.86110e+01    
4.24900e+01    2.85772e+01    
4.31999e+01    2.85437e+01    
4.39217e+01    2.85104e+01    
4.46555e+01    2.84774e+01    
4.54015e+01    2.84447e+01    
4.61601e+01    2.84122e+01    
4.69313e+01    2.83800e+01    
4.77154e+01    2.83481e+01    
4.85125e+01    2.83165e+01    
4.93231e+01    2.82851e+01    
5.01471e+01    2.82540e+01    
5.09849e+01    2.82231e+01    
5.18367e+01    2.81925e+01    
5.27028e+01    2.81622e+01    
5.35833e+01    2.81321e+01    
5.44785e+01    2.81024e+01    
5.53887e+01    2.80728e+01    
5.63141e+01    2.80436e+01    
5.72549e+01    2.80145e+01    
5.82115e+01    2.79858e+01    
5.91841e+01    2.79573e+01    
6.01729e+01    2.79291e+01    
6.11782e+01    2.79011e+01    
6.22003e+01    2.78734e+01    
6.32395e+01    2.78459e+01    
6.42960e+01    2.78187e+01    
6.53703e+01    2.77918e+01    
6.64624e+01    2.77651e+01    
6.75728e+01    2.77386e+01    
6.87018e+01    2.77125e+01    
6.98496e+01    2.76865e+01    
7.10166e+01    2.76608e+01    
7.22030e+01    2.76354e+01    
7.34094e+01    2.76102e+01    
7.46358e+01    2.75853e+01    
7.58828e+01    2.75607e+01    
7.71506e+01    2.75362e+01    
7.84395e+01    2.75121e+01    
7.97500e+01    2.74881e+01    
8.10824e+01    2.74645e+01    
8.24371e+01    2.74410e+01    
8.38144e+01    2.74179e+01    
8.52147e+01    2.73950e+01    
8.66384e+01    2.73723e+01    
8.80859e+01    2.73499e+01    
8.95575e+01    2.73277e+01    
9.10538e+01    2.73057e+01    
9.25750e+01    2.72841e+01    
9.41217e+01    2.72626e+01    
9.56942e+01    2.72415e+01    
9.72930e+01    2.72205e+01    
9.89185e+01    2.71999e+01    
1.00571e+02    2.71794e+01    
1.02251e+02    2.71593e+01    
1.03960e+02    2.71393e+01    
1.05697e+02    2.71197e+01    
1.07463e+02    2.71002e+01    
1.09258e+02    2.70811e+01    
1.11083e+02    2.70622e+01    
1.12939e+02    2.70435e+01    
1.14826e+02    2.70251e+01    
1.16744e+02    2.70070e+01    
1.18695e+02    2.69891e+01    
1.20678e+02    2.69715e+01    
1.22694e+02    2.69542e+01    
1.24744e+02    2.69371e+01    
1.26828e+02    2.69203e+01    
1.28947e+02    2.69038e+01    
1.31102e+02    2.68875e+01    
1.33292e+02    2.68715e+01    
1.35519e+02    2.68558e+01    
1.37783e+02    2.68404e+01    
1.40085e+02    2.68252e+01    
1.42425e+02    2.68103e+01    
1.44805e+02    2.67958e+01    
1.47224e+02    2.67815e+01    
1.49684e+02    2.67675e+01    
1.52185e+02    2.67538e+01    
1.54727e+02    2.67404e+01    
1.57312e+02    2.67273e+01    
1.59940e+02    2.67145e+01    
1.62613e+02    2.67020e+01    
1.65329e+02    2.66898e+01    
1.68092e+02    2.66779e+01    
1.70900e+02    2.66663e+01    
1.73755e+02    2.66551e+01    
1.76658e+02    2.66442e+01    
1.79610e+02    2.66336e+01    
1.82610e+02    2.66233e+01    
1.85661e+02    2.66133e+01    
1.88763e+02    2.66037e+01    
1.91917e+02    2.65944e+01    
1.95123e+02    2.65854e+01    
1.98383e+02    2.65767e+01    
2.01698e+02    2.65684e+01    
2.05067e+02    2.65604e+01    
2.08494e+02    2.65527e+01    
2.11977e+02    2.65454e+01    
2.15518e+02    2.65384e+01    
2.19119e+02    2.65317e+01    
2.22780e+02    2.65253e+01    
2.26502e+02    2.65192e+01    
2.30286e+02    2.65135e+01    
2.34134e+02    2.65080e+01    
2.38045e+02    2.65029e+01    
2.42023e+02    2.64981e+01    
2.46066e+02    2.64936e+01    
2.50177e+02    2.64893e+01    
2.54357e+02    2.64854e+01    
2.58606e+02    2.64817e+01    
2.62927e+02    2.64783e+01    
2.67320e+02    2.64751e+01    
2.71786e+02    2.64722e+01    
2.76327e+02    2.64696e+01    
2.80943e+02    2.64672e+01    
2.85637e+02    2.64651e+01    
2.90409e+02    2.64632e+01    
2.95261e+02    2.64615e+01    
3.00194e+02    2.64600e+01    
3.05210e+02    2.64588e+01    
3.10309e+02    2.64577e+01    
3.15493e+02    2.64569e+01    
3.20764e+02    2.64562e+01    
3.26123e+02    2.64557e+01    
3.31572e+02    2.64554e+01    
3.37112e+02    2.64552e+01    
3.42744e+02    2.64552e+01    
3.48470e+02    2.64554e+01    
3.54292e+02    2.64557e+01    
3.60211e+02    2.64562e+01    
3.66229e+02    2.64568e+01    
3.72348e+02    2.64576e+01    
3.78569e+02    2.64584e+01    
3.84894e+02    2.64595e+01    
3.91324e+02    2.64606e+01    
3.97862e+02    2.64618e+01    
4.04509e+02    2.64632e+01    
4.11267e+02    2.64647e+01    
4.18139e+02    2.64663e+01    
4.25124e+02    2.64679e+01    
4.32227e+02    2.64697e+01    
4.39448e+02    2.64716e+01    
4.46790e+02    2.64736e+01    
4.54255e+02    2.64757e+01    
4.61844e+02    2.64778e+01    
4.69560e+02    2.64801e+01    
4.77405e+02    2.64825e+01    
4.85382e+02    2.64849e+01    
4.93491e+02    2.64874e+01    
5.01736e+02    2.64900e+01    
5.10118e+02    2.64927e+01    
5.18641e+02    2.64954e+01    
5.27306e+02    2.64983e+01    
5.36116e+02    2.65012e+01    
5.45073e+02    2.65042e+01    
5.54179e+02    2.65072e+01    
5.63438e+02    2.65104e+01    
5.72852e+02    2.65136e+01    
5.82422e+02    2.65168e+01    
5.92153e+02    2.65202e+01    
6.02046e+02    2.65236e+01    
6.12105e+02    2.65271e+01    
6.22331e+02    2.65306e+01    
6.32729e+02    2.65342e+01    
6.43300e+02    2.65379e+01    
6.54048e+02    2.65417e+01    
6.64975e+02    2.65455e+01    
6.76085e+02    2.65494e+01    
6.87380e+02    2.65533e+01    
6.98864e+02    2.65573e+01    
7.10540e+02    2.65614e+01    
7.22412e+02    2.65655e+01    
7.34481e+02    2.65697e+01    
7.46752e+02    2.65740e+01    
7.59228e+02    2.65783e+01    
7.71913e+02    2.65827e+01    
7.84809e+02    2.65871e+01    
7.97921e+02    2.65916e+01    
8.11252e+02    2.65961e+01    
8.24806e+02    2.66008e+01    
8.38586e+02    2.66054e+01    
8.52597e+02    2.66102e+01    
8.66841e+02    2.66150e+01    
8.81324e+02    2.66198e+01    
8.96048e+02    2.66247e+01    
9.11019e+02    2.66297e+01    
9.26239e+02    2.66347e+01    
9.41714e+02    2.66398e+01    
9.57447e+02    2.66450e+01    
9.73444e+02    2.66502e+01    
9.89707e+02    2.66554e+01    
1.00624e+03    2.66607e+01    
1.02305e+03    2.66661e+01    
1.04015e+03    2.66715e+01    
1.05752e+03    2.66770e+01    
1.07519e+03    2.66825e+01    
1.09316e+03    2.66881e+01    
1.11142e+03    2.66938e+01    
1.12999e+03    2.66995e+01    
1.14887e+03    2.67052e+01    
1.16806e+03    2.67110e+01    
1.18758e+03    2.67169e+01    
1.20742e+03    2.67228e+01    
1.22759e+03    2.67288e+01    
1.24810e+03    2.67348e+01    
1.26895e+03    2.67409e+01    
1.29015e+03    2.67471e+01    
1.31171e+03    2.67532e+01    
1.33362e+03    2.67595e+01    
1.35590e+03    2.67658e+01    
1.37856e+03    2.67721e+01    
1.40159e+03    2.67785e+01    
1.42500e+03    2.67850e+01    
1.44881e+03    2.67915e+01    
1.47302e+03    2.67981e+01    
1.49763e+03    2.68047e+01    
1.52265e+03    2.68113e+01    
1.54809e+03    2.68181e+01    
1.57395e+03    2.68248e+01    
1.60025e+03    2.68316e+01    
1.62698e+03    2.68385e+01    
1.65417e+03    2.68454e+01    
1.68180e+03    2.68524e+01    
1.70990e+03    2.68594e+01    
1.73847e+03    2.68665e+01    
1.76751e+03    2.68736e+01    
1.79704e+03    2.68808e+01    
1.82707e+03    2.68880e+01    
1.85759e+03    2.68953e+01    
1.88863e+03    2.69027e+01    
1.92018e+03    2.69100e+01    
1.95226e+03    2.69175e+01    
1.98488e+03    2.69249e+01    
2.01804e+03    2.69325e+01    
2.05176e+03    2.69400e+01    
2.08604e+03    2.69477e+01    
2.12089e+03    2.69553e+01    
2.15632e+03    2.69631e+01    
2.19235e+03    2.69708e+01    
2.22898e+03    2.69787e+01    
2.26622e+03    2.69865e+01    
2.30408e+03    2.69944e+01    
2.34257e+03    2.70024e+01    
2.38171e+03    2.70104e+01    
2.42150e+03    2.70185e+01    
2.46196e+03    2.70266e+01    
2.50309e+03    2.70348e+01    
2.54491e+03    2.70430e+01    
2.58743e+03    2.70512e+01    
2.63066e+03    2.70595e+01    
2.67461e+03    2.70679e+01    
2.71929e+03    2.70763e+01    
2.76473e+03    2.70847e+01    
2.81092e+03    2.70932e+01    
2.85788e+03    2.71017e+01    
2.90563e+03    2.71103e+01    
2.95417e+03    2.71189e+01    
3.00353e+03    2.71276e+01    
3.05371e+03    2.71363e+01    
3.10473e+03    2.71451e+01    
3.15660e+03    2.71539e+01    
3.20934e+03    2.71628e+01    
3.26295e+03    2.71717e+01    
3.31747e+03    2.71806e+01    
3.37290e+03    2.71896e+01    
3.42925e+03    2.71987e+01    
3.48654e+03    2.72078e+01    
3.54479e+03    2.72169e+01    
3.60401e+03    2.72261e+01    
3.66423e+03    2.72353e+01    
3.72545e+03    2.72445e+01    
3.78769e+03    2.72538e+01    
3.85097e+03    2.72632e+01    
3.91531e+03    2.72726e+01    
3.98072e+03    2.72820e+01    
4.04723e+03    2.72915e+01    
4.11485e+03    2.73011e+01    
4.18359e+03    2.73106e+01    
4.25349e+03    2.73202e+01    
4.32455e+03    2.73299e+01    
4.39680e+03    2.73396e+01    
4.47026e+03    2.73494e+01    
4.54495e+03    2.73591e+01    
4.62088e+03    2.73690e+01    
4.69808e+03    2.73789e+01    
4.77657e+03    2.73888e+01    
4.85638e+03    2.73987e+01    
4.93751e+03    2.74087e+01    
5.02001e+03    2.74188e+01    
5.10388e+03    2.74289e+01    
5.18915e+03    2.74390e+01    
5.27584e+03    2.74492e+01    
5.36399e+03    2.74594e+01    
5.45361e+03    2.74696e+01    
5.54472e+03    2.74799e+01    
5.63736e+03    2.74903e+01    
5.73154e+03    2.75007e+01    
5.82730e+03    2.75111e+01    
5.92466e+03    2.75215e+01    
6.02364e+03    2.75321e+01    
6.12428e+03    2.75426e+01    
6.22660e+03    2.75532e+01    
6.33063e+03    2.75638e+01    
6.43639e+03    2.75745e+01    
6.54393e+03    2.75852e+01    
6.65326e+03    2.75959e+01    
6.76442e+03    2.76067e+01    
6.87743e+03    2.76176e+01    
6.99233e+03    2.76284e+01    
7.10916e+03    2.76393e+01    
7.22793e+03    2.76503e+01    
7.34869e+03    2.76613e+01    
7.47146e+03    2.76723e+01    
7.59629e+03    2.76834e+01    
7.72320e+03    2.76945e+01    
7.85224e+03    2.77056e+01    
7.98343e+03    2.77168e+01    
8.11681e+03    2.77280e+01    
8.25242e+03    2.77393e+01    
8.39029e+03    2.77506e+01    
8.53047e+03    2.77620e+01    
8.67299e+03    2.77733e+01    
8.81789e+03    2.77848e+01    
8.96521e+03    2.77962e+01    
9.11500e+03    2.78077e+01    
9.26728e+03    2.78193e+01    
9.42211e+03    2.78308e+01    
9.57953e+03    2.78424e+01    
9.73958e+03    2.78541e+01    
9.90230e+03    2.78658e+01    
1.00677e+04    2.78775e+01    
1.02359e+04    2.78893e+01    
1.04070e+04    2.79011e+01    
1.05808e+04    2.79129e+01    
1.07576e+04    2.79248e+01    
1.09373e+04    2.79367e+01    
1.11201e+04    2.79487e+01    
1.13058e+04    2.79606e+01    
1.14947e+04    2.79727e+01    
1.16868e+04    2.79847e+01    
1.18820e+04    2.79968e+01    
1.20805e+04    2.80090e+01    
1.22824e+04    2.80211e+01    
1.24876e+04    2.80333e+01    
1.26962e+04    2.80456e+01    
1.29083e+04    2.80579e+01    
1.31240e+04    2.80702e+01    
1.33433e+04    2.80825e+01    
1.35662e+04    2.80949e+01    
1.37928e+04    2.81074e+01    
1.40233e+04    2.81198e+01    
1.42576e+04    2.81323e+01    
1.44958e+04    2.81449e+01    
1.47380e+04    2.81574e+01    
1.49842e+04    2.81700e+01    
1.52345e+04    2.81827e+01    
1.54891e+04    2.81953e+01    
1.57478e+04    2.82081e+01    
1.60109e+04    2.82208e+01    
1.62784e+04    2.82336e+01    
1.65504e+04    2.82464e+01    
1.68269e+04    2.82592e+01    
1.71080e+04    2.82721e+01    
1.73939e+04    2.82851e+01    
1.76845e+04    2.82980e+01    
1.79799e+04    2.83110e+01    
1.82803e+04    2.83240e+01    
1.85857e+04    2.83371e+01    
1.88963e+04    2.83502e+01    
1.92120e+04    2.83633e+01    
1.95329e+04    2.83765e+01    
1.98593e+04    2.83897e+01    
2.01911e+04    2.84029e+01    
2.05284e+04    2.84161e+01    
2.08714e+04    2.84294e+01    
2.12201e+04    2.84428e+01    
2.15746e+04    2.84561e+01    
2.19351e+04    2.84695e+01    
2.23015e+04    2.84830e+01    
2.26741e+04    2.84964e+01    
2.30529e+04    2.85099e+01    
2.34381e+04    2.85235e+01    
2.38297e+04    2.85370e+01    
2.42278e+04    2.85506e+01    
2.46326e+04    2.85642e+01    
2.50441e+04    2.85779e+01    
2.54625e+04    2.85916e+01    
2.58880e+04    2.86053e+01    
2.63205e+04    2.86191e+01    
2.67602e+04    2.86329e+01    
2.72073e+04    2.86467e+01    
2.76619e+04    2.86606e+01    
2.81240e+04    2.86745e+01    
2.85939e+04    2.86884e+01    
2.90716e+04    2.87023e+01    
2.95573e+04    2.87163e+01    
3.00511e+04    2.87303e+01    
3.05532e+04    2.87444e+01    
3.10637e+04    2.87585e+01    
3.15826e+04    2.87726e+01    
3.21103e+04    2.87867e+01    
3.26468e+04    2.88009e+01    
3.31922e+04    2.88151e+01    
3.37468e+04    2.88294e+01    
3.43106e+04    2.88436e+01    
3.48838e+04    2.88579e+01    
3.54666e+04    2.88723e+01    
3.60592e+04    2.88866e+01    
3.66616e+04    2.89010e+01    
3.72741e+04    2.89155e+01    
3.78969e+04    2.89299e+01    
3.85300e+04    2.89444e+01    
3.91737e+04    2.89589e+01    
3.98282e+04    2.89735e+01    
4.04936e+04    2.89881e+01    
4.11702e+04    2.90027e+01    
4.18580e+04    2.90173e+01    
4.25573e+04    2.90320e+01    
4.32684e+04    2.90467e+01    
4.39913e+04    2.90614e+01    
4.47262e+04    2.90762e+01    
4.54735e+04    2.90910e+01    
4.62332e+04    2.91058e+01    
4.70056e+04    2.91207e+01    
4.77910e+04    2.91355e+01    
4.85894e+04    2.91505e+01    
4.94012e+04    2.91654e+01    
5.02266e+04    2.91804e+01    
5.10657e+04    2.91954e+01    
5.19189e+04    2.92104e+01    
5.27863e+04    2.92255e+01    
5.36682e+04    2.92406e+01    
5.45648e+04    2.92557e+01    
5.54765e+04    2.92708e+01    
5.64033e+04    2.92860e+01    
5.73457e+04    2.93012e+01    
5.83038e+04    2.93165e+01    
5.92778e+04    2.93317e+01    
6.02682e+04    2.93470e+01    
6.12751e+04    2.93624e+01    
6.22989e+04    2.93777e+01    
6.33397e+04    2.93931e+01    
6.43979e+04    2.94085e+01    
6.54738e+04    2.94239e+01    
6.65677e+04    2.94394e+01    
6.76799e+04    2.94549e+01    
6.88106e+04    2.94704e+01    
6.99602e+04    2.94860e+01    
7.11291e+04    2.95016e+01    
7.23175e+04    2.95172e+01    
7.35257e+04    2.95328e+01    
7.47541e+04    2.95485e+01    
7.60030e+04    2.95642e+01    
7.72728e+04    2.95799e+01    
7.85638e+04    2.95957e+01    
7.98764e+04    2.96115e+01    
8.12109e+04    2.96273e+01    
8.25677e+04    2.96431e+01    
8.39472e+04    2.96590e+01    
8.53497e+04    2.96749e+01    
8.67757e+04    2.96908e+01    
8.82254e+04    2.97067e+01    
8.96994e+04    2.97227e+01    
9.11981e+04    2.97387e+01    
9.27217e+04    2.97547e+01    
9.42709e+04    2.97708e+01    
9.58459e+04    2.97869e+01    
9.74472e+04    2.98030e+01    
9.90752e+04    2.98191e+01    
1.00731e+05    2.98353e+01    
1.02413e+05    2.98515e+01    
1.04124e+05    2.98677e+01    
1.05864e+05    2.98840e+01    
1.07633e+05    2.99002e+01    
1.09431e+05    2.99165e+01    
1.11259e+05    2.99329e+01    
1.13118e+05    2.99492e+01    
1.15008e+05    2.99656e+01    
1.16929e+05    2.99820e+01    
1.18883e+05    2.99985e+01    
1.20869e+05    3.00149e+01    
1.22889e+05    3.00314e+01    
1.24942e+05    3.00479e+01    
1.27029e+05    3.00645e+01    
1.29151e+05    3.00810e+01    
1.31309e+05    3.00976e+01    
1.33503e+05    3.01142e+01    
1.35734e+05    3.01309e+01    
1.38001e+05    3.01476e+01    
1.40307e+05    3.01643e+01    
1.42651e+05    3.01810e+01    
1.45034e+05    3.01977e+01    
1.47457e+05    3.02145e+01    
1.49921e+05    3.02313e+01    
1.52426e+05    3.02482e+01    
1.54972e+05    3.02650e+01    
1.57562e+05    3.02819e+01    
1.60194e+05    3.02988e+01    
1.62870e+05    3.03157e+01    
1.65591e+05    3.03327e+01    
1.68358e+05    3.03497e+01    
1.71171e+05    3.03667e+01    
1.74031e+05    3.03837e+01    
1.76938e+05    3.04008e+01    
1.79894e+05    3.04179e+01    
1.82900e+05    3.04350e+01    
1.85956e+05    3.04521e+01    
1.89062e+05    3.04693e+01    
1.92221e+05    3.04865e+01    
1.95432e+05    3.05037e+01    
1.98698e+05    3.05209e+01    
2.02017e+05    3.05382e+01    
2.05392e+05    3.05555e+01    
2.08824e+05    3.05728e+01    
2.12313e+05    3.05901e+01    
2.15860e+05    3.06075e+01    
2.19466e+05    3.06249e+01    
2.23133e+05    3.06423e+01    
2.26861e+05    3.06597e+01    
2.30651e+05    3.06772e+01    
2.34505e+05    3.06947e+01    
2.38423e+05    3.07122e+01    
2.42406e+05    3.07297e+01    
2.46456e+05    3.07473e+01    
2.50574e+05    3.07649e+01    
2.54760e+05    3.07825e+01    
2.59016e+05    3.08001e+01    
2.63344e+05    3.08178e+01    
2.67743e+05    3.08354e+01    
2.72217e+05    3.08532e+01    
2.76765e+05    3.08709e+01    
2.81389e+05    3.08886e+01    
2.86090e+05    3.09064e+01    
2.90870e+05    3.09242e+01    
2.95729e+05    3.09421e+01    
3.00670e+05    3.09599e+01    
3.05693e+05    3.09778e+01    
3.10801e+05    3.09957e+01    
3.15993e+05    3.10136e+01    
3.21273e+05    3.10316e+01    
3.26640e+05    3.10495e+01    
3.32097e+05    3.10675e+01    
3.37646e+05    3.10855e+01    
3.43287e+05    3.11036e+01    
3.49022e+05    3.11217e+01    
3.54853e+05    3.11398e+01    
3.60782e+05    3.11579e+01    
3.66810e+05    3.11760e+01    
3.72938e+05    3.11942e+01    
3.79169e+05    3.12124e+01    
3.85504e+05    3.12306e+01    
3.91944e+05    3.12488e+01    
3.98493e+05    3.12671e+01    
4.05150e+05    3.12853e+01    
4.11919e+05    3.13036e+01    
4.18801e+05    3.13220e+01    
4.25798e+05    3.13403e+01    
4.32912e+05    3.13587e+01    
4.40145e+05    3.13771e+01    
4.47498e+05    3.13955e+01    
4.54975e+05    3.14139e+01    
4.62576e+05    3.14324e+01    
4.70304e+05    3.14509e+01    
4.78162e+05    3.14694e+01    
4.86151e+05    3.14879e+01    
4.94273e+05    3.15065e+01    
5.02531e+05    3.15251e+01    
5.10927e+05    3.15437e+01    
5.19463e+05    3.15623e+01    
5.28142e+05    3.15810e+01    
5.36965e+05    3.15996e+01    
5.45937e+05    3.16183e+01    
5.55058e+05    3.16371e+01    
5.64331e+05    3.16558e+01    
5.73759e+05    3.16746e+01    
5.83345e+05    3.16933e+01    
5.93091e+05    3.17122e+01    
6.03000e+05    3.17310e+01    
6.13075e+05    3.17498e+01    
6.23317e+05    3.17687e+01    
6.33731e+05    3.17876e+01    
6.44319e+05    3.18065e+01    
6.55084e+05    3.18255e+01    
6.66029e+05    3.18445e+01    
6.77156e+05    3.18634e+01    
6.88469e+05    3.18825e+01    
6.99972e+05    3.19015e+01    
7.11666e+05    3.19205e+01    
7.23556e+05    3.19396e+01    
7.35645e+05    3.19587e+01    
7.47935e+05    3.19778e+01    
7.60431e+05    3.19970e+01    
7.73136e+05    3.20162e+01    
7.86053e+05    3.20354e+01    
7.99186e+05    3.20546e+01    
8.12538e+05    3.20738e+01    
8.26113e+05    3.20931e+01    
8.39915e+05    3.21123e+01    
8.53948e+05    3.21316e+01    
8.68215e+05    3.21510e+01    
8.82720e+05    3.21703e+01    
8.97468e+05    3.21897e+01    
9.12462e+05    3.22091e+01    
9.27707e+05    3.22285e+01    
9.43206e+05    3.22479e+01    
9.58965e+05    3.22673e+01    
9.74986e+05    3.22868e+01    
9.91275e+05    3.23063e+01    
1.00784e+06    3.23258e+01    
1.02467e+06    3.23454e+01    
1.04179e+06    3.23649e+01    
1.05920e+06    3.23845e+01    
1.07690e+06    3.24041e+01    
1.09489e+06    3.24238e+01    
1.11318e+06    3.24434e+01    
1.13178e+06    3.24631e+01    
1.15069e+06    3.24828e+01    
1.16991e+06    3.25025e+01    
1.18946e+06    3.25222e+01    
1.20933e+06    3.25420e+01    
1.22954e+06    3.25618e+01    
1.25008e+06    3.25815e+01    
1.27096e+06    3.26014e+01    
1.29220e+06    3.26212e+01    
1.31379e+06    3.26411e+01    
1.33574e+06    3.26610e+01    
1.35805e+06    3.26809e+01    
1.38074e+06    3.27008e+01    
1.40381e+06    3.27207e+01    
1.42726e+06    3.27407e+01    
1.45111e+06    3.27607e+01    
1.47535e+06    3.27807e+01    
1.50000e+06    3.28007e+01    

