# USINE V4.0
# File generated 12-05-2022 05:02:49
# Model1DKisoVc
# MG
# SolMod0DFF_phi0_670GV
# R [GV]       TOA [GV m^{2} s sr]^{-1}
9.35122e-02    2.72365e-04    
9.51055e-02    2.86360e-04    
9.67260e-02    3.01070e-04    
9.83741e-02    3.16533e-04    
1.00050e-01    3.32786e-04    
1.01755e-01    3.49871e-04    
1.03489e-01    3.67827e-04    
1.05252e-01    3.86702e-04    
1.07045e-01    4.06539e-04    
1.08869e-01    4.27390e-04    
1.10724e-01    4.49304e-04    
1.12611e-01    4.72336e-04    
1.14530e-01    4.96543e-04    
1.16481e-01    5.21983e-04    
1.18466e-01    5.48719e-04    
1.20484e-01    5.76817e-04    
1.22537e-01    6.06346e-04    
1.24625e-01    6.37377e-04    
1.26749e-01    6.69987e-04    
1.28908e-01    7.04255e-04    
1.31105e-01    7.40265e-04    
1.33339e-01    7.78105e-04    
1.35611e-01    8.17866e-04    
1.37921e-01    8.59646e-04    
1.40271e-01    9.03545e-04    
1.42661e-01    9.49671e-04    
1.45092e-01    9.98135e-04    
1.47564e-01    1.04905e-03    
1.50078e-01    1.10255e-03    
1.52636e-01    1.15876e-03    
1.55236e-01    1.21781e-03    
1.57881e-01    1.27984e-03    
1.60571e-01    1.34501e-03    
1.63307e-01    1.41347e-03    
1.66090e-01    1.48539e-03    
1.68920e-01    1.56094e-03    
1.71798e-01    1.64029e-03    
1.74725e-01    1.72364e-03    
1.77702e-01    1.81120e-03    
1.80730e-01    1.90315e-03    
1.83810e-01    1.99974e-03    
1.86942e-01    2.10117e-03    
1.90127e-01    2.20771e-03    
1.93366e-01    2.31959e-03    
1.96661e-01    2.43708e-03    
2.00012e-01    2.56046e-03    
2.03420e-01    2.69000e-03    
2.06886e-01    2.82596e-03    
2.10411e-01    2.96865e-03    
2.13996e-01    3.11841e-03    
2.17642e-01    3.27555e-03    
2.21351e-01    3.44043e-03    
2.25122e-01    3.61343e-03    
2.28958e-01    3.79491e-03    
2.32859e-01    3.98528e-03    
2.36827e-01    4.18496e-03    
2.40862e-01    4.39438e-03    
2.44966e-01    4.61399e-03    
2.49140e-01    4.84427e-03    
2.53385e-01    5.08570e-03    
2.57702e-01    5.33879e-03    
2.62093e-01    5.60408e-03    
2.66559e-01    5.88213e-03    
2.71101e-01    6.17350e-03    
2.75720e-01    6.47881e-03    
2.80418e-01    6.79866e-03    
2.85196e-01    7.13371e-03    
2.90055e-01    7.48463e-03    
2.94997e-01    7.85212e-03    
3.00024e-01    8.23690e-03    
3.05136e-01    8.63972e-03    
3.10335e-01    9.06136e-03    
3.15623e-01    9.50262e-03    
3.21001e-01    9.96434e-03    
3.26470e-01    1.04474e-02    
3.32033e-01    1.09526e-02    
3.37690e-01    1.14810e-02    
3.43444e-01    1.20334e-02    
3.49296e-01    1.26109e-02    
3.55247e-01    1.32145e-02    
3.61300e-01    1.38452e-02    
3.67456e-01    1.45041e-02    
3.73717e-01    1.51922e-02    
3.80085e-01    1.59108e-02    
3.86561e-01    1.66609e-02    
3.93148e-01    1.74438e-02    
3.99846e-01    1.82606e-02    
4.06659e-01    1.91127e-02    
4.13588e-01    2.00012e-02    
4.20635e-01    2.09276e-02    
4.27802e-01    2.18930e-02    
4.35092e-01    2.28989e-02    
4.42505e-01    2.39466e-02    
4.50045e-01    2.50376e-02    
4.57713e-01    2.61731e-02    
4.65512e-01    2.73546e-02    
4.73444e-01    2.85836e-02    
4.81511e-01    2.98614e-02    
4.89715e-01    3.11896e-02    
4.98059e-01    3.25695e-02    
5.06545e-01    3.40027e-02    
5.15176e-01    3.54905e-02    
5.23954e-01    3.70344e-02    
5.32882e-01    3.86357e-02    
5.41961e-01    4.02960e-02    
5.51196e-01    4.20164e-02    
5.60587e-01    4.37985e-02    
5.70139e-01    4.56434e-02    
5.79854e-01    4.75524e-02    
5.89733e-01    4.95267e-02    
5.99782e-01    5.15675e-02    
6.10001e-01    5.36757e-02    
6.20395e-01    5.58524e-02    
6.30966e-01    5.80986e-02    
6.41717e-01    6.04149e-02    
6.52651e-01    6.28022e-02    
6.63771e-01    6.52609e-02    
6.75081e-01    6.77916e-02    
6.86583e-01    7.03947e-02    
6.98282e-01    7.30702e-02    
7.10180e-01    7.58183e-02    
7.22280e-01    7.86388e-02    
7.34587e-01    8.15315e-02    
7.47104e-01    8.44958e-02    
7.59833e-01    8.75311e-02    
7.72780e-01    9.06364e-02    
7.85947e-01    9.38108e-02    
7.99339e-01    9.70529e-02    
8.12958e-01    1.00361e-01    
8.26810e-01    1.03734e-01    
8.40898e-01    1.07168e-01    
8.55226e-01    1.10663e-01    
8.69798e-01    1.14215e-01    
8.84618e-01    1.17822e-01    
8.99691e-01    1.21480e-01    
9.15020e-01    1.25186e-01    
9.30611e-01    1.28937e-01    
9.46468e-01    1.32728e-01    
9.62594e-01    1.36556e-01    
9.78996e-01    1.40415e-01    
9.95677e-01    1.44301e-01    
1.01264e+00    1.48209e-01    
1.02990e+00    1.52133e-01    
1.04744e+00    1.56069e-01    
1.06529e+00    1.60010e-01    
1.08344e+00    1.63951e-01    
1.10190e+00    1.67884e-01    
1.12068e+00    1.71805e-01    
1.13977e+00    1.75705e-01    
1.15919e+00    1.79579e-01    
1.17894e+00    1.83419e-01    
1.19903e+00    1.87219e-01    
1.21946e+00    1.90971e-01    
1.24024e+00    1.94669e-01    
1.26137e+00    1.98305e-01    
1.28286e+00    2.01871e-01    
1.30472e+00    2.05361e-01    
1.32695e+00    2.08767e-01    
1.34956e+00    2.12083e-01    
1.37256e+00    2.15300e-01    
1.39594e+00    2.18413e-01    
1.41973e+00    2.21414e-01    
1.44392e+00    2.24297e-01    
1.46852e+00    2.27055e-01    
1.49354e+00    2.29682e-01    
1.51899e+00    2.32172e-01    
1.54487e+00    2.34520e-01    
1.57120e+00    2.36721e-01    
1.59797e+00    2.38769e-01    
1.62520e+00    2.40661e-01    
1.65289e+00    2.42392e-01    
1.68105e+00    2.43959e-01    
1.70969e+00    2.45360e-01    
1.73882e+00    2.46591e-01    
1.76845e+00    2.47652e-01    
1.79858e+00    2.48540e-01    
1.82923e+00    2.49255e-01    
1.86040e+00    2.49796e-01    
1.89210e+00    2.50163e-01    
1.92434e+00    2.50358e-01    
1.95712e+00    2.50380e-01    
1.99047e+00    2.50231e-01    
2.02439e+00    2.49912e-01    
2.05888e+00    2.49427e-01    
2.09396e+00    2.48776e-01    
2.12964e+00    2.47963e-01    
2.16592e+00    2.46990e-01    
2.20283e+00    2.45861e-01    
2.24036e+00    2.44581e-01    
2.27854e+00    2.43152e-01    
2.31736e+00    2.41580e-01    
2.35684e+00    2.39869e-01    
2.39700e+00    2.38026e-01    
2.43784e+00    2.36056e-01    
2.47938e+00    2.33964e-01    
2.52163e+00    2.31759e-01    
2.56459e+00    2.29445e-01    
2.60829e+00    2.27029e-01    
2.65273e+00    2.24519e-01    
2.69793e+00    2.21921e-01    
2.74390e+00    2.19241e-01    
2.79065e+00    2.16485e-01    
2.83820e+00    2.13659e-01    
2.88656e+00    2.10769e-01    
2.93574e+00    2.07819e-01    
2.98577e+00    2.04814e-01    
3.03664e+00    2.01758e-01    
3.08838e+00    1.98655e-01    
3.14100e+00    1.95507e-01    
3.19452e+00    1.92316e-01    
3.24895e+00    1.89085e-01    
3.30431e+00    1.85815e-01    
3.36061e+00    1.82505e-01    
3.41787e+00    1.79156e-01    
3.47611e+00    1.75769e-01    
3.53534e+00    1.72342e-01    
3.59557e+00    1.68877e-01    
3.65684e+00    1.65376e-01    
3.71915e+00    1.61840e-01    
3.78252e+00    1.58277e-01    
3.84697e+00    1.54692e-01    
3.91251e+00    1.51094e-01    
3.97918e+00    1.47493e-01    
4.04698e+00    1.43899e-01    
4.11593e+00    1.40322e-01    
4.18606e+00    1.36771e-01    
4.25739e+00    1.33252e-01    
4.32993e+00    1.29772e-01    
4.40371e+00    1.26336e-01    
4.47874e+00    1.22947e-01    
4.55505e+00    1.19608e-01    
4.63266e+00    1.16321e-01    
4.71160e+00    1.13089e-01    
4.79188e+00    1.09911e-01    
4.87353e+00    1.06790e-01    
4.95656e+00    1.03726e-01    
5.04102e+00    1.00719e-01    
5.12691e+00    9.77700e-02    
5.21427e+00    9.48793e-02    
5.30311e+00    9.20469e-02    
5.39347e+00    8.92728e-02    
5.48537e+00    8.65573e-02    
5.57883e+00    8.39002e-02    
5.67389e+00    8.13016e-02    
5.77056e+00    7.87613e-02    
5.86889e+00    7.62792e-02    
5.96889e+00    7.38550e-02    
6.07059e+00    7.14886e-02    
6.17402e+00    6.91796e-02    
6.27922e+00    6.69277e-02    
6.38621e+00    6.47323e-02    
6.49502e+00    6.25931e-02    
6.60569e+00    6.05095e-02    
6.71824e+00    5.84809e-02    
6.83271e+00    5.65066e-02    
6.94913e+00    5.45862e-02    
7.06754e+00    5.27188e-02    
7.18796e+00    5.09038e-02    
7.31043e+00    4.91405e-02    
7.43500e+00    4.74282e-02    
7.56168e+00    4.57660e-02    
7.69052e+00    4.41533e-02    
7.82156e+00    4.25891e-02    
7.95483e+00    4.10727e-02    
8.09037e+00    3.96032e-02    
8.22822e+00    3.81798e-02    
8.36842e+00    3.68015e-02    
8.51100e+00    3.54674e-02    
8.65602e+00    3.41768e-02    
8.80351e+00    3.29285e-02    
8.95351e+00    3.17218e-02    
9.10606e+00    3.05556e-02    
9.26122e+00    2.94289e-02    
9.41902e+00    2.83408e-02    
9.57951e+00    2.72901e-02    
9.74273e+00    2.62758e-02    
9.90873e+00    2.52968e-02    
1.00776e+01    2.43520e-02    
1.02493e+01    2.34402e-02    
1.04239e+01    2.25603e-02    
1.06015e+01    2.17114e-02    
1.07822e+01    2.08923e-02    
1.09659e+01    2.01020e-02    
1.11527e+01    1.93395e-02    
1.13427e+01    1.86041e-02    
1.15360e+01    1.78947e-02    
1.17326e+01    1.72105e-02    
1.19325e+01    1.65507e-02    
1.21358e+01    1.59147e-02    
1.23426e+01    1.53015e-02    
1.25529e+01    1.47105e-02    
1.27668e+01    1.41409e-02    
1.29843e+01    1.35922e-02    
1.32055e+01    1.30635e-02    
1.34305e+01    1.25542e-02    
1.36594e+01    1.20637e-02    
1.38921e+01    1.15914e-02    
1.41288e+01    1.11365e-02    
1.43696e+01    1.06985e-02    
1.46144e+01    1.02769e-02    
1.48634e+01    9.87097e-03    
1.51167e+01    9.48031e-03    
1.53742e+01    9.10433e-03    
1.56362e+01    8.74254e-03    
1.59026e+01    8.39444e-03    
1.61736e+01    8.05954e-03    
1.64491e+01    7.73738e-03    
1.67294e+01    7.42752e-03    
1.70145e+01    7.12951e-03    
1.73044e+01    6.84293e-03    
1.75992e+01    6.56738e-03    
1.78991e+01    6.30245e-03    
1.82041e+01    6.04777e-03    
1.85142e+01    5.80296e-03    
1.88297e+01    5.56766e-03    
1.91505e+01    5.34152e-03    
1.94768e+01    5.12422e-03    
1.98087e+01    4.91542e-03    
2.01462e+01    4.71481e-03    
2.04895e+01    4.52209e-03    
2.08386e+01    4.33697e-03    
2.11936e+01    4.15916e-03    
2.15548e+01    3.98840e-03    
2.19220e+01    3.82441e-03    
2.22956e+01    3.66694e-03    
2.26754e+01    3.51574e-03    
2.30618e+01    3.37057e-03    
2.34547e+01    3.23121e-03    
2.38544e+01    3.09742e-03    
2.42608e+01    2.96900e-03    
2.46742e+01    2.84574e-03    
2.50946e+01    2.72744e-03    
2.55222e+01    2.61391e-03    
2.59571e+01    2.50496e-03    
2.63993e+01    2.40043e-03    
2.68492e+01    2.30013e-03    
2.73066e+01    2.20390e-03    
2.77719e+01    2.11159e-03    
2.82451e+01    2.02304e-03    
2.87264e+01    1.93810e-03    
2.92158e+01    1.85663e-03    
2.97136e+01    1.77850e-03    
3.02199e+01    1.70357e-03    
3.07348e+01    1.63172e-03    
3.12585e+01    1.56282e-03    
3.17911e+01    1.49676e-03    
3.23328e+01    1.43342e-03    
3.28837e+01    1.37270e-03    
3.34440e+01    1.31449e-03    
3.40138e+01    1.25869e-03    
3.45934e+01    1.20521e-03    
3.51828e+01    1.15394e-03    
3.57823e+01    1.10481e-03    
3.63920e+01    1.05772e-03    
3.70121e+01    1.01260e-03    
3.76427e+01    9.69361e-04    
3.82841e+01    9.27929e-04    
3.89364e+01    8.88230e-04    
3.95998e+01    8.50195e-04    
4.02745e+01    8.13756e-04    
4.09608e+01    7.78847e-04    
4.16587e+01    7.45407e-04    
4.23685e+01    7.13374e-04    
4.30904e+01    6.82691e-04    
4.38246e+01    6.53303e-04    
4.45713e+01    6.25156e-04    
4.53308e+01    5.98200e-04    
4.61032e+01    5.72385e-04    
4.68887e+01    5.47664e-04    
4.76876e+01    5.23991e-04    
4.85002e+01    5.01324e-04    
4.93265e+01    4.79621e-04    
5.01670e+01    4.58841e-04    
5.10218e+01    4.38947e-04    
5.18911e+01    4.19900e-04    
5.27753e+01    4.01667e-04    
5.36745e+01    3.84213e-04    
5.45891e+01    3.67505e-04    
5.55192e+01    3.51512e-04    
5.64652e+01    3.36204e-04    
5.74273e+01    3.21553e-04    
5.84058e+01    3.07531e-04    
5.94009e+01    2.94111e-04    
6.04130e+01    2.81268e-04    
6.14424e+01    2.68977e-04    
6.24893e+01    2.57216e-04    
6.35540e+01    2.45963e-04    
6.46369e+01    2.35194e-04    
6.57383e+01    2.24891e-04    
6.68584e+01    2.15032e-04    
6.79975e+01    2.05601e-04    
6.91561e+01    1.96577e-04    
7.03345e+01    1.87944e-04    
7.15329e+01    1.79686e-04    
7.27517e+01    1.71786e-04    
7.39913e+01    1.64229e-04    
7.52520e+01    1.57000e-04    
7.65342e+01    1.50085e-04    
7.78383e+01    1.43472e-04    
7.91645e+01    1.37146e-04    
8.05134e+01    1.31096e-04    
8.18852e+01    1.25310e-04    
8.32805e+01    1.19777e-04    
8.46995e+01    1.14485e-04    
8.61426e+01    1.09424e-04    
8.76104e+01    1.04585e-04    
8.91032e+01    9.99575e-05    
9.06214e+01    9.55326e-05    
9.21655e+01    9.13017e-05    
9.37358e+01    8.72563e-05    
9.53330e+01    8.33884e-05    
9.69573e+01    7.96903e-05    
9.86094e+01    7.61548e-05    
1.00290e+02    7.27747e-05    
1.01998e+02    6.95433e-05    
1.03736e+02    6.64541e-05    
1.05504e+02    6.35011e-05    
1.07301e+02    6.06782e-05    
1.09130e+02    5.79799e-05    
1.10989e+02    5.54006e-05    
1.12880e+02    5.29353e-05    
1.14804e+02    5.05789e-05    
1.16760e+02    4.83267e-05    
1.18749e+02    4.61742e-05    
1.20773e+02    4.41170e-05    
1.22830e+02    4.21509e-05    
1.24923e+02    4.02720e-05    
1.27052e+02    3.84764e-05    
1.29217e+02    3.67606e-05    
1.31418e+02    3.51210e-05    
1.33657e+02    3.35542e-05    
1.35935e+02    3.20572e-05    
1.38251e+02    3.06267e-05    
1.40607e+02    2.92600e-05    
1.43002e+02    2.79541e-05    
1.45439e+02    2.67065e-05    
1.47917e+02    2.55146e-05    
1.50437e+02    2.43758e-05    
1.53001e+02    2.32880e-05    
1.55608e+02    2.22487e-05    
1.58259e+02    2.12560e-05    
1.60955e+02    2.03077e-05    
1.63698e+02    1.94018e-05    
1.66487e+02    1.85365e-05    
1.69324e+02    1.77101e-05    
1.72209e+02    1.69207e-05    
1.75143e+02    1.61667e-05    
1.78127e+02    1.54466e-05    
1.81162e+02    1.47588e-05    
1.84249e+02    1.41019e-05    
1.87389e+02    1.34746e-05    
1.90581e+02    1.28755e-05    
1.93829e+02    1.23033e-05    
1.97131e+02    1.17569e-05    
2.00490e+02    1.12351e-05    
2.03906e+02    1.07368e-05    
2.07381e+02    1.02609e-05    
2.10914e+02    9.80641e-06    
2.14508e+02    9.37239e-06    
2.18163e+02    8.95791e-06    
2.21880e+02    8.56207e-06    
2.25661e+02    8.18404e-06    
2.29506e+02    7.82300e-06    
2.33416e+02    7.47819e-06    
2.37393e+02    7.14886e-06    
2.41438e+02    6.83431e-06    
2.45552e+02    6.53386e-06    
2.49736e+02    6.24688e-06    
2.53991e+02    5.97274e-06    
2.58319e+02    5.71087e-06    
2.62720e+02    5.46069e-06    
2.67196e+02    5.22167e-06    
2.71749e+02    4.99331e-06    
2.76379e+02    4.77511e-06    
2.81089e+02    4.56662e-06    
2.85878e+02    4.36738e-06    
2.90749e+02    4.17698e-06    
2.95703e+02    3.99501e-06    
3.00741e+02    3.82110e-06    
3.05866e+02    3.65486e-06    
3.11077e+02    3.49596e-06    
3.16378e+02    3.34406e-06    
3.21768e+02    3.19884e-06    
3.27251e+02    3.06001e-06    
3.32827e+02    2.92727e-06    
3.38498e+02    2.80035e-06    
3.44265e+02    2.67899e-06    
3.50131e+02    2.56294e-06    
3.56097e+02    2.45196e-06    
3.62164e+02    2.34582e-06    
3.68335e+02    2.24432e-06    
3.74611e+02    2.14723e-06    
3.80994e+02    2.05438e-06    
3.87486e+02    1.96556e-06    
3.94088e+02    1.88061e-06    
4.00803e+02    1.79934e-06    
4.07632e+02    1.72160e-06    
4.14577e+02    1.64724e-06    
4.21641e+02    1.57609e-06    
4.28826e+02    1.50803e-06    
4.36132e+02    1.44292e-06    
4.43563e+02    1.38063e-06    
4.51121e+02    1.32103e-06    
4.58808e+02    1.26401e-06    
4.66625e+02    1.20945e-06    
4.74576e+02    1.15725e-06    
4.82662e+02    1.10731e-06    
4.90886e+02    1.05952e-06    
4.99250e+02    1.01380e-06    
5.07757e+02    9.70050e-07    
5.16408e+02    9.28189e-07    
5.25207e+02    8.88134e-07    
5.34156e+02    8.49808e-07    
5.43257e+02    8.13136e-07    
5.52514e+02    7.78045e-07    
5.61928e+02    7.44467e-07    
5.71502e+02    7.12338e-07    
5.81240e+02    6.81594e-07    
5.91144e+02    6.52176e-07    
6.01216e+02    6.24026e-07    
6.11460e+02    5.97090e-07    
6.21879e+02    5.71315e-07    
6.32475e+02    5.46651e-07    
6.43251e+02    5.23051e-07    
6.54211e+02    5.00468e-07    
6.65358e+02    4.78859e-07    
6.76695e+02    4.58182e-07    
6.88225e+02    4.38396e-07    
6.99952e+02    4.19463e-07    
7.11878e+02    4.01346e-07    
7.24008e+02    3.84011e-07    
7.36344e+02    3.67423e-07    
7.48890e+02    3.51551e-07    
7.61650e+02    3.36363e-07    
7.74628e+02    3.21830e-07    
7.87827e+02    3.07924e-07    
8.01250e+02    2.94617e-07    
8.14902e+02    2.81885e-07    
8.28787e+02    2.69702e-07    
8.42909e+02    2.58044e-07    
8.57271e+02    2.46890e-07    
8.71878e+02    2.36217e-07    
8.86733e+02    2.26004e-07    
9.01842e+02    2.16232e-07    
9.17209e+02    2.06882e-07    
9.32837e+02    1.97935e-07    
9.48731e+02    1.89375e-07    
9.64896e+02    1.81184e-07    
9.81337e+02    1.73347e-07    
9.98058e+02    1.65848e-07    
1.01506e+03    1.58673e-07    
1.03236e+03    1.51808e-07    
1.04995e+03    1.45239e-07    
1.06784e+03    1.38954e-07    
1.08603e+03    1.32941e-07    
1.10454e+03    1.27187e-07    
1.12336e+03    1.21682e-07    
1.14250e+03    1.16414e-07    
1.16197e+03    1.11375e-07    
1.18176e+03    1.06553e-07    
1.20190e+03    1.01939e-07    
1.22238e+03    9.75253e-08    
1.24321e+03    9.33020e-08    
1.26439e+03    8.92612e-08    
1.28593e+03    8.53952e-08    
1.30784e+03    8.16963e-08    
1.33013e+03    7.81574e-08    
1.35279e+03    7.47715e-08    
1.37584e+03    7.15320e-08    
1.39928e+03    6.84327e-08    
1.42313e+03    6.54674e-08    
1.44737e+03    6.26304e-08    
1.47203e+03    5.99161e-08    
1.49712e+03    5.73193e-08    
1.52263e+03    5.48348e-08    
1.54857e+03    5.24579e-08    
1.57495e+03    5.01838e-08    
1.60179e+03    4.80081e-08    
1.62908e+03    4.59266e-08    
1.65684e+03    4.39352e-08    
1.68507e+03    4.20300e-08    
1.71378e+03    4.02073e-08    
1.74298e+03    3.84636e-08    
1.77268e+03    3.67953e-08    
1.80289e+03    3.51993e-08    
1.83360e+03    3.36724e-08    
1.86485e+03    3.22116e-08    
1.89662e+03    3.08141e-08    
1.92894e+03    2.94772e-08    
1.96180e+03    2.81981e-08    
1.99523e+03    2.69745e-08    
2.02923e+03    2.58039e-08    
2.06380e+03    2.46840e-08    
2.09897e+03    2.36127e-08    
2.13473e+03    2.25878e-08    
2.17110e+03    2.16073e-08    
2.20810e+03    2.06693e-08    
2.24572e+03    1.97720e-08    
2.28398e+03    1.89135e-08    
2.32290e+03    1.80923e-08    
2.36248e+03    1.73067e-08    
2.40273e+03    1.65552e-08    
2.44367e+03    1.58362e-08    
2.48531e+03    1.51484e-08    
2.52766e+03    1.44905e-08    
2.57072e+03    1.38611e-08    
2.61453e+03    1.32590e-08    
2.65907e+03    1.26830e-08    
2.70438e+03    1.21320e-08    
2.75046e+03    1.16049e-08    
2.79733e+03    1.11007e-08    
2.84499e+03    1.06183e-08    
2.89346e+03    1.01569e-08    
2.94276e+03    9.71553e-09    
2.99291e+03    9.29330e-09    
3.04390e+03    8.88939e-09    
3.09577e+03    8.50302e-09    
3.14851e+03    8.13341e-09    
3.20216e+03    7.77986e-09    
3.25672e+03    7.44165e-09    
3.31221e+03    7.11813e-09    
3.36865e+03    6.80865e-09    
3.42604e+03    6.51261e-09    
3.48442e+03    6.22943e-09    
3.54379e+03    5.95855e-09    
3.60417e+03    5.69943e-09    
3.66558e+03    5.45157e-09    
3.72804e+03    5.21447e-09    
3.79156e+03    4.98767e-09    
3.85616e+03    4.77073e-09    
3.92187e+03    4.56320e-09    
3.98869e+03    4.36470e-09    
4.05665e+03    4.17482e-09    
4.12578e+03    3.99319e-09    
4.19607e+03    3.81946e-09    
4.26757e+03    3.65327e-09    
4.34028e+03    3.49431e-09    
4.41424e+03    3.34225e-09    
4.48945e+03    3.19681e-09    
4.56594e+03    3.05769e-09    
4.64374e+03    2.92461e-09    
4.72287e+03    2.79732e-09    
4.80334e+03    2.67556e-09    
4.88518e+03    2.55910e-09    
4.96842e+03    2.44770e-09    
5.05307e+03    2.34115e-09    
5.13917e+03    2.23923e-09    
5.22674e+03    2.14174e-09    
5.31579e+03    2.04849e-09    
5.40637e+03    1.95930e-09    
5.49849e+03    1.87398e-09    
5.59217e+03    1.79238e-09    
5.68746e+03    1.71433e-09    
5.78436e+03    1.63967e-09    
5.88292e+03    1.56826e-09    
5.98316e+03    1.49996e-09    
6.08510e+03    1.43462e-09    
6.18879e+03    1.37214e-09    
6.29424e+03    1.31237e-09    
6.40148e+03    1.25520e-09    
6.51056e+03    1.20052e-09    
6.62149e+03    1.14822e-09    
6.73431e+03    1.09819e-09    
6.84905e+03    1.05034e-09    
6.96575e+03    1.00458e-09    
7.08444e+03    9.60805e-10    
7.20515e+03    9.18938e-10    
7.32792e+03    8.78893e-10    
7.45278e+03    8.40592e-10    
7.57976e+03    8.03958e-10    
7.70891e+03    7.68919e-10    
7.84026e+03    7.35406e-10    
7.97385e+03    7.03352e-10    
8.10971e+03    6.72694e-10    
8.24789e+03    6.43371e-10    
8.38843e+03    6.15325e-10    
8.53136e+03    5.88500e-10    
8.67672e+03    5.62844e-10    
8.82456e+03    5.38305e-10    
8.97492e+03    5.14835e-10    
9.12784e+03    4.92388e-10    
9.28337e+03    4.70918e-10    
9.44154e+03    4.50384e-10    
9.60242e+03    4.30744e-10    
9.76603e+03    4.11960e-10    
9.93243e+03    3.93994e-10    
1.01017e+04    3.76812e-10    
1.02738e+04    3.60377e-10    
1.04488e+04    3.44659e-10    
1.06269e+04    3.29626e-10    
1.08079e+04    3.15249e-10    
1.09921e+04    3.01497e-10    
1.11794e+04    2.88345e-10    
1.13699e+04    2.75767e-10    
1.15636e+04    2.63736e-10    
1.17606e+04    2.52230e-10    
1.19610e+04    2.41226e-10    
1.21648e+04    2.30701e-10    
1.23721e+04    2.20635e-10    
1.25829e+04    2.11008e-10    
1.27973e+04    2.01800e-10    
1.30153e+04    1.92994e-10    
1.32371e+04    1.84572e-10    
1.34626e+04    1.76518e-10    
1.36920e+04    1.68814e-10    
1.39253e+04    1.61446e-10    
1.41626e+04    1.54400e-10    
1.44039e+04    1.47661e-10    
1.46493e+04    1.41216e-10    
1.48989e+04    1.35052e-10    
1.51528e+04    1.29157e-10    
1.54110e+04    1.23519e-10    
1.56736e+04    1.18127e-10    
1.59406e+04    1.12970e-10    
1.62122e+04    1.08038e-10    
1.64885e+04    1.03321e-10    
1.67694e+04    9.88101e-11    
1.70551e+04    9.44959e-11    
1.73457e+04    9.03699e-11    
1.76413e+04    8.64239e-11    
1.79419e+04    8.26501e-11    
1.82476e+04    7.90410e-11    
1.85585e+04    7.55894e-11    
1.88747e+04    7.22884e-11    
1.91963e+04    6.91314e-11    
1.95234e+04    6.61122e-11    
1.98561e+04    6.32248e-11    
2.01944e+04    6.04634e-11    
2.05385e+04    5.78225e-11    
2.08884e+04    5.52969e-11    
2.12443e+04    5.28815e-11    
2.16063e+04    5.05716e-11    
2.19745e+04    4.83624e-11    
2.23489e+04    4.62498e-11    
2.27297e+04    4.42293e-11    
2.31169e+04    4.22971e-11    
2.35108e+04    4.04492e-11    
2.39114e+04    3.86820e-11    
2.43188e+04    3.69919e-11    
2.47332e+04    3.53757e-11    
2.51546e+04    3.38300e-11    
2.55832e+04    3.23518e-11    
2.60191e+04    3.09381e-11    
2.64625e+04    2.95862e-11    
2.69134e+04    2.82933e-11    
2.73719e+04    2.70569e-11    
2.78383e+04    2.58745e-11    
2.83126e+04    2.47437e-11    
2.87951e+04    2.36623e-11    
2.92857e+04    2.26281e-11    
2.97847e+04    2.16391e-11    
3.02922e+04    2.06933e-11    
3.08083e+04    1.97888e-11    
3.13333e+04    1.89239e-11    
3.18671e+04    1.80967e-11    
3.24101e+04    1.73056e-11    
3.29623e+04    1.65491e-11    
3.35240e+04    1.58257e-11    
3.40952e+04    1.51338e-11    
3.46761e+04    1.44722e-11    
3.52670e+04    1.38395e-11    
3.58679e+04    1.32345e-11    
3.64790e+04    1.26558e-11    
3.71006e+04    1.21025e-11    
3.77327e+04    1.15733e-11    
3.83756e+04    1.10673e-11    
3.90295e+04    1.05834e-11    
3.96945e+04    1.01206e-11    
4.03709e+04    9.67805e-12    
4.10587e+04    9.25484e-12    
4.17583e+04    8.85012e-12    
4.24698e+04    8.46309e-12    
4.31935e+04    8.09298e-12    
4.39294e+04    7.73905e-12    
4.46779e+04    7.40058e-12    
4.54392e+04    7.07691e-12    
4.62134e+04    6.76739e-12    
4.70008e+04    6.47140e-12    
4.78017e+04    6.18835e-12    
4.86161e+04    5.91767e-12    
4.94445e+04    5.65882e-12    
5.02870e+04    5.41129e-12    
5.11438e+04    5.17459e-12    
5.20152e+04    4.94823e-12    
5.29015e+04    4.73176e-12    
5.38029e+04    4.52477e-12    
5.47196e+04    4.32682e-12    
5.56520e+04    4.13753e-12    
5.66002e+04    3.95651e-12    
5.75646e+04    3.78341e-12    
5.85454e+04    3.61788e-12    
5.95430e+04    3.45959e-12    
6.05575e+04    3.30822e-12    
6.15893e+04    3.16347e-12    
6.26387e+04    3.02505e-12    
6.37060e+04    2.89269e-12    
6.47915e+04    2.76611e-12    
6.58955e+04    2.64507e-12    
6.70182e+04    2.52932e-12    
6.81601e+04    2.41864e-12    
6.93215e+04    2.31279e-12    
7.05027e+04    2.21158e-12    
7.17039e+04    2.11479e-12    
7.29257e+04    2.02224e-12    
7.41682e+04    1.93374e-12    
7.54320e+04    1.84910e-12    
7.67172e+04    1.76817e-12    
7.80244e+04    1.69078e-12    
7.93538e+04    1.61678e-12    
8.07059e+04    1.54601e-12    
8.20811e+04    1.47834e-12    
8.34796e+04    1.41363e-12    
8.49020e+04    1.35175e-12    
8.63486e+04    1.29258e-12    
8.78199e+04    1.23600e-12    
8.93162e+04    1.18189e-12    
9.08381e+04    1.13016e-12    
9.23859e+04    1.08068e-12    
9.39600e+04    1.03337e-12    
9.55610e+04    9.88131e-13    
9.71892e+04    9.44870e-13    
9.88452e+04    9.03503e-13    
1.00529e+05    8.63946e-13    
1.02242e+05    8.26121e-13    
1.03984e+05    7.89950e-13    
1.05756e+05    7.55363e-13    
1.07558e+05    7.22290e-13    
1.09391e+05    6.90663e-13    
1.11255e+05    6.60422e-13    
1.13150e+05    6.31503e-13    
1.15078e+05    6.03851e-13    
1.17039e+05    5.77409e-13    
1.19033e+05    5.52124e-13    
1.21061e+05    5.27946e-13    
1.23124e+05    5.04826e-13    
1.25222e+05    4.82719e-13    
1.27356e+05    4.61579e-13    
1.29526e+05    4.41364e-13    
1.31733e+05    4.22035e-13    
1.33977e+05    4.03552e-13    
1.36260e+05    3.85878e-13    
1.38582e+05    3.68977e-13    
1.40943e+05    3.52817e-13    
1.43344e+05    3.37364e-13    
1.45787e+05    3.22587e-13    
1.48271e+05    3.08458e-13    
1.50797e+05    2.94947e-13    
1.53366e+05    2.82028e-13    
1.55980e+05    2.69674e-13    
1.58637e+05    2.57862e-13    
1.61340e+05    2.46566e-13    
1.64089e+05    2.35765e-13    
1.66885e+05    2.25438e-13    
1.69729e+05    2.15562e-13    
1.72621e+05    2.06119e-13    
1.75562e+05    1.97089e-13    
1.78553e+05    1.88455e-13    
1.81596e+05    1.80199e-13    
1.84690e+05    1.72304e-13    
1.87837e+05    1.64756e-13    
1.91037e+05    1.57538e-13    
1.94292e+05    1.50635e-13    
1.97603e+05    1.44036e-13    
2.00970e+05    1.37725e-13    
2.04394e+05    1.31691e-13    
2.07877e+05    1.25921e-13    
2.11418e+05    1.20403e-13    
2.15021e+05    1.15128e-13    
2.18684e+05    1.10083e-13    
2.22411e+05    1.05260e-13    
2.26200e+05    1.00647e-13    
2.30054e+05    9.62370e-14    
2.33974e+05    9.20199e-14    
2.37961e+05    8.79876e-14    
2.42015e+05    8.41319e-14    
2.46139e+05    8.04451e-14    
2.50333e+05    7.69198e-14    
2.54598e+05    7.35489e-14    
2.58936e+05    7.03258e-14    
2.63348e+05    6.72438e-14    
2.67835e+05    6.42968e-14    
2.72399e+05    6.14790e-14    
2.77040e+05    5.87846e-14    
2.81761e+05    5.62083e-14    
2.86562e+05    5.37448e-14    
2.91444e+05    5.13893e-14    
2.96410e+05    4.91369e-14    
3.01461e+05    4.69833e-14    
3.06597e+05    4.49240e-14    
3.11821e+05    4.29550e-14    
3.17134e+05    4.10722e-14    
3.22538e+05    3.92719e-14    
3.28033e+05    3.75506e-14    
3.33623e+05    3.59046e-14    
3.39307e+05    3.43308e-14    
3.45088e+05    3.28259e-14    
3.50968e+05    3.13870e-14    
3.56948e+05    3.00111e-14    
3.63030e+05    2.86956e-14    
3.69216e+05    2.74377e-14    
3.75507e+05    2.62349e-14    
3.81905e+05    2.50848e-14    
3.88412e+05    2.39851e-14    
3.95030e+05    2.29337e-14    
4.01761e+05    2.19283e-14    
4.08607e+05    2.09669e-14    
4.15569e+05    2.00477e-14    
4.22650e+05    1.91688e-14    
4.29851e+05    1.83284e-14    
4.37175e+05    1.75249e-14    
4.44624e+05    1.67565e-14    
4.52200e+05    1.60219e-14    
4.59905e+05    1.53194e-14    
4.67741e+05    1.46477e-14    
4.75711e+05    1.40055e-14    
4.83816e+05    1.33914e-14    
4.92060e+05    1.28043e-14    
5.00444e+05    1.22428e-14    
5.08971e+05    1.17060e-14    
5.17643e+05    1.11928e-14    
5.26463e+05    1.07020e-14    
5.35433e+05    1.02327e-14    
5.44556e+05    9.78401e-15    
5.53835e+05    9.35498e-15    
5.63272e+05    8.94477e-15    
5.72869e+05    8.55253e-15    
5.82630e+05    8.17750e-15    
5.92557e+05    7.81890e-15    
6.02654e+05    7.47602e-15    
6.12922e+05    7.14818e-15    
6.23366e+05    6.83471e-15    
6.33987e+05    6.53498e-15    
6.44789e+05    6.24840e-15    
6.55776e+05    5.97438e-15    
6.66949e+05    5.71237e-15    
6.78313e+05    5.46185e-15    
6.89871e+05    5.22231e-15    
7.01626e+05    4.99328e-15    
7.13580e+05    4.77429e-15    
7.25739e+05    4.56490e-15    
7.38105e+05    4.36470e-15    
7.50681e+05    4.17327e-15    
7.63472e+05    3.99023e-15    
7.76480e+05    3.81522e-15    
7.89711e+05    3.64789e-15    
8.03166e+05    3.48789e-15    
8.16851e+05    3.33491e-15    
8.30769e+05    3.18864e-15    
8.44925e+05    3.04878e-15    
8.59321e+05    2.91505e-15    
8.73963e+05    2.78719e-15    
8.88854e+05    2.66494e-15    
9.03999e+05    2.54804e-15    
9.19402e+05    2.43628e-15    
9.35067e+05    2.32941e-15    
9.51000e+05    2.22723e-15    
9.67204e+05    2.12953e-15    
9.83684e+05    2.03612e-15    
1.00044e+06    1.94680e-15    
1.01749e+06    1.86140e-15    
1.03483e+06    1.77975e-15    
1.05246e+06    1.70168e-15    
1.07039e+06    1.62703e-15    
1.08863e+06    1.55565e-15    
1.10718e+06    1.48741e-15    
1.12604e+06    1.42216e-15    
1.14523e+06    1.35977e-15    
1.16474e+06    1.30012e-15    
1.18459e+06    1.24308e-15    
1.20477e+06    1.18855e-15    
1.22530e+06    1.13640e-15    
1.24618e+06    1.08655e-15    
1.26741e+06    1.03888e-15    
1.28901e+06    9.93301e-16    
1.31097e+06    9.49722e-16    
1.33331e+06    9.08055e-16    
1.35603e+06    8.68216e-16    
1.37913e+06    8.30124e-16    
1.40263e+06    7.93703e-16    
1.42653e+06    7.58880e-16    
1.45083e+06    7.25584e-16    
1.47556e+06    6.93749e-16    
1.50070e+06    6.63310e-16    
1.52627e+06    6.34207e-16    
1.55227e+06    6.06380e-16    
1.57872e+06    5.79774e-16    
1.60562e+06    5.54335e-16    
1.63298e+06    5.30012e-16    
1.66080e+06    5.06757e-16    
1.68910e+06    4.84521e-16    
1.71788e+06    4.63261e-16    
1.74715e+06    4.42933e-16    
1.77692e+06    4.23498e-16    
1.80720e+06    4.04915e-16    
1.83799e+06    3.87147e-16    
1.86931e+06    3.70159e-16    
1.90116e+06    3.53916e-16    
1.93355e+06    3.38386e-16    
1.96650e+06    3.23537e-16    
2.00000e+06    3.09340e-16    

