# USINE V4.0
# File generated 12-05-2022 05:02:50
# Model1DKisoVc
# MG/O
# SolMod0DFF_phi0_670GV
# R [GV]       TOA [-]
9.71391e-02    1.74363e-01    
9.87904e-02    1.74369e-01    
1.00470e-01    1.74375e-01    
1.02178e-01    1.74382e-01    
1.03915e-01    1.74388e-01    
1.05681e-01    1.74395e-01    
1.07478e-01    1.74402e-01    
1.09305e-01    1.74408e-01    
1.11163e-01    1.74415e-01    
1.13053e-01    1.74422e-01    
1.14975e-01    1.74430e-01    
1.16930e-01    1.74437e-01    
1.18917e-01    1.74445e-01    
1.20939e-01    1.74452e-01    
1.22995e-01    1.74460e-01    
1.25086e-01    1.74468e-01    
1.27212e-01    1.74476e-01    
1.29375e-01    1.74484e-01    
1.31574e-01    1.74492e-01    
1.33811e-01    1.74501e-01    
1.36086e-01    1.74509e-01    
1.38399e-01    1.74518e-01    
1.40752e-01    1.74527e-01    
1.43145e-01    1.74536e-01    
1.45578e-01    1.74545e-01    
1.48053e-01    1.74554e-01    
1.50570e-01    1.74564e-01    
1.53130e-01    1.74574e-01    
1.55733e-01    1.74583e-01    
1.58381e-01    1.74593e-01    
1.61073e-01    1.74604e-01    
1.63811e-01    1.74614e-01    
1.66596e-01    1.74624e-01    
1.69428e-01    1.74635e-01    
1.72308e-01    1.74646e-01    
1.75238e-01    1.74657e-01    
1.78217e-01    1.74668e-01    
1.81246e-01    1.74680e-01    
1.84328e-01    1.74692e-01    
1.87461e-01    1.74703e-01    
1.90648e-01    1.74716e-01    
1.93889e-01    1.74728e-01    
1.97185e-01    1.74740e-01    
2.00537e-01    1.74753e-01    
2.03946e-01    1.74766e-01    
2.07414e-01    1.74780e-01    
2.10940e-01    1.74793e-01    
2.14526e-01    1.74808e-01    
2.18172e-01    1.74823e-01    
2.21881e-01    1.74838e-01    
2.25653e-01    1.74854e-01    
2.29489e-01    1.74871e-01    
2.33391e-01    1.74888e-01    
2.37358e-01    1.74905e-01    
2.41394e-01    1.74923e-01    
2.45497e-01    1.74942e-01    
2.49671e-01    1.74961e-01    
2.53915e-01    1.74981e-01    
2.58232e-01    1.75002e-01    
2.62622e-01    1.75023e-01    
2.67086e-01    1.75045e-01    
2.71627e-01    1.75068e-01    
2.76244e-01    1.75092e-01    
2.80940e-01    1.75116e-01    
2.85716e-01    1.75141e-01    
2.90574e-01    1.75167e-01    
2.95513e-01    1.75193e-01    
3.00537e-01    1.75221e-01    
3.05646e-01    1.75250e-01    
3.10842e-01    1.75279e-01    
3.16127e-01    1.75309e-01    
3.21501e-01    1.75341e-01    
3.26966e-01    1.75373e-01    
3.32525e-01    1.75407e-01    
3.38178e-01    1.75441e-01    
3.43927e-01    1.75477e-01    
3.49773e-01    1.75513e-01    
3.55720e-01    1.75551e-01    
3.61767e-01    1.75590e-01    
3.67917e-01    1.75631e-01    
3.74171e-01    1.75672e-01    
3.80532e-01    1.75715e-01    
3.87001e-01    1.75760e-01    
3.93580e-01    1.75805e-01    
4.00271e-01    1.75853e-01    
4.07076e-01    1.75901e-01    
4.13996e-01    1.75951e-01    
4.21034e-01    1.76003e-01    
4.28192e-01    1.76056e-01    
4.35471e-01    1.76111e-01    
4.42874e-01    1.76168e-01    
4.50403e-01    1.76226e-01    
4.58060e-01    1.76286e-01    
4.65847e-01    1.76348e-01    
4.73766e-01    1.76412e-01    
4.81820e-01    1.76477e-01    
4.90011e-01    1.76545e-01    
4.98341e-01    1.76615e-01    
5.06813e-01    1.76686e-01    
5.15429e-01    1.76760e-01    
5.24191e-01    1.76836e-01    
5.33102e-01    1.76914e-01    
5.42165e-01    1.76994e-01    
5.51382e-01    1.77077e-01    
5.60756e-01    1.77162e-01    
5.70288e-01    1.77250e-01    
5.79983e-01    1.77340e-01    
5.89843e-01    1.77432e-01    
5.99870e-01    1.77527e-01    
6.10068e-01    1.77624e-01    
6.20439e-01    1.77725e-01    
6.30987e-01    1.77827e-01    
6.41714e-01    1.77933e-01    
6.52623e-01    1.78041e-01    
6.63717e-01    1.78153e-01    
6.75000e-01    1.78267e-01    
6.86475e-01    1.78384e-01    
6.98146e-01    1.78503e-01    
7.10014e-01    1.78626e-01    
7.22084e-01    1.78752e-01    
7.34360e-01    1.78881e-01    
7.46844e-01    1.79013e-01    
7.59540e-01    1.79148e-01    
7.72452e-01    1.79286e-01    
7.85584e-01    1.79427e-01    
7.98939e-01    1.79571e-01    
8.12521e-01    1.79718e-01    
8.26334e-01    1.79869e-01    
8.40382e-01    1.80022e-01    
8.54668e-01    1.80179e-01    
8.69197e-01    1.80339e-01    
8.83974e-01    1.80501e-01    
8.99001e-01    1.80667e-01    
9.14284e-01    1.80836e-01    
9.29827e-01    1.81008e-01    
9.45634e-01    1.81182e-01    
9.61710e-01    1.81360e-01    
9.78059e-01    1.81540e-01    
9.94686e-01    1.81723e-01    
1.01160e+00    1.81909e-01    
1.02879e+00    1.82097e-01    
1.04628e+00    1.82289e-01    
1.06407e+00    1.82482e-01    
1.08216e+00    1.82678e-01    
1.10056e+00    1.82877e-01    
1.11926e+00    1.83077e-01    
1.13829e+00    1.83280e-01    
1.15764e+00    1.83485e-01    
1.17732e+00    1.83693e-01    
1.19734e+00    1.83902e-01    
1.21769e+00    1.84113e-01    
1.23839e+00    1.84326e-01    
1.25945e+00    1.84540e-01    
1.28086e+00    1.84756e-01    
1.30263e+00    1.84973e-01    
1.32478e+00    1.85191e-01    
1.34730e+00    1.85410e-01    
1.37020e+00    1.85630e-01    
1.39349e+00    1.85851e-01    
1.41718e+00    1.86072e-01    
1.44128e+00    1.86292e-01    
1.46578e+00    1.86513e-01    
1.49070e+00    1.86733e-01    
1.51604e+00    1.86951e-01    
1.54181e+00    1.87169e-01    
1.56802e+00    1.87386e-01    
1.59468e+00    1.87600e-01    
1.62179e+00    1.87813e-01    
1.64936e+00    1.88023e-01    
1.67740e+00    1.88231e-01    
1.70591e+00    1.88436e-01    
1.73491e+00    1.88638e-01    
1.76441e+00    1.88837e-01    
1.79440e+00    1.89032e-01    
1.82491e+00    1.89224e-01    
1.85593e+00    1.89413e-01    
1.88748e+00    1.89597e-01    
1.91957e+00    1.89778e-01    
1.95220e+00    1.89954e-01    
1.98539e+00    1.90125e-01    
2.01914e+00    1.90292e-01    
2.05346e+00    1.90453e-01    
2.08837e+00    1.90608e-01    
2.12388e+00    1.90757e-01    
2.15998e+00    1.90900e-01    
2.19670e+00    1.91035e-01    
2.23405e+00    1.91163e-01    
2.27202e+00    1.91282e-01    
2.31065e+00    1.91394e-01    
2.34993e+00    1.91496e-01    
2.38988e+00    1.91591e-01    
2.43051e+00    1.91676e-01    
2.47183e+00    1.91753e-01    
2.51385e+00    1.91821e-01    
2.55658e+00    1.91882e-01    
2.60004e+00    1.91935e-01    
2.64424e+00    1.91980e-01    
2.68920e+00    1.92019e-01    
2.73491e+00    1.92052e-01    
2.78141e+00    1.92078e-01    
2.82869e+00    1.92098e-01    
2.87678e+00    1.92113e-01    
2.92568e+00    1.92123e-01    
2.97542e+00    1.92127e-01    
3.02600e+00    1.92126e-01    
3.07744e+00    1.92120e-01    
3.12976e+00    1.92109e-01    
3.18297e+00    1.92094e-01    
3.23708e+00    1.92074e-01    
3.29211e+00    1.92051e-01    
3.34807e+00    1.92025e-01    
3.40499e+00    1.91997e-01    
3.46288e+00    1.91970e-01    
3.52174e+00    1.91943e-01    
3.58161e+00    1.91921e-01    
3.64250e+00    1.91905e-01    
3.70442e+00    1.91898e-01    
3.76740e+00    1.91901e-01    
3.83145e+00    1.91917e-01    
3.89658e+00    1.91946e-01    
3.96282e+00    1.91987e-01    
4.03019e+00    1.92041e-01    
4.09870e+00    1.92106e-01    
4.16838e+00    1.92180e-01    
4.23924e+00    1.92262e-01    
4.31131e+00    1.92349e-01    
4.38460e+00    1.92440e-01    
4.45914e+00    1.92533e-01    
4.53495e+00    1.92627e-01    
4.61204e+00    1.92722e-01    
4.69045e+00    1.92816e-01    
4.77018e+00    1.92910e-01    
4.85128e+00    1.93001e-01    
4.93375e+00    1.93091e-01    
5.01762e+00    1.93178e-01    
5.10292e+00    1.93263e-01    
5.18967e+00    1.93346e-01    
5.27790e+00    1.93425e-01    
5.36762e+00    1.93502e-01    
5.45887e+00    1.93576e-01    
5.55167e+00    1.93646e-01    
5.64605e+00    1.93713e-01    
5.74203e+00    1.93777e-01    
5.83965e+00    1.93838e-01    
5.93892e+00    1.93896e-01    
6.03988e+00    1.93952e-01    
6.14256e+00    1.94004e-01    
6.24698e+00    1.94054e-01    
6.35318e+00    1.94100e-01    
6.46119e+00    1.94144e-01    
6.57103e+00    1.94186e-01    
6.68274e+00    1.94224e-01    
6.79634e+00    1.94260e-01    
6.91188e+00    1.94292e-01    
7.02938e+00    1.94322e-01    
7.14888e+00    1.94348e-01    
7.27041e+00    1.94372e-01    
7.39401e+00    1.94392e-01    
7.51971e+00    1.94410e-01    
7.64754e+00    1.94426e-01    
7.77755e+00    1.94439e-01    
7.90977e+00    1.94451e-01    
8.04424e+00    1.94460e-01    
8.18099e+00    1.94468e-01    
8.32007e+00    1.94476e-01    
8.46151e+00    1.94483e-01    
8.60535e+00    1.94490e-01    
8.75164e+00    1.94498e-01    
8.90042e+00    1.94507e-01    
9.05173e+00    1.94518e-01    
9.20561e+00    1.94531e-01    
9.36210e+00    1.94547e-01    
9.52126e+00    1.94567e-01    
9.68312e+00    1.94590e-01    
9.84773e+00    1.94617e-01    
1.00151e+01    1.94646e-01    
1.01854e+01    1.94678e-01    
1.03586e+01    1.94712e-01    
1.05347e+01    1.94748e-01    
1.07137e+01    1.94783e-01    
1.08959e+01    1.94819e-01    
1.10811e+01    1.94854e-01    
1.12695e+01    1.94888e-01    
1.14611e+01    1.94921e-01    
1.16559e+01    1.94952e-01    
1.18541e+01    1.94982e-01    
1.20556e+01    1.95010e-01    
1.22605e+01    1.95037e-01    
1.24689e+01    1.95063e-01    
1.26809e+01    1.95088e-01    
1.28965e+01    1.95113e-01    
1.31157e+01    1.95137e-01    
1.33387e+01    1.95160e-01    
1.35655e+01    1.95183e-01    
1.37961e+01    1.95206e-01    
1.40306e+01    1.95228e-01    
1.42691e+01    1.95250e-01    
1.45117e+01    1.95272e-01    
1.47584e+01    1.95293e-01    
1.50093e+01    1.95313e-01    
1.52645e+01    1.95332e-01    
1.55239e+01    1.95351e-01    
1.57879e+01    1.95369e-01    
1.60562e+01    1.95386e-01    
1.63292e+01    1.95403e-01    
1.66068e+01    1.95419e-01    
1.68891e+01    1.95434e-01    
1.71762e+01    1.95449e-01    
1.74682e+01    1.95463e-01    
1.77652e+01    1.95476e-01    
1.80672e+01    1.95489e-01    
1.83743e+01    1.95501e-01    
1.86867e+01    1.95513e-01    
1.90044e+01    1.95524e-01    
1.93275e+01    1.95535e-01    
1.96560e+01    1.95545e-01    
1.99902e+01    1.95555e-01    
2.03300e+01    1.95564e-01    
2.06756e+01    1.95573e-01    
2.10271e+01    1.95582e-01    
2.13846e+01    1.95591e-01    
2.17481e+01    1.95599e-01    
2.21178e+01    1.95607e-01    
2.24938e+01    1.95616e-01    
2.28762e+01    1.95623e-01    
2.32651e+01    1.95631e-01    
2.36606e+01    1.95638e-01    
2.40628e+01    1.95645e-01    
2.44719e+01    1.95652e-01    
2.48879e+01    1.95658e-01    
2.53110e+01    1.95663e-01    
2.57413e+01    1.95668e-01    
2.61789e+01    1.95673e-01    
2.66240e+01    1.95678e-01    
2.70766e+01    1.95682e-01    
2.75369e+01    1.95686e-01    
2.80050e+01    1.95689e-01    
2.84811e+01    1.95692e-01    
2.89653e+01    1.95695e-01    
2.94577e+01    1.95697e-01    
2.99585e+01    1.95700e-01    
3.04678e+01    1.95702e-01    
3.09857e+01    1.95703e-01    
3.15125e+01    1.95705e-01    
3.20482e+01    1.95706e-01    
3.25930e+01    1.95707e-01    
3.31471e+01    1.95707e-01    
3.37106e+01    1.95708e-01    
3.42837e+01    1.95708e-01    
3.48665e+01    1.95708e-01    
3.54592e+01    1.95707e-01    
3.60620e+01    1.95707e-01    
3.66751e+01    1.95706e-01    
3.72985e+01    1.95706e-01    
3.79326e+01    1.95705e-01    
3.85775e+01    1.95703e-01    
3.92333e+01    1.95702e-01    
3.99003e+01    1.95701e-01    
4.05786e+01    1.95699e-01    
4.12684e+01    1.95697e-01    
4.19700e+01    1.95696e-01    
4.26835e+01    1.95694e-01    
4.34091e+01    1.95692e-01    
4.41470e+01    1.95690e-01    
4.48975e+01    1.95687e-01    
4.56608e+01    1.95685e-01    
4.64370e+01    1.95683e-01    
4.72265e+01    1.95680e-01    
4.80293e+01    1.95678e-01    
4.88458e+01    1.95675e-01    
4.96762e+01    1.95673e-01    
5.05207e+01    1.95670e-01    
5.13795e+01    1.95668e-01    
5.22530e+01    1.95665e-01    
5.31413e+01    1.95662e-01    
5.40447e+01    1.95660e-01    
5.49634e+01    1.95657e-01    
5.58978e+01    1.95654e-01    
5.68481e+01    1.95652e-01    
5.78145e+01    1.95649e-01    
5.87974e+01    1.95647e-01    
5.97969e+01    1.95644e-01    
6.08135e+01    1.95641e-01    
6.18473e+01    1.95639e-01    
6.28987e+01    1.95636e-01    
6.39680e+01    1.95634e-01    
6.50554e+01    1.95632e-01    
6.61614e+01    1.95629e-01    
6.72861e+01    1.95627e-01    
6.84300e+01    1.95625e-01    
6.95933e+01    1.95623e-01    
7.07764e+01    1.95621e-01    
7.19796e+01    1.95619e-01    
7.32032e+01    1.95617e-01    
7.44477e+01    1.95615e-01    
7.57133e+01    1.95613e-01    
7.70004e+01    1.95611e-01    
7.83094e+01    1.95610e-01    
7.96407e+01    1.95608e-01    
8.09946e+01    1.95607e-01    
8.23715e+01    1.95605e-01    
8.37718e+01    1.95604e-01    
8.51959e+01    1.95603e-01    
8.66443e+01    1.95602e-01    
8.81172e+01    1.95601e-01    
8.96152e+01    1.95600e-01    
9.11387e+01    1.95600e-01    
9.26880e+01    1.95599e-01    
9.42637e+01    1.95598e-01    
9.58662e+01    1.95598e-01    
9.74959e+01    1.95598e-01    
9.91534e+01    1.95598e-01    
1.00839e+02    1.95597e-01    
1.02553e+02    1.95597e-01    
1.04297e+02    1.95598e-01    
1.06070e+02    1.95598e-01    
1.07873e+02    1.95598e-01    
1.09707e+02    1.95599e-01    
1.11572e+02    1.95599e-01    
1.13468e+02    1.95600e-01    
1.15397e+02    1.95601e-01    
1.17359e+02    1.95602e-01    
1.19354e+02    1.95603e-01    
1.21383e+02    1.95604e-01    
1.23447e+02    1.95605e-01    
1.25545e+02    1.95606e-01    
1.27680e+02    1.95608e-01    
1.29850e+02    1.95609e-01    
1.32058e+02    1.95611e-01    
1.34303e+02    1.95612e-01    
1.36586e+02    1.95614e-01    
1.38908e+02    1.95616e-01    
1.41269e+02    1.95618e-01    
1.43671e+02    1.95620e-01    
1.46113e+02    1.95622e-01    
1.48597e+02    1.95624e-01    
1.51123e+02    1.95627e-01    
1.53692e+02    1.95629e-01    
1.56305e+02    1.95632e-01    
1.58962e+02    1.95634e-01    
1.61665e+02    1.95637e-01    
1.64413e+02    1.95640e-01    
1.67208e+02    1.95642e-01    
1.70051e+02    1.95645e-01    
1.72941e+02    1.95648e-01    
1.75881e+02    1.95651e-01    
1.78871e+02    1.95654e-01    
1.81912e+02    1.95657e-01    
1.85005e+02    1.95660e-01    
1.88150e+02    1.95663e-01    
1.91348e+02    1.95667e-01    
1.94601e+02    1.95670e-01    
1.97910e+02    1.95673e-01    
2.01274e+02    1.95676e-01    
2.04696e+02    1.95680e-01    
2.08175e+02    1.95683e-01    
2.11714e+02    1.95686e-01    
2.15314e+02    1.95690e-01    
2.18974e+02    1.95693e-01    
2.22697e+02    1.95697e-01    
2.26482e+02    1.95700e-01    
2.30333e+02    1.95704e-01    
2.34248e+02    1.95707e-01    
2.38230e+02    1.95710e-01    
2.42280e+02    1.95714e-01    
2.46399e+02    1.95717e-01    
2.50588e+02    1.95721e-01    
2.54848e+02    1.95724e-01    
2.59180e+02    1.95727e-01    
2.63586e+02    1.95731e-01    
2.68067e+02    1.95734e-01    
2.72625e+02    1.95738e-01    
2.77259e+02    1.95741e-01    
2.81973e+02    1.95744e-01    
2.86766e+02    1.95748e-01    
2.91641e+02    1.95751e-01    
2.96599e+02    1.95754e-01    
3.01641e+02    1.95758e-01    
3.06769e+02    1.95761e-01    
3.11984e+02    1.95764e-01    
3.17288e+02    1.95767e-01    
3.22682e+02    1.95771e-01    
3.28167e+02    1.95774e-01    
3.33746e+02    1.95777e-01    
3.39420e+02    1.95780e-01    
3.45190e+02    1.95784e-01    
3.51058e+02    1.95787e-01    
3.57026e+02    1.95790e-01    
3.63096e+02    1.95793e-01    
3.69268e+02    1.95797e-01    
3.75546e+02    1.95800e-01    
3.81930e+02    1.95803e-01    
3.88423e+02    1.95806e-01    
3.95026e+02    1.95809e-01    
4.01742e+02    1.95813e-01    
4.08571e+02    1.95816e-01    
4.15517e+02    1.95819e-01    
4.22581e+02    1.95822e-01    
4.29765e+02    1.95826e-01    
4.37071e+02    1.95829e-01    
4.44501e+02    1.95832e-01    
4.52057e+02    1.95835e-01    
4.59742e+02    1.95839e-01    
4.67558e+02    1.95842e-01    
4.75507e+02    1.95845e-01    
4.83590e+02    1.95848e-01    
4.91811e+02    1.95851e-01    
5.00172e+02    1.95855e-01    
5.08675e+02    1.95858e-01    
5.17322e+02    1.95861e-01    
5.26117e+02    1.95864e-01    
5.35061e+02    1.95868e-01    
5.44157e+02    1.95871e-01    
5.53408e+02    1.95874e-01    
5.62816e+02    1.95878e-01    
5.72383e+02    1.95881e-01    
5.82114e+02    1.95884e-01    
5.92010e+02    1.95887e-01    
6.02074e+02    1.95891e-01    
6.12309e+02    1.95894e-01    
6.22719e+02    1.95897e-01    
6.33305e+02    1.95901e-01    
6.44071e+02    1.95904e-01    
6.55020e+02    1.95907e-01    
6.66156e+02    1.95910e-01    
6.77480e+02    1.95914e-01    
6.88997e+02    1.95917e-01    
7.00710e+02    1.95920e-01    
7.12622e+02    1.95924e-01    
7.24737e+02    1.95927e-01    
7.37058e+02    1.95930e-01    
7.49588e+02    1.95933e-01    
7.62331e+02    1.95937e-01    
7.75290e+02    1.95940e-01    
7.88470e+02    1.95943e-01    
8.01874e+02    1.95947e-01    
8.15506e+02    1.95950e-01    
8.29370e+02    1.95953e-01    
8.43469e+02    1.95957e-01    
8.57808e+02    1.95960e-01    
8.72391e+02    1.95963e-01    
8.87221e+02    1.95966e-01    
9.02304e+02    1.95970e-01    
9.17643e+02    1.95973e-01    
9.33243e+02    1.95976e-01    
9.49108e+02    1.95980e-01    
9.65243e+02    1.95983e-01    
9.81652e+02    1.95986e-01    
9.98340e+02    1.95989e-01    
1.01531e+03    1.95993e-01    
1.03257e+03    1.95996e-01    
1.05013e+03    1.95999e-01    
1.06798e+03    1.96002e-01    
1.08613e+03    1.96006e-01    
1.10460e+03    1.96009e-01    
1.12338e+03    1.96012e-01    
1.14247e+03    1.96015e-01    
1.16190e+03    1.96019e-01    
1.18165e+03    1.96022e-01    
1.20174e+03    1.96025e-01    
1.22217e+03    1.96028e-01    
1.24294e+03    1.96032e-01    
1.26407e+03    1.96035e-01    
1.28556e+03    1.96038e-01    
1.30742e+03    1.96041e-01    
1.32964e+03    1.96044e-01    
1.35225e+03    1.96047e-01    
1.37523e+03    1.96051e-01    
1.39861e+03    1.96054e-01    
1.42239e+03    1.96057e-01    
1.44657e+03    1.96060e-01    
1.47116e+03    1.96063e-01    
1.49617e+03    1.96066e-01    
1.52161e+03    1.96070e-01    
1.54747e+03    1.96073e-01    
1.57378e+03    1.96076e-01    
1.60054e+03    1.96079e-01    
1.62775e+03    1.96082e-01    
1.65542e+03    1.96085e-01    
1.68356e+03    1.96088e-01    
1.71218e+03    1.96091e-01    
1.74129e+03    1.96094e-01    
1.77089e+03    1.96097e-01    
1.80099e+03    1.96101e-01    
1.83161e+03    1.96104e-01    
1.86275e+03    1.96107e-01    
1.89441e+03    1.96110e-01    
1.92662e+03    1.96113e-01    
1.95937e+03    1.96116e-01    
1.99268e+03    1.96119e-01    
2.02656e+03    1.96122e-01    
2.06101e+03    1.96125e-01    
2.09605e+03    1.96128e-01    
2.13168e+03    1.96131e-01    
2.16792e+03    1.96134e-01    
2.20477e+03    1.96137e-01    
2.24225e+03    1.96140e-01    
2.28037e+03    1.96143e-01    
2.31914e+03    1.96145e-01    
2.35856e+03    1.96148e-01    
2.39866e+03    1.96151e-01    
2.43944e+03    1.96154e-01    
2.48091e+03    1.96157e-01    
2.52308e+03    1.96160e-01    
2.56597e+03    1.96163e-01    
2.60960e+03    1.96166e-01    
2.65396e+03    1.96169e-01    
2.69908e+03    1.96172e-01    
2.74496e+03    1.96174e-01    
2.79162e+03    1.96177e-01    
2.83908e+03    1.96180e-01    
2.88735e+03    1.96183e-01    
2.93643e+03    1.96186e-01    
2.98635e+03    1.96188e-01    
3.03712e+03    1.96191e-01    
3.08875e+03    1.96194e-01    
3.14126e+03    1.96197e-01    
3.19466e+03    1.96200e-01    
3.24897e+03    1.96202e-01    
3.30420e+03    1.96205e-01    
3.36037e+03    1.96208e-01    
3.41750e+03    1.96211e-01    
3.47560e+03    1.96213e-01    
3.53468e+03    1.96216e-01    
3.59477e+03    1.96219e-01    
3.65588e+03    1.96221e-01    
3.71803e+03    1.96224e-01    
3.78124e+03    1.96227e-01    
3.84552e+03    1.96229e-01    
3.91090e+03    1.96232e-01    
3.97738e+03    1.96235e-01    
4.04500e+03    1.96237e-01    
4.11376e+03    1.96240e-01    
4.18369e+03    1.96243e-01    
4.25482e+03    1.96245e-01    
4.32715e+03    1.96248e-01    
4.40071e+03    1.96251e-01    
4.47552e+03    1.96253e-01    
4.55161e+03    1.96256e-01    
4.62898e+03    1.96258e-01    
4.70768e+03    1.96261e-01    
4.78771e+03    1.96263e-01    
4.86910e+03    1.96266e-01    
4.95187e+03    1.96268e-01    
5.03606e+03    1.96271e-01    
5.12167e+03    1.96273e-01    
5.20874e+03    1.96276e-01    
5.29729e+03    1.96278e-01    
5.38734e+03    1.96281e-01    
5.47892e+03    1.96283e-01    
5.57207e+03    1.96286e-01    
5.66679e+03    1.96288e-01    
5.76313e+03    1.96291e-01    
5.86110e+03    1.96293e-01    
5.96074e+03    1.96296e-01    
6.06207e+03    1.96298e-01    
6.16513e+03    1.96300e-01    
6.26993e+03    1.96303e-01    
6.37652e+03    1.96305e-01    
6.48492e+03    1.96308e-01    
6.59517e+03    1.96310e-01    
6.70729e+03    1.96312e-01    
6.82131e+03    1.96315e-01    
6.93727e+03    1.96317e-01    
7.05521e+03    1.96319e-01    
7.17514e+03    1.96322e-01    
7.29712e+03    1.96324e-01    
7.42117e+03    1.96326e-01    
7.54733e+03    1.96329e-01    
7.67564e+03    1.96331e-01    
7.80612e+03    1.96333e-01    
7.93883e+03    1.96336e-01    
8.07379e+03    1.96338e-01    
8.21104e+03    1.96340e-01    
8.35063e+03    1.96342e-01    
8.49259e+03    1.96345e-01    
8.63697e+03    1.96347e-01    
8.78379e+03    1.96349e-01    
8.93312e+03    1.96351e-01    
9.08498e+03    1.96353e-01    
9.23943e+03    1.96356e-01    
9.39650e+03    1.96358e-01    
9.55624e+03    1.96360e-01    
9.71869e+03    1.96362e-01    
9.88391e+03    1.96364e-01    
1.00519e+04    1.96366e-01    
1.02228e+04    1.96369e-01    
1.03966e+04    1.96371e-01    
1.05734e+04    1.96373e-01    
1.07531e+04    1.96375e-01    
1.09359e+04    1.96377e-01    
1.11218e+04    1.96379e-01    
1.13109e+04    1.96381e-01    
1.15032e+04    1.96383e-01    
1.16987e+04    1.96385e-01    
1.18976e+04    1.96387e-01    
1.20999e+04    1.96390e-01    
1.23056e+04    1.96392e-01    
1.25148e+04    1.96394e-01    
1.27275e+04    1.96396e-01    
1.29439e+04    1.96398e-01    
1.31639e+04    1.96400e-01    
1.33877e+04    1.96402e-01    
1.36153e+04    1.96404e-01    
1.38468e+04    1.96406e-01    
1.40821e+04    1.96408e-01    
1.43215e+04    1.96410e-01    
1.45650e+04    1.96412e-01    
1.48126e+04    1.96414e-01    
1.50644e+04    1.96415e-01    
1.53205e+04    1.96417e-01    
1.55810e+04    1.96419e-01    
1.58459e+04    1.96421e-01    
1.61152e+04    1.96423e-01    
1.63892e+04    1.96425e-01    
1.66678e+04    1.96427e-01    
1.69512e+04    1.96429e-01    
1.72393e+04    1.96431e-01    
1.75324e+04    1.96433e-01    
1.78305e+04    1.96435e-01    
1.81336e+04    1.96436e-01    
1.84418e+04    1.96438e-01    
1.87554e+04    1.96440e-01    
1.90742e+04    1.96442e-01    
1.93985e+04    1.96444e-01    
1.97282e+04    1.96446e-01    
2.00636e+04    1.96447e-01    
2.04047e+04    1.96449e-01    
2.07516e+04    1.96451e-01    
2.11043e+04    1.96453e-01    
2.14631e+04    1.96455e-01    
2.18280e+04    1.96456e-01    
2.21991e+04    1.96458e-01    
2.25765e+04    1.96460e-01    
2.29603e+04    1.96462e-01    
2.33506e+04    1.96463e-01    
2.37475e+04    1.96465e-01    
2.41512e+04    1.96467e-01    
2.45618e+04    1.96469e-01    
2.49794e+04    1.96470e-01    
2.54040e+04    1.96472e-01    
2.58359e+04    1.96474e-01    
2.62751e+04    1.96475e-01    
2.67218e+04    1.96477e-01    
2.71760e+04    1.96479e-01    
2.76380e+04    1.96480e-01    
2.81079e+04    1.96482e-01    
2.85857e+04    1.96484e-01    
2.90717e+04    1.96485e-01    
2.95659e+04    1.96487e-01    
3.00685e+04    1.96489e-01    
3.05797e+04    1.96490e-01    
3.10995e+04    1.96492e-01    
3.16282e+04    1.96493e-01    
3.21659e+04    1.96495e-01    
3.27127e+04    1.96497e-01    
3.32688e+04    1.96498e-01    
3.38344e+04    1.96500e-01    
3.44096e+04    1.96501e-01    
3.49946e+04    1.96503e-01    
3.55895e+04    1.96505e-01    
3.61945e+04    1.96506e-01    
3.68098e+04    1.96508e-01    
3.74356e+04    1.96509e-01    
3.80720e+04    1.96511e-01    
3.87192e+04    1.96512e-01    
3.93774e+04    1.96514e-01    
4.00468e+04    1.96515e-01    
4.07276e+04    1.96517e-01    
4.14200e+04    1.96518e-01    
4.21242e+04    1.96520e-01    
4.28403e+04    1.96521e-01    
4.35685e+04    1.96523e-01    
4.43092e+04    1.96524e-01    
4.50625e+04    1.96526e-01    
4.58285e+04    1.96527e-01    
4.66076e+04    1.96529e-01    
4.73999e+04    1.96530e-01    
4.82057e+04    1.96531e-01    
4.90252e+04    1.96533e-01    
4.98587e+04    1.96534e-01    
5.07063e+04    1.96536e-01    
5.15683e+04    1.96537e-01    
5.24449e+04    1.96539e-01    
5.33365e+04    1.96540e-01    
5.42432e+04    1.96541e-01    
5.51654e+04    1.96543e-01    
5.61032e+04    1.96544e-01    
5.70569e+04    1.96546e-01    
5.80269e+04    1.96547e-01    
5.90134e+04    1.96548e-01    
6.00166e+04    1.96550e-01    
6.10369e+04    1.96551e-01    
6.20745e+04    1.96552e-01    
6.31298e+04    1.96554e-01    
6.42030e+04    1.96555e-01    
6.52944e+04    1.96556e-01    
6.64044e+04    1.96558e-01    
6.75333e+04    1.96559e-01    
6.86814e+04    1.96560e-01    
6.98489e+04    1.96562e-01    
7.10364e+04    1.96563e-01    
7.22440e+04    1.96564e-01    
7.34722e+04    1.96565e-01    
7.47212e+04    1.96567e-01    
7.59914e+04    1.96568e-01    
7.72833e+04    1.96569e-01    
7.85971e+04    1.96570e-01    
7.99333e+04    1.96572e-01    
8.12921e+04    1.96573e-01    
8.26741e+04    1.96574e-01    
8.40796e+04    1.96575e-01    
8.55089e+04    1.96577e-01    
8.69626e+04    1.96578e-01    
8.84409e+04    1.96579e-01    
8.99444e+04    1.96580e-01    
9.14735e+04    1.96582e-01    
9.30285e+04    1.96583e-01    
9.46100e+04    1.96584e-01    
9.62184e+04    1.96585e-01    
9.78541e+04    1.96586e-01    
9.95176e+04    1.96588e-01    
1.01209e+05    1.96589e-01    
1.02930e+05    1.96590e-01    
1.04680e+05    1.96591e-01    
1.06459e+05    1.96592e-01    
1.08269e+05    1.96593e-01    
1.10110e+05    1.96595e-01    
1.11982e+05    1.96596e-01    
1.13885e+05    1.96597e-01    
1.15821e+05    1.96598e-01    
1.17790e+05    1.96599e-01    
1.19793e+05    1.96600e-01    
1.21829e+05    1.96601e-01    
1.23900e+05    1.96602e-01    
1.26007e+05    1.96603e-01    
1.28149e+05    1.96605e-01    
1.30327e+05    1.96606e-01    
1.32543e+05    1.96607e-01    
1.34796e+05    1.96608e-01    
1.37088e+05    1.96609e-01    
1.39418e+05    1.96610e-01    
1.41788e+05    1.96611e-01    
1.44199e+05    1.96612e-01    
1.46650e+05    1.96613e-01    
1.49143e+05    1.96614e-01    
1.51678e+05    1.96615e-01    
1.54257e+05    1.96616e-01    
1.56879e+05    1.96617e-01    
1.59546e+05    1.96618e-01    
1.62259e+05    1.96619e-01    
1.65017e+05    1.96620e-01    
1.67822e+05    1.96621e-01    
1.70675e+05    1.96623e-01    
1.73577e+05    1.96624e-01    
1.76528e+05    1.96625e-01    
1.79529e+05    1.96626e-01    
1.82581e+05    1.96627e-01    
1.85684e+05    1.96627e-01    
1.88841e+05    1.96628e-01    
1.92051e+05    1.96629e-01    
1.95316e+05    1.96630e-01    
1.98637e+05    1.96631e-01    
2.02013e+05    1.96632e-01    
2.05448e+05    1.96633e-01    
2.08940e+05    1.96634e-01    
2.12492e+05    1.96635e-01    
2.16105e+05    1.96636e-01    
2.19778e+05    1.96637e-01    
2.23515e+05    1.96638e-01    
2.27314e+05    1.96639e-01    
2.31179e+05    1.96640e-01    
2.35109e+05    1.96641e-01    
2.39106e+05    1.96642e-01    
2.43170e+05    1.96643e-01    
2.47304e+05    1.96644e-01    
2.51508e+05    1.96645e-01    
2.55784e+05    1.96645e-01    
2.60132e+05    1.96646e-01    
2.64555e+05    1.96647e-01    
2.69052e+05    1.96648e-01    
2.73626e+05    1.96649e-01    
2.78278e+05    1.96650e-01    
2.83008e+05    1.96651e-01    
2.87820e+05    1.96652e-01    
2.92712e+05    1.96652e-01    
2.97689e+05    1.96653e-01    
3.02749e+05    1.96654e-01    
3.07896e+05    1.96655e-01    
3.13130e+05    1.96656e-01    
3.18454e+05    1.96657e-01    
3.23867e+05    1.96658e-01    
3.29373e+05    1.96658e-01    
3.34972e+05    1.96659e-01    
3.40667e+05    1.96660e-01    
3.46458e+05    1.96661e-01    
3.52348e+05    1.96662e-01    
3.58338e+05    1.96663e-01    
3.64430e+05    1.96663e-01    
3.70625e+05    1.96664e-01    
3.76926e+05    1.96665e-01    
3.83333e+05    1.96666e-01    
3.89850e+05    1.96667e-01    
3.96477e+05    1.96667e-01    
4.03218e+05    1.96668e-01    
4.10072e+05    1.96669e-01    
4.17044e+05    1.96670e-01    
4.24133e+05    1.96671e-01    
4.31344e+05    1.96671e-01    
4.38676e+05    1.96672e-01    
4.46134e+05    1.96673e-01    
4.53718e+05    1.96674e-01    
4.61431e+05    1.96674e-01    
4.69276e+05    1.96675e-01    
4.77253e+05    1.96676e-01    
4.85367e+05    1.96677e-01    
4.93618e+05    1.96677e-01    
5.02009e+05    1.96678e-01    
5.10544e+05    1.96679e-01    
5.19223e+05    1.96680e-01    
5.28050e+05    1.96680e-01    
5.37027e+05    1.96681e-01    
5.46156e+05    1.96682e-01    
5.55441e+05    1.96683e-01    
5.64883e+05    1.96683e-01    
5.74486e+05    1.96684e-01    
5.84252e+05    1.96685e-01    
5.94185e+05    1.96685e-01    
6.04286e+05    1.96686e-01    
6.14559e+05    1.96687e-01    
6.25006e+05    1.96687e-01    
6.35631e+05    1.96688e-01    
6.46437e+05    1.96689e-01    
6.57427e+05    1.96690e-01    
6.68603e+05    1.96690e-01    
6.79969e+05    1.96691e-01    
6.91529e+05    1.96692e-01    
7.03284e+05    1.96692e-01    
7.15240e+05    1.96693e-01    
7.27399e+05    1.96694e-01    
7.39765e+05    1.96694e-01    
7.52341e+05    1.96695e-01    
7.65131e+05    1.96696e-01    
7.78138e+05    1.96696e-01    
7.91367e+05    1.96697e-01    
8.04820e+05    1.96697e-01    
8.18502e+05    1.96698e-01    
8.32416e+05    1.96699e-01    
8.46567e+05    1.96699e-01    
8.60959e+05    1.96700e-01    
8.75595e+05    1.96701e-01    
8.90481e+05    1.96701e-01    
9.05619e+05    1.96702e-01    
9.21014e+05    1.96703e-01    
9.36672e+05    1.96703e-01    
9.52595e+05    1.96704e-01    
9.68789e+05    1.96704e-01    
9.85258e+05    1.96705e-01    
1.00201e+06    1.96706e-01    
1.01904e+06    1.96706e-01    
1.03637e+06    1.96707e-01    
1.05398e+06    1.96707e-01    
1.07190e+06    1.96708e-01    
1.09012e+06    1.96709e-01    
1.10866e+06    1.96709e-01    
1.12750e+06    1.96710e-01    
1.14667e+06    1.96710e-01    
1.16616e+06    1.96711e-01    
1.18599e+06    1.96711e-01    
1.20615e+06    1.96712e-01    
1.22666e+06    1.96713e-01    
1.24751e+06    1.96713e-01    
1.26872e+06    1.96714e-01    
1.29028e+06    1.96714e-01    
1.31222e+06    1.96715e-01    
1.33453e+06    1.96715e-01    
1.35721e+06    1.96716e-01    
1.38029e+06    1.96716e-01    
1.40375e+06    1.96717e-01    
1.42762e+06    1.96718e-01    
1.45188e+06    1.96718e-01    
1.47657e+06    1.96719e-01    
1.50167e+06    1.96719e-01    
1.52720e+06    1.96720e-01    
1.55316e+06    1.96720e-01    
1.57956e+06    1.96721e-01    
1.60642e+06    1.96721e-01    
1.63372e+06    1.96722e-01    
1.66150e+06    1.96722e-01    
1.68974e+06    1.96723e-01    
1.71847e+06    1.96723e-01    
1.74768e+06    1.96724e-01    
1.77739e+06    1.96724e-01    
1.80761e+06    1.96725e-01    
1.83834e+06    1.96725e-01    
1.86959e+06    1.96726e-01    
1.90137e+06    1.96726e-01    
1.93370e+06    1.96727e-01    
1.96657e+06    1.96727e-01    
2.00000e+06    1.96728e-01    

