# USINE V4.0
# File generated 12-05-2022 05:02:50
# Model1DKisoVc
# B/C
# SolMod0DFF_phi0_670GV
# R [GV]       TOA [-]
1.00751e-01    2.08592e-01    
1.02460e-01    2.08622e-01    
1.04198e-01    2.08652e-01    
1.05965e-01    2.08683e-01    
1.07763e-01    2.08715e-01    
1.09591e-01    2.08747e-01    
1.11450e-01    2.08780e-01    
1.13340e-01    2.08814e-01    
1.15263e-01    2.08847e-01    
1.17218e-01    2.08882e-01    
1.19206e-01    2.08917e-01    
1.21228e-01    2.08953e-01    
1.23285e-01    2.08989e-01    
1.25376e-01    2.09026e-01    
1.27503e-01    2.09064e-01    
1.29666e-01    2.09102e-01    
1.31865e-01    2.09141e-01    
1.34102e-01    2.09180e-01    
1.36377e-01    2.09220e-01    
1.38690e-01    2.09261e-01    
1.41043e-01    2.09303e-01    
1.43435e-01    2.09345e-01    
1.45868e-01    2.09388e-01    
1.48343e-01    2.09432e-01    
1.50859e-01    2.09476e-01    
1.53418e-01    2.09522e-01    
1.56020e-01    2.09568e-01    
1.58667e-01    2.09614e-01    
1.61358e-01    2.09662e-01    
1.64095e-01    2.09711e-01    
1.66879e-01    2.09760e-01    
1.69710e-01    2.09810e-01    
1.72588e-01    2.09861e-01    
1.75516e-01    2.09913e-01    
1.78493e-01    2.09966e-01    
1.81521e-01    2.10019e-01    
1.84600e-01    2.10074e-01    
1.87731e-01    2.10129e-01    
1.90916e-01    2.10186e-01    
1.94154e-01    2.10243e-01    
1.97448e-01    2.10301e-01    
2.00797e-01    2.10361e-01    
2.04203e-01    2.10422e-01    
2.07667e-01    2.10485e-01    
2.11190e-01    2.10550e-01    
2.14772e-01    2.10618e-01    
2.18415e-01    2.10687e-01    
2.22120e-01    2.10759e-01    
2.25888e-01    2.10833e-01    
2.29720e-01    2.10910e-01    
2.33616e-01    2.10989e-01    
2.37579e-01    2.11071e-01    
2.41609e-01    2.11156e-01    
2.45707e-01    2.11243e-01    
2.49875e-01    2.11333e-01    
2.54114e-01    2.11426e-01    
2.58424e-01    2.11522e-01    
2.62808e-01    2.11622e-01    
2.67266e-01    2.11724e-01    
2.71800e-01    2.11830e-01    
2.76410e-01    2.11939e-01    
2.81099e-01    2.12052e-01    
2.85867e-01    2.12168e-01    
2.90716e-01    2.12288e-01    
2.95647e-01    2.12412e-01    
3.00662e-01    2.12540e-01    
3.05763e-01    2.12672e-01    
3.10949e-01    2.12809e-01    
3.16224e-01    2.12949e-01    
3.21588e-01    2.13094e-01    
3.27043e-01    2.13244e-01    
3.32590e-01    2.13398e-01    
3.38232e-01    2.13558e-01    
3.43970e-01    2.13722e-01    
3.49804e-01    2.13891e-01    
3.55738e-01    2.14066e-01    
3.61772e-01    2.14246e-01    
3.67909e-01    2.14432e-01    
3.74150e-01    2.14623e-01    
3.80496e-01    2.14820e-01    
3.86951e-01    2.15024e-01    
3.93514e-01    2.15233e-01    
4.00190e-01    2.15449e-01    
4.06978e-01    2.15672e-01    
4.13881e-01    2.15901e-01    
4.20902e-01    2.16137e-01    
4.28042e-01    2.16380e-01    
4.35303e-01    2.16631e-01    
4.42686e-01    2.16889e-01    
4.50196e-01    2.17155e-01    
4.57832e-01    2.17428e-01    
4.65598e-01    2.17709e-01    
4.73496e-01    2.17999e-01    
4.81528e-01    2.18297e-01    
4.89696e-01    2.18604e-01    
4.98003e-01    2.18919e-01    
5.06450e-01    2.19243e-01    
5.15041e-01    2.19577e-01    
5.23778e-01    2.19920e-01    
5.32663e-01    2.20272e-01    
5.41698e-01    2.20635e-01    
5.50887e-01    2.21007e-01    
5.60231e-01    2.21390e-01    
5.69735e-01    2.21783e-01    
5.79399e-01    2.22187e-01    
5.89227e-01    2.22601e-01    
5.99222e-01    2.23027e-01    
6.09387e-01    2.23464e-01    
6.19724e-01    2.23912e-01    
6.30236e-01    2.24373e-01    
6.40926e-01    2.24845e-01    
6.51798e-01    2.25329e-01    
6.62855e-01    2.25825e-01    
6.74099e-01    2.26334e-01    
6.85533e-01    2.26856e-01    
6.97162e-01    2.27391e-01    
7.08988e-01    2.27939e-01    
7.21014e-01    2.28500e-01    
7.33245e-01    2.29075e-01    
7.45683e-01    2.29663e-01    
7.58331e-01    2.30266e-01    
7.71195e-01    2.30882e-01    
7.84277e-01    2.31513e-01    
7.97580e-01    2.32158e-01    
8.11109e-01    2.32818e-01    
8.24868e-01    2.33492e-01    
8.38860e-01    2.34181e-01    
8.53090e-01    2.34885e-01    
8.67560e-01    2.35605e-01    
8.82277e-01    2.36339e-01    
8.97243e-01    2.37089e-01    
9.12462e-01    2.37853e-01    
9.27940e-01    2.38633e-01    
9.43681e-01    2.39429e-01    
9.59688e-01    2.40239e-01    
9.75967e-01    2.41066e-01    
9.92523e-01    2.41907e-01    
1.00936e+00    2.42763e-01    
1.02648e+00    2.43635e-01    
1.04389e+00    2.44522e-01    
1.06160e+00    2.45423e-01    
1.07961e+00    2.46340e-01    
1.09792e+00    2.47271e-01    
1.11654e+00    2.48217e-01    
1.13548e+00    2.49177e-01    
1.15475e+00    2.50150e-01    
1.17433e+00    2.51138e-01    
1.19425e+00    2.52139e-01    
1.21451e+00    2.53154e-01    
1.23511e+00    2.54181e-01    
1.25606e+00    2.55221e-01    
1.27737e+00    2.56273e-01    
1.29904e+00    2.57336e-01    
1.32107e+00    2.58411e-01    
1.34348e+00    2.59495e-01    
1.36627e+00    2.60588e-01    
1.38945e+00    2.61690e-01    
1.41302e+00    2.62800e-01    
1.43699e+00    2.63917e-01    
1.46136e+00    2.65040e-01    
1.48615e+00    2.66168e-01    
1.51136e+00    2.67300e-01    
1.53700e+00    2.68435e-01    
1.56307e+00    2.69573e-01    
1.58958e+00    2.70714e-01    
1.61655e+00    2.71855e-01    
1.64397e+00    2.72998e-01    
1.67185e+00    2.74142e-01    
1.70021e+00    2.75286e-01    
1.72905e+00    2.76431e-01    
1.75838e+00    2.77576e-01    
1.78821e+00    2.78722e-01    
1.81854e+00    2.79869e-01    
1.84939e+00    2.81017e-01    
1.88076e+00    2.82167e-01    
1.91266e+00    2.83320e-01    
1.94511e+00    2.84475e-01    
1.97810e+00    2.85634e-01    
2.01166e+00    2.86796e-01    
2.04578e+00    2.87962e-01    
2.08048e+00    2.89132e-01    
2.11577e+00    2.90304e-01    
2.15166e+00    2.91479e-01    
2.18816e+00    2.92655e-01    
2.22528e+00    2.93833e-01    
2.26303e+00    2.95008e-01    
2.30141e+00    2.96180e-01    
2.34045e+00    2.97343e-01    
2.38015e+00    2.98494e-01    
2.42053e+00    2.99630e-01    
2.46159e+00    3.00747e-01    
2.50334e+00    3.01843e-01    
2.54581e+00    3.02914e-01    
2.58899e+00    3.03957e-01    
2.63291e+00    3.04970e-01    
2.67757e+00    3.05951e-01    
2.72299e+00    3.06901e-01    
2.76918e+00    3.07820e-01    
2.81615e+00    3.08709e-01    
2.86392e+00    3.09570e-01    
2.91250e+00    3.10403e-01    
2.96190e+00    3.11211e-01    
3.01215e+00    3.11993e-01    
3.06324e+00    3.12750e-01    
3.11520e+00    3.13480e-01    
3.16805e+00    3.14183e-01    
3.22178e+00    3.14856e-01    
3.27644e+00    3.15499e-01    
3.33201e+00    3.16108e-01    
3.38853e+00    3.16683e-01    
3.44601e+00    3.17221e-01    
3.50447e+00    3.17720e-01    
3.56391e+00    3.18176e-01    
3.62437e+00    3.18588e-01    
3.68585e+00    3.18951e-01    
3.74837e+00    3.19263e-01    
3.81195e+00    3.19520e-01    
3.87661e+00    3.19720e-01    
3.94237e+00    3.19860e-01    
4.00925e+00    3.19937e-01    
4.07725e+00    3.19951e-01    
4.14642e+00    3.19902e-01    
4.21675e+00    3.19792e-01    
4.28828e+00    3.19626e-01    
4.36102e+00    3.19407e-01    
4.43500e+00    3.19142e-01    
4.51023e+00    3.18837e-01    
4.58673e+00    3.18500e-01    
4.66454e+00    3.18136e-01    
4.74366e+00    3.17751e-01    
4.82413e+00    3.17348e-01    
4.90596e+00    3.16931e-01    
4.98918e+00    3.16503e-01    
5.07381e+00    3.16066e-01    
5.15987e+00    3.15621e-01    
5.24740e+00    3.15169e-01    
5.33641e+00    3.14709e-01    
5.42693e+00    3.14241e-01    
5.51899e+00    3.13765e-01    
5.61260e+00    3.13279e-01    
5.70781e+00    3.12781e-01    
5.80463e+00    3.12272e-01    
5.90309e+00    3.11749e-01    
6.00323e+00    3.11210e-01    
6.10506e+00    3.10655e-01    
6.20862e+00    3.10082e-01    
6.31393e+00    3.09491e-01    
6.42104e+00    3.08880e-01    
6.52995e+00    3.08249e-01    
6.64072e+00    3.07596e-01    
6.75337e+00    3.06922e-01    
6.86792e+00    3.06224e-01    
6.98442e+00    3.05503e-01    
7.10290e+00    3.04758e-01    
7.22338e+00    3.03988e-01    
7.34591e+00    3.03194e-01    
7.47052e+00    3.02375e-01    
7.59724e+00    3.01531e-01    
7.72611e+00    3.00663e-01    
7.85717e+00    2.99770e-01    
7.99045e+00    2.98854e-01    
8.12599e+00    2.97915e-01    
8.26383e+00    2.96954e-01    
8.40401e+00    2.95973e-01    
8.54656e+00    2.94974e-01    
8.69154e+00    2.93959e-01    
8.83897e+00    2.92930e-01    
8.98891e+00    2.91888e-01    
9.14138e+00    2.90836e-01    
9.29645e+00    2.89775e-01    
9.45414e+00    2.88708e-01    
9.61451e+00    2.87635e-01    
9.77760e+00    2.86557e-01    
9.94346e+00    2.85477e-01    
1.01121e+01    2.84393e-01    
1.02837e+01    2.83308e-01    
1.04581e+01    2.82222e-01    
1.06355e+01    2.81134e-01    
1.08159e+01    2.80046e-01    
1.09994e+01    2.78957e-01    
1.11860e+01    2.77867e-01    
1.13757e+01    2.76776e-01    
1.15687e+01    2.75684e-01    
1.17649e+01    2.74591e-01    
1.19645e+01    2.73496e-01    
1.21674e+01    2.72400e-01    
1.23738e+01    2.71302e-01    
1.25837e+01    2.70202e-01    
1.27972e+01    2.69100e-01    
1.30142e+01    2.67996e-01    
1.32350e+01    2.66891e-01    
1.34595e+01    2.65783e-01    
1.36878e+01    2.64675e-01    
1.39200e+01    2.63564e-01    
1.41561e+01    2.62453e-01    
1.43962e+01    2.61340e-01    
1.46404e+01    2.60227e-01    
1.48888e+01    2.59112e-01    
1.51413e+01    2.57996e-01    
1.53982e+01    2.56878e-01    
1.56594e+01    2.55758e-01    
1.59250e+01    2.54636e-01    
1.61951e+01    2.53513e-01    
1.64699e+01    2.52388e-01    
1.67492e+01    2.51262e-01    
1.70334e+01    2.50135e-01    
1.73223e+01    2.49007e-01    
1.76161e+01    2.47878e-01    
1.79149e+01    2.46748e-01    
1.82188e+01    2.45617e-01    
1.85279e+01    2.44486e-01    
1.88422e+01    2.43354e-01    
1.91618e+01    2.42222e-01    
1.94868e+01    2.41089e-01    
1.98174e+01    2.39956e-01    
2.01535e+01    2.38824e-01    
2.04954e+01    2.37691e-01    
2.08430e+01    2.36558e-01    
2.11966e+01    2.35426e-01    
2.15562e+01    2.34294e-01    
2.19218e+01    2.33162e-01    
2.22937e+01    2.32030e-01    
2.26718e+01    2.30898e-01    
2.30564e+01    2.29767e-01    
2.34475e+01    2.28636e-01    
2.38452e+01    2.27506e-01    
2.42497e+01    2.26376e-01    
2.46611e+01    2.25247e-01    
2.50794e+01    2.24118e-01    
2.55048e+01    2.22991e-01    
2.59375e+01    2.21864e-01    
2.63774e+01    2.20738e-01    
2.68249e+01    2.19614e-01    
2.72799e+01    2.18490e-01    
2.77426e+01    2.17367e-01    
2.82132e+01    2.16246e-01    
2.86918e+01    2.15126e-01    
2.91785e+01    2.14008e-01    
2.96734e+01    2.12890e-01    
3.01768e+01    2.11775e-01    
3.06887e+01    2.10661e-01    
3.12092e+01    2.09548e-01    
3.17386e+01    2.08438e-01    
3.22770e+01    2.07329e-01    
3.28245e+01    2.06222e-01    
3.33813e+01    2.05117e-01    
3.39476e+01    2.04014e-01    
3.45234e+01    2.02913e-01    
3.51090e+01    2.01814e-01    
3.57046e+01    2.00718e-01    
3.63102e+01    1.99623e-01    
3.69262e+01    1.98531e-01    
3.75525e+01    1.97441e-01    
3.81895e+01    1.96354e-01    
3.88373e+01    1.95269e-01    
3.94961e+01    1.94187e-01    
4.01661e+01    1.93107e-01    
4.08474e+01    1.92029e-01    
4.15403e+01    1.90955e-01    
4.22450e+01    1.89883e-01    
4.29615e+01    1.88814e-01    
4.36903e+01    1.87748e-01    
4.44314e+01    1.86684e-01    
4.51851e+01    1.85624e-01    
4.59516e+01    1.84566e-01    
4.67310e+01    1.83511e-01    
4.75237e+01    1.82460e-01    
4.83299e+01    1.81411e-01    
4.91497e+01    1.80366e-01    
4.99834e+01    1.79324e-01    
5.08312e+01    1.78285e-01    
5.16935e+01    1.77249e-01    
5.25704e+01    1.76216e-01    
5.34621e+01    1.75187e-01    
5.43690e+01    1.74161e-01    
5.52912e+01    1.73138e-01    
5.62291e+01    1.72119e-01    
5.71829e+01    1.71103e-01    
5.81529e+01    1.70091e-01    
5.91393e+01    1.69082e-01    
6.01425e+01    1.68077e-01    
6.11627e+01    1.67075e-01    
6.22002e+01    1.66077e-01    
6.32553e+01    1.65082e-01    
6.43283e+01    1.64091e-01    
6.54195e+01    1.63103e-01    
6.65292e+01    1.62120e-01    
6.76577e+01    1.61140e-01    
6.88054e+01    1.60163e-01    
6.99725e+01    1.59191e-01    
7.11594e+01    1.58222e-01    
7.23665e+01    1.57257e-01    
7.35940e+01    1.56296e-01    
7.48424e+01    1.55338e-01    
7.61119e+01    1.54385e-01    
7.74030e+01    1.53435e-01    
7.87160e+01    1.52489e-01    
8.00512e+01    1.51547e-01    
8.14091e+01    1.50610e-01    
8.27901e+01    1.49676e-01    
8.41944e+01    1.48746e-01    
8.56226e+01    1.47820e-01    
8.70750e+01    1.46898e-01    
8.85521e+01    1.45980e-01    
9.00541e+01    1.45066e-01    
9.15817e+01    1.44156e-01    
9.31352e+01    1.43250e-01    
9.47150e+01    1.42349e-01    
9.63217e+01    1.41452e-01    
9.79556e+01    1.40558e-01    
9.96172e+01    1.39669e-01    
1.01307e+02    1.38785e-01    
1.03025e+02    1.37904e-01    
1.04773e+02    1.37028e-01    
1.06550e+02    1.36156e-01    
1.08358e+02    1.35288e-01    
1.10196e+02    1.34425e-01    
1.12065e+02    1.33567e-01    
1.13966e+02    1.32712e-01    
1.15899e+02    1.31862e-01    
1.17865e+02    1.31017e-01    
1.19864e+02    1.30176e-01    
1.21898e+02    1.29340e-01    
1.23965e+02    1.28509e-01    
1.26068e+02    1.27682e-01    
1.28207e+02    1.26860e-01    
1.30381e+02    1.26043e-01    
1.32593e+02    1.25231e-01    
1.34842e+02    1.24423e-01    
1.37129e+02    1.23621e-01    
1.39456e+02    1.22824e-01    
1.41821e+02    1.22031e-01    
1.44227e+02    1.21244e-01    
1.46673e+02    1.20463e-01    
1.49161e+02    1.19686e-01    
1.51692e+02    1.18915e-01    
1.54265e+02    1.18150e-01    
1.56881e+02    1.17390e-01    
1.59543e+02    1.16636e-01    
1.62249e+02    1.15888e-01    
1.65001e+02    1.15145e-01    
1.67800e+02    1.14409e-01    
1.70646e+02    1.13678e-01    
1.73541e+02    1.12954e-01    
1.76485e+02    1.12236e-01    
1.79478e+02    1.11525e-01    
1.82523e+02    1.10820e-01    
1.85619e+02    1.10121e-01    
1.88768e+02    1.09430e-01    
1.91970e+02    1.08745e-01    
1.95226e+02    1.08067e-01    
1.98538e+02    1.07397e-01    
2.01905e+02    1.06733e-01    
2.05330e+02    1.06076e-01    
2.08813e+02    1.05427e-01    
2.12355e+02    1.04785e-01    
2.15957e+02    1.04151e-01    
2.19621e+02    1.03524e-01    
2.23346e+02    1.02905e-01    
2.27135e+02    1.02293e-01    
2.30988e+02    1.01689e-01    
2.34906e+02    1.01092e-01    
2.38890e+02    1.00503e-01    
2.42943e+02    9.99221e-02    
2.47064e+02    9.93483e-02    
2.51255e+02    9.87820e-02    
2.55517e+02    9.82231e-02    
2.59851e+02    9.76716e-02    
2.64259e+02    9.71274e-02    
2.68741e+02    9.65904e-02    
2.73300e+02    9.60605e-02    
2.77936e+02    9.55376e-02    
2.82650e+02    9.50215e-02    
2.87445e+02    9.45121e-02    
2.92321e+02    9.40092e-02    
2.97279e+02    9.35127e-02    
3.02322e+02    9.30224e-02    
3.07450e+02    9.25382e-02    
3.12666e+02    9.20598e-02    
3.17969e+02    9.15871e-02    
3.23363e+02    9.11199e-02    
3.28848e+02    9.06581e-02    
3.34426e+02    9.02014e-02    
3.40099e+02    8.97496e-02    
3.45868e+02    8.93027e-02    
3.51735e+02    8.88604e-02    
3.57702e+02    8.84225e-02    
3.63769e+02    8.79889e-02    
3.69940e+02    8.75594e-02    
3.76215e+02    8.71340e-02    
3.82597e+02    8.67123e-02    
3.89087e+02    8.62943e-02    
3.95687e+02    8.58798e-02    
4.02399e+02    8.54687e-02    
4.09224e+02    8.50609e-02    
4.16166e+02    8.46562e-02    
4.23225e+02    8.42546e-02    
4.30404e+02    8.38559e-02    
4.37705e+02    8.34600e-02    
4.45130e+02    8.30668e-02    
4.52681e+02    8.26763e-02    
4.60360e+02    8.22883e-02    
4.68169e+02    8.19028e-02    
4.76110e+02    8.15196e-02    
4.84186e+02    8.11388e-02    
4.92399e+02    8.07601e-02    
5.00752e+02    8.03837e-02    
5.09246e+02    8.00094e-02    
5.17884e+02    7.96372e-02    
5.26669e+02    7.92669e-02    
5.35603e+02    7.88986e-02    
5.44688e+02    7.85322e-02    
5.53928e+02    7.81677e-02    
5.63324e+02    7.78051e-02    
5.72879e+02    7.74442e-02    
5.82597e+02    7.70851e-02    
5.92480e+02    7.67277e-02    
6.02530e+02    7.63720e-02    
6.12750e+02    7.60179e-02    
6.23144e+02    7.56655e-02    
6.33715e+02    7.53147e-02    
6.44464e+02    7.49655e-02    
6.55396e+02    7.46179e-02    
6.66514e+02    7.42718e-02    
6.77820e+02    7.39273e-02    
6.89317e+02    7.35842e-02    
7.01010e+02    7.32427e-02    
7.12901e+02    7.29026e-02    
7.24994e+02    7.25640e-02    
7.37292e+02    7.22269e-02    
7.49799e+02    7.18912e-02    
7.62517e+02    7.15569e-02    
7.75452e+02    7.12240e-02    
7.88606e+02    7.08925e-02    
8.01983e+02    7.05624e-02    
8.15587e+02    7.02337e-02    
8.29421e+02    6.99064e-02    
8.43491e+02    6.95804e-02    
8.57799e+02    6.92558e-02    
8.72349e+02    6.89325e-02    
8.87147e+02    6.86106e-02    
9.02195e+02    6.82900e-02    
9.17499e+02    6.79707e-02    
9.33063e+02    6.76528e-02    
9.48890e+02    6.73361e-02    
9.64986e+02    6.70208e-02    
9.81355e+02    6.67067e-02    
9.98001e+02    6.63940e-02    
1.01493e+03    6.60825e-02    
1.03215e+03    6.57723e-02    
1.04965e+03    6.54634e-02    
1.06746e+03    6.51558e-02    
1.08557e+03    6.48494e-02    
1.10398e+03    6.45443e-02    
1.12271e+03    6.42405e-02    
1.14175e+03    6.39379e-02    
1.16112e+03    6.36365e-02    
1.18082e+03    6.33364e-02    
1.20085e+03    6.30376e-02    
1.22122e+03    6.27399e-02    
1.24193e+03    6.24435e-02    
1.26300e+03    6.21484e-02    
1.28442e+03    6.18544e-02    
1.30621e+03    6.15617e-02    
1.32837e+03    6.12702e-02    
1.35090e+03    6.09799e-02    
1.37381e+03    6.06908e-02    
1.39712e+03    6.04029e-02    
1.42082e+03    6.01162e-02    
1.44492e+03    5.98307e-02    
1.46943e+03    5.95464e-02    
1.49435e+03    5.92633e-02    
1.51970e+03    5.89813e-02    
1.54548e+03    5.87006e-02    
1.57170e+03    5.84210e-02    
1.59836e+03    5.81426e-02    
1.62547e+03    5.78654e-02    
1.65304e+03    5.75893e-02    
1.68108e+03    5.73144e-02    
1.70960e+03    5.70407e-02    
1.73860e+03    5.67681e-02    
1.76809e+03    5.64966e-02    
1.79808e+03    5.62263e-02    
1.82858e+03    5.59572e-02    
1.85960e+03    5.56892e-02    
1.89114e+03    5.54223e-02    
1.92322e+03    5.51566e-02    
1.95585e+03    5.48920e-02    
1.98902e+03    5.46285e-02    
2.02276e+03    5.43662e-02    
2.05707e+03    5.41050e-02    
2.09197e+03    5.38448e-02    
2.12745e+03    5.35858e-02    
2.16354e+03    5.33280e-02    
2.20024e+03    5.30712e-02    
2.23756e+03    5.28155e-02    
2.27552e+03    5.25609e-02    
2.31412e+03    5.23074e-02    
2.35337e+03    5.20550e-02    
2.39329e+03    5.18037e-02    
2.43389e+03    5.15535e-02    
2.47517e+03    5.13044e-02    
2.51716e+03    5.10563e-02    
2.55986e+03    5.08093e-02    
2.60328e+03    5.05634e-02    
2.64744e+03    5.03186e-02    
2.69235e+03    5.00748e-02    
2.73802e+03    4.98321e-02    
2.78446e+03    4.95904e-02    
2.83170e+03    4.93498e-02    
2.87973e+03    4.91103e-02    
2.92858e+03    4.88718e-02    
2.97825e+03    4.86343e-02    
3.02877e+03    4.83979e-02    
3.08015e+03    4.81625e-02    
3.13240e+03    4.79281e-02    
3.18553e+03    4.76948e-02    
3.23957e+03    4.74625e-02    
3.29452e+03    4.72313e-02    
3.35041e+03    4.70010e-02    
3.40724e+03    4.67718e-02    
3.46503e+03    4.65435e-02    
3.52381e+03    4.63163e-02    
3.58359e+03    4.60901e-02    
3.64437e+03    4.58649e-02    
3.70619e+03    4.56407e-02    
3.76906e+03    4.54175e-02    
3.83299e+03    4.51952e-02    
3.89801e+03    4.49740e-02    
3.96413e+03    4.47537e-02    
4.03138e+03    4.45345e-02    
4.09976e+03    4.43162e-02    
4.16930e+03    4.40988e-02    
4.24003e+03    4.38825e-02    
4.31195e+03    4.36671e-02    
4.38509e+03    4.34527e-02    
4.45948e+03    4.32392e-02    
4.53512e+03    4.30267e-02    
4.61205e+03    4.28152e-02    
4.69028e+03    4.26046e-02    
4.76984e+03    4.23949e-02    
4.85075e+03    4.21862e-02    
4.93304e+03    4.19784e-02    
5.01672e+03    4.17716e-02    
5.10181e+03    4.15657e-02    
5.18835e+03    4.13607e-02    
5.27636e+03    4.11567e-02    
5.36587e+03    4.09536e-02    
5.45689e+03    4.07514e-02    
5.54945e+03    4.05501e-02    
5.64359e+03    4.03497e-02    
5.73932e+03    4.01503e-02    
5.83667e+03    3.99517e-02    
5.93568e+03    3.97540e-02    
6.03636e+03    3.95573e-02    
6.13876e+03    3.93614e-02    
6.24289e+03    3.91665e-02    
6.34879e+03    3.89724e-02    
6.45648e+03    3.87792e-02    
6.56600e+03    3.85869e-02    
6.67738e+03    3.83954e-02    
6.79065e+03    3.82049e-02    
6.90583e+03    3.80152e-02    
7.02298e+03    3.78264e-02    
7.14211e+03    3.76384e-02    
7.26326e+03    3.74513e-02    
7.38646e+03    3.72651e-02    
7.51176e+03    3.70797e-02    
7.63918e+03    3.68952e-02    
7.76876e+03    3.67115e-02    
7.90054e+03    3.65287e-02    
8.03456e+03    3.63467e-02    
8.17085e+03    3.61656e-02    
8.30945e+03    3.59853e-02    
8.45040e+03    3.58058e-02    
8.59374e+03    3.56272e-02    
8.73952e+03    3.54494e-02    
8.88776e+03    3.52724e-02    
9.03852e+03    3.50962e-02    
9.19184e+03    3.49208e-02    
9.34776e+03    3.47463e-02    
9.50633e+03    3.45726e-02    
9.66758e+03    3.43996e-02    
9.83157e+03    3.42275e-02    
9.99834e+03    3.40562e-02    
1.01679e+04    3.38857e-02    
1.03404e+04    3.37160e-02    
1.05158e+04    3.35470e-02    
1.06942e+04    3.33789e-02    
1.08756e+04    3.32115e-02    
1.10601e+04    3.30449e-02    
1.12477e+04    3.28791e-02    
1.14385e+04    3.27141e-02    
1.16325e+04    3.25499e-02    
1.18298e+04    3.23864e-02    
1.20305e+04    3.22237e-02    
1.22346e+04    3.20617e-02    
1.24421e+04    3.19005e-02    
1.26532e+04    3.17401e-02    
1.28678e+04    3.15804e-02    
1.30861e+04    3.14215e-02    
1.33081e+04    3.12633e-02    
1.35338e+04    3.11059e-02    
1.37634e+04    3.09492e-02    
1.39968e+04    3.07932e-02    
1.42343e+04    3.06380e-02    
1.44757e+04    3.04835e-02    
1.47213e+04    3.03298e-02    
1.49710e+04    3.01768e-02    
1.52249e+04    3.00245e-02    
1.54832e+04    2.98729e-02    
1.57458e+04    2.97220e-02    
1.60129e+04    2.95719e-02    
1.62845e+04    2.94224e-02    
1.65608e+04    2.92737e-02    
1.68417e+04    2.91257e-02    
1.71274e+04    2.89784e-02    
1.74179e+04    2.88318e-02    
1.77134e+04    2.86859e-02    
1.80138e+04    2.85406e-02    
1.83194e+04    2.83961e-02    
1.86301e+04    2.82523e-02    
1.89462e+04    2.81091e-02    
1.92675e+04    2.79666e-02    
1.95944e+04    2.78249e-02    
1.99268e+04    2.76837e-02    
2.02648e+04    2.75433e-02    
2.06085e+04    2.74035e-02    
2.09581e+04    2.72644e-02    
2.13136e+04    2.71260e-02    
2.16751e+04    2.69882e-02    
2.20428e+04    2.68511e-02    
2.24167e+04    2.67147e-02    
2.27970e+04    2.65789e-02    
2.31837e+04    2.64438e-02    
2.35769e+04    2.63093e-02    
2.39769e+04    2.61754e-02    
2.43836e+04    2.60422e-02    
2.47972e+04    2.59097e-02    
2.52178e+04    2.57778e-02    
2.56456e+04    2.56465e-02    
2.60806e+04    2.55158e-02    
2.65230e+04    2.53858e-02    
2.69729e+04    2.52564e-02    
2.74305e+04    2.51277e-02    
2.78958e+04    2.49995e-02    
2.83690e+04    2.48720e-02    
2.88502e+04    2.47451e-02    
2.93396e+04    2.46188e-02    
2.98372e+04    2.44931e-02    
3.03434e+04    2.43681e-02    
3.08581e+04    2.42436e-02    
3.13815e+04    2.41197e-02    
3.19138e+04    2.39965e-02    
3.24552e+04    2.38738e-02    
3.30057e+04    2.37518e-02    
3.35656e+04    2.36303e-02    
3.41350e+04    2.35094e-02    
3.47140e+04    2.33891e-02    
3.53028e+04    2.32694e-02    
3.59017e+04    2.31503e-02    
3.65107e+04    2.30318e-02    
3.71300e+04    2.29138e-02    
3.77598e+04    2.27964e-02    
3.84003e+04    2.26796e-02    
3.90517e+04    2.25634e-02    
3.97141e+04    2.24477e-02    
4.03878e+04    2.23326e-02    
4.10729e+04    2.22180e-02    
4.17696e+04    2.21040e-02    
4.24781e+04    2.19906e-02    
4.31987e+04    2.18777e-02    
4.39315e+04    2.17654e-02    
4.46767e+04    2.16537e-02    
4.54345e+04    2.15424e-02    
4.62052e+04    2.14318e-02    
4.69890e+04    2.13216e-02    
4.77860e+04    2.12121e-02    
4.85966e+04    2.11030e-02    
4.94210e+04    2.09945e-02    
5.02593e+04    2.08865e-02    
5.11118e+04    2.07791e-02    
5.19788e+04    2.06721e-02    
5.28605e+04    2.05658e-02    
5.37572e+04    2.04599e-02    
5.46691e+04    2.03545e-02    
5.55964e+04    2.02497e-02    
5.65395e+04    2.01454e-02    
5.74986e+04    2.00416e-02    
5.84739e+04    1.99383e-02    
5.94658e+04    1.98356e-02    
6.04745e+04    1.97333e-02    
6.15003e+04    1.96315e-02    
6.25435e+04    1.95303e-02    
6.36045e+04    1.94295e-02    
6.46834e+04    1.93293e-02    
6.57806e+04    1.92295e-02    
6.68964e+04    1.91303e-02    
6.80312e+04    1.90315e-02    
6.91852e+04    1.89332e-02    
7.03587e+04    1.88354e-02    
7.15522e+04    1.87381e-02    
7.27660e+04    1.86413e-02    
7.40003e+04    1.85450e-02    
7.52555e+04    1.84491e-02    
7.65321e+04    1.83537e-02    
7.78303e+04    1.82588e-02    
7.91505e+04    1.81644e-02    
8.04931e+04    1.80704e-02    
8.18585e+04    1.79769e-02    
8.32471e+04    1.78839e-02    
8.46592e+04    1.77913e-02    
8.60952e+04    1.76992e-02    
8.75557e+04    1.76075e-02    
8.90409e+04    1.75163e-02    
9.05512e+04    1.74256e-02    
9.20872e+04    1.73353e-02    
9.36493e+04    1.72455e-02    
9.52379e+04    1.71561e-02    
9.68534e+04    1.70672e-02    
9.84963e+04    1.69787e-02    
1.00167e+05    1.68906e-02    
1.01866e+05    1.68030e-02    
1.03594e+05    1.67158e-02    
1.05351e+05    1.66291e-02    
1.07138e+05    1.65428e-02    
1.08956e+05    1.64569e-02    
1.10804e+05    1.63715e-02    
1.12684e+05    1.62865e-02    
1.14595e+05    1.62019e-02    
1.16539e+05    1.61178e-02    
1.18516e+05    1.60340e-02    
1.20526e+05    1.59507e-02    
1.22571e+05    1.58678e-02    
1.24650e+05    1.57854e-02    
1.26764e+05    1.57033e-02    
1.28914e+05    1.56216e-02    
1.31101e+05    1.55404e-02    
1.33325e+05    1.54596e-02    
1.35587e+05    1.53792e-02    
1.37886e+05    1.52991e-02    
1.40225e+05    1.52195e-02    
1.42604e+05    1.51403e-02    
1.45023e+05    1.50615e-02    
1.47483e+05    1.49831e-02    
1.49985e+05    1.49051e-02    
1.52529e+05    1.48274e-02    
1.55116e+05    1.47502e-02    
1.57747e+05    1.46734e-02    
1.60423e+05    1.45969e-02    
1.63145e+05    1.45208e-02    
1.65912e+05    1.44452e-02    
1.68726e+05    1.43699e-02    
1.71588e+05    1.42949e-02    
1.74499e+05    1.42204e-02    
1.77459e+05    1.41462e-02    
1.80469e+05    1.40725e-02    
1.83530e+05    1.39990e-02    
1.86644e+05    1.39260e-02    
1.89810e+05    1.38533e-02    
1.93029e+05    1.37810e-02    
1.96304e+05    1.37091e-02    
1.99634e+05    1.36375e-02    
2.03020e+05    1.35663e-02    
2.06464e+05    1.34955e-02    
2.09966e+05    1.34250e-02    
2.13528e+05    1.33548e-02    
2.17150e+05    1.32851e-02    
2.20833e+05    1.32157e-02    
2.24579e+05    1.31466e-02    
2.28388e+05    1.30779e-02    
2.32263e+05    1.30095e-02    
2.36202e+05    1.29415e-02    
2.40209e+05    1.28738e-02    
2.44284e+05    1.28065e-02    
2.48427e+05    1.27395e-02    
2.52642e+05    1.26729e-02    
2.56927e+05    1.26066e-02    
2.61285e+05    1.25406e-02    
2.65717e+05    1.24750e-02    
2.70225e+05    1.24097e-02    
2.74808e+05    1.23447e-02    
2.79470e+05    1.22801e-02    
2.84211e+05    1.22158e-02    
2.89032e+05    1.21518e-02    
2.93934e+05    1.20882e-02    
2.98920e+05    1.20249e-02    
3.03991e+05    1.19619e-02    
3.09148e+05    1.18992e-02    
3.14392e+05    1.18368e-02    
3.19725e+05    1.17748e-02    
3.25148e+05    1.17131e-02    
3.30663e+05    1.16517e-02    
3.36272e+05    1.15906e-02    
3.41977e+05    1.15298e-02    
3.47777e+05    1.14694e-02    
3.53677e+05    1.14092e-02    
3.59676e+05    1.13494e-02    
3.65777e+05    1.12898e-02    
3.71982e+05    1.12306e-02    
3.78292e+05    1.11717e-02    
3.84709e+05    1.11130e-02    
3.91234e+05    1.10547e-02    
3.97871e+05    1.09967e-02    
4.04620e+05    1.09390e-02    
4.11483e+05    1.08815e-02    
4.18463e+05    1.08244e-02    
4.25562e+05    1.07675e-02    
4.32780e+05    1.07110e-02    
4.40121e+05    1.06547e-02    
4.47587e+05    1.05987e-02    
4.55180e+05    1.05431e-02    
4.62901e+05    1.04877e-02    
4.70753e+05    1.04325e-02    
4.78738e+05    1.03777e-02    
4.86859e+05    1.03232e-02    
4.95117e+05    1.02689e-02    
5.03516e+05    1.02149e-02    
5.12057e+05    1.01612e-02    
5.20743e+05    1.01078e-02    
5.29576e+05    1.00546e-02    
5.38559e+05    1.00017e-02    
5.47695e+05    9.94910e-03    
5.56985e+05    9.89676e-03    
5.66433e+05    9.84469e-03    
5.76042e+05    9.79288e-03    
5.85813e+05    9.74135e-03    
5.95750e+05    9.69008e-03    
6.05856e+05    9.63907e-03    
6.16133e+05    9.58833e-03    
6.26584e+05    9.53785e-03    
6.37213e+05    9.48763e-03    
6.48022e+05    9.43766e-03    
6.59014e+05    9.38796e-03    
6.70193e+05    9.33851e-03    
6.81561e+05    9.28932e-03    
6.93122e+05    9.24039e-03    
7.04880e+05    9.19170e-03    
7.16836e+05    9.14327e-03    
7.28996e+05    9.09509e-03    
7.41362e+05    9.04716e-03    
7.53938e+05    8.99947e-03    
7.66726e+05    8.95203e-03    
7.79732e+05    8.90484e-03    
7.92959e+05    8.85789e-03    
8.06410e+05    8.81119e-03    
8.20089e+05    8.76473e-03    
8.34000e+05    8.71850e-03    
8.48147e+05    8.67252e-03    
8.62534e+05    8.62678e-03    
8.77165e+05    8.58127e-03    
8.92044e+05    8.53600e-03    
9.07176e+05    8.49096e-03    
9.22564e+05    8.44616e-03    
9.38213e+05    8.40158e-03    
9.54128e+05    8.35724e-03    
9.70313e+05    8.31313e-03    
9.86772e+05    8.26925e-03    
1.00351e+06    8.22560e-03    
1.02053e+06    8.18217e-03    
1.03784e+06    8.13897e-03    
1.05545e+06    8.09599e-03    
1.07335e+06    8.05324e-03    
1.09156e+06    8.01071e-03    
1.11008e+06    7.96840e-03    
1.12891e+06    7.92631e-03    
1.14805e+06    7.88443e-03    
1.16753e+06    7.84278e-03    
1.18733e+06    7.80134e-03    
1.20747e+06    7.76012e-03    
1.22796e+06    7.71911e-03    
1.24879e+06    7.67832e-03    
1.26997e+06    7.63773e-03    
1.29151e+06    7.59736e-03    
1.31342e+06    7.55720e-03    
1.33570e+06    7.51725e-03    
1.35836e+06    7.47750e-03    
1.38140e+06    7.43797e-03    
1.40483e+06    7.39863e-03    
1.42866e+06    7.35951e-03    
1.45289e+06    7.32059e-03    
1.47754e+06    7.28187e-03    
1.50260e+06    7.24335e-03    
1.52809e+06    7.20503e-03    
1.55401e+06    7.16691e-03    
1.58037e+06    7.12899e-03    
1.60718e+06    7.09127e-03    
1.63444e+06    7.05375e-03    
1.66217e+06    7.01642e-03    
1.69036e+06    6.97928e-03    
1.71903e+06    6.94234e-03    
1.74819e+06    6.90560e-03    
1.77785e+06    6.86904e-03    
1.80801e+06    6.83267e-03    
1.83867e+06    6.79650e-03    
1.86986e+06    6.76051e-03    
1.90158e+06    6.72471e-03    
1.93384e+06    6.68910e-03    
1.96664e+06    6.65368e-03    
2.00000e+06    6.61844e-03    

