# USINE V4.0
# File generated 12-05-2022 05:02:50
# Model1DKisoVc
# BE/B
# SolMod0DFF_phi0_670GV
# R [GV]       TOA [-]
1.08008e-01    3.59667e-01    
1.09818e-01    3.59650e-01    
1.11658e-01    3.59632e-01    
1.13529e-01    3.59613e-01    
1.15431e-01    3.59594e-01    
1.17365e-01    3.59575e-01    
1.19332e-01    3.59556e-01    
1.21331e-01    3.59536e-01    
1.23364e-01    3.59515e-01    
1.25431e-01    3.59494e-01    
1.27533e-01    3.59473e-01    
1.29670e-01    3.59451e-01    
1.31843e-01    3.59429e-01    
1.34052e-01    3.59406e-01    
1.36298e-01    3.59383e-01    
1.38582e-01    3.59359e-01    
1.40904e-01    3.59334e-01    
1.43265e-01    3.59309e-01    
1.45666e-01    3.59284e-01    
1.48107e-01    3.59258e-01    
1.50588e-01    3.59231e-01    
1.53112e-01    3.59204e-01    
1.55677e-01    3.59176e-01    
1.58286e-01    3.59148e-01    
1.60938e-01    3.59119e-01    
1.63635e-01    3.59089e-01    
1.66376e-01    3.59058e-01    
1.69164e-01    3.59027e-01    
1.71999e-01    3.58995e-01    
1.74881e-01    3.58963e-01    
1.77811e-01    3.58929e-01    
1.80791e-01    3.58895e-01    
1.83820e-01    3.58860e-01    
1.86900e-01    3.58824e-01    
1.90032e-01    3.58788e-01    
1.93216e-01    3.58751e-01    
1.96454e-01    3.58712e-01    
1.99745e-01    3.58673e-01    
2.03092e-01    3.58633e-01    
2.06495e-01    3.58591e-01    
2.09955e-01    3.58549e-01    
2.13473e-01    3.58504e-01    
2.17050e-01    3.58459e-01    
2.20687e-01    3.58412e-01    
2.24385e-01    3.58363e-01    
2.28145e-01    3.58313e-01    
2.31968e-01    3.58262e-01    
2.35855e-01    3.58208e-01    
2.39807e-01    3.58153e-01    
2.43825e-01    3.58097e-01    
2.47911e-01    3.58038e-01    
2.52065e-01    3.57978e-01    
2.56288e-01    3.57916e-01    
2.60583e-01    3.57852e-01    
2.64949e-01    3.57786e-01    
2.69389e-01    3.57718e-01    
2.73902e-01    3.57648e-01    
2.78492e-01    3.57575e-01    
2.83158e-01    3.57501e-01    
2.87903e-01    3.57424e-01    
2.92727e-01    3.57345e-01    
2.97632e-01    3.57264e-01    
3.02619e-01    3.57180e-01    
3.07690e-01    3.57093e-01    
3.12846e-01    3.57005e-01    
3.18088e-01    3.56913e-01    
3.23418e-01    3.56819e-01    
3.28837e-01    3.56722e-01    
3.34347e-01    3.56622e-01    
3.39949e-01    3.56520e-01    
3.45646e-01    3.56414e-01    
3.51437e-01    3.56305e-01    
3.57326e-01    3.56194e-01    
3.63313e-01    3.56079e-01    
3.69401e-01    3.55961e-01    
3.75591e-01    3.55840e-01    
3.81884e-01    3.55716e-01    
3.88283e-01    3.55588e-01    
3.94789e-01    3.55457e-01    
4.01405e-01    3.55323e-01    
4.08131e-01    3.55185e-01    
4.14969e-01    3.55043e-01    
4.21923e-01    3.54898e-01    
4.28992e-01    3.54749e-01    
4.36181e-01    3.54596e-01    
4.43489e-01    3.54440e-01    
4.50920e-01    3.54280e-01    
4.58476e-01    3.54116e-01    
4.66158e-01    3.53949e-01    
4.73969e-01    3.53778e-01    
4.81911e-01    3.53602e-01    
4.89986e-01    3.53423e-01    
4.98197e-01    3.53241e-01    
5.06544e-01    3.53054e-01    
5.15032e-01    3.52864e-01    
5.23662e-01    3.52670e-01    
5.32437e-01    3.52473e-01    
5.41358e-01    3.52272e-01    
5.50429e-01    3.52067e-01    
5.59652e-01    3.51859e-01    
5.69030e-01    3.51648e-01    
5.78565e-01    3.51433e-01    
5.88259e-01    3.51216e-01    
5.98116e-01    3.50996e-01    
6.08138e-01    3.50773e-01    
6.18328e-01    3.50548e-01    
6.28689e-01    3.50320e-01    
6.39223e-01    3.50091e-01    
6.49934e-01    3.49861e-01    
6.60825e-01    3.49629e-01    
6.71898e-01    3.49396e-01    
6.83156e-01    3.49163e-01    
6.94603e-01    3.48930e-01    
7.06242e-01    3.48697e-01    
7.18076e-01    3.48465e-01    
7.30108e-01    3.48235e-01    
7.42342e-01    3.48007e-01    
7.54781e-01    3.47782e-01    
7.67428e-01    3.47560e-01    
7.80287e-01    3.47342e-01    
7.93362e-01    3.47129e-01    
8.06655e-01    3.46921e-01    
8.20172e-01    3.46719e-01    
8.33915e-01    3.46525e-01    
8.47888e-01    3.46337e-01    
8.62095e-01    3.46158e-01    
8.76540e-01    3.45989e-01    
8.91228e-01    3.45828e-01    
9.06161e-01    3.45678e-01    
9.21345e-01    3.45538e-01    
9.36783e-01    3.45409e-01    
9.52480e-01    3.45291e-01    
9.68440e-01    3.45184e-01    
9.84667e-01    3.45086e-01    
1.00117e+00    3.44998e-01    
1.01794e+00    3.44917e-01    
1.03500e+00    3.44844e-01    
1.05234e+00    3.44776e-01    
1.06997e+00    3.44713e-01    
1.08790e+00    3.44653e-01    
1.10613e+00    3.44595e-01    
1.12467e+00    3.44538e-01    
1.14351e+00    3.44480e-01    
1.16267e+00    3.44420e-01    
1.18215e+00    3.44357e-01    
1.20196e+00    3.44290e-01    
1.22210e+00    3.44219e-01    
1.24258e+00    3.44142e-01    
1.26340e+00    3.44062e-01    
1.28457e+00    3.43980e-01    
1.30610e+00    3.43899e-01    
1.32798e+00    3.43822e-01    
1.35023e+00    3.43753e-01    
1.37286e+00    3.43696e-01    
1.39586e+00    3.43655e-01    
1.41925e+00    3.43635e-01    
1.44303e+00    3.43640e-01    
1.46721e+00    3.43673e-01    
1.49180e+00    3.43740e-01    
1.51679e+00    3.43844e-01    
1.54221e+00    3.43990e-01    
1.56805e+00    3.44180e-01    
1.59432e+00    3.44417e-01    
1.62104e+00    3.44702e-01    
1.64820e+00    3.45035e-01    
1.67582e+00    3.45417e-01    
1.70390e+00    3.45847e-01    
1.73245e+00    3.46324e-01    
1.76148e+00    3.46848e-01    
1.79099e+00    3.47418e-01    
1.82100e+00    3.48033e-01    
1.85152e+00    3.48689e-01    
1.88254e+00    3.49387e-01    
1.91409e+00    3.50122e-01    
1.94616e+00    3.50893e-01    
1.97877e+00    3.51697e-01    
2.01193e+00    3.52532e-01    
2.04564e+00    3.53395e-01    
2.07991e+00    3.54284e-01    
2.11477e+00    3.55198e-01    
2.15020e+00    3.56133e-01    
2.18623e+00    3.57087e-01    
2.22286e+00    3.58057e-01    
2.26011e+00    3.59041e-01    
2.29798e+00    3.60037e-01    
2.33649e+00    3.61041e-01    
2.37564e+00    3.62049e-01    
2.41544e+00    3.63054e-01    
2.45592e+00    3.64049e-01    
2.49707e+00    3.65028e-01    
2.53891e+00    3.65983e-01    
2.58145e+00    3.66908e-01    
2.62471e+00    3.67796e-01    
2.66869e+00    3.68640e-01    
2.71340e+00    3.69434e-01    
2.75887e+00    3.70177e-01    
2.80510e+00    3.70872e-01    
2.85210e+00    3.71523e-01    
2.89989e+00    3.72138e-01    
2.94848e+00    3.72723e-01    
2.99789e+00    3.73286e-01    
3.04812e+00    3.73837e-01    
3.09919e+00    3.74383e-01    
3.15112e+00    3.74934e-01    
3.20393e+00    3.75497e-01    
3.25761e+00    3.76078e-01    
3.31220e+00    3.76675e-01    
3.36769e+00    3.77286e-01    
3.42412e+00    3.77908e-01    
3.48150e+00    3.78536e-01    
3.53984e+00    3.79167e-01    
3.59915e+00    3.79795e-01    
3.65946e+00    3.80414e-01    
3.72078e+00    3.81016e-01    
3.78312e+00    3.81597e-01    
3.84651e+00    3.82157e-01    
3.91097e+00    3.82696e-01    
3.97650e+00    3.83216e-01    
4.04313e+00    3.83720e-01    
4.11088e+00    3.84210e-01    
4.17976e+00    3.84687e-01    
4.24979e+00    3.85153e-01    
4.32100e+00    3.85606e-01    
4.39341e+00    3.86044e-01    
4.46702e+00    3.86462e-01    
4.54187e+00    3.86852e-01    
4.61798e+00    3.87209e-01    
4.69536e+00    3.87528e-01    
4.77403e+00    3.87803e-01    
4.85403e+00    3.88033e-01    
4.93536e+00    3.88215e-01    
5.01806e+00    3.88346e-01    
5.10214e+00    3.88425e-01    
5.18764e+00    3.88457e-01    
5.27456e+00    3.88446e-01    
5.36294e+00    3.88398e-01    
5.45280e+00    3.88322e-01    
5.54417e+00    3.88222e-01    
5.63707e+00    3.88106e-01    
5.73153e+00    3.87979e-01    
5.82757e+00    3.87848e-01    
5.92521e+00    3.87717e-01    
6.02450e+00    3.87590e-01    
6.12544e+00    3.87467e-01    
6.22808e+00    3.87346e-01    
6.33244e+00    3.87224e-01    
6.43855e+00    3.87099e-01    
6.54643e+00    3.86968e-01    
6.65613e+00    3.86829e-01    
6.76766e+00    3.86679e-01    
6.88106e+00    3.86517e-01    
6.99636e+00    3.86342e-01    
7.11359e+00    3.86157e-01    
7.23278e+00    3.85969e-01    
7.35398e+00    3.85786e-01    
7.47720e+00    3.85616e-01    
7.60249e+00    3.85469e-01    
7.72988e+00    3.85351e-01    
7.85940e+00    3.85269e-01    
7.99110e+00    3.85229e-01    
8.12500e+00    3.85231e-01    
8.26114e+00    3.85271e-01    
8.39956e+00    3.85343e-01    
8.54031e+00    3.85435e-01    
8.68341e+00    3.85535e-01    
8.82891e+00    3.85632e-01    
8.97685e+00    3.85713e-01    
9.12727e+00    3.85769e-01    
9.28020e+00    3.85789e-01    
9.43570e+00    3.85770e-01    
9.59381e+00    3.85714e-01    
9.75457e+00    3.85625e-01    
9.91801e+00    3.85510e-01    
1.00842e+01    3.85376e-01    
1.02532e+01    3.85231e-01    
1.04250e+01    3.85083e-01    
1.05997e+01    3.84943e-01    
1.07773e+01    3.84819e-01    
1.09579e+01    3.84716e-01    
1.11415e+01    3.84635e-01    
1.13282e+01    3.84575e-01    
1.15180e+01    3.84536e-01    
1.17110e+01    3.84516e-01    
1.19072e+01    3.84512e-01    
1.21067e+01    3.84521e-01    
1.23096e+01    3.84541e-01    
1.25158e+01    3.84568e-01    
1.27256e+01    3.84598e-01    
1.29388e+01    3.84631e-01    
1.31556e+01    3.84665e-01    
1.33760e+01    3.84702e-01    
1.36002e+01    3.84740e-01    
1.38280e+01    3.84780e-01    
1.40597e+01    3.84822e-01    
1.42953e+01    3.84868e-01    
1.45349e+01    3.84917e-01    
1.47784e+01    3.84971e-01    
1.50260e+01    3.85031e-01    
1.52778e+01    3.85097e-01    
1.55338e+01    3.85170e-01    
1.57941e+01    3.85248e-01    
1.60588e+01    3.85331e-01    
1.63278e+01    3.85420e-01    
1.66014e+01    3.85513e-01    
1.68796e+01    3.85611e-01    
1.71624e+01    3.85713e-01    
1.74500e+01    3.85819e-01    
1.77424e+01    3.85928e-01    
1.80397e+01    3.86042e-01    
1.83420e+01    3.86160e-01    
1.86493e+01    3.86289e-01    
1.89618e+01    3.86423e-01    
1.92795e+01    3.86561e-01    
1.96026e+01    3.86705e-01    
1.99311e+01    3.86853e-01    
2.02650e+01    3.87006e-01    
2.06046e+01    3.87165e-01    
2.09498e+01    3.87330e-01    
2.13009e+01    3.87502e-01    
2.16578e+01    3.87681e-01    
2.20207e+01    3.87868e-01    
2.23897e+01    3.88064e-01    
2.27648e+01    3.88268e-01    
2.31463e+01    3.88482e-01    
2.35341e+01    3.88706e-01    
2.39285e+01    3.88939e-01    
2.43294e+01    3.89179e-01    
2.47371e+01    3.89423e-01    
2.51516e+01    3.89671e-01    
2.55730e+01    3.89924e-01    
2.60015e+01    3.90181e-01    
2.64372e+01    3.90443e-01    
2.68802e+01    3.90712e-01    
2.73306e+01    3.90987e-01    
2.77886e+01    3.91264e-01    
2.82542e+01    3.91543e-01    
2.87276e+01    3.91825e-01    
2.92090e+01    3.92108e-01    
2.96984e+01    3.92395e-01    
3.01961e+01    3.92683e-01    
3.07020e+01    3.92973e-01    
3.12165e+01    3.93265e-01    
3.17395e+01    3.93558e-01    
3.22714e+01    3.93854e-01    
3.28121e+01    3.94151e-01    
3.33619e+01    3.94449e-01    
3.39209e+01    3.94749e-01    
3.44893e+01    3.95050e-01    
3.50672e+01    3.95352e-01    
3.56548e+01    3.95655e-01    
3.62523e+01    3.95959e-01    
3.68597e+01    3.96263e-01    
3.74773e+01    3.96569e-01    
3.81053e+01    3.96875e-01    
3.87438e+01    3.97181e-01    
3.93930e+01    3.97488e-01    
4.00531e+01    3.97795e-01    
4.07242e+01    3.98102e-01    
4.14066e+01    3.98408e-01    
4.21004e+01    3.98715e-01    
4.28059e+01    3.99022e-01    
4.35231e+01    3.99328e-01    
4.42524e+01    3.99633e-01    
4.49939e+01    3.99939e-01    
4.57478e+01    4.00243e-01    
4.65144e+01    4.00546e-01    
4.72938e+01    4.00849e-01    
4.80862e+01    4.01151e-01    
4.88920e+01    4.01451e-01    
4.97112e+01    4.01750e-01    
5.05442e+01    4.02048e-01    
5.13911e+01    4.02345e-01    
5.22522e+01    4.02639e-01    
5.31278e+01    4.02933e-01    
5.40180e+01    4.03224e-01    
5.49231e+01    4.03514e-01    
5.58434e+01    4.03802e-01    
5.67791e+01    4.04087e-01    
5.77305e+01    4.04371e-01    
5.86979e+01    4.04653e-01    
5.96814e+01    4.04932e-01    
6.06815e+01    4.05209e-01    
6.16982e+01    4.05484e-01    
6.27321e+01    4.05756e-01    
6.37832e+01    4.06025e-01    
6.48520e+01    4.06292e-01    
6.59386e+01    4.06557e-01    
6.70435e+01    4.06818e-01    
6.81669e+01    4.07077e-01    
6.93091e+01    4.07333e-01    
7.04705e+01    4.07586e-01    
7.16513e+01    4.07837e-01    
7.28519e+01    4.08084e-01    
7.40726e+01    4.08328e-01    
7.53138e+01    4.08570e-01    
7.65757e+01    4.08808e-01    
7.78588e+01    4.09043e-01    
7.91635e+01    4.09275e-01    
8.04899e+01    4.09504e-01    
8.18386e+01    4.09730e-01    
8.32099e+01    4.09953e-01    
8.46042e+01    4.10172e-01    
8.60218e+01    4.10389e-01    
8.74632e+01    4.10602e-01    
8.89288e+01    4.10812e-01    
9.04189e+01    4.11019e-01    
9.19340e+01    4.11222e-01    
9.34744e+01    4.11423e-01    
9.50407e+01    4.11620e-01    
9.66332e+01    4.11815e-01    
9.82524e+01    4.12006e-01    
9.98987e+01    4.12194e-01    
1.01573e+02    4.12379e-01    
1.03275e+02    4.12562e-01    
1.05005e+02    4.12741e-01    
1.06765e+02    4.12917e-01    
1.08554e+02    4.13091e-01    
1.10372e+02    4.13262e-01    
1.12222e+02    4.13430e-01    
1.14102e+02    4.13596e-01    
1.16014e+02    4.13759e-01    
1.17958e+02    4.13919e-01    
1.19935e+02    4.14077e-01    
1.21944e+02    4.14233e-01    
1.23988e+02    4.14386e-01    
1.26065e+02    4.14537e-01    
1.28178e+02    4.14687e-01    
1.30325e+02    4.14834e-01    
1.32509e+02    4.14979e-01    
1.34729e+02    4.15122e-01    
1.36987e+02    4.15264e-01    
1.39282e+02    4.15404e-01    
1.41616e+02    4.15543e-01    
1.43989e+02    4.15680e-01    
1.46402e+02    4.15815e-01    
1.48855e+02    4.15950e-01    
1.51349e+02    4.16083e-01    
1.53885e+02    4.16215e-01    
1.56464e+02    4.16347e-01    
1.59085e+02    4.16477e-01    
1.61751e+02    4.16606e-01    
1.64461e+02    4.16735e-01    
1.67217e+02    4.16862e-01    
1.70019e+02    4.16989e-01    
1.72868e+02    4.17115e-01    
1.75765e+02    4.17240e-01    
1.78710e+02    4.17365e-01    
1.81704e+02    4.17489e-01    
1.84749e+02    4.17611e-01    
1.87844e+02    4.17733e-01    
1.90992e+02    4.17854e-01    
1.94192e+02    4.17973e-01    
1.97446e+02    4.18092e-01    
2.00755e+02    4.18209e-01    
2.04119e+02    4.18324e-01    
2.07539e+02    4.18438e-01    
2.11016e+02    4.18550e-01    
2.14552e+02    4.18660e-01    
2.18147e+02    4.18768e-01    
2.21802e+02    4.18873e-01    
2.25519e+02    4.18976e-01    
2.29298e+02    4.19077e-01    
2.33140e+02    4.19174e-01    
2.37047e+02    4.19269e-01    
2.41018e+02    4.19361e-01    
2.45057e+02    4.19449e-01    
2.49163e+02    4.19535e-01    
2.53338e+02    4.19616e-01    
2.57583e+02    4.19695e-01    
2.61899e+02    4.19770e-01    
2.66288e+02    4.19841e-01    
2.70750e+02    4.19910e-01    
2.75286e+02    4.19974e-01    
2.79899e+02    4.20036e-01    
2.84589e+02    4.20093e-01    
2.89358e+02    4.20148e-01    
2.94206e+02    4.20200e-01    
2.99136e+02    4.20248e-01    
3.04148e+02    4.20293e-01    
3.09245e+02    4.20336e-01    
3.14427e+02    4.20375e-01    
3.19695e+02    4.20412e-01    
3.25052e+02    4.20447e-01    
3.30499e+02    4.20479e-01    
3.36036e+02    4.20509e-01    
3.41667e+02    4.20537e-01    
3.47392e+02    4.20563e-01    
3.53213e+02    4.20586e-01    
3.59132e+02    4.20608e-01    
3.65149e+02    4.20629e-01    
3.71268e+02    4.20647e-01    
3.77489e+02    4.20665e-01    
3.83814e+02    4.20681e-01    
3.90245e+02    4.20695e-01    
3.96784e+02    4.20708e-01    
4.03433e+02    4.20720e-01    
4.10193e+02    4.20731e-01    
4.17066e+02    4.20741e-01    
4.24054e+02    4.20750e-01    
4.31160e+02    4.20758e-01    
4.38384e+02    4.20765e-01    
4.45730e+02    4.20771e-01    
4.53199e+02    4.20776e-01    
4.60793e+02    4.20781e-01    
4.68514e+02    4.20784e-01    
4.76364e+02    4.20787e-01    
4.84346e+02    4.20790e-01    
4.92462e+02    4.20791e-01    
5.00714e+02    4.20792e-01    
5.09104e+02    4.20792e-01    
5.17634e+02    4.20792e-01    
5.26308e+02    4.20790e-01    
5.35127e+02    4.20789e-01    
5.44094e+02    4.20787e-01    
5.53210e+02    4.20784e-01    
5.62480e+02    4.20780e-01    
5.71905e+02    4.20776e-01    
5.81488e+02    4.20772e-01    
5.91232e+02    4.20767e-01    
6.01138e+02    4.20762e-01    
6.11211e+02    4.20756e-01    
6.21453e+02    4.20749e-01    
6.31866e+02    4.20742e-01    
6.42453e+02    4.20735e-01    
6.53218e+02    4.20727e-01    
6.64164e+02    4.20719e-01    
6.75293e+02    4.20710e-01    
6.86608e+02    4.20701e-01    
6.98113e+02    4.20692e-01    
7.09810e+02    4.20682e-01    
7.21704e+02    4.20672e-01    
7.33797e+02    4.20661e-01    
7.46093e+02    4.20650e-01    
7.58594e+02    4.20639e-01    
7.71305e+02    4.20627e-01    
7.84230e+02    4.20615e-01    
7.97370e+02    4.20602e-01    
8.10731e+02    4.20590e-01    
8.24316e+02    4.20577e-01    
8.38128e+02    4.20563e-01    
8.52172e+02    4.20550e-01    
8.66451e+02    4.20536e-01    
8.80969e+02    4.20522e-01    
8.95731e+02    4.20507e-01    
9.10740e+02    4.20493e-01    
9.26000e+02    4.20478e-01    
9.41517e+02    4.20462e-01    
9.57293e+02    4.20447e-01    
9.73333e+02    4.20431e-01    
9.89643e+02    4.20415e-01    
1.00623e+03    4.20399e-01    
1.02309e+03    4.20383e-01    
1.04023e+03    4.20366e-01    
1.05766e+03    4.20350e-01    
1.07538e+03    4.20333e-01    
1.09340e+03    4.20316e-01    
1.11172e+03    4.20298e-01    
1.13035e+03    4.20281e-01    
1.14929e+03    4.20263e-01    
1.16855e+03    4.20246e-01    
1.18813e+03    4.20228e-01    
1.20804e+03    4.20209e-01    
1.22828e+03    4.20191e-01    
1.24886e+03    4.20173e-01    
1.26979e+03    4.20154e-01    
1.29106e+03    4.20136e-01    
1.31270e+03    4.20117e-01    
1.33469e+03    4.20098e-01    
1.35706e+03    4.20079e-01    
1.37979e+03    4.20060e-01    
1.40291e+03    4.20041e-01    
1.42642e+03    4.20022e-01    
1.45032e+03    4.20002e-01    
1.47463e+03    4.19983e-01    
1.49933e+03    4.19963e-01    
1.52446e+03    4.19944e-01    
1.55000e+03    4.19924e-01    
1.57597e+03    4.19904e-01    
1.60238e+03    4.19884e-01    
1.62923e+03    4.19865e-01    
1.65653e+03    4.19845e-01    
1.68429e+03    4.19825e-01    
1.71251e+03    4.19805e-01    
1.74120e+03    4.19785e-01    
1.77038e+03    4.19764e-01    
1.80004e+03    4.19744e-01    
1.83021e+03    4.19724e-01    
1.86087e+03    4.19704e-01    
1.89205e+03    4.19683e-01    
1.92376e+03    4.19663e-01    
1.95599e+03    4.19643e-01    
1.98877e+03    4.19622e-01    
2.02209e+03    4.19602e-01    
2.05597e+03    4.19582e-01    
2.09042e+03    4.19561e-01    
2.12545e+03    4.19541e-01    
2.16107e+03    4.19520e-01    
2.19728e+03    4.19500e-01    
2.23409e+03    4.19480e-01    
2.27153e+03    4.19459e-01    
2.30959e+03    4.19439e-01    
2.34829e+03    4.19418e-01    
2.38764e+03    4.19398e-01    
2.42765e+03    4.19377e-01    
2.46833e+03    4.19357e-01    
2.50968e+03    4.19337e-01    
2.55174e+03    4.19316e-01    
2.59449e+03    4.19296e-01    
2.63797e+03    4.19276e-01    
2.68217e+03    4.19255e-01    
2.72711e+03    4.19235e-01    
2.77281e+03    4.19215e-01    
2.81927e+03    4.19194e-01    
2.86651e+03    4.19174e-01    
2.91454e+03    4.19154e-01    
2.96338e+03    4.19134e-01    
3.01303e+03    4.19114e-01    
3.06352e+03    4.19094e-01    
3.11485e+03    4.19074e-01    
3.16705e+03    4.19053e-01    
3.22011e+03    4.19033e-01    
3.27407e+03    4.19014e-01    
3.32893e+03    4.18994e-01    
3.38471e+03    4.18974e-01    
3.44143e+03    4.18954e-01    
3.49909e+03    4.18934e-01    
3.55772e+03    4.18914e-01    
3.61734e+03    4.18895e-01    
3.67795e+03    4.18875e-01    
3.73958e+03    4.18855e-01    
3.80224e+03    4.18836e-01    
3.86595e+03    4.18816e-01    
3.93073e+03    4.18797e-01    
3.99659e+03    4.18777e-01    
4.06356e+03    4.18758e-01    
4.13165e+03    4.18739e-01    
4.20088e+03    4.18720e-01    
4.27127e+03    4.18700e-01    
4.34284e+03    4.18681e-01    
4.41561e+03    4.18662e-01    
4.48960e+03    4.18643e-01    
4.56482e+03    4.18624e-01    
4.64131e+03    4.18605e-01    
4.71908e+03    4.18586e-01    
4.79816e+03    4.18568e-01    
4.87855e+03    4.18549e-01    
4.96030e+03    4.18530e-01    
5.04342e+03    4.18512e-01    
5.12792e+03    4.18493e-01    
5.21385e+03    4.18475e-01    
5.30121e+03    4.18456e-01    
5.39004e+03    4.18438e-01    
5.48036e+03    4.18420e-01    
5.57219e+03    4.18401e-01    
5.66555e+03    4.18383e-01    
5.76049e+03    4.18365e-01    
5.85701e+03    4.18347e-01    
5.95515e+03    4.18329e-01    
6.05494e+03    4.18311e-01    
6.15639e+03    4.18294e-01    
6.25955e+03    4.18276e-01    
6.36444e+03    4.18258e-01    
6.47108e+03    4.18241e-01    
6.57951e+03    4.18223e-01    
6.68976e+03    4.18205e-01    
6.80185e+03    4.18188e-01    
6.91583e+03    4.18171e-01    
7.03171e+03    4.18153e-01    
7.14953e+03    4.18136e-01    
7.26933e+03    4.18119e-01    
7.39114e+03    4.18102e-01    
7.51498e+03    4.18085e-01    
7.64091e+03    4.18068e-01    
7.76894e+03    4.18051e-01    
7.89911e+03    4.18035e-01    
8.03147e+03    4.18018e-01    
8.16605e+03    4.18001e-01    
8.30288e+03    4.17985e-01    
8.44201e+03    4.17968e-01    
8.58346e+03    4.17952e-01    
8.72729e+03    4.17935e-01    
8.87352e+03    4.17919e-01    
9.02221e+03    4.17903e-01    
9.17338e+03    4.17887e-01    
9.32710e+03    4.17871e-01    
9.48338e+03    4.17855e-01    
9.64229e+03    4.17839e-01    
9.80385e+03    4.17823e-01    
9.96813e+03    4.17807e-01    
1.01352e+04    4.17792e-01    
1.03050e+04    4.17776e-01    
1.04777e+04    4.17760e-01    
1.06532e+04    4.17745e-01    
1.08317e+04    4.17729e-01    
1.10132e+04    4.17714e-01    
1.11978e+04    4.17699e-01    
1.13854e+04    4.17684e-01    
1.15762e+04    4.17669e-01    
1.17701e+04    4.17653e-01    
1.19674e+04    4.17638e-01    
1.21679e+04    4.17624e-01    
1.23718e+04    4.17609e-01    
1.25791e+04    4.17594e-01    
1.27899e+04    4.17579e-01    
1.30042e+04    4.17565e-01    
1.32221e+04    4.17550e-01    
1.34436e+04    4.17536e-01    
1.36689e+04    4.17521e-01    
1.38979e+04    4.17507e-01    
1.41308e+04    4.17493e-01    
1.43676e+04    4.17478e-01    
1.46083e+04    4.17464e-01    
1.48531e+04    4.17450e-01    
1.51020e+04    4.17436e-01    
1.53550e+04    4.17422e-01    
1.56123e+04    4.17408e-01    
1.58739e+04    4.17395e-01    
1.61399e+04    4.17381e-01    
1.64103e+04    4.17367e-01    
1.66853e+04    4.17354e-01    
1.69649e+04    4.17340e-01    
1.72492e+04    4.17327e-01    
1.75382e+04    4.17313e-01    
1.78321e+04    4.17300e-01    
1.81309e+04    4.17287e-01    
1.84347e+04    4.17274e-01    
1.87436e+04    4.17260e-01    
1.90576e+04    4.17247e-01    
1.93770e+04    4.17234e-01    
1.97016e+04    4.17221e-01    
2.00318e+04    4.17209e-01    
2.03674e+04    4.17196e-01    
2.07087e+04    4.17183e-01    
2.10557e+04    4.17171e-01    
2.14085e+04    4.17158e-01    
2.17672e+04    4.17145e-01    
2.21320e+04    4.17133e-01    
2.25028e+04    4.17121e-01    
2.28799e+04    4.17108e-01    
2.32633e+04    4.17096e-01    
2.36531e+04    4.17084e-01    
2.40494e+04    4.17072e-01    
2.44524e+04    4.17060e-01    
2.48621e+04    4.17048e-01    
2.52787e+04    4.17036e-01    
2.57023e+04    4.17024e-01    
2.61329e+04    4.17012e-01    
2.65708e+04    4.17000e-01    
2.70160e+04    4.16989e-01    
2.74687e+04    4.16977e-01    
2.79290e+04    4.16965e-01    
2.83970e+04    4.16954e-01    
2.88728e+04    4.16942e-01    
2.93566e+04    4.16931e-01    
2.98485e+04    4.16920e-01    
3.03486e+04    4.16908e-01    
3.08572e+04    4.16897e-01    
3.13742e+04    4.16886e-01    
3.18999e+04    4.16875e-01    
3.24344e+04    4.16864e-01    
3.29779e+04    4.16853e-01    
3.35305e+04    4.16842e-01    
3.40923e+04    4.16831e-01    
3.46636e+04    4.16821e-01    
3.52444e+04    4.16810e-01    
3.58350e+04    4.16799e-01    
3.64354e+04    4.16789e-01    
3.70460e+04    4.16778e-01    
3.76667e+04    4.16767e-01    
3.82979e+04    4.16757e-01    
3.89396e+04    4.16747e-01    
3.95921e+04    4.16736e-01    
4.02555e+04    4.16726e-01    
4.09300e+04    4.16716e-01    
4.16158e+04    4.16706e-01    
4.23131e+04    4.16696e-01    
4.30221e+04    4.16685e-01    
4.37430e+04    4.16675e-01    
4.44760e+04    4.16666e-01    
4.52212e+04    4.16656e-01    
4.59790e+04    4.16646e-01    
4.67494e+04    4.16636e-01    
4.75327e+04    4.16626e-01    
4.83292e+04    4.16617e-01    
4.91390e+04    4.16607e-01    
4.99624e+04    4.16597e-01    
5.07996e+04    4.16588e-01    
5.16508e+04    4.16578e-01    
5.25162e+04    4.16569e-01    
5.33962e+04    4.16560e-01    
5.42909e+04    4.16550e-01    
5.52006e+04    4.16541e-01    
5.61256e+04    4.16532e-01    
5.70660e+04    4.16523e-01    
5.80222e+04    4.16514e-01    
5.89945e+04    4.16505e-01    
5.99830e+04    4.16496e-01    
6.09881e+04    4.16487e-01    
6.20100e+04    4.16478e-01    
6.30490e+04    4.16469e-01    
6.41055e+04    4.16460e-01    
6.51797e+04    4.16451e-01    
6.62718e+04    4.16443e-01    
6.73823e+04    4.16434e-01    
6.85113e+04    4.16425e-01    
6.96593e+04    4.16417e-01    
7.08265e+04    4.16408e-01    
7.20133e+04    4.16400e-01    
7.32200e+04    4.16391e-01    
7.44469e+04    4.16383e-01    
7.56943e+04    4.16375e-01    
7.69627e+04    4.16366e-01    
7.82522e+04    4.16358e-01    
7.95635e+04    4.16350e-01    
8.08966e+04    4.16342e-01    
8.22521e+04    4.16334e-01    
8.36304e+04    4.16326e-01    
8.50317e+04    4.16317e-01    
8.64565e+04    4.16310e-01    
8.79052e+04    4.16302e-01    
8.93781e+04    4.16294e-01    
9.08758e+04    4.16286e-01    
9.23985e+04    4.16278e-01    
9.39467e+04    4.16270e-01    
9.55209e+04    4.16263e-01    
9.71215e+04    4.16255e-01    
9.87488e+04    4.16247e-01    
1.00403e+05    4.16240e-01    
1.02086e+05    4.16232e-01    
1.03796e+05    4.16225e-01    
1.05536e+05    4.16217e-01    
1.07304e+05    4.16210e-01    
1.09102e+05    4.16202e-01    
1.10930e+05    4.16195e-01    
1.12789e+05    4.16188e-01    
1.14679e+05    4.16181e-01    
1.16600e+05    4.16173e-01    
1.18554e+05    4.16166e-01    
1.20541e+05    4.16159e-01    
1.22560e+05    4.16152e-01    
1.24614e+05    4.16145e-01    
1.26702e+05    4.16138e-01    
1.28825e+05    4.16131e-01    
1.30984e+05    4.16124e-01    
1.33179e+05    4.16117e-01    
1.35410e+05    4.16110e-01    
1.37679e+05    4.16103e-01    
1.39986e+05    4.16097e-01    
1.42332e+05    4.16090e-01    
1.44717e+05    4.16083e-01    
1.47142e+05    4.16076e-01    
1.49607e+05    4.16070e-01    
1.52114e+05    4.16063e-01    
1.54663e+05    4.16057e-01    
1.57254e+05    4.16050e-01    
1.59889e+05    4.16044e-01    
1.62568e+05    4.16037e-01    
1.65292e+05    4.16031e-01    
1.68062e+05    4.16024e-01    
1.70878e+05    4.16018e-01    
1.73741e+05    4.16012e-01    
1.76653e+05    4.16005e-01    
1.79613e+05    4.15999e-01    
1.82622e+05    4.15993e-01    
1.85682e+05    4.15987e-01    
1.88794e+05    4.15981e-01    
1.91957e+05    4.15975e-01    
1.95173e+05    4.15969e-01    
1.98444e+05    4.15963e-01    
2.01769e+05    4.15957e-01    
2.05150e+05    4.15951e-01    
2.08587e+05    4.15945e-01    
2.12083e+05    4.15939e-01    
2.15636e+05    4.15933e-01    
2.19249e+05    4.15927e-01    
2.22923e+05    4.15921e-01    
2.26659e+05    4.15915e-01    
2.30456e+05    4.15910e-01    
2.34318e+05    4.15904e-01    
2.38244e+05    4.15898e-01    
2.42236e+05    4.15893e-01    
2.46295e+05    4.15887e-01    
2.50422e+05    4.15881e-01    
2.54618e+05    4.15876e-01    
2.58885e+05    4.15870e-01    
2.63223e+05    4.15865e-01    
2.67633e+05    4.15859e-01    
2.72118e+05    4.15854e-01    
2.76677e+05    4.15849e-01    
2.81313e+05    4.15843e-01    
2.86027e+05    4.15838e-01    
2.90820e+05    4.15833e-01    
2.95693e+05    4.15827e-01    
3.00648e+05    4.15822e-01    
3.05685e+05    4.15817e-01    
3.10807e+05    4.15812e-01    
3.16015e+05    4.15807e-01    
3.21310e+05    4.15801e-01    
3.26694e+05    4.15796e-01    
3.32168e+05    4.15791e-01    
3.37734e+05    4.15786e-01    
3.43393e+05    4.15781e-01    
3.49147e+05    4.15776e-01    
3.54998e+05    4.15771e-01    
3.60946e+05    4.15766e-01    
3.66994e+05    4.15761e-01    
3.73144e+05    4.15756e-01    
3.79396e+05    4.15752e-01    
3.85753e+05    4.15747e-01    
3.92217e+05    4.15742e-01    
3.98789e+05    4.15737e-01    
4.05471e+05    4.15732e-01    
4.12265e+05    4.15728e-01    
4.19173e+05    4.15723e-01    
4.26197e+05    4.15718e-01    
4.33338e+05    4.15714e-01    
4.40600e+05    4.15709e-01    
4.47982e+05    4.15705e-01    
4.55489e+05    4.15700e-01    
4.63121e+05    4.15695e-01    
4.70881e+05    4.15691e-01    
4.78771e+05    4.15686e-01    
4.86794e+05    4.15682e-01    
4.94950e+05    4.15678e-01    
5.03244e+05    4.15673e-01    
5.11676e+05    4.15669e-01    
5.20250e+05    4.15664e-01    
5.28967e+05    4.15660e-01    
5.37831e+05    4.15656e-01    
5.46843e+05    4.15651e-01    
5.56006e+05    4.15647e-01    
5.65322e+05    4.15643e-01    
5.74795e+05    4.15639e-01    
5.84426e+05    4.15634e-01    
5.94219e+05    4.15630e-01    
6.04176e+05    4.15626e-01    
6.14299e+05    4.15622e-01    
6.24593e+05    4.15618e-01    
6.35058e+05    4.15614e-01    
6.45699e+05    4.15610e-01    
6.56519e+05    4.15606e-01    
6.67520e+05    4.15602e-01    
6.78705e+05    4.15598e-01    
6.90077e+05    4.15594e-01    
7.01640e+05    4.15590e-01    
7.13397e+05    4.15586e-01    
7.25351e+05    4.15582e-01    
7.37505e+05    4.15578e-01    
7.49863e+05    4.15574e-01    
7.62427e+05    4.15570e-01    
7.75203e+05    4.15567e-01    
7.88192e+05    4.15563e-01    
8.01399e+05    4.15559e-01    
8.14827e+05    4.15555e-01    
8.28481e+05    4.15551e-01    
8.42363e+05    4.15548e-01    
8.56478e+05    4.15544e-01    
8.70829e+05    4.15540e-01    
8.85421e+05    4.15537e-01    
9.00257e+05    4.15533e-01    
9.15342e+05    4.15529e-01    
9.30679e+05    4.15526e-01    
9.46274e+05    4.15522e-01    
9.62130e+05    4.15519e-01    
9.78251e+05    4.15515e-01    
9.94643e+05    4.15512e-01    
1.01131e+06    4.15508e-01    
1.02826e+06    4.15505e-01    
1.04548e+06    4.15501e-01    
1.06300e+06    4.15498e-01    
1.08081e+06    4.15494e-01    
1.09892e+06    4.15491e-01    
1.11734e+06    4.15488e-01    
1.13606e+06    4.15484e-01    
1.15510e+06    4.15481e-01    
1.17445e+06    4.15478e-01    
1.19413e+06    4.15474e-01    
1.21414e+06    4.15471e-01    
1.23448e+06    4.15468e-01    
1.25517e+06    4.15464e-01    
1.27620e+06    4.15461e-01    
1.29759e+06    4.15458e-01    
1.31933e+06    4.15455e-01    
1.34144e+06    4.15452e-01    
1.36391e+06    4.15448e-01    
1.38677e+06    4.15445e-01    
1.41000e+06    4.15442e-01    
1.43363e+06    4.15439e-01    
1.45765e+06    4.15436e-01    
1.48208e+06    4.15433e-01    
1.50691e+06    4.15430e-01    
1.53216e+06    4.15427e-01    
1.55783e+06    4.15424e-01    
1.58394e+06    4.15421e-01    
1.61048e+06    4.15418e-01    
1.63746e+06    4.15415e-01    
1.66490e+06    4.15412e-01    
1.69280e+06    4.15409e-01    
1.72116e+06    4.15406e-01    
1.75000e+06    4.15403e-01    

