# USINE V4.0
# File generated 12-05-2022 05:02:50
# Model1DKisoVc
# C/O
# SolMod0DFF_phi0_670GV
# R [GV]       TOA [-]
1.00751e-01    1.01513e+00    
1.02460e-01    1.01514e+00    
1.04198e-01    1.01516e+00    
1.05965e-01    1.01517e+00    
1.07763e-01    1.01519e+00    
1.09591e-01    1.01520e+00    
1.11450e-01    1.01522e+00    
1.13340e-01    1.01524e+00    
1.15263e-01    1.01525e+00    
1.17218e-01    1.01527e+00    
1.19206e-01    1.01529e+00    
1.21228e-01    1.01531e+00    
1.23285e-01    1.01532e+00    
1.25376e-01    1.01534e+00    
1.27503e-01    1.01536e+00    
1.29666e-01    1.01538e+00    
1.31865e-01    1.01540e+00    
1.34102e-01    1.01542e+00    
1.36377e-01    1.01544e+00    
1.38690e-01    1.01546e+00    
1.41043e-01    1.01548e+00    
1.43435e-01    1.01550e+00    
1.45868e-01    1.01552e+00    
1.48343e-01    1.01555e+00    
1.50859e-01    1.01557e+00    
1.53418e-01    1.01559e+00    
1.56020e-01    1.01561e+00    
1.58667e-01    1.01564e+00    
1.61358e-01    1.01566e+00    
1.64095e-01    1.01569e+00    
1.66879e-01    1.01571e+00    
1.69710e-01    1.01574e+00    
1.72588e-01    1.01576e+00    
1.75516e-01    1.01579e+00    
1.78493e-01    1.01581e+00    
1.81521e-01    1.01584e+00    
1.84600e-01    1.01587e+00    
1.87731e-01    1.01590e+00    
1.90916e-01    1.01592e+00    
1.94154e-01    1.01595e+00    
1.97448e-01    1.01598e+00    
2.00797e-01    1.01601e+00    
2.04203e-01    1.01604e+00    
2.07667e-01    1.01607e+00    
2.11190e-01    1.01611e+00    
2.14772e-01    1.01614e+00    
2.18415e-01    1.01618e+00    
2.22120e-01    1.01621e+00    
2.25888e-01    1.01625e+00    
2.29720e-01    1.01629e+00    
2.33616e-01    1.01633e+00    
2.37579e-01    1.01637e+00    
2.41609e-01    1.01641e+00    
2.45707e-01    1.01646e+00    
2.49875e-01    1.01650e+00    
2.54114e-01    1.01655e+00    
2.58424e-01    1.01660e+00    
2.62808e-01    1.01665e+00    
2.67266e-01    1.01670e+00    
2.71800e-01    1.01675e+00    
2.76410e-01    1.01681e+00    
2.81099e-01    1.01687e+00    
2.85867e-01    1.01693e+00    
2.90716e-01    1.01699e+00    
2.95647e-01    1.01705e+00    
3.00662e-01    1.01712e+00    
3.05763e-01    1.01718e+00    
3.10949e-01    1.01725e+00    
3.16224e-01    1.01733e+00    
3.21588e-01    1.01740e+00    
3.27043e-01    1.01748e+00    
3.32590e-01    1.01756e+00    
3.38232e-01    1.01764e+00    
3.43970e-01    1.01772e+00    
3.49804e-01    1.01781e+00    
3.55738e-01    1.01790e+00    
3.61772e-01    1.01799e+00    
3.67909e-01    1.01809e+00    
3.74150e-01    1.01819e+00    
3.80496e-01    1.01829e+00    
3.86951e-01    1.01840e+00    
3.93514e-01    1.01850e+00    
4.00190e-01    1.01862e+00    
4.06978e-01    1.01873e+00    
4.13881e-01    1.01885e+00    
4.20902e-01    1.01898e+00    
4.28042e-01    1.01910e+00    
4.35303e-01    1.01924e+00    
4.42686e-01    1.01937e+00    
4.50196e-01    1.01951e+00    
4.57832e-01    1.01966e+00    
4.65598e-01    1.01981e+00    
4.73496e-01    1.01996e+00    
4.81528e-01    1.02012e+00    
4.89696e-01    1.02028e+00    
4.98003e-01    1.02045e+00    
5.06450e-01    1.02062e+00    
5.15041e-01    1.02080e+00    
5.23778e-01    1.02099e+00    
5.32663e-01    1.02118e+00    
5.41698e-01    1.02137e+00    
5.50887e-01    1.02157e+00    
5.60231e-01    1.02178e+00    
5.69735e-01    1.02199e+00    
5.79399e-01    1.02221e+00    
5.89227e-01    1.02244e+00    
5.99222e-01    1.02267e+00    
6.09387e-01    1.02291e+00    
6.19724e-01    1.02316e+00    
6.30236e-01    1.02342e+00    
6.40926e-01    1.02368e+00    
6.51798e-01    1.02395e+00    
6.62855e-01    1.02422e+00    
6.74099e-01    1.02451e+00    
6.85533e-01    1.02480e+00    
6.97162e-01    1.02510e+00    
7.08988e-01    1.02541e+00    
7.21014e-01    1.02573e+00    
7.33245e-01    1.02606e+00    
7.45683e-01    1.02639e+00    
7.58331e-01    1.02673e+00    
7.71195e-01    1.02709e+00    
7.84277e-01    1.02745e+00    
7.97580e-01    1.02782e+00    
8.11109e-01    1.02820e+00    
8.24868e-01    1.02859e+00    
8.38860e-01    1.02899e+00    
8.53090e-01    1.02940e+00    
8.67560e-01    1.02982e+00    
8.82277e-01    1.03025e+00    
8.97243e-01    1.03069e+00    
9.12462e-01    1.03114e+00    
9.27940e-01    1.03160e+00    
9.43681e-01    1.03207e+00    
9.59688e-01    1.03255e+00    
9.75967e-01    1.03304e+00    
9.92523e-01    1.03355e+00    
1.00936e+00    1.03406e+00    
1.02648e+00    1.03458e+00    
1.04389e+00    1.03511e+00    
1.06160e+00    1.03566e+00    
1.07961e+00    1.03621e+00    
1.09792e+00    1.03678e+00    
1.11654e+00    1.03735e+00    
1.13548e+00    1.03794e+00    
1.15475e+00    1.03854e+00    
1.17433e+00    1.03914e+00    
1.19425e+00    1.03976e+00    
1.21451e+00    1.04039e+00    
1.23511e+00    1.04103e+00    
1.25606e+00    1.04168e+00    
1.27737e+00    1.04234e+00    
1.29904e+00    1.04301e+00    
1.32107e+00    1.04369e+00    
1.34348e+00    1.04437e+00    
1.36627e+00    1.04507e+00    
1.38945e+00    1.04577e+00    
1.41302e+00    1.04649e+00    
1.43699e+00    1.04721e+00    
1.46136e+00    1.04793e+00    
1.48615e+00    1.04866e+00    
1.51136e+00    1.04940e+00    
1.53700e+00    1.05015e+00    
1.56307e+00    1.05089e+00    
1.58958e+00    1.05165e+00    
1.61655e+00    1.05241e+00    
1.64397e+00    1.05317e+00    
1.67185e+00    1.05394e+00    
1.70021e+00    1.05471e+00    
1.72905e+00    1.05550e+00    
1.75838e+00    1.05629e+00    
1.78821e+00    1.05709e+00    
1.81854e+00    1.05790e+00    
1.84939e+00    1.05872e+00    
1.88076e+00    1.05955e+00    
1.91266e+00    1.06040e+00    
1.94511e+00    1.06126e+00    
1.97810e+00    1.06214e+00    
2.01166e+00    1.06303e+00    
2.04578e+00    1.06394e+00    
2.08048e+00    1.06486e+00    
2.11577e+00    1.06579e+00    
2.15166e+00    1.06674e+00    
2.18816e+00    1.06770e+00    
2.22528e+00    1.06866e+00    
2.26303e+00    1.06964e+00    
2.30141e+00    1.07062e+00    
2.34045e+00    1.07160e+00    
2.38015e+00    1.07259e+00    
2.42053e+00    1.07358e+00    
2.46159e+00    1.07458e+00    
2.50334e+00    1.07558e+00    
2.54581e+00    1.07658e+00    
2.58899e+00    1.07759e+00    
2.63291e+00    1.07860e+00    
2.67757e+00    1.07962e+00    
2.72299e+00    1.08064e+00    
2.76918e+00    1.08167e+00    
2.81615e+00    1.08270e+00    
2.86392e+00    1.08374e+00    
2.91250e+00    1.08478e+00    
2.96190e+00    1.08582e+00    
3.01215e+00    1.08686e+00    
3.06324e+00    1.08790e+00    
3.11520e+00    1.08893e+00    
3.16805e+00    1.08994e+00    
3.22178e+00    1.09094e+00    
3.27644e+00    1.09191e+00    
3.33201e+00    1.09284e+00    
3.38853e+00    1.09373e+00    
3.44601e+00    1.09457e+00    
3.50447e+00    1.09534e+00    
3.56391e+00    1.09603e+00    
3.62437e+00    1.09664e+00    
3.68585e+00    1.09714e+00    
3.74837e+00    1.09754e+00    
3.81195e+00    1.09781e+00    
3.87661e+00    1.09797e+00    
3.94237e+00    1.09801e+00    
4.00925e+00    1.09793e+00    
4.07725e+00    1.09774e+00    
4.14642e+00    1.09745e+00    
4.21675e+00    1.09708e+00    
4.28828e+00    1.09663e+00    
4.36102e+00    1.09612e+00    
4.43500e+00    1.09555e+00    
4.51023e+00    1.09494e+00    
4.58673e+00    1.09430e+00    
4.66454e+00    1.09363e+00    
4.74366e+00    1.09293e+00    
4.82413e+00    1.09222e+00    
4.90596e+00    1.09150e+00    
4.98918e+00    1.09077e+00    
5.07381e+00    1.09002e+00    
5.15987e+00    1.08927e+00    
5.24740e+00    1.08851e+00    
5.33641e+00    1.08774e+00    
5.42693e+00    1.08697e+00    
5.51899e+00    1.08618e+00    
5.61260e+00    1.08538e+00    
5.70781e+00    1.08457e+00    
5.80463e+00    1.08374e+00    
5.90309e+00    1.08290e+00    
6.00323e+00    1.08204e+00    
6.10506e+00    1.08116e+00    
6.20862e+00    1.08026e+00    
6.31393e+00    1.07934e+00    
6.42104e+00    1.07841e+00    
6.52995e+00    1.07746e+00    
6.64072e+00    1.07649e+00    
6.75337e+00    1.07550e+00    
6.86792e+00    1.07449e+00    
6.98442e+00    1.07347e+00    
7.10290e+00    1.07243e+00    
7.22338e+00    1.07138e+00    
7.34591e+00    1.07032e+00    
7.47052e+00    1.06924e+00    
7.59724e+00    1.06814e+00    
7.72611e+00    1.06704e+00    
7.85717e+00    1.06592e+00    
7.99045e+00    1.06480e+00    
8.12599e+00    1.06366e+00    
8.26383e+00    1.06251e+00    
8.40401e+00    1.06136e+00    
8.54656e+00    1.06019e+00    
8.69154e+00    1.05902e+00    
8.83897e+00    1.05785e+00    
8.98891e+00    1.05667e+00    
9.14138e+00    1.05548e+00    
9.29645e+00    1.05429e+00    
9.45414e+00    1.05310e+00    
9.61451e+00    1.05190e+00    
9.77760e+00    1.05070e+00    
9.94346e+00    1.04950e+00    
1.01121e+01    1.04829e+00    
1.02837e+01    1.04709e+00    
1.04581e+01    1.04587e+00    
1.06355e+01    1.04466e+00    
1.08159e+01    1.04344e+00    
1.09994e+01    1.04222e+00    
1.11860e+01    1.04100e+00    
1.13757e+01    1.03978e+00    
1.15687e+01    1.03856e+00    
1.17649e+01    1.03733e+00    
1.19645e+01    1.03610e+00    
1.21674e+01    1.03488e+00    
1.23738e+01    1.03365e+00    
1.25837e+01    1.03243e+00    
1.27972e+01    1.03121e+00    
1.30142e+01    1.02998e+00    
1.32350e+01    1.02876e+00    
1.34595e+01    1.02754e+00    
1.36878e+01    1.02632e+00    
1.39200e+01    1.02511e+00    
1.41561e+01    1.02389e+00    
1.43962e+01    1.02268e+00    
1.46404e+01    1.02147e+00    
1.48888e+01    1.02025e+00    
1.51413e+01    1.01904e+00    
1.53982e+01    1.01783e+00    
1.56594e+01    1.01661e+00    
1.59250e+01    1.01540e+00    
1.61951e+01    1.01419e+00    
1.64699e+01    1.01298e+00    
1.67492e+01    1.01177e+00    
1.70334e+01    1.01055e+00    
1.73223e+01    1.00934e+00    
1.76161e+01    1.00813e+00    
1.79149e+01    1.00692e+00    
1.82188e+01    1.00572e+00    
1.85279e+01    1.00451e+00    
1.88422e+01    1.00330e+00    
1.91618e+01    1.00209e+00    
1.94868e+01    1.00089e+00    
1.98174e+01    9.99687e-01    
2.01535e+01    9.98485e-01    
2.04954e+01    9.97284e-01    
2.08430e+01    9.96084e-01    
2.11966e+01    9.94886e-01    
2.15562e+01    9.93690e-01    
2.19218e+01    9.92495e-01    
2.22937e+01    9.91302e-01    
2.26718e+01    9.90111e-01    
2.30564e+01    9.88921e-01    
2.34475e+01    9.87733e-01    
2.38452e+01    9.86548e-01    
2.42497e+01    9.85363e-01    
2.46611e+01    9.84181e-01    
2.50794e+01    9.83001e-01    
2.55048e+01    9.81823e-01    
2.59375e+01    9.80647e-01    
2.63774e+01    9.79474e-01    
2.68249e+01    9.78302e-01    
2.72799e+01    9.77133e-01    
2.77426e+01    9.75967e-01    
2.82132e+01    9.74802e-01    
2.86918e+01    9.73640e-01    
2.91785e+01    9.72481e-01    
2.96734e+01    9.71324e-01    
3.01768e+01    9.70170e-01    
3.06887e+01    9.69018e-01    
3.12092e+01    9.67870e-01    
3.17386e+01    9.66724e-01    
3.22770e+01    9.65580e-01    
3.28245e+01    9.64440e-01    
3.33813e+01    9.63302e-01    
3.39476e+01    9.62168e-01    
3.45234e+01    9.61036e-01    
3.51090e+01    9.59907e-01    
3.57046e+01    9.58782e-01    
3.63102e+01    9.57659e-01    
3.69262e+01    9.56539e-01    
3.75525e+01    9.55423e-01    
3.81895e+01    9.54310e-01    
3.88373e+01    9.53200e-01    
3.94961e+01    9.52094e-01    
4.01661e+01    9.50990e-01    
4.08474e+01    9.49890e-01    
4.15403e+01    9.48794e-01    
4.22450e+01    9.47701e-01    
4.29615e+01    9.46611e-01    
4.36903e+01    9.45525e-01    
4.44314e+01    9.44442e-01    
4.51851e+01    9.43363e-01    
4.59516e+01    9.42287e-01    
4.67310e+01    9.41216e-01    
4.75237e+01    9.40147e-01    
4.83299e+01    9.39082e-01    
4.91497e+01    9.38021e-01    
4.99834e+01    9.36964e-01    
5.08312e+01    9.35911e-01    
5.16935e+01    9.34861e-01    
5.25704e+01    9.33815e-01    
5.34621e+01    9.32773e-01    
5.43690e+01    9.31735e-01    
5.52912e+01    9.30700e-01    
5.62291e+01    9.29670e-01    
5.71829e+01    9.28643e-01    
5.81529e+01    9.27620e-01    
5.91393e+01    9.26602e-01    
6.01425e+01    9.25587e-01    
6.11627e+01    9.24576e-01    
6.22002e+01    9.23570e-01    
6.32553e+01    9.22567e-01    
6.43283e+01    9.21569e-01    
6.54195e+01    9.20574e-01    
6.65292e+01    9.19584e-01    
6.76577e+01    9.18598e-01    
6.88054e+01    9.17616e-01    
6.99725e+01    9.16638e-01    
7.11594e+01    9.15664e-01    
7.23665e+01    9.14695e-01    
7.35940e+01    9.13730e-01    
7.48424e+01    9.12769e-01    
7.61119e+01    9.11813e-01    
7.74030e+01    9.10860e-01    
7.87160e+01    9.09912e-01    
8.00512e+01    9.08969e-01    
8.14091e+01    9.08029e-01    
8.27901e+01    9.07095e-01    
8.41944e+01    9.06164e-01    
8.56226e+01    9.05238e-01    
8.70750e+01    9.04316e-01    
8.85521e+01    9.03399e-01    
9.00541e+01    9.02487e-01    
9.15817e+01    9.01578e-01    
9.31352e+01    9.00675e-01    
9.47150e+01    8.99776e-01    
9.63217e+01    8.98881e-01    
9.79556e+01    8.97991e-01    
9.96172e+01    8.97106e-01    
1.01307e+02    8.96226e-01    
1.03025e+02    8.95350e-01    
1.04773e+02    8.94479e-01    
1.06550e+02    8.93612e-01    
1.08358e+02    8.92751e-01    
1.10196e+02    8.91894e-01    
1.12065e+02    8.91042e-01    
1.13966e+02    8.90195e-01    
1.15899e+02    8.89353e-01    
1.17865e+02    8.88516e-01    
1.19864e+02    8.87684e-01    
1.21898e+02    8.86857e-01    
1.23965e+02    8.86035e-01    
1.26068e+02    8.85219e-01    
1.28207e+02    8.84407e-01    
1.30381e+02    8.83601e-01    
1.32593e+02    8.82801e-01    
1.34842e+02    8.82005e-01    
1.37129e+02    8.81216e-01    
1.39456e+02    8.80432e-01    
1.41821e+02    8.79653e-01    
1.44227e+02    8.78880e-01    
1.46673e+02    8.78113e-01    
1.49161e+02    8.77352e-01    
1.51692e+02    8.76597e-01    
1.54265e+02    8.75848e-01    
1.56881e+02    8.75105e-01    
1.59543e+02    8.74369e-01    
1.62249e+02    8.73638e-01    
1.65001e+02    8.72914e-01    
1.67800e+02    8.72197e-01    
1.70646e+02    8.71487e-01    
1.73541e+02    8.70783e-01    
1.76485e+02    8.70086e-01    
1.79478e+02    8.69396e-01    
1.82523e+02    8.68713e-01    
1.85619e+02    8.68037e-01    
1.88768e+02    8.67369e-01    
1.91970e+02    8.66708e-01    
1.95226e+02    8.66054e-01    
1.98538e+02    8.65408e-01    
2.01905e+02    8.64769e-01    
2.05330e+02    8.64138e-01    
2.08813e+02    8.63515e-01    
2.12355e+02    8.62899e-01    
2.15957e+02    8.62292e-01    
2.19621e+02    8.61692e-01    
2.23346e+02    8.61100e-01    
2.27135e+02    8.60516e-01    
2.30988e+02    8.59939e-01    
2.34906e+02    8.59371e-01    
2.38890e+02    8.58810e-01    
2.42943e+02    8.58256e-01    
2.47064e+02    8.57711e-01    
2.51255e+02    8.57173e-01    
2.55517e+02    8.56642e-01    
2.59851e+02    8.56118e-01    
2.64259e+02    8.55602e-01    
2.68741e+02    8.55093e-01    
2.73300e+02    8.54591e-01    
2.77936e+02    8.54095e-01    
2.82650e+02    8.53606e-01    
2.87445e+02    8.53123e-01    
2.92321e+02    8.52647e-01    
2.97279e+02    8.52177e-01    
3.02322e+02    8.51712e-01    
3.07450e+02    8.51254e-01    
3.12666e+02    8.50801e-01    
3.17969e+02    8.50353e-01    
3.23363e+02    8.49910e-01    
3.28848e+02    8.49472e-01    
3.34426e+02    8.49039e-01    
3.40099e+02    8.48611e-01    
3.45868e+02    8.48187e-01    
3.51735e+02    8.47768e-01    
3.57702e+02    8.47352e-01    
3.63769e+02    8.46941e-01    
3.69940e+02    8.46533e-01    
3.76215e+02    8.46129e-01    
3.82597e+02    8.45728e-01    
3.89087e+02    8.45331e-01    
3.95687e+02    8.44938e-01    
4.02399e+02    8.44547e-01    
4.09224e+02    8.44159e-01    
4.16166e+02    8.43775e-01    
4.23225e+02    8.43393e-01    
4.30404e+02    8.43014e-01    
4.37705e+02    8.42638e-01    
4.45130e+02    8.42264e-01    
4.52681e+02    8.41892e-01    
4.60360e+02    8.41524e-01    
4.68169e+02    8.41157e-01    
4.76110e+02    8.40793e-01    
4.84186e+02    8.40431e-01    
4.92399e+02    8.40071e-01    
5.00752e+02    8.39713e-01    
5.09246e+02    8.39357e-01    
5.17884e+02    8.39003e-01    
5.26669e+02    8.38652e-01    
5.35603e+02    8.38302e-01    
5.44688e+02    8.37954e-01    
5.53928e+02    8.37607e-01    
5.63324e+02    8.37263e-01    
5.72879e+02    8.36921e-01    
5.82597e+02    8.36580e-01    
5.92480e+02    8.36241e-01    
6.02530e+02    8.35903e-01    
6.12750e+02    8.35567e-01    
6.23144e+02    8.35233e-01    
6.33715e+02    8.34901e-01    
6.44464e+02    8.34570e-01    
6.55396e+02    8.34240e-01    
6.66514e+02    8.33913e-01    
6.77820e+02    8.33587e-01    
6.89317e+02    8.33262e-01    
7.01010e+02    8.32939e-01    
7.12901e+02    8.32617e-01    
7.24994e+02    8.32297e-01    
7.37292e+02    8.31978e-01    
7.49799e+02    8.31661e-01    
7.62517e+02    8.31345e-01    
7.75452e+02    8.31031e-01    
7.88606e+02    8.30718e-01    
8.01983e+02    8.30406e-01    
8.15587e+02    8.30096e-01    
8.29421e+02    8.29787e-01    
8.43491e+02    8.29480e-01    
8.57799e+02    8.29174e-01    
8.72349e+02    8.28869e-01    
8.87147e+02    8.28566e-01    
9.02195e+02    8.28264e-01    
9.17499e+02    8.27964e-01    
9.33063e+02    8.27664e-01    
9.48890e+02    8.27367e-01    
9.64986e+02    8.27070e-01    
9.81355e+02    8.26775e-01    
9.98001e+02    8.26481e-01    
1.01493e+03    8.26188e-01    
1.03215e+03    8.25897e-01    
1.04965e+03    8.25607e-01    
1.06746e+03    8.25318e-01    
1.08557e+03    8.25031e-01    
1.10398e+03    8.24744e-01    
1.12271e+03    8.24459e-01    
1.14175e+03    8.24176e-01    
1.16112e+03    8.23893e-01    
1.18082e+03    8.23612e-01    
1.20085e+03    8.23332e-01    
1.22122e+03    8.23054e-01    
1.24193e+03    8.22776e-01    
1.26300e+03    8.22500e-01    
1.28442e+03    8.22225e-01    
1.30621e+03    8.21951e-01    
1.32837e+03    8.21678e-01    
1.35090e+03    8.21407e-01    
1.37381e+03    8.21137e-01    
1.39712e+03    8.20868e-01    
1.42082e+03    8.20600e-01    
1.44492e+03    8.20333e-01    
1.46943e+03    8.20068e-01    
1.49435e+03    8.19803e-01    
1.51970e+03    8.19540e-01    
1.54548e+03    8.19278e-01    
1.57170e+03    8.19017e-01    
1.59836e+03    8.18758e-01    
1.62547e+03    8.18499e-01    
1.65304e+03    8.18242e-01    
1.68108e+03    8.17985e-01    
1.70960e+03    8.17730e-01    
1.73860e+03    8.17476e-01    
1.76809e+03    8.17223e-01    
1.79808e+03    8.16972e-01    
1.82858e+03    8.16721e-01    
1.85960e+03    8.16471e-01    
1.89114e+03    8.16223e-01    
1.92322e+03    8.15975e-01    
1.95585e+03    8.15729e-01    
1.98902e+03    8.15484e-01    
2.02276e+03    8.15240e-01    
2.05707e+03    8.14997e-01    
2.09197e+03    8.14755e-01    
2.12745e+03    8.14514e-01    
2.16354e+03    8.14274e-01    
2.20024e+03    8.14035e-01    
2.23756e+03    8.13797e-01    
2.27552e+03    8.13561e-01    
2.31412e+03    8.13325e-01    
2.35337e+03    8.13090e-01    
2.39329e+03    8.12857e-01    
2.43389e+03    8.12624e-01    
2.47517e+03    8.12392e-01    
2.51716e+03    8.12162e-01    
2.55986e+03    8.11932e-01    
2.60328e+03    8.11704e-01    
2.64744e+03    8.11476e-01    
2.69235e+03    8.11250e-01    
2.73802e+03    8.11024e-01    
2.78446e+03    8.10800e-01    
2.83170e+03    8.10576e-01    
2.87973e+03    8.10354e-01    
2.92858e+03    8.10132e-01    
2.97825e+03    8.09911e-01    
3.02877e+03    8.09692e-01    
3.08015e+03    8.09473e-01    
3.13240e+03    8.09255e-01    
3.18553e+03    8.09039e-01    
3.23957e+03    8.08823e-01    
3.29452e+03    8.08608e-01    
3.35041e+03    8.08394e-01    
3.40724e+03    8.08181e-01    
3.46503e+03    8.07969e-01    
3.52381e+03    8.07758e-01    
3.58359e+03    8.07548e-01    
3.64437e+03    8.07339e-01    
3.70619e+03    8.07131e-01    
3.76906e+03    8.06923e-01    
3.83299e+03    8.06717e-01    
3.89801e+03    8.06511e-01    
3.96413e+03    8.06307e-01    
4.03138e+03    8.06103e-01    
4.09976e+03    8.05900e-01    
4.16930e+03    8.05698e-01    
4.24003e+03    8.05497e-01    
4.31195e+03    8.05297e-01    
4.38509e+03    8.05098e-01    
4.45948e+03    8.04900e-01    
4.53512e+03    8.04702e-01    
4.61205e+03    8.04506e-01    
4.69028e+03    8.04310e-01    
4.76984e+03    8.04115e-01    
4.85075e+03    8.03922e-01    
4.93304e+03    8.03728e-01    
5.01672e+03    8.03536e-01    
5.10181e+03    8.03345e-01    
5.18835e+03    8.03155e-01    
5.27636e+03    8.02965e-01    
5.36587e+03    8.02776e-01    
5.45689e+03    8.02588e-01    
5.54945e+03    8.02401e-01    
5.64359e+03    8.02215e-01    
5.73932e+03    8.02030e-01    
5.83667e+03    8.01845e-01    
5.93568e+03    8.01662e-01    
6.03636e+03    8.01479e-01    
6.13876e+03    8.01297e-01    
6.24289e+03    8.01116e-01    
6.34879e+03    8.00935e-01    
6.45648e+03    8.00756e-01    
6.56600e+03    8.00577e-01    
6.67738e+03    8.00399e-01    
6.79065e+03    8.00222e-01    
6.90583e+03    8.00046e-01    
7.02298e+03    7.99870e-01    
7.14211e+03    7.99696e-01    
7.26326e+03    7.99522e-01    
7.38646e+03    7.99349e-01    
7.51176e+03    7.99176e-01    
7.63918e+03    7.99005e-01    
7.76876e+03    7.98834e-01    
7.90054e+03    7.98664e-01    
8.03456e+03    7.98495e-01    
8.17085e+03    7.98327e-01    
8.30945e+03    7.98159e-01    
8.45040e+03    7.97993e-01    
8.59374e+03    7.97827e-01    
8.73952e+03    7.97661e-01    
8.88776e+03    7.97497e-01    
9.03852e+03    7.97333e-01    
9.19184e+03    7.97170e-01    
9.34776e+03    7.97008e-01    
9.50633e+03    7.96847e-01    
9.66758e+03    7.96686e-01    
9.83157e+03    7.96526e-01    
9.99834e+03    7.96367e-01    
1.01679e+04    7.96209e-01    
1.03404e+04    7.96051e-01    
1.05158e+04    7.95894e-01    
1.06942e+04    7.95738e-01    
1.08756e+04    7.95583e-01    
1.10601e+04    7.95428e-01    
1.12477e+04    7.95274e-01    
1.14385e+04    7.95121e-01    
1.16325e+04    7.94968e-01    
1.18298e+04    7.94816e-01    
1.20305e+04    7.94665e-01    
1.22346e+04    7.94515e-01    
1.24421e+04    7.94365e-01    
1.26532e+04    7.94217e-01    
1.28678e+04    7.94068e-01    
1.30861e+04    7.93921e-01    
1.33081e+04    7.93774e-01    
1.35338e+04    7.93628e-01    
1.37634e+04    7.93483e-01    
1.39968e+04    7.93338e-01    
1.42343e+04    7.93194e-01    
1.44757e+04    7.93050e-01    
1.47213e+04    7.92908e-01    
1.49710e+04    7.92766e-01    
1.52249e+04    7.92625e-01    
1.54832e+04    7.92484e-01    
1.57458e+04    7.92344e-01    
1.60129e+04    7.92205e-01    
1.62845e+04    7.92066e-01    
1.65608e+04    7.91929e-01    
1.68417e+04    7.91791e-01    
1.71274e+04    7.91655e-01    
1.74179e+04    7.91519e-01    
1.77134e+04    7.91384e-01    
1.80138e+04    7.91249e-01    
1.83194e+04    7.91115e-01    
1.86301e+04    7.90982e-01    
1.89462e+04    7.90849e-01    
1.92675e+04    7.90717e-01    
1.95944e+04    7.90586e-01    
1.99268e+04    7.90455e-01    
2.02648e+04    7.90325e-01    
2.06085e+04    7.90196e-01    
2.09581e+04    7.90067e-01    
2.13136e+04    7.89939e-01    
2.16751e+04    7.89811e-01    
2.20428e+04    7.89684e-01    
2.24167e+04    7.89558e-01    
2.27970e+04    7.89432e-01    
2.31837e+04    7.89307e-01    
2.35769e+04    7.89183e-01    
2.39769e+04    7.89059e-01    
2.43836e+04    7.88936e-01    
2.47972e+04    7.88813e-01    
2.52178e+04    7.88691e-01    
2.56456e+04    7.88570e-01    
2.60806e+04    7.88449e-01    
2.65230e+04    7.88329e-01    
2.69729e+04    7.88209e-01    
2.74305e+04    7.88090e-01    
2.78958e+04    7.87972e-01    
2.83690e+04    7.87854e-01    
2.88502e+04    7.87737e-01    
2.93396e+04    7.87620e-01    
2.98372e+04    7.87504e-01    
3.03434e+04    7.87388e-01    
3.08581e+04    7.87273e-01    
3.13815e+04    7.87159e-01    
3.19138e+04    7.87045e-01    
3.24552e+04    7.86932e-01    
3.30057e+04    7.86819e-01    
3.35656e+04    7.86707e-01    
3.41350e+04    7.86596e-01    
3.47140e+04    7.86485e-01    
3.53028e+04    7.86374e-01    
3.59017e+04    7.86264e-01    
3.65107e+04    7.86155e-01    
3.71300e+04    7.86046e-01    
3.77598e+04    7.85938e-01    
3.84003e+04    7.85830e-01    
3.90517e+04    7.85723e-01    
3.97141e+04    7.85616e-01    
4.03878e+04    7.85510e-01    
4.10729e+04    7.85405e-01    
4.17696e+04    7.85299e-01    
4.24781e+04    7.85195e-01    
4.31987e+04    7.85091e-01    
4.39315e+04    7.84987e-01    
4.46767e+04    7.84884e-01    
4.54345e+04    7.84782e-01    
4.62052e+04    7.84680e-01    
4.69890e+04    7.84579e-01    
4.77860e+04    7.84478e-01    
4.85966e+04    7.84377e-01    
4.94210e+04    7.84277e-01    
5.02593e+04    7.84178e-01    
5.11118e+04    7.84079e-01    
5.19788e+04    7.83981e-01    
5.28605e+04    7.83883e-01    
5.37572e+04    7.83786e-01    
5.46691e+04    7.83689e-01    
5.55964e+04    7.83592e-01    
5.65395e+04    7.83496e-01    
5.74986e+04    7.83401e-01    
5.84739e+04    7.83306e-01    
5.94658e+04    7.83211e-01    
6.04745e+04    7.83117e-01    
6.15003e+04    7.83024e-01    
6.25435e+04    7.82931e-01    
6.36045e+04    7.82838e-01    
6.46834e+04    7.82746e-01    
6.57806e+04    7.82654e-01    
6.68964e+04    7.82563e-01    
6.80312e+04    7.82473e-01    
6.91852e+04    7.82382e-01    
7.03587e+04    7.82292e-01    
7.15522e+04    7.82203e-01    
7.27660e+04    7.82114e-01    
7.40003e+04    7.82026e-01    
7.52555e+04    7.81938e-01    
7.65321e+04    7.81850e-01    
7.78303e+04    7.81763e-01    
7.91505e+04    7.81677e-01    
8.04931e+04    7.81590e-01    
8.18585e+04    7.81505e-01    
8.32471e+04    7.81419e-01    
8.46592e+04    7.81334e-01    
8.60952e+04    7.81250e-01    
8.75557e+04    7.81166e-01    
8.90409e+04    7.81082e-01    
9.05512e+04    7.80999e-01    
9.20872e+04    7.80916e-01    
9.36493e+04    7.80834e-01    
9.52379e+04    7.80752e-01    
9.68534e+04    7.80671e-01    
9.84963e+04    7.80589e-01    
1.00167e+05    7.80509e-01    
1.01866e+05    7.80429e-01    
1.03594e+05    7.80349e-01    
1.05351e+05    7.80269e-01    
1.07138e+05    7.80190e-01    
1.08956e+05    7.80112e-01    
1.10804e+05    7.80033e-01    
1.12684e+05    7.79956e-01    
1.14595e+05    7.79878e-01    
1.16539e+05    7.79801e-01    
1.18516e+05    7.79725e-01    
1.20526e+05    7.79648e-01    
1.22571e+05    7.79572e-01    
1.24650e+05    7.79497e-01    
1.26764e+05    7.79422e-01    
1.28914e+05    7.79347e-01    
1.31101e+05    7.79273e-01    
1.33325e+05    7.79199e-01    
1.35587e+05    7.79126e-01    
1.37886e+05    7.79052e-01    
1.40225e+05    7.78980e-01    
1.42604e+05    7.78907e-01    
1.45023e+05    7.78835e-01    
1.47483e+05    7.78764e-01    
1.49985e+05    7.78692e-01    
1.52529e+05    7.78621e-01    
1.55116e+05    7.78551e-01    
1.57747e+05    7.78481e-01    
1.60423e+05    7.78411e-01    
1.63145e+05    7.78341e-01    
1.65912e+05    7.78272e-01    
1.68726e+05    7.78203e-01    
1.71588e+05    7.78135e-01    
1.74499e+05    7.78067e-01    
1.77459e+05    7.77999e-01    
1.80469e+05    7.77932e-01    
1.83530e+05    7.77865e-01    
1.86644e+05    7.77798e-01    
1.89810e+05    7.77732e-01    
1.93029e+05    7.77666e-01    
1.96304e+05    7.77600e-01    
1.99634e+05    7.77535e-01    
2.03020e+05    7.77470e-01    
2.06464e+05    7.77405e-01    
2.09966e+05    7.77341e-01    
2.13528e+05    7.77277e-01    
2.17150e+05    7.77214e-01    
2.20833e+05    7.77150e-01    
2.24579e+05    7.77087e-01    
2.28388e+05    7.77025e-01    
2.32263e+05    7.76962e-01    
2.36202e+05    7.76900e-01    
2.40209e+05    7.76839e-01    
2.44284e+05    7.76777e-01    
2.48427e+05    7.76716e-01    
2.52642e+05    7.76656e-01    
2.56927e+05    7.76595e-01    
2.61285e+05    7.76535e-01    
2.65717e+05    7.76475e-01    
2.70225e+05    7.76416e-01    
2.74808e+05    7.76357e-01    
2.79470e+05    7.76298e-01    
2.84211e+05    7.76239e-01    
2.89032e+05    7.76181e-01    
2.93934e+05    7.76123e-01    
2.98920e+05    7.76066e-01    
3.03991e+05    7.76008e-01    
3.09148e+05    7.75951e-01    
3.14392e+05    7.75894e-01    
3.19725e+05    7.75838e-01    
3.25148e+05    7.75782e-01    
3.30663e+05    7.75726e-01    
3.36272e+05    7.75670e-01    
3.41977e+05    7.75615e-01    
3.47777e+05    7.75560e-01    
3.53677e+05    7.75505e-01    
3.59676e+05    7.75451e-01    
3.65777e+05    7.75397e-01    
3.71982e+05    7.75343e-01    
3.78292e+05    7.75289e-01    
3.84709e+05    7.75236e-01    
3.91234e+05    7.75183e-01    
3.97871e+05    7.75130e-01    
4.04620e+05    7.75078e-01    
4.11483e+05    7.75026e-01    
4.18463e+05    7.74974e-01    
4.25562e+05    7.74922e-01    
4.32780e+05    7.74871e-01    
4.40121e+05    7.74820e-01    
4.47587e+05    7.74769e-01    
4.55180e+05    7.74718e-01    
4.62901e+05    7.74668e-01    
4.70753e+05    7.74618e-01    
4.78738e+05    7.74568e-01    
4.86859e+05    7.74519e-01    
4.95117e+05    7.74469e-01    
5.03516e+05    7.74420e-01    
5.12057e+05    7.74371e-01    
5.20743e+05    7.74323e-01    
5.29576e+05    7.74275e-01    
5.38559e+05    7.74227e-01    
5.47695e+05    7.74179e-01    
5.56985e+05    7.74131e-01    
5.66433e+05    7.74084e-01    
5.76042e+05    7.74037e-01    
5.85813e+05    7.73990e-01    
5.95750e+05    7.73944e-01    
6.05856e+05    7.73898e-01    
6.16133e+05    7.73852e-01    
6.26584e+05    7.73806e-01    
6.37213e+05    7.73760e-01    
6.48022e+05    7.73715e-01    
6.59014e+05    7.73670e-01    
6.70193e+05    7.73625e-01    
6.81561e+05    7.73580e-01    
6.93122e+05    7.73536e-01    
7.04880e+05    7.73492e-01    
7.16836e+05    7.73448e-01    
7.28996e+05    7.73404e-01    
7.41362e+05    7.73361e-01    
7.53938e+05    7.73318e-01    
7.66726e+05    7.73275e-01    
7.79732e+05    7.73232e-01    
7.92959e+05    7.73189e-01    
8.06410e+05    7.73147e-01    
8.20089e+05    7.73105e-01    
8.34000e+05    7.73063e-01    
8.48147e+05    7.73021e-01    
8.62534e+05    7.72980e-01    
8.77165e+05    7.72939e-01    
8.92044e+05    7.72898e-01    
9.07176e+05    7.72857e-01    
9.22564e+05    7.72816e-01    
9.38213e+05    7.72776e-01    
9.54128e+05    7.72736e-01    
9.70313e+05    7.72696e-01    
9.86772e+05    7.72656e-01    
1.00351e+06    7.72617e-01    
1.02053e+06    7.72577e-01    
1.03784e+06    7.72538e-01    
1.05545e+06    7.72499e-01    
1.07335e+06    7.72461e-01    
1.09156e+06    7.72422e-01    
1.11008e+06    7.72384e-01    
1.12891e+06    7.72346e-01    
1.14805e+06    7.72308e-01    
1.16753e+06    7.72270e-01    
1.18733e+06    7.72233e-01    
1.20747e+06    7.72195e-01    
1.22796e+06    7.72158e-01    
1.24879e+06    7.72121e-01    
1.26997e+06    7.72085e-01    
1.29151e+06    7.72048e-01    
1.31342e+06    7.72012e-01    
1.33570e+06    7.71976e-01    
1.35836e+06    7.71940e-01    
1.38140e+06    7.71904e-01    
1.40483e+06    7.71868e-01    
1.42866e+06    7.71833e-01    
1.45289e+06    7.71798e-01    
1.47754e+06    7.71763e-01    
1.50260e+06    7.71728e-01    
1.52809e+06    7.71693e-01    
1.55401e+06    7.71659e-01    
1.58037e+06    7.71624e-01    
1.60718e+06    7.71590e-01    
1.63444e+06    7.71556e-01    
1.66217e+06    7.71523e-01    
1.69036e+06    7.71489e-01    
1.71903e+06    7.71456e-01    
1.74819e+06    7.71423e-01    
1.77785e+06    7.71390e-01    
1.80801e+06    7.71357e-01    
1.83867e+06    7.71324e-01    
1.86986e+06    7.71291e-01    
1.90158e+06    7.71259e-01    
1.93384e+06    7.71227e-01    
1.96664e+06    7.71195e-01    
2.00000e+06    7.71163e-01    

