# USINE V4.0
# File generated 12-05-2022 05:02:49
# Model1DKisoVc
# B/O
# SolMod0DFF_phi0_670GV
# R [GV]       TOA [-]
9.71391e-02    2.11676e-01    
9.87904e-02    2.11708e-01    
1.00470e-01    2.11741e-01    
1.02178e-01    2.11775e-01    
1.03915e-01    2.11809e-01    
1.05681e-01    2.11844e-01    
1.07478e-01    2.11880e-01    
1.09305e-01    2.11916e-01    
1.11163e-01    2.11952e-01    
1.13053e-01    2.11990e-01    
1.14975e-01    2.12028e-01    
1.16930e-01    2.12066e-01    
1.18917e-01    2.12105e-01    
1.20939e-01    2.12145e-01    
1.22995e-01    2.12186e-01    
1.25086e-01    2.12227e-01    
1.27212e-01    2.12269e-01    
1.29375e-01    2.12312e-01    
1.31574e-01    2.12356e-01    
1.33811e-01    2.12400e-01    
1.36086e-01    2.12445e-01    
1.38399e-01    2.12491e-01    
1.40752e-01    2.12537e-01    
1.43145e-01    2.12585e-01    
1.45578e-01    2.12633e-01    
1.48053e-01    2.12682e-01    
1.50570e-01    2.12732e-01    
1.53130e-01    2.12783e-01    
1.55733e-01    2.12834e-01    
1.58381e-01    2.12887e-01    
1.61073e-01    2.12940e-01    
1.63811e-01    2.12994e-01    
1.66596e-01    2.13050e-01    
1.69428e-01    2.13106e-01    
1.72308e-01    2.13163e-01    
1.75238e-01    2.13221e-01    
1.78217e-01    2.13280e-01    
1.81246e-01    2.13340e-01    
1.84328e-01    2.13402e-01    
1.87461e-01    2.13464e-01    
1.90648e-01    2.13527e-01    
1.93889e-01    2.13592e-01    
1.97185e-01    2.13657e-01    
2.00537e-01    2.13724e-01    
2.03946e-01    2.13792e-01    
2.07414e-01    2.13863e-01    
2.10940e-01    2.13936e-01    
2.14526e-01    2.14012e-01    
2.18172e-01    2.14090e-01    
2.21881e-01    2.14171e-01    
2.25653e-01    2.14254e-01    
2.29489e-01    2.14340e-01    
2.33391e-01    2.14429e-01    
2.37358e-01    2.14521e-01    
2.41394e-01    2.14616e-01    
2.45497e-01    2.14714e-01    
2.49671e-01    2.14816e-01    
2.53915e-01    2.14920e-01    
2.58232e-01    2.15028e-01    
2.62622e-01    2.15140e-01    
2.67086e-01    2.15255e-01    
2.71627e-01    2.15374e-01    
2.76244e-01    2.15497e-01    
2.80940e-01    2.15624e-01    
2.85716e-01    2.15755e-01    
2.90574e-01    2.15891e-01    
2.95513e-01    2.16030e-01    
3.00537e-01    2.16175e-01    
3.05646e-01    2.16323e-01    
3.10842e-01    2.16477e-01    
3.16127e-01    2.16636e-01    
3.21501e-01    2.16799e-01    
3.26966e-01    2.16968e-01    
3.32525e-01    2.17143e-01    
3.38178e-01    2.17322e-01    
3.43927e-01    2.17508e-01    
3.49773e-01    2.17699e-01    
3.55720e-01    2.17897e-01    
3.61767e-01    2.18101e-01    
3.67917e-01    2.18311e-01    
3.74171e-01    2.18527e-01    
3.80532e-01    2.18751e-01    
3.87001e-01    2.18981e-01    
3.93580e-01    2.19219e-01    
4.00271e-01    2.19463e-01    
4.07076e-01    2.19716e-01    
4.13996e-01    2.19976e-01    
4.21034e-01    2.20244e-01    
4.28192e-01    2.20520e-01    
4.35471e-01    2.20805e-01    
4.42874e-01    2.21098e-01    
4.50403e-01    2.21400e-01    
4.58060e-01    2.21711e-01    
4.65847e-01    2.22031e-01    
4.73766e-01    2.22361e-01    
4.81820e-01    2.22701e-01    
4.90011e-01    2.23050e-01    
4.98341e-01    2.23410e-01    
5.06813e-01    2.23781e-01    
5.15429e-01    2.24162e-01    
5.24191e-01    2.24554e-01    
5.33102e-01    2.24957e-01    
5.42165e-01    2.25372e-01    
5.51382e-01    2.25798e-01    
5.60756e-01    2.26237e-01    
5.70288e-01    2.26687e-01    
5.79983e-01    2.27151e-01    
5.89843e-01    2.27627e-01    
5.99870e-01    2.28116e-01    
6.10068e-01    2.28618e-01    
6.20439e-01    2.29134e-01    
6.30987e-01    2.29664e-01    
6.41714e-01    2.30209e-01    
6.52623e-01    2.30767e-01    
6.63717e-01    2.31341e-01    
6.75000e-01    2.31929e-01    
6.86475e-01    2.32532e-01    
6.98146e-01    2.33151e-01    
7.10014e-01    2.33786e-01    
7.22084e-01    2.34437e-01    
7.34360e-01    2.35104e-01    
7.46844e-01    2.35788e-01    
7.59540e-01    2.36489e-01    
7.72452e-01    2.37206e-01    
7.85584e-01    2.37941e-01    
7.98939e-01    2.38694e-01    
8.12521e-01    2.39464e-01    
8.26334e-01    2.40252e-01    
8.40382e-01    2.41058e-01    
8.54668e-01    2.41883e-01    
8.69197e-01    2.42726e-01    
8.83974e-01    2.43588e-01    
8.99001e-01    2.44468e-01    
9.14284e-01    2.45368e-01    
9.29827e-01    2.46286e-01    
9.45634e-01    2.47224e-01    
9.61710e-01    2.48180e-01    
9.78059e-01    2.49156e-01    
9.94686e-01    2.50151e-01    
1.01160e+00    2.51166e-01    
1.02879e+00    2.52199e-01    
1.04628e+00    2.53252e-01    
1.06407e+00    2.54323e-01    
1.08216e+00    2.55414e-01    
1.10056e+00    2.56524e-01    
1.11926e+00    2.57652e-01    
1.13829e+00    2.58799e-01    
1.15764e+00    2.59965e-01    
1.17732e+00    2.61148e-01    
1.19734e+00    2.62350e-01    
1.21769e+00    2.63569e-01    
1.23839e+00    2.64806e-01    
1.25945e+00    2.66059e-01    
1.28086e+00    2.67330e-01    
1.30263e+00    2.68615e-01    
1.32478e+00    2.69916e-01    
1.34730e+00    2.71232e-01    
1.37020e+00    2.72560e-01    
1.39349e+00    2.73901e-01    
1.41718e+00    2.75254e-01    
1.44128e+00    2.76617e-01    
1.46578e+00    2.77990e-01    
1.49070e+00    2.79371e-01    
1.51604e+00    2.80760e-01    
1.54181e+00    2.82156e-01    
1.56802e+00    2.83557e-01    
1.59468e+00    2.84963e-01    
1.62179e+00    2.86374e-01    
1.64936e+00    2.87789e-01    
1.67740e+00    2.89208e-01    
1.70591e+00    2.90631e-01    
1.73491e+00    2.92059e-01    
1.76441e+00    2.93491e-01    
1.79440e+00    2.94929e-01    
1.82491e+00    2.96373e-01    
1.85593e+00    2.97823e-01    
1.88748e+00    2.99280e-01    
1.91957e+00    3.00746e-01    
1.95220e+00    3.02222e-01    
1.98539e+00    3.03708e-01    
2.01914e+00    3.05204e-01    
2.05346e+00    3.06710e-01    
2.08837e+00    3.08225e-01    
2.12388e+00    3.09750e-01    
2.15998e+00    3.11283e-01    
2.19670e+00    3.12823e-01    
2.23405e+00    3.14369e-01    
2.27202e+00    3.15916e-01    
2.31065e+00    3.17462e-01    
2.34993e+00    3.19001e-01    
2.38988e+00    3.20531e-01    
2.43051e+00    3.22046e-01    
2.47183e+00    3.23544e-01    
2.51385e+00    3.25021e-01    
2.55658e+00    3.26474e-01    
2.60004e+00    3.27899e-01    
2.64424e+00    3.29294e-01    
2.68920e+00    3.30658e-01    
2.73491e+00    3.31992e-01    
2.78141e+00    3.33297e-01    
2.82869e+00    3.34573e-01    
2.87678e+00    3.35822e-01    
2.92568e+00    3.37045e-01    
2.97542e+00    3.38241e-01    
3.02600e+00    3.39410e-01    
3.07744e+00    3.40551e-01    
3.12976e+00    3.41662e-01    
3.18297e+00    3.42738e-01    
3.23708e+00    3.43777e-01    
3.29211e+00    3.44773e-01    
3.34807e+00    3.45721e-01    
3.40499e+00    3.46618e-01    
3.46288e+00    3.47456e-01    
3.52174e+00    3.48229e-01    
3.58161e+00    3.48929e-01    
3.64250e+00    3.49549e-01    
3.70442e+00    3.50083e-01    
3.76740e+00    3.50524e-01    
3.83145e+00    3.50867e-01    
3.89658e+00    3.51106e-01    
3.96282e+00    3.51239e-01    
4.03019e+00    3.51265e-01    
4.09870e+00    3.51188e-01    
4.16838e+00    3.51012e-01    
4.23924e+00    3.50744e-01    
4.31131e+00    3.50391e-01    
4.38460e+00    3.49964e-01    
4.45914e+00    3.49472e-01    
4.53495e+00    3.48927e-01    
4.61204e+00    3.48338e-01    
4.69045e+00    3.47714e-01    
4.77018e+00    3.47062e-01    
4.85128e+00    3.46389e-01    
4.93375e+00    3.45697e-01    
5.01762e+00    3.44991e-01    
5.10292e+00    3.44274e-01    
5.18967e+00    3.43547e-01    
5.27790e+00    3.42810e-01    
5.36762e+00    3.42063e-01    
5.45887e+00    3.41304e-01    
5.55167e+00    3.40533e-01    
5.64605e+00    3.39748e-01    
5.74203e+00    3.38947e-01    
5.83965e+00    3.38127e-01    
5.93892e+00    3.37288e-01    
6.03988e+00    3.36427e-01    
6.14256e+00    3.35543e-01    
6.24698e+00    3.34635e-01    
6.35318e+00    3.33701e-01    
6.46119e+00    3.32741e-01    
6.57103e+00    3.31754e-01    
6.68274e+00    3.30740e-01    
6.79634e+00    3.29697e-01    
6.91188e+00    3.28626e-01    
7.02938e+00    3.27526e-01    
7.14888e+00    3.26397e-01    
7.27041e+00    3.25238e-01    
7.39401e+00    3.24050e-01    
7.51971e+00    3.22833e-01    
7.64754e+00    3.21588e-01    
7.77755e+00    3.20314e-01    
7.90977e+00    3.19014e-01    
8.04424e+00    3.17687e-01    
8.18099e+00    3.16336e-01    
8.32007e+00    3.14961e-01    
8.46151e+00    3.13566e-01    
8.60535e+00    3.12153e-01    
8.75164e+00    3.10724e-01    
8.90042e+00    3.09281e-01    
9.05173e+00    3.07827e-01    
9.20561e+00    3.06364e-01    
9.36210e+00    3.04893e-01    
9.52126e+00    3.03418e-01    
9.68312e+00    3.01939e-01    
9.84773e+00    3.00458e-01    
1.00151e+01    2.98976e-01    
1.01854e+01    2.97493e-01    
1.03586e+01    2.96010e-01    
1.05347e+01    2.94527e-01    
1.07137e+01    2.93046e-01    
1.08959e+01    2.91565e-01    
1.10811e+01    2.90086e-01    
1.12695e+01    2.88608e-01    
1.14611e+01    2.87132e-01    
1.16559e+01    2.85656e-01    
1.18541e+01    2.84181e-01    
1.20556e+01    2.82708e-01    
1.22605e+01    2.81235e-01    
1.24689e+01    2.79764e-01    
1.26809e+01    2.78293e-01    
1.28965e+01    2.76823e-01    
1.31157e+01    2.75355e-01    
1.33387e+01    2.73887e-01    
1.35655e+01    2.72421e-01    
1.37961e+01    2.70957e-01    
1.40306e+01    2.69495e-01    
1.42691e+01    2.68035e-01    
1.45117e+01    2.66577e-01    
1.47584e+01    2.65120e-01    
1.50093e+01    2.63664e-01    
1.52645e+01    2.62210e-01    
1.55239e+01    2.60756e-01    
1.57879e+01    2.59303e-01    
1.60562e+01    2.57851e-01    
1.63292e+01    2.56401e-01    
1.66068e+01    2.54952e-01    
1.68891e+01    2.53505e-01    
1.71762e+01    2.52059e-01    
1.74682e+01    2.50615e-01    
1.77652e+01    2.49173e-01    
1.80672e+01    2.47734e-01    
1.83743e+01    2.46296e-01    
1.86867e+01    2.44861e-01    
1.90044e+01    2.43429e-01    
1.93275e+01    2.41999e-01    
1.96560e+01    2.40572e-01    
1.99902e+01    2.39148e-01    
2.03300e+01    2.37727e-01    
2.06756e+01    2.36309e-01    
2.10271e+01    2.34895e-01    
2.13846e+01    2.33483e-01    
2.17481e+01    2.32075e-01    
2.21178e+01    2.30671e-01    
2.24938e+01    2.29269e-01    
2.28762e+01    2.27871e-01    
2.32651e+01    2.26476e-01    
2.36606e+01    2.25085e-01    
2.40628e+01    2.23698e-01    
2.44719e+01    2.22314e-01    
2.48879e+01    2.20935e-01    
2.53110e+01    2.19559e-01    
2.57413e+01    2.18187e-01    
2.61789e+01    2.16819e-01    
2.66240e+01    2.15455e-01    
2.70766e+01    2.14096e-01    
2.75369e+01    2.12740e-01    
2.80050e+01    2.11389e-01    
2.84811e+01    2.10043e-01    
2.89653e+01    2.08701e-01    
2.94577e+01    2.07363e-01    
2.99585e+01    2.06030e-01    
3.04678e+01    2.04702e-01    
3.09857e+01    2.03379e-01    
3.15125e+01    2.02060e-01    
3.20482e+01    2.00746e-01    
3.25930e+01    1.99437e-01    
3.31471e+01    1.98133e-01    
3.37106e+01    1.96834e-01    
3.42837e+01    1.95540e-01    
3.48665e+01    1.94251e-01    
3.54592e+01    1.92968e-01    
3.60620e+01    1.91690e-01    
3.66751e+01    1.90417e-01    
3.72985e+01    1.89149e-01    
3.79326e+01    1.87886e-01    
3.85775e+01    1.86630e-01    
3.92333e+01    1.85378e-01    
3.99003e+01    1.84132e-01    
4.05786e+01    1.82891e-01    
4.12684e+01    1.81656e-01    
4.19700e+01    1.80427e-01    
4.26835e+01    1.79203e-01    
4.34091e+01    1.77985e-01    
4.41470e+01    1.76773e-01    
4.48975e+01    1.75566e-01    
4.56608e+01    1.74365e-01    
4.64370e+01    1.73170e-01    
4.72265e+01    1.71980e-01    
4.80293e+01    1.70797e-01    
4.88458e+01    1.69619e-01    
4.96762e+01    1.68447e-01    
5.05207e+01    1.67281e-01    
5.13795e+01    1.66121e-01    
5.22530e+01    1.64967e-01    
5.31413e+01    1.63818e-01    
5.40447e+01    1.62676e-01    
5.49634e+01    1.61539e-01    
5.58978e+01    1.60409e-01    
5.68481e+01    1.59284e-01    
5.78145e+01    1.58166e-01    
5.87974e+01    1.57053e-01    
5.97969e+01    1.55947e-01    
6.08135e+01    1.54846e-01    
6.18473e+01    1.53751e-01    
6.28987e+01    1.52663e-01    
6.39680e+01    1.51580e-01    
6.50554e+01    1.50504e-01    
6.61614e+01    1.49433e-01    
6.72861e+01    1.48369e-01    
6.84300e+01    1.47311e-01    
6.95933e+01    1.46258e-01    
7.07764e+01    1.45212e-01    
7.19796e+01    1.44172e-01    
7.32032e+01    1.43137e-01    
7.44477e+01    1.42109e-01    
7.57133e+01    1.41087e-01    
7.70004e+01    1.40071e-01    
7.83094e+01    1.39061e-01    
7.96407e+01    1.38057e-01    
8.09946e+01    1.37059e-01    
8.23715e+01    1.36067e-01    
8.37718e+01    1.35081e-01    
8.51959e+01    1.34101e-01    
8.66443e+01    1.33127e-01    
8.81172e+01    1.32159e-01    
8.96152e+01    1.31198e-01    
9.11387e+01    1.30242e-01    
9.26880e+01    1.29292e-01    
9.42637e+01    1.28348e-01    
9.58662e+01    1.27411e-01    
9.74959e+01    1.26479e-01    
9.91534e+01    1.25553e-01    
1.00839e+02    1.24634e-01    
1.02553e+02    1.23720e-01    
1.04297e+02    1.22813e-01    
1.06070e+02    1.21911e-01    
1.07873e+02    1.21016e-01    
1.09707e+02    1.20127e-01    
1.11572e+02    1.19244e-01    
1.13468e+02    1.18366e-01    
1.15397e+02    1.17495e-01    
1.17359e+02    1.16631e-01    
1.19354e+02    1.15772e-01    
1.21383e+02    1.14919e-01    
1.23447e+02    1.14073e-01    
1.25545e+02    1.13233e-01    
1.27680e+02    1.12399e-01    
1.29850e+02    1.11571e-01    
1.32058e+02    1.10750e-01    
1.34303e+02    1.09935e-01    
1.36586e+02    1.09126e-01    
1.38908e+02    1.08324e-01    
1.41269e+02    1.07528e-01    
1.43671e+02    1.06739e-01    
1.46113e+02    1.05957e-01    
1.48597e+02    1.05181e-01    
1.51123e+02    1.04411e-01    
1.53692e+02    1.03649e-01    
1.56305e+02    1.02893e-01    
1.58962e+02    1.02144e-01    
1.61665e+02    1.01402e-01    
1.64413e+02    1.00667e-01    
1.67208e+02    9.99386e-02    
1.70051e+02    9.92177e-02    
1.72941e+02    9.85041e-02    
1.75881e+02    9.77977e-02    
1.78871e+02    9.70987e-02    
1.81912e+02    9.64072e-02    
1.85005e+02    9.57232e-02    
1.88150e+02    9.50467e-02    
1.91348e+02    9.43780e-02    
1.94601e+02    9.37169e-02    
1.97910e+02    9.30637e-02    
2.01274e+02    9.24183e-02    
2.04696e+02    9.17809e-02    
2.08175e+02    9.11514e-02    
2.11714e+02    9.05299e-02    
2.15314e+02    8.99165e-02    
2.18974e+02    8.93111e-02    
2.22697e+02    8.87138e-02    
2.26482e+02    8.81246e-02    
2.30333e+02    8.75435e-02    
2.34248e+02    8.69704e-02    
2.38230e+02    8.64053e-02    
2.42280e+02    8.58483e-02    
2.46399e+02    8.52991e-02    
2.50588e+02    8.47578e-02    
2.54848e+02    8.42243e-02    
2.59180e+02    8.36984e-02    
2.63586e+02    8.31801e-02    
2.68067e+02    8.26693e-02    
2.72625e+02    8.21657e-02    
2.77259e+02    8.16694e-02    
2.81973e+02    8.11801e-02    
2.86766e+02    8.06976e-02    
2.91641e+02    8.02219e-02    
2.96599e+02    7.97527e-02    
3.01641e+02    7.92898e-02    
3.06769e+02    7.88331e-02    
3.11984e+02    7.83824e-02    
3.17288e+02    7.79375e-02    
3.22682e+02    7.74983e-02    
3.28167e+02    7.70645e-02    
3.33746e+02    7.66359e-02    
3.39420e+02    7.62124e-02    
3.45190e+02    7.57938e-02    
3.51058e+02    7.53799e-02    
3.57026e+02    7.49706e-02    
3.63096e+02    7.45656e-02    
3.69268e+02    7.41649e-02    
3.75546e+02    7.37682e-02    
3.81930e+02    7.33754e-02    
3.88423e+02    7.29864e-02    
3.95026e+02    7.26011e-02    
4.01742e+02    7.22192e-02    
4.08571e+02    7.18406e-02    
4.15517e+02    7.14654e-02    
4.22581e+02    7.10932e-02    
4.29765e+02    7.07241e-02    
4.37071e+02    7.03579e-02    
4.44501e+02    6.99945e-02    
4.52057e+02    6.96339e-02    
4.59742e+02    6.92759e-02    
4.67558e+02    6.89205e-02    
4.75507e+02    6.85675e-02    
4.83590e+02    6.82170e-02    
4.91811e+02    6.78688e-02    
5.00172e+02    6.75229e-02    
5.08675e+02    6.71793e-02    
5.17322e+02    6.68378e-02    
5.26117e+02    6.64984e-02    
5.35061e+02    6.61610e-02    
5.44157e+02    6.58257e-02    
5.53408e+02    6.54924e-02    
5.62816e+02    6.51610e-02    
5.72383e+02    6.48315e-02    
5.82114e+02    6.45039e-02    
5.92010e+02    6.41781e-02    
6.02074e+02    6.38541e-02    
6.12309e+02    6.35318e-02    
6.22719e+02    6.32113e-02    
6.33305e+02    6.28925e-02    
6.44071e+02    6.25754e-02    
6.55020e+02    6.22600e-02    
6.66156e+02    6.19462e-02    
6.77480e+02    6.16340e-02    
6.88997e+02    6.13235e-02    
7.00710e+02    6.10145e-02    
7.12622e+02    6.07071e-02    
7.24737e+02    6.04012e-02    
7.37058e+02    6.00969e-02    
7.49588e+02    5.97941e-02    
7.62331e+02    5.94928e-02    
7.75290e+02    5.91930e-02    
7.88470e+02    5.88947e-02    
8.01874e+02    5.85978e-02    
8.15506e+02    5.83025e-02    
8.29370e+02    5.80085e-02    
8.43469e+02    5.77160e-02    
8.57808e+02    5.74249e-02    
8.72391e+02    5.71352e-02    
8.87221e+02    5.68470e-02    
9.02304e+02    5.65601e-02    
9.17643e+02    5.62746e-02    
9.33243e+02    5.59905e-02    
9.49108e+02    5.57078e-02    
9.65243e+02    5.54264e-02    
9.81652e+02    5.51464e-02    
9.98340e+02    5.48677e-02    
1.01531e+03    5.45904e-02    
1.03257e+03    5.43144e-02    
1.05013e+03    5.40397e-02    
1.06798e+03    5.37664e-02    
1.08613e+03    5.34943e-02    
1.10460e+03    5.32236e-02    
1.12338e+03    5.29542e-02    
1.14247e+03    5.26860e-02    
1.16190e+03    5.24192e-02    
1.18165e+03    5.21536e-02    
1.20174e+03    5.18893e-02    
1.22217e+03    5.16262e-02    
1.24294e+03    5.13644e-02    
1.26407e+03    5.11039e-02    
1.28556e+03    5.08446e-02    
1.30742e+03    5.05866e-02    
1.32964e+03    5.03298e-02    
1.35225e+03    5.00742e-02    
1.37523e+03    4.98199e-02    
1.39861e+03    4.95667e-02    
1.42239e+03    4.93148e-02    
1.44657e+03    4.90641e-02    
1.47116e+03    4.88146e-02    
1.49617e+03    4.85663e-02    
1.52161e+03    4.83192e-02    
1.54747e+03    4.80733e-02    
1.57378e+03    4.78286e-02    
1.60054e+03    4.75851e-02    
1.62775e+03    4.73427e-02    
1.65542e+03    4.71015e-02    
1.68356e+03    4.68614e-02    
1.71218e+03    4.66225e-02    
1.74129e+03    4.63848e-02    
1.77089e+03    4.61482e-02    
1.80099e+03    4.59128e-02    
1.83161e+03    4.56785e-02    
1.86275e+03    4.54453e-02    
1.89441e+03    4.52132e-02    
1.92662e+03    4.49823e-02    
1.95937e+03    4.47525e-02    
1.99268e+03    4.45238e-02    
2.02656e+03    4.42962e-02    
2.06101e+03    4.40697e-02    
2.09605e+03    4.38444e-02    
2.13168e+03    4.36201e-02    
2.16792e+03    4.33969e-02    
2.20477e+03    4.31747e-02    
2.24225e+03    4.29537e-02    
2.28037e+03    4.27338e-02    
2.31914e+03    4.25149e-02    
2.35856e+03    4.22970e-02    
2.39866e+03    4.20803e-02    
2.43944e+03    4.18646e-02    
2.48091e+03    4.16499e-02    
2.52308e+03    4.14363e-02    
2.56597e+03    4.12237e-02    
2.60960e+03    4.10122e-02    
2.65396e+03    4.08017e-02    
2.69908e+03    4.05922e-02    
2.74496e+03    4.03838e-02    
2.79162e+03    4.01764e-02    
2.83908e+03    3.99700e-02    
2.88735e+03    3.97646e-02    
2.93643e+03    3.95602e-02    
2.98635e+03    3.93568e-02    
3.03712e+03    3.91544e-02    
3.08875e+03    3.89530e-02    
3.14126e+03    3.87526e-02    
3.19466e+03    3.85532e-02    
3.24897e+03    3.83547e-02    
3.30420e+03    3.81573e-02    
3.36037e+03    3.79608e-02    
3.41750e+03    3.77652e-02    
3.47560e+03    3.75707e-02    
3.53468e+03    3.73771e-02    
3.59477e+03    3.71844e-02    
3.65588e+03    3.69927e-02    
3.71803e+03    3.68020e-02    
3.78124e+03    3.66121e-02    
3.84552e+03    3.64233e-02    
3.91090e+03    3.62353e-02    
3.97738e+03    3.60483e-02    
4.04500e+03    3.58622e-02    
4.11376e+03    3.56770e-02    
4.18369e+03    3.54928e-02    
4.25482e+03    3.53094e-02    
4.32715e+03    3.51270e-02    
4.40071e+03    3.49455e-02    
4.47552e+03    3.47648e-02    
4.55161e+03    3.45851e-02    
4.62898e+03    3.44063e-02    
4.70768e+03    3.42283e-02    
4.78771e+03    3.40512e-02    
4.86910e+03    3.38750e-02    
4.95187e+03    3.36997e-02    
5.03606e+03    3.35253e-02    
5.12167e+03    3.33517e-02    
5.20874e+03    3.31790e-02    
5.29729e+03    3.30071e-02    
5.38734e+03    3.28361e-02    
5.47892e+03    3.26660e-02    
5.57207e+03    3.24967e-02    
5.66679e+03    3.23282e-02    
5.76313e+03    3.21606e-02    
5.86110e+03    3.19938e-02    
5.96074e+03    3.18279e-02    
6.06207e+03    3.16628e-02    
6.16513e+03    3.14985e-02    
6.26993e+03    3.13350e-02    
6.37652e+03    3.11724e-02    
6.48492e+03    3.10105e-02    
6.59517e+03    3.08495e-02    
6.70729e+03    3.06893e-02    
6.82131e+03    3.05299e-02    
6.93727e+03    3.03712e-02    
7.05521e+03    3.02134e-02    
7.17514e+03    3.00564e-02    
7.29712e+03    2.99001e-02    
7.42117e+03    2.97447e-02    
7.54733e+03    2.95900e-02    
7.67564e+03    2.94361e-02    
7.80612e+03    2.92829e-02    
7.93883e+03    2.91306e-02    
8.07379e+03    2.89790e-02    
8.21104e+03    2.88281e-02    
8.35063e+03    2.86781e-02    
8.49259e+03    2.85287e-02    
8.63697e+03    2.83802e-02    
8.78379e+03    2.82324e-02    
8.93312e+03    2.80853e-02    
9.08498e+03    2.79389e-02    
9.23943e+03    2.77933e-02    
9.39650e+03    2.76485e-02    
9.55624e+03    2.75043e-02    
9.71869e+03    2.73609e-02    
9.88391e+03    2.72183e-02    
1.00519e+04    2.70763e-02    
1.02228e+04    2.69351e-02    
1.03966e+04    2.67945e-02    
1.05734e+04    2.66547e-02    
1.07531e+04    2.65156e-02    
1.09359e+04    2.63772e-02    
1.11218e+04    2.62395e-02    
1.13109e+04    2.61025e-02    
1.15032e+04    2.59662e-02    
1.16987e+04    2.58305e-02    
1.18976e+04    2.56956e-02    
1.20999e+04    2.55613e-02    
1.23056e+04    2.54278e-02    
1.25148e+04    2.52949e-02    
1.27275e+04    2.51626e-02    
1.29439e+04    2.50311e-02    
1.31639e+04    2.49002e-02    
1.33877e+04    2.47700e-02    
1.36153e+04    2.46404e-02    
1.38468e+04    2.45115e-02    
1.40821e+04    2.43833e-02    
1.43215e+04    2.42557e-02    
1.45650e+04    2.41287e-02    
1.48126e+04    2.40024e-02    
1.50644e+04    2.38768e-02    
1.53205e+04    2.37518e-02    
1.55810e+04    2.36274e-02    
1.58459e+04    2.35037e-02    
1.61152e+04    2.33805e-02    
1.63892e+04    2.32581e-02    
1.66678e+04    2.31362e-02    
1.69512e+04    2.30149e-02    
1.72393e+04    2.28943e-02    
1.75324e+04    2.27743e-02    
1.78305e+04    2.26549e-02    
1.81336e+04    2.25361e-02    
1.84418e+04    2.24180e-02    
1.87554e+04    2.23004e-02    
1.90742e+04    2.21834e-02    
1.93985e+04    2.20670e-02    
1.97282e+04    2.19512e-02    
2.00636e+04    2.18361e-02    
2.04047e+04    2.17215e-02    
2.07516e+04    2.16074e-02    
2.11043e+04    2.14940e-02    
2.14631e+04    2.13812e-02    
2.18280e+04    2.12689e-02    
2.21991e+04    2.11572e-02    
2.25765e+04    2.10461e-02    
2.29603e+04    2.09355e-02    
2.33506e+04    2.08255e-02    
2.37475e+04    2.07161e-02    
2.41512e+04    2.06072e-02    
2.45618e+04    2.04989e-02    
2.49794e+04    2.03912e-02    
2.54040e+04    2.02840e-02    
2.58359e+04    2.01773e-02    
2.62751e+04    2.00712e-02    
2.67218e+04    1.99657e-02    
2.71760e+04    1.98607e-02    
2.76380e+04    1.97562e-02    
2.81079e+04    1.96523e-02    
2.85857e+04    1.95489e-02    
2.90717e+04    1.94460e-02    
2.95659e+04    1.93437e-02    
3.00685e+04    1.92419e-02    
3.05797e+04    1.91406e-02    
3.10995e+04    1.90398e-02    
3.16282e+04    1.89396e-02    
3.21659e+04    1.88398e-02    
3.27127e+04    1.87406e-02    
3.32688e+04    1.86419e-02    
3.38344e+04    1.85437e-02    
3.44096e+04    1.84460e-02    
3.49946e+04    1.83488e-02    
3.55895e+04    1.82521e-02    
3.61945e+04    1.81560e-02    
3.68098e+04    1.80603e-02    
3.74356e+04    1.79651e-02    
3.80720e+04    1.78704e-02    
3.87192e+04    1.77762e-02    
3.93774e+04    1.76824e-02    
4.00468e+04    1.75892e-02    
4.07276e+04    1.74964e-02    
4.14200e+04    1.74041e-02    
4.21242e+04    1.73123e-02    
4.28403e+04    1.72210e-02    
4.35685e+04    1.71301e-02    
4.43092e+04    1.70397e-02    
4.50625e+04    1.69498e-02    
4.58285e+04    1.68604e-02    
4.66076e+04    1.67714e-02    
4.73999e+04    1.66828e-02    
4.82057e+04    1.65948e-02    
4.90252e+04    1.65071e-02    
4.98587e+04    1.64200e-02    
5.07063e+04    1.63333e-02    
5.15683e+04    1.62470e-02    
5.24449e+04    1.61612e-02    
5.33365e+04    1.60758e-02    
5.42432e+04    1.59909e-02    
5.51654e+04    1.59064e-02    
5.61032e+04    1.58223e-02    
5.70569e+04    1.57387e-02    
5.80269e+04    1.56555e-02    
5.90134e+04    1.55728e-02    
6.00166e+04    1.54905e-02    
6.10369e+04    1.54086e-02    
6.20745e+04    1.53271e-02    
6.31298e+04    1.52461e-02    
6.42030e+04    1.51654e-02    
6.52944e+04    1.50852e-02    
6.64044e+04    1.50055e-02    
6.75333e+04    1.49261e-02    
6.86814e+04    1.48471e-02    
6.98489e+04    1.47686e-02    
7.10364e+04    1.46904e-02    
7.22440e+04    1.46127e-02    
7.34722e+04    1.45354e-02    
7.47212e+04    1.44584e-02    
7.59914e+04    1.43819e-02    
7.72833e+04    1.43058e-02    
7.85971e+04    1.42301e-02    
7.99333e+04    1.41547e-02    
8.12921e+04    1.40798e-02    
8.26741e+04    1.40052e-02    
8.40796e+04    1.39311e-02    
8.55089e+04    1.38573e-02    
8.69626e+04    1.37839e-02    
8.84409e+04    1.37109e-02    
8.99444e+04    1.36382e-02    
9.14735e+04    1.35660e-02    
9.30285e+04    1.34941e-02    
9.46100e+04    1.34226e-02    
9.62184e+04    1.33515e-02    
9.78541e+04    1.32807e-02    
9.95176e+04    1.32103e-02    
1.01209e+05    1.31403e-02    
1.02930e+05    1.30707e-02    
1.04680e+05    1.30014e-02    
1.06459e+05    1.29324e-02    
1.08269e+05    1.28639e-02    
1.10110e+05    1.27957e-02    
1.11982e+05    1.27278e-02    
1.13885e+05    1.26603e-02    
1.15821e+05    1.25932e-02    
1.17790e+05    1.25264e-02    
1.19793e+05    1.24599e-02    
1.21829e+05    1.23938e-02    
1.23900e+05    1.23281e-02    
1.26007e+05    1.22627e-02    
1.28149e+05    1.21976e-02    
1.30327e+05    1.21329e-02    
1.32543e+05    1.20685e-02    
1.34796e+05    1.20044e-02    
1.37088e+05    1.19407e-02    
1.39418e+05    1.18773e-02    
1.41788e+05    1.18143e-02    
1.44199e+05    1.17516e-02    
1.46650e+05    1.16892e-02    
1.49143e+05    1.16271e-02    
1.51678e+05    1.15654e-02    
1.54257e+05    1.15040e-02    
1.56879e+05    1.14429e-02    
1.59546e+05    1.13821e-02    
1.62259e+05    1.13216e-02    
1.65017e+05    1.12615e-02    
1.67822e+05    1.12017e-02    
1.70675e+05    1.11422e-02    
1.73577e+05    1.10830e-02    
1.76528e+05    1.10241e-02    
1.79529e+05    1.09655e-02    
1.82581e+05    1.09072e-02    
1.85684e+05    1.08493e-02    
1.88841e+05    1.07916e-02    
1.92051e+05    1.07343e-02    
1.95316e+05    1.06772e-02    
1.98637e+05    1.06204e-02    
2.02013e+05    1.05640e-02    
2.05448e+05    1.05078e-02    
2.08940e+05    1.04520e-02    
2.12492e+05    1.03964e-02    
2.16105e+05    1.03411e-02    
2.19778e+05    1.02861e-02    
2.23515e+05    1.02314e-02    
2.27314e+05    1.01770e-02    
2.31179e+05    1.01229e-02    
2.35109e+05    1.00690e-02    
2.39106e+05    1.00155e-02    
2.43170e+05    9.96218e-03    
2.47304e+05    9.90919e-03    
2.51508e+05    9.85647e-03    
2.55784e+05    9.80402e-03    
2.60132e+05    9.75186e-03    
2.64555e+05    9.69997e-03    
2.69052e+05    9.64835e-03    
2.73626e+05    9.59700e-03    
2.78278e+05    9.54592e-03    
2.83008e+05    9.49512e-03    
2.87820e+05    9.44458e-03    
2.92712e+05    9.39430e-03    
2.97689e+05    9.34429e-03    
3.02749e+05    9.29455e-03    
3.07896e+05    9.24506e-03    
3.13130e+05    9.19584e-03    
3.18454e+05    9.14687e-03    
3.23867e+05    9.09817e-03    
3.29373e+05    9.04972e-03    
3.34972e+05    9.00153e-03    
3.40667e+05    8.95359e-03    
3.46458e+05    8.90590e-03    
3.52348e+05    8.85846e-03    
3.58338e+05    8.81128e-03    
3.64430e+05    8.76434e-03    
3.70625e+05    8.71765e-03    
3.76926e+05    8.67121e-03    
3.83333e+05    8.62501e-03    
3.89850e+05    8.57906e-03    
3.96477e+05    8.53335e-03    
4.03218e+05    8.48788e-03    
4.10072e+05    8.44264e-03    
4.17044e+05    8.39765e-03    
4.24133e+05    8.35290e-03    
4.31344e+05    8.30838e-03    
4.38676e+05    8.26410e-03    
4.46134e+05    8.22005e-03    
4.53718e+05    8.17623e-03    
4.61431e+05    8.13265e-03    
4.69276e+05    8.08929e-03    
4.77253e+05    8.04617e-03    
4.85367e+05    8.00327e-03    
4.93618e+05    7.96060e-03    
5.02009e+05    7.91815e-03    
5.10544e+05    7.87593e-03    
5.19223e+05    7.83393e-03    
5.28050e+05    7.79215e-03    
5.37027e+05    7.75060e-03    
5.46156e+05    7.70926e-03    
5.55441e+05    7.66815e-03    
5.64883e+05    7.62725e-03    
5.74486e+05    7.58656e-03    
5.84252e+05    7.54609e-03    
5.94185e+05    7.50584e-03    
6.04286e+05    7.46580e-03    
6.14559e+05    7.42597e-03    
6.25006e+05    7.38635e-03    
6.35631e+05    7.34694e-03    
6.46437e+05    7.30774e-03    
6.57427e+05    7.26874e-03    
6.68603e+05    7.22996e-03    
6.79969e+05    7.19138e-03    
6.91529e+05    7.15300e-03    
7.03284e+05    7.11482e-03    
7.15240e+05    7.07685e-03    
7.27399e+05    7.03908e-03    
7.39765e+05    7.00151e-03    
7.52341e+05    6.96414e-03    
7.65131e+05    6.92696e-03    
7.78138e+05    6.88998e-03    
7.91367e+05    6.85320e-03    
8.04820e+05    6.81661e-03    
8.18502e+05    6.78022e-03    
8.32416e+05    6.74402e-03    
8.46567e+05    6.70801e-03    
8.60959e+05    6.67220e-03    
8.75595e+05    6.63657e-03    
8.90481e+05    6.60113e-03    
9.05619e+05    6.56588e-03    
9.21014e+05    6.53081e-03    
9.36672e+05    6.49593e-03    
9.52595e+05    6.46124e-03    
9.68789e+05    6.42673e-03    
9.85258e+05    6.39240e-03    
1.00201e+06    6.35826e-03    
1.01904e+06    6.32430e-03    
1.03637e+06    6.29051e-03    
1.05398e+06    6.25691e-03    
1.07190e+06    6.22348e-03    
1.09012e+06    6.19023e-03    
1.10866e+06    6.15716e-03    
1.12750e+06    6.12427e-03    
1.14667e+06    6.09154e-03    
1.16616e+06    6.05900e-03    
1.18599e+06    6.02662e-03    
1.20615e+06    5.99442e-03    
1.22666e+06    5.96238e-03    
1.24751e+06    5.93052e-03    
1.26872e+06    5.89883e-03    
1.29028e+06    5.86730e-03    
1.31222e+06    5.83594e-03    
1.33453e+06    5.80475e-03    
1.35721e+06    5.77372e-03    
1.38029e+06    5.74286e-03    
1.40375e+06    5.71216e-03    
1.42762e+06    5.68163e-03    
1.45188e+06    5.65126e-03    
1.47657e+06    5.62105e-03    
1.50167e+06    5.59100e-03    
1.52720e+06    5.56111e-03    
1.55316e+06    5.53137e-03    
1.57956e+06    5.50180e-03    
1.60642e+06    5.47238e-03    
1.63372e+06    5.44312e-03    
1.66150e+06    5.41402e-03    
1.68974e+06    5.38507e-03    
1.71847e+06    5.35627e-03    
1.74768e+06    5.32763e-03    
1.77739e+06    5.29914e-03    
1.80761e+06    5.27080e-03    
1.83834e+06    5.24261e-03    
1.86959e+06    5.21457e-03    
1.90137e+06    5.18668e-03    
1.93370e+06    5.15894e-03    
1.96657e+06    5.13134e-03    
2.00000e+06    5.10390e-03    

