# USINE V4.0
# File generated 12-05-2022 05:02:50
# Model1DKisoVc
# LI/B
# SolMod0DFF_phi0_670GV
# R [GV]       TOA [-]
1.00854e-01    5.32132e-01    
1.02565e-01    5.32144e-01    
1.04305e-01    5.32157e-01    
1.06074e-01    5.32171e-01    
1.07873e-01    5.32184e-01    
1.09703e-01    5.32198e-01    
1.11563e-01    5.32212e-01    
1.13456e-01    5.32226e-01    
1.15380e-01    5.32241e-01    
1.17337e-01    5.32255e-01    
1.19327e-01    5.32270e-01    
1.21351e-01    5.32286e-01    
1.23410e-01    5.32301e-01    
1.25503e-01    5.32317e-01    
1.27632e-01    5.32333e-01    
1.29797e-01    5.32350e-01    
1.31998e-01    5.32366e-01    
1.34237e-01    5.32383e-01    
1.36514e-01    5.32400e-01    
1.38830e-01    5.32418e-01    
1.41184e-01    5.32436e-01    
1.43579e-01    5.32454e-01    
1.46015e-01    5.32473e-01    
1.48491e-01    5.32491e-01    
1.51010e-01    5.32511e-01    
1.53571e-01    5.32530e-01    
1.56176e-01    5.32550e-01    
1.58825e-01    5.32570e-01    
1.61519e-01    5.32591e-01    
1.64259e-01    5.32612e-01    
1.67045e-01    5.32633e-01    
1.69878e-01    5.32655e-01    
1.72760e-01    5.32677e-01    
1.75690e-01    5.32699e-01    
1.78670e-01    5.32722e-01    
1.81701e-01    5.32746e-01    
1.84783e-01    5.32769e-01    
1.87917e-01    5.32794e-01    
1.91104e-01    5.32818e-01    
1.94346e-01    5.32843e-01    
1.97642e-01    5.32869e-01    
2.00995e-01    5.32895e-01    
2.04404e-01    5.32921e-01    
2.07871e-01    5.32949e-01    
2.11397e-01    5.32978e-01    
2.14982e-01    5.33008e-01    
2.18629e-01    5.33039e-01    
2.22337e-01    5.33071e-01    
2.26108e-01    5.33104e-01    
2.29944e-01    5.33138e-01    
2.33844e-01    5.33174e-01    
2.37810e-01    5.33211e-01    
2.41844e-01    5.33249e-01    
2.45946e-01    5.33289e-01    
2.50118e-01    5.33330e-01    
2.54360e-01    5.33373e-01    
2.58675e-01    5.33417e-01    
2.63062e-01    5.33463e-01    
2.67524e-01    5.33510e-01    
2.72062e-01    5.33560e-01    
2.76677e-01    5.33611e-01    
2.81370e-01    5.33664e-01    
2.86142e-01    5.33719e-01    
2.90996e-01    5.33776e-01    
2.95931e-01    5.33836e-01    
3.00951e-01    5.33897e-01    
3.06056e-01    5.33961e-01    
3.11247e-01    5.34028e-01    
3.16526e-01    5.34096e-01    
3.21895e-01    5.34168e-01    
3.27355e-01    5.34242e-01    
3.32907e-01    5.34319e-01    
3.38554e-01    5.34399e-01    
3.44297e-01    5.34482e-01    
3.50137e-01    5.34568e-01    
3.56075e-01    5.34658e-01    
3.62115e-01    5.34751e-01    
3.68257e-01    5.34848e-01    
3.74504e-01    5.34948e-01    
3.80856e-01    5.35052e-01    
3.87316e-01    5.35161e-01    
3.93885e-01    5.35273e-01    
4.00566e-01    5.35390e-01    
4.07361e-01    5.35511e-01    
4.14270e-01    5.35638e-01    
4.21297e-01    5.35769e-01    
4.28443e-01    5.35905e-01    
4.35710e-01    5.36047e-01    
4.43101e-01    5.36194e-01    
4.50616e-01    5.36347e-01    
4.58260e-01    5.36507e-01    
4.66033e-01    5.36672e-01    
4.73937e-01    5.36844e-01    
4.81976e-01    5.37023e-01    
4.90151e-01    5.37209e-01    
4.98465e-01    5.37403e-01    
5.06920e-01    5.37604e-01    
5.15518e-01    5.37813e-01    
5.24263e-01    5.38030e-01    
5.33155e-01    5.38257e-01    
5.42198e-01    5.38492e-01    
5.51395e-01    5.38736e-01    
5.60748e-01    5.38991e-01    
5.70259e-01    5.39256e-01    
5.79931e-01    5.39531e-01    
5.89768e-01    5.39817e-01    
5.99772e-01    5.40115e-01    
6.09945e-01    5.40425e-01    
6.20291e-01    5.40747e-01    
6.30812e-01    5.41082e-01    
6.41512e-01    5.41430e-01    
6.52393e-01    5.41792e-01    
6.63459e-01    5.42169e-01    
6.74712e-01    5.42561e-01    
6.86156e-01    5.42969e-01    
6.97795e-01    5.43393e-01    
7.09631e-01    5.43834e-01    
7.21667e-01    5.44293e-01    
7.33908e-01    5.44770e-01    
7.46356e-01    5.45266e-01    
7.59016e-01    5.45783e-01    
7.71890e-01    5.46320e-01    
7.84983e-01    5.46878e-01    
7.98298e-01    5.47460e-01    
8.11838e-01    5.48064e-01    
8.25608e-01    5.48694e-01    
8.39612e-01    5.49349e-01    
8.53854e-01    5.50031e-01    
8.68336e-01    5.50742e-01    
8.83065e-01    5.51482e-01    
8.98043e-01    5.52253e-01    
9.13276e-01    5.53057e-01    
9.28767e-01    5.53895e-01    
9.44520e-01    5.54770e-01    
9.60541e-01    5.55682e-01    
9.76833e-01    5.56635e-01    
9.93402e-01    5.57631e-01    
1.01025e+00    5.58672e-01    
1.02739e+00    5.59761e-01    
1.04481e+00    5.60899e-01    
1.06254e+00    5.62091e-01    
1.08056e+00    5.63337e-01    
1.09889e+00    5.64642e-01    
1.11753e+00    5.66007e-01    
1.13648e+00    5.67435e-01    
1.15576e+00    5.68929e-01    
1.17536e+00    5.70491e-01    
1.19530e+00    5.72123e-01    
1.21557e+00    5.73828e-01    
1.23619e+00    5.75606e-01    
1.25716e+00    5.77458e-01    
1.27848e+00    5.79385e-01    
1.30017e+00    5.81386e-01    
1.32222e+00    5.83458e-01    
1.34465e+00    5.85600e-01    
1.36746e+00    5.87809e-01    
1.39065e+00    5.90082e-01    
1.41424e+00    5.92417e-01    
1.43823e+00    5.94810e-01    
1.46262e+00    5.97258e-01    
1.48743e+00    5.99758e-01    
1.51266e+00    6.02307e-01    
1.53832e+00    6.04901e-01    
1.56441e+00    6.07539e-01    
1.59094e+00    6.10218e-01    
1.61793e+00    6.12937e-01    
1.64537e+00    6.15697e-01    
1.67328e+00    6.18499e-01    
1.70166e+00    6.21344e-01    
1.73053e+00    6.24234e-01    
1.75988e+00    6.27167e-01    
1.78973e+00    6.30145e-01    
1.82009e+00    6.33167e-01    
1.85096e+00    6.36231e-01    
1.88236e+00    6.39335e-01    
1.91428e+00    6.42476e-01    
1.94675e+00    6.45650e-01    
1.97977e+00    6.48852e-01    
2.01335e+00    6.52077e-01    
2.04750e+00    6.55322e-01    
2.08223e+00    6.58587e-01    
2.11755e+00    6.61874e-01    
2.15347e+00    6.65187e-01    
2.19000e+00    6.68532e-01    
2.22714e+00    6.71919e-01    
2.26492e+00    6.75358e-01    
2.30334e+00    6.78865e-01    
2.34240e+00    6.82455e-01    
2.38214e+00    6.86145e-01    
2.42254e+00    6.89953e-01    
2.46363e+00    6.93889e-01    
2.50542e+00    6.97959e-01    
2.54792e+00    7.02164e-01    
2.59113e+00    7.06503e-01    
2.63508e+00    7.10971e-01    
2.67978e+00    7.15558e-01    
2.72523e+00    7.20251e-01    
2.77146e+00    7.25030e-01    
2.81847e+00    7.29872e-01    
2.86627e+00    7.34751e-01    
2.91489e+00    7.39642e-01    
2.96433e+00    7.44526e-01    
3.01461e+00    7.49381e-01    
3.06575e+00    7.54191e-01    
3.11775e+00    7.58940e-01    
3.17063e+00    7.63613e-01    
3.22441e+00    7.68202e-01    
3.27910e+00    7.72702e-01    
3.33472e+00    7.77109e-01    
3.39128e+00    7.81421e-01    
3.44880e+00    7.85629e-01    
3.50730e+00    7.89722e-01    
3.56679e+00    7.93686e-01    
3.62729e+00    7.97505e-01    
3.68882e+00    8.01166e-01    
3.75139e+00    8.04652e-01    
3.81502e+00    8.07951e-01    
3.87973e+00    8.11049e-01    
3.94553e+00    8.13943e-01    
4.01246e+00    8.16638e-01    
4.08052e+00    8.19146e-01    
4.14973e+00    8.21481e-01    
4.22012e+00    8.23652e-01    
4.29170e+00    8.25668e-01    
4.36449e+00    8.27534e-01    
4.43852e+00    8.29254e-01    
4.51381e+00    8.30830e-01    
4.59037e+00    8.32265e-01    
4.66823e+00    8.33557e-01    
4.74741e+00    8.34708e-01    
4.82794e+00    8.35720e-01    
4.90983e+00    8.36600e-01    
4.99311e+00    8.37352e-01    
5.07780e+00    8.37982e-01    
5.16393e+00    8.38495e-01    
5.25152e+00    8.38896e-01    
5.34059e+00    8.39193e-01    
5.43118e+00    8.39398e-01    
5.52330e+00    8.39519e-01    
5.61698e+00    8.39567e-01    
5.71226e+00    8.39552e-01    
5.80915e+00    8.39483e-01    
5.90768e+00    8.39369e-01    
6.00789e+00    8.39219e-01    
6.10979e+00    8.39040e-01    
6.21342e+00    8.38836e-01    
6.31882e+00    8.38612e-01    
6.42599e+00    8.38370e-01    
6.53499e+00    8.38114e-01    
6.64584e+00    8.37845e-01    
6.75856e+00    8.37567e-01    
6.87320e+00    8.37283e-01    
6.98978e+00    8.36994e-01    
7.10834e+00    8.36701e-01    
7.22891e+00    8.36406e-01    
7.35153e+00    8.36111e-01    
7.47622e+00    8.35817e-01    
7.60303e+00    8.35523e-01    
7.73199e+00    8.35231e-01    
7.86314e+00    8.34940e-01    
7.99651e+00    8.34652e-01    
8.13215e+00    8.34367e-01    
8.27008e+00    8.34083e-01    
8.41036e+00    8.33798e-01    
8.55301e+00    8.33510e-01    
8.69809e+00    8.33216e-01    
8.84562e+00    8.32914e-01    
8.99566e+00    8.32600e-01    
9.14825e+00    8.32272e-01    
9.30342e+00    8.31927e-01    
9.46122e+00    8.31562e-01    
9.62170e+00    8.31177e-01    
9.78490e+00    8.30770e-01    
9.95087e+00    8.30342e-01    
1.01197e+01    8.29895e-01    
1.02913e+01    8.29429e-01    
1.04659e+01    8.28948e-01    
1.06434e+01    8.28453e-01    
1.08239e+01    8.27946e-01    
1.10075e+01    8.27431e-01    
1.11942e+01    8.26910e-01    
1.13841e+01    8.26384e-01    
1.15772e+01    8.25854e-01    
1.17735e+01    8.25321e-01    
1.19733e+01    8.24785e-01    
1.21763e+01    8.24245e-01    
1.23829e+01    8.23703e-01    
1.25929e+01    8.23156e-01    
1.28065e+01    8.22604e-01    
1.30237e+01    8.22046e-01    
1.32446e+01    8.21482e-01    
1.34693e+01    8.20912e-01    
1.36977e+01    8.20337e-01    
1.39301e+01    8.19756e-01    
1.41664e+01    8.19171e-01    
1.44067e+01    8.18582e-01    
1.46510e+01    8.17992e-01    
1.48995e+01    8.17401e-01    
1.51522e+01    8.16814e-01    
1.54093e+01    8.16231e-01    
1.56706e+01    8.15653e-01    
1.59364e+01    8.15078e-01    
1.62067e+01    8.14506e-01    
1.64816e+01    8.13936e-01    
1.67612e+01    8.13367e-01    
1.70455e+01    8.12800e-01    
1.73346e+01    8.12235e-01    
1.76286e+01    8.11672e-01    
1.79277e+01    8.11111e-01    
1.82317e+01    8.10551e-01    
1.85410e+01    8.09993e-01    
1.88555e+01    8.09436e-01    
1.91753e+01    8.08881e-01    
1.95005e+01    8.08328e-01    
1.98313e+01    8.07777e-01    
2.01677e+01    8.07227e-01    
2.05098e+01    8.06679e-01    
2.08576e+01    8.06134e-01    
2.12114e+01    8.05590e-01    
2.15712e+01    8.05048e-01    
2.19371e+01    8.04510e-01    
2.23092e+01    8.03975e-01    
2.26876e+01    8.03443e-01    
2.30724e+01    8.02914e-01    
2.34638e+01    8.02388e-01    
2.38618e+01    8.01865e-01    
2.42665e+01    8.01345e-01    
2.46781e+01    8.00829e-01    
2.50967e+01    8.00316e-01    
2.55224e+01    7.99807e-01    
2.59553e+01    7.99301e-01    
2.63955e+01    7.98798e-01    
2.68432e+01    7.98299e-01    
2.72985e+01    7.97803e-01    
2.77616e+01    7.97310e-01    
2.82325e+01    7.96821e-01    
2.87113e+01    7.96335e-01    
2.91983e+01    7.95852e-01    
2.96936e+01    7.95372e-01    
3.01972e+01    7.94895e-01    
3.07094e+01    7.94422e-01    
3.12303e+01    7.93951e-01    
3.17601e+01    7.93484e-01    
3.22988e+01    7.93019e-01    
3.28466e+01    7.92557e-01    
3.34037e+01    7.92098e-01    
3.39703e+01    7.91642e-01    
3.45465e+01    7.91189e-01    
3.51325e+01    7.90738e-01    
3.57284e+01    7.90290e-01    
3.63344e+01    7.89845e-01    
3.69507e+01    7.89402e-01    
3.75775e+01    7.88962e-01    
3.82149e+01    7.88524e-01    
3.88631e+01    7.88089e-01    
3.95222e+01    7.87656e-01    
4.01926e+01    7.87225e-01    
4.08743e+01    7.86797e-01    
4.15677e+01    7.86372e-01    
4.22727e+01    7.85948e-01    
4.29897e+01    7.85527e-01    
4.37189e+01    7.85108e-01    
4.44605e+01    7.84691e-01    
4.52146e+01    7.84276e-01    
4.59815e+01    7.83863e-01    
4.67615e+01    7.83452e-01    
4.75546e+01    7.83044e-01    
4.83612e+01    7.82637e-01    
4.91815e+01    7.82232e-01    
5.00157e+01    7.81829e-01    
5.08641e+01    7.81428e-01    
5.17268e+01    7.81029e-01    
5.26042e+01    7.80631e-01    
5.34965e+01    7.80236e-01    
5.44039e+01    7.79842e-01    
5.53267e+01    7.79450e-01    
5.62651e+01    7.79059e-01    
5.72194e+01    7.78671e-01    
5.81900e+01    7.78284e-01    
5.91770e+01    7.77898e-01    
6.01807e+01    7.77515e-01    
6.12015e+01    7.77132e-01    
6.22396e+01    7.76752e-01    
6.32953e+01    7.76373e-01    
6.43689e+01    7.75995e-01    
6.54607e+01    7.75619e-01    
6.65711e+01    7.75245e-01    
6.77002e+01    7.74872e-01    
6.88485e+01    7.74501e-01    
7.00163e+01    7.74131e-01    
7.12039e+01    7.73763e-01    
7.24117e+01    7.73396e-01    
7.36399e+01    7.73030e-01    
7.48890e+01    7.72666e-01    
7.61592e+01    7.72304e-01    
7.74510e+01    7.71943e-01    
7.87647e+01    7.71584e-01    
8.01007e+01    7.71226e-01    
8.14594e+01    7.70869e-01    
8.28411e+01    7.70514e-01    
8.42462e+01    7.70160e-01    
8.56752e+01    7.69808e-01    
8.71284e+01    7.69458e-01    
8.86062e+01    7.69109e-01    
9.01092e+01    7.68761e-01    
9.16376e+01    7.68415e-01    
9.31919e+01    7.68071e-01    
9.47726e+01    7.67728e-01    
9.63801e+01    7.67386e-01    
9.80149e+01    7.67047e-01    
9.96774e+01    7.66708e-01    
1.01368e+02    7.66372e-01    
1.03088e+02    7.66037e-01    
1.04836e+02    7.65704e-01    
1.06614e+02    7.65372e-01    
1.08423e+02    7.65043e-01    
1.10262e+02    7.64715e-01    
1.12132e+02    7.64389e-01    
1.14034e+02    7.64064e-01    
1.15968e+02    7.63742e-01    
1.17935e+02    7.63421e-01    
1.19936e+02    7.63103e-01    
1.21970e+02    7.62786e-01    
1.24039e+02    7.62471e-01    
1.26143e+02    7.62159e-01    
1.28282e+02    7.61848e-01    
1.30458e+02    7.61540e-01    
1.32671e+02    7.61234e-01    
1.34921e+02    7.60930e-01    
1.37210e+02    7.60629e-01    
1.39537e+02    7.60329e-01    
1.41904e+02    7.60033e-01    
1.44311e+02    7.59739e-01    
1.46759e+02    7.59447e-01    
1.49248e+02    7.59158e-01    
1.51779e+02    7.58872e-01    
1.54354e+02    7.58588e-01    
1.56972e+02    7.58307e-01    
1.59635e+02    7.58029e-01    
1.62342e+02    7.57754e-01    
1.65096e+02    7.57482e-01    
1.67896e+02    7.57213e-01    
1.70744e+02    7.56946e-01    
1.73640e+02    7.56683e-01    
1.76585e+02    7.56424e-01    
1.79581e+02    7.56167e-01    
1.82627e+02    7.55913e-01    
1.85724e+02    7.55663e-01    
1.88874e+02    7.55415e-01    
1.92078e+02    7.55171e-01    
1.95336e+02    7.54931e-01    
1.98649e+02    7.54693e-01    
2.02019e+02    7.54458e-01    
2.05445e+02    7.54227e-01    
2.08930e+02    7.53999e-01    
2.12474e+02    7.53773e-01    
2.16078e+02    7.53551e-01    
2.19743e+02    7.53331e-01    
2.23470e+02    7.53115e-01    
2.27261e+02    7.52901e-01    
2.31115e+02    7.52690e-01    
2.35036e+02    7.52481e-01    
2.39022e+02    7.52275e-01    
2.43076e+02    7.52071e-01    
2.47199e+02    7.51869e-01    
2.51392e+02    7.51670e-01    
2.55656e+02    7.51473e-01    
2.59993e+02    7.51278e-01    
2.64403e+02    7.51085e-01    
2.68888e+02    7.50894e-01    
2.73448e+02    7.50704e-01    
2.78087e+02    7.50517e-01    
2.82803e+02    7.50331e-01    
2.87600e+02    7.50147e-01    
2.92478e+02    7.49965e-01    
2.97439e+02    7.49785e-01    
3.02485e+02    7.49606e-01    
3.07615e+02    7.49429e-01    
3.12833e+02    7.49253e-01    
3.18139e+02    7.49079e-01    
3.23535e+02    7.48906e-01    
3.29023e+02    7.48736e-01    
3.34604e+02    7.48566e-01    
3.40279e+02    7.48398e-01    
3.46051e+02    7.48232e-01    
3.51921e+02    7.48067e-01    
3.57890e+02    7.47904e-01    
3.63960e+02    7.47742e-01    
3.70134e+02    7.47581e-01    
3.76412e+02    7.47422e-01    
3.82797e+02    7.47264e-01    
3.89290e+02    7.47108e-01    
3.95893e+02    7.46953e-01    
4.02608e+02    7.46799e-01    
4.09437e+02    7.46646e-01    
4.16381e+02    7.46495e-01    
4.23444e+02    7.46345e-01    
4.30626e+02    7.46195e-01    
4.37931e+02    7.46048e-01    
4.45359e+02    7.45901e-01    
4.52913e+02    7.45755e-01    
4.60595e+02    7.45610e-01    
4.68407e+02    7.45467e-01    
4.76352e+02    7.45324e-01    
4.84432e+02    7.45182e-01    
4.92649e+02    7.45041e-01    
5.01005e+02    7.44902e-01    
5.09503e+02    7.44763e-01    
5.18145e+02    7.44624e-01    
5.26934e+02    7.44487e-01    
5.35872e+02    7.44351e-01    
5.44961e+02    7.44215e-01    
5.54205e+02    7.44080e-01    
5.63605e+02    7.43946e-01    
5.73165e+02    7.43813e-01    
5.82887e+02    7.43680e-01    
5.92773e+02    7.43548e-01    
6.02828e+02    7.43417e-01    
6.13053e+02    7.43287e-01    
6.23452e+02    7.43157e-01    
6.34026e+02    7.43028e-01    
6.44781e+02    7.42899e-01    
6.55717e+02    7.42772e-01    
6.66839e+02    7.42644e-01    
6.78150e+02    7.42518e-01    
6.89653e+02    7.42392e-01    
7.01351e+02    7.42267e-01    
7.13247e+02    7.42142e-01    
7.25345e+02    7.42018e-01    
7.37648e+02    7.41895e-01    
7.50160e+02    7.41772e-01    
7.62884e+02    7.41650e-01    
7.75824e+02    7.41529e-01    
7.88983e+02    7.41408e-01    
8.02366e+02    7.41287e-01    
8.15975e+02    7.41168e-01    
8.29816e+02    7.41048e-01    
8.43891e+02    7.40930e-01    
8.58205e+02    7.40812e-01    
8.72761e+02    7.40694e-01    
8.87565e+02    7.40577e-01    
9.02620e+02    7.40461e-01    
9.17930e+02    7.40345e-01    
9.33499e+02    7.40230e-01    
9.49333e+02    7.40115e-01    
9.65436e+02    7.40001e-01    
9.81811e+02    7.39888e-01    
9.98465e+02    7.39775e-01    
1.01540e+03    7.39662e-01    
1.03262e+03    7.39550e-01    
1.05014e+03    7.39439e-01    
1.06795e+03    7.39328e-01    
1.08607e+03    7.39218e-01    
1.10449e+03    7.39108e-01    
1.12322e+03    7.38999e-01    
1.14227e+03    7.38890e-01    
1.16165e+03    7.38782e-01    
1.18135e+03    7.38675e-01    
1.20139e+03    7.38567e-01    
1.22177e+03    7.38461e-01    
1.24249e+03    7.38355e-01    
1.26357e+03    7.38250e-01    
1.28500e+03    7.38145e-01    
1.30679e+03    7.38040e-01    
1.32896e+03    7.37936e-01    
1.35150e+03    7.37833e-01    
1.37442e+03    7.37730e-01    
1.39774e+03    7.37628e-01    
1.42145e+03    7.37526e-01    
1.44556e+03    7.37425e-01    
1.47007e+03    7.37324e-01    
1.49501e+03    7.37224e-01    
1.52037e+03    7.37124e-01    
1.54616e+03    7.37025e-01    
1.57238e+03    7.36927e-01    
1.59905e+03    7.36828e-01    
1.62617e+03    7.36731e-01    
1.65376e+03    7.36634e-01    
1.68181e+03    7.36537e-01    
1.71033e+03    7.36441e-01    
1.73935e+03    7.36345e-01    
1.76885e+03    7.36250e-01    
1.79885e+03    7.36155e-01    
1.82936e+03    7.36061e-01    
1.86039e+03    7.35968e-01    
1.89195e+03    7.35874e-01    
1.92404e+03    7.35782e-01    
1.95667e+03    7.35690e-01    
1.98986e+03    7.35598e-01    
2.02361e+03    7.35507e-01    
2.05794e+03    7.35416e-01    
2.09284e+03    7.35326e-01    
2.12834e+03    7.35236e-01    
2.16444e+03    7.35147e-01    
2.20116e+03    7.35058e-01    
2.23849e+03    7.34970e-01    
2.27646e+03    7.34882e-01    
2.31507e+03    7.34794e-01    
2.35434e+03    7.34707e-01    
2.39427e+03    7.34621e-01    
2.43489e+03    7.34535e-01    
2.47619e+03    7.34450e-01    
2.51819e+03    7.34365e-01    
2.56090e+03    7.34280e-01    
2.60434e+03    7.34196e-01    
2.64851e+03    7.34112e-01    
2.69343e+03    7.34029e-01    
2.73912e+03    7.33946e-01    
2.78558e+03    7.33864e-01    
2.83283e+03    7.33782e-01    
2.88088e+03    7.33701e-01    
2.92974e+03    7.33620e-01    
2.97944e+03    7.33539e-01    
3.02997e+03    7.33459e-01    
3.08137e+03    7.33380e-01    
3.13363e+03    7.33300e-01    
3.18679e+03    7.33222e-01    
3.24084e+03    7.33143e-01    
3.29581e+03    7.33066e-01    
3.35171e+03    7.32988e-01    
3.40856e+03    7.32911e-01    
3.46638e+03    7.32835e-01    
3.52518e+03    7.32758e-01    
3.58497e+03    7.32683e-01    
3.64578e+03    7.32607e-01    
3.70762e+03    7.32532e-01    
3.77050e+03    7.32458e-01    
3.83446e+03    7.32384e-01    
3.89950e+03    7.32310e-01    
3.96564e+03    7.32237e-01    
4.03290e+03    7.32164e-01    
4.10131e+03    7.32092e-01    
4.17087e+03    7.32020e-01    
4.24162e+03    7.31948e-01    
4.31357e+03    7.31877e-01    
4.38673e+03    7.31806e-01    
4.46114e+03    7.31736e-01    
4.53681e+03    7.31666e-01    
4.61376e+03    7.31596e-01    
4.69202e+03    7.31527e-01    
4.77160e+03    7.31458e-01    
4.85254e+03    7.31390e-01    
4.93485e+03    7.31322e-01    
5.01855e+03    7.31254e-01    
5.10367e+03    7.31187e-01    
5.19024e+03    7.31120e-01    
5.27828e+03    7.31053e-01    
5.36781e+03    7.30987e-01    
5.45885e+03    7.30921e-01    
5.55144e+03    7.30856e-01    
5.64561e+03    7.30791e-01    
5.74137e+03    7.30726e-01    
5.83875e+03    7.30662e-01    
5.93779e+03    7.30598e-01    
6.03850e+03    7.30535e-01    
6.14093e+03    7.30471e-01    
6.24509e+03    7.30408e-01    
6.35102e+03    7.30346e-01    
6.45874e+03    7.30284e-01    
6.56829e+03    7.30222e-01    
6.67970e+03    7.30161e-01    
6.79300e+03    7.30100e-01    
6.90822e+03    7.30039e-01    
7.02540e+03    7.29978e-01    
7.14456e+03    7.29918e-01    
7.26575e+03    7.29859e-01    
7.38899e+03    7.29799e-01    
7.51432e+03    7.29740e-01    
7.64177e+03    7.29682e-01    
7.77139e+03    7.29623e-01    
7.90321e+03    7.29565e-01    
8.03726e+03    7.29508e-01    
8.17359e+03    7.29450e-01    
8.31223e+03    7.29393e-01    
8.45322e+03    7.29337e-01    
8.59660e+03    7.29280e-01    
8.74241e+03    7.29224e-01    
8.89070e+03    7.29169e-01    
9.04150e+03    7.29113e-01    
9.19486e+03    7.29058e-01    
9.35082e+03    7.29003e-01    
9.50943e+03    7.28949e-01    
9.67073e+03    7.28895e-01    
9.83476e+03    7.28841e-01    
1.00016e+04    7.28787e-01    
1.01712e+04    7.28734e-01    
1.03437e+04    7.28681e-01    
1.05192e+04    7.28629e-01    
1.06976e+04    7.28576e-01    
1.08791e+04    7.28524e-01    
1.10636e+04    7.28473e-01    
1.12513e+04    7.28421e-01    
1.14421e+04    7.28370e-01    
1.16362e+04    7.28319e-01    
1.18335e+04    7.28269e-01    
1.20343e+04    7.28219e-01    
1.22384e+04    7.28169e-01    
1.24460e+04    7.28119e-01    
1.26571e+04    7.28070e-01    
1.28718e+04    7.28021e-01    
1.30901e+04    7.27972e-01    
1.33121e+04    7.27923e-01    
1.35379e+04    7.27875e-01    
1.37675e+04    7.27827e-01    
1.40011e+04    7.27779e-01    
1.42386e+04    7.27732e-01    
1.44801e+04    7.27685e-01    
1.47257e+04    7.27638e-01    
1.49754e+04    7.27591e-01    
1.52295e+04    7.27545e-01    
1.54878e+04    7.27499e-01    
1.57505e+04    7.27453e-01    
1.60176e+04    7.27408e-01    
1.62893e+04    7.27362e-01    
1.65656e+04    7.27317e-01    
1.68466e+04    7.27273e-01    
1.71324e+04    7.27228e-01    
1.74229e+04    7.27184e-01    
1.77185e+04    7.27140e-01    
1.80190e+04    7.27096e-01    
1.83246e+04    7.27053e-01    
1.86355e+04    7.27009e-01    
1.89516e+04    7.26966e-01    
1.92730e+04    7.26924e-01    
1.95999e+04    7.26881e-01    
1.99324e+04    7.26839e-01    
2.02705e+04    7.26797e-01    
2.06143e+04    7.26755e-01    
2.09639e+04    7.26714e-01    
2.13195e+04    7.26672e-01    
2.16811e+04    7.26631e-01    
2.20489e+04    7.26591e-01    
2.24229e+04    7.26550e-01    
2.28032e+04    7.26510e-01    
2.31900e+04    7.26470e-01    
2.35833e+04    7.26430e-01    
2.39833e+04    7.26390e-01    
2.43901e+04    7.26351e-01    
2.48038e+04    7.26312e-01    
2.52246e+04    7.26273e-01    
2.56524e+04    7.26234e-01    
2.60875e+04    7.26195e-01    
2.65300e+04    7.26157e-01    
2.69800e+04    7.26119e-01    
2.74377e+04    7.26081e-01    
2.79030e+04    7.26044e-01    
2.83763e+04    7.26006e-01    
2.88576e+04    7.25969e-01    
2.93471e+04    7.25932e-01    
2.98449e+04    7.25895e-01    
3.03511e+04    7.25859e-01    
3.08659e+04    7.25822e-01    
3.13895e+04    7.25786e-01    
3.19219e+04    7.25750e-01    
3.24634e+04    7.25714e-01    
3.30140e+04    7.25679e-01    
3.35740e+04    7.25644e-01    
3.41434e+04    7.25609e-01    
3.47226e+04    7.25574e-01    
3.53115e+04    7.25539e-01    
3.59105e+04    7.25504e-01    
3.65196e+04    7.25470e-01    
3.71390e+04    7.25436e-01    
3.77690e+04    7.25402e-01    
3.84096e+04    7.25368e-01    
3.90611e+04    7.25335e-01    
3.97236e+04    7.25301e-01    
4.03974e+04    7.25268e-01    
4.10826e+04    7.25235e-01    
4.17795e+04    7.25203e-01    
4.24881e+04    7.25170e-01    
4.32088e+04    7.25138e-01    
4.39417e+04    7.25105e-01    
4.46870e+04    7.25073e-01    
4.54450e+04    7.25042e-01    
4.62158e+04    7.25010e-01    
4.69997e+04    7.24978e-01    
4.77969e+04    7.24947e-01    
4.86077e+04    7.24916e-01    
4.94321e+04    7.24885e-01    
5.02706e+04    7.24854e-01    
5.11233e+04    7.24824e-01    
5.19904e+04    7.24793e-01    
5.28723e+04    7.24763e-01    
5.37691e+04    7.24733e-01    
5.46811e+04    7.24703e-01    
5.56086e+04    7.24673e-01    
5.65518e+04    7.24644e-01    
5.75110e+04    7.24615e-01    
5.84865e+04    7.24585e-01    
5.94786e+04    7.24556e-01    
6.04874e+04    7.24527e-01    
6.15134e+04    7.24499e-01    
6.25568e+04    7.24470e-01    
6.36178e+04    7.24442e-01    
6.46969e+04    7.24414e-01    
6.57943e+04    7.24386e-01    
6.69103e+04    7.24358e-01    
6.80452e+04    7.24330e-01    
6.91994e+04    7.24302e-01    
7.03731e+04    7.24275e-01    
7.15668e+04    7.24248e-01    
7.27807e+04    7.24221e-01    
7.40152e+04    7.24194e-01    
7.52706e+04    7.24167e-01    
7.65473e+04    7.24140e-01    
7.78457e+04    7.24114e-01    
7.91661e+04    7.24087e-01    
8.05089e+04    7.24061e-01    
8.18745e+04    7.24035e-01    
8.32632e+04    7.24009e-01    
8.46755e+04    7.23984e-01    
8.61118e+04    7.23958e-01    
8.75724e+04    7.23933e-01    
8.90578e+04    7.23907e-01    
9.05683e+04    7.23882e-01    
9.21046e+04    7.23857e-01    
9.36668e+04    7.23832e-01    
9.52556e+04    7.23807e-01    
9.68713e+04    7.23783e-01    
9.85144e+04    7.23758e-01    
1.00185e+05    7.23734e-01    
1.01885e+05    7.23710e-01    
1.03613e+05    7.23686e-01    
1.05370e+05    7.23662e-01    
1.07158e+05    7.23638e-01    
1.08975e+05    7.23615e-01    
1.10824e+05    7.23591e-01    
1.12703e+05    7.23568e-01    
1.14615e+05    7.23545e-01    
1.16559e+05    7.23521e-01    
1.18536e+05    7.23499e-01    
1.20547e+05    7.23476e-01    
1.22591e+05    7.23453e-01    
1.24671e+05    7.23430e-01    
1.26785e+05    7.23408e-01    
1.28936e+05    7.23386e-01    
1.31123e+05    7.23363e-01    
1.33347e+05    7.23341e-01    
1.35609e+05    7.23319e-01    
1.37909e+05    7.23298e-01    
1.40248e+05    7.23276e-01    
1.42627e+05    7.23254e-01    
1.45046e+05    7.23233e-01    
1.47506e+05    7.23212e-01    
1.50008e+05    7.23190e-01    
1.52553e+05    7.23169e-01    
1.55140e+05    7.23148e-01    
1.57772e+05    7.23128e-01    
1.60448e+05    7.23107e-01    
1.63169e+05    7.23086e-01    
1.65937e+05    7.23066e-01    
1.68752e+05    7.23045e-01    
1.71614e+05    7.23025e-01    
1.74525e+05    7.23005e-01    
1.77485e+05    7.22985e-01    
1.80496e+05    7.22965e-01    
1.83557e+05    7.22945e-01    
1.86671e+05    7.22926e-01    
1.89837e+05    7.22906e-01    
1.93057e+05    7.22887e-01    
1.96331e+05    7.22867e-01    
1.99662e+05    7.22848e-01    
2.03048e+05    7.22829e-01    
2.06492e+05    7.22810e-01    
2.09995e+05    7.22791e-01    
2.13557e+05    7.22772e-01    
2.17179e+05    7.22753e-01    
2.20863e+05    7.22735e-01    
2.24609e+05    7.22716e-01    
2.28419e+05    7.22698e-01    
2.32293e+05    7.22680e-01    
2.36233e+05    7.22662e-01    
2.40240e+05    7.22643e-01    
2.44315e+05    7.22625e-01    
2.48459e+05    7.22608e-01    
2.52673e+05    7.22590e-01    
2.56959e+05    7.22572e-01    
2.61318e+05    7.22555e-01    
2.65750e+05    7.22537e-01    
2.70258e+05    7.22520e-01    
2.74842e+05    7.22502e-01    
2.79504e+05    7.22485e-01    
2.84244e+05    7.22468e-01    
2.89066e+05    7.22451e-01    
2.93969e+05    7.22434e-01    
2.98955e+05    7.22418e-01    
3.04026e+05    7.22401e-01    
3.09183e+05    7.22384e-01    
3.14427e+05    7.22368e-01    
3.19760e+05    7.22351e-01    
3.25184e+05    7.22335e-01    
3.30700e+05    7.22319e-01    
3.36309e+05    7.22303e-01    
3.42013e+05    7.22287e-01    
3.47815e+05    7.22271e-01    
3.53714e+05    7.22255e-01    
3.59714e+05    7.22239e-01    
3.65815e+05    7.22223e-01    
3.72020e+05    7.22208e-01    
3.78330e+05    7.22192e-01    
3.84747e+05    7.22177e-01    
3.91273e+05    7.22161e-01    
3.97910e+05    7.22146e-01    
4.04659e+05    7.22131e-01    
4.11523e+05    7.22116e-01    
4.18503e+05    7.22101e-01    
4.25602e+05    7.22086e-01    
4.32821e+05    7.22071e-01    
4.40162e+05    7.22056e-01    
4.47628e+05    7.22042e-01    
4.55221e+05    7.22027e-01    
4.62942e+05    7.22013e-01    
4.70794e+05    7.21998e-01    
4.78780e+05    7.21984e-01    
4.86901e+05    7.21970e-01    
4.95160e+05    7.21955e-01    
5.03558e+05    7.21941e-01    
5.12100e+05    7.21927e-01    
5.20786e+05    7.21913e-01    
5.29619e+05    7.21899e-01    
5.38603e+05    7.21886e-01    
5.47738e+05    7.21872e-01    
5.57029e+05    7.21858e-01    
5.66477e+05    7.21845e-01    
5.76086e+05    7.21831e-01    
5.85857e+05    7.21818e-01    
5.95794e+05    7.21805e-01    
6.05900e+05    7.21791e-01    
6.16177e+05    7.21778e-01    
6.26629e+05    7.21765e-01    
6.37257e+05    7.21752e-01    
6.48066e+05    7.21739e-01    
6.59059e+05    7.21726e-01    
6.70238e+05    7.21713e-01    
6.81606e+05    7.21701e-01    
6.93167e+05    7.21688e-01    
7.04925e+05    7.21675e-01    
7.16881e+05    7.21663e-01    
7.29041e+05    7.21650e-01    
7.41407e+05    7.21638e-01    
7.53982e+05    7.21626e-01    
7.66771e+05    7.21613e-01    
7.79777e+05    7.21601e-01    
7.93004e+05    7.21589e-01    
8.06454e+05    7.21577e-01    
8.20133e+05    7.21565e-01    
8.34044e+05    7.21553e-01    
8.48191e+05    7.21541e-01    
8.62578e+05    7.21530e-01    
8.77209e+05    7.21518e-01    
8.92088e+05    7.21506e-01    
9.07219e+05    7.21495e-01    
9.22607e+05    7.21483e-01    
9.38256e+05    7.21472e-01    
9.54171e+05    7.21460e-01    
9.70355e+05    7.21449e-01    
9.86814e+05    7.21438e-01    
1.00355e+06    7.21426e-01    
1.02057e+06    7.21415e-01    
1.03789e+06    7.21404e-01    
1.05549e+06    7.21393e-01    
1.07339e+06    7.21382e-01    
1.09160e+06    7.21371e-01    
1.11011e+06    7.21361e-01    
1.12894e+06    7.21350e-01    
1.14809e+06    7.21339e-01    
1.16757e+06    7.21328e-01    
1.18737e+06    7.21318e-01    
1.20751e+06    7.21307e-01    
1.22799e+06    7.21297e-01    
1.24882e+06    7.21286e-01    
1.27000e+06    7.21276e-01    
1.29155e+06    7.21266e-01    
1.31345e+06    7.21255e-01    
1.33573e+06    7.21245e-01    
1.35839e+06    7.21235e-01    
1.38143e+06    7.21225e-01    
1.40486e+06    7.21215e-01    
1.42869e+06    7.21205e-01    
1.45292e+06    7.21195e-01    
1.47757e+06    7.21185e-01    
1.50263e+06    7.21175e-01    
1.52812e+06    7.21166e-01    
1.55403e+06    7.21156e-01    
1.58039e+06    7.21146e-01    
1.60720e+06    7.21137e-01    
1.63446e+06    7.21127e-01    
1.66218e+06    7.21118e-01    
1.69038e+06    7.21108e-01    
1.71905e+06    7.21099e-01    
1.74821e+06    7.21090e-01    
1.77786e+06    7.21080e-01    
1.80802e+06    7.21071e-01    
1.83868e+06    7.21062e-01    
1.86987e+06    7.21053e-01    
1.90159e+06    7.21044e-01    
1.93384e+06    7.21035e-01    
1.96664e+06    7.21026e-01    
2.00000e+06    7.21017e-01    

