# USINE V4.0
# File generated 12-05-2022 05:02:49
# Model1DKisoVc
# BE/O
# SolMod0DFF_phi0_670GV
# R [GV]       TOA [-]
1.08008e-01    7.62099e-02    
1.09818e-01    7.62190e-02    
1.11658e-01    7.62283e-02    
1.13529e-01    7.62377e-02    
1.15431e-01    7.62472e-02    
1.17365e-01    7.62569e-02    
1.19332e-01    7.62667e-02    
1.21331e-01    7.62766e-02    
1.23364e-01    7.62867e-02    
1.25431e-01    7.62970e-02    
1.27533e-01    7.63074e-02    
1.29670e-01    7.63180e-02    
1.31843e-01    7.63287e-02    
1.34052e-01    7.63395e-02    
1.36298e-01    7.63505e-02    
1.38582e-01    7.63617e-02    
1.40904e-01    7.63731e-02    
1.43265e-01    7.63846e-02    
1.45666e-01    7.63962e-02    
1.48107e-01    7.64080e-02    
1.50588e-01    7.64200e-02    
1.53112e-01    7.64322e-02    
1.55677e-01    7.64445e-02    
1.58286e-01    7.64571e-02    
1.60938e-01    7.64697e-02    
1.63635e-01    7.64826e-02    
1.66376e-01    7.64956e-02    
1.69164e-01    7.65089e-02    
1.71999e-01    7.65223e-02    
1.74881e-01    7.65358e-02    
1.77811e-01    7.65496e-02    
1.80791e-01    7.65636e-02    
1.83820e-01    7.65777e-02    
1.86900e-01    7.65921e-02    
1.90032e-01    7.66066e-02    
1.93216e-01    7.66213e-02    
1.96454e-01    7.66362e-02    
1.99745e-01    7.66514e-02    
2.03092e-01    7.66668e-02    
2.06495e-01    7.66828e-02    
2.09955e-01    7.66992e-02    
2.13473e-01    7.67163e-02    
2.17050e-01    7.67338e-02    
2.20687e-01    7.67520e-02    
2.24385e-01    7.67708e-02    
2.28145e-01    7.67901e-02    
2.31968e-01    7.68101e-02    
2.35855e-01    7.68308e-02    
2.39807e-01    7.68521e-02    
2.43825e-01    7.68741e-02    
2.47911e-01    7.68969e-02    
2.52065e-01    7.69204e-02    
2.56288e-01    7.69446e-02    
2.60583e-01    7.69697e-02    
2.64949e-01    7.69955e-02    
2.69389e-01    7.70222e-02    
2.73902e-01    7.70498e-02    
2.78492e-01    7.70782e-02    
2.83158e-01    7.71076e-02    
2.87903e-01    7.71379e-02    
2.92727e-01    7.71692e-02    
2.97632e-01    7.72014e-02    
3.02619e-01    7.72348e-02    
3.07690e-01    7.72692e-02    
3.12846e-01    7.73047e-02    
3.18088e-01    7.73413e-02    
3.23418e-01    7.73791e-02    
3.28837e-01    7.74182e-02    
3.34347e-01    7.74584e-02    
3.39949e-01    7.75000e-02    
3.45646e-01    7.75428e-02    
3.51437e-01    7.75871e-02    
3.57326e-01    7.76327e-02    
3.63313e-01    7.76798e-02    
3.69401e-01    7.77284e-02    
3.75591e-01    7.77785e-02    
3.81884e-01    7.78301e-02    
3.88283e-01    7.78834e-02    
3.94789e-01    7.79384e-02    
4.01405e-01    7.79951e-02    
4.08131e-01    7.80536e-02    
4.14969e-01    7.81139e-02    
4.21923e-01    7.81761e-02    
4.28992e-01    7.82403e-02    
4.36181e-01    7.83065e-02    
4.43489e-01    7.83747e-02    
4.50920e-01    7.84450e-02    
4.58476e-01    7.85175e-02    
4.66158e-01    7.85923e-02    
4.73969e-01    7.86694e-02    
4.81911e-01    7.87489e-02    
4.89986e-01    7.88309e-02    
4.98197e-01    7.89154e-02    
5.06544e-01    7.90025e-02    
5.15032e-01    7.90924e-02    
5.23662e-01    7.91850e-02    
5.32437e-01    7.92805e-02    
5.41358e-01    7.93789e-02    
5.50429e-01    7.94804e-02    
5.59652e-01    7.95851e-02    
5.69030e-01    7.96931e-02    
5.78565e-01    7.98044e-02    
5.88259e-01    7.99192e-02    
5.98116e-01    8.00375e-02    
6.08138e-01    8.01597e-02    
6.18328e-01    8.02856e-02    
6.28689e-01    8.04156e-02    
6.39223e-01    8.05497e-02    
6.49934e-01    8.06880e-02    
6.60825e-01    8.08308e-02    
6.71898e-01    8.09783e-02    
6.83156e-01    8.11305e-02    
6.94603e-01    8.12877e-02    
7.06242e-01    8.14500e-02    
7.18076e-01    8.16177e-02    
7.30108e-01    8.17909e-02    
7.42342e-01    8.19700e-02    
7.54781e-01    8.21550e-02    
7.67428e-01    8.23462e-02    
7.80287e-01    8.25438e-02    
7.93362e-01    8.27482e-02    
8.06655e-01    8.29595e-02    
8.20172e-01    8.31780e-02    
8.33915e-01    8.34039e-02    
8.47888e-01    8.36374e-02    
8.62095e-01    8.38789e-02    
8.76540e-01    8.41285e-02    
8.91228e-01    8.43864e-02    
9.06161e-01    8.46529e-02    
9.21345e-01    8.49280e-02    
9.36783e-01    8.52119e-02    
9.52480e-01    8.55048e-02    
9.68440e-01    8.58064e-02    
9.84667e-01    8.61167e-02    
1.00117e+00    8.64356e-02    
1.01794e+00    8.67628e-02    
1.03500e+00    8.70980e-02    
1.05234e+00    8.74410e-02    
1.06997e+00    8.77913e-02    
1.08790e+00    8.81487e-02    
1.10613e+00    8.85129e-02    
1.12467e+00    8.88833e-02    
1.14351e+00    8.92596e-02    
1.16267e+00    8.96414e-02    
1.18215e+00    9.00283e-02    
1.20196e+00    9.04200e-02    
1.22210e+00    9.08162e-02    
1.24258e+00    9.12169e-02    
1.26340e+00    9.16219e-02    
1.28457e+00    9.20317e-02    
1.30610e+00    9.24468e-02    
1.32798e+00    9.28677e-02    
1.35023e+00    9.32954e-02    
1.37286e+00    9.37307e-02    
1.39586e+00    9.41743e-02    
1.41925e+00    9.46273e-02    
1.44303e+00    9.50906e-02    
1.46721e+00    9.55652e-02    
1.49180e+00    9.60519e-02    
1.51679e+00    9.65519e-02    
1.54221e+00    9.70660e-02    
1.56805e+00    9.75950e-02    
1.59432e+00    9.81396e-02    
1.62104e+00    9.87001e-02    
1.64820e+00    9.92768e-02    
1.67582e+00    9.98698e-02    
1.70390e+00    1.00479e-01    
1.73245e+00    1.01105e-01    
1.76148e+00    1.01748e-01    
1.79099e+00    1.02407e-01    
1.82100e+00    1.03083e-01    
1.85152e+00    1.03776e-01    
1.88254e+00    1.04485e-01    
1.91409e+00    1.05211e-01    
1.94616e+00    1.05952e-01    
1.97877e+00    1.06709e-01    
2.01193e+00    1.07482e-01    
2.04564e+00    1.08269e-01    
2.07991e+00    1.09070e-01    
2.11477e+00    1.09884e-01    
2.15020e+00    1.10711e-01    
2.18623e+00    1.11549e-01    
2.22286e+00    1.12397e-01    
2.26011e+00    1.13254e-01    
2.29798e+00    1.14117e-01    
2.33649e+00    1.14984e-01    
2.37564e+00    1.15852e-01    
2.41544e+00    1.16718e-01    
2.45592e+00    1.17578e-01    
2.49707e+00    1.18429e-01    
2.53891e+00    1.19266e-01    
2.58145e+00    1.20087e-01    
2.62471e+00    1.20889e-01    
2.66869e+00    1.21667e-01    
2.71340e+00    1.22420e-01    
2.75887e+00    1.23147e-01    
2.80510e+00    1.23850e-01    
2.85210e+00    1.24530e-01    
2.89989e+00    1.25189e-01    
2.94848e+00    1.25831e-01    
2.99789e+00    1.26457e-01    
3.04812e+00    1.27069e-01    
3.09919e+00    1.27672e-01    
3.15112e+00    1.28265e-01    
3.20393e+00    1.28851e-01    
3.25761e+00    1.29429e-01    
3.31220e+00    1.29998e-01    
3.36769e+00    1.30555e-01    
3.42412e+00    1.31097e-01    
3.48150e+00    1.31621e-01    
3.53984e+00    1.32121e-01    
3.59915e+00    1.32593e-01    
3.65946e+00    1.33033e-01    
3.72078e+00    1.33435e-01    
3.78312e+00    1.33795e-01    
3.84651e+00    1.34111e-01    
3.91097e+00    1.34381e-01    
3.97650e+00    1.34606e-01    
4.04313e+00    1.34785e-01    
4.11088e+00    1.34921e-01    
4.17976e+00    1.35016e-01    
4.24979e+00    1.35072e-01    
4.32100e+00    1.35093e-01    
4.39341e+00    1.35080e-01    
4.46702e+00    1.35037e-01    
4.54187e+00    1.34963e-01    
4.61798e+00    1.34862e-01    
4.69536e+00    1.34733e-01    
4.77403e+00    1.34580e-01    
4.85403e+00    1.34401e-01    
4.93536e+00    1.34199e-01    
5.01806e+00    1.33974e-01    
5.10214e+00    1.33727e-01    
5.18764e+00    1.33460e-01    
5.27456e+00    1.33174e-01    
5.36294e+00    1.32872e-01    
5.45280e+00    1.32555e-01    
5.54417e+00    1.32227e-01    
5.63707e+00    1.31887e-01    
5.73153e+00    1.31538e-01    
5.82757e+00    1.31181e-01    
5.92521e+00    1.30817e-01    
6.02450e+00    1.30447e-01    
6.12544e+00    1.30069e-01    
6.22808e+00    1.29683e-01    
6.33244e+00    1.29288e-01    
6.43855e+00    1.28882e-01    
6.54643e+00    1.28464e-01    
6.65613e+00    1.28034e-01    
6.76766e+00    1.27589e-01    
6.88106e+00    1.27130e-01    
6.99636e+00    1.26657e-01    
7.11359e+00    1.26169e-01    
7.23278e+00    1.25671e-01    
7.35398e+00    1.25163e-01    
7.47720e+00    1.24649e-01    
7.60249e+00    1.24132e-01    
7.72988e+00    1.23614e-01    
7.85940e+00    1.23097e-01    
7.99110e+00    1.22584e-01    
8.12500e+00    1.22076e-01    
8.26114e+00    1.21570e-01    
8.39956e+00    1.21066e-01    
8.54031e+00    1.20561e-01    
8.68341e+00    1.20051e-01    
8.82891e+00    1.19535e-01    
8.97685e+00    1.19010e-01    
9.12727e+00    1.18472e-01    
9.28020e+00    1.17920e-01    
9.43570e+00    1.17354e-01    
9.59381e+00    1.16776e-01    
9.75457e+00    1.16186e-01    
9.91801e+00    1.15589e-01    
1.00842e+01    1.14985e-01    
1.02532e+01    1.14379e-01    
1.04250e+01    1.13772e-01    
1.05997e+01    1.13168e-01    
1.07773e+01    1.12570e-01    
1.09579e+01    1.11978e-01    
1.11415e+01    1.11394e-01    
1.13282e+01    1.10817e-01    
1.15180e+01    1.10246e-01    
1.17110e+01    1.09681e-01    
1.19072e+01    1.09121e-01    
1.21067e+01    1.08565e-01    
1.23096e+01    1.08012e-01    
1.25158e+01    1.07462e-01    
1.27256e+01    1.06913e-01    
1.29388e+01    1.06365e-01    
1.31556e+01    1.05818e-01    
1.33760e+01    1.05271e-01    
1.36002e+01    1.04726e-01    
1.38280e+01    1.04182e-01    
1.40597e+01    1.03639e-01    
1.42953e+01    1.03097e-01    
1.45349e+01    1.02557e-01    
1.47784e+01    1.02018e-01    
1.50260e+01    1.01482e-01    
1.52778e+01    1.00947e-01    
1.55338e+01    1.00414e-01    
1.57941e+01    9.98829e-02    
1.60588e+01    9.93530e-02    
1.63278e+01    9.88248e-02    
1.66014e+01    9.82981e-02    
1.68796e+01    9.77729e-02    
1.71624e+01    9.72490e-02    
1.74500e+01    9.67265e-02    
1.77424e+01    9.62053e-02    
1.80397e+01    9.56856e-02    
1.83420e+01    9.51678e-02    
1.86493e+01    9.46529e-02    
1.89618e+01    9.41401e-02    
1.92795e+01    9.36289e-02    
1.96026e+01    9.31194e-02    
1.99311e+01    9.26118e-02    
2.02650e+01    9.21062e-02    
2.06046e+01    9.16026e-02    
2.09498e+01    9.11013e-02    
2.13009e+01    9.06023e-02    
2.16578e+01    9.01058e-02    
2.20207e+01    8.96118e-02    
2.23897e+01    8.91205e-02    
2.27648e+01    8.86320e-02    
2.31463e+01    8.81464e-02    
2.35341e+01    8.76638e-02    
2.39285e+01    8.71839e-02    
2.43294e+01    8.67064e-02    
2.47371e+01    8.62306e-02    
2.51516e+01    8.57565e-02    
2.55730e+01    8.52843e-02    
2.60015e+01    8.48137e-02    
2.64372e+01    8.43452e-02    
2.68802e+01    8.38790e-02    
2.73306e+01    8.34149e-02    
2.77886e+01    8.29521e-02    
2.82542e+01    8.24907e-02    
2.87276e+01    8.20309e-02    
2.92090e+01    8.15724e-02    
2.96984e+01    8.11154e-02    
3.01961e+01    8.06599e-02    
3.07020e+01    8.02057e-02    
3.12165e+01    7.97531e-02    
3.17395e+01    7.93018e-02    
3.22714e+01    7.88520e-02    
3.28121e+01    7.84037e-02    
3.33619e+01    7.79568e-02    
3.39209e+01    7.75113e-02    
3.44893e+01    7.70672e-02    
3.50672e+01    7.66246e-02    
3.56548e+01    7.61834e-02    
3.62523e+01    7.57436e-02    
3.68597e+01    7.53052e-02    
3.74773e+01    7.48683e-02    
3.81053e+01    7.44328e-02    
3.87438e+01    7.39986e-02    
3.93930e+01    7.35659e-02    
4.00531e+01    7.31346e-02    
4.07242e+01    7.27047e-02    
4.14066e+01    7.22761e-02    
4.21004e+01    7.18490e-02    
4.28059e+01    7.14233e-02    
4.35231e+01    7.09989e-02    
4.42524e+01    7.05760e-02    
4.49939e+01    7.01544e-02    
4.57478e+01    6.97342e-02    
4.65144e+01    6.93154e-02    
4.72938e+01    6.88980e-02    
4.80862e+01    6.84820e-02    
4.88920e+01    6.80673e-02    
4.97112e+01    6.76540e-02    
5.05442e+01    6.72421e-02    
5.13911e+01    6.68316e-02    
5.22522e+01    6.64224e-02    
5.31278e+01    6.60147e-02    
5.40180e+01    6.56083e-02    
5.49231e+01    6.52032e-02    
5.58434e+01    6.47996e-02    
5.67791e+01    6.43974e-02    
5.77305e+01    6.39965e-02    
5.86979e+01    6.35971e-02    
5.96814e+01    6.31990e-02    
6.06815e+01    6.28023e-02    
6.16982e+01    6.24070e-02    
6.27321e+01    6.20132e-02    
6.37832e+01    6.16207e-02    
6.48520e+01    6.12296e-02    
6.59386e+01    6.08400e-02    
6.70435e+01    6.04518e-02    
6.81669e+01    6.00650e-02    
6.93091e+01    5.96797e-02    
7.04705e+01    5.92958e-02    
7.16513e+01    5.89133e-02    
7.28519e+01    5.85323e-02    
7.40726e+01    5.81528e-02    
7.53138e+01    5.77747e-02    
7.65757e+01    5.73982e-02    
7.78588e+01    5.70231e-02    
7.91635e+01    5.66495e-02    
8.04899e+01    5.62775e-02    
8.18386e+01    5.59069e-02    
8.32099e+01    5.55379e-02    
8.46042e+01    5.51705e-02    
8.60218e+01    5.48046e-02    
8.74632e+01    5.44402e-02    
8.89288e+01    5.40775e-02    
9.04189e+01    5.37163e-02    
9.19340e+01    5.33568e-02    
9.34744e+01    5.29988e-02    
9.50407e+01    5.26425e-02    
9.66332e+01    5.22879e-02    
9.82524e+01    5.19350e-02    
9.98987e+01    5.15837e-02    
1.01573e+02    5.12341e-02    
1.03275e+02    5.08863e-02    
1.05005e+02    5.05402e-02    
1.06765e+02    5.01958e-02    
1.08554e+02    4.98533e-02    
1.10372e+02    4.95125e-02    
1.12222e+02    4.91736e-02    
1.14102e+02    4.88365e-02    
1.16014e+02    4.85013e-02    
1.17958e+02    4.81680e-02    
1.19935e+02    4.78366e-02    
1.21944e+02    4.75072e-02    
1.23988e+02    4.71797e-02    
1.26065e+02    4.68543e-02    
1.28178e+02    4.65309e-02    
1.30325e+02    4.62095e-02    
1.32509e+02    4.58902e-02    
1.34729e+02    4.55731e-02    
1.36987e+02    4.52581e-02    
1.39282e+02    4.49453e-02    
1.41616e+02    4.46348e-02    
1.43989e+02    4.43265e-02    
1.46402e+02    4.40205e-02    
1.48855e+02    4.37168e-02    
1.51349e+02    4.34155e-02    
1.53885e+02    4.31166e-02    
1.56464e+02    4.28202e-02    
1.59085e+02    4.25262e-02    
1.61751e+02    4.22348e-02    
1.64461e+02    4.19459e-02    
1.67217e+02    4.16596e-02    
1.70019e+02    4.13760e-02    
1.72868e+02    4.10950e-02    
1.75765e+02    4.08167e-02    
1.78710e+02    4.05412e-02    
1.81704e+02    4.02684e-02    
1.84749e+02    3.99984e-02    
1.87844e+02    3.97313e-02    
1.90992e+02    3.94669e-02    
1.94192e+02    3.92055e-02    
1.97446e+02    3.89469e-02    
2.00755e+02    3.86913e-02    
2.04119e+02    3.84386e-02    
2.07539e+02    3.81888e-02    
2.11016e+02    3.79420e-02    
2.14552e+02    3.76981e-02    
2.18147e+02    3.74572e-02    
2.21802e+02    3.72192e-02    
2.25519e+02    3.69842e-02    
2.29298e+02    3.67522e-02    
2.33140e+02    3.65230e-02    
2.37047e+02    3.62968e-02    
2.41018e+02    3.60734e-02    
2.45057e+02    3.58529e-02    
2.49163e+02    3.56353e-02    
2.53338e+02    3.54204e-02    
2.57583e+02    3.52083e-02    
2.61899e+02    3.49990e-02    
2.66288e+02    3.47924e-02    
2.70750e+02    3.45884e-02    
2.75286e+02    3.43870e-02    
2.79899e+02    3.41881e-02    
2.84589e+02    3.39918e-02    
2.89358e+02    3.37979e-02    
2.94206e+02    3.36064e-02    
2.99136e+02    3.34173e-02    
3.04148e+02    3.32304e-02    
3.09245e+02    3.30457e-02    
3.14427e+02    3.28632e-02    
3.19695e+02    3.26828e-02    
3.25052e+02    3.25045e-02    
3.30499e+02    3.23281e-02    
3.36036e+02    3.21536e-02    
3.41667e+02    3.19810e-02    
3.47392e+02    3.18101e-02    
3.53213e+02    3.16411e-02    
3.59132e+02    3.14737e-02    
3.65149e+02    3.13079e-02    
3.71268e+02    3.11436e-02    
3.77489e+02    3.09809e-02    
3.83814e+02    3.08197e-02    
3.90245e+02    3.06599e-02    
3.96784e+02    3.05014e-02    
4.03433e+02    3.03443e-02    
4.10193e+02    3.01884e-02    
4.17066e+02    3.00338e-02    
4.24054e+02    2.98803e-02    
4.31160e+02    2.97280e-02    
4.38384e+02    2.95768e-02    
4.45730e+02    2.94267e-02    
4.53199e+02    2.92777e-02    
4.60793e+02    2.91297e-02    
4.68514e+02    2.89826e-02    
4.76364e+02    2.88365e-02    
4.84346e+02    2.86914e-02    
4.92462e+02    2.85471e-02    
5.00714e+02    2.84038e-02    
5.09104e+02    2.82613e-02    
5.17634e+02    2.81196e-02    
5.26308e+02    2.79788e-02    
5.35127e+02    2.78388e-02    
5.44094e+02    2.76996e-02    
5.53210e+02    2.75611e-02    
5.62480e+02    2.74234e-02    
5.71905e+02    2.72864e-02    
5.81488e+02    2.71502e-02    
5.91232e+02    2.70147e-02    
6.01138e+02    2.68799e-02    
6.11211e+02    2.67458e-02    
6.21453e+02    2.66124e-02    
6.31866e+02    2.64796e-02    
6.42453e+02    2.63475e-02    
6.53218e+02    2.62161e-02    
6.64164e+02    2.60853e-02    
6.75293e+02    2.59552e-02    
6.86608e+02    2.58257e-02    
6.98113e+02    2.56969e-02    
7.09810e+02    2.55686e-02    
7.21704e+02    2.54410e-02    
7.33797e+02    2.53140e-02    
7.46093e+02    2.51876e-02    
7.58594e+02    2.50618e-02    
7.71305e+02    2.49367e-02    
7.84230e+02    2.48121e-02    
7.97370e+02    2.46880e-02    
8.10731e+02    2.45646e-02    
8.24316e+02    2.44418e-02    
8.38128e+02    2.43195e-02    
8.52172e+02    2.41978e-02    
8.66451e+02    2.40767e-02    
8.80969e+02    2.39562e-02    
8.95731e+02    2.38362e-02    
9.10740e+02    2.37168e-02    
9.26000e+02    2.35979e-02    
9.41517e+02    2.34796e-02    
9.57293e+02    2.33618e-02    
9.73333e+02    2.32446e-02    
9.89643e+02    2.31280e-02    
1.00623e+03    2.30119e-02    
1.02309e+03    2.28963e-02    
1.04023e+03    2.27813e-02    
1.05766e+03    2.26668e-02    
1.07538e+03    2.25529e-02    
1.09340e+03    2.24394e-02    
1.11172e+03    2.23265e-02    
1.13035e+03    2.22142e-02    
1.14929e+03    2.21024e-02    
1.16855e+03    2.19911e-02    
1.18813e+03    2.18803e-02    
1.20804e+03    2.17700e-02    
1.22828e+03    2.16603e-02    
1.24886e+03    2.15510e-02    
1.26979e+03    2.14423e-02    
1.29106e+03    2.13341e-02    
1.31270e+03    2.12264e-02    
1.33469e+03    2.11193e-02    
1.35706e+03    2.10126e-02    
1.37979e+03    2.09064e-02    
1.40291e+03    2.08008e-02    
1.42642e+03    2.06956e-02    
1.45032e+03    2.05909e-02    
1.47463e+03    2.04867e-02    
1.49933e+03    2.03831e-02    
1.52446e+03    2.02799e-02    
1.55000e+03    2.01772e-02    
1.57597e+03    2.00750e-02    
1.60238e+03    1.99733e-02    
1.62923e+03    1.98720e-02    
1.65653e+03    1.97713e-02    
1.68429e+03    1.96710e-02    
1.71251e+03    1.95712e-02    
1.74120e+03    1.94719e-02    
1.77038e+03    1.93731e-02    
1.80004e+03    1.92747e-02    
1.83021e+03    1.91768e-02    
1.86087e+03    1.90794e-02    
1.89205e+03    1.89824e-02    
1.92376e+03    1.88859e-02    
1.95599e+03    1.87899e-02    
1.98877e+03    1.86944e-02    
2.02209e+03    1.85993e-02    
2.05597e+03    1.85046e-02    
2.09042e+03    1.84104e-02    
2.12545e+03    1.83167e-02    
2.16107e+03    1.82234e-02    
2.19728e+03    1.81306e-02    
2.23409e+03    1.80382e-02    
2.27153e+03    1.79463e-02    
2.30959e+03    1.78548e-02    
2.34829e+03    1.77638e-02    
2.38764e+03    1.76732e-02    
2.42765e+03    1.75830e-02    
2.46833e+03    1.74933e-02    
2.50968e+03    1.74040e-02    
2.55174e+03    1.73152e-02    
2.59449e+03    1.72267e-02    
2.63797e+03    1.71387e-02    
2.68217e+03    1.70512e-02    
2.72711e+03    1.69641e-02    
2.77281e+03    1.68774e-02    
2.81927e+03    1.67911e-02    
2.86651e+03    1.67052e-02    
2.91454e+03    1.66198e-02    
2.96338e+03    1.65348e-02    
3.01303e+03    1.64502e-02    
3.06352e+03    1.63660e-02    
3.11485e+03    1.62822e-02    
3.16705e+03    1.61988e-02    
3.22011e+03    1.61159e-02    
3.27407e+03    1.60333e-02    
3.32893e+03    1.59512e-02    
3.38471e+03    1.58694e-02    
3.44143e+03    1.57881e-02    
3.49909e+03    1.57072e-02    
3.55772e+03    1.56266e-02    
3.61734e+03    1.55465e-02    
3.67795e+03    1.54668e-02    
3.73958e+03    1.53874e-02    
3.80224e+03    1.53084e-02    
3.86595e+03    1.52299e-02    
3.93073e+03    1.51517e-02    
3.99659e+03    1.50739e-02    
4.06356e+03    1.49965e-02    
4.13165e+03    1.49195e-02    
4.20088e+03    1.48428e-02    
4.27127e+03    1.47666e-02    
4.34284e+03    1.46907e-02    
4.41561e+03    1.46152e-02    
4.48960e+03    1.45400e-02    
4.56482e+03    1.44653e-02    
4.64131e+03    1.43909e-02    
4.71908e+03    1.43168e-02    
4.79816e+03    1.42432e-02    
4.87855e+03    1.41699e-02    
4.96030e+03    1.40970e-02    
5.04342e+03    1.40244e-02    
5.12792e+03    1.39522e-02    
5.21385e+03    1.38804e-02    
5.30121e+03    1.38089e-02    
5.39004e+03    1.37378e-02    
5.48036e+03    1.36670e-02    
5.57219e+03    1.35966e-02    
5.66555e+03    1.35265e-02    
5.76049e+03    1.34568e-02    
5.85701e+03    1.33874e-02    
5.95515e+03    1.33184e-02    
6.05494e+03    1.32497e-02    
6.15639e+03    1.31814e-02    
6.25955e+03    1.31134e-02    
6.36444e+03    1.30457e-02    
6.47108e+03    1.29784e-02    
6.57951e+03    1.29114e-02    
6.68976e+03    1.28448e-02    
6.80185e+03    1.27785e-02    
6.91583e+03    1.27125e-02    
7.03171e+03    1.26469e-02    
7.14953e+03    1.25816e-02    
7.26933e+03    1.25166e-02    
7.39114e+03    1.24519e-02    
7.51498e+03    1.23876e-02    
7.64091e+03    1.23236e-02    
7.76894e+03    1.22599e-02    
7.89911e+03    1.21965e-02    
8.03147e+03    1.21335e-02    
8.16605e+03    1.20707e-02    
8.30288e+03    1.20083e-02    
8.44201e+03    1.19462e-02    
8.58346e+03    1.18844e-02    
8.72729e+03    1.18229e-02    
8.87352e+03    1.17617e-02    
9.02221e+03    1.17009e-02    
9.17338e+03    1.16403e-02    
9.32710e+03    1.15801e-02    
9.48338e+03    1.15201e-02    
9.64229e+03    1.14605e-02    
9.80385e+03    1.14011e-02    
9.96813e+03    1.13421e-02    
1.01352e+04    1.12834e-02    
1.03050e+04    1.12249e-02    
1.04777e+04    1.11668e-02    
1.06532e+04    1.11089e-02    
1.08317e+04    1.10513e-02    
1.10132e+04    1.09940e-02    
1.11978e+04    1.09371e-02    
1.13854e+04    1.08804e-02    
1.15762e+04    1.08240e-02    
1.17701e+04    1.07678e-02    
1.19674e+04    1.07120e-02    
1.21679e+04    1.06564e-02    
1.23718e+04    1.06012e-02    
1.25791e+04    1.05462e-02    
1.27899e+04    1.04914e-02    
1.30042e+04    1.04370e-02    
1.32221e+04    1.03828e-02    
1.34436e+04    1.03290e-02    
1.36689e+04    1.02753e-02    
1.38979e+04    1.02220e-02    
1.41308e+04    1.01689e-02    
1.43676e+04    1.01161e-02    
1.46083e+04    1.00636e-02    
1.48531e+04    1.00113e-02    
1.51020e+04    9.95931e-03    
1.53550e+04    9.90758e-03    
1.56123e+04    9.85610e-03    
1.58739e+04    9.80489e-03    
1.61399e+04    9.75394e-03    
1.64103e+04    9.70325e-03    
1.66853e+04    9.65281e-03    
1.69649e+04    9.60263e-03    
1.72492e+04    9.55271e-03    
1.75382e+04    9.50305e-03    
1.78321e+04    9.45363e-03    
1.81309e+04    9.40447e-03    
1.84347e+04    9.35556e-03    
1.87436e+04    9.30689e-03    
1.90576e+04    9.25848e-03    
1.93770e+04    9.21031e-03    
1.97016e+04    9.16239e-03    
2.00318e+04    9.11471e-03    
2.03674e+04    9.06728e-03    
2.07087e+04    9.02008e-03    
2.10557e+04    8.97313e-03    
2.14085e+04    8.92642e-03    
2.17672e+04    8.87995e-03    
2.21320e+04    8.83371e-03    
2.25028e+04    8.78771e-03    
2.28799e+04    8.74195e-03    
2.32633e+04    8.69642e-03    
2.36531e+04    8.65112e-03    
2.40494e+04    8.60606e-03    
2.44524e+04    8.56122e-03    
2.48621e+04    8.51662e-03    
2.52787e+04    8.47224e-03    
2.57023e+04    8.42809e-03    
2.61329e+04    8.38417e-03    
2.65708e+04    8.34047e-03    
2.70160e+04    8.29699e-03    
2.74687e+04    8.25374e-03    
2.79290e+04    8.21071e-03    
2.83970e+04    8.16790e-03    
2.88728e+04    8.12531e-03    
2.93566e+04    8.08293e-03    
2.98485e+04    8.04078e-03    
3.03486e+04    7.99884e-03    
3.08572e+04    7.95712e-03    
3.13742e+04    7.91561e-03    
3.18999e+04    7.87431e-03    
3.24344e+04    7.83322e-03    
3.29779e+04    7.79235e-03    
3.35305e+04    7.75168e-03    
3.40923e+04    7.71123e-03    
3.46636e+04    7.67098e-03    
3.52444e+04    7.63094e-03    
3.58350e+04    7.59110e-03    
3.64354e+04    7.55147e-03    
3.70460e+04    7.51205e-03    
3.76667e+04    7.47282e-03    
3.82979e+04    7.43380e-03    
3.89396e+04    7.39498e-03    
3.95921e+04    7.35635e-03    
4.02555e+04    7.31793e-03    
4.09300e+04    7.27970e-03    
4.16158e+04    7.24167e-03    
4.23131e+04    7.20384e-03    
4.30221e+04    7.16620e-03    
4.37430e+04    7.12876e-03    
4.44760e+04    7.09150e-03    
4.52212e+04    7.05444e-03    
4.59790e+04    7.01757e-03    
4.67494e+04    6.98089e-03    
4.75327e+04    6.94440e-03    
4.83292e+04    6.90810e-03    
4.91390e+04    6.87198e-03    
4.99624e+04    6.83605e-03    
5.07996e+04    6.80031e-03    
5.16508e+04    6.76475e-03    
5.25162e+04    6.72937e-03    
5.33962e+04    6.69418e-03    
5.42909e+04    6.65916e-03    
5.52006e+04    6.62433e-03    
5.61256e+04    6.58968e-03    
5.70660e+04    6.55520e-03    
5.80222e+04    6.52091e-03    
5.89945e+04    6.48679e-03    
5.99830e+04    6.45285e-03    
6.09881e+04    6.41908e-03    
6.20100e+04    6.38549e-03    
6.30490e+04    6.35207e-03    
6.41055e+04    6.31882e-03    
6.51797e+04    6.28574e-03    
6.62718e+04    6.25284e-03    
6.73823e+04    6.22011e-03    
6.85113e+04    6.18754e-03    
6.96593e+04    6.15514e-03    
7.08265e+04    6.12291e-03    
7.20133e+04    6.09085e-03    
7.32200e+04    6.05895e-03    
7.44469e+04    6.02722e-03    
7.56943e+04    5.99565e-03    
7.69627e+04    5.96425e-03    
7.82522e+04    5.93301e-03    
7.95635e+04    5.90193e-03    
8.08966e+04    5.87101e-03    
8.22521e+04    5.84025e-03    
8.36304e+04    5.80965e-03    
8.50317e+04    5.77921e-03    
8.64565e+04    5.74892e-03    
8.79052e+04    5.71879e-03    
8.93781e+04    5.68882e-03    
9.08758e+04    5.65901e-03    
9.23985e+04    5.62934e-03    
9.39467e+04    5.59984e-03    
9.55209e+04    5.57048e-03    
9.71215e+04    5.54128e-03    
9.87488e+04    5.51223e-03    
1.00403e+05    5.48333e-03    
1.02086e+05    5.45457e-03    
1.03796e+05    5.42597e-03    
1.05536e+05    5.39752e-03    
1.07304e+05    5.36921e-03    
1.09102e+05    5.34105e-03    
1.10930e+05    5.31304e-03    
1.12789e+05    5.28517e-03    
1.14679e+05    5.25745e-03    
1.16600e+05    5.22987e-03    
1.18554e+05    5.20243e-03    
1.20541e+05    5.17514e-03    
1.22560e+05    5.14798e-03    
1.24614e+05    5.12097e-03    
1.26702e+05    5.09410e-03    
1.28825e+05    5.06737e-03    
1.30984e+05    5.04078e-03    
1.33179e+05    5.01432e-03    
1.35410e+05    4.98800e-03    
1.37679e+05    4.96182e-03    
1.39986e+05    4.93578e-03    
1.42332e+05    4.90987e-03    
1.44717e+05    4.88409e-03    
1.47142e+05    4.85845e-03    
1.49607e+05    4.83295e-03    
1.52114e+05    4.80757e-03    
1.54663e+05    4.78233e-03    
1.57254e+05    4.75722e-03    
1.59889e+05    4.73223e-03    
1.62568e+05    4.70738e-03    
1.65292e+05    4.68266e-03    
1.68062e+05    4.65807e-03    
1.70878e+05    4.63360e-03    
1.73741e+05    4.60926e-03    
1.76653e+05    4.58505e-03    
1.79613e+05    4.56097e-03    
1.82622e+05    4.53701e-03    
1.85682e+05    4.51317e-03    
1.88794e+05    4.48946e-03    
1.91957e+05    4.46587e-03    
1.95173e+05    4.44240e-03    
1.98444e+05    4.41906e-03    
2.01769e+05    4.39584e-03    
2.05150e+05    4.37274e-03    
2.08587e+05    4.34976e-03    
2.12083e+05    4.32690e-03    
2.15636e+05    4.30416e-03    
2.19249e+05    4.28153e-03    
2.22923e+05    4.25903e-03    
2.26659e+05    4.23664e-03    
2.30456e+05    4.21437e-03    
2.34318e+05    4.19221e-03    
2.38244e+05    4.17017e-03    
2.42236e+05    4.14825e-03    
2.46295e+05    4.12644e-03    
2.50422e+05    4.10474e-03    
2.54618e+05    4.08316e-03    
2.58885e+05    4.06169e-03    
2.63223e+05    4.04033e-03    
2.67633e+05    4.01908e-03    
2.72118e+05    3.99794e-03    
2.76677e+05    3.97691e-03    
2.81313e+05    3.95600e-03    
2.86027e+05    3.93519e-03    
2.90820e+05    3.91449e-03    
2.95693e+05    3.89390e-03    
3.00648e+05    3.87341e-03    
3.05685e+05    3.85304e-03    
3.10807e+05    3.83277e-03    
3.16015e+05    3.81260e-03    
3.21310e+05    3.79254e-03    
3.26694e+05    3.77259e-03    
3.32168e+05    3.75273e-03    
3.37734e+05    3.73299e-03    
3.43393e+05    3.71334e-03    
3.49147e+05    3.69380e-03    
3.54998e+05    3.67436e-03    
3.60946e+05    3.65502e-03    
3.66994e+05    3.63579e-03    
3.73144e+05    3.61665e-03    
3.79396e+05    3.59761e-03    
3.85753e+05    3.57868e-03    
3.92217e+05    3.55984e-03    
3.98789e+05    3.54110e-03    
4.05471e+05    3.52246e-03    
4.12265e+05    3.50391e-03    
4.19173e+05    3.48547e-03    
4.26197e+05    3.46711e-03    
4.33338e+05    3.44886e-03    
4.40600e+05    3.43070e-03    
4.47982e+05    3.41264e-03    
4.55489e+05    3.39467e-03    
4.63121e+05    3.37679e-03    
4.70881e+05    3.35901e-03    
4.78771e+05    3.34132e-03    
4.86794e+05    3.32372e-03    
4.94950e+05    3.30621e-03    
5.03244e+05    3.28880e-03    
5.11676e+05    3.27148e-03    
5.20250e+05    3.25425e-03    
5.28967e+05    3.23710e-03    
5.37831e+05    3.22005e-03    
5.46843e+05    3.20309e-03    
5.56006e+05    3.18621e-03    
5.65322e+05    3.16943e-03    
5.74795e+05    3.15273e-03    
5.84426e+05    3.13612e-03    
5.94219e+05    3.11960e-03    
6.04176e+05    3.10316e-03    
6.14299e+05    3.08681e-03    
6.24593e+05    3.07054e-03    
6.35058e+05    3.05436e-03    
6.45699e+05    3.03827e-03    
6.56519e+05    3.02226e-03    
6.67520e+05    3.00633e-03    
6.78705e+05    2.99049e-03    
6.90077e+05    2.97472e-03    
7.01640e+05    2.95905e-03    
7.13397e+05    2.94345e-03    
7.25351e+05    2.92793e-03    
7.37505e+05    2.91250e-03    
7.49863e+05    2.89715e-03    
7.62427e+05    2.88188e-03    
7.75203e+05    2.86669e-03    
7.88192e+05    2.85157e-03    
8.01399e+05    2.83654e-03    
8.14827e+05    2.82159e-03    
8.28481e+05    2.80671e-03    
8.42363e+05    2.79191e-03    
8.56478e+05    2.77719e-03    
8.70829e+05    2.76255e-03    
8.85421e+05    2.74798e-03    
9.00257e+05    2.73349e-03    
9.15342e+05    2.71908e-03    
9.30679e+05    2.70474e-03    
9.46274e+05    2.69047e-03    
9.62130e+05    2.67629e-03    
9.78251e+05    2.66217e-03    
9.94643e+05    2.64813e-03    
1.01131e+06    2.63416e-03    
1.02826e+06    2.62027e-03    
1.04548e+06    2.60645e-03    
1.06300e+06    2.59270e-03    
1.08081e+06    2.57903e-03    
1.09892e+06    2.56542e-03    
1.11734e+06    2.55189e-03    
1.13606e+06    2.53843e-03    
1.15510e+06    2.52504e-03    
1.17445e+06    2.51172e-03    
1.19413e+06    2.49847e-03    
1.21414e+06    2.48528e-03    
1.23448e+06    2.47217e-03    
1.25517e+06    2.45913e-03    
1.27620e+06    2.44615e-03    
1.29759e+06    2.43325e-03    
1.31933e+06    2.42041e-03    
1.34144e+06    2.40764e-03    
1.36391e+06    2.39493e-03    
1.38677e+06    2.38230e-03    
1.41000e+06    2.36972e-03    
1.43363e+06    2.35722e-03    
1.45765e+06    2.34478e-03    
1.48208e+06    2.33240e-03    
1.50691e+06    2.32009e-03    
1.53216e+06    2.30785e-03    
1.55783e+06    2.29567e-03    
1.58394e+06    2.28355e-03    
1.61048e+06    2.27150e-03    
1.63746e+06    2.25951e-03    
1.66490e+06    2.24758e-03    
1.69280e+06    2.23572e-03    
1.72116e+06    2.22392e-03    
1.75000e+06    2.21218e-03    

