# USINE V4.0
# File generated 12-05-2022 05:02:48
# Model1DKisoVc
# C
# SolMod0DFF_phi0_670GV
# R [GV]       TOA [GV m^{2} s sr]^{-1}
1.00751e-01    1.97778e-03    
1.02460e-01    2.07880e-03    
1.04198e-01    2.18495e-03    
1.05965e-01    2.29649e-03    
1.07763e-01    2.41370e-03    
1.09591e-01    2.53686e-03    
1.11450e-01    2.66627e-03    
1.13340e-01    2.80225e-03    
1.15263e-01    2.94512e-03    
1.17218e-01    3.09524e-03    
1.19206e-01    3.25296e-03    
1.21228e-01    3.41868e-03    
1.23285e-01    3.59278e-03    
1.25376e-01    3.77570e-03    
1.27503e-01    3.96787e-03    
1.29666e-01    4.16976e-03    
1.31865e-01    4.38185e-03    
1.34102e-01    4.60467e-03    
1.36377e-01    4.83873e-03    
1.38690e-01    5.08461e-03    
1.41043e-01    5.34290e-03    
1.43435e-01    5.61422e-03    
1.45868e-01    5.89921e-03    
1.48343e-01    6.19856e-03    
1.50859e-01    6.51299e-03    
1.53418e-01    6.84324e-03    
1.56020e-01    7.19011e-03    
1.58667e-01    7.55441e-03    
1.61358e-01    7.93702e-03    
1.64095e-01    8.33885e-03    
1.66879e-01    8.76085e-03    
1.69710e-01    9.20401e-03    
1.72588e-01    9.66939e-03    
1.75516e-01    1.01581e-02    
1.78493e-01    1.06713e-02    
1.81521e-01    1.12101e-02    
1.84600e-01    1.17759e-02    
1.87731e-01    1.23699e-02    
1.90916e-01    1.29937e-02    
1.94154e-01    1.36485e-02    
1.97448e-01    1.43360e-02    
2.00797e-01    1.50578e-02    
2.04203e-01    1.58153e-02    
2.07667e-01    1.66101e-02    
2.11190e-01    1.74440e-02    
2.14772e-01    1.83189e-02    
2.18415e-01    1.92366e-02    
2.22120e-01    2.01993e-02    
2.25888e-01    2.12090e-02    
2.29720e-01    2.22679e-02    
2.33616e-01    2.33783e-02    
2.37579e-01    2.45426e-02    
2.41609e-01    2.57633e-02    
2.45707e-01    2.70430e-02    
2.49875e-01    2.83844e-02    
2.54114e-01    2.97902e-02    
2.58424e-01    3.12635e-02    
2.62808e-01    3.28072e-02    
2.67266e-01    3.44246e-02    
2.71800e-01    3.61189e-02    
2.76410e-01    3.78936e-02    
2.81099e-01    3.97522e-02    
2.85867e-01    4.16983e-02    
2.90716e-01    4.37359e-02    
2.95647e-01    4.58689e-02    
3.00662e-01    4.81015e-02    
3.05763e-01    5.04377e-02    
3.10949e-01    5.28822e-02    
3.16224e-01    5.54395e-02    
3.21588e-01    5.81142e-02    
3.27043e-01    6.09113e-02    
3.32590e-01    6.38358e-02    
3.38232e-01    6.68929e-02    
3.43970e-01    7.00880e-02    
3.49804e-01    7.34266e-02    
3.55738e-01    7.69145e-02    
3.61772e-01    8.05574e-02    
3.67909e-01    8.43614e-02    
3.74150e-01    8.83326e-02    
3.80496e-01    9.24775e-02    
3.86951e-01    9.68025e-02    
3.93514e-01    1.01314e-01    
4.00190e-01    1.06020e-01    
4.06978e-01    1.10926e-01    
4.13881e-01    1.16039e-01    
4.20902e-01    1.21367e-01    
4.28042e-01    1.26918e-01    
4.35303e-01    1.32698e-01    
4.42686e-01    1.38716e-01    
4.50196e-01    1.44978e-01    
4.57832e-01    1.51493e-01    
4.65598e-01    1.58268e-01    
4.73496e-01    1.65311e-01    
4.81528e-01    1.72631e-01    
4.89696e-01    1.80235e-01    
4.98003e-01    1.88130e-01    
5.06450e-01    1.96325e-01    
5.15041e-01    2.04828e-01    
5.23778e-01    2.13646e-01    
5.32663e-01    2.22787e-01    
5.41698e-01    2.32259e-01    
5.50887e-01    2.42068e-01    
5.60231e-01    2.52221e-01    
5.69735e-01    2.62726e-01    
5.79399e-01    2.73589e-01    
5.89227e-01    2.84816e-01    
5.99222e-01    2.96414e-01    
6.09387e-01    3.08387e-01    
6.19724e-01    3.20740e-01    
6.30236e-01    3.33479e-01    
6.40926e-01    3.46607e-01    
6.51798e-01    3.60126e-01    
6.62855e-01    3.74041e-01    
6.74099e-01    3.88353e-01    
6.85533e-01    4.03062e-01    
6.97162e-01    4.18171e-01    
7.08988e-01    4.33677e-01    
7.21014e-01    4.49580e-01    
7.33245e-01    4.65876e-01    
7.45683e-01    4.82564e-01    
7.58331e-01    4.99637e-01    
7.71195e-01    5.17091e-01    
7.84277e-01    5.34919e-01    
7.97580e-01    5.53111e-01    
8.11109e-01    5.71660e-01    
8.24868e-01    5.90554e-01    
8.38860e-01    6.09781e-01    
8.53090e-01    6.29327e-01    
8.67560e-01    6.49177e-01    
8.82277e-01    6.69316e-01    
8.97243e-01    6.89724e-01    
9.12462e-01    7.10383e-01    
9.27940e-01    7.31272e-01    
9.43681e-01    7.52368e-01    
9.59688e-01    7.73647e-01    
9.75967e-01    7.95084e-01    
9.92523e-01    8.16653e-01    
1.00936e+00    8.38325e-01    
1.02648e+00    8.60070e-01    
1.04389e+00    8.81858e-01    
1.06160e+00    9.03658e-01    
1.07961e+00    9.25435e-01    
1.09792e+00    9.47155e-01    
1.11654e+00    9.68783e-01    
1.13548e+00    9.90284e-01    
1.15475e+00    1.01162e+00    
1.17433e+00    1.03275e+00    
1.19425e+00    1.05365e+00    
1.21451e+00    1.07426e+00    
1.23511e+00    1.09456e+00    
1.25606e+00    1.11450e+00    
1.27737e+00    1.13404e+00    
1.29904e+00    1.15315e+00    
1.32107e+00    1.17179e+00    
1.34348e+00    1.18991e+00    
1.36627e+00    1.20749e+00    
1.38945e+00    1.22448e+00    
1.41302e+00    1.24084e+00    
1.43699e+00    1.25656e+00    
1.46136e+00    1.27158e+00    
1.48615e+00    1.28588e+00    
1.51136e+00    1.29943e+00    
1.53700e+00    1.31220e+00    
1.56307e+00    1.32416e+00    
1.58958e+00    1.33530e+00    
1.61655e+00    1.34558e+00    
1.64397e+00    1.35499e+00    
1.67185e+00    1.36352e+00    
1.70021e+00    1.37115e+00    
1.72905e+00    1.37787e+00    
1.75838e+00    1.38368e+00    
1.78821e+00    1.38856e+00    
1.81854e+00    1.39252e+00    
1.84939e+00    1.39556e+00    
1.88076e+00    1.39769e+00    
1.91266e+00    1.39890e+00    
1.94511e+00    1.39920e+00    
1.97810e+00    1.39861e+00    
2.01166e+00    1.39713e+00    
2.04578e+00    1.39478e+00    
2.08048e+00    1.39157e+00    
2.11577e+00    1.38751e+00    
2.15166e+00    1.38263e+00    
2.18816e+00    1.37694e+00    
2.22528e+00    1.37046e+00    
2.26303e+00    1.36321e+00    
2.30141e+00    1.35522e+00    
2.34045e+00    1.34651e+00    
2.38015e+00    1.33710e+00    
2.42053e+00    1.32704e+00    
2.46159e+00    1.31633e+00    
2.50334e+00    1.30503e+00    
2.54581e+00    1.29315e+00    
2.58899e+00    1.28074e+00    
2.63291e+00    1.26781e+00    
2.67757e+00    1.25441e+00    
2.72299e+00    1.24056e+00    
2.76918e+00    1.22630e+00    
2.81615e+00    1.21165e+00    
2.86392e+00    1.19664e+00    
2.91250e+00    1.18130e+00    
2.96190e+00    1.16563e+00    
3.01215e+00    1.14967e+00    
3.06324e+00    1.13343e+00    
3.11520e+00    1.11691e+00    
3.16805e+00    1.10013e+00    
3.22178e+00    1.08308e+00    
3.27644e+00    1.06576e+00    
3.33201e+00    1.04817e+00    
3.38853e+00    1.03030e+00    
3.44601e+00    1.01212e+00    
3.50447e+00    9.93621e-01    
3.56391e+00    9.74786e-01    
3.62437e+00    9.55602e-01    
3.68585e+00    9.36069e-01    
3.74837e+00    9.16197e-01    
3.81195e+00    8.96016e-01    
3.87661e+00    8.75572e-01    
3.94237e+00    8.54927e-01    
4.00925e+00    8.34155e-01    
4.07725e+00    8.13333e-01    
4.14642e+00    7.92538e-01    
4.21675e+00    7.71840e-01    
4.28828e+00    7.51297e-01    
4.36102e+00    7.30962e-01    
4.43500e+00    7.10874e-01    
4.51023e+00    6.91065e-01    
4.58673e+00    6.71563e-01    
4.66454e+00    6.52384e-01    
4.74366e+00    6.33543e-01    
4.82413e+00    6.15051e-01    
4.90596e+00    5.96914e-01    
4.98918e+00    5.79137e-01    
5.07381e+00    5.61725e-01    
5.15987e+00    5.44678e-01    
5.24740e+00    5.27998e-01    
5.33641e+00    5.11682e-01    
5.42693e+00    4.95730e-01    
5.51899e+00    4.80141e-01    
5.61260e+00    4.64913e-01    
5.70781e+00    4.50042e-01    
5.80463e+00    4.35527e-01    
5.90309e+00    4.21365e-01    
6.00323e+00    4.07552e-01    
6.10506e+00    3.94086e-01    
6.20862e+00    3.80964e-01    
6.31393e+00    3.68182e-01    
6.42104e+00    3.55738e-01    
6.52995e+00    3.43626e-01    
6.64072e+00    3.31845e-01    
6.75337e+00    3.20389e-01    
6.86792e+00    3.09255e-01    
6.98442e+00    2.98438e-01    
7.10290e+00    2.87934e-01    
7.22338e+00    2.77739e-01    
7.34591e+00    2.67846e-01    
7.47052e+00    2.58252e-01    
7.59724e+00    2.48951e-01    
7.72611e+00    2.39937e-01    
7.85717e+00    2.31206e-01    
7.99045e+00    2.22751e-01    
8.12599e+00    2.14567e-01    
8.26383e+00    2.06649e-01    
8.40401e+00    1.98989e-01    
8.54656e+00    1.91583e-01    
8.69154e+00    1.84425e-01    
8.83897e+00    1.77508e-01    
8.98891e+00    1.70826e-01    
9.14138e+00    1.64374e-01    
9.29645e+00    1.58144e-01    
9.45414e+00    1.52132e-01    
9.61451e+00    1.46330e-01    
9.77760e+00    1.40734e-01    
9.94346e+00    1.35335e-01    
1.01121e+01    1.30130e-01    
1.02837e+01    1.25110e-01    
1.04581e+01    1.20272e-01    
1.06355e+01    1.15608e-01    
1.08159e+01    1.11113e-01    
1.09994e+01    1.06782e-01    
1.11860e+01    1.02609e-01    
1.13757e+01    9.85888e-02    
1.15687e+01    9.47169e-02    
1.17649e+01    9.09880e-02    
1.19645e+01    8.73975e-02    
1.21674e+01    8.39405e-02    
1.23738e+01    8.06126e-02    
1.25837e+01    7.74095e-02    
1.27972e+01    7.43268e-02    
1.30142e+01    7.13604e-02    
1.32350e+01    6.85064e-02    
1.34595e+01    6.57606e-02    
1.36878e+01    6.31194e-02    
1.39200e+01    6.05790e-02    
1.41561e+01    5.81359e-02    
1.43962e+01    5.57865e-02    
1.46404e+01    5.35275e-02    
1.48888e+01    5.13557e-02    
1.51413e+01    4.92679e-02    
1.53982e+01    4.72612e-02    
1.56594e+01    4.53326e-02    
1.59250e+01    4.34792e-02    
1.61951e+01    4.16984e-02    
1.64699e+01    3.99874e-02    
1.67492e+01    3.83438e-02    
1.70334e+01    3.67649e-02    
1.73223e+01    3.52485e-02    
1.76161e+01    3.37921e-02    
1.79149e+01    3.23936e-02    
1.82188e+01    3.10508e-02    
1.85279e+01    2.97616e-02    
1.88422e+01    2.85240e-02    
1.91618e+01    2.73360e-02    
1.94868e+01    2.61957e-02    
1.98174e+01    2.51014e-02    
2.01535e+01    2.40512e-02    
2.04954e+01    2.30435e-02    
2.08430e+01    2.20767e-02    
2.11966e+01    2.11491e-02    
2.15562e+01    2.02592e-02    
2.19218e+01    1.94056e-02    
2.22937e+01    1.85869e-02    
2.26718e+01    1.78017e-02    
2.30564e+01    1.70486e-02    
2.34475e+01    1.63265e-02    
2.38452e+01    1.56341e-02    
2.42497e+01    1.49703e-02    
2.46611e+01    1.43338e-02    
2.50794e+01    1.37236e-02    
2.55048e+01    1.31388e-02    
2.59375e+01    1.25782e-02    
2.63774e+01    1.20408e-02    
2.68249e+01    1.15259e-02    
2.72799e+01    1.10324e-02    
2.77426e+01    1.05595e-02    
2.82132e+01    1.01064e-02    
2.86918e+01    9.67224e-03    
2.91785e+01    9.25630e-03    
2.96734e+01    8.85783e-03    
3.01768e+01    8.47612e-03    
3.06887e+01    8.11048e-03    
3.12092e+01    7.76026e-03    
3.17386e+01    7.42483e-03    
3.22770e+01    7.10359e-03    
3.28245e+01    6.79594e-03    
3.33813e+01    6.50134e-03    
3.39476e+01    6.21925e-03    
3.45234e+01    5.94914e-03    
3.51090e+01    5.69053e-03    
3.57046e+01    5.44293e-03    
3.63102e+01    5.20590e-03    
3.69262e+01    4.97900e-03    
3.75525e+01    4.76179e-03    
3.81895e+01    4.55388e-03    
3.88373e+01    4.35488e-03    
3.94961e+01    4.16442e-03    
4.01661e+01    3.98214e-03    
4.08474e+01    3.80770e-03    
4.15403e+01    3.64077e-03    
4.22450e+01    3.48103e-03    
4.29615e+01    3.32818e-03    
4.36903e+01    3.18193e-03    
4.44314e+01    3.04200e-03    
4.51851e+01    2.90812e-03    
4.59516e+01    2.78004e-03    
4.67310e+01    2.65752e-03    
4.75237e+01    2.54031e-03    
4.83299e+01    2.42819e-03    
4.91497e+01    2.32094e-03    
4.99834e+01    2.21836e-03    
5.08312e+01    2.12025e-03    
5.16935e+01    2.02642e-03    
5.25704e+01    1.93668e-03    
5.34621e+01    1.85085e-03    
5.43690e+01    1.76878e-03    
5.52912e+01    1.69030e-03    
5.62291e+01    1.61525e-03    
5.71829e+01    1.54349e-03    
5.81529e+01    1.47488e-03    
5.91393e+01    1.40928e-03    
6.01425e+01    1.34656e-03    
6.11627e+01    1.28659e-03    
6.22002e+01    1.22927e-03    
6.32553e+01    1.17446e-03    
6.43283e+01    1.12207e-03    
6.54195e+01    1.07199e-03    
6.65292e+01    1.02412e-03    
6.76577e+01    9.78364e-04    
6.88054e+01    9.34628e-04    
6.99725e+01    8.92826e-04    
7.11594e+01    8.52873e-04    
7.23665e+01    8.14689e-04    
7.35940e+01    7.78196e-04    
7.48424e+01    7.43321e-04    
7.61119e+01    7.09993e-04    
7.74030e+01    6.78145e-04    
7.87160e+01    6.47711e-04    
8.00512e+01    6.18629e-04    
8.14091e+01    5.90841e-04    
8.27901e+01    5.64290e-04    
8.41944e+01    5.38921e-04    
8.56226e+01    5.14683e-04    
8.70750e+01    4.91525e-04    
8.85521e+01    4.69400e-04    
9.00541e+01    4.48263e-04    
9.15817e+01    4.28069e-04    
9.31352e+01    4.08779e-04    
9.47150e+01    3.90351e-04    
9.63217e+01    3.72747e-04    
9.79556e+01    3.55932e-04    
9.96172e+01    3.39869e-04    
1.01307e+02    3.24527e-04    
1.03025e+02    3.09873e-04    
1.04773e+02    2.95876e-04    
1.06550e+02    2.82508e-04    
1.08358e+02    2.69740e-04    
1.10196e+02    2.57546e-04    
1.12065e+02    2.45900e-04    
1.13966e+02    2.34779e-04    
1.15899e+02    2.24158e-04    
1.17865e+02    2.14015e-04    
1.19864e+02    2.04330e-04    
1.21898e+02    1.95081e-04    
1.23965e+02    1.86250e-04    
1.26068e+02    1.77817e-04    
1.28207e+02    1.69766e-04    
1.30381e+02    1.62078e-04    
1.32593e+02    1.54738e-04    
1.34842e+02    1.47730e-04    
1.37129e+02    1.41039e-04    
1.39456e+02    1.34651e-04    
1.41821e+02    1.28553e-04    
1.44227e+02    1.22731e-04    
1.46673e+02    1.17173e-04    
1.49161e+02    1.11868e-04    
1.51692e+02    1.06804e-04    
1.54265e+02    1.01969e-04    
1.56881e+02    9.73549e-05    
1.59543e+02    9.29504e-05    
1.62249e+02    8.87463e-05    
1.65001e+02    8.47337e-05    
1.67800e+02    8.09038e-05    
1.70646e+02    7.72485e-05    
1.73541e+02    7.37599e-05    
1.76485e+02    7.04305e-05    
1.79478e+02    6.72529e-05    
1.82523e+02    6.42204e-05    
1.85619e+02    6.13264e-05    
1.88768e+02    5.85646e-05    
1.91970e+02    5.59290e-05    
1.95226e+02    5.34138e-05    
1.98538e+02    5.10135e-05    
2.01905e+02    4.87229e-05    
2.05330e+02    4.65370e-05    
2.08813e+02    4.44510e-05    
2.12355e+02    4.24602e-05    
2.15957e+02    4.05604e-05    
2.19621e+02    3.87473e-05    
2.23346e+02    3.70170e-05    
2.27135e+02    3.53656e-05    
2.30988e+02    3.37894e-05    
2.34906e+02    3.22851e-05    
2.38890e+02    3.08492e-05    
2.42943e+02    2.94786e-05    
2.47064e+02    2.81703e-05    
2.51255e+02    2.69214e-05    
2.55517e+02    2.57290e-05    
2.59851e+02    2.45907e-05    
2.64259e+02    2.35038e-05    
2.68741e+02    2.24660e-05    
2.73300e+02    2.14750e-05    
2.77936e+02    2.05287e-05    
2.82650e+02    1.96249e-05    
2.87445e+02    1.87616e-05    
2.92321e+02    1.79371e-05    
2.97279e+02    1.71495e-05    
3.02322e+02    1.63971e-05    
3.07450e+02    1.56782e-05    
3.12666e+02    1.49914e-05    
3.17969e+02    1.43352e-05    
3.23363e+02    1.37081e-05    
3.28848e+02    1.31088e-05    
3.34426e+02    1.25361e-05    
3.40099e+02    1.19888e-05    
3.45868e+02    1.14656e-05    
3.51735e+02    1.09655e-05    
3.57702e+02    1.04875e-05    
3.63769e+02    1.00305e-05    
3.69940e+02    9.59357e-06    
3.76215e+02    9.17587e-06    
3.82597e+02    8.77651e-06    
3.89087e+02    8.39466e-06    
3.95687e+02    8.02954e-06    
4.02399e+02    7.68040e-06    
4.09224e+02    7.34653e-06    
4.16166e+02    7.02725e-06    
4.23225e+02    6.72192e-06    
4.30404e+02    6.42992e-06    
4.37705e+02    6.15065e-06    
4.45130e+02    5.88356e-06    
4.52681e+02    5.62810e-06    
4.60360e+02    5.38377e-06    
4.68169e+02    5.15008e-06    
4.76110e+02    4.92656e-06    
4.84186e+02    4.71275e-06    
4.92399e+02    4.50825e-06    
5.00752e+02    4.31263e-06    
5.09246e+02    4.12551e-06    
5.17884e+02    3.94652e-06    
5.26669e+02    3.77531e-06    
5.35603e+02    3.61152e-06    
5.44688e+02    3.45485e-06    
5.53928e+02    3.30498e-06    
5.63324e+02    3.16161e-06    
5.72879e+02    3.02447e-06    
5.82597e+02    2.89327e-06    
5.92480e+02    2.76776e-06    
6.02530e+02    2.64770e-06    
6.12750e+02    2.53285e-06    
6.23144e+02    2.42297e-06    
6.33715e+02    2.31786e-06    
6.44464e+02    2.21731e-06    
6.55396e+02    2.12112e-06    
6.66514e+02    2.02909e-06    
6.77820e+02    1.94106e-06    
6.89317e+02    1.85685e-06    
7.01010e+02    1.77628e-06    
7.12901e+02    1.69921e-06    
7.24994e+02    1.62548e-06    
7.37292e+02    1.55495e-06    
7.49799e+02    1.48747e-06    
7.62517e+02    1.42292e-06    
7.75452e+02    1.36117e-06    
7.88606e+02    1.30210e-06    
8.01983e+02    1.24558e-06    
8.15587e+02    1.19152e-06    
8.29421e+02    1.13980e-06    
8.43491e+02    1.09033e-06    
8.57799e+02    1.04300e-06    
8.72349e+02    9.97718e-07    
8.87147e+02    9.54403e-07    
9.02195e+02    9.12967e-07    
9.17499e+02    8.73328e-07    
9.33063e+02    8.35408e-07    
9.48890e+02    7.99133e-07    
9.64986e+02    7.64432e-07    
9.81355e+02    7.31235e-07    
9.98001e+02    6.99479e-07    
1.01493e+03    6.69100e-07    
1.03215e+03    6.40039e-07    
1.04965e+03    6.12239e-07    
1.06746e+03    5.85646e-07    
1.08557e+03    5.60206e-07    
1.10398e+03    5.35870e-07    
1.12271e+03    5.12590e-07    
1.14175e+03    4.90320e-07    
1.16112e+03    4.69017e-07    
1.18082e+03    4.48639e-07    
1.20085e+03    4.29145e-07    
1.22122e+03    4.10497e-07    
1.24193e+03    3.92659e-07    
1.26300e+03    3.75595e-07    
1.28442e+03    3.59271e-07    
1.30621e+03    3.43657e-07    
1.32837e+03    3.28720e-07    
1.35090e+03    3.14432e-07    
1.37381e+03    3.00765e-07    
1.39712e+03    2.87691e-07    
1.42082e+03    2.75184e-07    
1.44492e+03    2.63221e-07    
1.46943e+03    2.51777e-07    
1.49435e+03    2.40831e-07    
1.51970e+03    2.30360e-07    
1.54548e+03    2.20343e-07    
1.57170e+03    2.10762e-07    
1.59836e+03    2.01597e-07    
1.62547e+03    1.92830e-07    
1.65304e+03    1.84445e-07    
1.68108e+03    1.76423e-07    
1.70960e+03    1.68750e-07    
1.73860e+03    1.61410e-07    
1.76809e+03    1.54390e-07    
1.79808e+03    1.47674e-07    
1.82858e+03    1.41250e-07    
1.85960e+03    1.35106e-07    
1.89114e+03    1.29228e-07    
1.92322e+03    1.23606e-07    
1.95585e+03    1.18229e-07    
1.98902e+03    1.13085e-07    
2.02276e+03    1.08165e-07    
2.05707e+03    1.03458e-07    
2.09197e+03    9.89564e-08    
2.12745e+03    9.46504e-08    
2.16354e+03    9.05315e-08    
2.20024e+03    8.65918e-08    
2.23756e+03    8.28234e-08    
2.27552e+03    7.92188e-08    
2.31412e+03    7.57710e-08    
2.35337e+03    7.24731e-08    
2.39329e+03    6.93187e-08    
2.43389e+03    6.63014e-08    
2.47517e+03    6.34154e-08    
2.51716e+03    6.06549e-08    
2.55986e+03    5.80144e-08    
2.60328e+03    5.54889e-08    
2.64744e+03    5.30732e-08    
2.69235e+03    5.07625e-08    
2.73802e+03    4.85525e-08    
2.78446e+03    4.64385e-08    
2.83170e+03    4.44165e-08    
2.87973e+03    4.24825e-08    
2.92858e+03    4.06327e-08    
2.97825e+03    3.88633e-08    
3.02877e+03    3.71710e-08    
3.08015e+03    3.55522e-08    
3.13240e+03    3.40040e-08    
3.18553e+03    3.25231e-08    
3.23957e+03    3.11066e-08    
3.29452e+03    2.97518e-08    
3.35041e+03    2.84560e-08    
3.40724e+03    2.72165e-08    
3.46503e+03    2.60310e-08    
3.52381e+03    2.48972e-08    
3.58359e+03    2.38126e-08    
3.64437e+03    2.27753e-08    
3.70619e+03    2.17832e-08    
3.76906e+03    2.08342e-08    
3.83299e+03    1.99265e-08    
3.89801e+03    1.90584e-08    
3.96413e+03    1.82281e-08    
4.03138e+03    1.74339e-08    
4.09976e+03    1.66743e-08    
4.16930e+03    1.59478e-08    
4.24003e+03    1.52529e-08    
4.31195e+03    1.45883e-08    
4.38509e+03    1.39526e-08    
4.45948e+03    1.33446e-08    
4.53512e+03    1.27630e-08    
4.61205e+03    1.22068e-08    
4.69028e+03    1.16749e-08    
4.76984e+03    1.11661e-08    
4.85075e+03    1.06794e-08    
4.93304e+03    1.02140e-08    
5.01672e+03    9.76881e-09    
5.10181e+03    9.34303e-09    
5.18835e+03    8.93580e-09    
5.27636e+03    8.54631e-09    
5.36587e+03    8.17378e-09    
5.45689e+03    7.81749e-09    
5.54945e+03    7.47671e-09    
5.64359e+03    7.15079e-09    
5.73932e+03    6.83906e-09    
5.83667e+03    6.54092e-09    
5.93568e+03    6.25576e-09    
6.03636e+03    5.98304e-09    
6.13876e+03    5.72219e-09    
6.24289e+03    5.47271e-09    
6.34879e+03    5.23411e-09    
6.45648e+03    5.00590e-09    
6.56600e+03    4.78763e-09    
6.67738e+03    4.57888e-09    
6.79065e+03    4.37923e-09    
6.90583e+03    4.18827e-09    
7.02298e+03    4.00564e-09    
7.14211e+03    3.83097e-09    
7.26326e+03    3.66391e-09    
7.38646e+03    3.50414e-09    
7.51176e+03    3.35132e-09    
7.63918e+03    3.20517e-09    
7.76876e+03    3.06539e-09    
7.90054e+03    2.93170e-09    
8.03456e+03    2.80384e-09    
8.17085e+03    2.68156e-09    
8.30945e+03    2.56460e-09    
8.45040e+03    2.45275e-09    
8.59374e+03    2.34577e-09    
8.73952e+03    2.24345e-09    
8.88776e+03    2.14560e-09    
9.03852e+03    2.05201e-09    
9.19184e+03    1.96250e-09    
9.34776e+03    1.87689e-09    
9.50633e+03    1.79502e-09    
9.66758e+03    1.71672e-09    
9.83157e+03    1.64183e-09    
9.99834e+03    1.57021e-09    
1.01679e+04    1.50171e-09    
1.03404e+04    1.43619e-09    
1.05158e+04    1.37354e-09    
1.06942e+04    1.31361e-09    
1.08756e+04    1.25630e-09    
1.10601e+04    1.20149e-09    
1.12477e+04    1.14907e-09    
1.14385e+04    1.09894e-09    
1.16325e+04    1.05099e-09    
1.18298e+04    1.00513e-09    
1.20305e+04    9.61275e-10    
1.22346e+04    9.19331e-10    
1.24421e+04    8.79217e-10    
1.26532e+04    8.40852e-10    
1.28678e+04    8.04161e-10    
1.30861e+04    7.69070e-10    
1.33081e+04    7.35510e-10    
1.35338e+04    7.03414e-10    
1.37634e+04    6.72718e-10    
1.39968e+04    6.43361e-10    
1.42343e+04    6.15285e-10    
1.44757e+04    5.88433e-10    
1.47213e+04    5.62753e-10    
1.49710e+04    5.38194e-10    
1.52249e+04    5.14705e-10    
1.54832e+04    4.92242e-10    
1.57458e+04    4.70758e-10    
1.60129e+04    4.50212e-10    
1.62845e+04    4.30562e-10    
1.65608e+04    4.11770e-10    
1.68417e+04    3.93798e-10    
1.71274e+04    3.76609e-10    
1.74179e+04    3.60171e-10    
1.77134e+04    3.44450e-10    
1.80138e+04    3.29415e-10    
1.83194e+04    3.15036e-10    
1.86301e+04    3.01284e-10    
1.89462e+04    2.88133e-10    
1.92675e+04    2.75555e-10    
1.95944e+04    2.63527e-10    
1.99268e+04    2.52023e-10    
2.02648e+04    2.41021e-10    
2.06085e+04    2.30500e-10    
2.09581e+04    2.20437e-10    
2.13136e+04    2.10814e-10    
2.16751e+04    2.01610e-10    
2.20428e+04    1.92809e-10    
2.24167e+04    1.84391e-10    
2.27970e+04    1.76341e-10    
2.31837e+04    1.68642e-10    
2.35769e+04    1.61280e-10    
2.39769e+04    1.54238e-10    
2.43836e+04    1.47504e-10    
2.47972e+04    1.41064e-10    
2.52178e+04    1.34905e-10    
2.56456e+04    1.29015e-10    
2.60806e+04    1.23382e-10    
2.65230e+04    1.17994e-10    
2.69729e+04    1.12842e-10    
2.74305e+04    1.07915e-10    
2.78958e+04    1.03203e-10    
2.83690e+04    9.86967e-11    
2.88502e+04    9.43871e-11    
2.93396e+04    9.02655e-11    
2.98372e+04    8.63239e-11    
3.03434e+04    8.25544e-11    
3.08581e+04    7.89495e-11    
3.13815e+04    7.55019e-11    
3.19138e+04    7.22048e-11    
3.24552e+04    6.90517e-11    
3.30057e+04    6.60362e-11    
3.35656e+04    6.31524e-11    
3.41350e+04    6.03945e-11    
3.47140e+04    5.77570e-11    
3.53028e+04    5.52346e-11    
3.59017e+04    5.28224e-11    
3.65107e+04    5.05155e-11    
3.71300e+04    4.83093e-11    
3.77598e+04    4.61995e-11    
3.84003e+04    4.41817e-11    
3.90517e+04    4.22521e-11    
3.97141e+04    4.04068e-11    
4.03878e+04    3.86420e-11    
4.10729e+04    3.69542e-11    
4.17696e+04    3.53402e-11    
4.24781e+04    3.37967e-11    
4.31987e+04    3.23205e-11    
4.39315e+04    3.09088e-11    
4.46767e+04    2.95588e-11    
4.54345e+04    2.82677e-11    
4.62052e+04    2.70330e-11    
4.69890e+04    2.58522e-11    
4.77860e+04    2.47230e-11    
4.85966e+04    2.36430e-11    
4.94210e+04    2.26103e-11    
5.02593e+04    2.16226e-11    
5.11118e+04    2.06781e-11    
5.19788e+04    1.97749e-11    
5.28605e+04    1.89110e-11    
5.37572e+04    1.80850e-11    
5.46691e+04    1.72949e-11    
5.55964e+04    1.65394e-11    
5.65395e+04    1.58169e-11    
5.74986e+04    1.51260e-11    
5.84739e+04    1.44652e-11    
5.94658e+04    1.38333e-11    
6.04745e+04    1.32289e-11    
6.15003e+04    1.26510e-11    
6.25435e+04    1.20983e-11    
6.36045e+04    1.15698e-11    
6.46834e+04    1.10643e-11    
6.57806e+04    1.05810e-11    
6.68964e+04    1.01187e-11    
6.80312e+04    9.67663e-12    
6.91852e+04    9.25387e-12    
7.03587e+04    8.84957e-12    
7.15522e+04    8.46294e-12    
7.27660e+04    8.09319e-12    
7.40003e+04    7.73959e-12    
7.52555e+04    7.40144e-12    
7.65321e+04    7.07807e-12    
7.78303e+04    6.76881e-12    
7.91505e+04    6.47307e-12    
8.04931e+04    6.19025e-12    
8.18585e+04    5.91978e-12    
8.32471e+04    5.66112e-12    
8.46592e+04    5.41377e-12    
8.60952e+04    5.17722e-12    
8.75557e+04    4.95101e-12    
8.90409e+04    4.73468e-12    
9.05512e+04    4.52780e-12    
9.20872e+04    4.32995e-12    
9.36493e+04    4.14075e-12    
9.52379e+04    3.95982e-12    
9.68534e+04    3.78679e-12    
9.84963e+04    3.62132e-12    
1.00167e+05    3.46308e-12    
1.01866e+05    3.31175e-12    
1.03594e+05    3.16704e-12    
1.05351e+05    3.02865e-12    
1.07138e+05    2.89630e-12    
1.08956e+05    2.76974e-12    
1.10804e+05    2.64870e-12    
1.12684e+05    2.53296e-12    
1.14595e+05    2.42227e-12    
1.16539e+05    2.31641e-12    
1.18516e+05    2.21519e-12    
1.20526e+05    2.11838e-12    
1.22571e+05    2.02581e-12    
1.24650e+05    1.93728e-12    
1.26764e+05    1.85262e-12    
1.28914e+05    1.77165e-12    
1.31101e+05    1.69423e-12    
1.33325e+05    1.62019e-12    
1.35587e+05    1.54938e-12    
1.37886e+05    1.48167e-12    
1.40225e+05    1.41692e-12    
1.42604e+05    1.35499e-12    
1.45023e+05    1.29577e-12    
1.47483e+05    1.23914e-12    
1.49985e+05    1.18499e-12    
1.52529e+05    1.13320e-12    
1.55116e+05    1.08367e-12    
1.57747e+05    1.03631e-12    
1.60423e+05    9.91016e-13    
1.63145e+05    9.47703e-13    
1.65912e+05    9.06283e-13    
1.68726e+05    8.66673e-13    
1.71588e+05    8.28793e-13    
1.74499e+05    7.92569e-13    
1.77459e+05    7.57929e-13    
1.80469e+05    7.24801e-13    
1.83530e+05    6.93122e-13    
1.86644e+05    6.62827e-13    
1.89810e+05    6.33856e-13    
1.93029e+05    6.06151e-13    
1.96304e+05    5.79657e-13    
1.99634e+05    5.54321e-13    
2.03020e+05    5.30092e-13    
2.06464e+05    5.06922e-13    
2.09966e+05    4.84764e-13    
2.13528e+05    4.63575e-13    
2.17150e+05    4.43312e-13    
2.20833e+05    4.23935e-13    
2.24579e+05    4.05404e-13    
2.28388e+05    3.87684e-13    
2.32263e+05    3.70738e-13    
2.36202e+05    3.54532e-13    
2.40209e+05    3.39035e-13    
2.44284e+05    3.24215e-13    
2.48427e+05    3.10043e-13    
2.52642e+05    2.96490e-13    
2.56927e+05    2.83530e-13    
2.61285e+05    2.71136e-13    
2.65717e+05    2.59283e-13    
2.70225e+05    2.47949e-13    
2.74808e+05    2.37110e-13    
2.79470e+05    2.26745e-13    
2.84211e+05    2.16833e-13    
2.89032e+05    2.07355e-13    
2.93934e+05    1.98290e-13    
2.98920e+05    1.89622e-13    
3.03991e+05    1.81333e-13    
3.09148e+05    1.73406e-13    
3.14392e+05    1.65825e-13    
3.19725e+05    1.58576e-13    
3.25148e+05    1.51644e-13    
3.30663e+05    1.45014e-13    
3.36272e+05    1.38675e-13    
3.41977e+05    1.32612e-13    
3.47777e+05    1.26815e-13    
3.53677e+05    1.21271e-13    
3.59676e+05    1.15969e-13    
3.65777e+05    1.10899e-13    
3.71982e+05    1.06051e-13    
3.78292e+05    1.01415e-13    
3.84709e+05    9.69812e-14    
3.91234e+05    9.27413e-14    
3.97871e+05    8.86868e-14    
4.04620e+05    8.48095e-14    
4.11483e+05    8.11017e-14    
4.18463e+05    7.75560e-14    
4.25562e+05    7.41653e-14    
4.32780e+05    7.09228e-14    
4.40121e+05    6.78221e-14    
4.47587e+05    6.48569e-14    
4.55180e+05    6.20214e-14    
4.62901e+05    5.93098e-14    
4.70753e+05    5.67167e-14    
4.78738e+05    5.42370e-14    
4.86859e+05    5.18657e-14    
4.95117e+05    4.95981e-14    
5.03516e+05    4.74296e-14    
5.12057e+05    4.53559e-14    
5.20743e+05    4.33728e-14    
5.29576e+05    4.14765e-14    
5.38559e+05    3.96630e-14    
5.47695e+05    3.79289e-14    
5.56985e+05    3.62705e-14    
5.66433e+05    3.46847e-14    
5.76042e+05    3.31682e-14    
5.85813e+05    3.17180e-14    
5.95750e+05    3.03311e-14    
6.05856e+05    2.90050e-14    
6.16133e+05    2.77368e-14    
6.26584e+05    2.65240e-14    
6.37213e+05    2.53643e-14    
6.48022e+05    2.42552e-14    
6.59014e+05    2.31947e-14    
6.70193e+05    2.21805e-14    
6.81561e+05    2.12107e-14    
6.93122e+05    2.02832e-14    
7.04880e+05    1.93964e-14    
7.16836e+05    1.85482e-14    
7.28996e+05    1.77372e-14    
7.41362e+05    1.69616e-14    
7.53938e+05    1.62200e-14    
7.66726e+05    1.55108e-14    
7.79732e+05    1.48325e-14    
7.92959e+05    1.41840e-14    
8.06410e+05    1.35637e-14    
8.20089e+05    1.29706e-14    
8.34000e+05    1.24035e-14    
8.48147e+05    1.18611e-14    
8.62534e+05    1.13425e-14    
8.77165e+05    1.08465e-14    
8.92044e+05    1.03722e-14    
9.07176e+05    9.91865e-15    
9.22564e+05    9.48493e-15    
9.38213e+05    9.07018e-15    
9.54128e+05    8.67356e-15    
9.70313e+05    8.29428e-15    
9.86772e+05    7.93158e-15    
1.00351e+06    7.58475e-15    
1.02053e+06    7.25308e-15    
1.03784e+06    6.93591e-15    
1.05545e+06    6.63261e-15    
1.07335e+06    6.34257e-15    
1.09156e+06    6.06522e-15    
1.11008e+06    5.79999e-15    
1.12891e+06    5.54636e-15    
1.14805e+06    5.30382e-15    
1.16753e+06    5.07188e-15    
1.18733e+06    4.85009e-15    
1.20747e+06    4.63799e-15    
1.22796e+06    4.43517e-15    
1.24879e+06    4.24122e-15    
1.26997e+06    4.05575e-15    
1.29151e+06    3.87839e-15    
1.31342e+06    3.70879e-15    
1.33570e+06    3.54660e-15    
1.35836e+06    3.39150e-15    
1.38140e+06    3.24319e-15    
1.40483e+06    3.10136e-15    
1.42866e+06    2.96573e-15    
1.45289e+06    2.83603e-15    
1.47754e+06    2.71201e-15    
1.50260e+06    2.59341e-15    
1.52809e+06    2.47999e-15    
1.55401e+06    2.37154e-15    
1.58037e+06    2.26782e-15    
1.60718e+06    2.16865e-15    
1.63444e+06    2.07381e-15    
1.66217e+06    1.98311e-15    
1.69036e+06    1.89639e-15    
1.71903e+06    1.81345e-15    
1.74819e+06    1.73414e-15    
1.77785e+06    1.65830e-15    
1.80801e+06    1.58578e-15    
1.83867e+06    1.51643e-15    
1.86986e+06    1.45011e-15    
1.90158e+06    1.38669e-15    
1.93384e+06    1.32605e-15    
1.96664e+06    1.26805e-15    
2.00000e+06    1.21260e-15    

