# USINE V4.0
# File generated 12-05-2022 05:02:49
# Model1DKisoVc
# B
# SolMod0DFF_phi0_670GV
# R [GV]       TOA [GV m^{2} s sr]^{-1}
9.50228e-02    3.46691e-04    
9.66403e-02    3.64526e-04    
9.82854e-02    3.83275e-04    
9.99584e-02    4.02985e-04    
1.01660e-01    4.23704e-04    
1.03390e-01    4.45485e-04    
1.05150e-01    4.68381e-04    
1.06940e-01    4.92449e-04    
1.08761e-01    5.17749e-04    
1.10612e-01    5.44343e-04    
1.12495e-01    5.72297e-04    
1.14410e-01    6.01681e-04    
1.16357e-01    6.32566e-04    
1.18338e-01    6.65030e-04    
1.20353e-01    6.99152e-04    
1.22401e-01    7.35017e-04    
1.24485e-01    7.72713e-04    
1.26604e-01    8.12333e-04    
1.28759e-01    8.53973e-04    
1.30951e-01    8.97738e-04    
1.33180e-01    9.43734e-04    
1.35447e-01    9.92074e-04    
1.37753e-01    1.04288e-03    
1.40097e-01    1.09627e-03    
1.42482e-01    1.15237e-03    
1.44908e-01    1.21134e-03    
1.47374e-01    1.27330e-03    
1.49883e-01    1.33841e-03    
1.52434e-01    1.40683e-03    
1.55029e-01    1.47873e-03    
1.57668e-01    1.55428e-03    
1.60352e-01    1.63366e-03    
1.63082e-01    1.71707e-03    
1.65858e-01    1.80471e-03    
1.68681e-01    1.89679e-03    
1.71552e-01    1.99354e-03    
1.74472e-01    2.09519e-03    
1.77442e-01    2.20198e-03    
1.80463e-01    2.31417e-03    
1.83535e-01    2.43204e-03    
1.86659e-01    2.55586e-03    
1.89836e-01    2.68593e-03    
1.93068e-01    2.82258e-03    
1.96354e-01    2.96611e-03    
1.99697e-01    3.11688e-03    
2.03096e-01    3.27522e-03    
2.06553e-01    3.44149e-03    
2.10069e-01    3.61605e-03    
2.13645e-01    3.79932e-03    
2.17282e-01    3.99172e-03    
2.20981e-01    4.19369e-03    
2.24742e-01    4.40568e-03    
2.28568e-01    4.62818e-03    
2.32459e-01    4.86170e-03    
2.36416e-01    5.10675e-03    
2.40440e-01    5.36388e-03    
2.44533e-01    5.63368e-03    
2.48696e-01    5.91674e-03    
2.52929e-01    6.21368e-03    
2.57235e-01    6.52515e-03    
2.61613e-01    6.85184e-03    
2.66067e-01    7.19445e-03    
2.70596e-01    7.55372e-03    
2.75202e-01    7.93043e-03    
2.79886e-01    8.32537e-03    
2.84651e-01    8.73938e-03    
2.89496e-01    9.17333e-03    
2.94424e-01    9.62812e-03    
2.99436e-01    1.01047e-02    
3.04533e-01    1.06040e-02    
3.09717e-01    1.11272e-02    
3.14989e-01    1.16751e-02    
3.20351e-01    1.22490e-02    
3.25804e-01    1.28500e-02    
3.31350e-01    1.34792e-02    
3.36991e-01    1.41379e-02    
3.42727e-01    1.48274e-02    
3.48561e-01    1.55489e-02    
3.54494e-01    1.63038e-02    
3.60529e-01    1.70936e-02    
3.66666e-01    1.79196e-02    
3.72907e-01    1.87834e-02    
3.79255e-01    1.96866e-02    
3.85711e-01    2.06306e-02    
3.92277e-01    2.16172e-02    
3.98954e-01    2.26481e-02    
4.05745e-01    2.37250e-02    
4.12652e-01    2.48497e-02    
4.19677e-01    2.60240e-02    
4.26820e-01    2.72498e-02    
4.34086e-01    2.85291e-02    
4.41475e-01    2.98638e-02    
4.48990e-01    3.12560e-02    
4.56633e-01    3.27077e-02    
4.64406e-01    3.42210e-02    
4.72311e-01    3.57980e-02    
4.80351e-01    3.74410e-02    
4.88528e-01    3.91522e-02    
4.96844e-01    4.09337e-02    
5.05301e-01    4.27879e-02    
5.13903e-01    4.47170e-02    
5.22651e-01    4.67234e-02    
5.31548e-01    4.88093e-02    
5.40596e-01    5.09771e-02    
5.49798e-01    5.32291e-02    
5.59157e-01    5.55677e-02    
5.68675e-01    5.79950e-02    
5.78355e-01    6.05135e-02    
5.88200e-01    6.31253e-02    
5.98213e-01    6.58327e-02    
6.08396e-01    6.86378e-02    
6.18752e-01    7.15428e-02    
6.29285e-01    7.45496e-02    
6.39997e-01    7.76603e-02    
6.50891e-01    8.08768e-02    
6.61971e-01    8.42007e-02    
6.73240e-01    8.76338e-02    
6.84700e-01    9.11775e-02    
6.96355e-01    9.48333e-02    
7.08209e-01    9.86024e-02    
7.20264e-01    1.02486e-01    
7.32525e-01    1.06484e-01    
7.44994e-01    1.10599e-01    
7.57676e-01    1.14829e-01    
7.70573e-01    1.19177e-01    
7.83690e-01    1.23640e-01    
7.97031e-01    1.28220e-01    
8.10598e-01    1.32915e-01    
8.24396e-01    1.37725e-01    
8.38430e-01    1.42648e-01    
8.52702e-01    1.47682e-01    
8.67217e-01    1.52827e-01    
8.81979e-01    1.58079e-01    
8.96992e-01    1.63436e-01    
9.12261e-01    1.68895e-01    
9.27790e-01    1.74452e-01    
9.43583e-01    1.80104e-01    
9.59645e-01    1.85845e-01    
9.75981e-01    1.91672e-01    
9.92595e-01    1.97579e-01    
1.00949e+00    2.03561e-01    
1.02667e+00    2.09612e-01    
1.04415e+00    2.15724e-01    
1.06193e+00    2.21891e-01    
1.08000e+00    2.28107e-01    
1.09839e+00    2.34362e-01    
1.11708e+00    2.40648e-01    
1.13610e+00    2.46958e-01    
1.15544e+00    2.53282e-01    
1.17511e+00    2.59610e-01    
1.19511e+00    2.65934e-01    
1.21545e+00    2.72242e-01    
1.23614e+00    2.78525e-01    
1.25719e+00    2.84772e-01    
1.27859e+00    2.90972e-01    
1.30035e+00    2.97113e-01    
1.32249e+00    3.03184e-01    
1.34500e+00    3.09173e-01    
1.36789e+00    3.15068e-01    
1.39118e+00    3.20857e-01    
1.41486e+00    3.26527e-01    
1.43894e+00    3.32068e-01    
1.46344e+00    3.37467e-01    
1.48835e+00    3.42712e-01    
1.51368e+00    3.47792e-01    
1.53945e+00    3.52696e-01    
1.56566e+00    3.57413e-01    
1.59231e+00    3.61932e-01    
1.61941e+00    3.66246e-01    
1.64698e+00    3.70344e-01    
1.67501e+00    3.74220e-01    
1.70353e+00    3.77867e-01    
1.73252e+00    3.81279e-01    
1.76202e+00    3.84451e-01    
1.79201e+00    3.87378e-01    
1.82251e+00    3.90057e-01    
1.85354e+00    3.92486e-01    
1.88509e+00    3.94663e-01    
1.91718e+00    3.96588e-01    
1.94981e+00    3.98261e-01    
1.98300e+00    3.99682e-01    
2.01676e+00    4.00851e-01    
2.05109e+00    4.01768e-01    
2.08601e+00    4.02434e-01    
2.12151e+00    4.02850e-01    
2.15763e+00    4.03018e-01    
2.19436e+00    4.02938e-01    
2.23171e+00    4.02613e-01    
2.26970e+00    4.02042e-01    
2.30833e+00    4.01225e-01    
2.34763e+00    4.00164e-01    
2.38759e+00    3.98858e-01    
2.42823e+00    3.97310e-01    
2.46957e+00    3.95523e-01    
2.51160e+00    3.93501e-01    
2.55436e+00    3.91249e-01    
2.59784e+00    3.88770e-01    
2.64206e+00    3.86072e-01    
2.68704e+00    3.83163e-01    
2.73278e+00    3.80052e-01    
2.77929e+00    3.76751e-01    
2.82660e+00    3.73269e-01    
2.87472e+00    3.69615e-01    
2.92365e+00    3.65801e-01    
2.97342e+00    3.61832e-01    
3.02404e+00    3.57716e-01    
3.07551e+00    3.53457e-01    
3.12787e+00    3.49059e-01    
3.18111e+00    3.44522e-01    
3.23526e+00    3.39844e-01    
3.29033e+00    3.35025e-01    
3.34634e+00    3.30060e-01    
3.40330e+00    3.24945e-01    
3.46124e+00    3.19674e-01    
3.52016e+00    3.14239e-01    
3.58008e+00    3.08634e-01    
3.64102e+00    3.02857e-01    
3.70300e+00    2.96906e-01    
3.76603e+00    2.90787e-01    
3.83014e+00    2.84510e-01    
3.89534e+00    2.78093e-01    
3.96165e+00    2.71558e-01    
4.02908e+00    2.64932e-01    
4.09767e+00    2.58243e-01    
4.16742e+00    2.51520e-01    
4.23836e+00    2.44792e-01    
4.31051e+00    2.38082e-01    
4.38388e+00    2.31414e-01    
4.45851e+00    2.24808e-01    
4.53440e+00    2.18279e-01    
4.61159e+00    2.11843e-01    
4.69009e+00    2.05509e-01    
4.76992e+00    1.99286e-01    
4.85112e+00    1.93180e-01    
4.93370e+00    1.87195e-01    
5.01768e+00    1.81335e-01    
5.10309e+00    1.75601e-01    
5.18996e+00    1.69995e-01    
5.27831e+00    1.64516e-01    
5.36816e+00    1.59164e-01    
5.45954e+00    1.53939e-01    
5.55247e+00    1.48838e-01    
5.64699e+00    1.43860e-01    
5.74311e+00    1.39005e-01    
5.84087e+00    1.34271e-01    
5.94030e+00    1.29656e-01    
6.04142e+00    1.25158e-01    
6.14426e+00    1.20777e-01    
6.24885e+00    1.16511e-01    
6.35522e+00    1.12359e-01    
6.46340e+00    1.08320e-01    
6.57342e+00    1.04391e-01    
6.68532e+00    1.00573e-01    
6.79912e+00    9.68632e-02    
6.91486e+00    9.32603e-02    
7.03256e+00    8.97632e-02    
7.15228e+00    8.63702e-02    
7.27403e+00    8.30798e-02    
7.39785e+00    7.98905e-02    
7.52378e+00    7.68007e-02    
7.65185e+00    7.38088e-02    
7.78210e+00    7.09132e-02    
7.91457e+00    6.81122e-02    
8.04930e+00    6.54041e-02    
8.18632e+00    6.27871e-02    
8.32567e+00    6.02598e-02    
8.46739e+00    5.78203e-02    
8.61153e+00    5.54669e-02    
8.75812e+00    5.31979e-02    
8.90720e+00    5.10113e-02    
9.05882e+00    4.89052e-02    
9.21303e+00    4.68776e-02    
9.36985e+00    4.49265e-02    
9.52935e+00    4.30498e-02    
9.69156e+00    4.12452e-02    
9.85654e+00    3.95105e-02    
1.00243e+01    3.78435e-02    
1.01950e+01    3.62420e-02    
1.03685e+01    3.47037e-02    
1.05450e+01    3.32265e-02    
1.07245e+01    3.18082e-02    
1.09071e+01    3.04467e-02    
1.10927e+01    2.91399e-02    
1.12815e+01    2.78858e-02    
1.14736e+01    2.66824e-02    
1.16689e+01    2.55279e-02    
1.18675e+01    2.44204e-02    
1.20695e+01    2.33582e-02    
1.22750e+01    2.23395e-02    
1.24839e+01    2.13627e-02    
1.26965e+01    2.04262e-02    
1.29126e+01    1.95286e-02    
1.31324e+01    1.86682e-02    
1.33559e+01    1.78438e-02    
1.35833e+01    1.70539e-02    
1.38145e+01    1.62971e-02    
1.40497e+01    1.55722e-02    
1.42888e+01    1.48779e-02    
1.45320e+01    1.42130e-02    
1.47794e+01    1.35764e-02    
1.50310e+01    1.29669e-02    
1.52869e+01    1.23835e-02    
1.55471e+01    1.18250e-02    
1.58117e+01    1.12905e-02    
1.60809e+01    1.07790e-02    
1.63546e+01    1.02896e-02    
1.66330e+01    9.82149e-03    
1.69161e+01    9.37369e-03    
1.72041e+01    8.94543e-03    
1.74970e+01    8.53589e-03    
1.77948e+01    8.14431e-03    
1.80977e+01    7.76996e-03    
1.84058e+01    7.41211e-03    
1.87191e+01    7.07009e-03    
1.90377e+01    6.74323e-03    
1.93618e+01    6.43090e-03    
1.96914e+01    6.13249e-03    
2.00266e+01    5.84741e-03    
2.03675e+01    5.57510e-03    
2.07142e+01    5.31501e-03    
2.10668e+01    5.06663e-03    
2.14254e+01    4.82945e-03    
2.17901e+01    4.60299e-03    
2.21610e+01    4.38678e-03    
2.25383e+01    4.18038e-03    
2.29219e+01    3.98337e-03    
2.33121e+01    3.79535e-03    
2.37089e+01    3.61591e-03    
2.41125e+01    3.44469e-03    
2.45230e+01    3.28131e-03    
2.49404e+01    3.12545e-03    
2.53650e+01    2.97676e-03    
2.57967e+01    2.83494e-03    
2.62359e+01    2.69967e-03    
2.66825e+01    2.57067e-03    
2.71367e+01    2.44765e-03    
2.75986e+01    2.33035e-03    
2.80684e+01    2.21852e-03    
2.85462e+01    2.11190e-03    
2.90321e+01    2.01027e-03    
2.95263e+01    1.91340e-03    
3.00289e+01    1.82108e-03    
3.05401e+01    1.73309e-03    
3.10599e+01    1.64924e-03    
3.15887e+01    1.56935e-03    
3.21264e+01    1.49323e-03    
3.26732e+01    1.42072e-03    
3.32294e+01    1.35163e-03    
3.37951e+01    1.28583e-03    
3.43703e+01    1.22316e-03    
3.49554e+01    1.16347e-03    
3.55504e+01    1.10662e-03    
3.61556e+01    1.05249e-03    
3.67710e+01    1.00095e-03    
3.73970e+01    9.51877e-04    
3.80336e+01    9.05157e-04    
3.86810e+01    8.60682e-04    
3.93394e+01    8.18345e-04    
4.00091e+01    7.78048e-04    
4.06901e+01    7.39694e-04    
4.13828e+01    7.03192e-04    
4.20872e+01    6.68456e-04    
4.28036e+01    6.35401e-04    
4.35323e+01    6.03950e-04    
4.42733e+01    5.74025e-04    
4.50269e+01    5.45554e-04    
4.57934e+01    5.18470e-04    
4.65729e+01    4.92705e-04    
4.73657e+01    4.68197e-04    
4.81720e+01    4.44886e-04    
4.89920e+01    4.22715e-04    
4.98259e+01    4.01630e-04    
5.06741e+01    3.81578e-04    
5.15367e+01    3.62511e-04    
5.24140e+01    3.44380e-04    
5.33062e+01    3.27141e-04    
5.42136e+01    3.10750e-04    
5.51364e+01    2.95168e-04    
5.60750e+01    2.80354e-04    
5.70295e+01    2.66272e-04    
5.80003e+01    2.52887e-04    
5.89876e+01    2.40164e-04    
5.99917e+01    2.28071e-04    
6.10129e+01    2.16578e-04    
6.20515e+01    2.05656e-04    
6.31078e+01    1.95277e-04    
6.41820e+01    1.85414e-04    
6.52746e+01    1.76042e-04    
6.63857e+01    1.67137e-04    
6.75158e+01    1.58676e-04    
6.86650e+01    1.50638e-04    
6.98339e+01    1.43001e-04    
7.10226e+01    1.35747e-04    
7.22316e+01    1.28856e-04    
7.34612e+01    1.22310e-04    
7.47117e+01    1.16092e-04    
7.59834e+01    1.10187e-04    
7.72769e+01    1.04578e-04    
7.85923e+01    9.92514e-05    
7.99301e+01    9.41928e-05    
8.12907e+01    8.93891e-05    
8.26745e+01    8.48275e-05    
8.40818e+01    8.04961e-05    
8.55131e+01    7.63834e-05    
8.69687e+01    7.24785e-05    
8.84492e+01    6.87712e-05    
8.99548e+01    6.52515e-05    
9.14860e+01    6.19101e-05    
9.30433e+01    5.87381e-05    
9.46272e+01    5.57271e-05    
9.62380e+01    5.28689e-05    
9.78762e+01    5.01560e-05    
9.95422e+01    4.75810e-05    
1.01237e+02    4.51371e-05    
1.02960e+02    4.28177e-05    
1.04713e+02    4.06165e-05    
1.06495e+02    3.85275e-05    
1.08308e+02    3.65452e-05    
1.10152e+02    3.46642e-05    
1.12027e+02    3.28793e-05    
1.13934e+02    3.11857e-05    
1.15873e+02    2.95789e-05    
1.17845e+02    2.80543e-05    
1.19851e+02    2.66080e-05    
1.21892e+02    2.52358e-05    
1.23967e+02    2.39341e-05    
1.26077e+02    2.26993e-05    
1.28223e+02    2.15280e-05    
1.30406e+02    2.04169e-05    
1.32625e+02    1.93631e-05    
1.34883e+02    1.83636e-05    
1.37179e+02    1.74156e-05    
1.39514e+02    1.65166e-05    
1.41889e+02    1.56640e-05    
1.44304e+02    1.48554e-05    
1.46761e+02    1.40887e-05    
1.49259e+02    1.33616e-05    
1.51800e+02    1.26722e-05    
1.54384e+02    1.20186e-05    
1.57012e+02    1.13988e-05    
1.59684e+02    1.08112e-05    
1.62403e+02    1.02541e-05    
1.65167e+02    9.72599e-06    
1.67979e+02    9.22532e-06    
1.70838e+02    8.75070e-06    
1.73746e+02    8.30078e-06    
1.76704e+02    7.87429e-06    
1.79712e+02    7.47003e-06    
1.82771e+02    7.08685e-06    
1.85882e+02    6.72364e-06    
1.89046e+02    6.37939e-06    
1.92264e+02    6.05309e-06    
1.95537e+02    5.74383e-06    
1.98865e+02    5.45071e-06    
2.02251e+02    5.17289e-06    
2.05693e+02    4.90957e-06    
2.09195e+02    4.65999e-06    
2.12756e+02    4.42343e-06    
2.16377e+02    4.19921e-06    
2.20061e+02    3.98668e-06    
2.23807e+02    3.78522e-06    
2.27616e+02    3.59424e-06    
2.31491e+02    3.41320e-06    
2.35432e+02    3.24157e-06    
2.39439e+02    3.07884e-06    
2.43515e+02    2.92455e-06    
2.47660e+02    2.77824e-06    
2.51876e+02    2.63950e-06    
2.56164e+02    2.50791e-06    
2.60524e+02    2.38311e-06    
2.64959e+02    2.26472e-06    
2.69469e+02    2.15240e-06    
2.74056e+02    2.04584e-06    
2.78721e+02    1.94472e-06    
2.83466e+02    1.84876e-06    
2.88291e+02    1.75768e-06    
2.93198e+02    1.67123e-06    
2.98189e+02    1.58915e-06    
3.03265e+02    1.51122e-06    
3.08428e+02    1.43721e-06    
3.13678e+02    1.36693e-06    
3.19017e+02    1.30017e-06    
3.24448e+02    1.23675e-06    
3.29971e+02    1.17650e-06    
3.35588e+02    1.11926e-06    
3.41300e+02    1.06485e-06    
3.47110e+02    1.01315e-06    
3.53018e+02    9.64004e-07    
3.59028e+02    9.17286e-07    
3.65139e+02    8.72871e-07    
3.71355e+02    8.30642e-07    
3.77676e+02    7.90486e-07    
3.84105e+02    7.52300e-07    
3.90644e+02    7.15982e-07    
3.97293e+02    6.81439e-07    
4.04056e+02    6.48582e-07    
4.10934e+02    6.17326e-07    
4.17929e+02    5.87591e-07    
4.25043e+02    5.59302e-07    
4.32279e+02    5.32385e-07    
4.39637e+02    5.06774e-07    
4.47121e+02    4.82403e-07    
4.54732e+02    4.59212e-07    
4.62473e+02    4.37142e-07    
4.70345e+02    4.16138e-07    
4.78351e+02    3.96148e-07    
4.86494e+02    3.77122e-07    
4.94775e+02    3.59013e-07    
5.03198e+02    3.41777e-07    
5.11763e+02    3.25370e-07    
5.20475e+02    3.09753e-07    
5.29335e+02    2.94887e-07    
5.38345e+02    2.80736e-07    
5.47509e+02    2.67265e-07    
5.56829e+02    2.54441e-07    
5.66308e+02    2.42233e-07    
5.75947e+02    2.30611e-07    
5.85752e+02    2.19547e-07    
5.95722e+02    2.09014e-07    
6.05863e+02    1.98987e-07    
6.16176e+02    1.89440e-07    
6.26665e+02    1.80351e-07    
6.37333e+02    1.71698e-07    
6.48181e+02    1.63460e-07    
6.59215e+02    1.55617e-07    
6.70437e+02    1.48150e-07    
6.81849e+02    1.41041e-07    
6.93456e+02    1.34273e-07    
7.05260e+02    1.27829e-07    
7.17265e+02    1.21694e-07    
7.29475e+02    1.15853e-07    
7.41892e+02    1.10292e-07    
7.54521e+02    1.04997e-07    
7.67365e+02    9.99563e-08    
7.80427e+02    9.51572e-08    
7.93712e+02    9.05882e-08    
8.07223e+02    8.62382e-08    
8.20964e+02    8.20967e-08    
8.34939e+02    7.81537e-08    
8.49151e+02    7.43998e-08    
8.63606e+02    7.08259e-08    
8.78307e+02    6.74233e-08    
8.93258e+02    6.41839e-08    
9.08463e+02    6.10999e-08    
9.23927e+02    5.81637e-08    
9.39655e+02    5.53684e-08    
9.55650e+02    5.27072e-08    
9.71918e+02    5.01736e-08    
9.88462e+02    4.77616e-08    
1.00529e+03    4.54653e-08    
1.02240e+03    4.32792e-08    
1.03980e+03    4.11981e-08    
1.05750e+03    3.92167e-08    
1.07551e+03    3.73305e-08    
1.09381e+03    3.55349e-08    
1.11243e+03    3.38254e-08    
1.13137e+03    3.21980e-08    
1.15063e+03    3.06488e-08    
1.17021e+03    2.91739e-08    
1.19013e+03    2.77699e-08    
1.21039e+03    2.64334e-08    
1.23100e+03    2.51610e-08    
1.25195e+03    2.39497e-08    
1.27326e+03    2.27967e-08    
1.29494e+03    2.16991e-08    
1.31698e+03    2.06542e-08    
1.33940e+03    1.96595e-08    
1.36220e+03    1.87126e-08    
1.38539e+03    1.78113e-08    
1.40897e+03    1.69533e-08    
1.43295e+03    1.61365e-08    
1.45734e+03    1.53590e-08    
1.48215e+03    1.46189e-08    
1.50738e+03    1.39144e-08    
1.53304e+03    1.32438e-08    
1.55914e+03    1.26055e-08    
1.58568e+03    1.19978e-08    
1.61267e+03    1.14194e-08    
1.64012e+03    1.08689e-08    
1.66804e+03    1.03448e-08    
1.69643e+03    9.84596e-09    
1.72531e+03    9.37113e-09    
1.75468e+03    8.91915e-09    
1.78455e+03    8.48894e-09    
1.81493e+03    8.07944e-09    
1.84582e+03    7.68966e-09    
1.87724e+03    7.31865e-09    
1.90920e+03    6.96551e-09    
1.94170e+03    6.62938e-09    
1.97475e+03    6.30944e-09    
2.00836e+03    6.00491e-09    
2.04255e+03    5.71506e-09    
2.07732e+03    5.43918e-09    
2.11268e+03    5.17659e-09    
2.14864e+03    4.92666e-09    
2.18522e+03    4.68877e-09    
2.22242e+03    4.46236e-09    
2.26025e+03    4.24685e-09    
2.29872e+03    4.04174e-09    
2.33785e+03    3.84652e-09    
2.37765e+03    3.66071e-09    
2.41812e+03    3.48387e-09    
2.45928e+03    3.31555e-09    
2.50115e+03    3.15535e-09    
2.54372e+03    3.00288e-09    
2.58702e+03    2.85777e-09    
2.63106e+03    2.71966e-09    
2.67585e+03    2.58821e-09    
2.72140e+03    2.46310e-09    
2.76772e+03    2.34404e-09    
2.81484e+03    2.23072e-09    
2.86275e+03    2.12287e-09    
2.91148e+03    2.02022e-09    
2.96104e+03    1.92254e-09    
3.01145e+03    1.82956e-09    
3.06271e+03    1.74108e-09    
3.11484e+03    1.65687e-09    
3.16787e+03    1.57673e-09    
3.22179e+03    1.50046e-09    
3.27663e+03    1.42787e-09    
3.33241e+03    1.35879e-09    
3.38914e+03    1.29305e-09    
3.44683e+03    1.23048e-09    
3.50550e+03    1.17094e-09    
3.56517e+03    1.11427e-09    
3.62586e+03    1.06034e-09    
3.68758e+03    1.00902e-09    
3.75035e+03    9.60178e-10    
3.81419e+03    9.13698e-10    
3.87912e+03    8.69464e-10    
3.94515e+03    8.27369e-10    
4.01231e+03    7.87309e-10    
4.08061e+03    7.49187e-10    
4.15007e+03    7.12907e-10    
4.22071e+03    6.78383e-10    
4.29256e+03    6.45528e-10    
4.36563e+03    6.14262e-10    
4.43994e+03    5.84508e-10    
4.51552e+03    5.56194e-10    
4.59239e+03    5.29249e-10    
4.67056e+03    5.03608e-10    
4.75006e+03    4.79208e-10    
4.83092e+03    4.55989e-10    
4.91316e+03    4.33893e-10    
4.99679e+03    4.12866e-10    
5.08185e+03    3.92857e-10    
5.16835e+03    3.73817e-10    
5.25633e+03    3.55698e-10    
5.34581e+03    3.38457e-10    
5.43681e+03    3.22050e-10    
5.52935e+03    3.06437e-10    
5.62348e+03    2.91581e-10    
5.71920e+03    2.77444e-10    
5.81656e+03    2.63991e-10    
5.91557e+03    2.51190e-10    
6.01627e+03    2.39009e-10    
6.11868e+03    2.27418e-10    
6.22283e+03    2.16388e-10    
6.32876e+03    2.05893e-10    
6.43649e+03    1.95906e-10    
6.54606e+03    1.86403e-10    
6.65748e+03    1.77360e-10    
6.77081e+03    1.68756e-10    
6.88607e+03    1.60568e-10    
7.00328e+03    1.52778e-10    
7.12250e+03    1.45365e-10    
7.24374e+03    1.38311e-10    
7.36705e+03    1.31599e-10    
7.49245e+03    1.25212e-10    
7.61999e+03    1.19135e-10    
7.74970e+03    1.13353e-10    
7.88162e+03    1.07851e-10    
8.01578e+03    1.02616e-10    
8.15223e+03    9.76344e-11    
8.29100e+03    9.28946e-11    
8.43214e+03    8.83846e-11    
8.57567e+03    8.40933e-11    
8.72165e+03    8.00102e-11    
8.87012e+03    7.61251e-11    
9.02111e+03    7.24285e-11    
9.17467e+03    6.89112e-11    
9.33084e+03    6.55645e-11    
9.48968e+03    6.23802e-11    
9.65121e+03    5.93504e-11    
9.81550e+03    5.64676e-11    
9.98258e+03    5.37247e-11    
1.01525e+04    5.11148e-11    
1.03253e+04    4.86317e-11    
1.05011e+04    4.62690e-11    
1.06798e+04    4.40210e-11    
1.08616e+04    4.18821e-11    
1.10465e+04    3.98471e-11    
1.12346e+04    3.79108e-11    
1.14258e+04    3.60685e-11    
1.16203e+04    3.43157e-11    
1.18181e+04    3.26480e-11    
1.20193e+04    3.10612e-11    
1.22239e+04    2.95515e-11    
1.24320e+04    2.81151e-11    
1.26436e+04    2.67485e-11    
1.28588e+04    2.54482e-11    
1.30777e+04    2.42110e-11    
1.33003e+04    2.30340e-11    
1.35267e+04    2.19141e-11    
1.37570e+04    2.08486e-11    
1.39912e+04    1.98349e-11    
1.42293e+04    1.88704e-11    
1.44715e+04    1.79528e-11    
1.47179e+04    1.70798e-11    
1.49684e+04    1.62492e-11    
1.52232e+04    1.54589e-11    
1.54823e+04    1.47070e-11    
1.57459e+04    1.39917e-11    
1.60139e+04    1.33111e-11    
1.62865e+04    1.26636e-11    
1.65638e+04    1.20476e-11    
1.68457e+04    1.14615e-11    
1.71325e+04    1.09039e-11    
1.74241e+04    1.03734e-11    
1.77207e+04    9.86874e-12    
1.80224e+04    9.38857e-12    
1.83291e+04    8.93174e-12    
1.86412e+04    8.49712e-12    
1.89585e+04    8.08364e-12    
1.92812e+04    7.69025e-12    
1.96094e+04    7.31600e-12    
1.99432e+04    6.95995e-12    
2.02827e+04    6.62120e-12    
2.06279e+04    6.29894e-12    
2.09791e+04    5.99234e-12    
2.13362e+04    5.70066e-12    
2.16994e+04    5.42316e-12    
2.20688e+04    5.15916e-12    
2.24444e+04    4.90800e-12    
2.28265e+04    4.66906e-12    
2.32151e+04    4.44174e-12    
2.36102e+04    4.22548e-12    
2.40121e+04    4.01975e-12    
2.44209e+04    3.82402e-12    
2.48366e+04    3.63781e-12    
2.52594e+04    3.46067e-12    
2.56893e+04    3.29214e-12    
2.61266e+04    3.13182e-12    
2.65714e+04    2.97929e-12    
2.70237e+04    2.83419e-12    
2.74837e+04    2.69615e-12    
2.79515e+04    2.56483e-12    
2.84273e+04    2.43990e-12    
2.89112e+04    2.32106e-12    
2.94034e+04    2.20799e-12    
2.99039e+04    2.10043e-12    
3.04129e+04    1.99811e-12    
3.09306e+04    1.90077e-12    
3.14571e+04    1.80816e-12    
3.19926e+04    1.72007e-12    
3.25372e+04    1.63626e-12    
3.30911e+04    1.55653e-12    
3.36544e+04    1.48069e-12    
3.42272e+04    1.40854e-12    
3.48099e+04    1.33990e-12    
3.54024e+04    1.27461e-12    
3.60051e+04    1.21249e-12    
3.66180e+04    1.15340e-12    
3.72413e+04    1.09719e-12    
3.78752e+04    1.04371e-12    
3.85199e+04    9.92841e-13    
3.91756e+04    9.44449e-13    
3.98425e+04    8.98413e-13    
4.05207e+04    8.54620e-13    
4.12105e+04    8.12961e-13    
4.19120e+04    7.73330e-13    
4.26254e+04    7.35631e-13    
4.33510e+04    6.99768e-13    
4.40890e+04    6.65652e-13    
4.48395e+04    6.33199e-13    
4.56027e+04    6.02326e-13    
4.63790e+04    5.72958e-13    
4.71685e+04    5.45021e-13    
4.79714e+04    5.18446e-13    
4.87880e+04    4.93165e-13    
4.96185e+04    4.69116e-13    
5.04631e+04    4.46240e-13    
5.13221e+04    4.24478e-13    
5.21958e+04    4.03777e-13    
5.30843e+04    3.84085e-13    
5.39879e+04    3.65352e-13    
5.49069e+04    3.47533e-13    
5.58415e+04    3.30582e-13    
5.67921e+04    3.14458e-13    
5.77588e+04    2.99119e-13    
5.87420e+04    2.84529e-13    
5.97420e+04    2.70649e-13    
6.07589e+04    2.57447e-13    
6.17932e+04    2.44888e-13    
6.28451e+04    2.32941e-13    
6.39148e+04    2.21577e-13    
6.50028e+04    2.10766e-13    
6.61093e+04    2.00483e-13    
6.72347e+04    1.90702e-13    
6.83792e+04    1.81397e-13    
6.95431e+04    1.72546e-13    
7.07269e+04    1.64127e-13    
7.19309e+04    1.56118e-13    
7.31553e+04    1.48500e-13    
7.44006e+04    1.41253e-13    
7.56671e+04    1.34360e-13    
7.69551e+04    1.27803e-13    
7.82651e+04    1.21566e-13    
7.95973e+04    1.15633e-13    
8.09523e+04    1.09990e-13    
8.23303e+04    1.04622e-13    
8.37317e+04    9.95152e-14    
8.51571e+04    9.46580e-14    
8.66066e+04    9.00377e-14    
8.80809e+04    8.56428e-14    
8.95803e+04    8.14623e-14    
9.11051e+04    7.74858e-14    
9.26560e+04    7.37033e-14    
9.42332e+04    7.01053e-14    
9.58373e+04    6.66829e-14    
9.74687e+04    6.34275e-14    
9.91278e+04    6.03309e-14    
1.00815e+05    5.73854e-14    
1.02531e+05    5.45837e-14    
1.04277e+05    5.19187e-14    
1.06052e+05    4.93837e-14    
1.07857e+05    4.69725e-14    
1.09693e+05    4.46789e-14    
1.11560e+05    4.24973e-14    
1.13459e+05    4.04221e-14    
1.15391e+05    3.84482e-14    
1.17355e+05    3.65707e-14    
1.19352e+05    3.47848e-14    
1.21384e+05    3.30861e-14    
1.23450e+05    3.14703e-14    
1.25552e+05    2.99334e-14    
1.27689e+05    2.84715e-14    
1.29863e+05    2.70809e-14    
1.32073e+05    2.57583e-14    
1.34321e+05    2.45002e-14    
1.36608e+05    2.33035e-14    
1.38933e+05    2.21653e-14    
1.41298e+05    2.10826e-14    
1.43703e+05    2.00528e-14    
1.46150e+05    1.90733e-14    
1.48637e+05    1.81416e-14    
1.51168e+05    1.72554e-14    
1.53741e+05    1.64124e-14    
1.56358e+05    1.56106e-14    
1.59020e+05    1.48480e-14    
1.61726e+05    1.41226e-14    
1.64479e+05    1.34327e-14    
1.67279e+05    1.27764e-14    
1.70127e+05    1.21522e-14    
1.73023e+05    1.15584e-14    
1.75968e+05    1.09937e-14    
1.78963e+05    1.04565e-14    
1.82010e+05    9.94563e-15    
1.85108e+05    9.45966e-15    
1.88259e+05    8.99743e-15    
1.91464e+05    8.55777e-15    
1.94723e+05    8.13959e-15    
1.98037e+05    7.74184e-15    
2.01409e+05    7.36351e-15    
2.04837e+05    7.00367e-15    
2.08324e+05    6.66141e-15    
2.11870e+05    6.33586e-15    
2.15477e+05    6.02622e-15    
2.19144e+05    5.73170e-15    
2.22875e+05    5.45157e-15    
2.26669e+05    5.18513e-15    
2.30527e+05    4.93171e-15    
2.34451e+05    4.69066e-15    
2.38442e+05    4.46140e-15    
2.42501e+05    4.24333e-15    
2.46629e+05    4.03592e-15    
2.50827e+05    3.83864e-15    
2.55097e+05    3.65101e-15    
2.59439e+05    3.47254e-15    
2.63856e+05    3.30279e-15    
2.68347e+05    3.14134e-15    
2.72915e+05    2.98778e-15    
2.77561e+05    2.84172e-15    
2.82285e+05    2.70280e-15    
2.87091e+05    2.57066e-15    
2.91978e+05    2.44499e-15    
2.96948e+05    2.32545e-15    
3.02003e+05    2.21176e-15    
3.07143e+05    2.10363e-15    
3.12372e+05    2.00078e-15    
3.17689e+05    1.90295e-15    
3.23097e+05    1.80991e-15    
3.28597e+05    1.72142e-15    
3.34190e+05    1.63725e-15    
3.39879e+05    1.55719e-15    
3.45665e+05    1.48105e-15    
3.51549e+05    1.40863e-15    
3.57533e+05    1.33975e-15    
3.63619e+05    1.27424e-15    
3.69809e+05    1.21193e-15    
3.76104e+05    1.15266e-15    
3.82506e+05    1.09630e-15    
3.89017e+05    1.04268e-15    
3.95639e+05    9.91693e-16    
4.02374e+05    9.43195e-16    
4.09223e+05    8.97068e-16    
4.16189e+05    8.53196e-16    
4.23274e+05    8.11469e-16    
4.30479e+05    7.71782e-16    
4.37807e+05    7.34035e-16    
4.45259e+05    6.98134e-16    
4.52839e+05    6.63989e-16    
4.60547e+05    6.31512e-16    
4.68387e+05    6.00624e-16    
4.76360e+05    5.71246e-16    
4.84469e+05    5.43305e-16    
4.92715e+05    5.16730e-16    
5.01103e+05    4.91454e-16    
5.09633e+05    4.67415e-16    
5.18308e+05    4.44551e-16    
5.27131e+05    4.22805e-16    
5.36104e+05    4.02122e-16    
5.45230e+05    3.82451e-16    
5.54511e+05    3.63742e-16    
5.63950e+05    3.45948e-16    
5.73550e+05    3.29024e-16    
5.83313e+05    3.12928e-16    
5.93242e+05    2.97619e-16    
6.03341e+05    2.83059e-16    
6.13611e+05    2.69210e-16    
6.24056e+05    2.56040e-16    
6.34679e+05    2.43513e-16    
6.45483e+05    2.31599e-16    
6.56470e+05    2.20268e-16    
6.67645e+05    2.09491e-16    
6.79010e+05    1.99241e-16    
6.90569e+05    1.89493e-16    
7.02324e+05    1.80221e-16    
7.14279e+05    1.71403e-16    
7.26438e+05    1.63016e-16    
7.38804e+05    1.55040e-16    
7.51380e+05    1.47453e-16    
7.64170e+05    1.40238e-16    
7.77178e+05    1.33376e-16    
7.90408e+05    1.26849e-16    
8.03862e+05    1.20642e-16    
8.17546e+05    1.14738e-16    
8.31463e+05    1.09124e-16    
8.45616e+05    1.03784e-16    
8.60010e+05    9.87048e-17    
8.74650e+05    9.38744e-17    
8.89539e+05    8.92804e-17    
9.04681e+05    8.49112e-17    
9.20081e+05    8.07557e-17    
9.35743e+05    7.68035e-17    
9.51671e+05    7.30447e-17    
9.67871e+05    6.94698e-17    
9.84347e+05    6.60699e-17    
1.00110e+06    6.28363e-17    
1.01814e+06    5.97609e-17    
1.03547e+06    5.68360e-17    
1.05310e+06    5.40542e-17    
1.07103e+06    5.14085e-17    
1.08926e+06    4.88923e-17    
1.10780e+06    4.64993e-17    
1.12666e+06    4.42233e-17    
1.14584e+06    4.20587e-17    
1.16534e+06    4.00000e-17    
1.18518e+06    3.80421e-17    
1.20535e+06    3.61800e-17    
1.22587e+06    3.44090e-17    
1.24674e+06    3.27247e-17    
1.26796e+06    3.11228e-17    
1.28955e+06    2.95993e-17    
1.31150e+06    2.81504e-17    
1.33382e+06    2.67724e-17    
1.35653e+06    2.54618e-17    
1.37962e+06    2.42153e-17    
1.40310e+06    2.30299e-17    
1.42699e+06    2.19025e-17    
1.45128e+06    2.08303e-17    
1.47598e+06    1.98105e-17    
1.50111e+06    1.88407e-17    
1.52666e+06    1.79183e-17    
1.55265e+06    1.70411e-17    
1.57908e+06    1.62068e-17    
1.60596e+06    1.54133e-17    
1.63329e+06    1.46587e-17    
1.66110e+06    1.39410e-17    
1.68937e+06    1.32585e-17    
1.71813e+06    1.26094e-17    
1.74738e+06    1.19920e-17    
1.77712e+06    1.14049e-17    
1.80737e+06    1.08465e-17    
1.83814e+06    1.03154e-17    
1.86943e+06    9.81033e-18    
1.90125e+06    9.32998e-18    
1.93361e+06    8.87315e-18    
1.96653e+06    8.43869e-18    
2.00000e+06    8.02549e-18    

