# USINE V4.0
# File generated 12-05-2022 05:02:48
# Model1DKisoVc
# SI
# SolMod0DFF_phi0_670GV
# R [GV]       TOA [GV m^{2} s sr]^{-1}
9.24751e-02    2.18845e-04    
9.40518e-02    2.30096e-04    
9.56554e-02    2.41923e-04    
9.72864e-02    2.54356e-04    
9.89451e-02    2.67424e-04    
1.00632e-01    2.81161e-04    
1.02348e-01    2.95600e-04    
1.04093e-01    3.10777e-04    
1.05868e-01    3.26729e-04    
1.07673e-01    3.43496e-04    
1.09509e-01    3.61119e-04    
1.11376e-01    3.79641e-04    
1.13275e-01    3.99108e-04    
1.15206e-01    4.19568e-04    
1.17170e-01    4.41071e-04    
1.19168e-01    4.63670e-04    
1.21200e-01    4.87420e-04    
1.23266e-01    5.12379e-04    
1.25368e-01    5.38608e-04    
1.27506e-01    5.66173e-04    
1.29680e-01    5.95138e-04    
1.31891e-01    6.25577e-04    
1.34139e-01    6.57562e-04    
1.36427e-01    6.91171e-04    
1.38753e-01    7.26487e-04    
1.41118e-01    7.63594e-04    
1.43524e-01    8.02583e-04    
1.45972e-01    8.43549e-04    
1.48460e-01    8.86591e-04    
1.50992e-01    9.31812e-04    
1.53566e-01    9.79322e-04    
1.56184e-01    1.02924e-03    
1.58847e-01    1.08167e-03    
1.61556e-01    1.13676e-03    
1.64310e-01    1.19463e-03    
1.67112e-01    1.25542e-03    
1.69961e-01    1.31927e-03    
1.72859e-01    1.38635e-03    
1.75806e-01    1.45681e-03    
1.78804e-01    1.53081e-03    
1.81852e-01    1.60854e-03    
1.84953e-01    1.69017e-03    
1.88106e-01    1.77591e-03    
1.91314e-01    1.86595e-03    
1.94576e-01    1.96052e-03    
1.97893e-01    2.05982e-03    
2.01267e-01    2.16410e-03    
2.04699e-01    2.27356e-03    
2.08189e-01    2.38845e-03    
2.11739e-01    2.50903e-03    
2.15349e-01    2.63556e-03    
2.19020e-01    2.76833e-03    
2.22755e-01    2.90763e-03    
2.26553e-01    3.05378e-03    
2.30416e-01    3.20709e-03    
2.34344e-01    3.36790e-03    
2.38340e-01    3.53657e-03    
2.42403e-01    3.71344e-03    
2.46536e-01    3.89892e-03    
2.50740e-01    4.09338e-03    
2.55015e-01    4.29725e-03    
2.59363e-01    4.51096e-03    
2.63785e-01    4.73494e-03    
2.68283e-01    4.96968e-03    
2.72857e-01    5.21564e-03    
2.77509e-01    5.47333e-03    
2.82241e-01    5.74328e-03    
2.87053e-01    6.02603e-03    
2.91947e-01    6.32214e-03    
2.96925e-01    6.63220e-03    
3.01988e-01    6.95680e-03    
3.07137e-01    7.29658e-03    
3.12373e-01    7.65219e-03    
3.17699e-01    8.02431e-03    
3.23116e-01    8.41361e-03    
3.28625e-01    8.82083e-03    
3.34228e-01    9.24672e-03    
3.39927e-01    9.69202e-03    
3.45723e-01    1.01576e-02    
3.51617e-01    1.06441e-02    
3.57613e-01    1.11525e-02    
3.63710e-01    1.16837e-02    
3.69911e-01    1.22385e-02    
3.76218e-01    1.28178e-02    
3.82633e-01    1.34227e-02    
3.89157e-01    1.40539e-02    
3.95792e-01    1.47126e-02    
4.02540e-01    1.53997e-02    
4.09404e-01    1.61162e-02    
4.16384e-01    1.68633e-02    
4.23483e-01    1.76419e-02    
4.30704e-01    1.84532e-02    
4.38047e-01    1.92982e-02    
4.45516e-01    2.01781e-02    
4.53112e-01    2.10941e-02    
4.60838e-01    2.20472e-02    
4.68695e-01    2.30386e-02    
4.76686e-01    2.40694e-02    
4.84814e-01    2.51409e-02    
4.93080e-01    2.62543e-02    
5.01487e-01    2.74106e-02    
5.10037e-01    2.86110e-02    
5.18734e-01    2.98567e-02    
5.27578e-01    3.11489e-02    
5.36573e-01    3.24886e-02    
5.45722e-01    3.38770e-02    
5.55027e-01    3.53152e-02    
5.64490e-01    3.68041e-02    
5.74115e-01    3.83448e-02    
5.83903e-01    3.99383e-02    
5.93859e-01    4.15855e-02    
6.03984e-01    4.32872e-02    
6.14282e-01    4.50443e-02    
6.24756e-01    4.68575e-02    
6.35408e-01    4.87275e-02    
6.46242e-01    5.06547e-02    
6.57260e-01    5.26398e-02    
6.68467e-01    5.46830e-02    
6.79864e-01    5.67848e-02    
6.91456e-01    5.89451e-02    
7.03245e-01    6.11642e-02    
7.15235e-01    6.34418e-02    
7.27430e-01    6.57778e-02    
7.39833e-01    6.81718e-02    
7.52447e-01    7.06232e-02    
7.65277e-01    7.31313e-02    
7.78325e-01    7.56953e-02    
7.91595e-01    7.83141e-02    
8.05092e-01    8.09865e-02    
8.18819e-01    8.37109e-02    
8.32780e-01    8.64859e-02    
8.46979e-01    8.93095e-02    
8.61420e-01    9.21797e-02    
8.76107e-01    9.50942e-02    
8.91045e-01    9.80505e-02    
9.06237e-01    1.01046e-01    
9.21689e-01    1.04077e-01    
9.37404e-01    1.07142e-01    
9.53386e-01    1.10236e-01    
9.69642e-01    1.13356e-01    
9.86174e-01    1.16498e-01    
1.00299e+00    1.19659e-01    
1.02009e+00    1.22833e-01    
1.03748e+00    1.26017e-01    
1.05517e+00    1.29205e-01    
1.07316e+00    1.32393e-01    
1.09146e+00    1.35576e-01    
1.11007e+00    1.38749e-01    
1.12900e+00    1.41906e-01    
1.14825e+00    1.45043e-01    
1.16782e+00    1.48152e-01    
1.18773e+00    1.51230e-01    
1.20799e+00    1.54269e-01    
1.22858e+00    1.57265e-01    
1.24953e+00    1.60211e-01    
1.27083e+00    1.63102e-01    
1.29250e+00    1.65932e-01    
1.31454e+00    1.68694e-01    
1.33695e+00    1.71383e-01    
1.35975e+00    1.73994e-01    
1.38293e+00    1.76520e-01    
1.40651e+00    1.78957e-01    
1.43049e+00    1.81298e-01    
1.45488e+00    1.83539e-01    
1.47969e+00    1.85675e-01    
1.50492e+00    1.87700e-01    
1.53058e+00    1.89611e-01    
1.55667e+00    1.91403e-01    
1.58321e+00    1.93071e-01    
1.61021e+00    1.94614e-01    
1.63766e+00    1.96026e-01    
1.66558e+00    1.97306e-01    
1.69398e+00    1.98451e-01    
1.72286e+00    1.99460e-01    
1.75224e+00    2.00329e-01    
1.78212e+00    2.01058e-01    
1.81250e+00    2.01647e-01    
1.84340e+00    2.02095e-01    
1.87483e+00    2.02401e-01    
1.90680e+00    2.02567e-01    
1.93931e+00    2.02592e-01    
1.97238e+00    2.02479e-01    
2.00601e+00    2.02227e-01    
2.04021e+00    2.01839e-01    
2.07499e+00    2.01317e-01    
2.11037e+00    2.00662e-01    
2.14636e+00    1.99878e-01    
2.18295e+00    1.98967e-01    
2.22017e+00    1.97932e-01    
2.25802e+00    1.96777e-01    
2.29652e+00    1.95505e-01    
2.33568e+00    1.94120e-01    
2.37550e+00    1.92627e-01    
2.41601e+00    1.91031e-01    
2.45720e+00    1.89335e-01    
2.49910e+00    1.87546e-01    
2.54170e+00    1.85668e-01    
2.58504e+00    1.83707e-01    
2.62912e+00    1.81668e-01    
2.67394e+00    1.79556e-01    
2.71953e+00    1.77376e-01    
2.76590e+00    1.75134e-01    
2.81306e+00    1.72834e-01    
2.86102e+00    1.70480e-01    
2.90981e+00    1.68078e-01    
2.95942e+00    1.65630e-01    
3.00988e+00    1.63141e-01    
3.06119e+00    1.60614e-01    
3.11339e+00    1.58052e-01    
3.16647e+00    1.55456e-01    
3.22046e+00    1.52830e-01    
3.27537e+00    1.50175e-01    
3.33122e+00    1.47491e-01    
3.38801e+00    1.44780e-01    
3.44578e+00    1.42043e-01    
3.50453e+00    1.39279e-01    
3.56428e+00    1.36490e-01    
3.62505e+00    1.33677e-01    
3.68686e+00    1.30842e-01    
3.74972e+00    1.27987e-01    
3.81366e+00    1.25119e-01    
3.87868e+00    1.22241e-01    
3.94481e+00    1.19363e-01    
4.01207e+00    1.16490e-01    
4.08048e+00    1.13630e-01    
4.15005e+00    1.10789e-01    
4.22081e+00    1.07974e-01    
4.29277e+00    1.05188e-01    
4.36597e+00    1.02437e-01    
4.44041e+00    9.97219e-02    
4.51611e+00    9.70465e-02    
4.59311e+00    9.44122e-02    
4.67143e+00    9.18205e-02    
4.75108e+00    8.92724e-02    
4.83208e+00    8.67688e-02    
4.91447e+00    8.43102e-02    
4.99826e+00    8.18972e-02    
5.08348e+00    7.95301e-02    
5.17016e+00    7.72093e-02    
5.25831e+00    7.49347e-02    
5.34796e+00    7.27066e-02    
5.43915e+00    7.05249e-02    
5.53188e+00    6.83897e-02    
5.62620e+00    6.63008e-02    
5.72213e+00    6.42583e-02    
5.81969e+00    6.22619e-02    
5.91892e+00    6.03113e-02    
6.01984e+00    5.84065e-02    
6.12248e+00    5.65471e-02    
6.22687e+00    5.47329e-02    
6.33304e+00    5.29635e-02    
6.44101e+00    5.12386e-02    
6.55083e+00    4.95577e-02    
6.66253e+00    4.79205e-02    
6.77612e+00    4.63265e-02    
6.89166e+00    4.47752e-02    
7.00916e+00    4.32663e-02    
7.12867e+00    4.17990e-02    
7.25021e+00    4.03729e-02    
7.37383e+00    3.89875e-02    
7.49955e+00    3.76420e-02    
7.62742e+00    3.63360e-02    
7.75747e+00    3.50687e-02    
7.88974e+00    3.38395e-02    
8.02426e+00    3.26477e-02    
8.16107e+00    3.14927e-02    
8.30022e+00    3.03736e-02    
8.44174e+00    2.92899e-02    
8.58567e+00    2.82408e-02    
8.73206e+00    2.72254e-02    
8.88094e+00    2.62432e-02    
9.03236e+00    2.52933e-02    
9.18636e+00    2.43750e-02    
9.34299e+00    2.34874e-02    
9.50229e+00    2.26297e-02    
9.66430e+00    2.18012e-02    
9.82908e+00    2.10009e-02    
9.99667e+00    2.02280e-02    
1.01671e+01    1.94817e-02    
1.03405e+01    1.87611e-02    
1.05168e+01    1.80653e-02    
1.06961e+01    1.73936e-02    
1.08785e+01    1.67452e-02    
1.10639e+01    1.61194e-02    
1.12526e+01    1.55153e-02    
1.14444e+01    1.49323e-02    
1.16396e+01    1.43698e-02    
1.18380e+01    1.38271e-02    
1.20399e+01    1.33035e-02    
1.22451e+01    1.27985e-02    
1.24539e+01    1.23115e-02    
1.26663e+01    1.18419e-02    
1.28822e+01    1.13891e-02    
1.31019e+01    1.09526e-02    
1.33252e+01    1.05320e-02    
1.35524e+01    1.01265e-02    
1.37835e+01    9.73585e-03    
1.40185e+01    9.35940e-03    
1.42575e+01    8.99672e-03    
1.45006e+01    8.64735e-03    
1.47479e+01    8.31084e-03    
1.49993e+01    7.98675e-03    
1.52551e+01    7.67466e-03    
1.55152e+01    7.37416e-03    
1.57797e+01    7.08486e-03    
1.60487e+01    6.80636e-03    
1.63224e+01    6.53829e-03    
1.66007e+01    6.28030e-03    
1.68837e+01    6.03202e-03    
1.71716e+01    5.79312e-03    
1.74644e+01    5.56327e-03    
1.77621e+01    5.34215e-03    
1.80650e+01    5.12945e-03    
1.83730e+01    4.92486e-03    
1.86863e+01    4.72810e-03    
1.90049e+01    4.53889e-03    
1.93289e+01    4.35695e-03    
1.96584e+01    4.18202e-03    
1.99936e+01    4.01385e-03    
2.03345e+01    3.85219e-03    
2.06812e+01    3.69680e-03    
2.10338e+01    3.54746e-03    
2.13925e+01    3.40395e-03    
2.17572e+01    3.26605e-03    
2.21282e+01    3.13354e-03    
2.25055e+01    3.00624e-03    
2.28892e+01    2.88394e-03    
2.32794e+01    2.76646e-03    
2.36764e+01    2.65360e-03    
2.40800e+01    2.54520e-03    
2.44906e+01    2.44109e-03    
2.49082e+01    2.34110e-03    
2.53329e+01    2.24508e-03    
2.57648e+01    2.15289e-03    
2.62041e+01    2.06436e-03    
2.66509e+01    1.97936e-03    
2.71053e+01    1.89777e-03    
2.75674e+01    1.81944e-03    
2.80375e+01    1.74425e-03    
2.85155e+01    1.67209e-03    
2.90017e+01    1.60282e-03    
2.94962e+01    1.53635e-03    
2.99991e+01    1.47256e-03    
3.05106e+01    1.41135e-03    
3.10308e+01    1.35262e-03    
3.15599e+01    1.29627e-03    
3.20979e+01    1.24221e-03    
3.26452e+01    1.19034e-03    
3.32018e+01    1.14059e-03    
3.37679e+01    1.09287e-03    
3.43437e+01    1.04709e-03    
3.49292e+01    1.00319e-03    
3.55248e+01    9.61087e-04    
3.61305e+01    9.20709e-04    
3.67465e+01    8.81988e-04    
3.73730e+01    8.44860e-04    
3.80103e+01    8.09259e-04    
3.86583e+01    7.75126e-04    
3.93175e+01    7.42402e-04    
3.99878e+01    7.11029e-04    
4.06696e+01    6.80955e-04    
4.13630e+01    6.52125e-04    
4.20683e+01    6.24492e-04    
4.27856e+01    5.98005e-04    
4.35151e+01    5.72619e-04    
4.42570e+01    5.48290e-04    
4.50116e+01    5.24974e-04    
4.57790e+01    5.02630e-04    
4.65596e+01    4.81219e-04    
4.73534e+01    4.60703e-04    
4.81608e+01    4.41045e-04    
4.89819e+01    4.22211e-04    
4.98171e+01    4.04166e-04    
5.06665e+01    3.86879e-04    
5.15303e+01    3.70317e-04    
5.24089e+01    3.54453e-04    
5.33025e+01    3.39256e-04    
5.42113e+01    3.24699e-04    
5.51356e+01    3.10757e-04    
5.60757e+01    2.97403e-04    
5.70318e+01    2.84613e-04    
5.80042e+01    2.72364e-04    
5.89932e+01    2.60634e-04    
5.99990e+01    2.49402e-04    
6.10220e+01    2.38645e-04    
6.20624e+01    2.28345e-04    
6.31206e+01    2.18483e-04    
6.41968e+01    2.09040e-04    
6.52914e+01    2.00000e-04    
6.64046e+01    1.91344e-04    
6.75368e+01    1.83058e-04    
6.86883e+01    1.75125e-04    
6.98595e+01    1.67531e-04    
7.10506e+01    1.60261e-04    
7.22620e+01    1.53303e-04    
7.34941e+01    1.46642e-04    
7.47472e+01    1.40267e-04    
7.60216e+01    1.34166e-04    
7.73178e+01    1.28326e-04    
7.86361e+01    1.22737e-04    
7.99768e+01    1.17388e-04    
8.13404e+01    1.12270e-04    
8.27273e+01    1.07371e-04    
8.41378e+01    1.02684e-04    
8.55724e+01    9.81992e-05    
8.70314e+01    9.39076e-05    
8.85153e+01    8.98014e-05    
9.00245e+01    8.58727e-05    
9.15594e+01    8.21138e-05    
9.31205e+01    7.85176e-05    
9.47082e+01    7.50772e-05    
9.63230e+01    7.17858e-05    
9.79653e+01    6.86373e-05    
9.96356e+01    6.56253e-05    
1.01334e+02    6.27442e-05    
1.03062e+02    5.99883e-05    
1.04819e+02    5.73523e-05    
1.06607e+02    5.48310e-05    
1.08424e+02    5.24195e-05    
1.10273e+02    5.01131e-05    
1.12153e+02    4.79073e-05    
1.14065e+02    4.57978e-05    
1.16010e+02    4.37804e-05    
1.17988e+02    4.18512e-05    
1.20000e+02    4.00064e-05    
1.22046e+02    3.82423e-05    
1.24127e+02    3.65555e-05    
1.26243e+02    3.49426e-05    
1.28396e+02    3.34004e-05    
1.30585e+02    3.19259e-05    
1.32811e+02    3.05162e-05    
1.35076e+02    2.91684e-05    
1.37379e+02    2.78799e-05    
1.39721e+02    2.66481e-05    
1.42103e+02    2.54706e-05    
1.44526e+02    2.43449e-05    
1.46990e+02    2.32689e-05    
1.49496e+02    2.22404e-05    
1.52045e+02    2.12573e-05    
1.54638e+02    2.03177e-05    
1.57274e+02    1.94196e-05    
1.59956e+02    1.85612e-05    
1.62683e+02    1.77409e-05    
1.65457e+02    1.69569e-05    
1.68278e+02    1.62076e-05    
1.71147e+02    1.54916e-05    
1.74065e+02    1.48074e-05    
1.77033e+02    1.41536e-05    
1.80052e+02    1.35288e-05    
1.83121e+02    1.29319e-05    
1.86244e+02    1.23614e-05    
1.89419e+02    1.18164e-05    
1.92649e+02    1.12956e-05    
1.95933e+02    1.07980e-05    
1.99274e+02    1.03226e-05    
2.02672e+02    9.86836e-06    
2.06127e+02    9.43437e-06    
2.09642e+02    9.01972e-06    
2.13216e+02    8.62356e-06    
2.16852e+02    8.24505e-06    
2.20549e+02    7.88340e-06    
2.24309e+02    7.53787e-06    
2.28134e+02    7.20773e-06    
2.32024e+02    6.89228e-06    
2.35980e+02    6.59088e-06    
2.40003e+02    6.30288e-06    
2.44095e+02    6.02768e-06    
2.48257e+02    5.76470e-06    
2.52490e+02    5.51340e-06    
2.56795e+02    5.27324e-06    
2.61173e+02    5.04372e-06    
2.65626e+02    4.82436e-06    
2.70155e+02    4.61469e-06    
2.74761e+02    4.41429e-06    
2.79446e+02    4.22273e-06    
2.84211e+02    4.03961e-06    
2.89056e+02    3.86455e-06    
2.93985e+02    3.69719e-06    
2.98997e+02    3.53718e-06    
3.04095e+02    3.38418e-06    
3.09280e+02    3.23789e-06    
3.14553e+02    3.09800e-06    
3.19916e+02    2.96422e-06    
3.25371e+02    2.83629e-06    
3.30919e+02    2.71393e-06    
3.36561e+02    2.59690e-06    
3.42299e+02    2.48496e-06    
3.48136e+02    2.37789e-06    
3.54071e+02    2.27547e-06    
3.60108e+02    2.17750e-06    
3.66248e+02    2.08377e-06    
3.72493e+02    1.99410e-06    
3.78844e+02    1.90831e-06    
3.85303e+02    1.82623e-06    
3.91872e+02    1.74770e-06    
3.98554e+02    1.67255e-06    
4.05349e+02    1.60066e-06    
4.12261e+02    1.53186e-06    
4.19290e+02    1.46603e-06    
4.26439e+02    1.40303e-06    
4.33709e+02    1.34275e-06    
4.41104e+02    1.28506e-06    
4.48625e+02    1.22985e-06    
4.56274e+02    1.17702e-06    
4.64054e+02    1.12646e-06    
4.71966e+02    1.07808e-06    
4.80013e+02    1.03177e-06    
4.88197e+02    9.87455e-07    
4.96521e+02    9.45041e-07    
5.04987e+02    9.04449e-07    
5.13597e+02    8.65600e-07    
5.22354e+02    8.28418e-07    
5.31260e+02    7.92833e-07    
5.40318e+02    7.58775e-07    
5.49530e+02    7.26179e-07    
5.58900e+02    6.94981e-07    
5.68429e+02    6.65122e-07    
5.78121e+02    6.36544e-07    
5.87978e+02    6.09193e-07    
5.98003e+02    5.83015e-07    
6.08199e+02    5.57960e-07    
6.18569e+02    5.33980e-07    
6.29116e+02    5.11029e-07    
6.39842e+02    4.89062e-07    
6.50752e+02    4.68038e-07    
6.61847e+02    4.47917e-07    
6.73131e+02    4.28658e-07    
6.84608e+02    4.10226e-07    
6.96281e+02    3.92585e-07    
7.08153e+02    3.75701e-07    
7.20227e+02    3.59542e-07    
7.32507e+02    3.44076e-07    
7.44996e+02    3.29274e-07    
7.57698e+02    3.15108e-07    
7.70617e+02    3.01550e-07    
7.83756e+02    2.88573e-07    
7.97119e+02    2.76154e-07    
8.10710e+02    2.64269e-07    
8.24533e+02    2.52893e-07    
8.38591e+02    2.42007e-07    
8.52889e+02    2.31588e-07    
8.67431e+02    2.21616e-07    
8.82221e+02    2.12073e-07    
8.97263e+02    2.02940e-07    
9.12562e+02    1.94199e-07    
9.28121e+02    1.85834e-07    
9.43945e+02    1.77829e-07    
9.60040e+02    1.70167e-07    
9.76408e+02    1.62835e-07    
9.93056e+02    1.55818e-07    
1.00999e+03    1.49103e-07    
1.02721e+03    1.42677e-07    
1.04472e+03    1.36527e-07    
1.06254e+03    1.30641e-07    
1.08065e+03    1.25009e-07    
1.09908e+03    1.19619e-07    
1.11782e+03    1.14461e-07    
1.13687e+03    1.09524e-07    
1.15626e+03    1.04801e-07    
1.17597e+03    1.00280e-07    
1.19602e+03    9.59543e-08    
1.21642e+03    9.18146e-08    
1.23716e+03    8.78531e-08    
1.25825e+03    8.40622e-08    
1.27970e+03    8.04346e-08    
1.30152e+03    7.69631e-08    
1.32371e+03    7.36412e-08    
1.34628e+03    7.04623e-08    
1.36924e+03    6.74204e-08    
1.39258e+03    6.45095e-08    
1.41633e+03    6.17241e-08    
1.44047e+03    5.90587e-08    
1.46503e+03    5.65081e-08    
1.49001e+03    5.40675e-08    
1.51542e+03    5.17321e-08    
1.54126e+03    4.94973e-08    
1.56754e+03    4.73589e-08    
1.59426e+03    4.53127e-08    
1.62144e+03    4.33548e-08    
1.64909e+03    4.14813e-08    
1.67721e+03    3.96885e-08    
1.70580e+03    3.79731e-08    
1.73489e+03    3.63318e-08    
1.76447e+03    3.47612e-08    
1.79455e+03    3.32584e-08    
1.82515e+03    3.18204e-08    
1.85627e+03    3.04445e-08    
1.88792e+03    2.91280e-08    
1.92011e+03    2.78683e-08    
1.95285e+03    2.66629e-08    
1.98614e+03    2.55097e-08    
2.02001e+03    2.44062e-08    
2.05445e+03    2.33503e-08    
2.08948e+03    2.23401e-08    
2.12510e+03    2.13734e-08    
2.16133e+03    2.04486e-08    
2.19819e+03    1.95636e-08    
2.23566e+03    1.87169e-08    
2.27378e+03    1.79068e-08    
2.31255e+03    1.71317e-08    
2.35198e+03    1.63901e-08    
2.39208e+03    1.56805e-08    
2.43287e+03    1.50016e-08    
2.47435e+03    1.43521e-08    
2.51654e+03    1.37306e-08    
2.55944e+03    1.31360e-08    
2.60308e+03    1.25670e-08    
2.64746e+03    1.20227e-08    
2.69260e+03    1.15020e-08    
2.73851e+03    1.10037e-08    
2.78520e+03    1.05270e-08    
2.83269e+03    1.00709e-08    
2.88099e+03    9.63454e-09    
2.93011e+03    9.21705e-09    
2.98007e+03    8.81763e-09    
3.03088e+03    8.43549e-09    
3.08256e+03    8.06988e-09    
3.13512e+03    7.72009e-09    
3.18857e+03    7.38544e-09    
3.24293e+03    7.06527e-09    
3.29823e+03    6.75897e-09    
3.35446e+03    6.46592e-09    
3.41166e+03    6.18555e-09    
3.46983e+03    5.91733e-09    
3.52899e+03    5.66072e-09    
3.58916e+03    5.41521e-09    
3.65035e+03    5.18034e-09    
3.71259e+03    4.95565e-09    
3.77589e+03    4.74068e-09    
3.84027e+03    4.53502e-09    
3.90575e+03    4.33827e-09    
3.97234e+03    4.15005e-09    
4.04007e+03    3.96998e-09    
4.10895e+03    3.79771e-09    
4.17901e+03    3.63291e-09    
4.25026e+03    3.47524e-09    
4.32273e+03    3.32441e-09    
4.39643e+03    3.18012e-09    
4.47139e+03    3.04208e-09    
4.54763e+03    2.91002e-09    
4.62517e+03    2.78369e-09    
4.70403e+03    2.66284e-09    
4.78423e+03    2.54722e-09    
4.86580e+03    2.43662e-09    
4.94877e+03    2.33081e-09    
5.03314e+03    2.22959e-09    
5.11896e+03    2.13276e-09    
5.20624e+03    2.04013e-09    
5.29500e+03    1.95152e-09    
5.38528e+03    1.86675e-09    
5.47710e+03    1.78566e-09    
5.57049e+03    1.70809e-09    
5.66547e+03    1.63388e-09    
5.76206e+03    1.56289e-09    
5.86031e+03    1.49498e-09    
5.96023e+03    1.43002e-09    
6.06185e+03    1.36788e-09    
6.16520e+03    1.30843e-09    
6.27032e+03    1.25157e-09    
6.37723e+03    1.19717e-09    
6.48596e+03    1.14514e-09    
6.59655e+03    1.09536e-09    
6.70902e+03    1.04774e-09    
6.82341e+03    1.00219e-09    
6.93975e+03    9.58623e-10    
7.05807e+03    9.16944e-10    
7.17842e+03    8.77075e-10    
7.30081e+03    8.38937e-10    
7.42529e+03    8.02455e-10    
7.55189e+03    7.67558e-10    
7.68065e+03    7.34177e-10    
7.81161e+03    7.02245e-10    
7.94479e+03    6.71701e-10    
8.08025e+03    6.42484e-10    
8.21802e+03    6.14536e-10    
8.35814e+03    5.87802e-10    
8.50065e+03    5.62230e-10    
8.64559e+03    5.37769e-10    
8.79299e+03    5.14371e-10    
8.94292e+03    4.91990e-10    
9.09539e+03    4.70582e-10    
9.25047e+03    4.50104e-10    
9.40819e+03    4.30516e-10    
9.56860e+03    4.11780e-10    
9.73175e+03    3.93858e-10    
9.89768e+03    3.76715e-10    
1.00664e+04    3.60318e-10    
1.02381e+04    3.44633e-10    
1.04126e+04    3.29631e-10    
1.05902e+04    3.15280e-10    
1.07707e+04    3.01554e-10    
1.09544e+04    2.88425e-10    
1.11411e+04    2.75867e-10    
1.13311e+04    2.63855e-10    
1.15243e+04    2.52365e-10    
1.17208e+04    2.41376e-10    
1.19206e+04    2.30864e-10    
1.21239e+04    2.20809e-10    
1.23306e+04    2.11192e-10    
1.25408e+04    2.01994e-10    
1.27546e+04    1.93195e-10    
1.29721e+04    1.84780e-10    
1.31933e+04    1.76731e-10    
1.34182e+04    1.69032e-10    
1.36470e+04    1.61668e-10    
1.38797e+04    1.54624e-10    
1.41164e+04    1.47887e-10    
1.43570e+04    1.41443e-10    
1.46018e+04    1.35280e-10    
1.48508e+04    1.29385e-10    
1.51040e+04    1.23747e-10    
1.53615e+04    1.18354e-10    
1.56234e+04    1.13196e-10    
1.58898e+04    1.08262e-10    
1.61607e+04    1.03544e-10    
1.64363e+04    9.90304e-11    
1.67165e+04    9.47137e-11    
1.70015e+04    9.05849e-11    
1.72914e+04    8.66360e-11    
1.75862e+04    8.28591e-11    
1.78861e+04    7.92466e-11    
1.81910e+04    7.57915e-11    
1.85012e+04    7.24869e-11    
1.88167e+04    6.93263e-11    
1.91375e+04    6.63033e-11    
1.94638e+04    6.34121e-11    
1.97956e+04    6.06468e-11    
2.01332e+04    5.80019e-11    
2.04764e+04    5.54723e-11    
2.08256e+04    5.30530e-11    
2.11806e+04    5.07390e-11    
2.15418e+04    4.85259e-11    
2.19090e+04    4.64092e-11    
2.22826e+04    4.43848e-11    
2.26625e+04    4.24486e-11    
2.30489e+04    4.05968e-11    
2.34419e+04    3.88257e-11    
2.38416e+04    3.71318e-11    
2.42481e+04    3.55117e-11    
2.46615e+04    3.39623e-11    
2.50820e+04    3.24804e-11    
2.55097e+04    3.10631e-11    
2.59446e+04    2.97076e-11    
2.63870e+04    2.84112e-11    
2.68369e+04    2.71713e-11    
2.72944e+04    2.59855e-11    
2.77598e+04    2.48514e-11    
2.82331e+04    2.37668e-11    
2.87145e+04    2.27294e-11    
2.92041e+04    2.17373e-11    
2.97020e+04    2.07885e-11    
3.02084e+04    1.98810e-11    
3.07235e+04    1.90131e-11    
3.12473e+04    1.81831e-11    
3.17801e+04    1.73893e-11    
3.23219e+04    1.66301e-11    
3.28730e+04    1.59040e-11    
3.34335e+04    1.52096e-11    
3.40036e+04    1.45455e-11    
3.45833e+04    1.39104e-11    
3.51730e+04    1.33030e-11    
3.57727e+04    1.27221e-11    
3.63826e+04    1.21665e-11    
3.70029e+04    1.16352e-11    
3.76339e+04    1.11271e-11    
3.82755e+04    1.06411e-11    
3.89281e+04    1.01763e-11    
3.95918e+04    9.73187e-12    
4.02669e+04    9.30679e-12    
4.09534e+04    8.90027e-12    
4.16517e+04    8.51149e-12    
4.23619e+04    8.13969e-12    
4.30841e+04    7.78411e-12    
4.38187e+04    7.44405e-12    
4.45658e+04    7.11884e-12    
4.53257e+04    6.80783e-12    
4.60985e+04    6.51039e-12    
4.68845e+04    6.22594e-12    
4.76839e+04    5.95391e-12    
4.84969e+04    5.69375e-12    
4.93238e+04    5.44496e-12    
5.01647e+04    5.20703e-12    
5.10201e+04    4.97948e-12    
5.18900e+04    4.76188e-12    
5.27747e+04    4.55378e-12    
5.36745e+04    4.35476e-12    
5.45897e+04    4.16444e-12    
5.55204e+04    3.98243e-12    
5.64670e+04    3.80837e-12    
5.74298e+04    3.64191e-12    
5.84090e+04    3.48272e-12    
5.94049e+04    3.33049e-12    
6.04177e+04    3.18490e-12    
6.14479e+04    3.04568e-12    
6.24956e+04    2.91254e-12    
6.35611e+04    2.78521e-12    
6.46448e+04    2.66345e-12    
6.57470e+04    2.54700e-12    
6.68680e+04    2.43565e-12    
6.80081e+04    2.32915e-12    
6.91677e+04    2.22732e-12    
7.03470e+04    2.12993e-12    
7.15464e+04    2.03680e-12    
7.27663e+04    1.94773e-12    
7.40070e+04    1.86256e-12    
7.52688e+04    1.78111e-12    
7.65521e+04    1.70322e-12    
7.78574e+04    1.62874e-12    
7.91848e+04    1.55751e-12    
8.05349e+04    1.48939e-12    
8.19081e+04    1.42425e-12    
8.33046e+04    1.36196e-12    
8.47250e+04    1.30239e-12    
8.61695e+04    1.24542e-12    
8.76387e+04    1.19095e-12    
8.91330e+04    1.13885e-12    
9.06527e+04    1.08904e-12    
9.21983e+04    1.04140e-12    
9.37703e+04    9.95841e-13    
9.53691e+04    9.52277e-13    
9.69952e+04    9.10617e-13    
9.86490e+04    8.70778e-13    
1.00331e+05    8.32682e-13    
1.02042e+05    7.96251e-13    
1.03781e+05    7.61413e-13    
1.05551e+05    7.28099e-13    
1.07351e+05    6.96241e-13    
1.09181e+05    6.65777e-13    
1.11042e+05    6.36644e-13    
1.12936e+05    6.08786e-13    
1.14861e+05    5.82146e-13    
1.16820e+05    5.56671e-13    
1.18811e+05    5.32311e-13    
1.20837e+05    5.09015e-13    
1.22897e+05    4.86739e-13    
1.24993e+05    4.65437e-13    
1.27124e+05    4.45067e-13    
1.29292e+05    4.25588e-13    
1.31496e+05    4.06961e-13    
1.33738e+05    3.89149e-13    
1.36018e+05    3.72116e-13    
1.38337e+05    3.55828e-13    
1.40696e+05    3.40252e-13    
1.43095e+05    3.25358e-13    
1.45535e+05    3.11116e-13    
1.48016e+05    2.97497e-13    
1.50540e+05    2.84474e-13    
1.53106e+05    2.72020e-13    
1.55717e+05    2.60112e-13    
1.58372e+05    2.48724e-13    
1.61072e+05    2.37835e-13    
1.63818e+05    2.27422e-13    
1.66612e+05    2.17465e-13    
1.69452e+05    2.07944e-13    
1.72342e+05    1.98839e-13    
1.75280e+05    1.90133e-13    
1.78269e+05    1.81808e-13    
1.81308e+05    1.73847e-13    
1.84399e+05    1.66234e-13    
1.87543e+05    1.58955e-13    
1.90741e+05    1.51995e-13    
1.93993e+05    1.45339e-13    
1.97301e+05    1.38974e-13    
2.00665e+05    1.32888e-13    
2.04086e+05    1.27068e-13    
2.07566e+05    1.21503e-13    
2.11105e+05    1.16182e-13    
2.14704e+05    1.11094e-13    
2.18365e+05    1.06228e-13    
2.22088e+05    1.01575e-13    
2.25875e+05    9.71263e-14    
2.29726e+05    9.28722e-14    
2.33643e+05    8.88042e-14    
2.37626e+05    8.49144e-14    
2.41678e+05    8.11949e-14    
2.45799e+05    7.76383e-14    
2.49989e+05    7.42373e-14    
2.54252e+05    7.09853e-14    
2.58587e+05    6.78757e-14    
2.62996e+05    6.49022e-14    
2.67480e+05    6.20590e-14    
2.72040e+05    5.93402e-14    
2.76679e+05    5.67405e-14    
2.81396e+05    5.42547e-14    
2.86194e+05    5.18777e-14    
2.91074e+05    4.96048e-14    
2.96036e+05    4.74314e-14    
3.01084e+05    4.53533e-14    
3.06217e+05    4.33661e-14    
3.11438e+05    4.14660e-14    
3.16748e+05    3.96491e-14    
3.22149e+05    3.79117e-14    
3.27642e+05    3.62505e-14    
3.33228e+05    3.46620e-14    
3.38910e+05    3.31431e-14    
3.44688e+05    3.16908e-14    
3.50565e+05    3.03020e-14    
3.56542e+05    2.89741e-14    
3.62621e+05    2.77044e-14    
3.68804e+05    2.64903e-14    
3.75092e+05    2.53293e-14    
3.81488e+05    2.42193e-14    
3.87992e+05    2.31578e-14    
3.94607e+05    2.21429e-14    
4.01335e+05    2.11724e-14    
4.08178e+05    2.02445e-14    
4.15138e+05    1.93571e-14    
4.22216e+05    1.85087e-14    
4.29415e+05    1.76975e-14    
4.36736e+05    1.69218e-14    
4.44183e+05    1.61800e-14    
4.51756e+05    1.54708e-14    
4.59458e+05    1.47927e-14    
4.67292e+05    1.41442e-14    
4.75260e+05    1.35242e-14    
4.83363e+05    1.29314e-14    
4.91604e+05    1.23645e-14    
4.99986e+05    1.18225e-14    
5.08511e+05    1.13042e-14    
5.17181e+05    1.08086e-14    
5.25999e+05    1.03348e-14    
5.34967e+05    9.88170e-15    
5.44089e+05    9.44847e-15    
5.53365e+05    9.03424e-15    
5.62800e+05    8.63815e-15    
5.72396e+05    8.25943e-15    
5.82156e+05    7.89730e-15    
5.92081e+05    7.55105e-15    
6.02176e+05    7.21997e-15    
6.12444e+05    6.90340e-15    
6.22886e+05    6.60071e-15    
6.33506e+05    6.31129e-15    
6.44307e+05    6.03455e-15    
6.55293e+05    5.76995e-15    
6.66466e+05    5.51694e-15    
6.77829e+05    5.27502e-15    
6.89386e+05    5.04371e-15    
7.01140e+05    4.82254e-15    
7.13095e+05    4.61106e-15    
7.25253e+05    4.40885e-15    
7.37619e+05    4.21551e-15    
7.50195e+05    4.03064e-15    
7.62986e+05    3.85388e-15    
7.75995e+05    3.68487e-15    
7.89226e+05    3.52327e-15    
8.02682e+05    3.36875e-15    
8.16368e+05    3.22101e-15    
8.30287e+05    3.07974e-15    
8.44444e+05    2.94467e-15    
8.58841e+05    2.81552e-15    
8.73485e+05    2.69203e-15    
8.88378e+05    2.57396e-15    
9.03525e+05    2.46106e-15    
9.18930e+05    2.35312e-15    
9.34598e+05    2.24991e-15    
9.50533e+05    2.15122e-15    
9.66739e+05    2.05686e-15    
9.83222e+05    1.96664e-15    
9.99987e+05    1.88038e-15    
1.01704e+06    1.79789e-15    
1.03438e+06    1.71903e-15    
1.05201e+06    1.64362e-15    
1.06995e+06    1.57152e-15    
1.08819e+06    1.50258e-15    
1.10675e+06    1.43667e-15    
1.12562e+06    1.37364e-15    
1.14481e+06    1.31338e-15    
1.16433e+06    1.25577e-15    
1.18418e+06    1.20068e-15    
1.20437e+06    1.14800e-15    
1.22490e+06    1.09764e-15    
1.24579e+06    1.04948e-15    
1.26703e+06    1.00344e-15    
1.28863e+06    9.59417e-16    
1.31060e+06    9.17325e-16    
1.33295e+06    8.77078e-16    
1.35568e+06    8.38597e-16    
1.37879e+06    8.01804e-16    
1.40230e+06    7.66625e-16    
1.42621e+06    7.32989e-16    
1.45053e+06    7.00828e-16    
1.47526e+06    6.70078e-16    
1.50041e+06    6.40676e-16    
1.52599e+06    6.12565e-16    
1.55201e+06    5.85687e-16    
1.57847e+06    5.59987e-16    
1.60539e+06    5.35415e-16    
1.63276e+06    5.11922e-16    
1.66060e+06    4.89458e-16    
1.68891e+06    4.67980e-16    
1.71771e+06    4.47445e-16    
1.74699e+06    4.27810e-16    
1.77678e+06    4.09037e-16    
1.80708e+06    3.91087e-16    
1.83789e+06    3.73925e-16    
1.86922e+06    3.57516e-16    
1.90109e+06    3.41826e-16    
1.93351e+06    3.26825e-16    
1.96647e+06    3.12483e-16    
2.00000e+06    2.98769e-16    

