# USINE V4.0
# File generated 12-05-2022 05:02:50
# Model1DKisoVc
# SI/O
# SolMod0DFF_phi0_670GV
# R [GV]       TOA [-]
9.71391e-02    1.44807e-01    
9.87904e-02    1.44811e-01    
1.00470e-01    1.44814e-01    
1.02178e-01    1.44818e-01    
1.03915e-01    1.44822e-01    
1.05681e-01    1.44825e-01    
1.07478e-01    1.44829e-01    
1.09305e-01    1.44833e-01    
1.11163e-01    1.44837e-01    
1.13053e-01    1.44841e-01    
1.14975e-01    1.44845e-01    
1.16930e-01    1.44849e-01    
1.18917e-01    1.44854e-01    
1.20939e-01    1.44858e-01    
1.22995e-01    1.44862e-01    
1.25086e-01    1.44867e-01    
1.27212e-01    1.44871e-01    
1.29375e-01    1.44876e-01    
1.31574e-01    1.44880e-01    
1.33811e-01    1.44885e-01    
1.36086e-01    1.44890e-01    
1.38399e-01    1.44895e-01    
1.40752e-01    1.44900e-01    
1.43145e-01    1.44905e-01    
1.45578e-01    1.44910e-01    
1.48053e-01    1.44915e-01    
1.50570e-01    1.44921e-01    
1.53130e-01    1.44926e-01    
1.55733e-01    1.44932e-01    
1.58381e-01    1.44937e-01    
1.61073e-01    1.44943e-01    
1.63811e-01    1.44949e-01    
1.66596e-01    1.44955e-01    
1.69428e-01    1.44961e-01    
1.72308e-01    1.44967e-01    
1.75238e-01    1.44973e-01    
1.78217e-01    1.44979e-01    
1.81246e-01    1.44986e-01    
1.84328e-01    1.44992e-01    
1.87461e-01    1.44999e-01    
1.90648e-01    1.45005e-01    
1.93889e-01    1.45012e-01    
1.97185e-01    1.45019e-01    
2.00537e-01    1.45026e-01    
2.03946e-01    1.45034e-01    
2.07414e-01    1.45041e-01    
2.10940e-01    1.45049e-01    
2.14526e-01    1.45057e-01    
2.18172e-01    1.45065e-01    
2.21881e-01    1.45074e-01    
2.25653e-01    1.45082e-01    
2.29489e-01    1.45092e-01    
2.33391e-01    1.45101e-01    
2.37358e-01    1.45111e-01    
2.41394e-01    1.45121e-01    
2.45497e-01    1.45131e-01    
2.49671e-01    1.45142e-01    
2.53915e-01    1.45153e-01    
2.58232e-01    1.45165e-01    
2.62622e-01    1.45177e-01    
2.67086e-01    1.45189e-01    
2.71627e-01    1.45202e-01    
2.76244e-01    1.45215e-01    
2.80940e-01    1.45228e-01    
2.85716e-01    1.45242e-01    
2.90574e-01    1.45257e-01    
2.95513e-01    1.45271e-01    
3.00537e-01    1.45287e-01    
3.05646e-01    1.45303e-01    
3.10842e-01    1.45319e-01    
3.16127e-01    1.45336e-01    
3.21501e-01    1.45354e-01    
3.26966e-01    1.45372e-01    
3.32525e-01    1.45390e-01    
3.38178e-01    1.45409e-01    
3.43927e-01    1.45429e-01    
3.49773e-01    1.45450e-01    
3.55720e-01    1.45471e-01    
3.61767e-01    1.45493e-01    
3.67917e-01    1.45515e-01    
3.74171e-01    1.45539e-01    
3.80532e-01    1.45563e-01    
3.87001e-01    1.45587e-01    
3.93580e-01    1.45613e-01    
4.00271e-01    1.45639e-01    
4.07076e-01    1.45666e-01    
4.13996e-01    1.45694e-01    
4.21034e-01    1.45723e-01    
4.28192e-01    1.45753e-01    
4.35471e-01    1.45784e-01    
4.42874e-01    1.45815e-01    
4.50403e-01    1.45848e-01    
4.58060e-01    1.45882e-01    
4.65847e-01    1.45916e-01    
4.73766e-01    1.45952e-01    
4.81820e-01    1.45989e-01    
4.90011e-01    1.46027e-01    
4.98341e-01    1.46066e-01    
5.06813e-01    1.46106e-01    
5.15429e-01    1.46147e-01    
5.24191e-01    1.46190e-01    
5.33102e-01    1.46234e-01    
5.42165e-01    1.46279e-01    
5.51382e-01    1.46326e-01    
5.60756e-01    1.46373e-01    
5.70288e-01    1.46423e-01    
5.79983e-01    1.46473e-01    
5.89843e-01    1.46525e-01    
5.99870e-01    1.46579e-01    
6.10068e-01    1.46634e-01    
6.20439e-01    1.46690e-01    
6.30987e-01    1.46748e-01    
6.41714e-01    1.46808e-01    
6.52623e-01    1.46869e-01    
6.63717e-01    1.46932e-01    
6.75000e-01    1.46996e-01    
6.86475e-01    1.47062e-01    
6.98146e-01    1.47130e-01    
7.10014e-01    1.47200e-01    
7.22084e-01    1.47271e-01    
7.34360e-01    1.47344e-01    
7.46844e-01    1.47419e-01    
7.59540e-01    1.47495e-01    
7.72452e-01    1.47574e-01    
7.85584e-01    1.47654e-01    
7.98939e-01    1.47736e-01    
8.12521e-01    1.47820e-01    
8.26334e-01    1.47906e-01    
8.40382e-01    1.47993e-01    
8.54668e-01    1.48083e-01    
8.69197e-01    1.48174e-01    
8.83974e-01    1.48267e-01    
8.99001e-01    1.48362e-01    
9.14284e-01    1.48458e-01    
9.29827e-01    1.48557e-01    
9.45634e-01    1.48657e-01    
9.61710e-01    1.48759e-01    
9.78059e-01    1.48863e-01    
9.94686e-01    1.48968e-01    
1.01160e+00    1.49075e-01    
1.02879e+00    1.49184e-01    
1.04628e+00    1.49295e-01    
1.06407e+00    1.49407e-01    
1.08216e+00    1.49520e-01    
1.10056e+00    1.49635e-01    
1.11926e+00    1.49752e-01    
1.13829e+00    1.49869e-01    
1.15764e+00    1.49989e-01    
1.17732e+00    1.50109e-01    
1.19734e+00    1.50231e-01    
1.21769e+00    1.50354e-01    
1.23839e+00    1.50478e-01    
1.25945e+00    1.50603e-01    
1.28086e+00    1.50729e-01    
1.30263e+00    1.50856e-01    
1.32478e+00    1.50983e-01    
1.34730e+00    1.51111e-01    
1.37020e+00    1.51239e-01    
1.39349e+00    1.51367e-01    
1.41718e+00    1.51496e-01    
1.44128e+00    1.51624e-01    
1.46578e+00    1.51752e-01    
1.49070e+00    1.51880e-01    
1.51604e+00    1.52006e-01    
1.54181e+00    1.52132e-01    
1.56802e+00    1.52256e-01    
1.59468e+00    1.52379e-01    
1.62179e+00    1.52501e-01    
1.64936e+00    1.52620e-01    
1.67740e+00    1.52738e-01    
1.70591e+00    1.52853e-01    
1.73491e+00    1.52966e-01    
1.76441e+00    1.53076e-01    
1.79440e+00    1.53183e-01    
1.82491e+00    1.53288e-01    
1.85593e+00    1.53389e-01    
1.88748e+00    1.53488e-01    
1.91957e+00    1.53582e-01    
1.95220e+00    1.53674e-01    
1.98539e+00    1.53761e-01    
2.01914e+00    1.53844e-01    
2.05346e+00    1.53923e-01    
2.08837e+00    1.53997e-01    
2.12388e+00    1.54066e-01    
2.15998e+00    1.54129e-01    
2.19670e+00    1.54187e-01    
2.23405e+00    1.54239e-01    
2.27202e+00    1.54285e-01    
2.31065e+00    1.54324e-01    
2.34993e+00    1.54356e-01    
2.38988e+00    1.54382e-01    
2.43051e+00    1.54402e-01    
2.47183e+00    1.54414e-01    
2.51385e+00    1.54420e-01    
2.55658e+00    1.54420e-01    
2.60004e+00    1.54413e-01    
2.64424e+00    1.54401e-01    
2.68920e+00    1.54383e-01    
2.73491e+00    1.54359e-01    
2.78141e+00    1.54330e-01    
2.82869e+00    1.54295e-01    
2.87678e+00    1.54256e-01    
2.92568e+00    1.54211e-01    
2.97542e+00    1.54162e-01    
3.02600e+00    1.54108e-01    
3.07744e+00    1.54050e-01    
3.12976e+00    1.53988e-01    
3.18297e+00    1.53923e-01    
3.23708e+00    1.53855e-01    
3.29211e+00    1.53786e-01    
3.34807e+00    1.53717e-01    
3.40499e+00    1.53648e-01    
3.46288e+00    1.53583e-01    
3.52174e+00    1.53524e-01    
3.58161e+00    1.53472e-01    
3.64250e+00    1.53431e-01    
3.70442e+00    1.53403e-01    
3.76740e+00    1.53390e-01    
3.83145e+00    1.53393e-01    
3.89658e+00    1.53413e-01    
3.96282e+00    1.53449e-01    
4.03019e+00    1.53501e-01    
4.09870e+00    1.53565e-01    
4.16838e+00    1.53641e-01    
4.23924e+00    1.53726e-01    
4.31131e+00    1.53819e-01    
4.38460e+00    1.53916e-01    
4.45914e+00    1.54018e-01    
4.53495e+00    1.54122e-01    
4.61204e+00    1.54228e-01    
4.69045e+00    1.54336e-01    
4.77018e+00    1.54444e-01    
4.85128e+00    1.54552e-01    
4.93375e+00    1.54661e-01    
5.01762e+00    1.54769e-01    
5.10292e+00    1.54877e-01    
5.18967e+00    1.54985e-01    
5.27790e+00    1.55092e-01    
5.36762e+00    1.55198e-01    
5.45887e+00    1.55304e-01    
5.55167e+00    1.55409e-01    
5.64605e+00    1.55513e-01    
5.74203e+00    1.55617e-01    
5.83965e+00    1.55719e-01    
5.93892e+00    1.55821e-01    
6.03988e+00    1.55922e-01    
6.14256e+00    1.56022e-01    
6.24698e+00    1.56120e-01    
6.35318e+00    1.56218e-01    
6.46119e+00    1.56315e-01    
6.57103e+00    1.56411e-01    
6.68274e+00    1.56506e-01    
6.79634e+00    1.56599e-01    
6.91188e+00    1.56692e-01    
7.02938e+00    1.56785e-01    
7.14888e+00    1.56876e-01    
7.27041e+00    1.56967e-01    
7.39401e+00    1.57057e-01    
7.51971e+00    1.57147e-01    
7.64754e+00    1.57236e-01    
7.77755e+00    1.57326e-01    
7.90977e+00    1.57415e-01    
8.04424e+00    1.57504e-01    
8.18099e+00    1.57594e-01    
8.32007e+00    1.57684e-01    
8.46151e+00    1.57775e-01    
8.60535e+00    1.57867e-01    
8.75164e+00    1.57960e-01    
8.90042e+00    1.58055e-01    
9.05173e+00    1.58152e-01    
9.20561e+00    1.58250e-01    
9.36210e+00    1.58352e-01    
9.52126e+00    1.58455e-01    
9.68312e+00    1.58562e-01    
9.84773e+00    1.58670e-01    
1.00151e+01    1.58781e-01    
1.01854e+01    1.58894e-01    
1.03586e+01    1.59008e-01    
1.05347e+01    1.59123e-01    
1.07137e+01    1.59239e-01    
1.08959e+01    1.59355e-01    
1.10811e+01    1.59471e-01    
1.12695e+01    1.59587e-01    
1.14611e+01    1.59702e-01    
1.16559e+01    1.59817e-01    
1.18541e+01    1.59931e-01    
1.20556e+01    1.60045e-01    
1.22605e+01    1.60158e-01    
1.24689e+01    1.60272e-01    
1.26809e+01    1.60384e-01    
1.28965e+01    1.60497e-01    
1.31157e+01    1.60610e-01    
1.33387e+01    1.60722e-01    
1.35655e+01    1.60834e-01    
1.37961e+01    1.60947e-01    
1.40306e+01    1.61060e-01    
1.42691e+01    1.61172e-01    
1.45117e+01    1.61284e-01    
1.47584e+01    1.61397e-01    
1.50093e+01    1.61509e-01    
1.52645e+01    1.61620e-01    
1.55239e+01    1.61732e-01    
1.57879e+01    1.61843e-01    
1.60562e+01    1.61955e-01    
1.63292e+01    1.62066e-01    
1.66068e+01    1.62177e-01    
1.68891e+01    1.62287e-01    
1.71762e+01    1.62398e-01    
1.74682e+01    1.62508e-01    
1.77652e+01    1.62618e-01    
1.80672e+01    1.62729e-01    
1.83743e+01    1.62839e-01    
1.86867e+01    1.62948e-01    
1.90044e+01    1.63058e-01    
1.93275e+01    1.63168e-01    
1.96560e+01    1.63277e-01    
1.99902e+01    1.63387e-01    
2.03300e+01    1.63496e-01    
2.06756e+01    1.63605e-01    
2.10271e+01    1.63715e-01    
2.13846e+01    1.63825e-01    
2.17481e+01    1.63935e-01    
2.21178e+01    1.64045e-01    
2.24938e+01    1.64155e-01    
2.28762e+01    1.64266e-01    
2.32651e+01    1.64377e-01    
2.36606e+01    1.64488e-01    
2.40628e+01    1.64598e-01    
2.44719e+01    1.64709e-01    
2.48879e+01    1.64819e-01    
2.53110e+01    1.64929e-01    
2.57413e+01    1.65039e-01    
2.61789e+01    1.65148e-01    
2.66240e+01    1.65258e-01    
2.70766e+01    1.65367e-01    
2.75369e+01    1.65477e-01    
2.80050e+01    1.65586e-01    
2.84811e+01    1.65695e-01    
2.89653e+01    1.65804e-01    
2.94577e+01    1.65912e-01    
2.99585e+01    1.66021e-01    
3.04678e+01    1.66129e-01    
3.09857e+01    1.66238e-01    
3.15125e+01    1.66346e-01    
3.20482e+01    1.66454e-01    
3.25930e+01    1.66561e-01    
3.31471e+01    1.66669e-01    
3.37106e+01    1.66776e-01    
3.42837e+01    1.66884e-01    
3.48665e+01    1.66991e-01    
3.54592e+01    1.67098e-01    
3.60620e+01    1.67205e-01    
3.66751e+01    1.67312e-01    
3.72985e+01    1.67418e-01    
3.79326e+01    1.67524e-01    
3.85775e+01    1.67631e-01    
3.92333e+01    1.67737e-01    
3.99003e+01    1.67843e-01    
4.05786e+01    1.67948e-01    
4.12684e+01    1.68054e-01    
4.19700e+01    1.68159e-01    
4.26835e+01    1.68265e-01    
4.34091e+01    1.68370e-01    
4.41470e+01    1.68475e-01    
4.48975e+01    1.68579e-01    
4.56608e+01    1.68684e-01    
4.64370e+01    1.68788e-01    
4.72265e+01    1.68893e-01    
4.80293e+01    1.68997e-01    
4.88458e+01    1.69101e-01    
4.96762e+01    1.69204e-01    
5.05207e+01    1.69308e-01    
5.13795e+01    1.69411e-01    
5.22530e+01    1.69514e-01    
5.31413e+01    1.69617e-01    
5.40447e+01    1.69720e-01    
5.49634e+01    1.69823e-01    
5.58978e+01    1.69925e-01    
5.68481e+01    1.70027e-01    
5.78145e+01    1.70129e-01    
5.87974e+01    1.70231e-01    
5.97969e+01    1.70333e-01    
6.08135e+01    1.70434e-01    
6.18473e+01    1.70536e-01    
6.28987e+01    1.70637e-01    
6.39680e+01    1.70738e-01    
6.50554e+01    1.70838e-01    
6.61614e+01    1.70939e-01    
6.72861e+01    1.71039e-01    
6.84300e+01    1.71139e-01    
6.95933e+01    1.71239e-01    
7.07764e+01    1.71338e-01    
7.19796e+01    1.71438e-01    
7.32032e+01    1.71537e-01    
7.44477e+01    1.71636e-01    
7.57133e+01    1.71735e-01    
7.70004e+01    1.71833e-01    
7.83094e+01    1.71931e-01    
7.96407e+01    1.72029e-01    
8.09946e+01    1.72127e-01    
8.23715e+01    1.72225e-01    
8.37718e+01    1.72322e-01    
8.51959e+01    1.72419e-01    
8.66443e+01    1.72516e-01    
8.81172e+01    1.72612e-01    
8.96152e+01    1.72709e-01    
9.11387e+01    1.72805e-01    
9.26880e+01    1.72900e-01    
9.42637e+01    1.72996e-01    
9.58662e+01    1.73091e-01    
9.74959e+01    1.73186e-01    
9.91534e+01    1.73281e-01    
1.00839e+02    1.73375e-01    
1.02553e+02    1.73470e-01    
1.04297e+02    1.73563e-01    
1.06070e+02    1.73657e-01    
1.07873e+02    1.73750e-01    
1.09707e+02    1.73843e-01    
1.11572e+02    1.73936e-01    
1.13468e+02    1.74028e-01    
1.15397e+02    1.74120e-01    
1.17359e+02    1.74212e-01    
1.19354e+02    1.74303e-01    
1.21383e+02    1.74394e-01    
1.23447e+02    1.74485e-01    
1.25545e+02    1.74575e-01    
1.27680e+02    1.74665e-01    
1.29850e+02    1.74755e-01    
1.32058e+02    1.74844e-01    
1.34303e+02    1.74933e-01    
1.36586e+02    1.75021e-01    
1.38908e+02    1.75109e-01    
1.41269e+02    1.75197e-01    
1.43671e+02    1.75284e-01    
1.46113e+02    1.75370e-01    
1.48597e+02    1.75456e-01    
1.51123e+02    1.75542e-01    
1.53692e+02    1.75627e-01    
1.56305e+02    1.75712e-01    
1.58962e+02    1.75796e-01    
1.61665e+02    1.75880e-01    
1.64413e+02    1.75963e-01    
1.67208e+02    1.76046e-01    
1.70051e+02    1.76128e-01    
1.72941e+02    1.76209e-01    
1.75881e+02    1.76290e-01    
1.78871e+02    1.76370e-01    
1.81912e+02    1.76449e-01    
1.85005e+02    1.76528e-01    
1.88150e+02    1.76606e-01    
1.91348e+02    1.76684e-01    
1.94601e+02    1.76760e-01    
1.97910e+02    1.76836e-01    
2.01274e+02    1.76912e-01    
2.04696e+02    1.76986e-01    
2.08175e+02    1.77060e-01    
2.11714e+02    1.77133e-01    
2.15314e+02    1.77205e-01    
2.18974e+02    1.77277e-01    
2.22697e+02    1.77347e-01    
2.26482e+02    1.77417e-01    
2.30333e+02    1.77486e-01    
2.34248e+02    1.77554e-01    
2.38230e+02    1.77622e-01    
2.42280e+02    1.77688e-01    
2.46399e+02    1.77754e-01    
2.50588e+02    1.77819e-01    
2.54848e+02    1.77884e-01    
2.59180e+02    1.77947e-01    
2.63586e+02    1.78010e-01    
2.68067e+02    1.78072e-01    
2.72625e+02    1.78133e-01    
2.77259e+02    1.78193e-01    
2.81973e+02    1.78253e-01    
2.86766e+02    1.78312e-01    
2.91641e+02    1.78371e-01    
2.96599e+02    1.78429e-01    
3.01641e+02    1.78486e-01    
3.06769e+02    1.78542e-01    
3.11984e+02    1.78598e-01    
3.17288e+02    1.78654e-01    
3.22682e+02    1.78708e-01    
3.28167e+02    1.78763e-01    
3.33746e+02    1.78816e-01    
3.39420e+02    1.78870e-01    
3.45190e+02    1.78923e-01    
3.51058e+02    1.78975e-01    
3.57026e+02    1.79027e-01    
3.63096e+02    1.79078e-01    
3.69268e+02    1.79129e-01    
3.75546e+02    1.79180e-01    
3.81930e+02    1.79230e-01    
3.88423e+02    1.79280e-01    
3.95026e+02    1.79330e-01    
4.01742e+02    1.79379e-01    
4.08571e+02    1.79428e-01    
4.15517e+02    1.79477e-01    
4.22581e+02    1.79526e-01    
4.29765e+02    1.79574e-01    
4.37071e+02    1.79622e-01    
4.44501e+02    1.79669e-01    
4.52057e+02    1.79717e-01    
4.59742e+02    1.79764e-01    
4.67558e+02    1.79811e-01    
4.75507e+02    1.79857e-01    
4.83590e+02    1.79904e-01    
4.91811e+02    1.79950e-01    
5.00172e+02    1.79996e-01    
5.08675e+02    1.80042e-01    
5.17322e+02    1.80087e-01    
5.26117e+02    1.80133e-01    
5.35061e+02    1.80178e-01    
5.44157e+02    1.80223e-01    
5.53408e+02    1.80268e-01    
5.62816e+02    1.80313e-01    
5.72383e+02    1.80357e-01    
5.82114e+02    1.80402e-01    
5.92010e+02    1.80446e-01    
6.02074e+02    1.80490e-01    
6.12309e+02    1.80534e-01    
6.22719e+02    1.80577e-01    
6.33305e+02    1.80621e-01    
6.44071e+02    1.80664e-01    
6.55020e+02    1.80708e-01    
6.66156e+02    1.80751e-01    
6.77480e+02    1.80794e-01    
6.88997e+02    1.80837e-01    
7.00710e+02    1.80879e-01    
7.12622e+02    1.80922e-01    
7.24737e+02    1.80964e-01    
7.37058e+02    1.81006e-01    
7.49588e+02    1.81048e-01    
7.62331e+02    1.81090e-01    
7.75290e+02    1.81132e-01    
7.88470e+02    1.81174e-01    
8.01874e+02    1.81215e-01    
8.15506e+02    1.81257e-01    
8.29370e+02    1.81298e-01    
8.43469e+02    1.81339e-01    
8.57808e+02    1.81380e-01    
8.72391e+02    1.81421e-01    
8.87221e+02    1.81462e-01    
9.02304e+02    1.81502e-01    
9.17643e+02    1.81543e-01    
9.33243e+02    1.81583e-01    
9.49108e+02    1.81623e-01    
9.65243e+02    1.81663e-01    
9.81652e+02    1.81703e-01    
9.98340e+02    1.81743e-01    
1.01531e+03    1.81783e-01    
1.03257e+03    1.81822e-01    
1.05013e+03    1.81862e-01    
1.06798e+03    1.81901e-01    
1.08613e+03    1.81940e-01    
1.10460e+03    1.81979e-01    
1.12338e+03    1.82018e-01    
1.14247e+03    1.82057e-01    
1.16190e+03    1.82095e-01    
1.18165e+03    1.82134e-01    
1.20174e+03    1.82172e-01    
1.22217e+03    1.82210e-01    
1.24294e+03    1.82248e-01    
1.26407e+03    1.82286e-01    
1.28556e+03    1.82324e-01    
1.30742e+03    1.82362e-01    
1.32964e+03    1.82400e-01    
1.35225e+03    1.82437e-01    
1.37523e+03    1.82474e-01    
1.39861e+03    1.82512e-01    
1.42239e+03    1.82549e-01    
1.44657e+03    1.82586e-01    
1.47116e+03    1.82623e-01    
1.49617e+03    1.82659e-01    
1.52161e+03    1.82696e-01    
1.54747e+03    1.82732e-01    
1.57378e+03    1.82769e-01    
1.60054e+03    1.82805e-01    
1.62775e+03    1.82841e-01    
1.65542e+03    1.82877e-01    
1.68356e+03    1.82913e-01    
1.71218e+03    1.82948e-01    
1.74129e+03    1.82984e-01    
1.77089e+03    1.83019e-01    
1.80099e+03    1.83055e-01    
1.83161e+03    1.83090e-01    
1.86275e+03    1.83125e-01    
1.89441e+03    1.83160e-01    
1.92662e+03    1.83195e-01    
1.95937e+03    1.83230e-01    
1.99268e+03    1.83264e-01    
2.02656e+03    1.83299e-01    
2.06101e+03    1.83333e-01    
2.09605e+03    1.83367e-01    
2.13168e+03    1.83401e-01    
2.16792e+03    1.83435e-01    
2.20477e+03    1.83469e-01    
2.24225e+03    1.83503e-01    
2.28037e+03    1.83537e-01    
2.31914e+03    1.83570e-01    
2.35856e+03    1.83604e-01    
2.39866e+03    1.83637e-01    
2.43944e+03    1.83670e-01    
2.48091e+03    1.83703e-01    
2.52308e+03    1.83736e-01    
2.56597e+03    1.83769e-01    
2.60960e+03    1.83801e-01    
2.65396e+03    1.83834e-01    
2.69908e+03    1.83866e-01    
2.74496e+03    1.83899e-01    
2.79162e+03    1.83931e-01    
2.83908e+03    1.83963e-01    
2.88735e+03    1.83995e-01    
2.93643e+03    1.84027e-01    
2.98635e+03    1.84058e-01    
3.03712e+03    1.84090e-01    
3.08875e+03    1.84121e-01    
3.14126e+03    1.84153e-01    
3.19466e+03    1.84184e-01    
3.24897e+03    1.84215e-01    
3.30420e+03    1.84246e-01    
3.36037e+03    1.84277e-01    
3.41750e+03    1.84308e-01    
3.47560e+03    1.84338e-01    
3.53468e+03    1.84369e-01    
3.59477e+03    1.84399e-01    
3.65588e+03    1.84430e-01    
3.71803e+03    1.84460e-01    
3.78124e+03    1.84490e-01    
3.84552e+03    1.84520e-01    
3.91090e+03    1.84550e-01    
3.97738e+03    1.84579e-01    
4.04500e+03    1.84609e-01    
4.11376e+03    1.84638e-01    
4.18369e+03    1.84668e-01    
4.25482e+03    1.84697e-01    
4.32715e+03    1.84726e-01    
4.40071e+03    1.84755e-01    
4.47552e+03    1.84784e-01    
4.55161e+03    1.84813e-01    
4.62898e+03    1.84842e-01    
4.70768e+03    1.84870e-01    
4.78771e+03    1.84899e-01    
4.86910e+03    1.84927e-01    
4.95187e+03    1.84955e-01    
5.03606e+03    1.84984e-01    
5.12167e+03    1.85012e-01    
5.20874e+03    1.85040e-01    
5.29729e+03    1.85067e-01    
5.38734e+03    1.85095e-01    
5.47892e+03    1.85123e-01    
5.57207e+03    1.85150e-01    
5.66679e+03    1.85178e-01    
5.76313e+03    1.85205e-01    
5.86110e+03    1.85232e-01    
5.96074e+03    1.85259e-01    
6.06207e+03    1.85286e-01    
6.16513e+03    1.85313e-01    
6.26993e+03    1.85340e-01    
6.37652e+03    1.85366e-01    
6.48492e+03    1.85393e-01    
6.59517e+03    1.85419e-01    
6.70729e+03    1.85445e-01    
6.82131e+03    1.85472e-01    
6.93727e+03    1.85498e-01    
7.05521e+03    1.85524e-01    
7.17514e+03    1.85550e-01    
7.29712e+03    1.85575e-01    
7.42117e+03    1.85601e-01    
7.54733e+03    1.85627e-01    
7.67564e+03    1.85652e-01    
7.80612e+03    1.85677e-01    
7.93883e+03    1.85703e-01    
8.07379e+03    1.85728e-01    
8.21104e+03    1.85753e-01    
8.35063e+03    1.85778e-01    
8.49259e+03    1.85803e-01    
8.63697e+03    1.85827e-01    
8.78379e+03    1.85852e-01    
8.93312e+03    1.85876e-01    
9.08498e+03    1.85901e-01    
9.23943e+03    1.85925e-01    
9.39650e+03    1.85949e-01    
9.55624e+03    1.85974e-01    
9.71869e+03    1.85998e-01    
9.88391e+03    1.86022e-01    
1.00519e+04    1.86045e-01    
1.02228e+04    1.86069e-01    
1.03966e+04    1.86093e-01    
1.05734e+04    1.86116e-01    
1.07531e+04    1.86140e-01    
1.09359e+04    1.86163e-01    
1.11218e+04    1.86186e-01    
1.13109e+04    1.86209e-01    
1.15032e+04    1.86232e-01    
1.16987e+04    1.86255e-01    
1.18976e+04    1.86278e-01    
1.20999e+04    1.86301e-01    
1.23056e+04    1.86324e-01    
1.25148e+04    1.86346e-01    
1.27275e+04    1.86369e-01    
1.29439e+04    1.86391e-01    
1.31639e+04    1.86413e-01    
1.33877e+04    1.86435e-01    
1.36153e+04    1.86458e-01    
1.38468e+04    1.86479e-01    
1.40821e+04    1.86501e-01    
1.43215e+04    1.86523e-01    
1.45650e+04    1.86545e-01    
1.48126e+04    1.86566e-01    
1.50644e+04    1.86588e-01    
1.53205e+04    1.86609e-01    
1.55810e+04    1.86631e-01    
1.58459e+04    1.86652e-01    
1.61152e+04    1.86673e-01    
1.63892e+04    1.86694e-01    
1.66678e+04    1.86715e-01    
1.69512e+04    1.86736e-01    
1.72393e+04    1.86757e-01    
1.75324e+04    1.86777e-01    
1.78305e+04    1.86798e-01    
1.81336e+04    1.86819e-01    
1.84418e+04    1.86839e-01    
1.87554e+04    1.86859e-01    
1.90742e+04    1.86880e-01    
1.93985e+04    1.86900e-01    
1.97282e+04    1.86920e-01    
2.00636e+04    1.86940e-01    
2.04047e+04    1.86960e-01    
2.07516e+04    1.86979e-01    
2.11043e+04    1.86999e-01    
2.14631e+04    1.87019e-01    
2.18280e+04    1.87038e-01    
2.21991e+04    1.87058e-01    
2.25765e+04    1.87077e-01    
2.29603e+04    1.87096e-01    
2.33506e+04    1.87116e-01    
2.37475e+04    1.87135e-01    
2.41512e+04    1.87154e-01    
2.45618e+04    1.87173e-01    
2.49794e+04    1.87192e-01    
2.54040e+04    1.87210e-01    
2.58359e+04    1.87229e-01    
2.62751e+04    1.87248e-01    
2.67218e+04    1.87266e-01    
2.71760e+04    1.87285e-01    
2.76380e+04    1.87303e-01    
2.81079e+04    1.87321e-01    
2.85857e+04    1.87339e-01    
2.90717e+04    1.87358e-01    
2.95659e+04    1.87376e-01    
3.00685e+04    1.87394e-01    
3.05797e+04    1.87411e-01    
3.10995e+04    1.87429e-01    
3.16282e+04    1.87447e-01    
3.21659e+04    1.87465e-01    
3.27127e+04    1.87482e-01    
3.32688e+04    1.87500e-01    
3.38344e+04    1.87517e-01    
3.44096e+04    1.87534e-01    
3.49946e+04    1.87552e-01    
3.55895e+04    1.87569e-01    
3.61945e+04    1.87586e-01    
3.68098e+04    1.87603e-01    
3.74356e+04    1.87620e-01    
3.80720e+04    1.87637e-01    
3.87192e+04    1.87653e-01    
3.93774e+04    1.87670e-01    
4.00468e+04    1.87687e-01    
4.07276e+04    1.87703e-01    
4.14200e+04    1.87720e-01    
4.21242e+04    1.87736e-01    
4.28403e+04    1.87752e-01    
4.35685e+04    1.87769e-01    
4.43092e+04    1.87785e-01    
4.50625e+04    1.87801e-01    
4.58285e+04    1.87817e-01    
4.66076e+04    1.87833e-01    
4.73999e+04    1.87849e-01    
4.82057e+04    1.87864e-01    
4.90252e+04    1.87880e-01    
4.98587e+04    1.87896e-01    
5.07063e+04    1.87911e-01    
5.15683e+04    1.87927e-01    
5.24449e+04    1.87942e-01    
5.33365e+04    1.87958e-01    
5.42432e+04    1.87973e-01    
5.51654e+04    1.87988e-01    
5.61032e+04    1.88003e-01    
5.70569e+04    1.88018e-01    
5.80269e+04    1.88033e-01    
5.90134e+04    1.88048e-01    
6.00166e+04    1.88063e-01    
6.10369e+04    1.88078e-01    
6.20745e+04    1.88093e-01    
6.31298e+04    1.88107e-01    
6.42030e+04    1.88122e-01    
6.52944e+04    1.88137e-01    
6.64044e+04    1.88151e-01    
6.75333e+04    1.88165e-01    
6.86814e+04    1.88180e-01    
6.98489e+04    1.88194e-01    
7.10364e+04    1.88208e-01    
7.22440e+04    1.88222e-01    
7.34722e+04    1.88236e-01    
7.47212e+04    1.88250e-01    
7.59914e+04    1.88264e-01    
7.72833e+04    1.88278e-01    
7.85971e+04    1.88292e-01    
7.99333e+04    1.88306e-01    
8.12921e+04    1.88319e-01    
8.26741e+04    1.88333e-01    
8.40796e+04    1.88346e-01    
8.55089e+04    1.88360e-01    
8.69626e+04    1.88373e-01    
8.84409e+04    1.88387e-01    
8.99444e+04    1.88400e-01    
9.14735e+04    1.88413e-01    
9.30285e+04    1.88426e-01    
9.46100e+04    1.88439e-01    
9.62184e+04    1.88452e-01    
9.78541e+04    1.88465e-01    
9.95176e+04    1.88478e-01    
1.01209e+05    1.88491e-01    
1.02930e+05    1.88504e-01    
1.04680e+05    1.88517e-01    
1.06459e+05    1.88529e-01    
1.08269e+05    1.88542e-01    
1.10110e+05    1.88554e-01    
1.11982e+05    1.88567e-01    
1.13885e+05    1.88579e-01    
1.15821e+05    1.88592e-01    
1.17790e+05    1.88604e-01    
1.19793e+05    1.88616e-01    
1.21829e+05    1.88628e-01    
1.23900e+05    1.88641e-01    
1.26007e+05    1.88653e-01    
1.28149e+05    1.88665e-01    
1.30327e+05    1.88677e-01    
1.32543e+05    1.88688e-01    
1.34796e+05    1.88700e-01    
1.37088e+05    1.88712e-01    
1.39418e+05    1.88724e-01    
1.41788e+05    1.88735e-01    
1.44199e+05    1.88747e-01    
1.46650e+05    1.88759e-01    
1.49143e+05    1.88770e-01    
1.51678e+05    1.88782e-01    
1.54257e+05    1.88793e-01    
1.56879e+05    1.88804e-01    
1.59546e+05    1.88816e-01    
1.62259e+05    1.88827e-01    
1.65017e+05    1.88838e-01    
1.67822e+05    1.88849e-01    
1.70675e+05    1.88860e-01    
1.73577e+05    1.88871e-01    
1.76528e+05    1.88882e-01    
1.79529e+05    1.88893e-01    
1.82581e+05    1.88904e-01    
1.85684e+05    1.88915e-01    
1.88841e+05    1.88925e-01    
1.92051e+05    1.88936e-01    
1.95316e+05    1.88947e-01    
1.98637e+05    1.88957e-01    
2.02013e+05    1.88968e-01    
2.05448e+05    1.88978e-01    
2.08940e+05    1.88989e-01    
2.12492e+05    1.88999e-01    
2.16105e+05    1.89009e-01    
2.19778e+05    1.89020e-01    
2.23515e+05    1.89030e-01    
2.27314e+05    1.89040e-01    
2.31179e+05    1.89050e-01    
2.35109e+05    1.89060e-01    
2.39106e+05    1.89070e-01    
2.43170e+05    1.89080e-01    
2.47304e+05    1.89090e-01    
2.51508e+05    1.89100e-01    
2.55784e+05    1.89110e-01    
2.60132e+05    1.89120e-01    
2.64555e+05    1.89129e-01    
2.69052e+05    1.89139e-01    
2.73626e+05    1.89149e-01    
2.78278e+05    1.89158e-01    
2.83008e+05    1.89168e-01    
2.87820e+05    1.89177e-01    
2.92712e+05    1.89187e-01    
2.97689e+05    1.89196e-01    
3.02749e+05    1.89206e-01    
3.07896e+05    1.89215e-01    
3.13130e+05    1.89224e-01    
3.18454e+05    1.89233e-01    
3.23867e+05    1.89243e-01    
3.29373e+05    1.89252e-01    
3.34972e+05    1.89261e-01    
3.40667e+05    1.89270e-01    
3.46458e+05    1.89279e-01    
3.52348e+05    1.89288e-01    
3.58338e+05    1.89297e-01    
3.64430e+05    1.89306e-01    
3.70625e+05    1.89314e-01    
3.76926e+05    1.89323e-01    
3.83333e+05    1.89332e-01    
3.89850e+05    1.89341e-01    
3.96477e+05    1.89349e-01    
4.03218e+05    1.89358e-01    
4.10072e+05    1.89366e-01    
4.17044e+05    1.89375e-01    
4.24133e+05    1.89383e-01    
4.31344e+05    1.89392e-01    
4.38676e+05    1.89400e-01    
4.46134e+05    1.89409e-01    
4.53718e+05    1.89417e-01    
4.61431e+05    1.89425e-01    
4.69276e+05    1.89433e-01    
4.77253e+05    1.89442e-01    
4.85367e+05    1.89450e-01    
4.93618e+05    1.89458e-01    
5.02009e+05    1.89466e-01    
5.10544e+05    1.89474e-01    
5.19223e+05    1.89482e-01    
5.28050e+05    1.89490e-01    
5.37027e+05    1.89498e-01    
5.46156e+05    1.89506e-01    
5.55441e+05    1.89513e-01    
5.64883e+05    1.89521e-01    
5.74486e+05    1.89529e-01    
5.84252e+05    1.89537e-01    
5.94185e+05    1.89544e-01    
6.04286e+05    1.89552e-01    
6.14559e+05    1.89559e-01    
6.25006e+05    1.89567e-01    
6.35631e+05    1.89574e-01    
6.46437e+05    1.89582e-01    
6.57427e+05    1.89589e-01    
6.68603e+05    1.89597e-01    
6.79969e+05    1.89604e-01    
6.91529e+05    1.89611e-01    
7.03284e+05    1.89619e-01    
7.15240e+05    1.89626e-01    
7.27399e+05    1.89633e-01    
7.39765e+05    1.89640e-01    
7.52341e+05    1.89648e-01    
7.65131e+05    1.89655e-01    
7.78138e+05    1.89662e-01    
7.91367e+05    1.89669e-01    
8.04820e+05    1.89676e-01    
8.18502e+05    1.89683e-01    
8.32416e+05    1.89690e-01    
8.46567e+05    1.89697e-01    
8.60959e+05    1.89703e-01    
8.75595e+05    1.89710e-01    
8.90481e+05    1.89717e-01    
9.05619e+05    1.89724e-01    
9.21014e+05    1.89730e-01    
9.36672e+05    1.89737e-01    
9.52595e+05    1.89744e-01    
9.68789e+05    1.89750e-01    
9.85258e+05    1.89757e-01    
1.00201e+06    1.89764e-01    
1.01904e+06    1.89770e-01    
1.03637e+06    1.89777e-01    
1.05398e+06    1.89783e-01    
1.07190e+06    1.89789e-01    
1.09012e+06    1.89796e-01    
1.10866e+06    1.89802e-01    
1.12750e+06    1.89809e-01    
1.14667e+06    1.89815e-01    
1.16616e+06    1.89821e-01    
1.18599e+06    1.89827e-01    
1.20615e+06    1.89833e-01    
1.22666e+06    1.89840e-01    
1.24751e+06    1.89846e-01    
1.26872e+06    1.89852e-01    
1.29028e+06    1.89858e-01    
1.31222e+06    1.89864e-01    
1.33453e+06    1.89870e-01    
1.35721e+06    1.89876e-01    
1.38029e+06    1.89882e-01    
1.40375e+06    1.89888e-01    
1.42762e+06    1.89894e-01    
1.45188e+06    1.89900e-01    
1.47657e+06    1.89905e-01    
1.50167e+06    1.89911e-01    
1.52720e+06    1.89917e-01    
1.55316e+06    1.89923e-01    
1.57956e+06    1.89928e-01    
1.60642e+06    1.89934e-01    
1.63372e+06    1.89940e-01    
1.66150e+06    1.89945e-01    
1.68974e+06    1.89951e-01    
1.71847e+06    1.89956e-01    
1.74768e+06    1.89962e-01    
1.77739e+06    1.89968e-01    
1.80761e+06    1.89973e-01    
1.83834e+06    1.89978e-01    
1.86959e+06    1.89984e-01    
1.90137e+06    1.89989e-01    
1.93370e+06    1.89995e-01    
1.96657e+06    1.90000e-01    
2.00000e+06    1.90005e-01    

