# USINE V4.0
# File generated 12-05-2022 05:02:49
# Model1DKisoVc
# F/SI
# SolMod0DFF_phi0_670GV
# R [GV]       TOA [-]
9.24751e-02    1.04804e-01    
9.40518e-02    1.04820e-01    
9.56554e-02    1.04836e-01    
9.72864e-02    1.04853e-01    
9.89451e-02    1.04870e-01    
1.00632e-01    1.04887e-01    
1.02348e-01    1.04905e-01    
1.04093e-01    1.04923e-01    
1.05868e-01    1.04941e-01    
1.07673e-01    1.04959e-01    
1.09509e-01    1.04978e-01    
1.11376e-01    1.04997e-01    
1.13275e-01    1.05017e-01    
1.15206e-01    1.05037e-01    
1.17170e-01    1.05057e-01    
1.19168e-01    1.05077e-01    
1.21200e-01    1.05098e-01    
1.23266e-01    1.05119e-01    
1.25368e-01    1.05141e-01    
1.27506e-01    1.05163e-01    
1.29680e-01    1.05185e-01    
1.31891e-01    1.05208e-01    
1.34139e-01    1.05231e-01    
1.36427e-01    1.05254e-01    
1.38753e-01    1.05278e-01    
1.41118e-01    1.05302e-01    
1.43524e-01    1.05327e-01    
1.45972e-01    1.05352e-01    
1.48460e-01    1.05378e-01    
1.50992e-01    1.05404e-01    
1.53566e-01    1.05430e-01    
1.56184e-01    1.05457e-01    
1.58847e-01    1.05484e-01    
1.61556e-01    1.05512e-01    
1.64310e-01    1.05541e-01    
1.67112e-01    1.05569e-01    
1.69961e-01    1.05599e-01    
1.72859e-01    1.05628e-01    
1.75806e-01    1.05659e-01    
1.78804e-01    1.05689e-01    
1.81852e-01    1.05721e-01    
1.84953e-01    1.05753e-01    
1.88106e-01    1.05785e-01    
1.91314e-01    1.05818e-01    
1.94576e-01    1.05851e-01    
1.97893e-01    1.05886e-01    
2.01267e-01    1.05920e-01    
2.04699e-01    1.05956e-01    
2.08189e-01    1.05993e-01    
2.11739e-01    1.06031e-01    
2.15349e-01    1.06071e-01    
2.19020e-01    1.06112e-01    
2.22755e-01    1.06154e-01    
2.26553e-01    1.06197e-01    
2.30416e-01    1.06242e-01    
2.34344e-01    1.06289e-01    
2.38340e-01    1.06337e-01    
2.42403e-01    1.06386e-01    
2.46536e-01    1.06438e-01    
2.50740e-01    1.06491e-01    
2.55015e-01    1.06545e-01    
2.59363e-01    1.06602e-01    
2.63785e-01    1.06660e-01    
2.68283e-01    1.06720e-01    
2.72857e-01    1.06783e-01    
2.77509e-01    1.06847e-01    
2.82241e-01    1.06913e-01    
2.87053e-01    1.06982e-01    
2.91947e-01    1.07053e-01    
2.96925e-01    1.07126e-01    
3.01988e-01    1.07201e-01    
3.07137e-01    1.07279e-01    
3.12373e-01    1.07359e-01    
3.17699e-01    1.07442e-01    
3.23116e-01    1.07528e-01    
3.28625e-01    1.07616e-01    
3.34228e-01    1.07707e-01    
3.39927e-01    1.07802e-01    
3.45723e-01    1.07899e-01    
3.51617e-01    1.07999e-01    
3.57613e-01    1.08102e-01    
3.63710e-01    1.08209e-01    
3.69911e-01    1.08318e-01    
3.76218e-01    1.08432e-01    
3.82633e-01    1.08548e-01    
3.89157e-01    1.08669e-01    
3.95792e-01    1.08793e-01    
4.02540e-01    1.08921e-01    
4.09404e-01    1.09053e-01    
4.16384e-01    1.09189e-01    
4.23483e-01    1.09329e-01    
4.30704e-01    1.09473e-01    
4.38047e-01    1.09622e-01    
4.45516e-01    1.09775e-01    
4.53112e-01    1.09932e-01    
4.60838e-01    1.10095e-01    
4.68695e-01    1.10262e-01    
4.76686e-01    1.10433e-01    
4.84814e-01    1.10610e-01    
4.93080e-01    1.10792e-01    
5.01487e-01    1.10979e-01    
5.10037e-01    1.11172e-01    
5.18734e-01    1.11370e-01    
5.27578e-01    1.11573e-01    
5.36573e-01    1.11782e-01    
5.45722e-01    1.11997e-01    
5.55027e-01    1.12218e-01    
5.64490e-01    1.12444e-01    
5.74115e-01    1.12677e-01    
5.83903e-01    1.12916e-01    
5.93859e-01    1.13161e-01    
6.03984e-01    1.13412e-01    
6.14282e-01    1.13670e-01    
6.24756e-01    1.13934e-01    
6.35408e-01    1.14205e-01    
6.46242e-01    1.14483e-01    
6.57260e-01    1.14767e-01    
6.68467e-01    1.15058e-01    
6.79864e-01    1.15356e-01    
6.91456e-01    1.15660e-01    
7.03245e-01    1.15972e-01    
7.15235e-01    1.16290e-01    
7.27430e-01    1.16616e-01    
7.39833e-01    1.16948e-01    
7.52447e-01    1.17287e-01    
7.65277e-01    1.17633e-01    
7.78325e-01    1.17986e-01    
7.91595e-01    1.18346e-01    
8.05092e-01    1.18712e-01    
8.18819e-01    1.19085e-01    
8.32780e-01    1.19465e-01    
8.46979e-01    1.19851e-01    
8.61420e-01    1.20244e-01    
8.76107e-01    1.20643e-01    
8.91045e-01    1.21047e-01    
9.06237e-01    1.21458e-01    
9.21689e-01    1.21874e-01    
9.37404e-01    1.22296e-01    
9.53386e-01    1.22723e-01    
9.69642e-01    1.23156e-01    
9.86174e-01    1.23593e-01    
1.00299e+00    1.24035e-01    
1.02009e+00    1.24481e-01    
1.03748e+00    1.24932e-01    
1.05517e+00    1.25387e-01    
1.07316e+00    1.25845e-01    
1.09146e+00    1.26308e-01    
1.11007e+00    1.26774e-01    
1.12900e+00    1.27245e-01    
1.14825e+00    1.27719e-01    
1.16782e+00    1.28196e-01    
1.18773e+00    1.28678e-01    
1.20799e+00    1.29163e-01    
1.22858e+00    1.29653e-01    
1.24953e+00    1.30146e-01    
1.27083e+00    1.30643e-01    
1.29250e+00    1.31145e-01    
1.31454e+00    1.31651e-01    
1.33695e+00    1.32162e-01    
1.35975e+00    1.32677e-01    
1.38293e+00    1.33197e-01    
1.40651e+00    1.33722e-01    
1.43049e+00    1.34253e-01    
1.45488e+00    1.34788e-01    
1.47969e+00    1.35328e-01    
1.50492e+00    1.35873e-01    
1.53058e+00    1.36424e-01    
1.55667e+00    1.36979e-01    
1.58321e+00    1.37540e-01    
1.61021e+00    1.38107e-01    
1.63766e+00    1.38679e-01    
1.66558e+00    1.39256e-01    
1.69398e+00    1.39839e-01    
1.72286e+00    1.40429e-01    
1.75224e+00    1.41024e-01    
1.78212e+00    1.41626e-01    
1.81250e+00    1.42235e-01    
1.84340e+00    1.42850e-01    
1.87483e+00    1.43471e-01    
1.90680e+00    1.44099e-01    
1.93931e+00    1.44734e-01    
1.97238e+00    1.45376e-01    
2.00601e+00    1.46023e-01    
2.04021e+00    1.46676e-01    
2.07499e+00    1.47334e-01    
2.11037e+00    1.47996e-01    
2.14636e+00    1.48661e-01    
2.18295e+00    1.49325e-01    
2.22017e+00    1.49987e-01    
2.25802e+00    1.50644e-01    
2.29652e+00    1.51295e-01    
2.33568e+00    1.51937e-01    
2.37550e+00    1.52567e-01    
2.41601e+00    1.53185e-01    
2.45720e+00    1.53788e-01    
2.49910e+00    1.54374e-01    
2.54170e+00    1.54944e-01    
2.58504e+00    1.55498e-01    
2.62912e+00    1.56035e-01    
2.67394e+00    1.56556e-01    
2.71953e+00    1.57061e-01    
2.76590e+00    1.57551e-01    
2.81306e+00    1.58025e-01    
2.86102e+00    1.58483e-01    
2.90981e+00    1.58926e-01    
2.95942e+00    1.59353e-01    
3.00988e+00    1.59764e-01    
3.06119e+00    1.60158e-01    
3.11339e+00    1.60534e-01    
3.16647e+00    1.60892e-01    
3.22046e+00    1.61229e-01    
3.27537e+00    1.61544e-01    
3.33122e+00    1.61835e-01    
3.38801e+00    1.62098e-01    
3.44578e+00    1.62331e-01    
3.50453e+00    1.62530e-01    
3.56428e+00    1.62694e-01    
3.62505e+00    1.62819e-01    
3.68686e+00    1.62905e-01    
3.74972e+00    1.62948e-01    
3.81366e+00    1.62951e-01    
3.87868e+00    1.62913e-01    
3.94481e+00    1.62837e-01    
4.01207e+00    1.62728e-01    
4.08048e+00    1.62589e-01    
4.15005e+00    1.62426e-01    
4.22081e+00    1.62242e-01    
4.29277e+00    1.62041e-01    
4.36597e+00    1.61830e-01    
4.44041e+00    1.61611e-01    
4.51611e+00    1.61386e-01    
4.59311e+00    1.61159e-01    
4.67143e+00    1.60931e-01    
4.75108e+00    1.60701e-01    
4.83208e+00    1.60472e-01    
4.91447e+00    1.60243e-01    
4.99826e+00    1.60013e-01    
5.08348e+00    1.59783e-01    
5.17016e+00    1.59552e-01    
5.25831e+00    1.59319e-01    
5.34796e+00    1.59084e-01    
5.43915e+00    1.58846e-01    
5.53188e+00    1.58603e-01    
5.62620e+00    1.58357e-01    
5.72213e+00    1.58104e-01    
5.81969e+00    1.57846e-01    
5.91892e+00    1.57581e-01    
6.01984e+00    1.57309e-01    
6.12248e+00    1.57028e-01    
6.22687e+00    1.56739e-01    
6.33304e+00    1.56439e-01    
6.44101e+00    1.56129e-01    
6.55083e+00    1.55808e-01    
6.66253e+00    1.55475e-01    
6.77612e+00    1.55129e-01    
6.89166e+00    1.54771e-01    
7.00916e+00    1.54399e-01    
7.12867e+00    1.54014e-01    
7.25021e+00    1.53615e-01    
7.37383e+00    1.53203e-01    
7.49955e+00    1.52778e-01    
7.62742e+00    1.52340e-01    
7.75747e+00    1.51891e-01    
7.88974e+00    1.51430e-01    
8.02426e+00    1.50959e-01    
8.16107e+00    1.50479e-01    
8.30022e+00    1.49989e-01    
8.44174e+00    1.49492e-01    
8.58567e+00    1.48987e-01    
8.73206e+00    1.48477e-01    
8.88094e+00    1.47961e-01    
9.03236e+00    1.47442e-01    
9.18636e+00    1.46920e-01    
9.34299e+00    1.46397e-01    
9.50229e+00    1.45873e-01    
9.66430e+00    1.45350e-01    
9.82908e+00    1.44828e-01    
9.99667e+00    1.44309e-01    
1.01671e+01    1.43792e-01    
1.03405e+01    1.43277e-01    
1.05168e+01    1.42762e-01    
1.06961e+01    1.42248e-01    
1.08785e+01    1.41733e-01    
1.10639e+01    1.41217e-01    
1.12526e+01    1.40698e-01    
1.14444e+01    1.40175e-01    
1.16396e+01    1.39648e-01    
1.18380e+01    1.39117e-01    
1.20399e+01    1.38581e-01    
1.22451e+01    1.38040e-01    
1.24539e+01    1.37496e-01    
1.26663e+01    1.36949e-01    
1.28822e+01    1.36398e-01    
1.31019e+01    1.35844e-01    
1.33252e+01    1.35289e-01    
1.35524e+01    1.34731e-01    
1.37835e+01    1.34171e-01    
1.40185e+01    1.33610e-01    
1.42575e+01    1.33048e-01    
1.45006e+01    1.32484e-01    
1.47479e+01    1.31918e-01    
1.49993e+01    1.31349e-01    
1.52551e+01    1.30779e-01    
1.55152e+01    1.30208e-01    
1.57797e+01    1.29634e-01    
1.60487e+01    1.29060e-01    
1.63224e+01    1.28484e-01    
1.66007e+01    1.27906e-01    
1.68837e+01    1.27328e-01    
1.71716e+01    1.26748e-01    
1.74644e+01    1.26168e-01    
1.77621e+01    1.25586e-01    
1.80650e+01    1.25004e-01    
1.83730e+01    1.24420e-01    
1.86863e+01    1.23837e-01    
1.90049e+01    1.23252e-01    
1.93289e+01    1.22667e-01    
1.96584e+01    1.22082e-01    
1.99936e+01    1.21497e-01    
2.03345e+01    1.20911e-01    
2.06812e+01    1.20325e-01    
2.10338e+01    1.19738e-01    
2.13925e+01    1.19152e-01    
2.17572e+01    1.18565e-01    
2.21282e+01    1.17979e-01    
2.25055e+01    1.17393e-01    
2.28892e+01    1.16806e-01    
2.32794e+01    1.16220e-01    
2.36764e+01    1.15634e-01    
2.40800e+01    1.15048e-01    
2.44906e+01    1.14463e-01    
2.49082e+01    1.13877e-01    
2.53329e+01    1.13293e-01    
2.57648e+01    1.12708e-01    
2.62041e+01    1.12124e-01    
2.66509e+01    1.11540e-01    
2.71053e+01    1.10957e-01    
2.75674e+01    1.10374e-01    
2.80375e+01    1.09792e-01    
2.85155e+01    1.09210e-01    
2.90017e+01    1.08629e-01    
2.94962e+01    1.08049e-01    
2.99991e+01    1.07469e-01    
3.05106e+01    1.06890e-01    
3.10308e+01    1.06312e-01    
3.15599e+01    1.05735e-01    
3.20979e+01    1.05159e-01    
3.26452e+01    1.04583e-01    
3.32018e+01    1.04008e-01    
3.37679e+01    1.03435e-01    
3.43437e+01    1.02862e-01    
3.49292e+01    1.02290e-01    
3.55248e+01    1.01720e-01    
3.61305e+01    1.01150e-01    
3.67465e+01    1.00581e-01    
3.73730e+01    1.00014e-01    
3.80103e+01    9.94477e-02    
3.86583e+01    9.88826e-02    
3.93175e+01    9.83187e-02    
3.99878e+01    9.77560e-02    
4.06696e+01    9.71946e-02    
4.13630e+01    9.66345e-02    
4.20683e+01    9.60757e-02    
4.27856e+01    9.55183e-02    
4.35151e+01    9.49622e-02    
4.42570e+01    9.44075e-02    
4.50116e+01    9.38542e-02    
4.57790e+01    9.33023e-02    
4.65596e+01    9.27519e-02    
4.73534e+01    9.22030e-02    
4.81608e+01    9.16556e-02    
4.89819e+01    9.11097e-02    
4.98171e+01    9.05654e-02    
5.06665e+01    9.00226e-02    
5.15303e+01    8.94815e-02    
5.24089e+01    8.89419e-02    
5.33025e+01    8.84040e-02    
5.42113e+01    8.78678e-02    
5.51356e+01    8.73332e-02    
5.60757e+01    8.68003e-02    
5.70318e+01    8.62691e-02    
5.80042e+01    8.57397e-02    
5.89932e+01    8.52120e-02    
5.99990e+01    8.46861e-02    
6.10220e+01    8.41619e-02    
6.20624e+01    8.36396e-02    
6.31206e+01    8.31191e-02    
6.41968e+01    8.26004e-02    
6.52914e+01    8.20836e-02    
6.64046e+01    8.15687e-02    
6.75368e+01    8.10557e-02    
6.86883e+01    8.05445e-02    
6.98595e+01    8.00353e-02    
7.10506e+01    7.95280e-02    
7.22620e+01    7.90227e-02    
7.34941e+01    7.85193e-02    
7.47472e+01    7.80179e-02    
7.60216e+01    7.75186e-02    
7.73178e+01    7.70212e-02    
7.86361e+01    7.65259e-02    
7.99768e+01    7.60326e-02    
8.13404e+01    7.55414e-02    
8.27273e+01    7.50523e-02    
8.41378e+01    7.45652e-02    
8.55724e+01    7.40803e-02    
8.70314e+01    7.35974e-02    
8.85153e+01    7.31168e-02    
9.00245e+01    7.26382e-02    
9.15594e+01    7.21619e-02    
9.31205e+01    7.16877e-02    
9.47082e+01    7.12158e-02    
9.63230e+01    7.07460e-02    
9.79653e+01    7.02785e-02    
9.96356e+01    6.98133e-02    
1.01334e+02    6.93503e-02    
1.03062e+02    6.88896e-02    
1.04819e+02    6.84313e-02    
1.06607e+02    6.79752e-02    
1.08424e+02    6.75216e-02    
1.10273e+02    6.70703e-02    
1.12153e+02    6.66214e-02    
1.14065e+02    6.61749e-02    
1.16010e+02    6.57309e-02    
1.17988e+02    6.52893e-02    
1.20000e+02    6.48503e-02    
1.22046e+02    6.44137e-02    
1.24127e+02    6.39798e-02    
1.26243e+02    6.35484e-02    
1.28396e+02    6.31196e-02    
1.30585e+02    6.26935e-02    
1.32811e+02    6.22701e-02    
1.35076e+02    6.18494e-02    
1.37379e+02    6.14315e-02    
1.39721e+02    6.10163e-02    
1.42103e+02    6.06040e-02    
1.44526e+02    6.01946e-02    
1.46990e+02    5.97882e-02    
1.49496e+02    5.93847e-02    
1.52045e+02    5.89842e-02    
1.54638e+02    5.85868e-02    
1.57274e+02    5.81925e-02    
1.59956e+02    5.78015e-02    
1.62683e+02    5.74136e-02    
1.65457e+02    5.70291e-02    
1.68278e+02    5.66479e-02    
1.71147e+02    5.62700e-02    
1.74065e+02    5.58957e-02    
1.77033e+02    5.55249e-02    
1.80052e+02    5.51576e-02    
1.83121e+02    5.47940e-02    
1.86244e+02    5.44341e-02    
1.89419e+02    5.40780e-02    
1.92649e+02    5.37256e-02    
1.95933e+02    5.33771e-02    
1.99274e+02    5.30325e-02    
2.02672e+02    5.26918e-02    
2.06127e+02    5.23551e-02    
2.09642e+02    5.20225e-02    
2.13216e+02    5.16938e-02    
2.16852e+02    5.13693e-02    
2.20549e+02    5.10489e-02    
2.24309e+02    5.07325e-02    
2.28134e+02    5.04203e-02    
2.32024e+02    5.01122e-02    
2.35980e+02    4.98082e-02    
2.40003e+02    4.95082e-02    
2.44095e+02    4.92124e-02    
2.48257e+02    4.89205e-02    
2.52490e+02    4.86327e-02    
2.56795e+02    4.83488e-02    
2.61173e+02    4.80688e-02    
2.65626e+02    4.77926e-02    
2.70155e+02    4.75201e-02    
2.74761e+02    4.72514e-02    
2.79446e+02    4.69862e-02    
2.84211e+02    4.67246e-02    
2.89056e+02    4.64664e-02    
2.93985e+02    4.62115e-02    
2.98997e+02    4.59599e-02    
3.04095e+02    4.57115e-02    
3.09280e+02    4.54660e-02    
3.14553e+02    4.52236e-02    
3.19916e+02    4.49840e-02    
3.25371e+02    4.47472e-02    
3.30919e+02    4.45130e-02    
3.36561e+02    4.42814e-02    
3.42299e+02    4.40523e-02    
3.48136e+02    4.38255e-02    
3.54071e+02    4.36011e-02    
3.60108e+02    4.33788e-02    
3.66248e+02    4.31587e-02    
3.72493e+02    4.29406e-02    
3.78844e+02    4.27245e-02    
3.85303e+02    4.25103e-02    
3.91872e+02    4.22978e-02    
3.98554e+02    4.20872e-02    
4.05349e+02    4.18782e-02    
4.12261e+02    4.16708e-02    
4.19290e+02    4.14650e-02    
4.26439e+02    4.12607e-02    
4.33709e+02    4.10579e-02    
4.41104e+02    4.08565e-02    
4.48625e+02    4.06564e-02    
4.56274e+02    4.04577e-02    
4.64054e+02    4.02602e-02    
4.71966e+02    4.00640e-02    
4.80013e+02    3.98689e-02    
4.88197e+02    3.96751e-02    
4.96521e+02    3.94824e-02    
5.04987e+02    3.92908e-02    
5.13597e+02    3.91002e-02    
5.22354e+02    3.89108e-02    
5.31260e+02    3.87223e-02    
5.40318e+02    3.85349e-02    
5.49530e+02    3.83485e-02    
5.58900e+02    3.81630e-02    
5.68429e+02    3.79785e-02    
5.78121e+02    3.77949e-02    
5.87978e+02    3.76122e-02    
5.98003e+02    3.74305e-02    
6.08199e+02    3.72496e-02    
6.18569e+02    3.70696e-02    
6.29116e+02    3.68905e-02    
6.39842e+02    3.67122e-02    
6.50752e+02    3.65348e-02    
6.61847e+02    3.63582e-02    
6.73131e+02    3.61824e-02    
6.84608e+02    3.60074e-02    
6.96281e+02    3.58332e-02    
7.08153e+02    3.56599e-02    
7.20227e+02    3.54873e-02    
7.32507e+02    3.53155e-02    
7.44996e+02    3.51444e-02    
7.57698e+02    3.49742e-02    
7.70617e+02    3.48047e-02    
7.83756e+02    3.46360e-02    
7.97119e+02    3.44680e-02    
8.10710e+02    3.43007e-02    
8.24533e+02    3.41342e-02    
8.38591e+02    3.39685e-02    
8.52889e+02    3.38035e-02    
8.67431e+02    3.36392e-02    
8.82221e+02    3.34756e-02    
8.97263e+02    3.33128e-02    
9.12562e+02    3.31506e-02    
9.28121e+02    3.29892e-02    
9.43945e+02    3.28285e-02    
9.60040e+02    3.26685e-02    
9.76408e+02    3.25092e-02    
9.93056e+02    3.23506e-02    
1.00999e+03    3.21927e-02    
1.02721e+03    3.20355e-02    
1.04472e+03    3.18790e-02    
1.06254e+03    3.17232e-02    
1.08065e+03    3.15680e-02    
1.09908e+03    3.14136e-02    
1.11782e+03    3.12598e-02    
1.13687e+03    3.11067e-02    
1.15626e+03    3.09543e-02    
1.17597e+03    3.08025e-02    
1.19602e+03    3.06515e-02    
1.21642e+03    3.05011e-02    
1.23716e+03    3.03513e-02    
1.25825e+03    3.02022e-02    
1.27970e+03    3.00538e-02    
1.30152e+03    2.99060e-02    
1.32371e+03    2.97589e-02    
1.34628e+03    2.96124e-02    
1.36924e+03    2.94666e-02    
1.39258e+03    2.93215e-02    
1.41633e+03    2.91770e-02    
1.44047e+03    2.90331e-02    
1.46503e+03    2.88898e-02    
1.49001e+03    2.87473e-02    
1.51542e+03    2.86053e-02    
1.54126e+03    2.84640e-02    
1.56754e+03    2.83233e-02    
1.59426e+03    2.81832e-02    
1.62144e+03    2.80438e-02    
1.64909e+03    2.79050e-02    
1.67721e+03    2.77668e-02    
1.70580e+03    2.76292e-02    
1.73489e+03    2.74923e-02    
1.76447e+03    2.73560e-02    
1.79455e+03    2.72202e-02    
1.82515e+03    2.70851e-02    
1.85627e+03    2.69506e-02    
1.88792e+03    2.68168e-02    
1.92011e+03    2.66835e-02    
1.95285e+03    2.65508e-02    
1.98614e+03    2.64187e-02    
2.02001e+03    2.62873e-02    
2.05445e+03    2.61564e-02    
2.08948e+03    2.60261e-02    
2.12510e+03    2.58964e-02    
2.16133e+03    2.57673e-02    
2.19819e+03    2.56388e-02    
2.23566e+03    2.55109e-02    
2.27378e+03    2.53836e-02    
2.31255e+03    2.52568e-02    
2.35198e+03    2.51306e-02    
2.39208e+03    2.50050e-02    
2.43287e+03    2.48800e-02    
2.47435e+03    2.47556e-02    
2.51654e+03    2.46317e-02    
2.55944e+03    2.45084e-02    
2.60308e+03    2.43857e-02    
2.64746e+03    2.42635e-02    
2.69260e+03    2.41419e-02    
2.73851e+03    2.40208e-02    
2.78520e+03    2.39004e-02    
2.83269e+03    2.37804e-02    
2.88099e+03    2.36610e-02    
2.93011e+03    2.35422e-02    
2.98007e+03    2.34240e-02    
3.03088e+03    2.33062e-02    
3.08256e+03    2.31891e-02    
3.13512e+03    2.30724e-02    
3.18857e+03    2.29563e-02    
3.24293e+03    2.28408e-02    
3.29823e+03    2.27258e-02    
3.35446e+03    2.26113e-02    
3.41166e+03    2.24974e-02    
3.46983e+03    2.23840e-02    
3.52899e+03    2.22711e-02    
3.58916e+03    2.21587e-02    
3.65035e+03    2.20469e-02    
3.71259e+03    2.19356e-02    
3.77589e+03    2.18248e-02    
3.84027e+03    2.17146e-02    
3.90575e+03    2.16049e-02    
3.97234e+03    2.14956e-02    
4.04007e+03    2.13869e-02    
4.10895e+03    2.12787e-02    
4.17901e+03    2.11710e-02    
4.25026e+03    2.10639e-02    
4.32273e+03    2.09572e-02    
4.39643e+03    2.08510e-02    
4.47139e+03    2.07454e-02    
4.54763e+03    2.06402e-02    
4.62517e+03    2.05355e-02    
4.70403e+03    2.04314e-02    
4.78423e+03    2.03277e-02    
4.86580e+03    2.02245e-02    
4.94877e+03    2.01218e-02    
5.03314e+03    2.00196e-02    
5.11896e+03    1.99179e-02    
5.20624e+03    1.98166e-02    
5.29500e+03    1.97159e-02    
5.38528e+03    1.96156e-02    
5.47710e+03    1.95158e-02    
5.57049e+03    1.94165e-02    
5.66547e+03    1.93176e-02    
5.76206e+03    1.92193e-02    
5.86031e+03    1.91213e-02    
5.96023e+03    1.90239e-02    
6.06185e+03    1.89269e-02    
6.16520e+03    1.88304e-02    
6.27032e+03    1.87344e-02    
6.37723e+03    1.86388e-02    
6.48596e+03    1.85437e-02    
6.59655e+03    1.84490e-02    
6.70902e+03    1.83548e-02    
6.82341e+03    1.82611e-02    
6.93975e+03    1.81678e-02    
7.05807e+03    1.80749e-02    
7.17842e+03    1.79825e-02    
7.30081e+03    1.78905e-02    
7.42529e+03    1.77990e-02    
7.55189e+03    1.77079e-02    
7.68065e+03    1.76173e-02    
7.81161e+03    1.75271e-02    
7.94479e+03    1.74373e-02    
8.08025e+03    1.73480e-02    
8.21802e+03    1.72591e-02    
8.35814e+03    1.71707e-02    
8.50065e+03    1.70826e-02    
8.64559e+03    1.69950e-02    
8.79299e+03    1.69078e-02    
8.94292e+03    1.68211e-02    
9.09539e+03    1.67347e-02    
9.25047e+03    1.66488e-02    
9.40819e+03    1.65633e-02    
9.56860e+03    1.64782e-02    
9.73175e+03    1.63936e-02    
9.89768e+03    1.63093e-02    
1.00664e+04    1.62255e-02    
1.02381e+04    1.61420e-02    
1.04126e+04    1.60590e-02    
1.05902e+04    1.59764e-02    
1.07707e+04    1.58942e-02    
1.09544e+04    1.58124e-02    
1.11411e+04    1.57310e-02    
1.13311e+04    1.56499e-02    
1.15243e+04    1.55693e-02    
1.17208e+04    1.54891e-02    
1.19206e+04    1.54093e-02    
1.21239e+04    1.53298e-02    
1.23306e+04    1.52508e-02    
1.25408e+04    1.51721e-02    
1.27546e+04    1.50939e-02    
1.29721e+04    1.50160e-02    
1.31933e+04    1.49385e-02    
1.34182e+04    1.48613e-02    
1.36470e+04    1.47846e-02    
1.38797e+04    1.47082e-02    
1.41164e+04    1.46323e-02    
1.43570e+04    1.45566e-02    
1.46018e+04    1.44814e-02    
1.48508e+04    1.44065e-02    
1.51040e+04    1.43320e-02    
1.53615e+04    1.42579e-02    
1.56234e+04    1.41841e-02    
1.58898e+04    1.41107e-02    
1.61607e+04    1.40377e-02    
1.64363e+04    1.39650e-02    
1.67165e+04    1.38927e-02    
1.70015e+04    1.38208e-02    
1.72914e+04    1.37492e-02    
1.75862e+04    1.36779e-02    
1.78861e+04    1.36070e-02    
1.81910e+04    1.35365e-02    
1.85012e+04    1.34663e-02    
1.88167e+04    1.33965e-02    
1.91375e+04    1.33270e-02    
1.94638e+04    1.32579e-02    
1.97956e+04    1.31891e-02    
2.01332e+04    1.31206e-02    
2.04764e+04    1.30525e-02    
2.08256e+04    1.29847e-02    
2.11806e+04    1.29173e-02    
2.15418e+04    1.28502e-02    
2.19090e+04    1.27834e-02    
2.22826e+04    1.27170e-02    
2.26625e+04    1.26509e-02    
2.30489e+04    1.25851e-02    
2.34419e+04    1.25197e-02    
2.38416e+04    1.24545e-02    
2.42481e+04    1.23897e-02    
2.46615e+04    1.23253e-02    
2.50820e+04    1.22611e-02    
2.55097e+04    1.21973e-02    
2.59446e+04    1.21338e-02    
2.63870e+04    1.20706e-02    
2.68369e+04    1.20078e-02    
2.72944e+04    1.19452e-02    
2.77598e+04    1.18830e-02    
2.82331e+04    1.18211e-02    
2.87145e+04    1.17595e-02    
2.92041e+04    1.16982e-02    
2.97020e+04    1.16372e-02    
3.02084e+04    1.15765e-02    
3.07235e+04    1.15161e-02    
3.12473e+04    1.14560e-02    
3.17801e+04    1.13962e-02    
3.23219e+04    1.13368e-02    
3.28730e+04    1.12776e-02    
3.34335e+04    1.12187e-02    
3.40036e+04    1.11601e-02    
3.45833e+04    1.11019e-02    
3.51730e+04    1.10439e-02    
3.57727e+04    1.09862e-02    
3.63826e+04    1.09288e-02    
3.70029e+04    1.08717e-02    
3.76339e+04    1.08148e-02    
3.82755e+04    1.07583e-02    
3.89281e+04    1.07020e-02    
3.95918e+04    1.06461e-02    
4.02669e+04    1.05904e-02    
4.09534e+04    1.05350e-02    
4.16517e+04    1.04799e-02    
4.23619e+04    1.04250e-02    
4.30841e+04    1.03705e-02    
4.38187e+04    1.03162e-02    
4.45658e+04    1.02622e-02    
4.53257e+04    1.02084e-02    
4.60985e+04    1.01550e-02    
4.68845e+04    1.01018e-02    
4.76839e+04    1.00488e-02    
4.84969e+04    9.99618e-03    
4.93238e+04    9.94380e-03    
5.01647e+04    9.89167e-03    
5.10201e+04    9.83982e-03    
5.18900e+04    9.78823e-03    
5.27747e+04    9.73690e-03    
5.36745e+04    9.68583e-03    
5.45897e+04    9.63502e-03    
5.55204e+04    9.58447e-03    
5.64670e+04    9.53418e-03    
5.74298e+04    9.48415e-03    
5.84090e+04    9.43437e-03    
5.94049e+04    9.38484e-03    
6.04177e+04    9.33557e-03    
6.14479e+04    9.28655e-03    
6.24956e+04    9.23778e-03    
6.35611e+04    9.18926e-03    
6.46448e+04    9.14098e-03    
6.57470e+04    9.09295e-03    
6.68680e+04    9.04517e-03    
6.80081e+04    8.99763e-03    
6.91677e+04    8.95034e-03    
7.03470e+04    8.90329e-03    
7.15464e+04    8.85648e-03    
7.27663e+04    8.80990e-03    
7.40070e+04    8.76357e-03    
7.52688e+04    8.71747e-03    
7.65521e+04    8.67161e-03    
7.78574e+04    8.62599e-03    
7.91848e+04    8.58060e-03    
8.05349e+04    8.53544e-03    
8.19081e+04    8.49051e-03    
8.33046e+04    8.44582e-03    
8.47250e+04    8.40135e-03    
8.61695e+04    8.35711e-03    
8.76387e+04    8.31310e-03    
8.91330e+04    8.26932e-03    
9.06527e+04    8.22576e-03    
9.21983e+04    8.18242e-03    
9.37703e+04    8.13931e-03    
9.53691e+04    8.09641e-03    
9.69952e+04    8.05374e-03    
9.86490e+04    8.01129e-03    
1.00331e+05    7.96906e-03    
1.02042e+05    7.92704e-03    
1.03781e+05    7.88524e-03    
1.05551e+05    7.84366e-03    
1.07351e+05    7.80229e-03    
1.09181e+05    7.76113e-03    
1.11042e+05    7.72019e-03    
1.12936e+05    7.67945e-03    
1.14861e+05    7.63893e-03    
1.16820e+05    7.59861e-03    
1.18811e+05    7.55851e-03    
1.20837e+05    7.51861e-03    
1.22897e+05    7.47891e-03    
1.24993e+05    7.43943e-03    
1.27124e+05    7.40014e-03    
1.29292e+05    7.36106e-03    
1.31496e+05    7.32218e-03    
1.33738e+05    7.28350e-03    
1.36018e+05    7.24502e-03    
1.38337e+05    7.20674e-03    
1.40696e+05    7.16866e-03    
1.43095e+05    7.13077e-03    
1.45535e+05    7.09308e-03    
1.48016e+05    7.05559e-03    
1.50540e+05    7.01829e-03    
1.53106e+05    6.98118e-03    
1.55717e+05    6.94427e-03    
1.58372e+05    6.90754e-03    
1.61072e+05    6.87101e-03    
1.63818e+05    6.83467e-03    
1.66612e+05    6.79851e-03    
1.69452e+05    6.76254e-03    
1.72342e+05    6.72676e-03    
1.75280e+05    6.69116e-03    
1.78269e+05    6.65575e-03    
1.81308e+05    6.62053e-03    
1.84399e+05    6.58548e-03    
1.87543e+05    6.55062e-03    
1.90741e+05    6.51594e-03    
1.93993e+05    6.48143e-03    
1.97301e+05    6.44711e-03    
2.00665e+05    6.41297e-03    
2.04086e+05    6.37900e-03    
2.07566e+05    6.34521e-03    
2.11105e+05    6.31160e-03    
2.14704e+05    6.27816e-03    
2.18365e+05    6.24489e-03    
2.22088e+05    6.21180e-03    
2.25875e+05    6.17888e-03    
2.29726e+05    6.14613e-03    
2.33643e+05    6.11355e-03    
2.37626e+05    6.08114e-03    
2.41678e+05    6.04890e-03    
2.45799e+05    6.01683e-03    
2.49989e+05    5.98492e-03    
2.54252e+05    5.95318e-03    
2.58587e+05    5.92161e-03    
2.62996e+05    5.89020e-03    
2.67480e+05    5.85895e-03    
2.72040e+05    5.82787e-03    
2.76679e+05    5.79695e-03    
2.81396e+05    5.76619e-03    
2.86194e+05    5.73559e-03    
2.91074e+05    5.70515e-03    
2.96036e+05    5.67487e-03    
3.01084e+05    5.64475e-03    
3.06217e+05    5.61478e-03    
3.11438e+05    5.58497e-03    
3.16748e+05    5.55532e-03    
3.22149e+05    5.52582e-03    
3.27642e+05    5.49648e-03    
3.33228e+05    5.46729e-03    
3.38910e+05    5.43825e-03    
3.44688e+05    5.40936e-03    
3.50565e+05    5.38063e-03    
3.56542e+05    5.35204e-03    
3.62621e+05    5.32361e-03    
3.68804e+05    5.29532e-03    
3.75092e+05    5.26718e-03    
3.81488e+05    5.23919e-03    
3.87992e+05    5.21135e-03    
3.94607e+05    5.18365e-03    
4.01335e+05    5.15609e-03    
4.08178e+05    5.12868e-03    
4.15138e+05    5.10142e-03    
4.22216e+05    5.07429e-03    
4.29415e+05    5.04731e-03    
4.36736e+05    5.02047e-03    
4.44183e+05    4.99377e-03    
4.51756e+05    4.96721e-03    
4.59458e+05    4.94079e-03    
4.67292e+05    4.91451e-03    
4.75260e+05    4.88836e-03    
4.83363e+05    4.86236e-03    
4.91604e+05    4.83649e-03    
4.99986e+05    4.81075e-03    
5.08511e+05    4.78515e-03    
5.17181e+05    4.75969e-03    
5.25999e+05    4.73435e-03    
5.34967e+05    4.70915e-03    
5.44089e+05    4.68409e-03    
5.53365e+05    4.65915e-03    
5.62800e+05    4.63435e-03    
5.72396e+05    4.60968e-03    
5.82156e+05    4.58513e-03    
5.92081e+05    4.56072e-03    
6.02176e+05    4.53643e-03    
6.12444e+05    4.51227e-03    
6.22886e+05    4.48824e-03    
6.33506e+05    4.46433e-03    
6.44307e+05    4.44055e-03    
6.55293e+05    4.41690e-03    
6.66466e+05    4.39336e-03    
6.77829e+05    4.36996e-03    
6.89386e+05    4.34667e-03    
7.01140e+05    4.32351e-03    
7.13095e+05    4.30047e-03    
7.25253e+05    4.27755e-03    
7.37619e+05    4.25476e-03    
7.50195e+05    4.23208e-03    
7.62986e+05    4.20952e-03    
7.75995e+05    4.18708e-03    
7.89226e+05    4.16476e-03    
8.02682e+05    4.14255e-03    
8.16368e+05    4.12047e-03    
8.30287e+05    4.09850e-03    
8.44444e+05    4.07664e-03    
8.58841e+05    4.05490e-03    
8.73485e+05    4.03328e-03    
8.88378e+05    4.01177e-03    
9.03525e+05    3.99037e-03    
9.18930e+05    3.96908e-03    
9.34598e+05    3.94791e-03    
9.50533e+05    3.92685e-03    
9.66739e+05    3.90590e-03    
9.83222e+05    3.88506e-03    
9.99987e+05    3.86433e-03    
1.01704e+06    3.84371e-03    
1.03438e+06    3.82320e-03    
1.05201e+06    3.80280e-03    
1.06995e+06    3.78250e-03    
1.08819e+06    3.76231e-03    
1.10675e+06    3.74223e-03    
1.12562e+06    3.72226e-03    
1.14481e+06    3.70239e-03    
1.16433e+06    3.68262e-03    
1.18418e+06    3.66296e-03    
1.20437e+06    3.64340e-03    
1.22490e+06    3.62395e-03    
1.24579e+06    3.60460e-03    
1.26703e+06    3.58535e-03    
1.28863e+06    3.56620e-03    
1.31060e+06    3.54716e-03    
1.33295e+06    3.52821e-03    
1.35568e+06    3.50937e-03    
1.37879e+06    3.49062e-03    
1.40230e+06    3.47198e-03    
1.42621e+06    3.45343e-03    
1.45053e+06    3.43498e-03    
1.47526e+06    3.41663e-03    
1.50041e+06    3.39837e-03    
1.52599e+06    3.38022e-03    
1.55201e+06    3.36215e-03    
1.57847e+06    3.34419e-03    
1.60539e+06    3.32632e-03    
1.63276e+06    3.30854e-03    
1.66060e+06    3.29086e-03    
1.68891e+06    3.27327e-03    
1.71771e+06    3.25577e-03    
1.74699e+06    3.23837e-03    
1.77678e+06    3.22106e-03    
1.80708e+06    3.20384e-03    
1.83789e+06    3.18671e-03    
1.86922e+06    3.16967e-03    
1.90109e+06    3.15272e-03    
1.93351e+06    3.13587e-03    
1.96647e+06    3.11910e-03    
2.00000e+06    3.10242e-03    

