# USINE V4.0
# File generated 06-05-2022 12:33:43
# Model1DKisoVc
# B
# SolMod0DFF_phi0.670GV
# R [GV]       TOA [GV m^{2} s sr]^{-1}
9.50228e-02    3.46688e-04    
9.66403e-02    3.64522e-04    
9.82854e-02    3.83271e-04    
9.99584e-02    4.02981e-04    
1.01660e-01    4.23700e-04    
1.03390e-01    4.45481e-04    
1.05150e-01    4.68377e-04    
1.06940e-01    4.92445e-04    
1.08761e-01    5.17745e-04    
1.10612e-01    5.44339e-04    
1.12495e-01    5.72293e-04    
1.14410e-01    6.01677e-04    
1.16357e-01    6.32563e-04    
1.18338e-01    6.65028e-04    
1.20353e-01    6.99151e-04    
1.22401e-01    7.35016e-04    
1.24485e-01    7.72713e-04    
1.26604e-01    8.12334e-04    
1.28759e-01    8.53976e-04    
1.30951e-01    8.97742e-04    
1.33180e-01    9.43740e-04    
1.35447e-01    9.92082e-04    
1.37753e-01    1.04289e-03    
1.40097e-01    1.09628e-03    
1.42482e-01    1.15239e-03    
1.44908e-01    1.21136e-03    
1.47374e-01    1.27332e-03    
1.49883e-01    1.33843e-03    
1.52434e-01    1.40685e-03    
1.55029e-01    1.47875e-03    
1.57668e-01    1.55429e-03    
1.60352e-01    1.63368e-03    
1.63082e-01    1.71708e-03    
1.65858e-01    1.80472e-03    
1.68681e-01    1.89681e-03    
1.71552e-01    1.99355e-03    
1.74472e-01    2.09520e-03    
1.77442e-01    2.20199e-03    
1.80463e-01    2.31418e-03    
1.83535e-01    2.43205e-03    
1.86659e-01    2.55587e-03    
1.89836e-01    2.68595e-03    
1.93068e-01    2.82259e-03    
1.96354e-01    2.96612e-03    
1.99697e-01    3.11688e-03    
2.03096e-01    3.27522e-03    
2.06553e-01    3.44148e-03    
2.10069e-01    3.61603e-03    
2.13645e-01    3.79930e-03    
2.17282e-01    3.99169e-03    
2.20981e-01    4.19365e-03    
2.24742e-01    4.40563e-03    
2.28568e-01    4.62813e-03    
2.32459e-01    4.86164e-03    
2.36416e-01    5.10669e-03    
2.40440e-01    5.36383e-03    
2.44533e-01    5.63363e-03    
2.48696e-01    5.91669e-03    
2.52929e-01    6.21365e-03    
2.57235e-01    6.52514e-03    
2.61613e-01    6.85185e-03    
2.66067e-01    7.19450e-03    
2.70596e-01    7.55382e-03    
2.75202e-01    7.93058e-03    
2.79886e-01    8.32552e-03    
2.84651e-01    8.73951e-03    
2.89496e-01    9.17345e-03    
2.94424e-01    9.62824e-03    
2.99436e-01    1.01048e-02    
3.04533e-01    1.06041e-02    
3.09717e-01    1.11272e-02    
3.14989e-01    1.16751e-02    
3.20351e-01    1.22489e-02    
3.25804e-01    1.28499e-02    
3.31350e-01    1.34791e-02    
3.36991e-01    1.41378e-02    
3.42727e-01    1.48272e-02    
3.48561e-01    1.55488e-02    
3.54494e-01    1.63038e-02    
3.60529e-01    1.70937e-02    
3.66666e-01    1.79200e-02    
3.72907e-01    1.87839e-02    
3.79255e-01    1.96869e-02    
3.85711e-01    2.06309e-02    
3.92277e-01    2.16173e-02    
3.98954e-01    2.26480e-02    
4.05745e-01    2.37248e-02    
4.12652e-01    2.48494e-02    
4.19677e-01    2.60237e-02    
4.26820e-01    2.72497e-02    
4.34086e-01    2.85293e-02    
4.41475e-01    2.98645e-02    
4.48990e-01    3.12569e-02    
4.56633e-01    3.27081e-02    
4.64406e-01    3.42210e-02    
4.72311e-01    3.57977e-02    
4.80351e-01    3.74406e-02    
4.88528e-01    3.91519e-02    
4.96844e-01    4.09338e-02    
5.05301e-01    4.27888e-02    
5.13903e-01    4.47184e-02    
5.22651e-01    4.67238e-02    
5.31548e-01    4.88091e-02    
5.40596e-01    5.09767e-02    
5.49798e-01    5.32289e-02    
5.59157e-01    5.55682e-02    
5.68675e-01    5.79969e-02    
5.78355e-01    6.05144e-02    
5.88200e-01    6.31252e-02    
5.98213e-01    6.58322e-02    
6.08396e-01    6.86379e-02    
6.18752e-01    7.15442e-02    
6.29285e-01    7.45516e-02    
6.39997e-01    7.76606e-02    
6.50891e-01    8.08765e-02    
6.61971e-01    8.42011e-02    
6.73240e-01    8.76359e-02    
6.84700e-01    9.11792e-02    
6.96355e-01    9.48334e-02    
7.08209e-01    9.86027e-02    
7.20264e-01    1.02487e-01    
7.32525e-01    1.06487e-01    
7.44994e-01    1.10599e-01    
7.57676e-01    1.14830e-01    
7.70573e-01    1.19179e-01    
7.83690e-01    1.23642e-01    
7.97031e-01    1.28221e-01    
8.10598e-01    1.32916e-01    
8.24396e-01    1.37728e-01    
8.38430e-01    1.42649e-01    
8.52702e-01    1.47684e-01    
8.67217e-01    1.52830e-01    
8.81979e-01    1.58081e-01    
8.96992e-01    1.63437e-01    
9.12261e-01    1.68899e-01    
9.27790e-01    1.74454e-01    
9.43583e-01    1.80105e-01    
9.59645e-01    1.85850e-01    
9.75981e-01    1.91674e-01    
9.92595e-01    1.97583e-01    
1.00949e+00    2.03566e-01    
1.02667e+00    2.09613e-01    
1.04415e+00    2.15730e-01    
1.06193e+00    2.21894e-01    
1.08000e+00    2.28112e-01    
1.09839e+00    2.34365e-01    
1.11708e+00    2.40653e-01    
1.13610e+00    2.46963e-01    
1.15544e+00    2.53285e-01    
1.17511e+00    2.59617e-01    
1.19511e+00    2.65937e-01    
1.21545e+00    2.72250e-01    
1.23614e+00    2.78529e-01    
1.25719e+00    2.84779e-01    
1.27859e+00    2.90977e-01    
1.30035e+00    2.97119e-01    
1.32249e+00    3.03191e-01    
1.34500e+00    3.09176e-01    
1.36789e+00    3.15077e-01    
1.39118e+00    3.20859e-01    
1.41486e+00    3.26536e-01    
1.43894e+00    3.32073e-01    
1.46344e+00    3.37475e-01    
1.48835e+00    3.42723e-01    
1.51368e+00    3.47797e-01    
1.53945e+00    3.52705e-01    
1.56566e+00    3.57420e-01    
1.59231e+00    3.61938e-01    
1.61941e+00    3.66259e-01    
1.64698e+00    3.70354e-01    
1.67501e+00    3.74227e-01    
1.70353e+00    3.77877e-01    
1.73252e+00    3.81290e-01    
1.76202e+00    3.84461e-01    
1.79201e+00    3.87388e-01    
1.82251e+00    3.90069e-01    
1.85354e+00    3.92499e-01    
1.88509e+00    3.94676e-01    
1.91718e+00    3.96602e-01    
1.94981e+00    3.98277e-01    
1.98300e+00    3.99698e-01    
2.01676e+00    4.00866e-01    
2.05109e+00    4.01784e-01    
2.08601e+00    4.02449e-01    
2.12151e+00    4.02864e-01    
2.15763e+00    4.03036e-01    
2.19436e+00    4.02952e-01    
2.23171e+00    4.02629e-01    
2.26970e+00    4.02054e-01    
2.30833e+00    4.01244e-01    
2.34763e+00    4.00175e-01    
2.38759e+00    3.98874e-01    
2.42823e+00    3.97321e-01    
2.46957e+00    3.95540e-01    
2.51160e+00    3.93511e-01    
2.55436e+00    3.91265e-01    
2.59784e+00    3.88780e-01    
2.64206e+00    3.86087e-01    
2.68704e+00    3.83176e-01    
2.73278e+00    3.80064e-01    
2.77929e+00    3.76767e-01    
2.82660e+00    3.73280e-01    
2.87472e+00    3.69630e-01    
2.92365e+00    3.65816e-01    
2.97342e+00    3.61842e-01    
3.02404e+00    3.57732e-01    
3.07551e+00    3.53468e-01    
3.12787e+00    3.49067e-01    
3.18111e+00    3.44535e-01    
3.23526e+00    3.39851e-01    
3.29033e+00    3.35030e-01    
3.34634e+00    3.30067e-01    
3.40330e+00    3.24947e-01    
3.46124e+00    3.19676e-01    
3.52016e+00    3.14237e-01    
3.58008e+00    3.08632e-01    
3.64102e+00    3.02852e-01    
3.70300e+00    2.96902e-01    
3.76603e+00    2.90779e-01    
3.83014e+00    2.84503e-01    
3.89534e+00    2.78091e-01    
3.96165e+00    2.71555e-01    
4.02908e+00    2.64925e-01    
4.09767e+00    2.58241e-01    
4.16742e+00    2.51526e-01    
4.23836e+00    2.44794e-01    
4.31051e+00    2.38082e-01    
4.38388e+00    2.31417e-01    
4.45851e+00    2.24815e-01    
4.53440e+00    2.18287e-01    
4.61159e+00    2.11848e-01    
4.69009e+00    2.05513e-01    
4.76992e+00    1.99292e-01    
4.85112e+00    1.93188e-01    
4.93370e+00    1.87204e-01    
5.01768e+00    1.81341e-01    
5.10309e+00    1.75606e-01    
5.18996e+00    1.70000e-01    
5.27831e+00    1.64523e-01    
5.36816e+00    1.59172e-01    
5.45954e+00    1.53944e-01    
5.55247e+00    1.48842e-01    
5.64699e+00    1.43864e-01    
5.74311e+00    1.39009e-01    
5.84087e+00    1.34276e-01    
5.94030e+00    1.29661e-01    
6.04142e+00    1.25163e-01    
6.14426e+00    1.20780e-01    
6.24885e+00    1.16513e-01    
6.35522e+00    1.12361e-01    
6.46340e+00    1.08322e-01    
6.57342e+00    1.04394e-01    
6.68532e+00    1.00577e-01    
6.79912e+00    9.68674e-02    
6.91486e+00    9.32632e-02    
7.03256e+00    8.97651e-02    
7.15228e+00    8.63715e-02    
7.27403e+00    8.30810e-02    
7.39785e+00    7.98918e-02    
7.52378e+00    7.68024e-02    
7.65185e+00    7.38111e-02    
7.78210e+00    7.09162e-02    
7.91457e+00    6.81151e-02    
8.04930e+00    6.54064e-02    
8.18632e+00    6.27888e-02    
8.32567e+00    6.02611e-02    
8.46739e+00    5.78215e-02    
8.61153e+00    5.54681e-02    
8.75812e+00    5.31991e-02    
8.90720e+00    5.10127e-02    
9.05882e+00    4.89067e-02    
9.21303e+00    4.68793e-02    
9.36985e+00    4.49284e-02    
9.52935e+00    4.30517e-02    
9.69156e+00    4.12470e-02    
9.85654e+00    3.95120e-02    
1.00243e+01    3.78448e-02    
1.01950e+01    3.62432e-02    
1.03685e+01    3.47048e-02    
1.05450e+01    3.32275e-02    
1.07245e+01    3.18091e-02    
1.09071e+01    3.04476e-02    
1.10927e+01    2.91407e-02    
1.12815e+01    2.78866e-02    
1.14736e+01    2.66833e-02    
1.16689e+01    2.55288e-02    
1.18675e+01    2.44213e-02    
1.20695e+01    2.33591e-02    
1.22750e+01    2.23405e-02    
1.24839e+01    2.13636e-02    
1.26965e+01    2.04270e-02    
1.29126e+01    1.95293e-02    
1.31324e+01    1.86689e-02    
1.33559e+01    1.78444e-02    
1.35833e+01    1.70544e-02    
1.38145e+01    1.62976e-02    
1.40497e+01    1.55727e-02    
1.42888e+01    1.48784e-02    
1.45320e+01    1.42135e-02    
1.47794e+01    1.35768e-02    
1.50310e+01    1.29673e-02    
1.52869e+01    1.23838e-02    
1.55471e+01    1.18253e-02    
1.58117e+01    1.12908e-02    
1.60809e+01    1.07793e-02    
1.63546e+01    1.02900e-02    
1.66330e+01    9.82181e-03    
1.69161e+01    9.37402e-03    
1.72041e+01    8.94577e-03    
1.74970e+01    8.53624e-03    
1.77948e+01    8.14466e-03    
1.80977e+01    7.77028e-03    
1.84058e+01    7.41242e-03    
1.87191e+01    7.07038e-03    
1.90377e+01    6.74350e-03    
1.93618e+01    6.43115e-03    
1.96914e+01    6.13272e-03    
2.00266e+01    5.84762e-03    
2.03675e+01    5.57529e-03    
2.07142e+01    5.31517e-03    
2.10668e+01    5.06677e-03    
2.14254e+01    4.82957e-03    
2.17901e+01    4.60310e-03    
2.21610e+01    4.38689e-03    
2.25383e+01    4.18049e-03    
2.29219e+01    3.98347e-03    
2.33121e+01    3.79544e-03    
2.37089e+01    3.61600e-03    
2.41125e+01    3.44477e-03    
2.45230e+01    3.28140e-03    
2.49404e+01    3.12553e-03    
2.53650e+01    2.97684e-03    
2.57967e+01    2.83501e-03    
2.62359e+01    2.69974e-03    
2.66825e+01    2.57074e-03    
2.71367e+01    2.44772e-03    
2.75986e+01    2.33042e-03    
2.80684e+01    2.21858e-03    
2.85462e+01    2.11197e-03    
2.90321e+01    2.01033e-03    
2.95263e+01    1.91346e-03    
3.00289e+01    1.82113e-03    
3.05401e+01    1.73315e-03    
3.10599e+01    1.64930e-03    
3.15887e+01    1.56941e-03    
3.21264e+01    1.49329e-03    
3.26732e+01    1.42077e-03    
3.32294e+01    1.35168e-03    
3.37951e+01    1.28588e-03    
3.43703e+01    1.22320e-03    
3.49554e+01    1.16351e-03    
3.55504e+01    1.10666e-03    
3.61556e+01    1.05253e-03    
3.67710e+01    1.00098e-03    
3.73970e+01    9.51908e-04    
3.80336e+01    9.05186e-04    
3.86810e+01    8.60709e-04    
3.93394e+01    8.18370e-04    
4.00091e+01    7.78071e-04    
4.06901e+01    7.39716e-04    
4.13828e+01    7.03213e-04    
4.20872e+01    6.68475e-04    
4.28036e+01    6.35419e-04    
4.35323e+01    6.03966e-04    
4.42733e+01    5.74040e-04    
4.50269e+01    5.45569e-04    
4.57934e+01    5.18483e-04    
4.65729e+01    4.92718e-04    
4.73657e+01    4.68209e-04    
4.81720e+01    4.44898e-04    
4.89920e+01    4.22726e-04    
4.98259e+01    4.01640e-04    
5.06741e+01    3.81588e-04    
5.15367e+01    3.62520e-04    
5.24140e+01    3.44388e-04    
5.33062e+01    3.27149e-04    
5.42136e+01    3.10758e-04    
5.51364e+01    2.95175e-04    
5.60750e+01    2.80361e-04    
5.70295e+01    2.66279e-04    
5.80003e+01    2.52893e-04    
5.89876e+01    2.40170e-04    
5.99917e+01    2.28077e-04    
6.10129e+01    2.16584e-04    
6.20515e+01    2.05661e-04    
6.31078e+01    1.95281e-04    
6.41820e+01    1.85418e-04    
6.52746e+01    1.76046e-04    
6.63857e+01    1.67141e-04    
6.75158e+01    1.58680e-04    
6.86650e+01    1.50641e-04    
6.98339e+01    1.43005e-04    
7.10226e+01    1.35750e-04    
7.22316e+01    1.28859e-04    
7.34612e+01    1.22313e-04    
7.47117e+01    1.16095e-04    
7.59834e+01    1.10189e-04    
7.72769e+01    1.04581e-04    
7.85923e+01    9.92538e-05    
7.99301e+01    9.41951e-05    
8.12907e+01    8.93912e-05    
8.26745e+01    8.48295e-05    
8.40818e+01    8.04980e-05    
8.55131e+01    7.63852e-05    
8.69687e+01    7.24803e-05    
8.84492e+01    6.87729e-05    
8.99548e+01    6.52531e-05    
9.14860e+01    6.19116e-05    
9.30433e+01    5.87396e-05    
9.46272e+01    5.57284e-05    
9.62380e+01    5.28702e-05    
9.78762e+01    5.01572e-05    
9.95422e+01    4.75822e-05    
1.01237e+02    4.51382e-05    
1.02960e+02    4.28187e-05    
1.04713e+02    4.06175e-05    
1.06495e+02    3.85285e-05    
1.08308e+02    3.65461e-05    
1.10152e+02    3.46651e-05    
1.12027e+02    3.28801e-05    
1.13934e+02    3.11865e-05    
1.15873e+02    2.95796e-05    
1.17845e+02    2.80551e-05    
1.19851e+02    2.66087e-05    
1.21892e+02    2.52365e-05    
1.23967e+02    2.39347e-05    
1.26077e+02    2.26999e-05    
1.28223e+02    2.15285e-05    
1.30406e+02    2.04175e-05    
1.32625e+02    1.93636e-05    
1.34883e+02    1.83641e-05    
1.37179e+02    1.74161e-05    
1.39514e+02    1.65170e-05    
1.41889e+02    1.56644e-05    
1.44304e+02    1.48558e-05    
1.46761e+02    1.40891e-05    
1.49259e+02    1.33620e-05    
1.51800e+02    1.26726e-05    
1.54384e+02    1.20189e-05    
1.57012e+02    1.13991e-05    
1.59684e+02    1.08115e-05    
1.62403e+02    1.02544e-05    
1.65167e+02    9.72628e-06    
1.67979e+02    9.22560e-06    
1.70838e+02    8.75096e-06    
1.73746e+02    8.30103e-06    
1.76704e+02    7.87454e-06    
1.79712e+02    7.47027e-06    
1.82771e+02    7.08707e-06    
1.85882e+02    6.72386e-06    
1.89046e+02    6.37959e-06    
1.92264e+02    6.05329e-06    
1.95537e+02    5.74402e-06    
1.98865e+02    5.45089e-06    
2.02251e+02    5.17306e-06    
2.05693e+02    4.90973e-06    
2.09195e+02    4.66014e-06    
2.12756e+02    4.42358e-06    
2.16377e+02    4.19935e-06    
2.20061e+02    3.98681e-06    
2.23807e+02    3.78534e-06    
2.27616e+02    3.59436e-06    
2.31491e+02    3.41331e-06    
2.35432e+02    3.24167e-06    
2.39439e+02    3.07894e-06    
2.43515e+02    2.92464e-06    
2.47660e+02    2.77833e-06    
2.51876e+02    2.63958e-06    
2.56164e+02    2.50799e-06    
2.60524e+02    2.38318e-06    
2.64959e+02    2.26479e-06    
2.69469e+02    2.15247e-06    
2.74056e+02    2.04590e-06    
2.78721e+02    1.94478e-06    
2.83466e+02    1.84882e-06    
2.88291e+02    1.75774e-06    
2.93198e+02    1.67128e-06    
2.98189e+02    1.58919e-06    
3.03265e+02    1.51126e-06    
3.08428e+02    1.43725e-06    
3.13678e+02    1.36697e-06    
3.19017e+02    1.30021e-06    
3.24448e+02    1.23679e-06    
3.29971e+02    1.17654e-06    
3.35588e+02    1.11929e-06    
3.41300e+02    1.06488e-06    
3.47110e+02    1.01318e-06    
3.53018e+02    9.64030e-07    
3.59028e+02    9.17310e-07    
3.65139e+02    8.72894e-07    
3.71355e+02    8.30663e-07    
3.77676e+02    7.90507e-07    
3.84105e+02    7.52319e-07    
3.90644e+02    7.16000e-07    
3.97293e+02    6.81457e-07    
4.04056e+02    6.48599e-07    
4.10934e+02    6.17342e-07    
4.17929e+02    5.87606e-07    
4.25043e+02    5.59315e-07    
4.32279e+02    5.32398e-07    
4.39637e+02    5.06786e-07    
4.47121e+02    4.82415e-07    
4.54732e+02    4.59223e-07    
4.62473e+02    4.37152e-07    
4.70345e+02    4.16148e-07    
4.78351e+02    3.96157e-07    
4.86494e+02    3.77131e-07    
4.94775e+02    3.59021e-07    
5.03198e+02    3.41785e-07    
5.11763e+02    3.25378e-07    
5.20475e+02    3.09760e-07    
5.29335e+02    2.94894e-07    
5.38345e+02    2.80743e-07    
5.47509e+02    2.67271e-07    
5.56829e+02    2.54447e-07    
5.66308e+02    2.42239e-07    
5.75947e+02    2.30617e-07    
5.85752e+02    2.19552e-07    
5.95722e+02    2.09019e-07    
6.05863e+02    1.98991e-07    
6.16176e+02    1.89444e-07    
6.26665e+02    1.80355e-07    
6.37333e+02    1.71702e-07    
6.48181e+02    1.63464e-07    
6.59215e+02    1.55621e-07    
6.70437e+02    1.48153e-07    
6.81849e+02    1.41044e-07    
6.93456e+02    1.34276e-07    
7.05260e+02    1.27831e-07    
7.17265e+02    1.21696e-07    
7.29475e+02    1.15855e-07    
7.41892e+02    1.10294e-07    
7.54521e+02    1.04999e-07    
7.67365e+02    9.99586e-08    
7.80427e+02    9.51594e-08    
7.93712e+02    9.05902e-08    
8.07223e+02    8.62401e-08    
8.20964e+02    8.20985e-08    
8.34939e+02    7.81554e-08    
8.49151e+02    7.44014e-08    
8.63606e+02    7.08274e-08    
8.78307e+02    6.74248e-08    
8.93258e+02    6.41853e-08    
9.08463e+02    6.11012e-08    
9.23927e+02    5.81650e-08    
9.39655e+02    5.53696e-08    
9.55650e+02    5.27083e-08    
9.71918e+02    5.01747e-08    
9.88462e+02    4.77627e-08    
1.00529e+03    4.54663e-08    
1.02240e+03    4.32802e-08    
1.03980e+03    4.11989e-08    
1.05750e+03    3.92176e-08    
1.07551e+03    3.73313e-08    
1.09381e+03    3.55356e-08    
1.11243e+03    3.38261e-08    
1.13137e+03    3.21987e-08    
1.15063e+03    3.06494e-08    
1.17021e+03    2.91746e-08    
1.19013e+03    2.77705e-08    
1.21039e+03    2.64339e-08    
1.23100e+03    2.51615e-08    
1.25195e+03    2.39503e-08    
1.27326e+03    2.27972e-08    
1.29494e+03    2.16995e-08    
1.31698e+03    2.06546e-08    
1.33940e+03    1.96599e-08    
1.36220e+03    1.87130e-08    
1.38539e+03    1.78117e-08    
1.40897e+03    1.69536e-08    
1.43295e+03    1.61369e-08    
1.45734e+03    1.53594e-08    
1.48215e+03    1.46192e-08    
1.50738e+03    1.39147e-08    
1.53304e+03    1.32441e-08    
1.55914e+03    1.26057e-08    
1.58568e+03    1.19981e-08    
1.61267e+03    1.14197e-08    
1.64012e+03    1.08691e-08    
1.66804e+03    1.03450e-08    
1.69643e+03    9.84617e-09    
1.72531e+03    9.37132e-09    
1.75468e+03    8.91934e-09    
1.78455e+03    8.48911e-09    
1.81493e+03    8.07960e-09    
1.84582e+03    7.68981e-09    
1.87724e+03    7.31880e-09    
1.90920e+03    6.96565e-09    
1.94170e+03    6.62951e-09    
1.97475e+03    6.30957e-09    
2.00836e+03    6.00504e-09    
2.04255e+03    5.71518e-09    
2.07732e+03    5.43929e-09    
2.11268e+03    5.17670e-09    
2.14864e+03    4.92676e-09    
2.18522e+03    4.68887e-09    
2.22242e+03    4.46245e-09    
2.26025e+03    4.24694e-09    
2.29872e+03    4.04182e-09    
2.33785e+03    3.84660e-09    
2.37765e+03    3.66079e-09    
2.41812e+03    3.48394e-09    
2.45928e+03    3.31562e-09    
2.50115e+03    3.15541e-09    
2.54372e+03    3.00294e-09    
2.58702e+03    2.85783e-09    
2.63106e+03    2.71971e-09    
2.67585e+03    2.58826e-09    
2.72140e+03    2.46315e-09    
2.76772e+03    2.34408e-09    
2.81484e+03    2.23076e-09    
2.86275e+03    2.12291e-09    
2.91148e+03    2.02026e-09    
2.96104e+03    1.92257e-09    
3.01145e+03    1.82960e-09    
3.06271e+03    1.74112e-09    
3.11484e+03    1.65691e-09    
3.16787e+03    1.57676e-09    
3.22179e+03    1.50049e-09    
3.27663e+03    1.42790e-09    
3.33241e+03    1.35882e-09    
3.38913e+03    1.29307e-09    
3.44683e+03    1.23050e-09    
3.50550e+03    1.17096e-09    
3.56517e+03    1.11429e-09    
3.62586e+03    1.06036e-09    
3.68758e+03    1.00904e-09    
3.75035e+03    9.60197e-10    
3.81419e+03    9.13716e-10    
3.87912e+03    8.69481e-10    
3.94515e+03    8.27385e-10    
4.01231e+03    7.87325e-10    
4.08061e+03    7.49201e-10    
4.15007e+03    7.12921e-10    
4.22071e+03    6.78396e-10    
4.29256e+03    6.45540e-10    
4.36563e+03    6.14274e-10    
4.43994e+03    5.84519e-10    
4.51552e+03    5.56205e-10    
4.59239e+03    5.29260e-10    
4.67056e+03    5.03618e-10    
4.75006e+03    4.79217e-10    
4.83092e+03    4.55997e-10    
4.91316e+03    4.33901e-10    
4.99679e+03    4.12874e-10    
5.08185e+03    3.92865e-10    
5.16835e+03    3.73824e-10    
5.25633e+03    3.55705e-10    
5.34581e+03    3.38463e-10    
5.43681e+03    3.22056e-10    
5.52935e+03    3.06443e-10    
5.62348e+03    2.91586e-10    
5.71920e+03    2.77449e-10    
5.81656e+03    2.63996e-10    
5.91557e+03    2.51195e-10    
6.01627e+03    2.39013e-10    
6.11868e+03    2.27422e-10    
6.22283e+03    2.16392e-10    
6.32876e+03    2.05897e-10    
6.43649e+03    1.95910e-10    
6.54606e+03    1.86406e-10    
6.65748e+03    1.77364e-10    
6.77081e+03    1.68759e-10    
6.88607e+03    1.60571e-10    
7.00328e+03    1.52781e-10    
7.12250e+03    1.45367e-10    
7.24374e+03    1.38313e-10    
7.36705e+03    1.31601e-10    
7.49245e+03    1.25215e-10    
7.61999e+03    1.19138e-10    
7.74970e+03    1.13355e-10    
7.88162e+03    1.07853e-10    
8.01578e+03    1.02618e-10    
8.15223e+03    9.76362e-11    
8.29100e+03    9.28963e-11    
8.43214e+03    8.83862e-11    
8.57567e+03    8.40949e-11    
8.72165e+03    8.00117e-11    
8.87012e+03    7.61265e-11    
9.02111e+03    7.24298e-11    
9.17467e+03    6.89125e-11    
9.33084e+03    6.55657e-11    
9.48968e+03    6.23814e-11    
9.65121e+03    5.93515e-11    
9.81550e+03    5.64686e-11    
9.98258e+03    5.37256e-11    
1.01525e+04    5.11158e-11    
1.03253e+04    4.86326e-11    
1.05011e+04    4.62699e-11    
1.06798e+04    4.40218e-11    
1.08616e+04    4.18829e-11    
1.10465e+04    3.98478e-11    
1.12346e+04    3.79115e-11    
1.14258e+04    3.60692e-11    
1.16203e+04    3.43163e-11    
1.18181e+04    3.26486e-11    
1.20193e+04    3.10618e-11    
1.22239e+04    2.95520e-11    
1.24320e+04    2.81156e-11    
1.26436e+04    2.67489e-11    
1.28588e+04    2.54486e-11    
1.30777e+04    2.42115e-11    
1.33003e+04    2.30344e-11    
1.35267e+04    2.19145e-11    
1.37570e+04    2.08490e-11    
1.39912e+04    1.98353e-11    
1.42293e+04    1.88708e-11    
1.44715e+04    1.79531e-11    
1.47179e+04    1.70801e-11    
1.49684e+04    1.62494e-11    
1.52232e+04    1.54592e-11    
1.54823e+04    1.47073e-11    
1.57459e+04    1.39919e-11    
1.60139e+04    1.33114e-11    
1.62865e+04    1.26639e-11    
1.65638e+04    1.20478e-11    
1.68457e+04    1.14617e-11    
1.71325e+04    1.09041e-11    
1.74241e+04    1.03736e-11    
1.77207e+04    9.86891e-12    
1.80224e+04    9.38873e-12    
1.83291e+04    8.93190e-12    
1.86412e+04    8.49727e-12    
1.89585e+04    8.08378e-12    
1.92812e+04    7.69039e-12    
1.96094e+04    7.31613e-12    
1.99432e+04    6.96007e-12    
2.02827e+04    6.62132e-12    
2.06279e+04    6.29905e-12    
2.09791e+04    5.99245e-12    
2.13362e+04    5.70076e-12    
2.16994e+04    5.42326e-12    
2.20688e+04    5.15925e-12    
2.24444e+04    4.90809e-12    
2.28265e+04    4.66914e-12    
2.32151e+04    4.44182e-12    
2.36102e+04    4.22556e-12    
2.40121e+04    4.01982e-12    
2.44209e+04    3.82408e-12    
2.48366e+04    3.63788e-12    
2.52594e+04    3.46073e-12    
2.56893e+04    3.29220e-12    
2.61266e+04    3.13187e-12    
2.65714e+04    2.97935e-12    
2.70237e+04    2.83424e-12    
2.74837e+04    2.69620e-12    
2.79515e+04    2.56488e-12    
2.84273e+04    2.43995e-12    
2.89112e+04    2.32110e-12    
2.94034e+04    2.20803e-12    
2.99039e+04    2.10047e-12    
3.04129e+04    1.99814e-12    
3.09306e+04    1.90080e-12    
3.14571e+04    1.80819e-12    
3.19926e+04    1.72010e-12    
3.25372e+04    1.63629e-12    
3.30911e+04    1.55656e-12    
3.36544e+04    1.48071e-12    
3.42272e+04    1.40856e-12    
3.48099e+04    1.33992e-12    
3.54024e+04    1.27463e-12    
3.60051e+04    1.21251e-12    
3.66180e+04    1.15342e-12    
3.72413e+04    1.09721e-12    
3.78752e+04    1.04373e-12    
3.85199e+04    9.92858e-13    
3.91756e+04    9.44465e-13    
3.98425e+04    8.98429e-13    
4.05207e+04    8.54635e-13    
4.12105e+04    8.12975e-13    
4.19120e+04    7.73344e-13    
4.26254e+04    7.35643e-13    
4.33510e+04    6.99780e-13    
4.40890e+04    6.65663e-13    
4.48395e+04    6.33209e-13    
4.56027e+04    6.02337e-13    
4.63790e+04    5.72968e-13    
4.71685e+04    5.45031e-13    
4.79714e+04    5.18455e-13    
4.87880e+04    4.93173e-13    
4.96185e+04    4.69124e-13    
5.04631e+04    4.46247e-13    
5.13221e+04    4.24485e-13    
5.21958e+04    4.03784e-13    
5.30843e+04    3.84091e-13    
5.39879e+04    3.65359e-13    
5.49069e+04    3.47539e-13    
5.58415e+04    3.30588e-13    
5.67921e+04    3.14463e-13    
5.77588e+04    2.99125e-13    
5.87420e+04    2.84534e-13    
5.97420e+04    2.70654e-13    
6.07589e+04    2.57451e-13    
6.17932e+04    2.44892e-13    
6.28451e+04    2.32945e-13    
6.39148e+04    2.21580e-13    
6.50028e+04    2.10770e-13    
6.61093e+04    2.00487e-13    
6.72347e+04    1.90705e-13    
6.83792e+04    1.81400e-13    
6.95431e+04    1.72549e-13    
7.07269e+04    1.64130e-13    
7.19309e+04    1.56121e-13    
7.31553e+04    1.48503e-13    
7.44006e+04    1.41256e-13    
7.56671e+04    1.34363e-13    
7.69551e+04    1.27806e-13    
7.82651e+04    1.21568e-13    
7.95973e+04    1.15635e-13    
8.09523e+04    1.09992e-13    
8.23303e+04    1.04623e-13    
8.37317e+04    9.95169e-14    
8.51571e+04    9.46596e-14    
8.66066e+04    9.00392e-14    
8.80809e+04    8.56442e-14    
8.95803e+04    8.14637e-14    
9.11051e+04    7.74871e-14    
9.26560e+04    7.37045e-14    
9.42332e+04    7.01065e-14    
9.58373e+04    6.66840e-14    
9.74687e+04    6.34285e-14    
9.91278e+04    6.03319e-14    
1.00815e+05    5.73864e-14    
1.02531e+05    5.45846e-14    
1.04277e+05    5.19196e-14    
1.06052e+05    4.93846e-14    
1.07857e+05    4.69733e-14    
1.09693e+05    4.46797e-14    
1.11560e+05    4.24980e-14    
1.13459e+05    4.04228e-14    
1.15391e+05    3.84489e-14    
1.17355e+05    3.65713e-14    
1.19352e+05    3.47854e-14    
1.21384e+05    3.30867e-14    
1.23450e+05    3.14708e-14    
1.25552e+05    2.99339e-14    
1.27689e+05    2.84719e-14    
1.29863e+05    2.70814e-14    
1.32073e+05    2.57587e-14    
1.34321e+05    2.45006e-14    
1.36608e+05    2.33039e-14    
1.38933e+05    2.21657e-14    
1.41298e+05    2.10830e-14    
1.43703e+05    2.00531e-14    
1.46150e+05    1.90736e-14    
1.48637e+05    1.81419e-14    
1.51168e+05    1.72556e-14    
1.53741e+05    1.64127e-14    
1.56358e+05    1.56109e-14    
1.59020e+05    1.48483e-14    
1.61726e+05    1.41229e-14    
1.64479e+05    1.34329e-14    
1.67279e+05    1.27766e-14    
1.70127e+05    1.21524e-14    
1.73023e+05    1.15586e-14    
1.75968e+05    1.09939e-14    
1.78963e+05    1.04567e-14    
1.82010e+05    9.94579e-15    
1.85108e+05    9.45981e-15    
1.88259e+05    8.99757e-15    
1.91464e+05    8.55791e-15    
1.94723e+05    8.13973e-15    
1.98037e+05    7.74197e-15    
2.01409e+05    7.36364e-15    
2.04837e+05    7.00379e-15    
2.08324e+05    6.66151e-15    
2.11870e+05    6.33596e-15    
2.15477e+05    6.02632e-15    
2.19144e+05    5.73179e-15    
2.22875e+05    5.45166e-15    
2.26669e+05    5.18522e-15    
2.30527e+05    4.93179e-15    
2.34451e+05    4.69074e-15    
2.38442e+05    4.46147e-15    
2.42501e+05    4.24340e-15    
2.46629e+05    4.03599e-15    
2.50827e+05    3.83871e-15    
2.55097e+05    3.65107e-15    
2.59439e+05    3.47260e-15    
2.63856e+05    3.30285e-15    
2.68347e+05    3.14139e-15    
2.72915e+05    2.98782e-15    
2.77561e+05    2.84176e-15    
2.82285e+05    2.70284e-15    
2.87091e+05    2.57070e-15    
2.91978e+05    2.44503e-15    
2.96948e+05    2.32549e-15    
3.02003e+05    2.21180e-15    
3.07143e+05    2.10366e-15    
3.12372e+05    2.00081e-15    
3.17689e+05    1.90299e-15    
3.23097e+05    1.80994e-15    
3.28597e+05    1.72145e-15    
3.34190e+05    1.63728e-15    
3.39879e+05    1.55722e-15    
3.45665e+05    1.48108e-15    
3.51549e+05    1.40865e-15    
3.57533e+05    1.33977e-15    
3.63619e+05    1.27426e-15    
3.69809e+05    1.21195e-15    
3.76104e+05    1.15268e-15    
3.82506e+05    1.09631e-15    
3.89017e+05    1.04270e-15    
3.95639e+05    9.91709e-16    
4.02374e+05    9.43210e-16    
4.09223e+05    8.97082e-16    
4.16189e+05    8.53210e-16    
4.23274e+05    8.11482e-16    
4.30479e+05    7.71794e-16    
4.37807e+05    7.34047e-16    
4.45259e+05    6.98146e-16    
4.52839e+05    6.63999e-16    
4.60547e+05    6.31523e-16    
4.68387e+05    6.00634e-16    
4.76360e+05    5.71256e-16    
4.84469e+05    5.43314e-16    
4.92715e+05    5.16738e-16    
5.01103e+05    4.91462e-16    
5.09633e+05    4.67422e-16    
5.18308e+05    4.44558e-16    
5.27131e+05    4.22812e-16    
5.36104e+05    4.02129e-16    
5.45230e+05    3.82457e-16    
5.54511e+05    3.63748e-16    
5.63950e+05    3.45954e-16    
5.73550e+05    3.29029e-16    
5.83313e+05    3.12933e-16    
5.93242e+05    2.97624e-16    
6.03341e+05    2.83063e-16    
6.13611e+05    2.69215e-16    
6.24056e+05    2.56044e-16    
6.34679e+05    2.43517e-16    
6.45483e+05    2.31603e-16    
6.56470e+05    2.20271e-16    
6.67645e+05    2.09494e-16    
6.79010e+05    1.99244e-16    
6.90569e+05    1.89496e-16    
7.02324e+05    1.80224e-16    
7.14279e+05    1.71406e-16    
7.26438e+05    1.63019e-16    
7.38804e+05    1.55042e-16    
7.51380e+05    1.47456e-16    
7.64170e+05    1.40240e-16    
7.77178e+05    1.33378e-16    
7.90408e+05    1.26851e-16    
8.03862e+05    1.20644e-16    
8.17546e+05    1.14740e-16    
8.31463e+05    1.09125e-16    
8.45616e+05    1.03785e-16    
8.60010e+05    9.87063e-17    
8.74650e+05    9.38759e-17    
8.89539e+05    8.92818e-17    
9.04681e+05    8.49125e-17    
9.20081e+05    8.07570e-17    
9.35743e+05    7.68047e-17    
9.51671e+05    7.30459e-17    
9.67871e+05    6.94709e-17    
9.84347e+05    6.60709e-17    
1.00110e+06    6.28373e-17    
1.01814e+06    5.97618e-17    
1.03547e+06    5.68369e-17    
1.05310e+06    5.40551e-17    
1.07103e+06    5.14094e-17    
1.08926e+06    4.88931e-17    
1.10780e+06    4.65000e-17    
1.12666e+06    4.42240e-17    
1.14584e+06    4.20594e-17    
1.16534e+06    4.00007e-17    
1.18518e+06    3.80427e-17    
1.20535e+06    3.61806e-17    
1.22587e+06    3.44096e-17    
1.24674e+06    3.27252e-17    
1.26796e+06    3.11233e-17    
1.28955e+06    2.95998e-17    
1.31150e+06    2.81508e-17    
1.33382e+06    2.67728e-17    
1.35653e+06    2.54622e-17    
1.37962e+06    2.42157e-17    
1.40310e+06    2.30303e-17    
1.42699e+06    2.19029e-17    
1.45128e+06    2.08306e-17    
1.47598e+06    1.98108e-17    
1.50111e+06    1.88410e-17    
1.52666e+06    1.79186e-17    
1.55265e+06    1.70413e-17    
1.57908e+06    1.62070e-17    
1.60596e+06    1.54136e-17    
1.63329e+06    1.46590e-17    
1.66110e+06    1.39413e-17    
1.68937e+06    1.32587e-17    
1.71813e+06    1.26096e-17    
1.74738e+06    1.19922e-17    
1.77712e+06    1.14050e-17    
1.80737e+06    1.08466e-17    
1.83814e+06    1.03156e-17    
1.86943e+06    9.81048e-18    
1.90125e+06    9.33013e-18    
1.93361e+06    8.87329e-18    
1.96653e+06    8.43882e-18    
2.00000e+06    8.02561e-18    

