# USINE V4.0
# File generated 06-05-2022 12:33:43
# Model1DKisoVc
# B/C
# SolMod0DFF_phi0.670GV
# R [GV]       TOA [-]
1.00751e-01    2.08593e-01    
1.02460e-01    2.08623e-01    
1.04198e-01    2.08654e-01    
1.05965e-01    2.08685e-01    
1.07763e-01    2.08717e-01    
1.09591e-01    2.08749e-01    
1.11450e-01    2.08782e-01    
1.13340e-01    2.08816e-01    
1.15263e-01    2.08850e-01    
1.17218e-01    2.08885e-01    
1.19206e-01    2.08920e-01    
1.21228e-01    2.08956e-01    
1.23285e-01    2.08993e-01    
1.25376e-01    2.09030e-01    
1.27503e-01    2.09068e-01    
1.29666e-01    2.09106e-01    
1.31865e-01    2.09145e-01    
1.34102e-01    2.09185e-01    
1.36377e-01    2.09226e-01    
1.38690e-01    2.09267e-01    
1.41043e-01    2.09309e-01    
1.43435e-01    2.09352e-01    
1.45868e-01    2.09395e-01    
1.48343e-01    2.09438e-01    
1.50859e-01    2.09482e-01    
1.53418e-01    2.09527e-01    
1.56020e-01    2.09573e-01    
1.58667e-01    2.09619e-01    
1.61358e-01    2.09666e-01    
1.64095e-01    2.09714e-01    
1.66879e-01    2.09763e-01    
1.69710e-01    2.09813e-01    
1.72588e-01    2.09863e-01    
1.75516e-01    2.09915e-01    
1.78493e-01    2.09967e-01    
1.81521e-01    2.10020e-01    
1.84600e-01    2.10074e-01    
1.87731e-01    2.10130e-01    
1.90916e-01    2.10186e-01    
1.94154e-01    2.10243e-01    
1.97448e-01    2.10301e-01    
2.00797e-01    2.10361e-01    
2.04203e-01    2.10422e-01    
2.07667e-01    2.10485e-01    
2.11190e-01    2.10550e-01    
2.14772e-01    2.10617e-01    
2.18415e-01    2.10687e-01    
2.22120e-01    2.10759e-01    
2.25888e-01    2.10834e-01    
2.29720e-01    2.10911e-01    
2.33616e-01    2.10990e-01    
2.37579e-01    2.11072e-01    
2.41609e-01    2.11157e-01    
2.45707e-01    2.11245e-01    
2.49875e-01    2.11336e-01    
2.54114e-01    2.11429e-01    
2.58424e-01    2.11526e-01    
2.62808e-01    2.11626e-01    
2.67266e-01    2.11729e-01    
2.71800e-01    2.11836e-01    
2.76410e-01    2.11946e-01    
2.81099e-01    2.12058e-01    
2.85867e-01    2.12173e-01    
2.90716e-01    2.12292e-01    
2.95647e-01    2.12415e-01    
3.00662e-01    2.12542e-01    
3.05763e-01    2.12673e-01    
3.10949e-01    2.12809e-01    
3.16224e-01    2.12950e-01    
3.21588e-01    2.13095e-01    
3.27043e-01    2.13244e-01    
3.32590e-01    2.13399e-01    
3.38232e-01    2.13559e-01    
3.43970e-01    2.13724e-01    
3.49804e-01    2.13894e-01    
3.55738e-01    2.14070e-01    
3.61772e-01    2.14251e-01    
3.67909e-01    2.14438e-01    
3.74150e-01    2.14628e-01    
3.80496e-01    2.14823e-01    
3.86951e-01    2.15026e-01    
3.93514e-01    2.15234e-01    
4.00190e-01    2.15450e-01    
4.06978e-01    2.15672e-01    
4.13881e-01    2.15902e-01    
4.20902e-01    2.16139e-01    
4.28042e-01    2.16383e-01    
4.35303e-01    2.16635e-01    
4.42686e-01    2.16895e-01    
4.50196e-01    2.17159e-01    
4.57832e-01    2.17431e-01    
4.65598e-01    2.17711e-01    
4.73496e-01    2.18000e-01    
4.81528e-01    2.18298e-01    
4.89696e-01    2.18605e-01    
4.98003e-01    2.18922e-01    
5.06450e-01    2.19249e-01    
5.15041e-01    2.19582e-01    
5.23778e-01    2.19923e-01    
5.32663e-01    2.20274e-01    
5.41698e-01    2.20636e-01    
5.50887e-01    2.21009e-01    
5.60231e-01    2.21393e-01    
5.69735e-01    2.21790e-01    
5.79399e-01    2.22191e-01    
5.89227e-01    2.22604e-01    
5.99222e-01    2.23029e-01    
6.09387e-01    2.23466e-01    
6.19724e-01    2.23917e-01    
6.30236e-01    2.24380e-01    
6.40926e-01    2.24848e-01    
6.51798e-01    2.25331e-01    
6.62855e-01    2.25827e-01    
6.74099e-01    2.26340e-01    
6.85533e-01    2.26863e-01    
6.97162e-01    2.27394e-01    
7.08988e-01    2.27941e-01    
7.21014e-01    2.28504e-01    
7.33245e-01    2.29082e-01    
7.45683e-01    2.29667e-01    
7.58331e-01    2.30267e-01    
7.71195e-01    2.30888e-01    
7.84277e-01    2.31520e-01    
7.97580e-01    2.32160e-01    
8.11109e-01    2.32821e-01    
8.24868e-01    2.33500e-01    
8.38860e-01    2.34185e-01    
8.53090e-01    2.34887e-01    
8.67560e-01    2.35613e-01    
8.82277e-01    2.36343e-01    
8.97243e-01    2.37091e-01    
9.12462e-01    2.37863e-01    
9.27940e-01    2.38636e-01    
9.43681e-01    2.39432e-01    
9.59688e-01    2.40247e-01    
9.75967e-01    2.41067e-01    
9.92523e-01    2.41914e-01    
1.00936e+00    2.42768e-01    
1.02648e+00    2.43638e-01    
1.04389e+00    2.44530e-01    
1.06160e+00    2.45426e-01    
1.07961e+00    2.46348e-01    
1.09792e+00    2.47275e-01    
1.11654e+00    2.48224e-01    
1.13548e+00    2.49181e-01    
1.15475e+00    2.50156e-01    
1.17433e+00    2.51144e-01    
1.19425e+00    2.52145e-01    
1.21451e+00    2.53160e-01    
1.23511e+00    2.54187e-01    
1.25606e+00    2.55226e-01    
1.27737e+00    2.56279e-01    
1.29904e+00    2.57341e-01    
1.32107e+00    2.58417e-01    
1.34348e+00    2.59500e-01    
1.36627e+00    2.60593e-01    
1.38945e+00    2.61695e-01    
1.41302e+00    2.62807e-01    
1.43699e+00    2.63921e-01    
1.46136e+00    2.65048e-01    
1.48615e+00    2.66173e-01    
1.51136e+00    2.67304e-01    
1.53700e+00    2.68442e-01    
1.56307e+00    2.69578e-01    
1.58958e+00    2.70720e-01    
1.61655e+00    2.71865e-01    
1.64397e+00    2.73003e-01    
1.67185e+00    2.74147e-01    
1.70021e+00    2.75292e-01    
1.72905e+00    2.76436e-01    
1.75838e+00    2.77583e-01    
1.78821e+00    2.78729e-01    
1.81854e+00    2.79875e-01    
1.84939e+00    2.81025e-01    
1.88076e+00    2.82174e-01    
1.91266e+00    2.83327e-01    
1.94511e+00    2.84484e-01    
1.97810e+00    2.85641e-01    
2.01166e+00    2.86805e-01    
2.04578e+00    2.87971e-01    
2.08048e+00    2.89139e-01    
2.11577e+00    2.90312e-01    
2.15166e+00    2.91487e-01    
2.18816e+00    2.92664e-01    
2.22528e+00    2.93841e-01    
2.26303e+00    2.95016e-01    
2.30141e+00    2.96188e-01    
2.34045e+00    2.97349e-01    
2.38015e+00    2.98501e-01    
2.42053e+00    2.99635e-01    
2.46159e+00    3.00755e-01    
2.50334e+00    3.01848e-01    
2.54581e+00    3.02921e-01    
2.58899e+00    3.03962e-01    
2.63291e+00    3.04975e-01    
2.67757e+00    3.05958e-01    
2.72299e+00    3.06905e-01    
2.76918e+00    3.07827e-01    
2.81615e+00    3.08715e-01    
2.86392e+00    3.09576e-01    
2.91250e+00    3.10412e-01    
2.96190e+00    3.11217e-01    
3.01215e+00    3.12001e-01    
3.06324e+00    3.12757e-01    
3.11520e+00    3.13486e-01    
3.16805e+00    3.14190e-01    
3.22178e+00    3.14863e-01    
3.27644e+00    3.15505e-01    
3.33201e+00    3.16116e-01    
3.38853e+00    3.16687e-01    
3.44601e+00    3.17229e-01    
3.50447e+00    3.17730e-01    
3.56391e+00    3.18175e-01    
3.62437e+00    3.18591e-01    
3.68585e+00    3.18966e-01    
3.74837e+00    3.19265e-01    
3.81195e+00    3.19514e-01    
3.87661e+00    3.19728e-01    
3.94237e+00    3.19874e-01    
4.00925e+00    3.19936e-01    
4.07725e+00    3.19945e-01    
4.14642e+00    3.19910e-01    
4.21675e+00    3.19803e-01    
4.28828e+00    3.19629e-01    
4.36102e+00    3.19406e-01    
4.43500e+00    3.19146e-01    
4.51023e+00    3.18849e-01    
4.58673e+00    3.18510e-01    
4.66454e+00    3.18142e-01    
4.74366e+00    3.17755e-01    
4.82413e+00    3.17355e-01    
4.90596e+00    3.16945e-01    
4.98918e+00    3.16514e-01    
5.07381e+00    3.16075e-01    
5.15987e+00    3.15628e-01    
5.24740e+00    3.15175e-01    
5.33641e+00    3.14719e-01    
5.42693e+00    3.14253e-01    
5.51899e+00    3.13775e-01    
5.61260e+00    3.13287e-01    
5.70781e+00    3.12788e-01    
5.80463e+00    3.12278e-01    
5.90309e+00    3.11756e-01    
6.00323e+00    3.11221e-01    
6.10506e+00    3.10665e-01    
6.20862e+00    3.10090e-01    
6.31393e+00    3.09498e-01    
6.42104e+00    3.08886e-01    
6.52995e+00    3.08254e-01    
6.64072e+00    3.07602e-01    
6.75337e+00    3.06931e-01    
6.86792e+00    3.06234e-01    
6.98442e+00    3.05511e-01    
7.10290e+00    3.04764e-01    
7.22338e+00    3.03994e-01    
7.34591e+00    3.03199e-01    
7.47052e+00    3.02380e-01    
7.59724e+00    3.01537e-01    
7.72611e+00    3.00669e-01    
7.85717e+00    2.99779e-01    
7.99045e+00    2.98863e-01    
8.12599e+00    2.97922e-01    
8.26383e+00    2.96961e-01    
8.40401e+00    2.95979e-01    
8.54656e+00    2.94980e-01    
8.69154e+00    2.93965e-01    
8.83897e+00    2.92936e-01    
8.98891e+00    2.91895e-01    
9.14138e+00    2.90843e-01    
9.29645e+00    2.89783e-01    
9.45414e+00    2.88716e-01    
9.61451e+00    2.87644e-01    
9.77760e+00    2.86566e-01    
9.94346e+00    2.85485e-01    
1.01121e+01    2.84401e-01    
1.02837e+01    2.83316e-01    
1.04581e+01    2.82229e-01    
1.06355e+01    2.81142e-01    
1.08159e+01    2.80053e-01    
1.09994e+01    2.78964e-01    
1.11860e+01    2.77874e-01    
1.13757e+01    2.76784e-01    
1.15687e+01    2.75692e-01    
1.17649e+01    2.74599e-01    
1.19645e+01    2.73504e-01    
1.21674e+01    2.72408e-01    
1.23738e+01    2.71310e-01    
1.25837e+01    2.70209e-01    
1.27972e+01    2.69107e-01    
1.30142e+01    2.68003e-01    
1.32350e+01    2.66897e-01    
1.34595e+01    2.65790e-01    
1.36878e+01    2.64682e-01    
1.39200e+01    2.63572e-01    
1.41561e+01    2.62461e-01    
1.43962e+01    2.61349e-01    
1.46404e+01    2.60235e-01    
1.48888e+01    2.59120e-01    
1.51413e+01    2.58003e-01    
1.53982e+01    2.56884e-01    
1.56594e+01    2.55764e-01    
1.59250e+01    2.54642e-01    
1.61951e+01    2.53519e-01    
1.64699e+01    2.52394e-01    
1.67492e+01    2.51269e-01    
1.70334e+01    2.50142e-01    
1.73223e+01    2.49014e-01    
1.76161e+01    2.47885e-01    
1.79149e+01    2.46755e-01    
1.82188e+01    2.45625e-01    
1.85279e+01    2.44494e-01    
1.88422e+01    2.43362e-01    
1.91618e+01    2.42230e-01    
1.94868e+01    2.41097e-01    
1.98174e+01    2.39965e-01    
2.01535e+01    2.38831e-01    
2.04954e+01    2.37698e-01    
2.08430e+01    2.36565e-01    
2.11966e+01    2.35432e-01    
2.15562e+01    2.34300e-01    
2.19218e+01    2.33167e-01    
2.22937e+01    2.32035e-01    
2.26718e+01    2.30904e-01    
2.30564e+01    2.29772e-01    
2.34475e+01    2.28642e-01    
2.38452e+01    2.27511e-01    
2.42497e+01    2.26382e-01    
2.46611e+01    2.25253e-01    
2.50794e+01    2.24124e-01    
2.55048e+01    2.22997e-01    
2.59375e+01    2.21870e-01    
2.63774e+01    2.20744e-01    
2.68249e+01    2.19619e-01    
2.72799e+01    2.18496e-01    
2.77426e+01    2.17373e-01    
2.82132e+01    2.16252e-01    
2.86918e+01    2.15132e-01    
2.91785e+01    2.14013e-01    
2.96734e+01    2.12896e-01    
3.01768e+01    2.11781e-01    
3.06887e+01    2.10667e-01    
3.12092e+01    2.09554e-01    
3.17386e+01    2.08444e-01    
3.22770e+01    2.07335e-01    
3.28245e+01    2.06228e-01    
3.33813e+01    2.05123e-01    
3.39476e+01    2.04020e-01    
3.45234e+01    2.02919e-01    
3.51090e+01    2.01820e-01    
3.57046e+01    2.00723e-01    
3.63102e+01    1.99629e-01    
3.69262e+01    1.98537e-01    
3.75525e+01    1.97447e-01    
3.81895e+01    1.96359e-01    
3.88373e+01    1.95274e-01    
3.94961e+01    1.94192e-01    
4.01661e+01    1.93112e-01    
4.08474e+01    1.92035e-01    
4.15403e+01    1.90960e-01    
4.22450e+01    1.89888e-01    
4.29615e+01    1.88819e-01    
4.36903e+01    1.87753e-01    
4.44314e+01    1.86689e-01    
4.51851e+01    1.85629e-01    
4.59516e+01    1.84571e-01    
4.67310e+01    1.83516e-01    
4.75237e+01    1.82465e-01    
4.83299e+01    1.81416e-01    
4.91497e+01    1.80371e-01    
4.99834e+01    1.79328e-01    
5.08312e+01    1.78289e-01    
5.16935e+01    1.77253e-01    
5.25704e+01    1.76221e-01    
5.34621e+01    1.75191e-01    
5.43690e+01    1.74165e-01    
5.52912e+01    1.73143e-01    
5.62291e+01    1.72124e-01    
5.71829e+01    1.71108e-01    
5.81529e+01    1.70095e-01    
5.91393e+01    1.69086e-01    
6.01425e+01    1.68081e-01    
6.11627e+01    1.67079e-01    
6.22002e+01    1.66081e-01    
6.32553e+01    1.65086e-01    
6.43283e+01    1.64095e-01    
6.54195e+01    1.63108e-01    
6.65292e+01    1.62124e-01    
6.76577e+01    1.61144e-01    
6.88054e+01    1.60167e-01    
6.99725e+01    1.59195e-01    
7.11594e+01    1.58226e-01    
7.23665e+01    1.57261e-01    
7.35940e+01    1.56300e-01    
7.48424e+01    1.55342e-01    
7.61119e+01    1.54389e-01    
7.74030e+01    1.53439e-01    
7.87160e+01    1.52493e-01    
8.00512e+01    1.51551e-01    
8.14091e+01    1.50613e-01    
8.27901e+01    1.49679e-01    
8.41944e+01    1.48749e-01    
8.56226e+01    1.47823e-01    
8.70750e+01    1.46901e-01    
8.85521e+01    1.45984e-01    
9.00541e+01    1.45070e-01    
9.15817e+01    1.44160e-01    
9.31352e+01    1.43254e-01    
9.47150e+01    1.42353e-01    
9.63217e+01    1.41455e-01    
9.79556e+01    1.40562e-01    
9.96172e+01    1.39673e-01    
1.01307e+02    1.38788e-01    
1.03025e+02    1.37908e-01    
1.04773e+02    1.37032e-01    
1.06550e+02    1.36160e-01    
1.08358e+02    1.35292e-01    
1.10196e+02    1.34429e-01    
1.12065e+02    1.33570e-01    
1.13966e+02    1.32716e-01    
1.15899e+02    1.31866e-01    
1.17865e+02    1.31021e-01    
1.19864e+02    1.30180e-01    
1.21898e+02    1.29344e-01    
1.23965e+02    1.28512e-01    
1.26068e+02    1.27686e-01    
1.28207e+02    1.26864e-01    
1.30381e+02    1.26047e-01    
1.32593e+02    1.25234e-01    
1.34842e+02    1.24427e-01    
1.37129e+02    1.23624e-01    
1.39456e+02    1.22827e-01    
1.41821e+02    1.22035e-01    
1.44227e+02    1.21248e-01    
1.46673e+02    1.20466e-01    
1.49161e+02    1.19690e-01    
1.51692e+02    1.18919e-01    
1.54265e+02    1.18153e-01    
1.56881e+02    1.17393e-01    
1.59543e+02    1.16639e-01    
1.62249e+02    1.15891e-01    
1.65001e+02    1.15148e-01    
1.67800e+02    1.14412e-01    
1.70646e+02    1.13682e-01    
1.73541e+02    1.12957e-01    
1.76485e+02    1.12240e-01    
1.79478e+02    1.11528e-01    
1.82523e+02    1.10823e-01    
1.85619e+02    1.10125e-01    
1.88768e+02    1.09433e-01    
1.91970e+02    1.08748e-01    
1.95226e+02    1.08071e-01    
1.98538e+02    1.07400e-01    
2.01905e+02    1.06736e-01    
2.05330e+02    1.06080e-01    
2.08813e+02    1.05431e-01    
2.12355e+02    1.04789e-01    
2.15957e+02    1.04154e-01    
2.19621e+02    1.03528e-01    
2.23346e+02    1.02908e-01    
2.27135e+02    1.02296e-01    
2.30988e+02    1.01692e-01    
2.34906e+02    1.01096e-01    
2.38890e+02    1.00507e-01    
2.42943e+02    9.99252e-02    
2.47064e+02    9.93514e-02    
2.51255e+02    9.87851e-02    
2.55517e+02    9.82262e-02    
2.59851e+02    9.76747e-02    
2.64259e+02    9.71305e-02    
2.68741e+02    9.65935e-02    
2.73300e+02    9.60635e-02    
2.77936e+02    9.55406e-02    
2.82650e+02    9.50244e-02    
2.87445e+02    9.45150e-02    
2.92321e+02    9.40121e-02    
2.97279e+02    9.35156e-02    
3.02322e+02    9.30252e-02    
3.07450e+02    9.25410e-02    
3.12666e+02    9.20626e-02    
3.17969e+02    9.15898e-02    
3.23363e+02    9.11226e-02    
3.28848e+02    9.06608e-02    
3.34426e+02    9.02040e-02    
3.40099e+02    8.97523e-02    
3.45868e+02    8.93053e-02    
3.51735e+02    8.88630e-02    
3.57702e+02    8.84251e-02    
3.63769e+02    8.79915e-02    
3.69940e+02    8.75620e-02    
3.76215e+02    8.71365e-02    
3.82597e+02    8.67148e-02    
3.89087e+02    8.62967e-02    
3.95687e+02    8.58822e-02    
4.02399e+02    8.54711e-02    
4.09224e+02    8.50633e-02    
4.16166e+02    8.46586e-02    
4.23225e+02    8.42570e-02    
4.30404e+02    8.38583e-02    
4.37705e+02    8.34623e-02    
4.45130e+02    8.30692e-02    
4.52681e+02    8.26786e-02    
4.60360e+02    8.22906e-02    
4.68169e+02    8.19050e-02    
4.76110e+02    8.15219e-02    
4.84186e+02    8.11410e-02    
4.92399e+02    8.07624e-02    
5.00752e+02    8.03860e-02    
5.09246e+02    8.00116e-02    
5.17884e+02    7.96394e-02    
5.26669e+02    7.92691e-02    
5.35603e+02    7.89008e-02    
5.44688e+02    7.85344e-02    
5.53928e+02    7.81699e-02    
5.63324e+02    7.78072e-02    
5.72879e+02    7.74463e-02    
5.82597e+02    7.70872e-02    
5.92480e+02    7.67298e-02    
6.02530e+02    7.63741e-02    
6.12750e+02    7.60200e-02    
6.23144e+02    7.56676e-02    
6.33715e+02    7.53168e-02    
6.44464e+02    7.49676e-02    
6.55396e+02    7.46200e-02    
6.66514e+02    7.42739e-02    
6.77820e+02    7.39293e-02    
6.89317e+02    7.35863e-02    
7.01010e+02    7.32447e-02    
7.12901e+02    7.29046e-02    
7.24994e+02    7.25660e-02    
7.37292e+02    7.22289e-02    
7.49799e+02    7.18931e-02    
7.62517e+02    7.15588e-02    
7.75452e+02    7.12259e-02    
7.88606e+02    7.08945e-02    
8.01983e+02    7.05644e-02    
8.15587e+02    7.02356e-02    
8.29421e+02    6.99083e-02    
8.43491e+02    6.95823e-02    
8.57799e+02    6.92577e-02    
8.72349e+02    6.89344e-02    
8.87147e+02    6.86125e-02    
9.02195e+02    6.82919e-02    
9.17499e+02    6.79726e-02    
9.33063e+02    6.76546e-02    
9.48890e+02    6.73380e-02    
9.64986e+02    6.70226e-02    
9.81355e+02    6.67085e-02    
9.98001e+02    6.63958e-02    
1.01493e+03    6.60843e-02    
1.03215e+03    6.57741e-02    
1.04965e+03    6.54652e-02    
1.06746e+03    6.51576e-02    
1.08557e+03    6.48512e-02    
1.10398e+03    6.45461e-02    
1.12271e+03    6.42422e-02    
1.14175e+03    6.39396e-02    
1.16112e+03    6.36383e-02    
1.18082e+03    6.33382e-02    
1.20085e+03    6.30393e-02    
1.22122e+03    6.27417e-02    
1.24193e+03    6.24452e-02    
1.26300e+03    6.21501e-02    
1.28442e+03    6.18561e-02    
1.30621e+03    6.15634e-02    
1.32837e+03    6.12719e-02    
1.35090e+03    6.09815e-02    
1.37381e+03    6.06924e-02    
1.39712e+03    6.04045e-02    
1.42082e+03    6.01178e-02    
1.44492e+03    5.98323e-02    
1.46943e+03    5.95480e-02    
1.49435e+03    5.92649e-02    
1.51970e+03    5.89829e-02    
1.54548e+03    5.87022e-02    
1.57170e+03    5.84226e-02    
1.59836e+03    5.81442e-02    
1.62547e+03    5.78669e-02    
1.65304e+03    5.75909e-02    
1.68108e+03    5.73160e-02    
1.70960e+03    5.70422e-02    
1.73860e+03    5.67696e-02    
1.76809e+03    5.64982e-02    
1.79808e+03    5.62279e-02    
1.82858e+03    5.59587e-02    
1.85960e+03    5.56907e-02    
1.89114e+03    5.54238e-02    
1.92322e+03    5.51581e-02    
1.95585e+03    5.48935e-02    
1.98902e+03    5.46300e-02    
2.02276e+03    5.43677e-02    
2.05707e+03    5.41064e-02    
2.09197e+03    5.38463e-02    
2.12745e+03    5.35873e-02    
2.16354e+03    5.33294e-02    
2.20024e+03    5.30726e-02    
2.23756e+03    5.28169e-02    
2.27552e+03    5.25623e-02    
2.31412e+03    5.23089e-02    
2.35337e+03    5.20565e-02    
2.39329e+03    5.18051e-02    
2.43389e+03    5.15549e-02    
2.47517e+03    5.13058e-02    
2.51716e+03    5.10577e-02    
2.55986e+03    5.08107e-02    
2.60328e+03    5.05648e-02    
2.64744e+03    5.03200e-02    
2.69235e+03    5.00762e-02    
2.73802e+03    4.98335e-02    
2.78446e+03    4.95918e-02    
2.83170e+03    4.93512e-02    
2.87973e+03    4.91116e-02    
2.92858e+03    4.88731e-02    
2.97825e+03    4.86356e-02    
3.02877e+03    4.83992e-02    
3.08015e+03    4.81638e-02    
3.13240e+03    4.79295e-02    
3.18553e+03    4.76961e-02    
3.23957e+03    4.74638e-02    
3.29452e+03    4.72325e-02    
3.35041e+03    4.70023e-02    
3.40724e+03    4.67730e-02    
3.46503e+03    4.65448e-02    
3.52381e+03    4.63176e-02    
3.58359e+03    4.60913e-02    
3.64437e+03    4.58661e-02    
3.70619e+03    4.56419e-02    
3.76906e+03    4.54187e-02    
3.83299e+03    4.51965e-02    
3.89801e+03    4.49752e-02    
3.96413e+03    4.47549e-02    
4.03138e+03    4.45357e-02    
4.09976e+03    4.43174e-02    
4.16930e+03    4.41000e-02    
4.24003e+03    4.38837e-02    
4.31195e+03    4.36683e-02    
4.38509e+03    4.34539e-02    
4.45948e+03    4.32404e-02    
4.53512e+03    4.30279e-02    
4.61205e+03    4.28163e-02    
4.69028e+03    4.26057e-02    
4.76984e+03    4.23961e-02    
4.85075e+03    4.21874e-02    
4.93304e+03    4.19796e-02    
5.01672e+03    4.17727e-02    
5.10181e+03    4.15668e-02    
5.18835e+03    4.13619e-02    
5.27636e+03    4.11578e-02    
5.36587e+03    4.09547e-02    
5.45689e+03    4.07525e-02    
5.54945e+03    4.05512e-02    
5.64359e+03    4.03508e-02    
5.73932e+03    4.01513e-02    
5.83667e+03    3.99528e-02    
5.93568e+03    3.97551e-02    
6.03636e+03    3.95584e-02    
6.13876e+03    3.93625e-02    
6.24289e+03    3.91675e-02    
6.34879e+03    3.89734e-02    
6.45648e+03    3.87802e-02    
6.56600e+03    3.85879e-02    
6.67738e+03    3.83965e-02    
6.79065e+03    3.82059e-02    
6.90583e+03    3.80162e-02    
7.02298e+03    3.78274e-02    
7.14211e+03    3.76394e-02    
7.26326e+03    3.74524e-02    
7.38646e+03    3.72661e-02    
7.51176e+03    3.70807e-02    
7.63918e+03    3.68962e-02    
7.76876e+03    3.67125e-02    
7.90054e+03    3.65297e-02    
8.03456e+03    3.63477e-02    
8.17085e+03    3.61666e-02    
8.30945e+03    3.59863e-02    
8.45040e+03    3.58068e-02    
8.59374e+03    3.56281e-02    
8.73952e+03    3.54503e-02    
8.88776e+03    3.52733e-02    
9.03852e+03    3.50972e-02    
9.19184e+03    3.49218e-02    
9.34776e+03    3.47472e-02    
9.50633e+03    3.45735e-02    
9.66758e+03    3.44006e-02    
9.83157e+03    3.42285e-02    
9.99834e+03    3.40571e-02    
1.01679e+04    3.38866e-02    
1.03404e+04    3.37169e-02    
1.05158e+04    3.35479e-02    
1.06942e+04    3.33798e-02    
1.08756e+04    3.32124e-02    
1.10601e+04    3.30458e-02    
1.12477e+04    3.28800e-02    
1.14385e+04    3.27150e-02    
1.16325e+04    3.25507e-02    
1.18298e+04    3.23873e-02    
1.20305e+04    3.22245e-02    
1.22346e+04    3.20626e-02    
1.24421e+04    3.19014e-02    
1.26532e+04    3.17410e-02    
1.28678e+04    3.15813e-02    
1.30861e+04    3.14223e-02    
1.33081e+04    3.12642e-02    
1.35338e+04    3.11067e-02    
1.37634e+04    3.09500e-02    
1.39968e+04    3.07941e-02    
1.42343e+04    3.06388e-02    
1.44757e+04    3.04844e-02    
1.47213e+04    3.03306e-02    
1.49710e+04    3.01776e-02    
1.52249e+04    3.00253e-02    
1.54832e+04    2.98737e-02    
1.57458e+04    2.97228e-02    
1.60129e+04    2.95727e-02    
1.62845e+04    2.94232e-02    
1.65608e+04    2.92745e-02    
1.68417e+04    2.91265e-02    
1.71274e+04    2.89792e-02    
1.74179e+04    2.88325e-02    
1.77134e+04    2.86866e-02    
1.80138e+04    2.85414e-02    
1.83194e+04    2.83969e-02    
1.86301e+04    2.82530e-02    
1.89462e+04    2.81099e-02    
1.92675e+04    2.79674e-02    
1.95944e+04    2.78256e-02    
1.99268e+04    2.76845e-02    
2.02648e+04    2.75440e-02    
2.06085e+04    2.74043e-02    
2.09581e+04    2.72652e-02    
2.13136e+04    2.71267e-02    
2.16751e+04    2.69890e-02    
2.20428e+04    2.68519e-02    
2.24167e+04    2.67154e-02    
2.27970e+04    2.65796e-02    
2.31837e+04    2.64445e-02    
2.35769e+04    2.63100e-02    
2.39769e+04    2.61761e-02    
2.43836e+04    2.60429e-02    
2.47972e+04    2.59104e-02    
2.52178e+04    2.57785e-02    
2.56456e+04    2.56472e-02    
2.60806e+04    2.55165e-02    
2.65230e+04    2.53865e-02    
2.69729e+04    2.52571e-02    
2.74305e+04    2.51283e-02    
2.78958e+04    2.50002e-02    
2.83690e+04    2.48727e-02    
2.88502e+04    2.47458e-02    
2.93396e+04    2.46195e-02    
2.98372e+04    2.44938e-02    
3.03434e+04    2.43687e-02    
3.08581e+04    2.42443e-02    
3.13815e+04    2.41204e-02    
3.19138e+04    2.39971e-02    
3.24552e+04    2.38745e-02    
3.30057e+04    2.37524e-02    
3.35656e+04    2.36309e-02    
3.41350e+04    2.35100e-02    
3.47140e+04    2.33898e-02    
3.53028e+04    2.32700e-02    
3.59017e+04    2.31509e-02    
3.65107e+04    2.30324e-02    
3.71300e+04    2.29144e-02    
3.77598e+04    2.27970e-02    
3.84003e+04    2.26802e-02    
3.90517e+04    2.25640e-02    
3.97141e+04    2.24483e-02    
4.03878e+04    2.23332e-02    
4.10729e+04    2.22186e-02    
4.17696e+04    2.21046e-02    
4.24781e+04    2.19912e-02    
4.31987e+04    2.18783e-02    
4.39315e+04    2.17660e-02    
4.46767e+04    2.16542e-02    
4.54345e+04    2.15430e-02    
4.62052e+04    2.14323e-02    
4.69890e+04    2.13222e-02    
4.77860e+04    2.12126e-02    
4.85966e+04    2.11036e-02    
4.94210e+04    2.09951e-02    
5.02593e+04    2.08871e-02    
5.11118e+04    2.07796e-02    
5.19788e+04    2.06727e-02    
5.28605e+04    2.05663e-02    
5.37572e+04    2.04604e-02    
5.46691e+04    2.03551e-02    
5.55964e+04    2.02503e-02    
5.65395e+04    2.01459e-02    
5.74986e+04    2.00422e-02    
5.84739e+04    1.99389e-02    
5.94658e+04    1.98361e-02    
6.04745e+04    1.97338e-02    
6.15003e+04    1.96321e-02    
6.25435e+04    1.95308e-02    
6.36045e+04    1.94301e-02    
6.46834e+04    1.93298e-02    
6.57806e+04    1.92300e-02    
6.68964e+04    1.91308e-02    
6.80312e+04    1.90320e-02    
6.91852e+04    1.89337e-02    
7.03587e+04    1.88359e-02    
7.15522e+04    1.87386e-02    
7.27660e+04    1.86418e-02    
7.40003e+04    1.85455e-02    
7.52555e+04    1.84496e-02    
7.65321e+04    1.83542e-02    
7.78303e+04    1.82593e-02    
7.91505e+04    1.81648e-02    
8.04931e+04    1.80709e-02    
8.18585e+04    1.79774e-02    
8.32471e+04    1.78843e-02    
8.46592e+04    1.77918e-02    
8.60952e+04    1.76997e-02    
8.75557e+04    1.76080e-02    
8.90409e+04    1.75168e-02    
9.05512e+04    1.74261e-02    
9.20872e+04    1.73358e-02    
9.36493e+04    1.72459e-02    
9.52379e+04    1.71566e-02    
9.68534e+04    1.70676e-02    
9.84963e+04    1.69791e-02    
1.00167e+05    1.68911e-02    
1.01866e+05    1.68035e-02    
1.03594e+05    1.67163e-02    
1.05351e+05    1.66296e-02    
1.07138e+05    1.65433e-02    
1.08956e+05    1.64574e-02    
1.10804e+05    1.63720e-02    
1.12684e+05    1.62869e-02    
1.14595e+05    1.62024e-02    
1.16539e+05    1.61182e-02    
1.18516e+05    1.60345e-02    
1.20526e+05    1.59512e-02    
1.22571e+05    1.58683e-02    
1.24650e+05    1.57858e-02    
1.26764e+05    1.57037e-02    
1.28914e+05    1.56221e-02    
1.31101e+05    1.55408e-02    
1.33325e+05    1.54600e-02    
1.35587e+05    1.53796e-02    
1.37886e+05    1.52996e-02    
1.40225e+05    1.52199e-02    
1.42604e+05    1.51407e-02    
1.45023e+05    1.50619e-02    
1.47483e+05    1.49835e-02    
1.49985e+05    1.49055e-02    
1.52529e+05    1.48278e-02    
1.55116e+05    1.47506e-02    
1.57747e+05    1.46738e-02    
1.60423e+05    1.45973e-02    
1.63145e+05    1.45212e-02    
1.65912e+05    1.44456e-02    
1.68726e+05    1.43703e-02    
1.71588e+05    1.42953e-02    
1.74499e+05    1.42208e-02    
1.77459e+05    1.41466e-02    
1.80469e+05    1.40728e-02    
1.83530e+05    1.39994e-02    
1.86644e+05    1.39264e-02    
1.89810e+05    1.38537e-02    
1.93029e+05    1.37814e-02    
1.96304e+05    1.37095e-02    
1.99634e+05    1.36379e-02    
2.03020e+05    1.35667e-02    
2.06464e+05    1.34958e-02    
2.09966e+05    1.34253e-02    
2.13528e+05    1.33552e-02    
2.17150e+05    1.32854e-02    
2.20833e+05    1.32160e-02    
2.24579e+05    1.31469e-02    
2.28388e+05    1.30782e-02    
2.32263e+05    1.30099e-02    
2.36202e+05    1.29418e-02    
2.40209e+05    1.28742e-02    
2.44284e+05    1.28068e-02    
2.48427e+05    1.27399e-02    
2.52642e+05    1.26732e-02    
2.56927e+05    1.26069e-02    
2.61285e+05    1.25409e-02    
2.65717e+05    1.24753e-02    
2.70225e+05    1.24100e-02    
2.74808e+05    1.23451e-02    
2.79470e+05    1.22804e-02    
2.84211e+05    1.22161e-02    
2.89032e+05    1.21522e-02    
2.93934e+05    1.20885e-02    
2.98920e+05    1.20252e-02    
3.03991e+05    1.19622e-02    
3.09148e+05    1.18995e-02    
3.14392e+05    1.18372e-02    
3.19725e+05    1.17751e-02    
3.25148e+05    1.17134e-02    
3.30663e+05    1.16520e-02    
3.36272e+05    1.15909e-02    
3.41977e+05    1.15301e-02    
3.47777e+05    1.14697e-02    
3.53677e+05    1.14095e-02    
3.59676e+05    1.13497e-02    
3.65777e+05    1.12901e-02    
3.71982e+05    1.12309e-02    
3.78292e+05    1.11720e-02    
3.84709e+05    1.11133e-02    
3.91234e+05    1.10550e-02    
3.97871e+05    1.09970e-02    
4.04620e+05    1.09392e-02    
4.11483e+05    1.08818e-02    
4.18463e+05    1.08247e-02    
4.25562e+05    1.07678e-02    
4.32780e+05    1.07113e-02    
4.40121e+05    1.06550e-02    
4.47587e+05    1.05990e-02    
4.55180e+05    1.05433e-02    
4.62901e+05    1.04879e-02    
4.70753e+05    1.04328e-02    
4.78738e+05    1.03780e-02    
4.86859e+05    1.03234e-02    
4.95117e+05    1.02692e-02    
5.03516e+05    1.02152e-02    
5.12057e+05    1.01615e-02    
5.20743e+05    1.01080e-02    
5.29576e+05    1.00549e-02    
5.38559e+05    1.00020e-02    
5.47695e+05    9.94937e-03    
5.56985e+05    9.89703e-03    
5.66433e+05    9.84495e-03    
5.76042e+05    9.79315e-03    
5.85813e+05    9.74161e-03    
5.95750e+05    9.69034e-03    
6.05856e+05    9.63933e-03    
6.16133e+05    9.58859e-03    
6.26584e+05    9.53810e-03    
6.37213e+05    9.48788e-03    
6.48022e+05    9.43792e-03    
6.59014e+05    9.38821e-03    
6.70193e+05    9.33877e-03    
6.81561e+05    9.28957e-03    
6.93122e+05    9.24064e-03    
7.04880e+05    9.19195e-03    
7.16836e+05    9.14352e-03    
7.28996e+05    9.09534e-03    
7.41362e+05    9.04740e-03    
7.53938e+05    8.99972e-03    
7.66726e+05    8.95228e-03    
7.79732e+05    8.90508e-03    
7.92959e+05    8.85813e-03    
8.06410e+05    8.81143e-03    
8.20089e+05    8.76496e-03    
8.34000e+05    8.71874e-03    
8.48147e+05    8.67276e-03    
8.62534e+05    8.62701e-03    
8.77165e+05    8.58150e-03    
8.92044e+05    8.53623e-03    
9.07176e+05    8.49119e-03    
9.22564e+05    8.44638e-03    
9.38213e+05    8.40181e-03    
9.54128e+05    8.35747e-03    
9.70313e+05    8.31336e-03    
9.86772e+05    8.26948e-03    
1.00351e+06    8.22582e-03    
1.02053e+06    8.18239e-03    
1.03784e+06    8.13919e-03    
1.05545e+06    8.09621e-03    
1.07335e+06    8.05346e-03    
1.09156e+06    8.01092e-03    
1.11008e+06    7.96861e-03    
1.12891e+06    7.92652e-03    
1.14805e+06    7.88465e-03    
1.16753e+06    7.84299e-03    
1.18733e+06    7.80155e-03    
1.20747e+06    7.76033e-03    
1.22796e+06    7.71932e-03    
1.24879e+06    7.67852e-03    
1.26997e+06    7.63794e-03    
1.29151e+06    7.59757e-03    
1.31342e+06    7.55740e-03    
1.33570e+06    7.51745e-03    
1.35836e+06    7.47771e-03    
1.38140e+06    7.43817e-03    
1.40483e+06    7.39883e-03    
1.42866e+06    7.35971e-03    
1.45289e+06    7.32078e-03    
1.47754e+06    7.28206e-03    
1.50260e+06    7.24354e-03    
1.52809e+06    7.20522e-03    
1.55401e+06    7.16711e-03    
1.58037e+06    7.12919e-03    
1.60718e+06    7.09146e-03    
1.63444e+06    7.05394e-03    
1.66217e+06    7.01661e-03    
1.69036e+06    6.97947e-03    
1.71903e+06    6.94253e-03    
1.74819e+06    6.90578e-03    
1.77785e+06    6.86922e-03    
1.80801e+06    6.83286e-03    
1.83867e+06    6.79668e-03    
1.86986e+06    6.76070e-03    
1.90158e+06    6.72490e-03    
1.93384e+06    6.68928e-03    
1.96664e+06    6.65386e-03    
2.00000e+06    6.61862e-03    

