# USINE V4.0
# File generated 13-05-2022 08:27:57
# Model1DKisoVc
# MN
# SolMod0DFF_phi0_670GV
# R [GV]       TOA [GV m^{2} s sr]^{-1}
9.49292e-02    1.09582e-05    
9.65508e-02    1.15237e-05    
9.82002e-02    1.21182e-05    
9.98777e-02    1.27433e-05    
1.01584e-01    1.34005e-05    
1.03319e-01    1.40915e-05    
1.05084e-01    1.48179e-05    
1.06879e-01    1.55817e-05    
1.08705e-01    1.63846e-05    
1.10562e-01    1.72288e-05    
1.12451e-01    1.81162e-05    
1.14372e-01    1.90492e-05    
1.16326e-01    2.00299e-05    
1.18313e-01    2.10610e-05    
1.20334e-01    2.21448e-05    
1.22389e-01    2.32842e-05    
1.24480e-01    2.44819e-05    
1.26607e-01    2.57408e-05    
1.28769e-01    2.70642e-05    
1.30969e-01    2.84553e-05    
1.33207e-01    2.99174e-05    
1.35482e-01    3.14543e-05    
1.37796e-01    3.30697e-05    
1.40150e-01    3.47676e-05    
1.42545e-01    3.65521e-05    
1.44980e-01    3.84277e-05    
1.47456e-01    4.03989e-05    
1.49975e-01    4.24706e-05    
1.52537e-01    4.46479e-05    
1.55143e-01    4.69361e-05    
1.57793e-01    4.93408e-05    
1.60489e-01    5.18678e-05    
1.63230e-01    5.45234e-05    
1.66019e-01    5.73140e-05    
1.68855e-01    6.02464e-05    
1.71739e-01    6.33277e-05    
1.74673e-01    6.65654e-05    
1.77657e-01    6.99673e-05    
1.80692e-01    7.35418e-05    
1.83779e-01    7.72975e-05    
1.86918e-01    8.12433e-05    
1.90111e-01    8.53889e-05    
1.93359e-01    8.97443e-05    
1.96662e-01    9.43199e-05    
2.00021e-01    9.91266e-05    
2.03438e-01    1.04175e-04    
2.06914e-01    1.09477e-04    
2.10448e-01    1.15044e-04    
2.14043e-01    1.20888e-04    
2.17700e-01    1.27025e-04    
2.21419e-01    1.33467e-04    
2.25201e-01    1.40229e-04    
2.29048e-01    1.47327e-04    
2.32961e-01    1.54776e-04    
2.36941e-01    1.62594e-04    
2.40988e-01    1.70798e-04    
2.45105e-01    1.79407e-04    
2.49292e-01    1.88438e-04    
2.53551e-01    1.97913e-04    
2.57882e-01    2.07852e-04    
2.62287e-01    2.18277e-04    
2.66768e-01    2.29210e-04    
2.71325e-01    2.40675e-04    
2.75960e-01    2.52697e-04    
2.80674e-01    2.65300e-04    
2.85469e-01    2.78512e-04    
2.90345e-01    2.92360e-04    
2.95305e-01    3.06873e-04    
3.00350e-01    3.22081e-04    
3.05481e-01    3.38015e-04    
3.10699e-01    3.54707e-04    
3.16007e-01    3.72191e-04    
3.21405e-01    3.90501e-04    
3.26896e-01    4.09674e-04    
3.32480e-01    4.29747e-04    
3.38160e-01    4.50759e-04    
3.43936e-01    4.72750e-04    
3.49812e-01    4.95761e-04    
3.55787e-01    5.19835e-04    
3.61865e-01    5.45016e-04    
3.68047e-01    5.71351e-04    
3.74334e-01    5.98887e-04    
3.80729e-01    6.27672e-04    
3.87233e-01    6.57756e-04    
3.93848e-01    6.89192e-04    
4.00576e-01    7.22032e-04    
4.07419e-01    7.56330e-04    
4.14378e-01    7.92143e-04    
4.21457e-01    8.29528e-04    
4.28657e-01    8.68544e-04    
4.35979e-01    9.09252e-04    
4.43427e-01    9.51711e-04    
4.51002e-01    9.95986e-04    
4.58707e-01    1.04214e-03    
4.66542e-01    1.09024e-03    
4.74512e-01    1.14034e-03    
4.82618e-01    1.19253e-03    
4.90863e-01    1.24686e-03    
4.99248e-01    1.30340e-03    
5.07777e-01    1.36222e-03    
5.16451e-01    1.42339e-03    
5.25273e-01    1.48699e-03    
5.34246e-01    1.55307e-03    
5.43373e-01    1.62171e-03    
5.52655e-01    1.69298e-03    
5.62096e-01    1.76695e-03    
5.71698e-01    1.84368e-03    
5.81464e-01    1.92324e-03    
5.91397e-01    2.00570e-03    
6.01500e-01    2.09112e-03    
6.11775e-01    2.17956e-03    
6.22226e-01    2.27108e-03    
6.32855e-01    2.36573e-03    
6.43666e-01    2.46357e-03    
6.54662e-01    2.56465e-03    
6.65845e-01    2.66900e-03    
6.77220e-01    2.77669e-03    
6.88789e-01    2.88773e-03    
7.00555e-01    3.00216e-03    
7.12522e-01    3.12001e-03    
7.24694e-01    3.24129e-03    
7.37074e-01    3.36602e-03    
7.49665e-01    3.49419e-03    
7.62472e-01    3.62581e-03    
7.75497e-01    3.76086e-03    
7.88744e-01    3.89933e-03    
8.02218e-01    4.04118e-03    
8.15922e-01    4.18638e-03    
8.29861e-01    4.33486e-03    
8.44037e-01    4.48657e-03    
8.58455e-01    4.64145e-03    
8.73120e-01    4.79939e-03    
8.88036e-01    4.96032e-03    
9.03206e-01    5.12411e-03    
9.18635e-01    5.29065e-03    
9.34328e-01    5.45979e-03    
9.50289e-01    5.63140e-03    
9.66522e-01    5.80532e-03    
9.83033e-01    5.98135e-03    
9.99826e-01    6.15932e-03    
1.01691e+00    6.33902e-03    
1.03428e+00    6.52023e-03    
1.05195e+00    6.70272e-03    
1.06992e+00    6.88625e-03    
1.08819e+00    7.07055e-03    
1.10678e+00    7.25536e-03    
1.12569e+00    7.44038e-03    
1.14492e+00    7.62532e-03    
1.16448e+00    7.80988e-03    
1.18437e+00    7.99372e-03    
1.20460e+00    8.17652e-03    
1.22518e+00    8.35793e-03    
1.24611e+00    8.53761e-03    
1.26740e+00    8.71519e-03    
1.28905e+00    8.89031e-03    
1.31107e+00    9.06260e-03    
1.33346e+00    9.23168e-03    
1.35624e+00    9.39716e-03    
1.37941e+00    9.55867e-03    
1.40298e+00    9.71581e-03    
1.42694e+00    9.86818e-03    
1.45132e+00    1.00154e-02    
1.47611e+00    1.01571e-02    
1.50133e+00    1.02928e-02    
1.52697e+00    1.04222e-02    
1.55306e+00    1.05449e-02    
1.57959e+00    1.06604e-02    
1.60657e+00    1.07686e-02    
1.63402e+00    1.08689e-02    
1.66193e+00    1.09611e-02    
1.69032e+00    1.10449e-02    
1.71920e+00    1.11201e-02    
1.74857e+00    1.11864e-02    
1.77844e+00    1.12437e-02    
1.80882e+00    1.12920e-02    
1.83972e+00    1.13311e-02    
1.87114e+00    1.13611e-02    
1.90311e+00    1.13821e-02    
1.93562e+00    1.13942e-02    
1.96868e+00    1.13975e-02    
2.00231e+00    1.13923e-02    
2.03652e+00    1.13787e-02    
2.07131e+00    1.13570e-02    
2.10669e+00    1.13273e-02    
2.14268e+00    1.12900e-02    
2.17928e+00    1.12452e-02    
2.21651e+00    1.11933e-02    
2.25438e+00    1.11344e-02    
2.29289e+00    1.10688e-02    
2.33206e+00    1.09969e-02    
2.37189e+00    1.09189e-02    
2.41241e+00    1.08352e-02    
2.45362e+00    1.07461e-02    
2.49554e+00    1.06520e-02    
2.53817e+00    1.05532e-02    
2.58153e+00    1.04501e-02    
2.62563e+00    1.03432e-02    
2.67048e+00    1.02327e-02    
2.71610e+00    1.01190e-02    
2.76250e+00    1.00022e-02    
2.80969e+00    9.88263e-03    
2.85769e+00    9.76041e-03    
2.90650e+00    9.63566e-03    
2.95615e+00    9.50845e-03    
3.00665e+00    9.37874e-03    
3.05802e+00    9.24646e-03    
3.11026e+00    9.11154e-03    
3.16339e+00    8.97392e-03    
3.21743e+00    8.83356e-03    
3.27239e+00    8.69040e-03    
3.32829e+00    8.54440e-03    
3.38515e+00    8.39554e-03    
3.44297e+00    8.24381e-03    
3.50179e+00    8.08930e-03    
3.56161e+00    7.93213e-03    
3.62245e+00    7.77246e-03    
3.68433e+00    7.61048e-03    
3.74727e+00    7.44649e-03    
3.81129e+00    7.28084e-03    
3.87639e+00    7.11397e-03    
3.94261e+00    6.94638e-03    
4.00996e+00    6.77855e-03    
4.07846e+00    6.61095e-03    
4.14814e+00    6.44404e-03    
4.21900e+00    6.27820e-03    
4.29107e+00    6.11381e-03    
4.36437e+00    5.95114e-03    
4.43893e+00    5.79044e-03    
4.51476e+00    5.63190e-03    
4.59188e+00    5.47568e-03    
4.67032e+00    5.32191e-03    
4.75011e+00    5.17072e-03    
4.83125e+00    5.02222e-03    
4.91378e+00    4.87648e-03    
4.99772e+00    4.73354e-03    
5.08310e+00    4.59346e-03    
5.16993e+00    4.45625e-03    
5.25825e+00    4.32192e-03    
5.34807e+00    4.19048e-03    
5.43943e+00    4.06190e-03    
5.53235e+00    3.93615e-03    
5.62686e+00    3.81318e-03    
5.72298e+00    3.69298e-03    
5.82075e+00    3.57558e-03    
5.92018e+00    3.46100e-03    
6.02132e+00    3.34927e-03    
6.12418e+00    3.24040e-03    
6.22879e+00    3.13440e-03    
6.33520e+00    3.03127e-03    
6.44342e+00    2.93105e-03    
6.55349e+00    2.83371e-03    
6.66545e+00    2.73919e-03    
6.77931e+00    2.64741e-03    
6.89512e+00    2.55828e-03    
7.01291e+00    2.47171e-03    
7.13271e+00    2.38761e-03    
7.25455e+00    2.30593e-03    
7.37848e+00    2.22657e-03    
7.50453e+00    2.14948e-03    
7.63272e+00    2.07458e-03    
7.76311e+00    2.00185e-03    
7.89573e+00    1.93125e-03    
8.03061e+00    1.86275e-03    
8.16779e+00    1.79632e-03    
8.30732e+00    1.73192e-03    
8.44923e+00    1.66953e-03    
8.59357e+00    1.60909e-03    
8.74037e+00    1.55059e-03    
8.88968e+00    1.49397e-03    
9.04154e+00    1.43921e-03    
9.19600e+00    1.38624e-03    
9.35309e+00    1.33502e-03    
9.51286e+00    1.28551e-03    
9.67537e+00    1.23764e-03    
9.84065e+00    1.19138e-03    
1.00088e+01    1.14668e-03    
1.01797e+01    1.10349e-03    
1.03536e+01    1.06177e-03    
1.05305e+01    1.02149e-03    
1.07104e+01    9.82616e-04    
1.08934e+01    9.45139e-04    
1.10794e+01    9.09041e-04    
1.12687e+01    8.74298e-04    
1.14612e+01    8.40885e-04    
1.16570e+01    8.08774e-04    
1.18561e+01    7.77936e-04    
1.20587e+01    7.48335e-04    
1.22647e+01    7.19931e-04    
1.24742e+01    6.92670e-04    
1.26873e+01    6.66486e-04    
1.29040e+01    6.41314e-04    
1.31244e+01    6.17096e-04    
1.33486e+01    5.93778e-04    
1.35767e+01    5.71312e-04    
1.38086e+01    5.49651e-04    
1.40445e+01    5.28755e-04    
1.42844e+01    5.08586e-04    
1.45284e+01    4.89117e-04    
1.47766e+01    4.70326e-04    
1.50290e+01    4.52197e-04    
1.52858e+01    4.34713e-04    
1.55469e+01    4.17857e-04    
1.58125e+01    4.01610e-04    
1.60826e+01    3.85958e-04    
1.63573e+01    3.70882e-04    
1.66368e+01    3.56366e-04    
1.69210e+01    3.42392e-04    
1.72100e+01    3.28942e-04    
1.75040e+01    3.15998e-04    
1.78030e+01    3.03541e-04    
1.81072e+01    2.91554e-04    
1.84165e+01    2.80019e-04    
1.87311e+01    2.68921e-04    
1.90511e+01    2.58243e-04    
1.93765e+01    2.47970e-04    
1.97075e+01    2.38088e-04    
2.00442e+01    2.28582e-04    
2.03866e+01    2.19439e-04    
2.07348e+01    2.10645e-04    
2.10891e+01    2.02187e-04    
2.14493e+01    1.94054e-04    
2.18157e+01    1.86233e-04    
2.21884e+01    1.78713e-04    
2.25674e+01    1.71483e-04    
2.29530e+01    1.64533e-04    
2.33451e+01    1.57855e-04    
2.37439e+01    1.51440e-04    
2.41495e+01    1.45277e-04    
2.45620e+01    1.39355e-04    
2.49816e+01    1.33665e-04    
2.54083e+01    1.28200e-04    
2.58424e+01    1.22950e-04    
2.62838e+01    1.17907e-04    
2.67328e+01    1.13064e-04    
2.71895e+01    1.08413e-04    
2.76540e+01    1.03947e-04    
2.81264e+01    9.96586e-05    
2.86069e+01    9.55413e-05    
2.90956e+01    9.15885e-05    
2.95926e+01    8.77940e-05    
3.00981e+01    8.41516e-05    
3.06123e+01    8.06555e-05    
3.11352e+01    7.73001e-05    
3.16671e+01    7.40800e-05    
3.22080e+01    7.09899e-05    
3.27583e+01    6.80247e-05    
3.33179e+01    6.51797e-05    
3.38870e+01    6.24501e-05    
3.44659e+01    5.98314e-05    
3.50547e+01    5.73194e-05    
3.56535e+01    5.49097e-05    
3.62626e+01    5.25984e-05    
3.68820e+01    5.03817e-05    
3.75121e+01    4.82557e-05    
3.81529e+01    4.62169e-05    
3.88046e+01    4.42618e-05    
3.94675e+01    4.23872e-05    
4.01417e+01    4.05898e-05    
4.08275e+01    3.88666e-05    
4.15249e+01    3.72145e-05    
4.22343e+01    3.56308e-05    
4.29558e+01    3.41126e-05    
4.36896e+01    3.26575e-05    
4.44359e+01    3.12628e-05    
4.51950e+01    2.99261e-05    
4.59670e+01    2.86451e-05    
4.67523e+01    2.74175e-05    
4.75509e+01    2.62412e-05    
4.83632e+01    2.51140e-05    
4.91894e+01    2.40341e-05    
5.00297e+01    2.29994e-05    
5.08844e+01    2.20081e-05    
5.17536e+01    2.10586e-05    
5.26377e+01    2.01489e-05    
5.35369e+01    1.92776e-05    
5.44515e+01    1.84431e-05    
5.53816e+01    1.76438e-05    
5.63277e+01    1.68783e-05    
5.72899e+01    1.61452e-05    
5.82686e+01    1.54432e-05    
5.92640e+01    1.47710e-05    
6.02764e+01    1.41274e-05    
6.13061e+01    1.35111e-05    
6.23534e+01    1.29211e-05    
6.34185e+01    1.23563e-05    
6.45019e+01    1.18156e-05    
6.56038e+01    1.12980e-05    
6.67245e+01    1.08025e-05    
6.78643e+01    1.03283e-05    
6.90236e+01    9.87443e-06    
7.02027e+01    9.44005e-06    
7.14020e+01    9.02435e-06    
7.26217e+01    8.62654e-06    
7.38623e+01    8.24588e-06    
7.51241e+01    7.88165e-06    
7.64074e+01    7.53315e-06    
7.77126e+01    7.19972e-06    
7.90402e+01    6.88074e-06    
8.03904e+01    6.57558e-06    
8.17637e+01    6.28366e-06    
8.31604e+01    6.00443e-06    
8.45811e+01    5.73735e-06    
8.60259e+01    5.48190e-06    
8.74955e+01    5.23758e-06    
8.89902e+01    5.00393e-06    
9.05104e+01    4.78050e-06    
9.20565e+01    4.56683e-06    
9.36291e+01    4.36253e-06    
9.52285e+01    4.16718e-06    
9.68553e+01    3.98042e-06    
9.85099e+01    3.80186e-06    
1.00193e+02    3.63115e-06    
1.01904e+02    3.46797e-06    
1.03645e+02    3.31199e-06    
1.05416e+02    3.16289e-06    
1.07216e+02    3.02039e-06    
1.09048e+02    2.88419e-06    
1.10911e+02    2.75402e-06    
1.12805e+02    2.62964e-06    
1.14732e+02    2.51077e-06    
1.16692e+02    2.39719e-06    
1.18686e+02    2.28867e-06    
1.20713e+02    2.18499e-06    
1.22775e+02    2.08593e-06    
1.24873e+02    1.99130e-06    
1.27006e+02    1.90090e-06    
1.29176e+02    1.81454e-06    
1.31382e+02    1.73207e-06    
1.33627e+02    1.65329e-06    
1.35909e+02    1.57805e-06    
1.38231e+02    1.50620e-06    
1.40592e+02    1.43759e-06    
1.42994e+02    1.37207e-06    
1.45437e+02    1.30951e-06    
1.47921e+02    1.24978e-06    
1.50448e+02    1.19275e-06    
1.53018e+02    1.13831e-06    
1.55632e+02    1.08634e-06    
1.58291e+02    1.03672e-06    
1.60995e+02    9.89369e-07    
1.63745e+02    9.44171e-07    
1.66542e+02    9.01033e-07    
1.69387e+02    8.59864e-07    
1.72281e+02    8.20576e-07    
1.75224e+02    7.83084e-07    
1.78217e+02    7.47309e-07    
1.81262e+02    7.13174e-07    
1.84358e+02    6.80604e-07    
1.87508e+02    6.49530e-07    
1.90711e+02    6.19884e-07    
1.93969e+02    5.91600e-07    
1.97282e+02    5.64619e-07    
2.00652e+02    5.38879e-07    
2.04080e+02    5.14326e-07    
2.07566e+02    4.90904e-07    
2.11112e+02    4.68563e-07    
2.14718e+02    4.47251e-07    
2.18386e+02    4.26923e-07    
2.22117e+02    4.07533e-07    
2.25911e+02    3.89037e-07    
2.29771e+02    3.71394e-07    
2.33696e+02    3.54565e-07    
2.37688e+02    3.38512e-07    
2.41748e+02    3.23198e-07    
2.45878e+02    3.08589e-07    
2.50078e+02    2.94653e-07    
2.54350e+02    2.81357e-07    
2.58695e+02    2.68672e-07    
2.63114e+02    2.56569e-07    
2.67609e+02    2.45021e-07    
2.72181e+02    2.34002e-07    
2.76830e+02    2.23487e-07    
2.81559e+02    2.13452e-07    
2.86369e+02    2.03876e-07    
2.91261e+02    1.94735e-07    
2.96237e+02    1.86011e-07    
3.01297e+02    1.77683e-07    
3.06444e+02    1.69733e-07    
3.11679e+02    1.62143e-07    
3.17003e+02    1.54897e-07    
3.22419e+02    1.47979e-07    
3.27927e+02    1.41373e-07    
3.33528e+02    1.35064e-07    
3.39226e+02    1.29040e-07    
3.45021e+02    1.23287e-07    
3.50915e+02    1.17793e-07    
3.56909e+02    1.12545e-07    
3.63006e+02    1.07533e-07    
3.69208e+02    1.02745e-07    
3.75515e+02    9.81711e-08    
3.81929e+02    9.38021e-08    
3.88454e+02    8.96282e-08    
3.95090e+02    8.56408e-08    
4.01839e+02    8.18313e-08    
4.08703e+02    7.81917e-08    
4.15685e+02    7.47142e-08    
4.22786e+02    7.13917e-08    
4.30009e+02    6.82171e-08    
4.37354e+02    6.51837e-08    
4.44826e+02    6.22853e-08    
4.52424e+02    5.95158e-08    
4.60153e+02    5.68693e-08    
4.68014e+02    5.43405e-08    
4.76009e+02    5.19240e-08    
4.84140e+02    4.96148e-08    
4.92411e+02    4.74082e-08    
5.00823e+02    4.52995e-08    
5.09378e+02    4.32845e-08    
5.18080e+02    4.13589e-08    
5.26930e+02    3.95188e-08    
5.35931e+02    3.77603e-08    
5.45086e+02    3.60799e-08    
5.54398e+02    3.44741e-08    
5.63869e+02    3.29396e-08    
5.73501e+02    3.14731e-08    
5.83298e+02    3.00718e-08    
5.93262e+02    2.87326e-08    
6.03397e+02    2.74529e-08    
6.13705e+02    2.62300e-08    
6.24188e+02    2.50614e-08    
6.34851e+02    2.39447e-08    
6.45696e+02    2.28776e-08    
6.56727e+02    2.18579e-08    
6.67945e+02    2.08834e-08    
6.79356e+02    1.99523e-08    
6.90961e+02    1.90625e-08    
7.02764e+02    1.82123e-08    
7.14770e+02    1.73999e-08    
7.26980e+02    1.66235e-08    
7.39399e+02    1.58817e-08    
7.52030e+02    1.51729e-08    
7.64876e+02    1.44956e-08    
7.77942e+02    1.38484e-08    
7.91232e+02    1.32300e-08    
8.04748e+02    1.26392e-08    
8.18496e+02    1.20746e-08    
8.32478e+02    1.15352e-08    
8.46699e+02    1.10198e-08    
8.61163e+02    1.05273e-08    
8.75874e+02    1.00567e-08    
8.90836e+02    9.60717e-09    
9.06054e+02    9.17762e-09    
9.21532e+02    8.76722e-09    
9.37274e+02    8.37510e-09    
9.53286e+02    8.00047e-09    
9.69570e+02    7.64254e-09    
9.86133e+02    7.30057e-09    
1.00298e+03    6.97385e-09    
1.02011e+03    6.66171e-09    
1.03754e+03    6.36350e-09    
1.05526e+03    6.07859e-09    
1.07329e+03    5.80640e-09    
1.09162e+03    5.54636e-09    
1.11027e+03    5.29794e-09    
1.12924e+03    5.06060e-09    
1.14853e+03    4.83387e-09    
1.16815e+03    4.61727e-09    
1.18810e+03    4.41034e-09    
1.20840e+03    4.21266e-09    
1.22904e+03    4.02382e-09    
1.25004e+03    3.84341e-09    
1.27139e+03    3.67108e-09    
1.29311e+03    3.50645e-09    
1.31520e+03    3.34918e-09    
1.33767e+03    3.19895e-09    
1.36052e+03    3.05544e-09    
1.38376e+03    2.91835e-09    
1.40740e+03    2.78740e-09    
1.43144e+03    2.66230e-09    
1.45590e+03    2.54281e-09    
1.48077e+03    2.42867e-09    
1.50606e+03    2.31964e-09    
1.53179e+03    2.21549e-09    
1.55796e+03    2.11600e-09    
1.58457e+03    2.02098e-09    
1.61164e+03    1.93021e-09    
1.63917e+03    1.84351e-09    
1.66717e+03    1.76069e-09    
1.69565e+03    1.68159e-09    
1.72462e+03    1.60603e-09    
1.75408e+03    1.53386e-09    
1.78405e+03    1.46493e-09    
1.81452e+03    1.39908e-09    
1.84552e+03    1.33620e-09    
1.87705e+03    1.27613e-09    
1.90911e+03    1.21876e-09    
1.94172e+03    1.16396e-09    
1.97489e+03    1.11162e-09    
2.00863e+03    1.06163e-09    
2.04294e+03    1.01388e-09    
2.07784e+03    9.68277e-10    
2.11334e+03    9.24722e-10    
2.14944e+03    8.83122e-10    
2.18616e+03    8.43390e-10    
2.22350e+03    8.05442e-10    
2.26149e+03    7.69199e-10    
2.30012e+03    7.34584e-10    
2.33941e+03    7.01525e-10    
2.37937e+03    6.69950e-10    
2.42002e+03    6.39795e-10    
2.46136e+03    6.10994e-10    
2.50341e+03    5.83489e-10    
2.54617e+03    5.57219e-10    
2.58967e+03    5.32130e-10    
2.63391e+03    5.08170e-10    
2.67890e+03    4.85286e-10    
2.72467e+03    4.63432e-10    
2.77121e+03    4.42560e-10    
2.81855e+03    4.22627e-10    
2.86670e+03    4.03591e-10    
2.91567e+03    3.85411e-10    
2.96548e+03    3.68049e-10    
3.01614e+03    3.51468e-10    
3.06766e+03    3.35633e-10    
3.12006e+03    3.20510e-10    
3.17336e+03    3.06068e-10    
3.22757e+03    2.92276e-10    
3.28271e+03    2.79105e-10    
3.33879e+03    2.66527e-10    
3.39582e+03    2.54515e-10    
3.45383e+03    2.43043e-10    
3.51283e+03    2.32088e-10    
3.57284e+03    2.21627e-10    
3.63388e+03    2.11636e-10    
3.69595e+03    2.02096e-10    
3.75909e+03    1.92985e-10    
3.82331e+03    1.84284e-10    
3.88862e+03    1.75975e-10    
3.95505e+03    1.68041e-10    
4.02261e+03    1.60464e-10    
4.09133e+03    1.53228e-10    
4.16122e+03    1.46318e-10    
4.23230e+03    1.39720e-10    
4.30460e+03    1.33419e-10    
4.37814e+03    1.27402e-10    
4.45293e+03    1.21656e-10    
4.52900e+03    1.16169e-10    
4.60636e+03    1.10929e-10    
4.68505e+03    1.05925e-10    
4.76509e+03    1.01147e-10    
4.84649e+03    9.65846e-11    
4.92928e+03    9.22276e-11    
5.01348e+03    8.80670e-11    
5.09913e+03    8.40940e-11    
5.18624e+03    8.03002e-11    
5.27483e+03    7.66773e-11    
5.36494e+03    7.32179e-11    
5.45659e+03    6.99144e-11    
5.54980e+03    6.67599e-11    
5.64461e+03    6.37476e-11    
5.74103e+03    6.08712e-11    
5.83911e+03    5.81245e-11    
5.93885e+03    5.55017e-11    
6.04031e+03    5.29972e-11    
6.14349e+03    5.06057e-11    
6.24844e+03    4.83220e-11    
6.35518e+03    4.61414e-11    
6.46374e+03    4.40591e-11    
6.57416e+03    4.20707e-11    
6.68647e+03    4.01721e-11    
6.80069e+03    3.83591e-11    
6.91686e+03    3.66279e-11    
7.03502e+03    3.49748e-11    
7.15520e+03    3.33963e-11    
7.27743e+03    3.18890e-11    
7.40175e+03    3.04498e-11    
7.52819e+03    2.90754e-11    
7.65680e+03    2.77631e-11    
7.78759e+03    2.65100e-11    
7.92063e+03    2.53135e-11    
8.05593e+03    2.41709e-11    
8.19355e+03    2.30799e-11    
8.33352e+03    2.20382e-11    
8.47588e+03    2.10435e-11    
8.62067e+03    2.00936e-11    
8.76794e+03    1.91866e-11    
8.91772e+03    1.83206e-11    
9.07006e+03    1.74936e-11    
9.22500e+03    1.67040e-11    
9.38259e+03    1.59500e-11    
9.54287e+03    1.52301e-11    
9.70588e+03    1.45426e-11    
9.87169e+03    1.38862e-11    
1.00403e+04    1.32594e-11    
1.02118e+04    1.26609e-11    
1.03863e+04    1.20894e-11    
1.05637e+04    1.15437e-11    
1.07442e+04    1.10227e-11    
1.09277e+04    1.05251e-11    
1.11144e+04    1.00500e-11    
1.13043e+04    9.59641e-12    
1.14974e+04    9.16326e-12    
1.16938e+04    8.74966e-12    
1.18935e+04    8.35473e-12    
1.20967e+04    7.97763e-12    
1.23033e+04    7.61756e-12    
1.25135e+04    7.27374e-12    
1.27273e+04    6.94544e-12    
1.29447e+04    6.63196e-12    
1.31658e+04    6.33263e-12    
1.33907e+04    6.04682e-12    
1.36195e+04    5.77391e-12    
1.38522e+04    5.51332e-12    
1.40888e+04    5.26449e-12    
1.43295e+04    5.02690e-12    
1.45742e+04    4.80003e-12    
1.48232e+04    4.58340e-12    
1.50764e+04    4.37656e-12    
1.53340e+04    4.17905e-12    
1.55959e+04    3.99046e-12    
1.58624e+04    3.81038e-12    
1.61333e+04    3.63843e-12    
1.64089e+04    3.47424e-12    
1.66892e+04    3.31747e-12    
1.69743e+04    3.16777e-12    
1.72643e+04    3.02483e-12    
1.75592e+04    2.88834e-12    
1.78592e+04    2.75802e-12    
1.81643e+04    2.63357e-12    
1.84746e+04    2.51475e-12    
1.87902e+04    2.40128e-12    
1.91112e+04    2.29294e-12    
1.94376e+04    2.18949e-12    
1.97697e+04    2.09071e-12    
2.01074e+04    1.99639e-12    
2.04509e+04    1.90633e-12    
2.08002e+04    1.82033e-12    
2.11556e+04    1.73821e-12    
2.15170e+04    1.65980e-12    
2.18845e+04    1.58493e-12    
2.22584e+04    1.51344e-12    
2.26386e+04    1.44517e-12    
2.30253e+04    1.37998e-12    
2.34187e+04    1.31774e-12    
2.38187e+04    1.25831e-12    
2.42256e+04    1.20156e-12    
2.46395e+04    1.14736e-12    
2.50604e+04    1.09562e-12    
2.54885e+04    1.04621e-12    
2.59239e+04    9.99029e-13    
2.63667e+04    9.53978e-13    
2.68172e+04    9.10959e-13    
2.72753e+04    8.69882e-13    
2.77412e+04    8.30658e-13    
2.82151e+04    7.93204e-13    
2.86971e+04    7.57440e-13    
2.91873e+04    7.23290e-13    
2.96859e+04    6.90680e-13    
3.01930e+04    6.59542e-13    
3.07088e+04    6.29808e-13    
3.12334e+04    6.01416e-13    
3.17670e+04    5.74305e-13    
3.23096e+04    5.48417e-13    
3.28616e+04    5.23697e-13    
3.34229e+04    5.00091e-13    
3.39939e+04    4.77551e-13    
3.45746e+04    4.56027e-13    
3.51652e+04    4.35474e-13    
3.57659e+04    4.15848e-13    
3.63769e+04    3.97108e-13    
3.69983e+04    3.79212e-13    
3.76304e+04    3.62124e-13    
3.82732e+04    3.45806e-13    
3.89270e+04    3.30225e-13    
3.95920e+04    3.15345e-13    
4.02683e+04    3.01137e-13    
4.09562e+04    2.87570e-13    
4.16559e+04    2.74614e-13    
4.23675e+04    2.62243e-13    
4.30912e+04    2.50429e-13    
4.38273e+04    2.39148e-13    
4.45760e+04    2.28376e-13    
4.53375e+04    2.18089e-13    
4.61120e+04    2.08266e-13    
4.68997e+04    1.98886e-13    
4.77009e+04    1.89928e-13    
4.85158e+04    1.81375e-13    
4.93446e+04    1.73207e-13    
5.01875e+04    1.65407e-13    
5.10448e+04    1.57959e-13    
5.19168e+04    1.50846e-13    
5.28037e+04    1.44054e-13    
5.37057e+04    1.37568e-13    
5.46232e+04    1.31375e-13    
5.55563e+04    1.25460e-13    
5.65054e+04    1.19812e-13    
5.74706e+04    1.14419e-13    
5.84524e+04    1.09268e-13    
5.94509e+04    1.04350e-13    
6.04665e+04    9.96532e-14    
6.14994e+04    9.51680e-14    
6.25500e+04    9.08849e-14    
6.36185e+04    8.67947e-14    
6.47053e+04    8.28888e-14    
6.58107e+04    7.91588e-14    
6.69349e+04    7.55969e-14    
6.80783e+04    7.21954e-14    
6.92413e+04    6.89470e-14    
7.04241e+04    6.58450e-14    
7.16272e+04    6.28827e-14    
7.28507e+04    6.00538e-14    
7.40952e+04    5.73523e-14    
7.53610e+04    5.47725e-14    
7.66484e+04    5.23088e-14    
7.79577e+04    4.99560e-14    
7.92895e+04    4.77092e-14    
8.06439e+04    4.55635e-14    
8.20216e+04    4.35144e-14    
8.34227e+04    4.15576e-14    
8.48478e+04    3.96889e-14    
8.62972e+04    3.79043e-14    
8.77714e+04    3.62000e-14    
8.92708e+04    3.45724e-14    
9.07958e+04    3.30181e-14    
9.23468e+04    3.15337e-14    
9.39244e+04    3.01161e-14    
9.55289e+04    2.87624e-14    
9.71608e+04    2.74695e-14    
9.88205e+04    2.62348e-14    
1.00509e+05    2.50557e-14    
1.02226e+05    2.39296e-14    
1.03972e+05    2.28542e-14    
1.05748e+05    2.18272e-14    
1.07555e+05    2.08464e-14    
1.09392e+05    1.99097e-14    
1.11261e+05    1.90151e-14    
1.13161e+05    1.81608e-14    
1.15094e+05    1.73449e-14    
1.17060e+05    1.65657e-14    
1.19060e+05    1.58215e-14    
1.21094e+05    1.51108e-14    
1.23163e+05    1.44321e-14    
1.25267e+05    1.37839e-14    
1.27407e+05    1.31648e-14    
1.29583e+05    1.25736e-14    
1.31797e+05    1.20089e-14    
1.34048e+05    1.14696e-14    
1.36338e+05    1.09546e-14    
1.38667e+05    1.04628e-14    
1.41036e+05    9.99299e-15    
1.43445e+05    9.54434e-15    
1.45896e+05    9.11586e-15    
1.48388e+05    8.70664e-15    
1.50923e+05    8.31581e-15    
1.53501e+05    7.94254e-15    
1.56123e+05    7.58604e-15    
1.58790e+05    7.24557e-15    
1.61503e+05    6.92039e-15    
1.64262e+05    6.60982e-15    
1.67068e+05    6.31321e-15    
1.69922e+05    6.02992e-15    
1.72824e+05    5.75936e-15    
1.75777e+05    5.50095e-15    
1.78779e+05    5.25415e-15    
1.81833e+05    5.01844e-15    
1.84940e+05    4.79331e-15    
1.88099e+05    4.57829e-15    
1.91312e+05    4.37293e-15    
1.94580e+05    4.17679e-15    
1.97904e+05    3.98946e-15    
2.01285e+05    3.81054e-15    
2.04724e+05    3.63965e-15    
2.08221e+05    3.47644e-15    
2.11778e+05    3.32055e-15    
2.15396e+05    3.17166e-15    
2.19075e+05    3.02946e-15    
2.22818e+05    2.89364e-15    
2.26624e+05    2.76391e-15    
2.30495e+05    2.64001e-15    
2.34433e+05    2.52167e-15    
2.38437e+05    2.40863e-15    
2.42511e+05    2.30068e-15    
2.46653e+05    2.19756e-15    
2.50867e+05    2.09907e-15    
2.55152e+05    2.00501e-15    
2.59511e+05    1.91516e-15    
2.63944e+05    1.82934e-15    
2.68453e+05    1.74737e-15    
2.73039e+05    1.66908e-15    
2.77703e+05    1.59430e-15    
2.82447e+05    1.52288e-15    
2.87272e+05    1.45466e-15    
2.92180e+05    1.38950e-15    
2.97171e+05    1.32726e-15    
3.02247e+05    1.26781e-15    
3.07411e+05    1.21103e-15    
3.12662e+05    1.15679e-15    
3.18003e+05    1.10499e-15    
3.23436e+05    1.05551e-15    
3.28961e+05    1.00824e-15    
3.34580e+05    9.63098e-16    
3.40296e+05    9.19977e-16    
3.46109e+05    8.78789e-16    
3.52022e+05    8.39447e-16    
3.58035e+05    8.01869e-16    
3.64151e+05    7.65974e-16    
3.70372e+05    7.31688e-16    
3.76699e+05    6.98939e-16    
3.83134e+05    6.67657e-16    
3.89679e+05    6.37777e-16    
3.96336e+05    6.09235e-16    
4.03106e+05    5.81973e-16    
4.09992e+05    5.55931e-16    
4.16996e+05    5.31057e-16    
4.24120e+05    5.07296e-16    
4.31365e+05    4.84600e-16    
4.38734e+05    4.62920e-16    
4.46229e+05    4.42212e-16    
4.53851e+05    4.22431e-16    
4.61604e+05    4.03535e-16    
4.69490e+05    3.85486e-16    
4.77510e+05    3.68245e-16    
4.85667e+05    3.51776e-16    
4.93964e+05    3.36045e-16    
5.02402e+05    3.21017e-16    
5.10984e+05    3.06663e-16    
5.19713e+05    2.92951e-16    
5.28592e+05    2.79853e-16    
5.37621e+05    2.67341e-16    
5.46805e+05    2.55389e-16    
5.56146e+05    2.43972e-16    
5.65647e+05    2.33066e-16    
5.75310e+05    2.22648e-16    
5.85138e+05    2.12697e-16    
5.95133e+05    2.03190e-16    
6.05300e+05    1.94109e-16    
6.15640e+05    1.85435e-16    
6.26157e+05    1.77148e-16    
6.36853e+05    1.69232e-16    
6.47733e+05    1.61670e-16    
6.58798e+05    1.54447e-16    
6.70052e+05    1.47546e-16    
6.81498e+05    1.40955e-16    
6.93140e+05    1.34658e-16    
7.04981e+05    1.28642e-16    
7.17024e+05    1.22896e-16    
7.29272e+05    1.17407e-16    
7.41730e+05    1.12163e-16    
7.54401e+05    1.07153e-16    
7.67289e+05    1.02368e-16    
7.80396e+05    9.77964e-17    
7.93727e+05    9.34292e-17    
8.07286e+05    8.92574e-17    
8.21077e+05    8.52719e-17    
8.35103e+05    8.14647e-17    
8.49369e+05    7.78276e-17    
8.63879e+05    7.43531e-17    
8.78636e+05    7.10338e-17    
8.93646e+05    6.78629e-17    
9.08912e+05    6.48337e-17    
9.24438e+05    6.19398e-17    
9.40230e+05    5.91753e-17    
9.56292e+05    5.65343e-17    
9.72628e+05    5.40113e-17    
9.89243e+05    5.16009e-17    
1.00614e+06    4.92983e-17    
1.02333e+06    4.70985e-17    
1.04081e+06    4.49970e-17    
1.05859e+06    4.29894e-17    
1.07667e+06    4.10714e-17    
1.09507e+06    3.92391e-17    
1.11377e+06    3.74886e-17    
1.13280e+06    3.58163e-17    
1.15215e+06    3.42187e-17    
1.17183e+06    3.26924e-17    
1.19185e+06    3.12343e-17    
1.21221e+06    2.98412e-17    
1.23292e+06    2.85104e-17    
1.25398e+06    2.72389e-17    
1.27540e+06    2.60243e-17    
1.29719e+06    2.48638e-17    
1.31935e+06    2.37552e-17    
1.34189e+06    2.26960e-17    
1.36481e+06    2.16841e-17    
1.38813e+06    2.07174e-17    
1.41184e+06    1.97938e-17    
1.43596e+06    1.89114e-17    
1.46049e+06    1.80684e-17    
1.48544e+06    1.72630e-17    
1.51081e+06    1.64936e-17    
1.53662e+06    1.57585e-17    
1.56287e+06    1.50561e-17    
1.58957e+06    1.43852e-17    
1.61672e+06    1.37441e-17    
1.64434e+06    1.31316e-17    
1.67243e+06    1.25465e-17    
1.70100e+06    1.19875e-17    
1.73006e+06    1.14534e-17    
1.75961e+06    1.09431e-17    
1.78967e+06    1.04555e-17    
1.82024e+06    9.98976e-18    
1.85134e+06    9.54474e-18    
1.88296e+06    9.11957e-18    
1.91513e+06    8.71336e-18    
1.94785e+06    8.32526e-18    
1.98112e+06    7.95446e-18    
2.01496e+06    7.60019e-18    
2.04939e+06    7.26171e-18    
2.08439e+06    6.93833e-18    
2.12000e+06    6.62936e-18    

