# USINE V4.0
# File generated 13-05-2022 08:25:52
# Model1DKisoVc
# HE
# SolMod0DFF_phi0_670GV
# R [GV]       TOA [GV m^{2} s sr]^{-1}
8.63759e-02    4.63457e-02    
8.78294e-02    4.86953e-02    
8.93072e-02    5.11635e-02    
9.08100e-02    5.37562e-02    
9.23380e-02    5.64796e-02    
9.38918e-02    5.93404e-02    
9.54717e-02    6.23453e-02    
9.70781e-02    6.55017e-02    
9.87116e-02    6.88170e-02    
1.00373e-01    7.22992e-02    
1.02062e-01    7.59567e-02    
1.03779e-01    7.97982e-02    
1.05525e-01    8.38329e-02    
1.07301e-01    8.80704e-02    
1.09106e-01    9.25209e-02    
1.10942e-01    9.71949e-02    
1.12809e-01    1.02104e-01    
1.14707e-01    1.07259e-01    
1.16637e-01    1.12673e-01    
1.18600e-01    1.18358e-01    
1.20596e-01    1.24328e-01    
1.22625e-01    1.30598e-01    
1.24688e-01    1.37181e-01    
1.26786e-01    1.44094e-01    
1.28920e-01    1.51353e-01    
1.31089e-01    1.58975e-01    
1.33295e-01    1.66978e-01    
1.35538e-01    1.75381e-01    
1.37818e-01    1.84204e-01    
1.40137e-01    1.93467e-01    
1.42496e-01    2.03192e-01    
1.44893e-01    2.13402e-01    
1.47331e-01    2.24121e-01    
1.49810e-01    2.35373e-01    
1.52331e-01    2.47186e-01    
1.54894e-01    2.59586e-01    
1.57501e-01    2.72603e-01    
1.60151e-01    2.86267e-01    
1.62846e-01    3.00609e-01    
1.65586e-01    3.15663e-01    
1.68372e-01    3.31464e-01    
1.71205e-01    3.48048e-01    
1.74086e-01    3.65453e-01    
1.77016e-01    3.83719e-01    
1.79994e-01    4.02889e-01    
1.83023e-01    4.23007e-01    
1.86103e-01    4.44118e-01    
1.89234e-01    4.66270e-01    
1.92418e-01    4.89516e-01    
1.95656e-01    5.13906e-01    
1.98948e-01    5.39498e-01    
2.02296e-01    5.66345e-01    
2.05700e-01    5.94500e-01    
2.09161e-01    6.24022e-01    
2.12681e-01    6.54976e-01    
2.16259e-01    6.87428e-01    
2.19898e-01    7.21446e-01    
2.23598e-01    7.57104e-01    
2.27361e-01    7.94477e-01    
2.31187e-01    8.33642e-01    
2.35077e-01    8.74682e-01    
2.39032e-01    9.17682e-01    
2.43054e-01    9.62729e-01    
2.47144e-01    1.00992e+00    
2.51303e-01    1.05934e+00    
2.55531e-01    1.11110e+00    
2.59831e-01    1.16530e+00    
2.64203e-01    1.22204e+00    
2.68649e-01    1.28144e+00    
2.73169e-01    1.34361e+00    
2.77766e-01    1.40868e+00    
2.82440e-01    1.47676e+00    
2.87192e-01    1.54799e+00    
2.92025e-01    1.62250e+00    
2.96939e-01    1.70043e+00    
3.01935e-01    1.78191e+00    
3.07016e-01    1.86710e+00    
3.12182e-01    1.95616e+00    
3.17435e-01    2.04923e+00    
3.22776e-01    2.14648e+00    
3.28207e-01    2.24807e+00    
3.33730e-01    2.35419e+00    
3.39346e-01    2.46500e+00    
3.45056e-01    2.58069e+00    
3.50862e-01    2.70144e+00    
3.56766e-01    2.82746e+00    
3.62769e-01    2.95893e+00    
3.68873e-01    3.09606e+00    
3.75080e-01    3.23905e+00    
3.81391e-01    3.38812e+00    
3.87809e-01    3.54347e+00    
3.94335e-01    3.70534e+00    
4.00970e-01    3.87395e+00    
4.07717e-01    4.04952e+00    
4.14577e-01    4.23228e+00    
4.21553e-01    4.42247e+00    
4.28647e-01    4.62032e+00    
4.35860e-01    4.82609e+00    
4.43194e-01    5.03999e+00    
4.50651e-01    5.26229e+00    
4.58234e-01    5.49322e+00    
4.65945e-01    5.73303e+00    
4.73785e-01    5.98196e+00    
4.81757e-01    6.24025e+00    
4.89864e-01    6.50816e+00    
4.98106e-01    6.78590e+00    
5.06488e-01    7.07373e+00    
5.15010e-01    7.37187e+00    
5.23676e-01    7.68054e+00    
5.32488e-01    7.99997e+00    
5.41448e-01    8.33037e+00    
5.50559e-01    8.67195e+00    
5.59823e-01    9.02488e+00    
5.69243e-01    9.38937e+00    
5.78821e-01    9.76558e+00    
5.88561e-01    1.01537e+01    
5.98465e-01    1.05538e+01    
6.08535e-01    1.09660e+01    
6.18774e-01    1.13905e+01    
6.29186e-01    1.18273e+01    
6.39774e-01    1.22766e+01    
6.50539e-01    1.27383e+01    
6.61485e-01    1.32125e+01    
6.72616e-01    1.36991e+01    
6.83934e-01    1.41982e+01    
6.95442e-01    1.47097e+01    
7.07144e-01    1.52334e+01    
7.19043e-01    1.57693e+01    
7.31142e-01    1.63173e+01    
7.43445e-01    1.68771e+01    
7.55955e-01    1.74485e+01    
7.68675e-01    1.80312e+01    
7.81609e-01    1.86250e+01    
7.94761e-01    1.92296e+01    
8.08134e-01    1.98445e+01    
8.21732e-01    2.04694e+01    
8.35560e-01    2.11038e+01    
8.49619e-01    2.17471e+01    
8.63916e-01    2.23990e+01    
8.78452e-01    2.30588e+01    
8.93234e-01    2.37259e+01    
9.08264e-01    2.43996e+01    
9.23547e-01    2.50793e+01    
9.39087e-01    2.57642e+01    
9.54889e-01    2.64536e+01    
9.70957e-01    2.71466e+01    
9.87295e-01    2.78423e+01    
1.00391e+00    2.85400e+01    
1.02080e+00    2.92387e+01    
1.03798e+00    2.99374e+01    
1.05544e+00    3.06352e+01    
1.07320e+00    3.13311e+01    
1.09126e+00    3.20240e+01    
1.10962e+00    3.27129e+01    
1.12829e+00    3.33967e+01    
1.14728e+00    3.40744e+01    
1.16658e+00    3.47448e+01    
1.18621e+00    3.54069e+01    
1.20617e+00    3.60595e+01    
1.22647e+00    3.67014e+01    
1.24711e+00    3.73314e+01    
1.26809e+00    3.79485e+01    
1.28943e+00    3.85514e+01    
1.31113e+00    3.91388e+01    
1.33319e+00    3.97098e+01    
1.35562e+00    4.02630e+01    
1.37843e+00    4.07975e+01    
1.40163e+00    4.13121e+01    
1.42521e+00    4.18059e+01    
1.44919e+00    4.22780e+01    
1.47358e+00    4.27274e+01    
1.49837e+00    4.31532e+01    
1.52359e+00    4.35548e+01    
1.54922e+00    4.39315e+01    
1.57529e+00    4.42825e+01    
1.60180e+00    4.46074e+01    
1.62875e+00    4.49056e+01    
1.65616e+00    4.51766e+01    
1.68403e+00    4.54201e+01    
1.71236e+00    4.56358e+01    
1.74118e+00    4.58234e+01    
1.77048e+00    4.59826e+01    
1.80027e+00    4.61135e+01    
1.83056e+00    4.62160e+01    
1.86136e+00    4.62900e+01    
1.89268e+00    4.63358e+01    
1.92453e+00    4.63534e+01    
1.95691e+00    4.63429e+01    
1.98984e+00    4.63046e+01    
2.02332e+00    4.62389e+01    
2.05737e+00    4.61461e+01    
2.09199e+00    4.60269e+01    
2.12719e+00    4.58819e+01    
2.16298e+00    4.57122e+01    
2.19938e+00    4.55186e+01    
2.23639e+00    4.53020e+01    
2.27402e+00    4.50633e+01    
2.31228e+00    4.48034e+01    
2.35119e+00    4.45226e+01    
2.39075e+00    4.42216e+01    
2.43098e+00    4.39006e+01    
2.47189e+00    4.35599e+01    
2.51348e+00    4.31999e+01    
2.55578e+00    4.28211e+01    
2.59878e+00    4.24242e+01    
2.64251e+00    4.20102e+01    
2.68697e+00    4.15800e+01    
2.73219e+00    4.11348e+01    
2.77816e+00    4.06757e+01    
2.82491e+00    4.02039e+01    
2.87244e+00    3.97206e+01    
2.92078e+00    3.92267e+01    
2.96992e+00    3.87234e+01    
3.01990e+00    3.82116e+01    
3.07071e+00    3.76919e+01    
3.12238e+00    3.71650e+01    
3.17492e+00    3.66311e+01    
3.22835e+00    3.60900e+01    
3.28267e+00    3.55411e+01    
3.33790e+00    3.49832e+01    
3.39407e+00    3.44147e+01    
3.45118e+00    3.38340e+01    
3.50925e+00    3.32392e+01    
3.56830e+00    3.26286e+01    
3.62835e+00    3.20007e+01    
3.68940e+00    3.13549e+01    
3.75148e+00    3.06912e+01    
3.81460e+00    3.00106e+01    
3.87879e+00    2.93148e+01    
3.94406e+00    2.86066e+01    
4.01042e+00    2.78891e+01    
4.07791e+00    2.71660e+01    
4.14652e+00    2.64408e+01    
4.21630e+00    2.57170e+01    
4.28724e+00    2.49974e+01    
4.35938e+00    2.42847e+01    
4.43274e+00    2.35808e+01    
4.50733e+00    2.28873e+01    
4.58317e+00    2.22055e+01    
4.66029e+00    2.15363e+01    
4.73871e+00    2.08803e+01    
4.81844e+00    2.02379e+01    
4.89952e+00    1.96094e+01    
4.98196e+00    1.89951e+01    
5.06579e+00    1.83949e+01    
5.15104e+00    1.78089e+01    
5.23771e+00    1.72372e+01    
5.32584e+00    1.66796e+01    
5.41546e+00    1.61362e+01    
5.50658e+00    1.56067e+01    
5.59924e+00    1.50909e+01    
5.69346e+00    1.45888e+01    
5.78926e+00    1.40999e+01    
5.88668e+00    1.36242e+01    
5.98573e+00    1.31615e+01    
6.08645e+00    1.27115e+01    
6.18886e+00    1.22742e+01    
6.29300e+00    1.18493e+01    
6.39889e+00    1.14368e+01    
6.50656e+00    1.10364e+01    
6.61605e+00    1.06479e+01    
6.72738e+00    1.02711e+01    
6.84057e+00    9.90582e+00    
6.95568e+00    9.55173e+00    
7.07272e+00    9.20861e+00    
7.19173e+00    8.87620e+00    
7.31274e+00    8.55425e+00    
7.43579e+00    8.24250e+00    
7.56091e+00    7.94072e+00    
7.68814e+00    7.64863e+00    
7.81750e+00    7.36599e+00    
7.94905e+00    7.09256e+00    
8.08280e+00    6.82810e+00    
8.21881e+00    6.57240e+00    
8.35711e+00    6.32528e+00    
8.49773e+00    6.08654e+00    
8.64072e+00    5.85601e+00    
8.78611e+00    5.63348e+00    
8.93395e+00    5.41876e+00    
9.08428e+00    5.21164e+00    
9.23714e+00    5.01188e+00    
9.39257e+00    4.81925e+00    
9.55062e+00    4.63351e+00    
9.71132e+00    4.45443e+00    
9.87473e+00    4.28181e+00    
1.00409e+01    4.11543e+00    
1.02098e+01    3.95511e+00    
1.03816e+01    3.80066e+00    
1.05563e+01    3.65189e+00    
1.07340e+01    3.50863e+00    
1.09146e+01    3.37069e+00    
1.10982e+01    3.23792e+00    
1.12850e+01    3.11013e+00    
1.14749e+01    2.98716e+00    
1.16680e+01    2.86882e+00    
1.18643e+01    2.75495e+00    
1.20639e+01    2.64539e+00    
1.22669e+01    2.53999e+00    
1.24733e+01    2.43859e+00    
1.26832e+01    2.34104e+00    
1.28966e+01    2.24721e+00    
1.31136e+01    2.15697e+00    
1.33343e+01    2.07017e+00    
1.35587e+01    1.98670e+00    
1.37868e+01    1.90642e+00    
1.40188e+01    1.82923e+00    
1.42547e+01    1.75503e+00    
1.44946e+01    1.68372e+00    
1.47385e+01    1.61518e+00    
1.49865e+01    1.54931e+00    
1.52386e+01    1.48603e+00    
1.54950e+01    1.42523e+00    
1.57558e+01    1.36683e+00    
1.60209e+01    1.31072e+00    
1.62905e+01    1.25684e+00    
1.65646e+01    1.20509e+00    
1.68433e+01    1.15540e+00    
1.71267e+01    1.10768e+00    
1.74149e+01    1.06187e+00    
1.77080e+01    1.01789e+00    
1.80059e+01    9.75666e-01    
1.83089e+01    9.35141e-01    
1.86170e+01    8.96245e-01    
1.89302e+01    8.58917e-01    
1.92488e+01    8.23095e-01    
1.95727e+01    7.88723e-01    
1.99020e+01    7.55743e-01    
2.02369e+01    7.24103e-01    
2.05774e+01    6.93749e-01    
2.09237e+01    6.64632e-01    
2.12758e+01    6.36703e-01    
2.16338e+01    6.09916e-01    
2.19978e+01    5.84226e-01    
2.23679e+01    5.59590e-01    
2.27443e+01    5.35966e-01    
2.31270e+01    5.13314e-01    
2.35162e+01    4.91595e-01    
2.39119e+01    4.70773e-01    
2.43142e+01    4.50812e-01    
2.47234e+01    4.31676e-01    
2.51394e+01    4.13335e-01    
2.55624e+01    3.95754e-01    
2.59925e+01    3.78905e-01    
2.64299e+01    3.62757e-01    
2.68746e+01    3.47282e-01    
2.73268e+01    3.32453e-01    
2.77866e+01    3.18244e-01    
2.82542e+01    3.04630e-01    
2.87296e+01    2.91586e-01    
2.92130e+01    2.79090e-01    
2.97046e+01    2.67118e-01    
3.02044e+01    2.55650e-01    
3.07127e+01    2.44665e-01    
3.12295e+01    2.34143e-01    
3.17550e+01    2.24065e-01    
3.22893e+01    2.14413e-01    
3.28326e+01    2.05170e-01    
3.33851e+01    1.96318e-01    
3.39468e+01    1.87841e-01    
3.45181e+01    1.79723e-01    
3.50989e+01    1.71951e-01    
3.56895e+01    1.64509e-01    
3.62900e+01    1.57384e-01    
3.69007e+01    1.50563e-01    
3.75216e+01    1.44033e-01    
3.81529e+01    1.37781e-01    
3.87949e+01    1.31797e-01    
3.94477e+01    1.26068e-01    
4.01115e+01    1.20585e-01    
4.07864e+01    1.15337e-01    
4.14727e+01    1.10314e-01    
4.21706e+01    1.05506e-01    
4.28802e+01    1.00906e-01    
4.36017e+01    9.65026e-02    
4.43354e+01    9.22892e-02    
4.50814e+01    8.82572e-02    
4.58400e+01    8.43991e-02    
4.66113e+01    8.07074e-02    
4.73956e+01    7.71752e-02    
4.81931e+01    7.37956e-02    
4.90041e+01    7.05622e-02    
4.98287e+01    6.74687e-02    
5.06671e+01    6.45092e-02    
5.15197e+01    6.16780e-02    
5.23866e+01    5.89696e-02    
5.32681e+01    5.63787e-02    
5.41644e+01    5.39004e-02    
5.50758e+01    5.15299e-02    
5.60025e+01    4.92624e-02    
5.69449e+01    4.70937e-02    
5.79031e+01    4.50194e-02    
5.88774e+01    4.30356e-02    
5.98681e+01    4.11382e-02    
6.08755e+01    3.93237e-02    
6.18998e+01    3.75884e-02    
6.29414e+01    3.59289e-02    
6.40005e+01    3.43420e-02    
6.50774e+01    3.28245e-02    
6.61725e+01    3.13735e-02    
6.72859e+01    2.99860e-02    
6.84181e+01    2.86593e-02    
6.95694e+01    2.73908e-02    
7.07400e+01    2.61779e-02    
7.19303e+01    2.50183e-02    
7.31407e+01    2.39097e-02    
7.43714e+01    2.28497e-02    
7.56228e+01    2.18364e-02    
7.68953e+01    2.08677e-02    
7.81892e+01    1.99416e-02    
7.95049e+01    1.90563e-02    
8.08427e+01    1.82100e-02    
8.22030e+01    1.74010e-02    
8.35862e+01    1.66277e-02    
8.49927e+01    1.58886e-02    
8.64228e+01    1.51820e-02    
8.78770e+01    1.45067e-02    
8.93557e+01    1.38613e-02    
9.08593e+01    1.32443e-02    
9.23881e+01    1.26547e-02    
9.39427e+01    1.20912e-02    
9.55235e+01    1.15526e-02    
9.71308e+01    1.10379e-02    
9.87652e+01    1.05460e-02    
1.00427e+02    1.00759e-02    
1.02117e+02    9.62672e-03    
1.03835e+02    9.19744e-03    
1.05582e+02    8.78722e-03    
1.07359e+02    8.39522e-03    
1.09166e+02    8.02065e-03    
1.11002e+02    7.66274e-03    
1.12870e+02    7.32075e-03    
1.14769e+02    6.99398e-03    
1.16701e+02    6.68176e-03    
1.18664e+02    6.38345e-03    
1.20661e+02    6.09844e-03    
1.22691e+02    5.82614e-03    
1.24756e+02    5.56599e-03    
1.26855e+02    5.31744e-03    
1.28990e+02    5.08000e-03    
1.31160e+02    4.85316e-03    
1.33367e+02    4.63646e-03    
1.35611e+02    4.42945e-03    
1.37893e+02    4.23170e-03    
1.40213e+02    4.04280e-03    
1.42573e+02    3.86236e-03    
1.44972e+02    3.69000e-03    
1.47411e+02    3.52537e-03    
1.49892e+02    3.36811e-03    
1.52414e+02    3.21791e-03    
1.54979e+02    3.07446e-03    
1.57586e+02    2.93744e-03    
1.60238e+02    2.80657e-03    
1.62934e+02    2.68159e-03    
1.65676e+02    2.56222e-03    
1.68464e+02    2.44823e-03    
1.71298e+02    2.33935e-03    
1.74181e+02    2.23538e-03    
1.77112e+02    2.13609e-03    
1.80092e+02    2.04127e-03    
1.83122e+02    1.95071e-03    
1.86204e+02    1.86424e-03    
1.89337e+02    1.78166e-03    
1.92523e+02    1.70280e-03    
1.95762e+02    1.62749e-03    
1.99056e+02    1.55558e-03    
2.02406e+02    1.48691e-03    
2.05811e+02    1.42132e-03    
2.09275e+02    1.35870e-03    
2.12796e+02    1.29889e-03    
2.16377e+02    1.24177e-03    
2.20018e+02    1.18722e-03    
2.23720e+02    1.13512e-03    
2.27484e+02    1.08536e-03    
2.31312e+02    1.03784e-03    
2.35204e+02    9.92441e-04    
2.39162e+02    9.49081e-04    
2.43186e+02    9.07662e-04    
2.47278e+02    8.68094e-04    
2.51439e+02    8.30294e-04    
2.55670e+02    7.94179e-04    
2.59972e+02    7.59673e-04    
2.64347e+02    7.26701e-04    
2.68795e+02    6.95194e-04    
2.73318e+02    6.65085e-04    
2.77917e+02    6.36308e-04    
2.82593e+02    6.08804e-04    
2.87348e+02    5.82514e-04    
2.92183e+02    5.57383e-04    
2.97100e+02    5.33357e-04    
3.02099e+02    5.10387e-04    
3.07182e+02    4.88424e-04    
3.12351e+02    4.67424e-04    
3.17607e+02    4.47341e-04    
3.22951e+02    4.28135e-04    
3.28386e+02    4.09767e-04    
3.33911e+02    3.92198e-04    
3.39530e+02    3.75393e-04    
3.45243e+02    3.59317e-04    
3.51052e+02    3.43938e-04    
3.56959e+02    3.29225e-04    
3.62966e+02    3.15148e-04    
3.69073e+02    3.01680e-04    
3.75284e+02    2.88792e-04    
3.81598e+02    2.76460e-04    
3.88019e+02    2.64659e-04    
3.94549e+02    2.53365e-04    
4.01187e+02    2.42557e-04    
4.07938e+02    2.32213e-04    
4.14802e+02    2.22313e-04    
4.21782e+02    2.12837e-04    
4.28879e+02    2.03768e-04    
4.36096e+02    1.95086e-04    
4.43434e+02    1.86776e-04    
4.50896e+02    1.78822e-04    
4.58483e+02    1.71207e-04    
4.66197e+02    1.63918e-04    
4.74042e+02    1.56940e-04    
4.82019e+02    1.50260e-04    
4.90129e+02    1.43865e-04    
4.98377e+02    1.37743e-04    
5.06763e+02    1.31882e-04    
5.15290e+02    1.26270e-04    
5.23960e+02    1.20898e-04    
5.32777e+02    1.15755e-04    
5.41742e+02    1.10830e-04    
5.50858e+02    1.06116e-04    
5.60127e+02    1.01602e-04    
5.69552e+02    9.72799e-05    
5.79135e+02    9.31421e-05    
5.88880e+02    8.91803e-05    
5.98789e+02    8.53872e-05    
6.08865e+02    8.17553e-05    
6.19110e+02    7.82780e-05    
6.29528e+02    7.49486e-05    
6.40121e+02    7.17608e-05    
6.50892e+02    6.87086e-05    
6.61844e+02    6.57862e-05    
6.72981e+02    6.29880e-05    
6.84305e+02    6.03088e-05    
6.95819e+02    5.77436e-05    
7.07528e+02    5.52874e-05    
7.19433e+02    5.29356e-05    
7.31539e+02    5.06839e-05    
7.43848e+02    4.85278e-05    
7.56365e+02    4.64635e-05    
7.69092e+02    4.44869e-05    
7.82033e+02    4.25943e-05    
7.95192e+02    4.07822e-05    
8.08573e+02    3.90472e-05    
8.22178e+02    3.73859e-05    
8.36013e+02    3.57952e-05    
8.50080e+02    3.42722e-05    
8.64384e+02    3.28139e-05    
8.78929e+02    3.14177e-05    
8.93719e+02    3.00808e-05    
9.08757e+02    2.88007e-05    
9.24048e+02    2.75751e-05    
9.39597e+02    2.64016e-05    
9.55407e+02    2.52780e-05    
9.71484e+02    2.42022e-05    
9.87831e+02    2.31721e-05    
1.00445e+03    2.21859e-05    
1.02135e+03    2.12416e-05    
1.03854e+03    2.03374e-05    
1.05602e+03    1.94717e-05    
1.07378e+03    1.86429e-05    
1.09185e+03    1.78493e-05    
1.11023e+03    1.70894e-05    
1.12891e+03    1.63619e-05    
1.14790e+03    1.56653e-05    
1.16722e+03    1.49983e-05    
1.18686e+03    1.43598e-05    
1.20683e+03    1.37483e-05    
1.22714e+03    1.31630e-05    
1.24778e+03    1.26025e-05    
1.26878e+03    1.20658e-05    
1.29013e+03    1.15520e-05    
1.31184e+03    1.10601e-05    
1.33391e+03    1.05891e-05    
1.35636e+03    1.01381e-05    
1.37918e+03    9.70634e-06    
1.40239e+03    9.29295e-06    
1.42599e+03    8.89715e-06    
1.44998e+03    8.51819e-06    
1.47438e+03    8.15537e-06    
1.49919e+03    7.80799e-06    
1.52441e+03    7.47539e-06    
1.55007e+03    7.15696e-06    
1.57615e+03    6.85208e-06    
1.60267e+03    6.56017e-06    
1.62964e+03    6.28070e-06    
1.65706e+03    6.01312e-06    
1.68494e+03    5.75694e-06    
1.71329e+03    5.51166e-06    
1.74212e+03    5.27683e-06    
1.77144e+03    5.05199e-06    
1.80124e+03    4.83673e-06    
1.83155e+03    4.63064e-06    
1.86237e+03    4.43332e-06    
1.89371e+03    4.24441e-06    
1.92557e+03    4.06354e-06    
1.95798e+03    3.89037e-06    
1.99092e+03    3.72458e-06    
2.02442e+03    3.56585e-06    
2.05849e+03    3.41388e-06    
2.09312e+03    3.26838e-06    
2.12834e+03    3.12908e-06    
2.16416e+03    2.99572e-06    
2.20057e+03    2.86803e-06    
2.23760e+03    2.74579e-06    
2.27525e+03    2.62875e-06    
2.31354e+03    2.51670e-06    
2.35247e+03    2.40942e-06    
2.39205e+03    2.30671e-06    
2.43230e+03    2.20838e-06    
2.47323e+03    2.11424e-06    
2.51485e+03    2.02411e-06    
2.55716e+03    1.93781e-06    
2.60019e+03    1.85520e-06    
2.64394e+03    1.77611e-06    
2.68843e+03    1.70038e-06    
2.73367e+03    1.62789e-06    
2.77967e+03    1.55848e-06    
2.82644e+03    1.49203e-06    
2.87400e+03    1.42841e-06    
2.92236e+03    1.36751e-06    
2.97154e+03    1.30920e-06    
3.02154e+03    1.25337e-06    
3.07238e+03    1.19992e-06    
3.12408e+03    1.14876e-06    
3.17664e+03    1.09977e-06    
3.23010e+03    1.05287e-06    
3.28445e+03    1.00797e-06    
3.33972e+03    9.64984e-07    
3.39591e+03    9.23830e-07    
3.45305e+03    8.84431e-07    
3.51116e+03    8.46711e-07    
3.57024e+03    8.10599e-07    
3.63031e+03    7.76027e-07    
3.69140e+03    7.42928e-07    
3.75351e+03    7.11241e-07    
3.81667e+03    6.80905e-07    
3.88090e+03    6.51862e-07    
3.94620e+03    6.24057e-07    
4.01260e+03    5.97438e-07    
4.08012e+03    5.71953e-07    
4.14877e+03    5.47556e-07    
4.21858e+03    5.24198e-07    
4.28957e+03    5.01837e-07    
4.36175e+03    4.80429e-07    
4.43514e+03    4.59934e-07    
4.50977e+03    4.40313e-07    
4.58566e+03    4.21529e-07    
4.66282e+03    4.03546e-07    
4.74128e+03    3.86329e-07    
4.82106e+03    3.69847e-07    
4.90218e+03    3.54068e-07    
4.98467e+03    3.38962e-07    
5.06854e+03    3.24500e-07    
5.15383e+03    3.10655e-07    
5.24055e+03    2.97400e-07    
5.32873e+03    2.84711e-07    
5.41840e+03    2.72563e-07    
5.50957e+03    2.60933e-07    
5.60228e+03    2.49799e-07    
5.69655e+03    2.39140e-07    
5.79240e+03    2.28935e-07    
5.88987e+03    2.19166e-07    
5.98898e+03    2.09814e-07    
6.08975e+03    2.00861e-07    
6.19222e+03    1.92289e-07    
6.29642e+03    1.84084e-07    
6.40236e+03    1.76228e-07    
6.51009e+03    1.68707e-07    
6.61964e+03    1.61508e-07    
6.73103e+03    1.54615e-07    
6.84429e+03    1.48016e-07    
6.95945e+03    1.41699e-07    
7.07656e+03    1.35652e-07    
7.19563e+03    1.29863e-07    
7.31671e+03    1.24320e-07    
7.43983e+03    1.19014e-07    
7.56502e+03    1.13934e-07    
7.69231e+03    1.09072e-07    
7.82175e+03    1.04416e-07    
7.95336e+03    9.99595e-08    
8.08719e+03    9.56929e-08    
8.22327e+03    9.16084e-08    
8.36164e+03    8.76982e-08    
8.50234e+03    8.39548e-08    
8.64541e+03    8.03712e-08    
8.79088e+03    7.69405e-08    
8.93880e+03    7.36562e-08    
9.08921e+03    7.05121e-08    
9.24215e+03    6.75021e-08    
9.39767e+03    6.46206e-08    
9.55580e+03    6.18620e-08    
9.71659e+03    5.92212e-08    
9.88009e+03    5.66931e-08    
1.00463e+04    5.42729e-08    
1.02154e+04    5.19559e-08    
1.03873e+04    4.97379e-08    
1.05621e+04    4.76145e-08    
1.07398e+04    4.55818e-08    
1.09205e+04    4.36358e-08    
1.11043e+04    4.17728e-08    
1.12911e+04    3.99894e-08    
1.14811e+04    3.82821e-08    
1.16743e+04    3.66477e-08    
1.18707e+04    3.50830e-08    
1.20705e+04    3.35851e-08    
1.22736e+04    3.21512e-08    
1.24801e+04    3.07784e-08    
1.26901e+04    2.94643e-08    
1.29036e+04    2.82063e-08    
1.31208e+04    2.70019e-08    
1.33415e+04    2.58490e-08    
1.35660e+04    2.47453e-08    
1.37943e+04    2.36887e-08    
1.40264e+04    2.26772e-08    
1.42624e+04    2.17089e-08    
1.45024e+04    2.07819e-08    
1.47465e+04    1.98945e-08    
1.49946e+04    1.90450e-08    
1.52469e+04    1.82317e-08    
1.55035e+04    1.74532e-08    
1.57643e+04    1.67079e-08    
1.60296e+04    1.59944e-08    
1.62993e+04    1.53114e-08    
1.65736e+04    1.46575e-08    
1.68525e+04    1.40316e-08    
1.71360e+04    1.34324e-08    
1.74244e+04    1.28588e-08    
1.77176e+04    1.23096e-08    
1.80157e+04    1.17839e-08    
1.83188e+04    1.12807e-08    
1.86271e+04    1.07989e-08    
1.89405e+04    1.03377e-08    
1.92592e+04    9.89624e-09    
1.95833e+04    9.47360e-09    
1.99128e+04    9.06900e-09    
2.02479e+04    8.68167e-09    
2.05886e+04    8.31089e-09    
2.09350e+04    7.95593e-09    
2.12873e+04    7.61614e-09    
2.16455e+04    7.29085e-09    
2.20097e+04    6.97946e-09    
2.23801e+04    6.68136e-09    
2.27566e+04    6.39599e-09    
2.31396e+04    6.12281e-09    
2.35289e+04    5.86129e-09    
2.39248e+04    5.61094e-09    
2.43274e+04    5.37128e-09    
2.47368e+04    5.14186e-09    
2.51530e+04    4.92223e-09    
2.55763e+04    4.71199e-09    
2.60066e+04    4.51072e-09    
2.64442e+04    4.31805e-09    
2.68892e+04    4.13360e-09    
2.73416e+04    3.95704e-09    
2.78017e+04    3.78801e-09    
2.82695e+04    3.62620e-09    
2.87452e+04    3.47130e-09    
2.92289e+04    3.32302e-09    
2.97207e+04    3.18107e-09    
3.02208e+04    3.04519e-09    
3.07293e+04    2.91510e-09    
3.12464e+04    2.79058e-09    
3.17722e+04    2.67137e-09    
3.23068e+04    2.55725e-09    
3.28504e+04    2.44801e-09    
3.34032e+04    2.34343e-09    
3.39653e+04    2.24332e-09    
3.45368e+04    2.14749e-09    
3.51179e+04    2.05575e-09    
3.57088e+04    1.96793e-09    
3.63097e+04    1.88386e-09    
3.69207e+04    1.80337e-09    
3.75419e+04    1.72633e-09    
3.81736e+04    1.65258e-09    
3.88160e+04    1.58198e-09    
3.94691e+04    1.51439e-09    
4.01333e+04    1.44970e-09    
4.08086e+04    1.38776e-09    
4.14952e+04    1.32847e-09    
4.21935e+04    1.27171e-09    
4.29034e+04    1.21738e-09    
4.36254e+04    1.16537e-09    
4.43594e+04    1.11558e-09    
4.51059e+04    1.06792e-09    
4.58649e+04    1.02229e-09    
4.66366e+04    9.78614e-10    
4.74213e+04    9.36803e-10    
4.82193e+04    8.96777e-10    
4.90307e+04    8.58462e-10    
4.98557e+04    8.21783e-10    
5.06946e+04    7.86671e-10    
5.15476e+04    7.53059e-10    
5.24150e+04    7.20883e-10    
5.32970e+04    6.90082e-10    
5.41938e+04    6.60596e-10    
5.51057e+04    6.32370e-10    
5.60329e+04    6.05350e-10    
5.69758e+04    5.79485e-10    
5.79345e+04    5.54724e-10    
5.89093e+04    5.31021e-10    
5.99006e+04    5.08331e-10    
6.09085e+04    4.86611e-10    
6.19334e+04    4.65818e-10    
6.29755e+04    4.45914e-10    
6.40352e+04    4.26860e-10    
6.51127e+04    4.08620e-10    
6.62084e+04    3.91159e-10    
6.73224e+04    3.74445e-10    
6.84552e+04    3.58444e-10    
6.96071e+04    3.43127e-10    
7.07784e+04    3.28465e-10    
7.19693e+04    3.14429e-10    
7.31803e+04    3.00993e-10    
7.44117e+04    2.88131e-10    
7.56638e+04    2.75818e-10    
7.69370e+04    2.64031e-10    
7.82316e+04    2.52749e-10    
7.95480e+04    2.41948e-10    
8.08865e+04    2.31609e-10    
8.22476e+04    2.21711e-10    
8.36315e+04    2.12236e-10    
8.50388e+04    2.03167e-10    
8.64697e+04    1.94484e-10    
8.79247e+04    1.86173e-10    
8.94042e+04    1.78217e-10    
9.09086e+04    1.70601e-10    
9.24382e+04    1.63310e-10    
9.39937e+04    1.56331e-10    
9.55753e+04    1.49650e-10    
9.71835e+04    1.43255e-10    
9.88188e+04    1.37133e-10    
1.00482e+05    1.31272e-10    
1.02172e+05    1.25662e-10    
1.03892e+05    1.20291e-10    
1.05640e+05    1.15150e-10    
1.07417e+05    1.10229e-10    
1.09225e+05    1.05518e-10    
1.11063e+05    1.01009e-10    
1.12931e+05    9.66918e-11    
1.14832e+05    9.25594e-11    
1.16764e+05    8.86035e-11    
1.18729e+05    8.48167e-11    
1.20727e+05    8.11918e-11    
1.22758e+05    7.77217e-11    
1.24824e+05    7.44000e-11    
1.26924e+05    7.12201e-11    
1.29060e+05    6.81762e-11    
1.31231e+05    6.52624e-11    
1.33440e+05    6.24731e-11    
1.35685e+05    5.98030e-11    
1.37968e+05    5.72469e-11    
1.40290e+05    5.48002e-11    
1.42650e+05    5.24580e-11    
1.45051e+05    5.02159e-11    
1.47491e+05    4.80696e-11    
1.49973e+05    4.60150e-11    
1.52497e+05    4.40483e-11    
1.55063e+05    4.21656e-11    
1.57672e+05    4.03633e-11    
1.60325e+05    3.86381e-11    
1.63023e+05    3.69866e-11    
1.65766e+05    3.54057e-11    
1.68555e+05    3.38924e-11    
1.71391e+05    3.24437e-11    
1.74275e+05    3.10570e-11    
1.77208e+05    2.97295e-11    
1.80190e+05    2.84588e-11    
1.83222e+05    2.72423e-11    
1.86305e+05    2.60779e-11    
1.89439e+05    2.49632e-11    
1.92627e+05    2.38962e-11    
1.95868e+05    2.28748e-11    
1.99164e+05    2.18970e-11    
2.02515e+05    2.09610e-11    
2.05923e+05    2.00651e-11    
2.09388e+05    1.92074e-11    
2.12911e+05    1.83864e-11    
2.16494e+05    1.76004e-11    
2.20137e+05    1.68481e-11    
2.23841e+05    1.61279e-11    
2.27608e+05    1.54385e-11    
2.31438e+05    1.47786e-11    
2.35332e+05    1.41468e-11    
2.39292e+05    1.35421e-11    
2.43318e+05    1.29632e-11    
2.47412e+05    1.24091e-11    
2.51576e+05    1.18787e-11    
2.55809e+05    1.13709e-11    
2.60113e+05    1.08848e-11    
2.64490e+05    1.04195e-11    
2.68941e+05    9.97410e-12    
2.73466e+05    9.54773e-12    
2.78067e+05    9.13959e-12    
2.82746e+05    8.74889e-12    
2.87504e+05    8.37489e-12    
2.92342e+05    8.01688e-12    
2.97261e+05    7.67417e-12    
3.02263e+05    7.34611e-12    
3.07349e+05    7.03208e-12    
3.12521e+05    6.73146e-12    
3.17779e+05    6.44370e-12    
3.23127e+05    6.16824e-12    
3.28564e+05    5.90455e-12    
3.34092e+05    5.65214e-12    
3.39714e+05    5.41051e-12    
3.45430e+05    5.17921e-12    
3.51243e+05    4.95780e-12    
3.57153e+05    4.74586e-12    
3.63163e+05    4.54297e-12    
3.69274e+05    4.34876e-12    
3.75487e+05    4.16285e-12    
3.81805e+05    3.98488e-12    
3.88230e+05    3.81452e-12    
3.94763e+05    3.65145e-12    
4.01405e+05    3.49535e-12    
4.08159e+05    3.34592e-12    
4.15027e+05    3.20288e-12    
4.22011e+05    3.06595e-12    
4.29112e+05    2.93487e-12    
4.36333e+05    2.80940e-12    
4.43675e+05    2.68930e-12    
4.51140e+05    2.57432e-12    
4.58731e+05    2.46427e-12    
4.66450e+05    2.35891e-12    
4.74299e+05    2.25806e-12    
4.82280e+05    2.16153e-12    
4.90395e+05    2.06912e-12    
4.98647e+05    1.98066e-12    
5.07038e+05    1.89598e-12    
5.15569e+05    1.81492e-12    
5.24245e+05    1.73733e-12    
5.33066e+05    1.66305e-12    
5.42036e+05    1.59195e-12    
5.51156e+05    1.52389e-12    
5.60431e+05    1.45874e-12    
5.69861e+05    1.39637e-12    
5.79450e+05    1.33667e-12    
5.89200e+05    1.27952e-12    
5.99114e+05    1.22482e-12    
6.09195e+05    1.17245e-12    
6.19446e+05    1.12232e-12    
6.29869e+05    1.07434e-12    
6.40468e+05    1.02841e-12    
6.51245e+05    9.84437e-13    
6.62203e+05    9.42347e-13    
6.73346e+05    9.02057e-13    
6.84676e+05    8.63490e-13    
6.96197e+05    8.26571e-13    
7.07912e+05    7.91231e-13    
7.19824e+05    7.57402e-13    
7.31936e+05    7.25019e-13    
7.44252e+05    6.94020e-13    
7.56775e+05    6.64347e-13    
7.69509e+05    6.35942e-13    
7.82458e+05    6.08752e-13    
7.95624e+05    5.82724e-13    
8.09011e+05    5.57809e-13    
8.22624e+05    5.33959e-13    
8.36467e+05    5.11129e-13    
8.50541e+05    4.89275e-13    
8.64853e+05    4.68355e-13    
8.79406e+05    4.48330e-13    
8.94203e+05    4.29161e-13    
9.09250e+05    4.10811e-13    
9.24550e+05    3.93246e-13    
9.40107e+05    3.76432e-13    
9.55926e+05    3.60337e-13    
9.72011e+05    3.44930e-13    
9.88367e+05    3.30181e-13    
1.00500e+06    3.16064e-13    
1.02191e+06    3.02550e-13    
1.03910e+06    2.89613e-13    
1.05659e+06    2.77230e-13    
1.07437e+06    2.65376e-13    
1.09245e+06    2.54029e-13    
1.11083e+06    2.43167e-13    
1.12952e+06    2.32770e-13    
1.14853e+06    2.22817e-13    
1.16785e+06    2.13290e-13    
1.18750e+06    2.04170e-13    
1.20748e+06    1.95440e-13    
1.22780e+06    1.87083e-13    
1.24846e+06    1.79084e-13    
1.26947e+06    1.71426e-13    
1.29083e+06    1.64096e-13    
1.31255e+06    1.57080e-13    
1.33464e+06    1.50363e-13    
1.35709e+06    1.43934e-13    
1.37993e+06    1.37779e-13    
1.40315e+06    1.31888e-13    
1.42676e+06    1.26248e-13    
1.45077e+06    1.20850e-13    
1.47518e+06    1.15682e-13    
1.50000e+06    1.10736e-13    

