# USINE V4.0
# File generated 13-05-2022 08:26:19
# Model1DKisoVc
# O
# SolMod0DFF_phi0_670GV
# R [GV]       TOA [GV m^{2} s sr]^{-1}
9.71391e-02    1.74864e-03    
9.87904e-02    1.83817e-03    
1.00470e-01    1.93227e-03    
1.02178e-01    2.03115e-03    
1.03915e-01    2.13507e-03    
1.05681e-01    2.24428e-03    
1.07478e-01    2.35905e-03    
1.09305e-01    2.47966e-03    
1.11163e-01    2.60640e-03    
1.13053e-01    2.73958e-03    
1.14975e-01    2.87952e-03    
1.16930e-01    3.02657e-03    
1.18917e-01    3.18109e-03    
1.20939e-01    3.34346e-03    
1.22995e-01    3.51405e-03    
1.25086e-01    3.69330e-03    
1.27212e-01    3.88163e-03    
1.29375e-01    4.07951e-03    
1.31574e-01    4.28740e-03    
1.33811e-01    4.50582e-03    
1.36086e-01    4.73528e-03    
1.38399e-01    4.97636e-03    
1.40752e-01    5.22961e-03    
1.43145e-01    5.49566e-03    
1.45578e-01    5.77515e-03    
1.48053e-01    6.06874e-03    
1.50570e-01    6.37714e-03    
1.53130e-01    6.70108e-03    
1.55733e-01    7.04136e-03    
1.58381e-01    7.39876e-03    
1.61073e-01    7.77416e-03    
1.63811e-01    8.16844e-03    
1.66596e-01    8.58254e-03    
1.69428e-01    9.01745e-03    
1.72308e-01    9.47419e-03    
1.75238e-01    9.95385e-03    
1.78217e-01    1.04576e-02    
1.81246e-01    1.09865e-02    
1.84328e-01    1.15420e-02    
1.87461e-01    1.21252e-02    
1.90648e-01    1.27376e-02    
1.93889e-01    1.33807e-02    
1.97185e-01    1.40558e-02    
2.00537e-01    1.47646e-02    
2.03946e-01    1.55086e-02    
2.07414e-01    1.62893e-02    
2.10940e-01    1.71084e-02    
2.14526e-01    1.79678e-02    
2.18172e-01    1.88694e-02    
2.21881e-01    1.98152e-02    
2.25653e-01    2.08072e-02    
2.29489e-01    2.18476e-02    
2.33391e-01    2.29387e-02    
2.37358e-01    2.40827e-02    
2.41394e-01    2.52822e-02    
2.45497e-01    2.65397e-02    
2.49671e-01    2.78579e-02    
2.53915e-01    2.92395e-02    
2.58232e-01    3.06874e-02    
2.62622e-01    3.22046e-02    
2.67086e-01    3.37942e-02    
2.71627e-01    3.54594e-02    
2.76244e-01    3.72036e-02    
2.80940e-01    3.90303e-02    
2.85716e-01    4.09431e-02    
2.90574e-01    4.29458e-02    
2.95513e-01    4.50422e-02    
3.00537e-01    4.72364e-02    
3.05646e-01    4.95326e-02    
3.10842e-01    5.19351e-02    
3.16127e-01    5.44484e-02    
3.21501e-01    5.70771e-02    
3.26966e-01    5.98260e-02    
3.32525e-01    6.27000e-02    
3.38178e-01    6.57042e-02    
3.43927e-01    6.88438e-02    
3.49773e-01    7.21243e-02    
3.55720e-01    7.55512e-02    
3.61767e-01    7.91303e-02    
3.67917e-01    8.28674e-02    
3.74171e-01    8.67685e-02    
3.80532e-01    9.08398e-02    
3.87001e-01    9.50877e-02    
3.93580e-01    9.95186e-02    
4.00271e-01    1.04139e-01    
4.07076e-01    1.08956e-01    
4.13996e-01    1.13976e-01    
4.21034e-01    1.19206e-01    
4.28192e-01    1.24654e-01    
4.35471e-01    1.30326e-01    
4.42874e-01    1.36231e-01    
4.50403e-01    1.42374e-01    
4.58060e-01    1.48764e-01    
4.65847e-01    1.55408e-01    
4.73766e-01    1.62314e-01    
4.81820e-01    1.69489e-01    
4.90011e-01    1.76941e-01    
4.98341e-01    1.84678e-01    
5.06813e-01    1.92705e-01    
5.15429e-01    2.01033e-01    
5.24191e-01    2.09666e-01    
5.33102e-01    2.18613e-01    
5.42165e-01    2.27881e-01    
5.51382e-01    2.37476e-01    
5.60756e-01    2.47404e-01    
5.70288e-01    2.57673e-01    
5.79983e-01    2.68288e-01    
5.89843e-01    2.79255e-01    
5.99870e-01    2.90579e-01    
6.10068e-01    3.02265e-01    
6.20439e-01    3.14317e-01    
6.30987e-01    3.26739e-01    
6.41714e-01    3.39534e-01    
6.52623e-01    3.52705e-01    
6.63717e-01    3.66253e-01    
6.75000e-01    3.80181e-01    
6.86475e-01    3.94488e-01    
6.98146e-01    4.09174e-01    
7.10014e-01    4.24237e-01    
7.22084e-01    4.39676e-01    
7.34360e-01    4.55487e-01    
7.46844e-01    4.71665e-01    
7.59540e-01    4.88206e-01    
7.72452e-01    5.05103e-01    
7.85584e-01    5.22347e-01    
7.98939e-01    5.39931e-01    
8.12521e-01    5.57843e-01    
8.26334e-01    5.76072e-01    
8.40382e-01    5.94606e-01    
8.54668e-01    6.13429e-01    
8.69197e-01    6.32526e-01    
8.83974e-01    6.51881e-01    
8.99001e-01    6.71473e-01    
9.14284e-01    6.91283e-01    
9.29827e-01    7.11290e-01    
9.45634e-01    7.31471e-01    
9.61710e-01    7.51802e-01    
9.78059e-01    7.72255e-01    
9.94686e-01    7.92806e-01    
1.01160e+00    8.13425e-01    
1.02879e+00    8.34082e-01    
1.04628e+00    8.54747e-01    
1.06407e+00    8.75388e-01    
1.08216e+00    8.95972e-01    
1.10056e+00    9.16464e-01    
1.11926e+00    9.36831e-01    
1.13829e+00    9.57036e-01    
1.15764e+00    9.77043e-01    
1.17732e+00    9.96817e-01    
1.19734e+00    1.01632e+00    
1.21769e+00    1.03551e+00    
1.23839e+00    1.05436e+00    
1.25945e+00    1.07282e+00    
1.28086e+00    1.09086e+00    
1.30263e+00    1.10845e+00    
1.32478e+00    1.12554e+00    
1.34730e+00    1.14210e+00    
1.37020e+00    1.15810e+00    
1.39349e+00    1.17349e+00    
1.41718e+00    1.18826e+00    
1.44128e+00    1.20236e+00    
1.46578e+00    1.21576e+00    
1.49070e+00    1.22845e+00    
1.51604e+00    1.24039e+00    
1.54181e+00    1.25155e+00    
1.56802e+00    1.26192e+00    
1.59468e+00    1.27147e+00    
1.62179e+00    1.28018e+00    
1.64936e+00    1.28804e+00    
1.67740e+00    1.29504e+00    
1.70591e+00    1.30116e+00    
1.73491e+00    1.30640e+00    
1.76441e+00    1.31075e+00    
1.79440e+00    1.31421e+00    
1.82491e+00    1.31677e+00    
1.85593e+00    1.31844e+00    
1.88748e+00    1.31922e+00    
1.91957e+00    1.31912e+00    
1.95220e+00    1.31815e+00    
1.98539e+00    1.31631e+00    
2.01914e+00    1.31363e+00    
2.05346e+00    1.31010e+00    
2.08837e+00    1.30577e+00    
2.12388e+00    1.30063e+00    
2.15998e+00    1.29471e+00    
2.19670e+00    1.28803e+00    
2.23405e+00    1.28061e+00    
2.27202e+00    1.27249e+00    
2.31065e+00    1.26368e+00    
2.34993e+00    1.25421e+00    
2.38988e+00    1.24411e+00    
2.43051e+00    1.23342e+00    
2.47183e+00    1.22215e+00    
2.51385e+00    1.21035e+00    
2.55658e+00    1.19803e+00    
2.60004e+00    1.18524e+00    
2.64424e+00    1.17201e+00    
2.68920e+00    1.15835e+00    
2.73491e+00    1.14431e+00    
2.78141e+00    1.12992e+00    
2.82869e+00    1.11519e+00    
2.87678e+00    1.10016e+00    
2.92568e+00    1.08484e+00    
2.97542e+00    1.06927e+00    
3.02600e+00    1.05346e+00    
3.07744e+00    1.03742e+00    
3.12976e+00    1.02118e+00    
3.18297e+00    1.00474e+00    
3.23708e+00    9.88101e-01    
3.29211e+00    9.71274e-01    
3.34807e+00    9.54253e-01    
3.40499e+00    9.37034e-01    
3.46288e+00    9.19609e-01    
3.52174e+00    9.01968e-01    
3.58161e+00    8.84104e-01    
3.64250e+00    8.66015e-01    
3.70442e+00    8.47707e-01    
3.76740e+00    8.29196e-01    
3.83145e+00    8.10513e-01    
3.89658e+00    7.91701e-01    
3.96282e+00    7.72814e-01    
4.03019e+00    7.53912e-01    
4.09870e+00    7.35053e-01    
4.16838e+00    7.16294e-01    
4.23924e+00    6.97684e-01    
4.31131e+00    6.79264e-01    
4.38460e+00    6.61067e-01    
4.45914e+00    6.43119e-01    
4.53495e+00    6.25440e-01    
4.61204e+00    6.08045e-01    
4.69045e+00    5.90946e-01    
4.77018e+00    5.74150e-01    
4.85128e+00    5.57663e-01    
4.93375e+00    5.41490e-01    
5.01762e+00    5.25633e-01    
5.10292e+00    5.10095e-01    
5.18967e+00    4.94877e-01    
5.27790e+00    4.79978e-01    
5.36762e+00    4.65399e-01    
5.45887e+00    4.51140e-01    
5.55167e+00    4.37199e-01    
5.64605e+00    4.23575e-01    
5.74203e+00    4.10267e-01    
5.83965e+00    3.97274e-01    
5.93892e+00    3.84592e-01    
6.03988e+00    3.72221e-01    
6.14256e+00    3.60156e-01    
6.24698e+00    3.48397e-01    
6.35318e+00    3.36939e-01    
6.46119e+00    3.25781e-01    
6.57103e+00    3.14917e-01    
6.68274e+00    3.04346e-01    
6.79634e+00    2.94063e-01    
6.91188e+00    2.84064e-01    
7.02938e+00    2.74346e-01    
7.14888e+00    2.64905e-01    
7.27041e+00    2.55736e-01    
7.39401e+00    2.46835e-01    
7.51971e+00    2.38198e-01    
7.64754e+00    2.29819e-01    
7.77755e+00    2.21695e-01    
7.90977e+00    2.13819e-01    
8.04424e+00    2.06188e-01    
8.18099e+00    1.98796e-01    
8.32007e+00    1.91639e-01    
8.46151e+00    1.84711e-01    
8.60535e+00    1.78006e-01    
8.75164e+00    1.71520e-01    
8.90042e+00    1.65248e-01    
9.05173e+00    1.59184e-01    
9.20561e+00    1.53323e-01    
9.36210e+00    1.47660e-01    
9.52126e+00    1.42188e-01    
9.68312e+00    1.36904e-01    
9.84773e+00    1.31801e-01    
1.00151e+01    1.26874e-01    
1.01854e+01    1.22118e-01    
1.03586e+01    1.17528e-01    
1.05347e+01    1.13099e-01    
1.07137e+01    1.08826e-01    
1.08959e+01    1.04703e-01    
1.10811e+01    1.00727e-01    
1.12695e+01    9.68916e-02    
1.14611e+01    9.31933e-02    
1.16559e+01    8.96274e-02    
1.18541e+01    8.61896e-02    
1.20556e+01    8.28758e-02    
1.22605e+01    7.96818e-02    
1.24689e+01    7.66037e-02    
1.26809e+01    7.36377e-02    
1.28965e+01    7.07801e-02    
1.31157e+01    6.80273e-02    
1.33387e+01    6.53758e-02    
1.35655e+01    6.28221e-02    
1.37961e+01    6.03628e-02    
1.40306e+01    5.79946e-02    
1.42691e+01    5.57146e-02    
1.45117e+01    5.35197e-02    
1.47584e+01    5.14070e-02    
1.50093e+01    4.93736e-02    
1.52645e+01    4.74168e-02    
1.55239e+01    4.55340e-02    
1.57879e+01    4.37224e-02    
1.60562e+01    4.19797e-02    
1.63292e+01    4.03034e-02    
1.66068e+01    3.86910e-02    
1.68891e+01    3.71404e-02    
1.71762e+01    3.56494e-02    
1.74682e+01    3.42157e-02    
1.77652e+01    3.28373e-02    
1.80672e+01    3.15122e-02    
1.83743e+01    3.02385e-02    
1.86867e+01    2.90142e-02    
1.90044e+01    2.78377e-02    
1.93275e+01    2.67071e-02    
1.96560e+01    2.56207e-02    
1.99902e+01    2.45769e-02    
2.03300e+01    2.35741e-02    
2.06756e+01    2.26108e-02    
2.10271e+01    2.16855e-02    
2.13846e+01    2.07968e-02    
2.17481e+01    1.99433e-02    
2.21178e+01    1.91237e-02    
2.24938e+01    1.83367e-02    
2.28762e+01    1.75810e-02    
2.32651e+01    1.68555e-02    
2.36606e+01    1.61590e-02    
2.40628e+01    1.54904e-02    
2.44719e+01    1.48487e-02    
2.48879e+01    1.42327e-02    
2.53110e+01    1.36416e-02    
2.57413e+01    1.30743e-02    
2.61789e+01    1.25299e-02    
2.66240e+01    1.20076e-02    
2.70766e+01    1.15064e-02    
2.75369e+01    1.10256e-02    
2.80050e+01    1.05643e-02    
2.84811e+01    1.01219e-02    
2.89653e+01    9.69744e-03    
2.94577e+01    9.29037e-03    
2.99585e+01    8.89995e-03    
3.04678e+01    8.52553e-03    
3.09857e+01    8.16647e-03    
3.15125e+01    7.82217e-03    
3.20482e+01    7.49204e-03    
3.25930e+01    7.17551e-03    
3.31471e+01    6.87205e-03    
3.37106e+01    6.58112e-03    
3.42837e+01    6.30224e-03    
3.48665e+01    6.03490e-03    
3.54592e+01    5.77866e-03    
3.60620e+01    5.53306e-03    
3.66751e+01    5.29768e-03    
3.72985e+01    5.07210e-03    
3.79326e+01    4.85592e-03    
3.85775e+01    4.64876e-03    
3.92333e+01    4.45027e-03    
3.99003e+01    4.26008e-03    
4.05786e+01    4.07785e-03    
4.12684e+01    3.90327e-03    
4.19700e+01    3.73602e-03    
4.26835e+01    3.57580e-03    
4.34091e+01    3.42232e-03    
4.41470e+01    3.27530e-03    
4.48975e+01    3.13448e-03    
4.56608e+01    2.99961e-03    
4.64370e+01    2.87044e-03    
4.72265e+01    2.74673e-03    
4.80293e+01    2.62826e-03    
4.88458e+01    2.51481e-03    
4.96762e+01    2.40618e-03    
5.05207e+01    2.30216e-03    
5.13795e+01    2.20256e-03    
5.22530e+01    2.10720e-03    
5.31413e+01    2.01590e-03    
5.40447e+01    1.92849e-03    
5.49634e+01    1.84481e-03    
5.58978e+01    1.76471e-03    
5.68481e+01    1.68803e-03    
5.78145e+01    1.61463e-03    
5.87974e+01    1.54438e-03    
5.97969e+01    1.47713e-03    
6.08135e+01    1.41278e-03    
6.18473e+01    1.35118e-03    
6.28987e+01    1.29223e-03    
6.39680e+01    1.23582e-03    
6.50554e+01    1.18184e-03    
6.61614e+01    1.13018e-03    
6.72861e+01    1.08075e-03    
6.84300e+01    1.03345e-03    
6.95933e+01    9.88191e-04    
7.07764e+01    9.44890e-04    
7.19796e+01    9.03463e-04    
7.32032e+01    8.63828e-04    
7.44477e+01    8.25911e-04    
7.57133e+01    7.89637e-04    
7.70004e+01    7.54937e-04    
7.83094e+01    7.21743e-04    
7.96407e+01    6.89991e-04    
8.09946e+01    6.59620e-04    
8.23715e+01    6.30570e-04    
8.37718e+01    6.02786e-04    
8.51959e+01    5.76211e-04    
8.66443e+01    5.50795e-04    
8.81172e+01    5.26489e-04    
8.96152e+01    5.03243e-04    
9.11387e+01    4.81013e-04    
9.26880e+01    4.59755e-04    
9.42637e+01    4.39427e-04    
9.58662e+01    4.19989e-04    
9.74959e+01    4.01403e-04    
9.91534e+01    3.83632e-04    
1.00839e+02    3.66640e-04    
1.02553e+02    3.50394e-04    
1.04297e+02    3.34861e-04    
1.06070e+02    3.20011e-04    
1.07873e+02    3.05815e-04    
1.09707e+02    2.92243e-04    
1.11572e+02    2.79269e-04    
1.13468e+02    2.66867e-04    
1.15397e+02    2.55011e-04    
1.17359e+02    2.43679e-04    
1.19354e+02    2.32847e-04    
1.21383e+02    2.22494e-04    
1.23447e+02    2.12598e-04    
1.25545e+02    2.03140e-04    
1.27680e+02    1.94101e-04    
1.29850e+02    1.85462e-04    
1.32058e+02    1.77207e-04    
1.34303e+02    1.69317e-04    
1.36586e+02    1.61778e-04    
1.38908e+02    1.54573e-04    
1.41269e+02    1.47689e-04    
1.43671e+02    1.41110e-04    
1.46113e+02    1.34825e-04    
1.48597e+02    1.28819e-04    
1.51123e+02    1.23081e-04    
1.53692e+02    1.17599e-04    
1.56305e+02    1.12361e-04    
1.58962e+02    1.07358e-04    
1.61665e+02    1.02577e-04    
1.64413e+02    9.80106e-05    
1.67208e+02    9.36481e-05    
1.70051e+02    8.94809e-05    
1.72941e+02    8.55002e-05    
1.75881e+02    8.16979e-05    
1.78871e+02    7.80659e-05    
1.81912e+02    7.45969e-05    
1.85005e+02    7.12834e-05    
1.88150e+02    6.81186e-05    
1.91348e+02    6.50959e-05    
1.94601e+02    6.22089e-05    
1.97910e+02    5.94516e-05    
2.01274e+02    5.68182e-05    
2.04696e+02    5.43031e-05    
2.08175e+02    5.19009e-05    
2.11714e+02    4.96067e-05    
2.15314e+02    4.74156e-05    
2.18974e+02    4.53229e-05    
2.22697e+02    4.33242e-05    
2.26482e+02    4.14152e-05    
2.30333e+02    3.95918e-05    
2.34248e+02    3.78502e-05    
2.38230e+02    3.61867e-05    
2.42280e+02    3.45977e-05    
2.46399e+02    3.30798e-05    
2.50588e+02    3.16297e-05    
2.54848e+02    3.02445e-05    
2.59180e+02    2.89210e-05    
2.63586e+02    2.76566e-05    
2.68067e+02    2.64485e-05    
2.72625e+02    2.52941e-05    
2.77259e+02    2.41910e-05    
2.81973e+02    2.31368e-05    
2.86766e+02    2.21294e-05    
2.91641e+02    2.11665e-05    
2.96599e+02    2.02462e-05    
3.01641e+02    1.93666e-05    
3.06769e+02    1.85257e-05    
3.11984e+02    1.77218e-05    
3.17288e+02    1.69533e-05    
3.22682e+02    1.62185e-05    
3.28167e+02    1.55159e-05    
3.33746e+02    1.48442e-05    
3.39420e+02    1.42018e-05    
3.45190e+02    1.35875e-05    
3.51058e+02    1.30000e-05    
3.57026e+02    1.24382e-05    
3.63096e+02    1.19008e-05    
3.69268e+02    1.13868e-05    
3.75546e+02    1.08952e-05    
3.81930e+02    1.04249e-05    
3.88423e+02    9.97506e-06    
3.95026e+02    9.54472e-06    
4.01742e+02    9.13304e-06    
4.08571e+02    8.73920e-06    
4.15517e+02    8.36240e-06    
4.22581e+02    8.00191e-06    
4.29765e+02    7.65701e-06    
4.37071e+02    7.32701e-06    
4.44501e+02    7.01128e-06    
4.52057e+02    6.70917e-06    
4.59742e+02    6.42011e-06    
4.67558e+02    6.14352e-06    
4.75507e+02    5.87886e-06    
4.83590e+02    5.62562e-06    
4.91811e+02    5.38329e-06    
5.00172e+02    5.15140e-06    
5.08675e+02    4.92951e-06    
5.17322e+02    4.71718e-06    
5.26117e+02    4.51399e-06    
5.35061e+02    4.31955e-06    
5.44157e+02    4.13349e-06    
5.53408e+02    3.95543e-06    
5.62816e+02    3.78505e-06    
5.72383e+02    3.62199e-06    
5.82114e+02    3.46596e-06    
5.92010e+02    3.31664e-06    
6.02074e+02    3.17374e-06    
6.12309e+02    3.03700e-06    
6.22719e+02    2.90614e-06    
6.33305e+02    2.78091e-06    
6.44071e+02    2.66107e-06    
6.55020e+02    2.54639e-06    
6.66156e+02    2.43664e-06    
6.77480e+02    2.33162e-06    
6.88997e+02    2.23111e-06    
7.00710e+02    2.13494e-06    
7.12622e+02    2.04290e-06    
7.24737e+02    1.95482e-06    
7.37058e+02    1.87053e-06    
7.49588e+02    1.78987e-06    
7.62331e+02    1.71269e-06    
7.75290e+02    1.63882e-06    
7.88470e+02    1.56814e-06    
8.01874e+02    1.50050e-06    
8.15506e+02    1.43577e-06    
8.29370e+02    1.37383e-06    
8.43469e+02    1.31456e-06    
8.57808e+02    1.25784e-06    
8.72391e+02    1.20356e-06    
8.87221e+02    1.15162e-06    
9.02304e+02    1.10192e-06    
9.17643e+02    1.05436e-06    
9.33243e+02    1.00885e-06    
9.49108e+02    9.65294e-07    
9.65243e+02    9.23620e-07    
9.81652e+02    8.83741e-07    
9.98340e+02    8.45582e-07    
1.01531e+03    8.09067e-07    
1.03257e+03    7.74126e-07    
1.05013e+03    7.40691e-07    
1.06798e+03    7.08698e-07    
1.08613e+03    6.78084e-07    
1.10460e+03    6.48790e-07    
1.12338e+03    6.20760e-07    
1.14247e+03    5.93938e-07    
1.16190e+03    5.68273e-07    
1.18165e+03    5.43715e-07    
1.20174e+03    5.20217e-07    
1.22217e+03    4.97733e-07    
1.24294e+03    4.76218e-07    
1.26407e+03    4.55632e-07    
1.28556e+03    4.35935e-07    
1.30742e+03    4.17087e-07    
1.32964e+03    3.99053e-07    
1.35225e+03    3.81797e-07    
1.37523e+03    3.65287e-07    
1.39861e+03    3.49489e-07    
1.42239e+03    3.34373e-07    
1.44657e+03    3.19910e-07    
1.47116e+03    3.06071e-07    
1.49617e+03    2.92830e-07    
1.52161e+03    2.80161e-07    
1.54747e+03    2.68040e-07    
1.57378e+03    2.56441e-07    
1.60054e+03    2.45344e-07    
1.62775e+03    2.34727e-07    
1.65542e+03    2.24568e-07    
1.68356e+03    2.14848e-07    
1.71218e+03    2.05548e-07    
1.74129e+03    1.96650e-07    
1.77089e+03    1.88137e-07    
1.80099e+03    1.79991e-07    
1.83161e+03    1.72198e-07    
1.86275e+03    1.64742e-07    
1.89441e+03    1.57608e-07    
1.92662e+03    1.50782e-07    
1.95937e+03    1.44252e-07    
1.99268e+03    1.38004e-07    
2.02656e+03    1.32027e-07    
2.06101e+03    1.26307e-07    
2.09605e+03    1.20836e-07    
2.13168e+03    1.15601e-07    
2.16792e+03    1.10592e-07    
2.20477e+03    1.05800e-07    
2.24225e+03    1.01216e-07    
2.28037e+03    9.68293e-08    
2.31914e+03    9.26330e-08    
2.35856e+03    8.86182e-08    
2.39866e+03    8.47772e-08    
2.43944e+03    8.11025e-08    
2.48091e+03    7.75868e-08    
2.52308e+03    7.42233e-08    
2.56597e+03    7.10055e-08    
2.60960e+03    6.79269e-08    
2.65396e+03    6.49817e-08    
2.69908e+03    6.21639e-08    
2.74496e+03    5.94682e-08    
2.79162e+03    5.68893e-08    
2.83908e+03    5.44220e-08    
2.88735e+03    5.20616e-08    
2.93643e+03    4.98035e-08    
2.98635e+03    4.76432e-08    
3.03712e+03    4.55764e-08    
3.08875e+03    4.35992e-08    
3.14126e+03    4.17077e-08    
3.19466e+03    3.98981e-08    
3.24897e+03    3.81670e-08    
3.30420e+03    3.65108e-08    
3.36037e+03    3.49265e-08    
3.41750e+03    3.34108e-08    
3.47560e+03    3.19608e-08    
3.53468e+03    3.05736e-08    
3.59477e+03    2.92466e-08    
3.65588e+03    2.79771e-08    
3.71803e+03    2.67627e-08    
3.78124e+03    2.56009e-08    
3.84552e+03    2.44895e-08    
3.91090e+03    2.34263e-08    
3.97738e+03    2.24092e-08    
4.04500e+03    2.14361e-08    
4.11376e+03    2.05053e-08    
4.18369e+03    1.96149e-08    
4.25482e+03    1.87631e-08    
4.32715e+03    1.79482e-08    
4.40071e+03    1.71687e-08    
4.47552e+03    1.64230e-08    
4.55161e+03    1.57097e-08    
4.62898e+03    1.50273e-08    
4.70768e+03    1.43745e-08    
4.78771e+03    1.37501e-08    
4.86910e+03    1.31527e-08    
4.95187e+03    1.25813e-08    
5.03606e+03    1.20346e-08    
5.12167e+03    1.15117e-08    
5.20874e+03    1.10115e-08    
5.29729e+03    1.05330e-08    
5.38734e+03    1.00753e-08    
5.47892e+03    9.63741e-09    
5.57207e+03    9.21857e-09    
5.66679e+03    8.81790e-09    
5.76313e+03    8.43463e-09    
5.86110e+03    8.06801e-09    
5.96074e+03    7.71730e-09    
6.06207e+03    7.38182e-09    
6.16513e+03    7.06091e-09    
6.26993e+03    6.75394e-09    
6.37652e+03    6.46030e-09    
6.48492e+03    6.17942e-09    
6.59517e+03    5.91073e-09    
6.70729e+03    5.65372e-09    
6.82131e+03    5.40787e-09    
6.93727e+03    5.17270e-09    
7.05521e+03    4.94775e-09    
7.17514e+03    4.73257e-09    
7.29712e+03    4.52674e-09    
7.42117e+03    4.32986e-09    
7.54733e+03    4.14153e-09    
7.67564e+03    3.96138e-09    
7.80612e+03    3.78906e-09    
7.93883e+03    3.62423e-09    
8.07379e+03    3.46657e-09    
8.21104e+03    3.31576e-09    
8.35063e+03    3.17150e-09    
8.49259e+03    3.03351e-09    
8.63697e+03    2.90152e-09    
8.78379e+03    2.77527e-09    
8.93312e+03    2.65451e-09    
9.08498e+03    2.53900e-09    
9.23943e+03    2.42851e-09    
9.39650e+03    2.32282e-09    
9.55624e+03    2.22173e-09    
9.71869e+03    2.12504e-09    
9.88391e+03    2.03255e-09    
1.00519e+04    1.94408e-09    
1.02228e+04    1.85946e-09    
1.03966e+04    1.77852e-09    
1.05734e+04    1.70110e-09    
1.07531e+04    1.62704e-09    
1.09359e+04    1.55621e-09    
1.11218e+04    1.48846e-09    
1.13109e+04    1.42366e-09    
1.15032e+04    1.36167e-09    
1.16987e+04    1.30239e-09    
1.18976e+04    1.24568e-09    
1.20999e+04    1.19144e-09    
1.23056e+04    1.13955e-09    
1.25148e+04    1.08993e-09    
1.27275e+04    1.04246e-09    
1.29439e+04    9.97065e-10    
1.31639e+04    9.53641e-10    
1.33877e+04    9.12107e-10    
1.36153e+04    8.72381e-10    
1.38468e+04    8.34383e-10    
1.40821e+04    7.98039e-10    
1.43215e+04    7.63277e-10    
1.45650e+04    7.30028e-10    
1.48126e+04    6.98227e-10    
1.50644e+04    6.67809e-10    
1.53205e+04    6.38716e-10    
1.55810e+04    6.10889e-10    
1.58459e+04    5.84274e-10    
1.61152e+04    5.58817e-10    
1.63892e+04    5.34469e-10    
1.66678e+04    5.11181e-10    
1.69512e+04    4.88906e-10    
1.72393e+04    4.67602e-10    
1.75324e+04    4.47225e-10    
1.78305e+04    4.27736e-10    
1.81336e+04    4.09096e-10    
1.84418e+04    3.91267e-10    
1.87554e+04    3.74214e-10    
1.90742e+04    3.57905e-10    
1.93985e+04    3.42305e-10    
1.97282e+04    3.27385e-10    
2.00636e+04    3.13115e-10    
2.04047e+04    2.99467e-10    
2.07516e+04    2.86413e-10    
2.11043e+04    2.73927e-10    
2.14631e+04    2.61986e-10    
2.18280e+04    2.50565e-10    
2.21991e+04    2.39641e-10    
2.25765e+04    2.29193e-10    
2.29603e+04    2.19201e-10    
2.33506e+04    2.09644e-10    
2.37475e+04    2.00503e-10    
2.41512e+04    1.91761e-10    
2.45618e+04    1.83399e-10    
2.49794e+04    1.75402e-10    
2.54040e+04    1.67753e-10    
2.58359e+04    1.60438e-10    
2.62751e+04    1.53441e-10    
2.67218e+04    1.46750e-10    
2.71760e+04    1.40350e-10    
2.76380e+04    1.34229e-10    
2.81079e+04    1.28375e-10    
2.85857e+04    1.22776e-10    
2.90717e+04    1.17421e-10    
2.95659e+04    1.12299e-10    
3.00685e+04    1.07401e-10    
3.05797e+04    1.02716e-10    
3.10995e+04    9.82352e-11    
3.16282e+04    9.39500e-11    
3.21659e+04    8.98515e-11    
3.27127e+04    8.59318e-11    
3.32688e+04    8.21829e-11    
3.38344e+04    7.85975e-11    
3.44096e+04    7.51685e-11    
3.49946e+04    7.18889e-11    
3.55895e+04    6.87524e-11    
3.61945e+04    6.57526e-11    
3.68098e+04    6.28836e-11    
3.74356e+04    6.01398e-11    
3.80720e+04    5.75156e-11    
3.87192e+04    5.50058e-11    
3.93774e+04    5.26055e-11    
4.00468e+04    5.03099e-11    
4.07276e+04    4.81144e-11    
4.14200e+04    4.60147e-11    
4.21242e+04    4.40065e-11    
4.28403e+04    4.20859e-11    
4.35685e+04    4.02492e-11    
4.43092e+04    3.84925e-11    
4.50625e+04    3.68125e-11    
4.58285e+04    3.52057e-11    
4.66076e+04    3.36690e-11    
4.73999e+04    3.21994e-11    
4.82057e+04    3.07939e-11    
4.90252e+04    2.94497e-11    
4.98587e+04    2.81642e-11    
5.07063e+04    2.69347e-11    
5.15683e+04    2.57589e-11    
5.24449e+04    2.46344e-11    
5.33365e+04    2.35589e-11    
5.42432e+04    2.25304e-11    
5.51654e+04    2.15468e-11    
5.61032e+04    2.06061e-11    
5.70569e+04    1.97064e-11    
5.80269e+04    1.88460e-11    
5.90134e+04    1.80231e-11    
6.00166e+04    1.72362e-11    
6.10369e+04    1.64836e-11    
6.20745e+04    1.57638e-11    
6.31298e+04    1.50755e-11    
6.42030e+04    1.44172e-11    
6.52944e+04    1.37876e-11    
6.64044e+04    1.31855e-11    
6.75333e+04    1.26097e-11    
6.86814e+04    1.20590e-11    
6.98489e+04    1.15324e-11    
7.10364e+04    1.10287e-11    
7.22440e+04    1.05471e-11    
7.34722e+04    1.00864e-11    
7.47212e+04    9.64591e-12    
7.59914e+04    9.22461e-12    
7.72833e+04    8.82170e-12    
7.85971e+04    8.43638e-12    
7.99333e+04    8.06789e-12    
8.12921e+04    7.71549e-12    
8.26741e+04    7.37847e-12    
8.40796e+04    7.05616e-12    
8.55089e+04    6.74793e-12    
8.69626e+04    6.45316e-12    
8.84409e+04    6.17126e-12    
8.99444e+04    5.90166e-12    
9.14735e+04    5.64384e-12    
9.30285e+04    5.39728e-12    
9.46100e+04    5.16148e-12    
9.62184e+04    4.93599e-12    
9.78541e+04    4.72034e-12    
9.95176e+04    4.51410e-12    
1.01209e+05    4.31688e-12    
1.02930e+05    4.12826e-12    
1.04680e+05    3.94789e-12    
1.06459e+05    3.77539e-12    
1.08269e+05    3.61043e-12    
1.10110e+05    3.45267e-12    
1.11982e+05    3.30180e-12    
1.13885e+05    3.15752e-12    
1.15821e+05    3.01955e-12    
1.17790e+05    2.88760e-12    
1.19793e+05    2.76141e-12    
1.21829e+05    2.64074e-12    
1.23900e+05    2.52533e-12    
1.26007e+05    2.41497e-12    
1.28149e+05    2.30943e-12    
1.30327e+05    2.20850e-12    
1.32543e+05    2.11198e-12    
1.34796e+05    2.01968e-12    
1.37088e+05    1.93141e-12    
1.39418e+05    1.84699e-12    
1.41788e+05    1.76627e-12    
1.44199e+05    1.68907e-12    
1.46650e+05    1.61524e-12    
1.49143e+05    1.54464e-12    
1.51678e+05    1.47712e-12    
1.54257e+05    1.41256e-12    
1.56879e+05    1.35081e-12    
1.59546e+05    1.29177e-12    
1.62259e+05    1.23530e-12    
1.65017e+05    1.18130e-12    
1.67822e+05    1.12966e-12    
1.70675e+05    1.08028e-12    
1.73577e+05    1.03305e-12    
1.76528e+05    9.87892e-13    
1.79529e+05    9.44704e-13    
1.82581e+05    9.03404e-13    
1.85684e+05    8.63908e-13    
1.88841e+05    8.26139e-13    
1.92051e+05    7.90020e-13    
1.95316e+05    7.55480e-13    
1.98637e+05    7.22450e-13    
2.02013e+05    6.90863e-13    
2.05448e+05    6.60657e-13    
2.08940e+05    6.31771e-13    
2.12492e+05    6.04147e-13    
2.16105e+05    5.77731e-13    
2.19778e+05    5.52470e-13    
2.23515e+05    5.28312e-13    
2.27314e+05    5.05211e-13    
2.31179e+05    4.83120e-13    
2.35109e+05    4.61994e-13    
2.39106e+05    4.41792e-13    
2.43170e+05    4.22473e-13    
2.47304e+05    4.03998e-13    
2.51508e+05    3.86331e-13    
2.55784e+05    3.69436e-13    
2.60132e+05    3.53280e-13    
2.64555e+05    3.37831e-13    
2.69052e+05    3.23056e-13    
2.73626e+05    3.08928e-13    
2.78278e+05    2.95417e-13    
2.83008e+05    2.82497e-13    
2.87820e+05    2.70142e-13    
2.92712e+05    2.58327e-13    
2.97689e+05    2.47029e-13    
3.02749e+05    2.36225e-13    
3.07896e+05    2.25893e-13    
3.13130e+05    2.16013e-13    
3.18454e+05    2.06565e-13    
3.23867e+05    1.97530e-13    
3.29373e+05    1.88890e-13    
3.34972e+05    1.80627e-13    
3.40667e+05    1.72727e-13    
3.46458e+05    1.65171e-13    
3.52348e+05    1.57946e-13    
3.58338e+05    1.51037e-13    
3.64430e+05    1.44430e-13    
3.70625e+05    1.38112e-13    
3.76926e+05    1.32071e-13    
3.83333e+05    1.26293e-13    
3.89850e+05    1.20769e-13    
3.96477e+05    1.15485e-13    
4.03218e+05    1.10433e-13    
4.10072e+05    1.05602e-13    
4.17044e+05    1.00982e-13    
4.24133e+05    9.65645e-14    
4.31344e+05    9.23399e-14    
4.38676e+05    8.83001e-14    
4.46134e+05    8.44370e-14    
4.53718e+05    8.07428e-14    
4.61431e+05    7.72102e-14    
4.69276e+05    7.38322e-14    
4.77253e+05    7.06019e-14    
4.85367e+05    6.75129e-14    
4.93618e+05    6.45590e-14    
5.02009e+05    6.17343e-14    
5.10544e+05    5.90332e-14    
5.19223e+05    5.64502e-14    
5.28050e+05    5.39802e-14    
5.37027e+05    5.16183e-14    
5.46156e+05    4.93597e-14    
5.55441e+05    4.71999e-14    
5.64883e+05    4.51345e-14    
5.74486e+05    4.31596e-14    
5.84252e+05    4.12710e-14    
5.94185e+05    3.94650e-14    
6.04286e+05    3.77381e-14    
6.14559e+05    3.60867e-14    
6.25006e+05    3.45075e-14    
6.35631e+05    3.29975e-14    
6.46437e+05    3.15535e-14    
6.57427e+05    3.01726e-14    
6.68603e+05    2.88522e-14    
6.79969e+05    2.75896e-14    
6.91529e+05    2.63822e-14    
7.03284e+05    2.52276e-14    
7.15240e+05    2.41236e-14    
7.27399e+05    2.30678e-14    
7.39765e+05    2.20583e-14    
7.52341e+05    2.10929e-14    
7.65131e+05    2.01698e-14    
7.78138e+05    1.92870e-14    
7.91367e+05    1.84429e-14    
8.04820e+05    1.76357e-14    
8.18502e+05    1.68638e-14    
8.32416e+05    1.61257e-14    
8.46567e+05    1.54200e-14    
8.60959e+05    1.47450e-14    
8.75595e+05    1.40997e-14    
8.90481e+05    1.34825e-14    
9.05619e+05    1.28924e-14    
9.21014e+05    1.23281e-14    
9.36672e+05    1.17885e-14    
9.52595e+05    1.12725e-14    
9.68789e+05    1.07791e-14    
9.85258e+05    1.03073e-14    
1.00201e+06    9.85610e-15    
1.01904e+06    9.42467e-15    
1.03637e+06    9.01212e-15    
1.05398e+06    8.61763e-15    
1.07190e+06    8.24040e-15    
1.09012e+06    7.87968e-15    
1.10866e+06    7.53475e-15    
1.12750e+06    7.20492e-15    
1.14667e+06    6.88952e-15    
1.16616e+06    6.58792e-15    
1.18599e+06    6.29953e-15    
1.20615e+06    6.02376e-15    
1.22666e+06    5.76005e-15    
1.24751e+06    5.50789e-15    
1.26872e+06    5.26677e-15    
1.29028e+06    5.03620e-15    
1.31222e+06    4.81572e-15    
1.33453e+06    4.60490e-15    
1.35721e+06    4.40330e-15    
1.38029e+06    4.21052e-15    
1.40375e+06    4.02618e-15    
1.42762e+06    3.84992e-15    
1.45188e+06    3.68136e-15    
1.47657e+06    3.52019e-15    
1.50167e+06    3.36607e-15    
1.52720e+06    3.21870e-15    
1.55316e+06    3.07778e-15    
1.57956e+06    2.94302e-15    
1.60642e+06    2.81417e-15    
1.63372e+06    2.69095e-15    
1.66150e+06    2.57313e-15    
1.68974e+06    2.46047e-15    
1.71847e+06    2.35274e-15    
1.74768e+06    2.24973e-15    
1.77739e+06    2.15122e-15    
1.80761e+06    2.05703e-15    
1.83834e+06    1.96696e-15    
1.86959e+06    1.88084e-15    
1.90137e+06    1.79848e-15    
1.93370e+06    1.71973e-15    
1.96657e+06    1.64443e-15    
2.00000e+06    1.57242e-15    

