# USINE V4.0
# File generated 13-05-2022 08:26:14
# Model1DKisoVc
# N
# SolMod0DFF_phi0_670GV
# R [GV]       TOA [GV m^{2} s sr]^{-1}
9.25159e-02    3.14358e-04    
9.40933e-02    3.30540e-04    
9.56975e-02    3.47553e-04    
9.73291e-02    3.65438e-04    
9.89886e-02    3.84239e-04    
1.00676e-01    4.04004e-04    
1.02393e-01    4.24781e-04    
1.04139e-01    4.46622e-04    
1.05914e-01    4.69581e-04    
1.07720e-01    4.93715e-04    
1.09556e-01    5.19083e-04    
1.11424e-01    5.45749e-04    
1.13324e-01    5.73778e-04    
1.15256e-01    6.03240e-04    
1.17221e-01    6.34206e-04    
1.19220e-01    6.66755e-04    
1.21253e-01    7.00965e-04    
1.23320e-01    7.36921e-04    
1.25422e-01    7.74712e-04    
1.27561e-01    8.14429e-04    
1.29736e-01    8.56172e-04    
1.31948e-01    9.00042e-04    
1.34197e-01    9.46146e-04    
1.36485e-01    9.94598e-04    
1.38812e-01    1.04552e-03    
1.41179e-01    1.09903e-03    
1.43586e-01    1.15526e-03    
1.46034e-01    1.21434e-03    
1.48524e-01    1.27643e-03    
1.51056e-01    1.34168e-03    
1.53632e-01    1.41023e-03    
1.56251e-01    1.48227e-03    
1.58915e-01    1.55796e-03    
1.61625e-01    1.63748e-03    
1.64380e-01    1.72103e-03    
1.67183e-01    1.80882e-03    
1.70033e-01    1.90104e-03    
1.72932e-01    1.99793e-03    
1.75881e-01    2.09972e-03    
1.78879e-01    2.20666e-03    
1.81929e-01    2.31899e-03    
1.85031e-01    2.43699e-03    
1.88186e-01    2.56094e-03    
1.91394e-01    2.69114e-03    
1.94658e-01    2.82790e-03    
1.97976e-01    2.97154e-03    
2.01352e-01    3.12241e-03    
2.04785e-01    3.28081e-03    
2.08276e-01    3.44711e-03    
2.11827e-01    3.62168e-03    
2.15439e-01    3.80491e-03    
2.19112e-01    3.99724e-03    
2.22848e-01    4.19909e-03    
2.26647e-01    4.41091e-03    
2.30512e-01    4.63318e-03    
2.34442e-01    4.86640e-03    
2.38439e-01    5.11108e-03    
2.42504e-01    5.36777e-03    
2.46639e-01    5.63702e-03    
2.50844e-01    5.91942e-03    
2.55121e-01    6.21558e-03    
2.59470e-01    6.52615e-03    
2.63894e-01    6.85179e-03    
2.68394e-01    7.19318e-03    
2.72970e-01    7.55106e-03    
2.77624e-01    7.92616e-03    
2.82357e-01    8.31928e-03    
2.87171e-01    8.73122e-03    
2.92067e-01    9.16283e-03    
2.97047e-01    9.61498e-03    
3.02112e-01    1.00886e-02    
3.07262e-01    1.05846e-02    
3.12501e-01    1.11040e-02    
3.17829e-01    1.16478e-02    
3.23248e-01    1.22170e-02    
3.28759e-01    1.28128e-02    
3.34365e-01    1.34363e-02    
3.40065e-01    1.40886e-02    
3.45863e-01    1.47709e-02    
3.51760e-01    1.54846e-02    
3.57758e-01    1.62309e-02    
3.63857e-01    1.70111e-02    
3.70061e-01    1.78266e-02    
3.76370e-01    1.86788e-02    
3.82787e-01    1.95692e-02    
3.89314e-01    2.04992e-02    
3.95951e-01    2.14705e-02    
4.02702e-01    2.24845e-02    
4.09568e-01    2.35430e-02    
4.16551e-01    2.46475e-02    
4.23653e-01    2.57998e-02    
4.30876e-01    2.70015e-02    
4.38223e-01    2.82546e-02    
4.45694e-01    2.95606e-02    
4.53293e-01    3.09216e-02    
4.61022e-01    3.23394e-02    
4.68882e-01    3.38159e-02    
4.76876e-01    3.53529e-02    
4.85007e-01    3.69524e-02    
4.93276e-01    3.86164e-02    
5.01686e-01    4.03469e-02    
5.10240e-01    4.21458e-02    
5.18939e-01    4.40152e-02    
5.27787e-01    4.59569e-02    
5.36785e-01    4.79731e-02    
5.45937e-01    5.00656e-02    
5.55245e-01    5.22364e-02    
5.64712e-01    5.44875e-02    
5.74340e-01    5.68207e-02    
5.84133e-01    5.92379e-02    
5.94092e-01    6.17409e-02    
6.04221e-01    6.43315e-02    
6.14523e-01    6.70113e-02    
6.25000e-01    6.97820e-02    
6.35656e-01    7.26450e-02    
6.46494e-01    7.56018e-02    
6.57516e-01    7.86536e-02    
6.68727e-01    8.18017e-02    
6.80128e-01    8.50472e-02    
6.91724e-01    8.83909e-02    
7.03518e-01    9.18335e-02    
7.15513e-01    9.53757e-02    
7.27712e-01    9.90177e-02    
7.40119e-01    1.02760e-01    
7.52738e-01    1.06602e-01    
7.65572e-01    1.10544e-01    
7.78624e-01    1.14585e-01    
7.91900e-01    1.18725e-01    
8.05401e-01    1.22962e-01    
8.19133e-01    1.27295e-01    
8.33099e-01    1.31723e-01    
8.47303e-01    1.36243e-01    
8.61749e-01    1.40853e-01    
8.76442e-01    1.45551e-01    
8.91385e-01    1.50333e-01    
9.06583e-01    1.55196e-01    
9.22040e-01    1.60137e-01    
9.37760e-01    1.65152e-01    
9.53749e-01    1.70236e-01    
9.70010e-01    1.75384e-01    
9.86548e-01    1.80591e-01    
1.00337e+00    1.85852e-01    
1.02048e+00    1.91160e-01    
1.03787e+00    1.96511e-01    
1.05557e+00    2.01896e-01    
1.07357e+00    2.07309e-01    
1.09187e+00    2.12744e-01    
1.11049e+00    2.18192e-01    
1.12942e+00    2.23646e-01    
1.14868e+00    2.29098e-01    
1.16826e+00    2.34540e-01    
1.18818e+00    2.39964e-01    
1.20844e+00    2.45361e-01    
1.22904e+00    2.50723e-01    
1.25000e+00    2.56040e-01    
1.27131e+00    2.61305e-01    
1.29298e+00    2.66507e-01    
1.31503e+00    2.71638e-01    
1.33745e+00    2.76689e-01    
1.36025e+00    2.81650e-01    
1.38344e+00    2.86512e-01    
1.40703e+00    2.91266e-01    
1.43102e+00    2.95903e-01    
1.45542e+00    3.00412e-01    
1.48023e+00    3.04784e-01    
1.50547e+00    3.09010e-01    
1.53114e+00    3.13078e-01    
1.55724e+00    3.16981e-01    
1.58379e+00    3.20708e-01    
1.61080e+00    3.24251e-01    
1.63826e+00    3.27603e-01    
1.66619e+00    3.30754e-01    
1.69460e+00    3.33699e-01    
1.72349e+00    3.36431e-01    
1.75288e+00    3.38944e-01    
1.78276e+00    3.41233e-01    
1.81316e+00    3.43295e-01    
1.84407e+00    3.45127e-01    
1.87551e+00    3.46728e-01    
1.90749e+00    3.48097e-01    
1.94001e+00    3.49232e-01    
1.97309e+00    3.50133e-01    
2.00673e+00    3.50800e-01    
2.04094e+00    3.51234e-01    
2.07574e+00    3.51436e-01    
2.11113e+00    3.51408e-01    
2.14713e+00    3.51152e-01    
2.18373e+00    3.50670e-01    
2.22097e+00    3.49966e-01    
2.25883e+00    3.49044e-01    
2.29734e+00    3.47908e-01    
2.33651e+00    3.46565e-01    
2.37635e+00    3.45019e-01    
2.41687e+00    3.43279e-01    
2.45807e+00    3.41351e-01    
2.49998e+00    3.39241e-01    
2.54261e+00    3.36959e-01    
2.58596e+00    3.34510e-01    
2.63005e+00    3.31902e-01    
2.67489e+00    3.29143e-01    
2.72049e+00    3.26238e-01    
2.76688e+00    3.23194e-01    
2.81405e+00    3.20018e-01    
2.86203e+00    3.16716e-01    
2.91083e+00    3.13292e-01    
2.96045e+00    3.09753e-01    
3.01093e+00    3.06103e-01    
3.06226e+00    3.02344e-01    
3.11448e+00    2.98481e-01    
3.16758e+00    2.94516e-01    
3.22158e+00    2.90448e-01    
3.27651e+00    2.86276e-01    
3.33237e+00    2.81998e-01    
3.38919e+00    2.77608e-01    
3.44697e+00    2.73102e-01    
3.50574e+00    2.68474e-01    
3.56551e+00    2.63718e-01    
3.62630e+00    2.58830e-01    
3.68813e+00    2.53808e-01    
3.75101e+00    2.48657e-01    
3.81497e+00    2.43385e-01    
3.88001e+00    2.38004e-01    
3.94616e+00    2.32535e-01    
4.01344e+00    2.26997e-01    
4.08187e+00    2.21416e-01    
4.15147e+00    2.15815e-01    
4.22225e+00    2.10216e-01    
4.29424e+00    2.04638e-01    
4.36745e+00    1.99099e-01    
4.44191e+00    1.93613e-01    
4.51765e+00    1.88191e-01    
4.59467e+00    1.82844e-01    
4.67301e+00    1.77577e-01    
4.75268e+00    1.72397e-01    
4.83371e+00    1.67306e-01    
4.91613e+00    1.62308e-01    
4.99995e+00    1.57405e-01    
5.08519e+00    1.52598e-01    
5.17189e+00    1.47889e-01    
5.26007e+00    1.43277e-01    
5.34975e+00    1.38763e-01    
5.44097e+00    1.34347e-01    
5.53373e+00    1.30030e-01    
5.62808e+00    1.25810e-01    
5.72404e+00    1.21688e-01    
5.82163e+00    1.17663e-01    
5.92089e+00    1.13735e-01    
6.02184e+00    1.09903e-01    
6.12451e+00    1.06166e-01    
6.22893e+00    1.02525e-01    
6.33513e+00    9.89777e-02    
6.44314e+00    9.55239e-02    
6.55299e+00    9.21625e-02    
6.66472e+00    8.88927e-02    
6.77835e+00    8.57136e-02    
6.89392e+00    8.26241e-02    
7.01146e+00    7.96232e-02    
7.13100e+00    7.67098e-02    
7.25258e+00    7.38828e-02    
7.37624e+00    7.11411e-02    
7.50200e+00    6.84834e-02    
7.62991e+00    6.59085e-02    
7.75999e+00    6.34151e-02    
7.89230e+00    6.10018e-02    
8.02686e+00    5.86671e-02    
8.16371e+00    5.64097e-02    
8.30290e+00    5.42280e-02    
8.44446e+00    5.21206e-02    
8.58844e+00    5.00859e-02    
8.73487e+00    4.81223e-02    
8.88380e+00    4.62283e-02    
9.03526e+00    4.44022e-02    
9.18931e+00    4.26422e-02    
9.34598e+00    4.09466e-02    
9.50533e+00    3.93137e-02    
9.66739e+00    3.77415e-02    
9.83222e+00    3.62281e-02    
9.99985e+00    3.47714e-02    
1.01703e+01    3.33697e-02    
1.03437e+01    3.20209e-02    
1.05201e+01    3.07232e-02    
1.06995e+01    2.94746e-02    
1.08819e+01    2.82735e-02    
1.10674e+01    2.71180e-02    
1.12561e+01    2.60065e-02    
1.14480e+01    2.49376e-02    
1.16432e+01    2.39097e-02    
1.18417e+01    2.29215e-02    
1.20436e+01    2.19714e-02    
1.22490e+01    2.10584e-02    
1.24578e+01    2.01809e-02    
1.26702e+01    1.93379e-02    
1.28862e+01    1.85280e-02    
1.31059e+01    1.77502e-02    
1.33294e+01    1.70033e-02    
1.35567e+01    1.62861e-02    
1.37878e+01    1.55975e-02    
1.40229e+01    1.49365e-02    
1.42620e+01    1.43020e-02    
1.45051e+01    1.36931e-02    
1.47524e+01    1.31088e-02    
1.50039e+01    1.25481e-02    
1.52598e+01    1.20102e-02    
1.55199e+01    1.14942e-02    
1.57845e+01    1.09993e-02    
1.60537e+01    1.05247e-02    
1.63274e+01    1.00696e-02    
1.66057e+01    9.63328e-03    
1.68889e+01    9.21500e-03    
1.71768e+01    8.81407e-03    
1.74697e+01    8.42982e-03    
1.77675e+01    8.06161e-03    
1.80705e+01    7.70879e-03    
1.83786e+01    7.37078e-03    
1.86919e+01    7.04698e-03    
1.90106e+01    6.73684e-03    
1.93347e+01    6.43981e-03    
1.96644e+01    6.15537e-03    
1.99996e+01    5.88301e-03    
2.03406e+01    5.62226e-03    
2.06874e+01    5.37263e-03    
2.10401e+01    5.13369e-03    
2.13989e+01    4.90500e-03    
2.17637e+01    4.68614e-03    
2.21348e+01    4.47670e-03    
2.25122e+01    4.27631e-03    
2.28960e+01    4.08459e-03    
2.32864e+01    3.90119e-03    
2.36834e+01    3.72575e-03    
2.40872e+01    3.55794e-03    
2.44978e+01    3.39745e-03    
2.49155e+01    3.24398e-03    
2.53403e+01    3.09723e-03    
2.57724e+01    2.95691e-03    
2.62118e+01    2.82276e-03    
2.66587e+01    2.69451e-03    
2.71132e+01    2.57193e-03    
2.75755e+01    2.45476e-03    
2.80456e+01    2.34278e-03    
2.85238e+01    2.23576e-03    
2.90101e+01    2.13350e-03    
2.95047e+01    2.03579e-03    
3.00078e+01    1.94244e-03    
3.05194e+01    1.85325e-03    
3.10397e+01    1.76806e-03    
3.15690e+01    1.68668e-03    
3.21072e+01    1.60895e-03    
3.26546e+01    1.53471e-03    
3.32114e+01    1.46382e-03    
3.37776e+01    1.39612e-03    
3.43535e+01    1.33148e-03    
3.49392e+01    1.26976e-03    
3.55349e+01    1.21084e-03    
3.61408e+01    1.15459e-03    
3.67570e+01    1.10089e-03    
3.73837e+01    1.04963e-03    
3.80210e+01    1.00071e-03    
3.86693e+01    9.54022e-04    
3.93286e+01    9.09464e-04    
3.99991e+01    8.66943e-04    
4.06811e+01    8.26369e-04    
4.13747e+01    7.87656e-04    
4.20801e+01    7.50719e-04    
4.27976e+01    7.15480e-04    
4.35272e+01    6.81863e-04    
4.42694e+01    6.49795e-04    
4.50242e+01    6.19207e-04    
4.57918e+01    5.90031e-04    
4.65725e+01    5.62205e-04    
4.73666e+01    5.35666e-04    
4.81742e+01    5.10358e-04    
4.89955e+01    4.86225e-04    
4.98309e+01    4.63212e-04    
5.06805e+01    4.41270e-04    
5.15446e+01    4.20350e-04    
5.24234e+01    4.00405e-04    
5.33172e+01    3.81390e-04    
5.42262e+01    3.63264e-04    
5.51507e+01    3.45985e-04    
5.60910e+01    3.29516e-04    
5.70474e+01    3.13817e-04    
5.80200e+01    2.98856e-04    
5.90092e+01    2.84596e-04    
6.00153e+01    2.71007e-04    
6.10386e+01    2.58057e-04    
6.20793e+01    2.45717e-04    
6.31377e+01    2.33959e-04    
6.42142e+01    2.22755e-04    
6.53090e+01    2.12080e-04    
6.64225e+01    2.01910e-04    
6.75550e+01    1.92221e-04    
6.87068e+01    1.82991e-04    
6.98782e+01    1.74199e-04    
7.10696e+01    1.65823e-04    
7.22813e+01    1.57845e-04    
7.35137e+01    1.50246e-04    
7.47670e+01    1.43008e-04    
7.60418e+01    1.36115e-04    
7.73383e+01    1.29551e-04    
7.86569e+01    1.23299e-04    
7.99979e+01    1.17345e-04    
8.13619e+01    1.11676e-04    
8.27491e+01    1.06278e-04    
8.41599e+01    1.01138e-04    
8.55948e+01    9.62436e-05    
8.70542e+01    9.15839e-05    
8.85384e+01    8.71476e-05    
9.00480e+01    8.29242e-05    
9.15833e+01    7.89034e-05    
9.31447e+01    7.50759e-05    
9.47328e+01    7.14324e-05    
9.63480e+01    6.79641e-05    
9.79907e+01    6.46629e-05    
9.96614e+01    6.15207e-05    
1.01361e+02    5.85300e-05    
1.03089e+02    5.56837e-05    
1.04846e+02    5.29747e-05    
1.06634e+02    5.03967e-05    
1.08452e+02    4.79433e-05    
1.10301e+02    4.56086e-05    
1.12182e+02    4.33869e-05    
1.14094e+02    4.12729e-05    
1.16040e+02    3.92614e-05    
1.18018e+02    3.73475e-05    
1.20030e+02    3.55265e-05    
1.22077e+02    3.37940e-05    
1.24158e+02    3.21456e-05    
1.26275e+02    3.05775e-05    
1.28428e+02    2.90857e-05    
1.30618e+02    2.76666e-05    
1.32844e+02    2.63166e-05    
1.35109e+02    2.50325e-05    
1.37413e+02    2.38111e-05    
1.39756e+02    2.26493e-05    
1.42139e+02    2.15443e-05    
1.44562e+02    2.04933e-05    
1.47027e+02    1.94938e-05    
1.49534e+02    1.85432e-05    
1.52083e+02    1.76391e-05    
1.54676e+02    1.67794e-05    
1.57313e+02    1.59619e-05    
1.59995e+02    1.51845e-05    
1.62723e+02    1.44453e-05    
1.65498e+02    1.37424e-05    
1.68319e+02    1.30740e-05    
1.71189e+02    1.24385e-05    
1.74108e+02    1.18343e-05    
1.77076e+02    1.12599e-05    
1.80095e+02    1.07137e-05    
1.83166e+02    1.01945e-05    
1.86289e+02    9.70081e-06    
1.89465e+02    9.23149e-06    
1.92695e+02    8.78531e-06    
1.95981e+02    8.36113e-06    
1.99322e+02    7.95786e-06    
2.02720e+02    7.57449e-06    
2.06177e+02    7.21001e-06    
2.09692e+02    6.86350e-06    
2.13267e+02    6.53406e-06    
2.16903e+02    6.22086e-06    
2.20601e+02    5.92307e-06    
2.24363e+02    5.63993e-06    
2.28188e+02    5.37070e-06    
2.32078e+02    5.11471e-06    
2.36035e+02    4.87127e-06    
2.40060e+02    4.63976e-06    
2.44152e+02    4.41959e-06    
2.48315e+02    4.21018e-06    
2.52549e+02    4.01099e-06    
2.56855e+02    3.82151e-06    
2.61234e+02    3.64125e-06    
2.65688e+02    3.46974e-06    
2.70218e+02    3.30655e-06    
2.74825e+02    3.15126e-06    
2.79511e+02    3.00347e-06    
2.84276e+02    2.86280e-06    
2.89123e+02    2.72891e-06    
2.94052e+02    2.60144e-06    
2.99066e+02    2.48007e-06    
3.04165e+02    2.36451e-06    
3.09351e+02    2.25447e-06    
3.14625e+02    2.14966e-06    
3.19989e+02    2.04983e-06    
3.25445e+02    1.95474e-06    
3.30994e+02    1.86415e-06    
3.36637e+02    1.77783e-06    
3.42377e+02    1.69559e-06    
3.48214e+02    1.61722e-06    
3.54151e+02    1.54253e-06    
3.60189e+02    1.47134e-06    
3.66330e+02    1.40349e-06    
3.72576e+02    1.33881e-06    
3.78928e+02    1.27714e-06    
3.85389e+02    1.21836e-06    
3.91960e+02    1.16231e-06    
3.98643e+02    1.10886e-06    
4.05439e+02    1.05790e-06    
4.12352e+02    1.00930e-06    
4.19382e+02    9.62952e-07    
4.26533e+02    9.18750e-07    
4.33805e+02    8.76593e-07    
4.41201e+02    8.36382e-07    
4.48723e+02    7.98028e-07    
4.56374e+02    7.61443e-07    
4.64155e+02    7.26545e-07    
4.72069e+02    6.93254e-07    
4.80117e+02    6.61495e-07    
4.88303e+02    6.31197e-07    
4.96629e+02    6.02293e-07    
5.05096e+02    5.74716e-07    
5.13708e+02    5.48407e-07    
5.22466e+02    5.23305e-07    
5.31374e+02    4.99355e-07    
5.40434e+02    4.76504e-07    
5.49648e+02    4.54702e-07    
5.59019e+02    4.33899e-07    
5.68550e+02    4.14049e-07    
5.78244e+02    3.95109e-07    
5.88103e+02    3.77037e-07    
5.98130e+02    3.59792e-07    
6.08328e+02    3.43337e-07    
6.18699e+02    3.27636e-07    
6.29248e+02    3.12653e-07    
6.39977e+02    2.98356e-07    
6.50888e+02    2.84713e-07    
6.61985e+02    2.71695e-07    
6.73272e+02    2.59272e-07    
6.84751e+02    2.47418e-07    
6.96426e+02    2.36106e-07    
7.08300e+02    2.25311e-07    
7.20376e+02    2.15010e-07    
7.32658e+02    2.05180e-07    
7.45150e+02    1.95800e-07    
7.57854e+02    1.86849e-07    
7.70775e+02    1.78307e-07    
7.83917e+02    1.70155e-07    
7.97282e+02    1.62377e-07    
8.10876e+02    1.54954e-07    
8.24701e+02    1.47870e-07    
8.38762e+02    1.41110e-07    
8.53062e+02    1.34660e-07    
8.67607e+02    1.28504e-07    
8.82399e+02    1.22630e-07    
8.97444e+02    1.17024e-07    
9.12745e+02    1.11675e-07    
9.28307e+02    1.06570e-07    
9.44134e+02    1.01698e-07    
9.60231e+02    9.70496e-08    
9.76603e+02    9.26134e-08    
9.93254e+02    8.83800e-08    
1.01019e+03    8.43401e-08    
1.02741e+03    8.04849e-08    
1.04493e+03    7.68060e-08    
1.06274e+03    7.32953e-08    
1.08086e+03    6.99451e-08    
1.09929e+03    6.67480e-08    
1.11803e+03    6.36971e-08    
1.13710e+03    6.07857e-08    
1.15648e+03    5.80074e-08    
1.17620e+03    5.53562e-08    
1.19626e+03    5.28261e-08    
1.21665e+03    5.04117e-08    
1.23739e+03    4.81077e-08    
1.25849e+03    4.59091e-08    
1.27995e+03    4.38109e-08    
1.30177e+03    4.18087e-08    
1.32397e+03    3.98981e-08    
1.34654e+03    3.80747e-08    
1.36950e+03    3.63348e-08    
1.39285e+03    3.46744e-08    
1.41659e+03    3.30899e-08    
1.44075e+03    3.15778e-08    
1.46531e+03    3.01349e-08    
1.49029e+03    2.87579e-08    
1.51570e+03    2.74439e-08    
1.54154e+03    2.61900e-08    
1.56783e+03    2.49934e-08    
1.59456e+03    2.38515e-08    
1.62175e+03    2.27618e-08    
1.64940e+03    2.17219e-08    
1.67752e+03    2.07296e-08    
1.70612e+03    1.97826e-08    
1.73521e+03    1.88789e-08    
1.76479e+03    1.80166e-08    
1.79488e+03    1.71936e-08    
1.82548e+03    1.64083e-08    
1.85661e+03    1.56588e-08    
1.88826e+03    1.49437e-08    
1.92046e+03    1.42612e-08    
1.95320e+03    1.36099e-08    
1.98650e+03    1.29884e-08    
2.02037e+03    1.23952e-08    
2.05482e+03    1.18292e-08    
2.08985e+03    1.12891e-08    
2.12548e+03    1.07736e-08    
2.16172e+03    1.02817e-08    
2.19858e+03    9.81232e-09    
2.23606e+03    9.36436e-09    
2.27418e+03    8.93687e-09    
2.31296e+03    8.52891e-09    
2.35239e+03    8.13959e-09    
2.39250e+03    7.76806e-09    
2.43329e+03    7.41351e-09    
2.47478e+03    7.07516e-09    
2.51697e+03    6.75227e-09    
2.55989e+03    6.44412e-09    
2.60353e+03    6.15006e-09    
2.64792e+03    5.86943e-09    
2.69307e+03    5.60162e-09    
2.73898e+03    5.34604e-09    
2.78568e+03    5.10214e-09    
2.83318e+03    4.86938e-09    
2.88148e+03    4.64725e-09    
2.93061e+03    4.43526e-09    
2.98058e+03    4.23296e-09    
3.03139e+03    4.03989e-09    
3.08308e+03    3.85564e-09    
3.13564e+03    3.67981e-09    
3.18911e+03    3.51200e-09    
3.24348e+03    3.35185e-09    
3.29878e+03    3.19902e-09    
3.35502e+03    3.05317e-09    
3.41222e+03    2.91397e-09    
3.47040e+03    2.78113e-09    
3.52957e+03    2.65435e-09    
3.58975e+03    2.53336e-09    
3.65095e+03    2.41789e-09    
3.71320e+03    2.30769e-09    
3.77651e+03    2.20252e-09    
3.84090e+03    2.10215e-09    
3.90638e+03    2.00636e-09    
3.97298e+03    1.91494e-09    
4.04072e+03    1.82769e-09    
4.10962e+03    1.74443e-09    
4.17968e+03    1.66496e-09    
4.25095e+03    1.58911e-09    
4.32342e+03    1.51673e-09    
4.39714e+03    1.44765e-09    
4.47211e+03    1.38172e-09    
4.54835e+03    1.31880e-09    
4.62590e+03    1.25874e-09    
4.70477e+03    1.20143e-09    
4.78499e+03    1.14672e-09    
4.86657e+03    1.09452e-09    
4.94954e+03    1.04469e-09    
5.03393e+03    9.97135e-10    
5.11976e+03    9.51748e-10    
5.20705e+03    9.08430e-10    
5.29582e+03    8.67086e-10    
5.38612e+03    8.27627e-10    
5.47795e+03    7.89966e-10    
5.57134e+03    7.54022e-10    
5.66633e+03    7.19715e-10    
5.76294e+03    6.86972e-10    
5.86120e+03    6.55721e-10    
5.96113e+03    6.25893e-10    
6.06277e+03    5.97425e-10    
6.16613e+03    5.70253e-10    
6.27126e+03    5.44319e-10    
6.37819e+03    5.19566e-10    
6.48693e+03    4.95941e-10    
6.59753e+03    4.73392e-10    
6.71002e+03    4.51869e-10    
6.82442e+03    4.31327e-10    
6.94078e+03    4.11720e-10    
7.05911e+03    3.93006e-10    
7.17947e+03    3.75143e-10    
7.30188e+03    3.58094e-10    
7.42637e+03    3.41821e-10    
7.55299e+03    3.26288e-10    
7.68176e+03    3.11463e-10    
7.81274e+03    2.97312e-10    
7.94594e+03    2.83805e-10    
8.08142e+03    2.70913e-10    
8.21920e+03    2.58608e-10    
8.35934e+03    2.46862e-10    
8.50186e+03    2.35650e-10    
8.64681e+03    2.24949e-10    
8.79424e+03    2.14734e-10    
8.94418e+03    2.04984e-10    
9.09667e+03    1.95678e-10    
9.25177e+03    1.86794e-10    
9.40951e+03    1.78315e-10    
9.56994e+03    1.70221e-10    
9.73310e+03    1.62495e-10    
9.89905e+03    1.55120e-10    
1.00678e+04    1.48081e-10    
1.02395e+04    1.41362e-10    
1.04141e+04    1.34948e-10    
1.05916e+04    1.28825e-10    
1.07722e+04    1.22981e-10    
1.09559e+04    1.17402e-10    
1.11426e+04    1.12077e-10    
1.13326e+04    1.06994e-10    
1.15258e+04    1.02141e-10    
1.17224e+04    9.75094e-11    
1.19222e+04    9.30879e-11    
1.21255e+04    8.88672e-11    
1.23322e+04    8.48382e-11    
1.25425e+04    8.09922e-11    
1.27563e+04    7.73208e-11    
1.29738e+04    7.38162e-11    
1.31950e+04    7.04706e-11    
1.34200e+04    6.72770e-11    
1.36488e+04    6.42283e-11    
1.38815e+04    6.13180e-11    
1.41182e+04    5.85398e-11    
1.43589e+04    5.58877e-11    
1.46037e+04    5.33560e-11    
1.48527e+04    5.09391e-11    
1.51059e+04    4.86319e-11    
1.53635e+04    4.64294e-11    
1.56254e+04    4.43268e-11    
1.58918e+04    4.23195e-11    
1.61628e+04    4.04034e-11    
1.64383e+04    3.85741e-11    
1.67186e+04    3.68278e-11    
1.70037e+04    3.51607e-11    
1.72936e+04    3.35692e-11    
1.75884e+04    3.20498e-11    
1.78883e+04    3.05993e-11    
1.81933e+04    2.92146e-11    
1.85035e+04    2.78927e-11    
1.88189e+04    2.66307e-11    
1.91398e+04    2.54258e-11    
1.94661e+04    2.42756e-11    
1.97980e+04    2.31775e-11    
2.01356e+04    2.21292e-11    
2.04789e+04    2.11283e-11    
2.08280e+04    2.01728e-11    
2.11831e+04    1.92606e-11    
2.15443e+04    1.83897e-11    
2.19116e+04    1.75583e-11    
2.22852e+04    1.67645e-11    
2.26652e+04    1.60066e-11    
2.30516e+04    1.52831e-11    
2.34446e+04    1.45924e-11    
2.38443e+04    1.39329e-11    
2.42509e+04    1.33032e-11    
2.46644e+04    1.27021e-11    
2.50849e+04    1.21282e-11    
2.55126e+04    1.15802e-11    
2.59475e+04    1.10571e-11    
2.63899e+04    1.05576e-11    
2.68399e+04    1.00808e-11    
2.72975e+04    9.62546e-12    
2.77629e+04    9.19077e-12    
2.82363e+04    8.77573e-12    
2.87177e+04    8.37948e-12    
2.92073e+04    8.00115e-12    
2.97053e+04    7.63992e-12    
3.02117e+04    7.29504e-12    
3.07268e+04    6.96575e-12    
3.12507e+04    6.65135e-12    
3.17835e+04    6.35116e-12    
3.23254e+04    6.06455e-12    
3.28766e+04    5.79089e-12    
3.34371e+04    5.52960e-12    
3.40072e+04    5.28012e-12    
3.45870e+04    5.04192e-12    
3.51767e+04    4.81448e-12    
3.57764e+04    4.59732e-12    
3.63864e+04    4.38997e-12    
3.70068e+04    4.19199e-12    
3.76378e+04    4.00295e-12    
3.82795e+04    3.82245e-12    
3.89321e+04    3.65011e-12    
3.95959e+04    3.48554e-12    
4.02710e+04    3.32842e-12    
4.09576e+04    3.17838e-12    
4.16559e+04    3.03512e-12    
4.23661e+04    2.89833e-12    
4.30885e+04    2.76771e-12    
4.38231e+04    2.64300e-12    
4.45703e+04    2.52391e-12    
4.53302e+04    2.41019e-12    
4.61030e+04    2.30161e-12    
4.68891e+04    2.19793e-12    
4.76885e+04    2.09892e-12    
4.85016e+04    2.00439e-12    
4.93285e+04    1.91412e-12    
5.01696e+04    1.82792e-12    
5.10249e+04    1.74561e-12    
5.18949e+04    1.66701e-12    
5.27797e+04    1.59196e-12    
5.36796e+04    1.52029e-12    
5.45948e+04    1.45185e-12    
5.55256e+04    1.38650e-12    
5.64723e+04    1.32410e-12    
5.74351e+04    1.26451e-12    
5.84144e+04    1.20760e-12    
5.94103e+04    1.15326e-12    
6.04232e+04    1.10137e-12    
6.14534e+04    1.05182e-12    
6.25012e+04    1.00451e-12    
6.35668e+04    9.59319e-13    
6.46506e+04    9.16169e-13    
6.57529e+04    8.74964e-13    
6.68740e+04    8.35614e-13    
6.80141e+04    7.98038e-13    
6.91738e+04    7.62153e-13    
7.03531e+04    7.27885e-13    
7.15526e+04    6.95161e-13    
7.27726e+04    6.63910e-13    
7.40133e+04    6.34066e-13    
7.52752e+04    6.05566e-13    
7.65586e+04    5.78349e-13    
7.78639e+04    5.52358e-13    
7.91915e+04    5.27536e-13    
8.05417e+04    5.03832e-13    
8.19149e+04    4.81195e-13    
8.33115e+04    4.59576e-13    
8.47319e+04    4.38930e-13    
8.61766e+04    4.19213e-13    
8.76459e+04    4.00384e-13    
8.91402e+04    3.82401e-13    
9.06600e+04    3.65228e-13    
9.22057e+04    3.48827e-13    
9.37778e+04    3.33163e-13    
9.53767e+04    3.18204e-13    
9.70028e+04    3.03918e-13    
9.86567e+04    2.90275e-13    
1.00339e+05    2.77244e-13    
1.02050e+05    2.64800e-13    
1.03789e+05    2.52915e-13    
1.05559e+05    2.41565e-13    
1.07359e+05    2.30724e-13    
1.09189e+05    2.20371e-13    
1.11051e+05    2.10483e-13    
1.12944e+05    2.01040e-13    
1.14870e+05    1.92021e-13    
1.16828e+05    1.83407e-13    
1.18820e+05    1.75180e-13    
1.20846e+05    1.67323e-13    
1.22906e+05    1.59819e-13    
1.25002e+05    1.52652e-13    
1.27133e+05    1.45806e-13    
1.29301e+05    1.39269e-13    
1.31505e+05    1.33024e-13    
1.33747e+05    1.27061e-13    
1.36028e+05    1.21365e-13    
1.38347e+05    1.15924e-13    
1.40706e+05    1.10728e-13    
1.43105e+05    1.05766e-13    
1.45545e+05    1.01026e-13    
1.48026e+05    9.64985e-14    
1.50550e+05    9.21745e-14    
1.53117e+05    8.80445e-14    
1.55727e+05    8.40999e-14    
1.58382e+05    8.03323e-14    
1.61083e+05    7.67337e-14    
1.63829e+05    7.32965e-14    
1.66622e+05    7.00136e-14    
1.69463e+05    6.68779e-14    
1.72353e+05    6.38829e-14    
1.75291e+05    6.10222e-14    
1.78280e+05    5.82898e-14    
1.81319e+05    5.56799e-14    
1.84411e+05    5.31871e-14    
1.87555e+05    5.08060e-14    
1.90753e+05    4.85317e-14    
1.94005e+05    4.63594e-14    
1.97313e+05    4.42844e-14    
2.00677e+05    4.23025e-14    
2.04098e+05    4.04094e-14    
2.07578e+05    3.86011e-14    
2.11117e+05    3.68739e-14    
2.14717e+05    3.52240e-14    
2.18378e+05    3.36481e-14    
2.22101e+05    3.21428e-14    
2.25888e+05    3.07050e-14    
2.29739e+05    2.93315e-14    
2.33656e+05    2.80196e-14    
2.37640e+05    2.67665e-14    
2.41691e+05    2.55694e-14    
2.45812e+05    2.44260e-14    
2.50003e+05    2.33338e-14    
2.54265e+05    2.22905e-14    
2.58601e+05    2.12939e-14    
2.63010e+05    2.03420e-14    
2.67494e+05    1.94326e-14    
2.72055e+05    1.85640e-14    
2.76693e+05    1.77342e-14    
2.81410e+05    1.69416e-14    
2.86208e+05    1.61845e-14    
2.91088e+05    1.54612e-14    
2.96051e+05    1.47703e-14    
3.01099e+05    1.41104e-14    
3.06232e+05    1.34799e-14    
3.11454e+05    1.28777e-14    
3.16764e+05    1.23024e-14    
3.22164e+05    1.17529e-14    
3.27657e+05    1.12279e-14    
3.33244e+05    1.07264e-14    
3.38925e+05    1.02473e-14    
3.44704e+05    9.78970e-15    
3.50581e+05    9.35253e-15    
3.56558e+05    8.93491e-15    
3.62637e+05    8.53596e-15    
3.68820e+05    8.15485e-15    
3.75109e+05    7.79078e-15    
3.81504e+05    7.44299e-15    
3.88009e+05    7.11074e-15    
3.94624e+05    6.79334e-15    
4.01352e+05    6.49013e-15    
4.08195e+05    6.20047e-15    
4.15155e+05    5.92376e-15    
4.22233e+05    5.65941e-15    
4.29432e+05    5.40688e-15    
4.36753e+05    5.16563e-15    
4.44200e+05    4.93515e-15    
4.51773e+05    4.71498e-15    
4.59476e+05    4.50463e-15    
4.67310e+05    4.30369e-15    
4.75277e+05    4.11172e-15    
4.83381e+05    3.92833e-15    
4.91622e+05    3.75312e-15    
5.00004e+05    3.58574e-15    
5.08529e+05    3.42583e-15    
5.17199e+05    3.27307e-15    
5.26017e+05    3.12712e-15    
5.34986e+05    2.98769e-15    
5.44107e+05    2.85449e-15    
5.53384e+05    2.72723e-15    
5.62819e+05    2.60566e-15    
5.72415e+05    2.48950e-15    
5.82174e+05    2.37854e-15    
5.92100e+05    2.27252e-15    
6.02195e+05    2.17124e-15    
6.12462e+05    2.07448e-15    
6.22905e+05    1.98203e-15    
6.33525e+05    1.89371e-15    
6.44326e+05    1.80933e-15    
6.55312e+05    1.72871e-15    
6.66485e+05    1.65169e-15    
6.77848e+05    1.57811e-15    
6.89405e+05    1.50781e-15    
7.01159e+05    1.44064e-15    
7.13114e+05    1.37647e-15    
7.25272e+05    1.31516e-15    
7.37638e+05    1.25659e-15    
7.50214e+05    1.20063e-15    
7.63005e+05    1.14716e-15    
7.76014e+05    1.09608e-15    
7.89245e+05    1.04727e-15    
8.02701e+05    1.00064e-15    
8.16387e+05    9.56088e-16    
8.30306e+05    9.13522e-16    
8.44463e+05    8.72854e-16    
8.58860e+05    8.33998e-16    
8.73504e+05    7.96874e-16    
8.88397e+05    7.61404e-16    
9.03543e+05    7.27515e-16    
9.18949e+05    6.95136e-16    
9.34616e+05    6.64200e-16    
9.50551e+05    6.34642e-16    
9.66758e+05    6.06401e-16    
9.83241e+05    5.79418e-16    
1.00000e+06    5.53638e-16    
1.01705e+06    5.29005e-16    
1.03439e+06    5.05470e-16    
1.05203e+06    4.82983e-16    
1.06997e+06    4.61497e-16    
1.08821e+06    4.40969e-16    
1.10676e+06    4.21354e-16    
1.12563e+06    4.02613e-16    
1.14483e+06    3.84707e-16    
1.16434e+06    3.67597e-16    
1.18420e+06    3.51250e-16    
1.20439e+06    3.35630e-16    
1.22492e+06    3.20706e-16    
1.24580e+06    3.06446e-16    
1.26705e+06    2.92821e-16    
1.28865e+06    2.79802e-16    
1.31062e+06    2.67362e-16    
1.33296e+06    2.55477e-16    
1.35569e+06    2.44120e-16    
1.37881e+06    2.33268e-16    
1.40231e+06    2.22900e-16    
1.42622e+06    2.12993e-16    
1.45054e+06    2.03526e-16    
1.47527e+06    1.94481e-16    
1.50042e+06    1.85838e-16    
1.52600e+06    1.77580e-16    
1.55202e+06    1.69689e-16    
1.57848e+06    1.62149e-16    
1.60540e+06    1.54944e-16    
1.63277e+06    1.48060e-16    
1.66061e+06    1.41482e-16    
1.68892e+06    1.35197e-16    
1.71771e+06    1.29191e-16    
1.74700e+06    1.23452e-16    
1.77679e+06    1.17969e-16    
1.80708e+06    1.12729e-16    
1.83789e+06    1.07722e-16    
1.86923e+06    1.02938e-16    
1.90110e+06    9.83661e-17    
1.93351e+06    9.39977e-17    
1.96647e+06    8.98236e-17    
2.00000e+06    8.58349e-17    

