# USINE V4.0
# File generated 13-05-2022 08:27:10
# Model1DKisoVc
# K
# SolMod0DFF_phi0_670GV
# R [GV]       TOA [GV m^{2} s sr]^{-1}
9.31214e-02    7.61480e-06    
9.47110e-02    8.00867e-06    
9.63276e-02    8.42286e-06    
9.79719e-02    8.85842e-06    
9.96442e-02    9.31643e-06    
1.01345e-01    9.79806e-06    
1.03075e-01    1.03045e-05    
1.04834e-01    1.08371e-05    
1.06624e-01    1.13970e-05    
1.08444e-01    1.19859e-05    
1.10295e-01    1.26050e-05    
1.12178e-01    1.32561e-05    
1.14092e-01    1.39406e-05    
1.16040e-01    1.46604e-05    
1.18021e-01    1.54172e-05    
1.20035e-01    1.62130e-05    
1.22084e-01    1.70497e-05    
1.24168e-01    1.79294e-05    
1.26288e-01    1.88543e-05    
1.28443e-01    1.98267e-05    
1.30636e-01    2.08491e-05    
1.32866e-01    2.19240e-05    
1.35134e-01    2.30541e-05    
1.37440e-01    2.42422e-05    
1.39786e-01    2.54913e-05    
1.42172e-01    2.68044e-05    
1.44599e-01    2.81849e-05    
1.47067e-01    2.96361e-05    
1.49578e-01    3.11618e-05    
1.52131e-01    3.27656e-05    
1.54728e-01    3.44515e-05    
1.57369e-01    3.62237e-05    
1.60055e-01    3.80867e-05    
1.62787e-01    4.00449e-05    
1.65566e-01    4.21033e-05    
1.68392e-01    4.42670e-05    
1.71266e-01    4.65411e-05    
1.74190e-01    4.89315e-05    
1.77163e-01    5.14439e-05    
1.80187e-01    5.40845e-05    
1.83263e-01    5.68599e-05    
1.86391e-01    5.97768e-05    
1.89573e-01    6.28423e-05    
1.92808e-01    6.60640e-05    
1.96100e-01    6.94498e-05    
1.99447e-01    7.30080e-05    
2.02851e-01    7.67468e-05    
2.06314e-01    8.06748e-05    
2.09836e-01    8.48014e-05    
2.13417e-01    8.91364e-05    
2.17060e-01    9.36900e-05    
2.20765e-01    9.84730e-05    
2.24534e-01    1.03497e-04    
2.28366e-01    1.08773e-04    
2.32264e-01    1.14314e-04    
2.36229e-01    1.20133e-04    
2.40261e-01    1.26243e-04    
2.44363e-01    1.32659e-04    
2.48534e-01    1.39395e-04    
2.52776e-01    1.46467e-04    
2.57091e-01    1.53891e-04    
2.61479e-01    1.61685e-04    
2.65942e-01    1.69864e-04    
2.70482e-01    1.78449e-04    
2.75099e-01    1.87459e-04    
2.79795e-01    1.96913e-04    
2.84571e-01    2.06833e-04    
2.89428e-01    2.17240e-04    
2.94368e-01    2.28159e-04    
2.99393e-01    2.39612e-04    
3.04504e-01    2.51624e-04    
3.09701e-01    2.64222e-04    
3.14988e-01    2.77433e-04    
3.20364e-01    2.91285e-04    
3.25833e-01    3.05808e-04    
3.31395e-01    3.21031e-04    
3.37051e-01    3.36987e-04    
3.42805e-01    3.53709e-04    
3.48656e-01    3.71232e-04    
3.54608e-01    3.89591e-04    
3.60661e-01    4.08823e-04    
3.66817e-01    4.28968e-04    
3.73078e-01    4.50064e-04    
3.79446e-01    4.72154e-04    
3.85923e-01    4.95281e-04    
3.92511e-01    5.19490e-04    
3.99211e-01    5.44825e-04    
4.06025e-01    5.71336e-04    
4.12956e-01    5.99072e-04    
4.20005e-01    6.28084e-04    
4.27174e-01    6.58424e-04    
4.34466e-01    6.90146e-04    
4.41882e-01    7.23308e-04    
4.49424e-01    7.57965e-04    
4.57096e-01    7.94179e-04    
4.64898e-01    8.32009e-04    
4.72834e-01    8.71519e-04    
4.80905e-01    9.12773e-04    
4.89114e-01    9.55836e-04    
4.97462e-01    1.00078e-03    
5.05954e-01    1.04766e-03    
5.14590e-01    1.09657e-03    
5.23374e-01    1.14756e-03    
5.32308e-01    1.20071e-03    
5.41394e-01    1.25609e-03    
5.50635e-01    1.31379e-03    
5.60034e-01    1.37387e-03    
5.69594e-01    1.43642e-03    
5.79316e-01    1.50151e-03    
5.89205e-01    1.56921e-03    
5.99262e-01    1.63961e-03    
6.09491e-01    1.71279e-03    
6.19895e-01    1.78882e-03    
6.30476e-01    1.86778e-03    
6.41238e-01    1.94975e-03    
6.52184e-01    2.03480e-03    
6.63316e-01    2.12300e-03    
6.74639e-01    2.21444e-03    
6.86155e-01    2.30918e-03    
6.97867e-01    2.40728e-03    
7.09779e-01    2.50881e-03    
7.21895e-01    2.61383e-03    
7.34217e-01    2.72240e-03    
7.46750e-01    2.83457e-03    
7.59496e-01    2.95039e-03    
7.72460e-01    3.06989e-03    
7.85646e-01    3.19312e-03    
7.99056e-01    3.32009e-03    
8.12696e-01    3.45083e-03    
8.26568e-01    3.58535e-03    
8.40677e-01    3.72364e-03    
8.55027e-01    3.86571e-03    
8.69622e-01    4.01152e-03    
8.84466e-01    4.16106e-03    
8.99563e-01    4.31427e-03    
9.14918e-01    4.47110e-03    
9.30536e-01    4.63148e-03    
9.46419e-01    4.79533e-03    
9.62574e-01    4.96254e-03    
9.79005e-01    5.13300e-03    
9.95716e-01    5.30658e-03    
1.01271e+00    5.48313e-03    
1.03000e+00    5.66248e-03    
1.04758e+00    5.84446e-03    
1.06546e+00    6.02885e-03    
1.08365e+00    6.21544e-03    
1.10215e+00    6.40400e-03    
1.12096e+00    6.59426e-03    
1.14009e+00    6.78595e-03    
1.15955e+00    6.97877e-03    
1.17935e+00    7.17242e-03    
1.19948e+00    7.36655e-03    
1.21995e+00    7.56082e-03    
1.24078e+00    7.75486e-03    
1.26196e+00    7.94828e-03    
1.28350e+00    8.14068e-03    
1.30540e+00    8.33164e-03    
1.32769e+00    8.52072e-03    
1.35035e+00    8.70747e-03    
1.37340e+00    8.89143e-03    
1.39684e+00    9.07213e-03    
1.42069e+00    9.24907e-03    
1.44494e+00    9.42177e-03    
1.46960e+00    9.58973e-03    
1.49469e+00    9.75246e-03    
1.52020e+00    9.90947e-03    
1.54615e+00    1.00603e-02    
1.57254e+00    1.02044e-02    
1.59938e+00    1.03414e-02    
1.62668e+00    1.04709e-02    
1.65445e+00    1.05923e-02    
1.68269e+00    1.07055e-02    
1.71141e+00    1.08100e-02    
1.74063e+00    1.09055e-02    
1.77034e+00    1.09918e-02    
1.80056e+00    1.10686e-02    
1.83129e+00    1.11358e-02    
1.86255e+00    1.11933e-02    
1.89434e+00    1.12408e-02    
1.92668e+00    1.12785e-02    
1.95957e+00    1.13061e-02    
1.99301e+00    1.13238e-02    
2.02703e+00    1.13315e-02    
2.06163e+00    1.13293e-02    
2.09683e+00    1.13173e-02    
2.13262e+00    1.12955e-02    
2.16902e+00    1.12641e-02    
2.20604e+00    1.12233e-02    
2.24370e+00    1.11732e-02    
2.28200e+00    1.11141e-02    
2.32095e+00    1.10463e-02    
2.36057e+00    1.09699e-02    
2.40086e+00    1.08854e-02    
2.44184e+00    1.07930e-02    
2.48352e+00    1.06932e-02    
2.52592e+00    1.05863e-02    
2.56903e+00    1.04728e-02    
2.61289e+00    1.03530e-02    
2.65749e+00    1.02273e-02    
2.70285e+00    1.00962e-02    
2.74898e+00    9.96006e-03    
2.79591e+00    9.81917e-03    
2.84363e+00    9.67392e-03    
2.89217e+00    9.52463e-03    
2.94154e+00    9.37160e-03    
2.99175e+00    9.21512e-03    
3.04282e+00    9.05545e-03    
3.09476e+00    8.89286e-03    
3.14758e+00    8.72758e-03    
3.20131e+00    8.55985e-03    
3.25595e+00    8.38988e-03    
3.31153e+00    8.21791e-03    
3.36806e+00    8.04417e-03    
3.42555e+00    7.86891e-03    
3.48402e+00    7.69244e-03    
3.54349e+00    7.51506e-03    
3.60398e+00    7.33716e-03    
3.66549e+00    7.15913e-03    
3.72806e+00    6.98143e-03    
3.79170e+00    6.80453e-03    
3.85642e+00    6.62892e-03    
3.92225e+00    6.45506e-03    
3.98920e+00    6.28338e-03    
4.05729e+00    6.11421e-03    
4.12655e+00    5.94783e-03    
4.19699e+00    5.78444e-03    
4.26863e+00    5.62413e-03    
4.34149e+00    5.46697e-03    
4.41560e+00    5.31298e-03    
4.49097e+00    5.16215e-03    
4.56763e+00    5.01443e-03    
4.64559e+00    4.86976e-03    
4.72489e+00    4.72808e-03    
4.80554e+00    4.58930e-03    
4.88757e+00    4.45333e-03    
4.97100e+00    4.32010e-03    
5.05585e+00    4.18953e-03    
5.14215e+00    4.06156e-03    
5.22992e+00    3.93613e-03    
5.31920e+00    3.81320e-03    
5.40999e+00    3.69276e-03    
5.50234e+00    3.57479e-03    
5.59626e+00    3.45929e-03    
5.69178e+00    3.34627e-03    
5.78894e+00    3.23574e-03    
5.88775e+00    3.12769e-03    
5.98826e+00    3.02213e-03    
6.09047e+00    2.91906e-03    
6.19443e+00    2.81846e-03    
6.30017e+00    2.72032e-03    
6.40771e+00    2.62464e-03    
6.51708e+00    2.53140e-03    
6.62833e+00    2.44059e-03    
6.74147e+00    2.35218e-03    
6.85654e+00    2.26617e-03    
6.97358e+00    2.18253e-03    
7.09262e+00    2.10125e-03    
7.21368e+00    2.02230e-03    
7.33682e+00    1.94568e-03    
7.46205e+00    1.87137e-03    
7.58943e+00    1.79935e-03    
7.71897e+00    1.72959e-03    
7.85073e+00    1.66208e-03    
7.98474e+00    1.59680e-03    
8.12103e+00    1.53371e-03    
8.25966e+00    1.47280e-03    
8.40064e+00    1.41404e-03    
8.54404e+00    1.35740e-03    
8.68988e+00    1.30288e-03    
8.83821e+00    1.25045e-03    
8.98908e+00    1.20009e-03    
9.14251e+00    1.15177e-03    
9.29857e+00    1.10545e-03    
9.45729e+00    1.06109e-03    
9.61872e+00    1.01864e-03    
9.78291e+00    9.78022e-04    
9.94990e+00    9.39163e-04    
1.01197e+01    9.01969e-04    
1.02925e+01    8.66341e-04    
1.04682e+01    8.32180e-04    
1.06468e+01    7.99389e-04    
1.08286e+01    7.67878e-04    
1.10134e+01    7.37567e-04    
1.12014e+01    7.08384e-04    
1.13926e+01    6.80266e-04    
1.15871e+01    6.53163e-04    
1.17849e+01    6.27034e-04    
1.19860e+01    6.01845e-04    
1.21906e+01    5.77569e-04    
1.23987e+01    5.54183e-04    
1.26104e+01    5.31664e-04    
1.28256e+01    5.09988e-04    
1.30445e+01    4.89132e-04    
1.32672e+01    4.69071e-04    
1.34937e+01    4.49781e-04    
1.37240e+01    4.31238e-04    
1.39582e+01    4.13414e-04    
1.41965e+01    3.96285e-04    
1.44388e+01    3.79825e-04    
1.46853e+01    3.64008e-04    
1.49360e+01    3.48811e-04    
1.51909e+01    3.34210e-04    
1.54502e+01    3.20184e-04    
1.57139e+01    3.06711e-04    
1.59822e+01    2.93771e-04    
1.62550e+01    2.81345e-04    
1.65324e+01    2.69414e-04    
1.68146e+01    2.57960e-04    
1.71017e+01    2.46966e-04    
1.73936e+01    2.36414e-04    
1.76905e+01    2.26289e-04    
1.79924e+01    2.16575e-04    
1.82996e+01    2.07256e-04    
1.86119e+01    1.98318e-04    
1.89296e+01    1.89746e-04    
1.92527e+01    1.81527e-04    
1.95814e+01    1.73646e-04    
1.99156e+01    1.66092e-04    
2.02556e+01    1.58852e-04    
2.06013e+01    1.51913e-04    
2.09530e+01    1.45265e-04    
2.13106e+01    1.38898e-04    
2.16744e+01    1.32803e-04    
2.20444e+01    1.26972e-04    
2.24206e+01    1.21391e-04    
2.28034e+01    1.16049e-04    
2.31926e+01    1.10936e-04    
2.35885e+01    1.06039e-04    
2.39911e+01    1.01349e-04    
2.44006e+01    9.68581e-05    
2.48171e+01    9.25579e-05    
2.52408e+01    8.84411e-05    
2.56716e+01    8.45001e-05    
2.61098e+01    8.07279e-05    
2.65555e+01    7.71176e-05    
2.70088e+01    7.36626e-05    
2.74698e+01    7.03567e-05    
2.79387e+01    6.71935e-05    
2.84156e+01    6.41674e-05    
2.89006e+01    6.12727e-05    
2.93939e+01    5.85038e-05    
2.98957e+01    5.58557e-05    
3.04060e+01    5.33233e-05    
3.09250e+01    5.09017e-05    
3.14529e+01    4.85864e-05    
3.19898e+01    4.63728e-05    
3.25358e+01    4.42567e-05    
3.30912e+01    4.22340e-05    
3.36560e+01    4.03007e-05    
3.42305e+01    3.84531e-05    
3.48148e+01    3.66875e-05    
3.54091e+01    3.50005e-05    
3.60135e+01    3.33886e-05    
3.66282e+01    3.18486e-05    
3.72534e+01    3.03775e-05    
3.78893e+01    2.89724e-05    
3.85361e+01    2.76302e-05    
3.91939e+01    2.63485e-05    
3.98629e+01    2.51244e-05    
4.05433e+01    2.39556e-05    
4.12354e+01    2.28397e-05    
4.19393e+01    2.17742e-05    
4.26551e+01    2.07571e-05    
4.33832e+01    1.97861e-05    
4.41238e+01    1.88594e-05    
4.48769e+01    1.79748e-05    
4.56430e+01    1.71307e-05    
4.64221e+01    1.63251e-05    
4.72145e+01    1.55565e-05    
4.80204e+01    1.48231e-05    
4.88401e+01    1.41233e-05    
4.96737e+01    1.34558e-05    
5.05216e+01    1.28190e-05    
5.13840e+01    1.22117e-05    
5.22611e+01    1.16323e-05    
5.31532e+01    1.10798e-05    
5.40605e+01    1.05530e-05    
5.49833e+01    1.00505e-05    
5.59218e+01    9.57145e-06    
5.68764e+01    9.11467e-06    
5.78472e+01    8.67919e-06    
5.88346e+01    8.26404e-06    
5.98389e+01    7.86830e-06    
6.08603e+01    7.49108e-06    
6.18992e+01    7.13154e-06    
6.29558e+01    6.78889e-06    
6.40304e+01    6.46233e-06    
6.51233e+01    6.15115e-06    
6.62350e+01    5.85464e-06    
6.73656e+01    5.57211e-06    
6.85154e+01    5.30294e-06    
6.96850e+01    5.04650e-06    
7.08745e+01    4.80221e-06    
7.20842e+01    4.56951e-06    
7.33147e+01    4.34785e-06    
7.45661e+01    4.13674e-06    
7.58389e+01    3.93568e-06    
7.71335e+01    3.74421e-06    
7.84501e+01    3.56187e-06    
7.97892e+01    3.38825e-06    
8.11511e+01    3.22293e-06    
8.25363e+01    3.06553e-06    
8.39452e+01    2.91568e-06    
8.53781e+01    2.77303e-06    
8.68355e+01    2.63723e-06    
8.83177e+01    2.50797e-06    
8.98252e+01    2.38494e-06    
9.13585e+01    2.26784e-06    
9.29179e+01    2.15639e-06    
9.45040e+01    2.05034e-06    
9.61171e+01    1.94942e-06    
9.77578e+01    1.85339e-06    
9.94265e+01    1.76201e-06    
1.01124e+02    1.67508e-06    
1.02850e+02    1.59237e-06    
1.04605e+02    1.51369e-06    
1.06391e+02    1.43885e-06    
1.08207e+02    1.36765e-06    
1.10054e+02    1.29993e-06    
1.11933e+02    1.23552e-06    
1.13843e+02    1.17427e-06    
1.15786e+02    1.11602e-06    
1.17763e+02    1.06062e-06    
1.19773e+02    1.00794e-06    
1.21817e+02    9.57858e-07    
1.23897e+02    9.10237e-07    
1.26012e+02    8.64963e-07    
1.28163e+02    8.21921e-07    
1.30350e+02    7.81005e-07    
1.32575e+02    7.42111e-07    
1.34838e+02    7.05142e-07    
1.37140e+02    6.70004e-07    
1.39481e+02    6.36609e-07    
1.41862e+02    6.04871e-07    
1.44283e+02    5.74711e-07    
1.46746e+02    5.46051e-07    
1.49251e+02    5.18819e-07    
1.51798e+02    4.92944e-07    
1.54390e+02    4.68360e-07    
1.57025e+02    4.45004e-07    
1.59705e+02    4.22817e-07    
1.62431e+02    4.01740e-07    
1.65204e+02    3.81718e-07    
1.68024e+02    3.62701e-07    
1.70892e+02    3.44638e-07    
1.73809e+02    3.27483e-07    
1.76776e+02    3.11190e-07    
1.79793e+02    2.95717e-07    
1.82862e+02    2.81022e-07    
1.85984e+02    2.67068e-07    
1.89158e+02    2.53817e-07    
1.92387e+02    2.41234e-07    
1.95671e+02    2.29286e-07    
1.99011e+02    2.17941e-07    
2.02408e+02    2.07168e-07    
2.05863e+02    1.96939e-07    
2.09377e+02    1.87226e-07    
2.12951e+02    1.78004e-07    
2.16586e+02    1.69246e-07    
2.20283e+02    1.60930e-07    
2.24043e+02    1.53033e-07    
2.27867e+02    1.45534e-07    
2.31757e+02    1.38412e-07    
2.35713e+02    1.31648e-07    
2.39736e+02    1.25224e-07    
2.43828e+02    1.19122e-07    
2.47990e+02    1.13326e-07    
2.52224e+02    1.07819e-07    
2.56529e+02    1.02588e-07    
2.60908e+02    9.76174e-08    
2.65361e+02    9.28943e-08    
2.69891e+02    8.84058e-08    
2.74498e+02    8.41398e-08    
2.79183e+02    8.00850e-08    
2.83949e+02    7.62305e-08    
2.88796e+02    7.25661e-08    
2.93725e+02    6.90819e-08    
2.98739e+02    6.57687e-08    
3.03838e+02    6.26179e-08    
3.09025e+02    5.96212e-08    
3.14299e+02    5.67708e-08    
3.19664e+02    5.40591e-08    
3.25121e+02    5.14793e-08    
3.30670e+02    4.90247e-08    
3.36315e+02    4.66889e-08    
3.42056e+02    4.44661e-08    
3.47894e+02    4.23505e-08    
3.53833e+02    4.03369e-08    
3.59872e+02    3.84202e-08    
3.66015e+02    3.65956e-08    
3.72263e+02    3.48584e-08    
3.78617e+02    3.32046e-08    
3.85080e+02    3.16298e-08    
3.91653e+02    3.01303e-08    
3.98338e+02    2.87024e-08    
4.05138e+02    2.73425e-08    
4.12053e+02    2.60475e-08    
4.19087e+02    2.48141e-08    
4.26240e+02    2.36393e-08    
4.33516e+02    2.25204e-08    
4.40916e+02    2.14546e-08    
4.48442e+02    2.04393e-08    
4.56097e+02    1.94722e-08    
4.63882e+02    1.85510e-08    
4.71800e+02    1.76734e-08    
4.79854e+02    1.68373e-08    
4.88045e+02    1.60408e-08    
4.96375e+02    1.52820e-08    
5.04848e+02    1.45591e-08    
5.13466e+02    1.38704e-08    
5.22230e+02    1.32142e-08    
5.31144e+02    1.25891e-08    
5.40211e+02    1.19935e-08    
5.49432e+02    1.14260e-08    
5.58810e+02    1.08853e-08    
5.68349e+02    1.03702e-08    
5.78050e+02    9.87942e-09    
5.87917e+02    9.41180e-09    
5.97953e+02    8.96627e-09    
6.08159e+02    8.54177e-09    
6.18540e+02    8.13733e-09    
6.29099e+02    7.75198e-09    
6.39837e+02    7.38483e-09    
6.50759e+02    7.03503e-09    
6.61867e+02    6.70174e-09    
6.73164e+02    6.38420e-09    
6.84655e+02    6.08166e-09    
6.96342e+02    5.79341e-09    
7.08228e+02    5.51878e-09    
7.20317e+02    5.25712e-09    
7.32612e+02    5.00784e-09    
7.45118e+02    4.77033e-09    
7.57836e+02    4.54405e-09    
7.70772e+02    4.32847e-09    
7.83929e+02    4.12308e-09    
7.97310e+02    3.92741e-09    
8.10920e+02    3.74099e-09    
8.24762e+02    3.56338e-09    
8.38840e+02    3.39418e-09    
8.53159e+02    3.23299e-09    
8.67721e+02    3.07943e-09    
8.82533e+02    2.93313e-09    
8.97597e+02    2.79376e-09    
9.12919e+02    2.66099e-09    
9.28502e+02    2.53451e-09    
9.44351e+02    2.41402e-09    
9.60470e+02    2.29923e-09    
9.76865e+02    2.18989e-09    
9.93540e+02    2.08573e-09    
1.01050e+03    1.98650e-09    
1.02775e+03    1.89198e-09    
1.04529e+03    1.80194e-09    
1.06313e+03    1.71617e-09    
1.08128e+03    1.63447e-09    
1.09974e+03    1.55665e-09    
1.11851e+03    1.48252e-09    
1.13760e+03    1.41191e-09    
1.15702e+03    1.34465e-09    
1.17677e+03    1.28058e-09    
1.19686e+03    1.21955e-09    
1.21729e+03    1.16143e-09    
1.23806e+03    1.10606e-09    
1.25920e+03    1.05333e-09    
1.28069e+03    1.00310e-09    
1.30255e+03    9.55257e-10    
1.32479e+03    9.09689e-10    
1.34740e+03    8.66289e-10    
1.37040e+03    8.24952e-10    
1.39379e+03    7.85582e-10    
1.41758e+03    7.48084e-10    
1.44178e+03    7.12370e-10    
1.46639e+03    6.78356e-10    
1.49142e+03    6.45961e-10    
1.51688e+03    6.15108e-10    
1.54277e+03    5.85725e-10    
1.56910e+03    5.57740e-10    
1.59589e+03    5.31089e-10    
1.62313e+03    5.05707e-10    
1.65083e+03    4.81534e-10    
1.67901e+03    4.58513e-10    
1.70767e+03    4.36590e-10    
1.73682e+03    4.15711e-10    
1.76647e+03    3.95828e-10    
1.79662e+03    3.76894e-10    
1.82729e+03    3.58862e-10    
1.85848e+03    3.41690e-10    
1.89020e+03    3.25338e-10    
1.92247e+03    3.09766e-10    
1.95528e+03    2.94937e-10    
1.98866e+03    2.80816e-10    
2.02260e+03    2.67369e-10    
2.05713e+03    2.54565e-10    
2.09224e+03    2.42371e-10    
2.12796e+03    2.30760e-10    
2.16428e+03    2.19704e-10    
2.20122e+03    2.09176e-10    
2.23880e+03    1.99151e-10    
2.27701e+03    1.89606e-10    
2.31588e+03    1.80516e-10    
2.35541e+03    1.71861e-10    
2.39562e+03    1.63620e-10    
2.43651e+03    1.55773e-10    
2.47810e+03    1.48301e-10    
2.52040e+03    1.41187e-10    
2.56342e+03    1.34413e-10    
2.60717e+03    1.27964e-10    
2.65168e+03    1.21823e-10    
2.69694e+03    1.15976e-10    
2.74298e+03    1.10408e-10    
2.78980e+03    1.05108e-10    
2.83742e+03    1.00061e-10    
2.88585e+03    9.52558e-11    
2.93511e+03    9.06809e-11    
2.98521e+03    8.63251e-11    
3.03617e+03    8.21780e-11    
3.08799e+03    7.82297e-11    
3.14070e+03    7.44706e-11    
3.19431e+03    7.08917e-11    
3.24884e+03    6.74843e-11    
3.30429e+03    6.42404e-11    
3.36070e+03    6.11520e-11    
3.41806e+03    5.82117e-11    
3.47641e+03    5.54124e-11    
3.53575e+03    5.27474e-11    
3.59610e+03    5.02103e-11    
3.65748e+03    4.77950e-11    
3.71991e+03    4.54955e-11    
3.78341e+03    4.33064e-11    
3.84799e+03    4.12224e-11    
3.91368e+03    3.92385e-11    
3.98048e+03    3.73498e-11    
4.04842e+03    3.55519e-11    
4.11753e+03    3.38402e-11    
4.18781e+03    3.22108e-11    
4.25930e+03    3.06597e-11    
4.33200e+03    2.91831e-11    
4.40595e+03    2.77775e-11    
4.48115e+03    2.64394e-11    
4.55764e+03    2.51656e-11    
4.63544e+03    2.39531e-11    
4.71456e+03    2.27989e-11    
4.79504e+03    2.17001e-11    
4.87689e+03    2.06542e-11    
4.96013e+03    1.96586e-11    
5.04480e+03    1.87109e-11    
5.13091e+03    1.78088e-11    
5.21849e+03    1.69501e-11    
5.30757e+03    1.61327e-11    
5.39817e+03    1.53546e-11    
5.49031e+03    1.46140e-11    
5.58403e+03    1.39090e-11    
5.67935e+03    1.32380e-11    
5.77629e+03    1.25993e-11    
5.87489e+03    1.19913e-11    
5.97517e+03    1.14126e-11    
6.07716e+03    1.08618e-11    
6.18090e+03    1.03375e-11    
6.28640e+03    9.83850e-12    
6.39371e+03    9.36352e-12    
6.50284e+03    8.91142e-12    
6.61384e+03    8.48110e-12    
6.72674e+03    8.07153e-12    
6.84156e+03    7.68169e-12    
6.95834e+03    7.31065e-12    
7.07712e+03    6.95750e-12    
7.19792e+03    6.62137e-12    
7.32078e+03    6.30145e-12    
7.44574e+03    5.99696e-12    
7.57284e+03    5.70716e-12    
7.70210e+03    5.43133e-12    
7.83357e+03    5.16881e-12    
7.96729e+03    4.91896e-12    
8.10329e+03    4.68116e-12    
8.24160e+03    4.45483e-12    
8.38228e+03    4.23943e-12    
8.52537e+03    4.03443e-12    
8.67089e+03    3.83932e-12    
8.81890e+03    3.65363e-12    
8.96943e+03    3.47690e-12    
9.12253e+03    3.30871e-12    
9.27825e+03    3.14864e-12    
9.43662e+03    2.99630e-12    
9.59770e+03    2.85132e-12    
9.76153e+03    2.71334e-12    
9.92815e+03    2.58203e-12    
1.00976e+04    2.45706e-12    
1.02700e+04    2.33813e-12    
1.04453e+04    2.22494e-12    
1.06236e+04    2.11723e-12    
1.08049e+04    2.01472e-12    
1.09894e+04    1.91717e-12    
1.11769e+04    1.82433e-12    
1.13677e+04    1.73598e-12    
1.15618e+04    1.65190e-12    
1.17591e+04    1.57189e-12    
1.19598e+04    1.49575e-12    
1.21640e+04    1.42329e-12    
1.23716e+04    1.35433e-12    
1.25828e+04    1.28871e-12    
1.27976e+04    1.22627e-12    
1.30160e+04    1.16684e-12    
1.32382e+04    1.11029e-12    
1.34642e+04    1.05648e-12    
1.36940e+04    1.00527e-12    
1.39277e+04    9.56539e-13    
1.41655e+04    9.10167e-13    
1.44073e+04    8.66040e-13    
1.46532e+04    8.24048e-13    
1.49033e+04    7.84090e-13    
1.51577e+04    7.46067e-13    
1.54165e+04    7.09884e-13    
1.56796e+04    6.75454e-13    
1.59472e+04    6.42691e-13    
1.62195e+04    6.11515e-13    
1.64963e+04    5.81849e-13    
1.67779e+04    5.53620e-13    
1.70643e+04    5.26759e-13    
1.73556e+04    5.01199e-13    
1.76518e+04    4.76878e-13    
1.79531e+04    4.53735e-13    
1.82596e+04    4.31714e-13    
1.85713e+04    4.10760e-13    
1.88883e+04    3.90822e-13    
1.92107e+04    3.71850e-13    
1.95386e+04    3.53797e-13    
1.98721e+04    3.36620e-13    
2.02113e+04    3.20276e-13    
2.05563e+04    3.04724e-13    
2.09072e+04    2.89927e-13    
2.12641e+04    2.75847e-13    
2.16270e+04    2.62450e-13    
2.19962e+04    2.49702e-13    
2.23716e+04    2.37573e-13    
2.27535e+04    2.26033e-13    
2.31419e+04    2.15052e-13    
2.35369e+04    2.04604e-13    
2.39387e+04    1.94663e-13    
2.43473e+04    1.85204e-13    
2.47629e+04    1.76205e-13    
2.51856e+04    1.67642e-13    
2.56155e+04    1.59494e-13    
2.60527e+04    1.51743e-13    
2.64974e+04    1.44367e-13    
2.69497e+04    1.37350e-13    
2.74098e+04    1.30673e-13    
2.78776e+04    1.24320e-13    
2.83535e+04    1.18276e-13    
2.88375e+04    1.12525e-13    
2.93297e+04    1.07054e-13    
2.98303e+04    1.01848e-13    
3.03395e+04    9.68952e-14    
3.08574e+04    9.21829e-14    
3.13841e+04    8.76995e-14    
3.19198e+04    8.34339e-14    
3.24647e+04    7.93756e-14    
3.30189e+04    7.55144e-14    
3.35825e+04    7.18408e-14    
3.41557e+04    6.83457e-14    
3.47387e+04    6.50205e-14    
3.53317e+04    6.18568e-14    
3.59348e+04    5.88469e-14    
3.65482e+04    5.59833e-14    
3.71720e+04    5.32589e-14    
3.78065e+04    5.06670e-14    
3.84519e+04    4.82010e-14    
3.91082e+04    4.58549e-14    
3.97758e+04    4.36229e-14    
4.04547e+04    4.14994e-14    
4.11453e+04    3.94792e-14    
4.18476e+04    3.75572e-14    
4.25619e+04    3.57287e-14    
4.32884e+04    3.39891e-14    
4.40273e+04    3.23341e-14    
4.47789e+04    3.07596e-14    
4.55432e+04    2.92617e-14    
4.63206e+04    2.78367e-14    
4.71113e+04    2.64809e-14    
4.79154e+04    2.51912e-14    
4.87333e+04    2.39642e-14    
4.95652e+04    2.27969e-14    
5.04112e+04    2.16864e-14    
5.12717e+04    2.06300e-14    
5.21469e+04    1.96249e-14    
5.30370e+04    1.86688e-14    
5.39423e+04    1.77592e-14    
5.48631e+04    1.68939e-14    
5.57996e+04    1.60707e-14    
5.67521e+04    1.52876e-14    
5.77208e+04    1.45426e-14    
5.87060e+04    1.38338e-14    
5.97081e+04    1.31596e-14    
6.07273e+04    1.25182e-14    
6.17639e+04    1.19080e-14    
6.28182e+04    1.13276e-14    
6.38904e+04    1.07754e-14    
6.49810e+04    1.02501e-14    
6.60902e+04    9.75041e-15    
6.72183e+04    9.27504e-15    
6.83657e+04    8.82283e-15    
6.95327e+04    8.39264e-15    
7.07196e+04    7.98341e-15    
7.19267e+04    7.59412e-15    
7.31545e+04    7.22379e-15    
7.44032e+04    6.87150e-15    
7.56732e+04    6.53638e-15    
7.69649e+04    6.21759e-15    
7.82786e+04    5.91433e-15    
7.96148e+04    5.62585e-15    
8.09738e+04    5.35143e-15    
8.23560e+04    5.09038e-15    
8.37617e+04    4.84206e-15    
8.51915e+04    4.60584e-15    
8.66457e+04    4.38113e-15    
8.81247e+04    4.16738e-15    
8.96289e+04    3.96405e-15    
9.11588e+04    3.77063e-15    
9.27149e+04    3.58664e-15    
9.42975e+04    3.41162e-15    
9.59071e+04    3.24513e-15    
9.75441e+04    3.08676e-15    
9.92092e+04    2.93611e-15    
1.00903e+05    2.79281e-15    
1.02625e+05    2.65650e-15    
1.04377e+05    2.52684e-15    
1.06158e+05    2.40350e-15    
1.07970e+05    2.28617e-15    
1.09813e+05    2.17457e-15    
1.11688e+05    2.06841e-15    
1.13594e+05    1.96743e-15    
1.15533e+05    1.87138e-15    
1.17505e+05    1.78001e-15    
1.19511e+05    1.69310e-15    
1.21551e+05    1.61043e-15    
1.23626e+05    1.53179e-15    
1.25736e+05    1.45699e-15    
1.27882e+05    1.38584e-15    
1.30065e+05    1.31816e-15    
1.32285e+05    1.25379e-15    
1.34544e+05    1.19255e-15    
1.36840e+05    1.13431e-15    
1.39176e+05    1.07890e-15    
1.41552e+05    1.02620e-15    
1.43968e+05    9.76078e-16    
1.46425e+05    9.28398e-16    
1.48925e+05    8.83045e-16    
1.51467e+05    8.39907e-16    
1.54052e+05    7.98874e-16    
1.56682e+05    7.59844e-16    
1.59356e+05    7.22720e-16    
1.62076e+05    6.87409e-16    
1.64843e+05    6.53821e-16    
1.67657e+05    6.21874e-16    
1.70518e+05    5.91486e-16    
1.73429e+05    5.62582e-16    
1.76389e+05    5.35090e-16    
1.79400e+05    5.08940e-16    
1.82463e+05    4.84068e-16    
1.85577e+05    4.60410e-16    
1.88745e+05    4.37907e-16    
1.91967e+05    4.16504e-16    
1.95243e+05    3.96146e-16    
1.98576e+05    3.76783e-16    
2.01966e+05    3.58365e-16    
2.05413e+05    3.40847e-16    
2.08919e+05    3.24185e-16    
2.12486e+05    3.08337e-16    
2.16113e+05    2.93263e-16    
2.19801e+05    2.78925e-16    
2.23553e+05    2.65288e-16    
2.27369e+05    2.52318e-16    
2.31250e+05    2.39981e-16    
2.35198e+05    2.28247e-16    
2.39212e+05    2.17086e-16    
2.43296e+05    2.06471e-16    
2.47449e+05    1.96374e-16    
2.51672e+05    1.86771e-16    
2.55968e+05    1.77637e-16    
2.60337e+05    1.68950e-16    
2.64781e+05    1.60687e-16    
2.69301e+05    1.52828e-16    
2.73898e+05    1.45354e-16    
2.78573e+05    1.38244e-16    
2.83328e+05    1.31482e-16    
2.88164e+05    1.25051e-16    
2.93083e+05    1.18934e-16    
2.98086e+05    1.13116e-16    
3.03174e+05    1.07583e-16    
3.08349e+05    1.02320e-16    
3.13613e+05    9.73141e-17    
3.18966e+05    9.25532e-17    
3.24410e+05    8.80252e-17    
3.29948e+05    8.37185e-17    
3.35580e+05    7.96224e-17    
3.41308e+05    7.57266e-17    
3.47134e+05    7.20213e-17    
3.53059e+05    6.84972e-17    
3.59086e+05    6.51455e-17    
3.65215e+05    6.19577e-17    
3.71449e+05    5.89258e-17    
3.77790e+05    5.60421e-17    
3.84238e+05    5.32996e-17    
3.90797e+05    5.06911e-17    
3.97468e+05    4.82103e-17    
4.04252e+05    4.58508e-17    
4.11153e+05    4.36067e-17    
4.18171e+05    4.14724e-17    
4.25309e+05    3.94425e-17    
4.32569e+05    3.75119e-17    
4.39952e+05    3.56757e-17    
4.47462e+05    3.39294e-17    
4.55100e+05    3.22685e-17    
4.62868e+05    3.06889e-17    
4.70769e+05    2.91866e-17    
4.78805e+05    2.77578e-17    
4.86978e+05    2.63989e-17    
4.95290e+05    2.51064e-17    
5.03745e+05    2.38773e-17    
5.12343e+05    2.27082e-17    
5.21089e+05    2.15964e-17    
5.29984e+05    2.05390e-17    
5.39030e+05    1.95334e-17    
5.48231e+05    1.85769e-17    
5.57589e+05    1.76673e-17    
5.67107e+05    1.68022e-17    
5.76787e+05    1.59794e-17    
5.86632e+05    1.51969e-17    
5.96646e+05    1.44527e-17    
6.06830e+05    1.37449e-17    
6.17189e+05    1.30718e-17    
6.27724e+05    1.24316e-17    
6.38439e+05    1.18228e-17    
6.49336e+05    1.12438e-17    
6.60420e+05    1.06931e-17    
6.71693e+05    1.01693e-17    
6.83159e+05    9.67125e-18    
6.94820e+05    9.19754e-18    
7.06680e+05    8.74703e-18    
7.18743e+05    8.31857e-18    
7.31011e+05    7.91110e-18    
7.43489e+05    7.52357e-18    
7.56180e+05    7.15502e-18    
7.69088e+05    6.80452e-18    
7.82216e+05    6.47117e-18    
7.95568e+05    6.15415e-18    
8.09148e+05    5.85266e-18    
8.22959e+05    5.56593e-18    
8.37007e+05    5.29324e-18    
8.51294e+05    5.03390e-18    
8.65825e+05    4.78727e-18    
8.80604e+05    4.55271e-18    
8.95636e+05    4.32965e-18    
9.10924e+05    4.11750e-18    
9.26473e+05    3.91575e-18    
9.42287e+05    3.72388e-18    
9.58371e+05    3.54141e-18    
9.74730e+05    3.36787e-18    
9.91368e+05    3.20284e-18    
1.00829e+06    3.04589e-18    
1.02550e+06    2.89662e-18    
1.04301e+06    2.75467e-18    
1.06081e+06    2.61967e-18    
1.07892e+06    2.49129e-18    
1.09733e+06    2.36920e-18    
1.11606e+06    2.25308e-18    
1.13512e+06    2.14266e-18    
1.15449e+06    2.03764e-18    
1.17420e+06    1.93777e-18    
1.19424e+06    1.84280e-18    
1.21463e+06    1.75247e-18    
1.23536e+06    1.66657e-18    
1.25645e+06    1.58489e-18    
1.27789e+06    1.50720e-18    
1.29971e+06    1.43332e-18    
1.32189e+06    1.36306e-18    
1.34445e+06    1.29624e-18    
1.36740e+06    1.23270e-18    
1.39074e+06    1.17227e-18    
1.41448e+06    1.11480e-18    
1.43863e+06    1.06015e-18    
1.46318e+06    1.00818e-18    
1.48816e+06    9.58753e-19    
1.51356e+06    9.11749e-19    
1.53940e+06    8.67049e-19    
1.56567e+06    8.24539e-19    
1.59240e+06    7.84113e-19    
1.61958e+06    7.45669e-19    
1.64723e+06    7.09108e-19    
1.67534e+06    6.74340e-19    
1.70394e+06    6.41276e-19    
1.73303e+06    6.09832e-19    
1.76261e+06    5.79930e-19    
1.79270e+06    5.51493e-19    
1.82330e+06    5.24451e-19    
1.85442e+06    4.98734e-19    
1.88607e+06    4.74277e-19    
1.91827e+06    4.51020e-19    
1.95101e+06    4.28903e-19    
1.98431e+06    4.07870e-19    
2.01818e+06    3.87868e-19    
2.05263e+06    3.68846e-19    

