# USINE V4.0
# File generated 13-05-2022 08:26:26
# Model1DKisoVc
# NE
# SolMod0DFF_phi0_670GV
# R [GV]       TOA [GV m^{2} s sr]^{-1}
9.49641e-02    2.53994e-04    
9.65806e-02    2.67033e-04    
9.82247e-02    2.80739e-04    
9.98968e-02    2.95145e-04    
1.01597e-01    3.10286e-04    
1.03327e-01    3.26201e-04    
1.05086e-01    3.42929e-04    
1.06875e-01    3.60510e-04    
1.08694e-01    3.78988e-04    
1.10544e-01    3.98408e-04    
1.12426e-01    4.18818e-04    
1.14340e-01    4.40268e-04    
1.16286e-01    4.62812e-04    
1.18266e-01    4.86503e-04    
1.20279e-01    5.11400e-04    
1.22327e-01    5.37564e-04    
1.24409e-01    5.65059e-04    
1.26527e-01    5.93953e-04    
1.28681e-01    6.24314e-04    
1.30871e-01    6.56219e-04    
1.33099e-01    6.89743e-04    
1.35365e-01    7.24970e-04    
1.37669e-01    7.61983e-04    
1.40013e-01    8.00874e-04    
1.42396e-01    8.41737e-04    
1.44820e-01    8.84670e-04    
1.47286e-01    9.29778e-04    
1.49793e-01    9.77169e-04    
1.52343e-01    1.02696e-03    
1.54936e-01    1.07926e-03    
1.57574e-01    1.13422e-03    
1.60256e-01    1.19194e-03    
1.62984e-01    1.25258e-03    
1.65758e-01    1.31629e-03    
1.68580e-01    1.38320e-03    
1.71450e-01    1.45349e-03    
1.74369e-01    1.52732e-03    
1.77337e-01    1.60486e-03    
1.80356e-01    1.68631e-03    
1.83426e-01    1.77185e-03    
1.86548e-01    1.86170e-03    
1.89724e-01    1.95605e-03    
1.92954e-01    2.05514e-03    
1.96238e-01    2.15920e-03    
1.99579e-01    2.26847e-03    
2.02976e-01    2.38320e-03    
2.06432e-01    2.50363e-03    
2.09946e-01    2.63002e-03    
2.13520e-01    2.76266e-03    
2.17154e-01    2.90185e-03    
2.20851e-01    3.04790e-03    
2.24611e-01    3.20113e-03    
2.28434e-01    3.36189e-03    
2.32323e-01    3.53053e-03    
2.36278e-01    3.70741e-03    
2.40300e-01    3.89293e-03    
2.44390e-01    4.08749e-03    
2.48551e-01    4.29149e-03    
2.52782e-01    4.50539e-03    
2.57085e-01    4.72963e-03    
2.61461e-01    4.96470e-03    
2.65912e-01    5.21107e-03    
2.70439e-01    5.46926e-03    
2.75042e-01    5.73981e-03    
2.79725e-01    6.02328e-03    
2.84486e-01    6.32023e-03    
2.89329e-01    6.63126e-03    
2.94254e-01    6.95700e-03    
2.99264e-01    7.29810e-03    
3.04358e-01    7.65521e-03    
3.09539e-01    8.02904e-03    
3.14808e-01    8.42029e-03    
3.20167e-01    8.82972e-03    
3.25618e-01    9.25810e-03    
3.31161e-01    9.70622e-03    
3.36798e-01    1.01749e-02    
3.42531e-01    1.06650e-02    
3.48362e-01    1.11774e-02    
3.54292e-01    1.17129e-02    
3.60324e-01    1.22726e-02    
3.66457e-01    1.28574e-02    
3.72696e-01    1.34683e-02    
3.79040e-01    1.41062e-02    
3.85492e-01    1.47723e-02    
3.92055e-01    1.54675e-02    
3.98729e-01    1.61931e-02    
4.05516e-01    1.69501e-02    
4.12419e-01    1.77396e-02    
4.19440e-01    1.85628e-02    
4.26580e-01    1.94210e-02    
4.33842e-01    2.03153e-02    
4.41227e-01    2.12470e-02    
4.48738e-01    2.22174e-02    
4.56377e-01    2.32276e-02    
4.64146e-01    2.42790e-02    
4.72047e-01    2.53729e-02    
4.80083e-01    2.65106e-02    
4.88255e-01    2.76935e-02    
4.96567e-01    2.89228e-02    
5.05020e-01    3.01998e-02    
5.13617e-01    3.15260e-02    
5.22360e-01    3.29026e-02    
5.31253e-01    3.43309e-02    
5.40296e-01    3.58122e-02    
5.49494e-01    3.73478e-02    
5.58848e-01    3.89390e-02    
5.68361e-01    4.05869e-02    
5.78036e-01    4.22928e-02    
5.87876e-01    4.40577e-02    
5.97884e-01    4.58828e-02    
6.08061e-01    4.77691e-02    
6.18413e-01    4.97176e-02    
6.28940e-01    5.17291e-02    
6.39646e-01    5.38045e-02    
6.50535e-01    5.59446e-02    
6.61609e-01    5.81499e-02    
6.72872e-01    6.04211e-02    
6.84326e-01    6.27584e-02    
6.95975e-01    6.51623e-02    
7.07823e-01    6.76328e-02    
7.19872e-01    7.01701e-02    
7.32127e-01    7.27740e-02    
7.44590e-01    7.54442e-02    
7.57265e-01    7.81802e-02    
7.70156e-01    8.09815e-02    
7.83266e-01    8.38471e-02    
7.96600e-01    8.67761e-02    
8.10161e-01    8.97673e-02    
8.23952e-01    9.28192e-02    
8.37978e-01    9.59301e-02    
8.52243e-01    9.90982e-02    
8.66751e-01    1.02321e-01    
8.81506e-01    1.05597e-01    
8.96512e-01    1.08923e-01    
9.11773e-01    1.12296e-01    
9.27294e-01    1.15713e-01    
9.43080e-01    1.19170e-01    
9.59134e-01    1.22665e-01    
9.75461e-01    1.26193e-01    
9.92066e-01    1.29750e-01    
1.00895e+00    1.33331e-01    
1.02613e+00    1.36932e-01    
1.04360e+00    1.40549e-01    
1.06136e+00    1.44175e-01    
1.07943e+00    1.47807e-01    
1.09781e+00    1.51437e-01    
1.11649e+00    1.55061e-01    
1.13550e+00    1.58672e-01    
1.15483e+00    1.62265e-01    
1.17449e+00    1.65833e-01    
1.19448e+00    1.69371e-01    
1.21482e+00    1.72871e-01    
1.23550e+00    1.76327e-01    
1.25653e+00    1.79733e-01    
1.27792e+00    1.83082e-01    
1.29967e+00    1.86367e-01    
1.32180e+00    1.89583e-01    
1.34430e+00    1.92721e-01    
1.36718e+00    1.95776e-01    
1.39045e+00    1.98742e-01    
1.41412e+00    2.01611e-01    
1.43820e+00    2.04378e-01    
1.46268e+00    2.07036e-01    
1.48758e+00    2.09581e-01    
1.51290e+00    2.12005e-01    
1.53866e+00    2.14304e-01    
1.56485e+00    2.16473e-01    
1.59149e+00    2.18506e-01    
1.61858e+00    2.20399e-01    
1.64613e+00    2.22149e-01    
1.67415e+00    2.23752e-01    
1.70265e+00    2.25204e-01    
1.73164e+00    2.26503e-01    
1.76112e+00    2.27647e-01    
1.79110e+00    2.28634e-01    
1.82159e+00    2.29463e-01    
1.85259e+00    2.30133e-01    
1.88413e+00    2.30645e-01    
1.91621e+00    2.30998e-01    
1.94882e+00    2.31194e-01    
1.98200e+00    2.31234e-01    
2.01574e+00    2.31119e-01    
2.05005e+00    2.30851e-01    
2.08495e+00    2.30433e-01    
2.12044e+00    2.29866e-01    
2.15654e+00    2.29154e-01    
2.19325e+00    2.28299e-01    
2.23059e+00    2.27304e-01    
2.26856e+00    2.26174e-01    
2.30718e+00    2.24910e-01    
2.34645e+00    2.23517e-01    
2.38640e+00    2.22000e-01    
2.42702e+00    2.20362e-01    
2.46833e+00    2.18609e-01    
2.51035e+00    2.16747e-01    
2.55309e+00    2.14779e-01    
2.59655e+00    2.12713e-01    
2.64075e+00    2.10554e-01    
2.68570e+00    2.08307e-01    
2.73142e+00    2.05978e-01    
2.77792e+00    2.03573e-01    
2.82521e+00    2.01098e-01    
2.87330e+00    1.98556e-01    
2.92221e+00    1.95952e-01    
2.97196e+00    1.93291e-01    
3.02255e+00    1.90576e-01    
3.07400e+00    1.87810e-01    
3.12633e+00    1.84995e-01    
3.17955e+00    1.82134e-01    
3.23368e+00    1.79227e-01    
3.28873e+00    1.76274e-01    
3.34471e+00    1.73276e-01    
3.40165e+00    1.70231e-01    
3.45955e+00    1.67139e-01    
3.51845e+00    1.63999e-01    
3.57834e+00    1.60810e-01    
3.63925e+00    1.57573e-01    
3.70121e+00    1.54288e-01    
3.76421e+00    1.50961e-01    
3.82829e+00    1.47596e-01    
3.89346e+00    1.44202e-01    
3.95974e+00    1.40789e-01    
4.02715e+00    1.37367e-01    
4.09570e+00    1.33947e-01    
4.16542e+00    1.30538e-01    
4.23633e+00    1.27150e-01    
4.30844e+00    1.23791e-01    
4.38179e+00    1.20466e-01    
4.45638e+00    1.17182e-01    
4.53224e+00    1.13942e-01    
4.60939e+00    1.10749e-01    
4.68786e+00    1.07607e-01    
4.76766e+00    1.04516e-01    
4.84882e+00    1.01479e-01    
4.93136e+00    9.84977e-02    
5.01531e+00    9.55716e-02    
5.10069e+00    9.27019e-02    
5.18751e+00    8.98891e-02    
5.27582e+00    8.71334e-02    
5.36563e+00    8.44351e-02    
5.45697e+00    8.17944e-02    
5.54987e+00    7.92116e-02    
5.64434e+00    7.66867e-02    
5.74043e+00    7.42201e-02    
5.83815e+00    7.18121e-02    
5.93753e+00    6.94631e-02    
6.03860e+00    6.71733e-02    
6.14140e+00    6.49428e-02    
6.24594e+00    6.27715e-02    
6.35227e+00    6.06593e-02    
6.46041e+00    5.86055e-02    
6.57038e+00    5.66098e-02    
6.68223e+00    5.46711e-02    
6.79598e+00    5.27882e-02    
6.91167e+00    5.09598e-02    
7.02933e+00    4.91846e-02    
7.14899e+00    4.74613e-02    
7.27069e+00    4.57886e-02    
7.39445e+00    4.41655e-02    
7.52033e+00    4.25909e-02    
7.64835e+00    4.10636e-02    
7.77855e+00    3.95828e-02    
7.91096e+00    3.81477e-02    
8.04563e+00    3.67574e-02    
8.18259e+00    3.54113e-02    
8.32189e+00    3.41083e-02    
8.46355e+00    3.28479e-02    
8.60763e+00    3.16290e-02    
8.75415e+00    3.04509e-02    
8.90318e+00    2.93127e-02    
9.05474e+00    2.82135e-02    
9.20888e+00    2.71524e-02    
9.36564e+00    2.61284e-02    
9.52507e+00    2.51406e-02    
9.68722e+00    2.41878e-02    
9.85212e+00    2.32692e-02    
1.00198e+01    2.23835e-02    
1.01904e+01    2.15298e-02    
1.03639e+01    2.07069e-02    
1.05403e+01    1.99136e-02    
1.07197e+01    1.91491e-02    
1.09022e+01    1.84121e-02    
1.10878e+01    1.77017e-02    
1.12765e+01    1.70170e-02    
1.14685e+01    1.63571e-02    
1.16637e+01    1.57210e-02    
1.18623e+01    1.51081e-02    
1.20642e+01    1.45175e-02    
1.22696e+01    1.39485e-02    
1.24785e+01    1.34004e-02    
1.26909e+01    1.28725e-02    
1.29069e+01    1.23642e-02    
1.31266e+01    1.18749e-02    
1.33501e+01    1.14038e-02    
1.35774e+01    1.09504e-02    
1.38085e+01    1.05140e-02    
1.40435e+01    1.00941e-02    
1.42826e+01    9.69014e-03    
1.45257e+01    9.30149e-03    
1.47730e+01    8.92765e-03    
1.50245e+01    8.56808e-03    
1.52803e+01    8.22229e-03    
1.55404e+01    7.88977e-03    
1.58049e+01    7.57006e-03    
1.60740e+01    7.26269e-03    
1.63476e+01    6.96724e-03    
1.66259e+01    6.68326e-03    
1.69089e+01    6.41033e-03    
1.71967e+01    6.14807e-03    
1.74895e+01    5.89608e-03    
1.77872e+01    5.65399e-03    
1.80900e+01    5.42142e-03    
1.83980e+01    5.19803e-03    
1.87111e+01    4.98349e-03    
1.90297e+01    4.77745e-03    
1.93536e+01    4.57961e-03    
1.96831e+01    4.38965e-03    
2.00181e+01    4.20728e-03    
2.03589e+01    4.03222e-03    
2.07055e+01    3.86418e-03    
2.10579e+01    3.70290e-03    
2.14164e+01    3.54812e-03    
2.17810e+01    3.39960e-03    
2.21518e+01    3.25709e-03    
2.25289e+01    3.12037e-03    
2.29124e+01    2.98920e-03    
2.33024e+01    2.86337e-03    
2.36991e+01    2.74267e-03    
2.41025e+01    2.62690e-03    
2.45128e+01    2.51588e-03    
2.49301e+01    2.40940e-03    
2.53545e+01    2.30730e-03    
2.57861e+01    2.20940e-03    
2.62250e+01    2.11553e-03    
2.66715e+01    2.02554e-03    
2.71255e+01    1.93927e-03    
2.75873e+01    1.85658e-03    
2.80569e+01    1.77732e-03    
2.85345e+01    1.70135e-03    
2.90202e+01    1.62854e-03    
2.95143e+01    1.55877e-03    
3.00167e+01    1.49192e-03    
3.05277e+01    1.42786e-03    
3.10473e+01    1.36648e-03    
3.15759e+01    1.30768e-03    
3.21134e+01    1.25135e-03    
3.26600e+01    1.19739e-03    
3.32160e+01    1.14570e-03    
3.37815e+01    1.09619e-03    
3.43565e+01    1.04878e-03    
3.49414e+01    1.00337e-03    
3.55362e+01    9.59880e-04    
3.61411e+01    9.18237e-04    
3.67563e+01    8.78363e-04    
3.73821e+01    8.40185e-04    
3.80184e+01    8.03632e-04    
3.86656e+01    7.68637e-04    
3.93238e+01    7.35135e-04    
3.99932e+01    7.03065e-04    
4.06740e+01    6.72367e-04    
4.13664e+01    6.42984e-04    
4.20706e+01    6.14861e-04    
4.27868e+01    5.87945e-04    
4.35151e+01    5.62186e-04    
4.42559e+01    5.37535e-04    
4.50093e+01    5.13945e-04    
4.57755e+01    4.91373e-04    
4.65547e+01    4.69775e-04    
4.73472e+01    4.49110e-04    
4.81532e+01    4.29339e-04    
4.89729e+01    4.10424e-04    
4.98066e+01    3.92329e-04    
5.06544e+01    3.75018e-04    
5.15167e+01    3.58460e-04    
5.23937e+01    3.42620e-04    
5.32856e+01    3.27470e-04    
5.41927e+01    3.12980e-04    
5.51152e+01    2.99121e-04    
5.60535e+01    2.85867e-04    
5.70077e+01    2.73192e-04    
5.79781e+01    2.61071e-04    
5.89651e+01    2.49479e-04    
5.99688e+01    2.38396e-04    
6.09897e+01    2.27797e-04    
6.20279e+01    2.17664e-04    
6.30838e+01    2.07975e-04    
6.41577e+01    1.98712e-04    
6.52499e+01    1.89857e-04    
6.63606e+01    1.81390e-04    
6.74903e+01    1.73297e-04    
6.86392e+01    1.65560e-04    
6.98076e+01    1.58165e-04    
7.09960e+01    1.51095e-04    
7.22045e+01    1.44338e-04    
7.34337e+01    1.37880e-04    
7.46837e+01    1.31707e-04    
7.59551e+01    1.25808e-04    
7.72481e+01    1.20170e-04    
7.85631e+01    1.14781e-04    
7.99005e+01    1.09632e-04    
8.12606e+01    1.04712e-04    
8.26439e+01    1.00010e-04    
8.40508e+01    9.55165e-05    
8.54816e+01    9.12233e-05    
8.69367e+01    8.71212e-05    
8.84166e+01    8.32017e-05    
8.99218e+01    7.94570e-05    
9.14525e+01    7.58793e-05    
9.30093e+01    7.24612e-05    
9.45926e+01    6.91958e-05    
9.62029e+01    6.60763e-05    
9.78405e+01    6.30962e-05    
9.95061e+01    6.02495e-05    
1.01200e+02    5.75302e-05    
1.02923e+02    5.49328e-05    
1.04675e+02    5.24517e-05    
1.06457e+02    5.00819e-05    
1.08269e+02    4.78185e-05    
1.10112e+02    4.56567e-05    
1.11986e+02    4.35921e-05    
1.13893e+02    4.16203e-05    
1.15832e+02    3.97371e-05    
1.17803e+02    3.79388e-05    
1.19809e+02    3.62214e-05    
1.21848e+02    3.45814e-05    
1.23922e+02    3.30154e-05    
1.26032e+02    3.15201e-05    
1.28177e+02    3.00922e-05    
1.30359e+02    2.87289e-05    
1.32579e+02    2.74272e-05    
1.34835e+02    2.61844e-05    
1.37131e+02    2.49978e-05    
1.39465e+02    2.38649e-05    
1.41839e+02    2.27834e-05    
1.44254e+02    2.17509e-05    
1.46709e+02    2.07652e-05    
1.49207e+02    1.98243e-05    
1.51747e+02    1.89261e-05    
1.54330e+02    1.80687e-05    
1.56957e+02    1.72504e-05    
1.59629e+02    1.64692e-05    
1.62346e+02    1.57236e-05    
1.65110e+02    1.50120e-05    
1.67921e+02    1.43327e-05    
1.70779e+02    1.36845e-05    
1.73687e+02    1.30658e-05    
1.76643e+02    1.24754e-05    
1.79650e+02    1.19119e-05    
1.82708e+02    1.13741e-05    
1.85819e+02    1.08609e-05    
1.88982e+02    1.03712e-05    
1.92199e+02    9.90381e-06    
1.95471e+02    9.45782e-06    
1.98798e+02    9.03223e-06    
2.02182e+02    8.62609e-06    
2.05624e+02    8.23853e-06    
2.09125e+02    7.86870e-06    
2.12684e+02    7.51577e-06    
2.16305e+02    7.17897e-06    
2.19987e+02    6.85756e-06    
2.23732e+02    6.55083e-06    
2.27541e+02    6.25811e-06    
2.31414e+02    5.97874e-06    
2.35353e+02    5.71211e-06    
2.39360e+02    5.45763e-06    
2.43435e+02    5.21473e-06    
2.47579e+02    4.98288e-06    
2.51793e+02    4.76157e-06    
2.56079e+02    4.55030e-06    
2.60439e+02    4.34860e-06    
2.64872e+02    4.15604e-06    
2.69381e+02    3.97219e-06    
2.73967e+02    3.79664e-06    
2.78630e+02    3.62900e-06    
2.83374e+02    3.46891e-06    
2.88197e+02    3.31602e-06    
2.93103e+02    3.17000e-06    
2.98093e+02    3.03052e-06    
3.03167e+02    2.89729e-06    
3.08328e+02    2.77001e-06    
3.13577e+02    2.64841e-06    
3.18915e+02    2.53223e-06    
3.24344e+02    2.42122e-06    
3.29865e+02    2.31515e-06    
3.35481e+02    2.21379e-06    
3.41191e+02    2.11691e-06    
3.47000e+02    2.02433e-06    
3.52907e+02    1.93584e-06    
3.58914e+02    1.85126e-06    
3.65024e+02    1.77041e-06    
3.71238e+02    1.69312e-06    
3.77557e+02    1.61923e-06    
3.83985e+02    1.54860e-06    
3.90521e+02    1.48106e-06    
3.97169e+02    1.41650e-06    
4.03930e+02    1.35476e-06    
4.10806e+02    1.29573e-06    
4.17799e+02    1.23928e-06    
4.24912e+02    1.18531e-06    
4.32145e+02    1.13369e-06    
4.39501e+02    1.08434e-06    
4.46983e+02    1.03714e-06    
4.54592e+02    9.91995e-07    
4.62331e+02    9.48825e-07    
4.70201e+02    9.07538e-07    
4.78205e+02    8.68051e-07    
4.86346e+02    8.30286e-07    
4.94625e+02    7.94167e-07    
5.03045e+02    7.59621e-07    
5.11608e+02    7.26579e-07    
5.20317e+02    6.94977e-07    
5.29175e+02    6.64749e-07    
5.38183e+02    6.35838e-07    
5.47344e+02    6.08184e-07    
5.56662e+02    5.81733e-07    
5.66138e+02    5.56433e-07    
5.75775e+02    5.32234e-07    
5.85577e+02    5.09086e-07    
5.95545e+02    4.86946e-07    
6.05683e+02    4.65767e-07    
6.15994e+02    4.45510e-07    
6.26480e+02    4.26133e-07    
6.37144e+02    4.07599e-07    
6.47991e+02    3.89870e-07    
6.59021e+02    3.72911e-07    
6.70240e+02    3.56690e-07    
6.81649e+02    3.41174e-07    
6.93253e+02    3.26332e-07    
7.05054e+02    3.12136e-07    
7.17057e+02    2.98556e-07    
7.29263e+02    2.85567e-07    
7.41677e+02    2.73142e-07    
7.54303e+02    2.61257e-07    
7.67144e+02    2.49889e-07    
7.80203e+02    2.39015e-07    
7.93484e+02    2.28613e-07    
8.06992e+02    2.18664e-07    
8.20729e+02    2.09147e-07    
8.34701e+02    2.00044e-07    
8.48910e+02    1.91337e-07    
8.63361e+02    1.83008e-07    
8.78058e+02    1.75041e-07    
8.93005e+02    1.67421e-07    
9.08207e+02    1.60132e-07    
9.23667e+02    1.53160e-07    
9.39391e+02    1.46492e-07    
9.55382e+02    1.40113e-07    
9.71646e+02    1.34012e-07    
9.88186e+02    1.28176e-07    
1.00501e+03    1.22593e-07    
1.02212e+03    1.17254e-07    
1.03952e+03    1.12147e-07    
1.05721e+03    1.07262e-07    
1.07521e+03    1.02590e-07    
1.09351e+03    9.81209e-08    
1.11213e+03    9.38464e-08    
1.13106e+03    8.97578e-08    
1.15031e+03    8.58471e-08    
1.16989e+03    8.21066e-08    
1.18981e+03    7.85289e-08    
1.21006e+03    7.51069e-08    
1.23066e+03    7.18339e-08    
1.25161e+03    6.87033e-08    
1.27292e+03    6.57091e-08    
1.29459e+03    6.28451e-08    
1.31663e+03    6.01059e-08    
1.33904e+03    5.74859e-08    
1.36183e+03    5.49800e-08    
1.38502e+03    5.25832e-08    
1.40859e+03    5.02908e-08    
1.43257e+03    4.80982e-08    
1.45696e+03    4.60011e-08    
1.48176e+03    4.39954e-08    
1.50698e+03    4.20770e-08    
1.53264e+03    4.02422e-08    
1.55873e+03    3.84873e-08    
1.58526e+03    3.68088e-08    
1.61225e+03    3.52035e-08    
1.63969e+03    3.36681e-08    
1.66761e+03    3.21996e-08    
1.69599e+03    3.07951e-08    
1.72487e+03    2.94518e-08    
1.75423e+03    2.81671e-08    
1.78409e+03    2.69383e-08    
1.81446e+03    2.57631e-08    
1.84535e+03    2.46391e-08    
1.87676e+03    2.35641e-08    
1.90871e+03    2.25359e-08    
1.94120e+03    2.15526e-08    
1.97425e+03    2.06121e-08    
2.00786e+03    1.97127e-08    
2.04204e+03    1.88524e-08    
2.07680e+03    1.80297e-08    
2.11215e+03    1.72428e-08    
2.14811e+03    1.64903e-08    
2.18467e+03    1.57705e-08    
2.22186e+03    1.50822e-08    
2.25969e+03    1.44238e-08    
2.29815e+03    1.37942e-08    
2.33727e+03    1.31921e-08    
2.37706e+03    1.26162e-08    
2.41753e+03    1.20654e-08    
2.45868e+03    1.15386e-08    
2.50053e+03    1.10348e-08    
2.54310e+03    1.05530e-08    
2.58639e+03    1.00923e-08    
2.63042e+03    9.65159e-09    
2.67520e+03    9.23014e-09    
2.72074e+03    8.82708e-09    
2.76705e+03    8.44160e-09    
2.81416e+03    8.07295e-09    
2.86206e+03    7.72038e-09    
2.91078e+03    7.38320e-09    
2.96033e+03    7.06073e-09    
3.01073e+03    6.75234e-09    
3.06198e+03    6.45740e-09    
3.11411e+03    6.17534e-09    
3.16712e+03    5.90559e-09    
3.22103e+03    5.64762e-09    
3.27586e+03    5.40091e-09    
3.33163e+03    5.16496e-09    
3.38834e+03    4.93932e-09    
3.44602e+03    4.72352e-09    
3.50468e+03    4.51715e-09    
3.56434e+03    4.31979e-09    
3.62502e+03    4.13104e-09    
3.68673e+03    3.95054e-09    
3.74949e+03    3.77792e-09    
3.81332e+03    3.61283e-09    
3.87823e+03    3.45496e-09    
3.94425e+03    3.30398e-09    
4.01139e+03    3.15959e-09    
4.07968e+03    3.02151e-09    
4.14913e+03    2.88946e-09    
4.21976e+03    2.76317e-09    
4.29159e+03    2.64240e-09    
4.36465e+03    2.52691e-09    
4.43895e+03    2.41646e-09    
4.51451e+03    2.31084e-09    
4.59136e+03    2.20983e-09    
4.66952e+03    2.11323e-09    
4.74901e+03    2.02085e-09    
4.82986e+03    1.93251e-09    
4.91207e+03    1.84803e-09    
4.99569e+03    1.76724e-09    
5.08073e+03    1.68998e-09    
5.16722e+03    1.61609e-09    
5.25519e+03    1.54543e-09    
5.34465e+03    1.47786e-09    
5.43563e+03    1.41325e-09    
5.52816e+03    1.35145e-09    
5.62227e+03    1.29236e-09    
5.71797e+03    1.23585e-09    
5.81531e+03    1.18181e-09    
5.91431e+03    1.13013e-09    
6.01498e+03    1.08071e-09    
6.11738e+03    1.03345e-09    
6.22151e+03    9.88253e-10    
6.32742e+03    9.45033e-10    
6.43514e+03    9.03702e-10    
6.54468e+03    8.64179e-10    
6.65609e+03    8.26382e-10    
6.76940e+03    7.90238e-10    
6.88464e+03    7.55674e-10    
7.00183e+03    7.22621e-10    
7.12103e+03    6.91013e-10    
7.24225e+03    6.60787e-10    
7.36553e+03    6.31882e-10    
7.49092e+03    6.04242e-10    
7.61843e+03    5.77809e-10    
7.74812e+03    5.52532e-10    
7.88002e+03    5.28361e-10    
8.01416e+03    5.05246e-10    
8.15059e+03    4.83142e-10    
8.28934e+03    4.62005e-10    
8.43045e+03    4.41792e-10    
8.57396e+03    4.22463e-10    
8.71991e+03    4.03979e-10    
8.86835e+03    3.86304e-10    
9.01932e+03    3.69401e-10    
9.17286e+03    3.53238e-10    
9.32901e+03    3.37781e-10    
9.48781e+03    3.23001e-10    
9.64933e+03    3.08867e-10    
9.81359e+03    2.95351e-10    
9.98064e+03    2.82427e-10    
1.01505e+04    2.70068e-10    
1.03233e+04    2.58249e-10    
1.04991e+04    2.46947e-10    
1.06778e+04    2.36140e-10    
1.08596e+04    2.25806e-10    
1.10444e+04    2.15923e-10    
1.12324e+04    2.06473e-10    
1.14237e+04    1.97436e-10    
1.16181e+04    1.88795e-10    
1.18159e+04    1.80532e-10    
1.20170e+04    1.72630e-10    
1.22216e+04    1.65074e-10    
1.24297e+04    1.57849e-10    
1.26412e+04    1.50939e-10    
1.28564e+04    1.44332e-10    
1.30753e+04    1.38014e-10    
1.32979e+04    1.31973e-10    
1.35242e+04    1.26196e-10    
1.37545e+04    1.20671e-10    
1.39886e+04    1.15389e-10    
1.42267e+04    1.10337e-10    
1.44689e+04    1.05507e-10    
1.47152e+04    1.00888e-10    
1.49657e+04    9.64713e-11    
1.52205e+04    9.22477e-11    
1.54796e+04    8.82090e-11    
1.57431e+04    8.43471e-11    
1.60111e+04    8.06541e-11    
1.62837e+04    7.71228e-11    
1.65609e+04    7.37461e-11    
1.68428e+04    7.05171e-11    
1.71295e+04    6.74295e-11    
1.74211e+04    6.44770e-11    
1.77176e+04    6.16537e-11    
1.80192e+04    5.89541e-11    
1.83260e+04    5.63726e-11    
1.86380e+04    5.39041e-11    
1.89552e+04    5.15436e-11    
1.92779e+04    4.92865e-11    
1.96061e+04    4.71282e-11    
1.99398e+04    4.50644e-11    
2.02793e+04    4.30909e-11    
2.06245e+04    4.12038e-11    
2.09756e+04    3.93993e-11    
2.13326e+04    3.76738e-11    
2.16958e+04    3.60239e-11    
2.20651e+04    3.44462e-11    
2.24407e+04    3.29376e-11    
2.28227e+04    3.14950e-11    
2.32113e+04    3.01156e-11    
2.36064e+04    2.87966e-11    
2.40082e+04    2.75353e-11    
2.44169e+04    2.63293e-11    
2.48326e+04    2.51761e-11    
2.52553e+04    2.40733e-11    
2.56852e+04    2.30189e-11    
2.61225e+04    2.20106e-11    
2.65672e+04    2.10465e-11    
2.70194e+04    2.01246e-11    
2.74794e+04    1.92430e-11    
2.79471e+04    1.84001e-11    
2.84229e+04    1.75941e-11    
2.89067e+04    1.68234e-11    
2.93988e+04    1.60864e-11    
2.98993e+04    1.53817e-11    
3.04083e+04    1.47079e-11    
3.09259e+04    1.40635e-11    
3.14524e+04    1.34474e-11    
3.19878e+04    1.28583e-11    
3.25323e+04    1.22950e-11    
3.30861e+04    1.17564e-11    
3.36493e+04    1.12413e-11    
3.42221e+04    1.07488e-11    
3.48047e+04    1.02779e-11    
3.53972e+04    9.82757e-12    
3.59998e+04    9.39699e-12    
3.66126e+04    8.98528e-12    
3.72358e+04    8.59160e-12    
3.78697e+04    8.21516e-12    
3.85144e+04    7.85521e-12    
3.91700e+04    7.51103e-12    
3.98368e+04    7.18192e-12    
4.05149e+04    6.86723e-12    
4.12046e+04    6.56633e-12    
4.19061e+04    6.27861e-12    
4.26194e+04    6.00349e-12    
4.33449e+04    5.74042e-12    
4.40828e+04    5.48888e-12    
4.48332e+04    5.24836e-12    
4.55964e+04    5.01837e-12    
4.63726e+04    4.79846e-12    
4.71620e+04    4.58819e-12    
4.79649e+04    4.38713e-12    
4.87814e+04    4.19487e-12    
4.96118e+04    4.01104e-12    
5.04563e+04    3.83526e-12    
5.13152e+04    3.66719e-12    
5.21888e+04    3.50648e-12    
5.30772e+04    3.35281e-12    
5.39807e+04    3.20587e-12    
5.48997e+04    3.06537e-12    
5.58342e+04    2.93103e-12    
5.67847e+04    2.80257e-12    
5.77513e+04    2.67974e-12    
5.87344e+04    2.56229e-12    
5.97343e+04    2.44999e-12    
6.07511e+04    2.34261e-12    
6.17853e+04    2.23994e-12    
6.28371e+04    2.14177e-12    
6.39068e+04    2.04789e-12    
6.49946e+04    1.95813e-12    
6.61011e+04    1.87231e-12    
6.72263e+04    1.79024e-12    
6.83707e+04    1.71177e-12    
6.95346e+04    1.63674e-12    
7.07183e+04    1.56500e-12    
7.19221e+04    1.49640e-12    
7.31464e+04    1.43081e-12    
7.43916e+04    1.36809e-12    
7.56580e+04    1.30812e-12    
7.69459e+04    1.25078e-12    
7.82558e+04    1.19595e-12    
7.95879e+04    1.14353e-12    
8.09428e+04    1.09340e-12    
8.23207e+04    1.04547e-12    
8.37220e+04    9.99642e-13    
8.51472e+04    9.55821e-13    
8.65967e+04    9.13920e-13    
8.80708e+04    8.73856e-13    
8.95701e+04    8.35548e-13    
9.10948e+04    7.98919e-13    
9.26455e+04    7.63895e-13    
9.42226e+04    7.30407e-13    
9.58266e+04    6.98386e-13    
9.74579e+04    6.67769e-13    
9.91169e+04    6.38493e-13    
1.00804e+05    6.10501e-13    
1.02520e+05    5.83736e-13    
1.04265e+05    5.58144e-13    
1.06040e+05    5.33674e-13    
1.07845e+05    5.10277e-13    
1.09681e+05    4.87905e-13    
1.11548e+05    4.66514e-13    
1.13447e+05    4.46060e-13    
1.15378e+05    4.26503e-13    
1.17343e+05    4.07804e-13    
1.19340e+05    3.89924e-13    
1.21372e+05    3.72828e-13    
1.23438e+05    3.56481e-13    
1.25539e+05    3.40851e-13    
1.27676e+05    3.25906e-13    
1.29850e+05    3.11616e-13    
1.32060e+05    2.97953e-13    
1.34308e+05    2.84889e-13    
1.36594e+05    2.72397e-13    
1.38920e+05    2.60453e-13    
1.41284e+05    2.49033e-13    
1.43690e+05    2.38113e-13    
1.46136e+05    2.27673e-13    
1.48623e+05    2.17689e-13    
1.51153e+05    2.08144e-13    
1.53726e+05    1.99017e-13    
1.56343e+05    1.90290e-13    
1.59005e+05    1.81946e-13    
1.61712e+05    1.73967e-13    
1.64464e+05    1.66339e-13    
1.67264e+05    1.59045e-13    
1.70111e+05    1.52070e-13    
1.73007e+05    1.45402e-13    
1.75952e+05    1.39026e-13    
1.78948e+05    1.32929e-13    
1.81994e+05    1.27100e-13    
1.85092e+05    1.21526e-13    
1.88243e+05    1.16197e-13    
1.91447e+05    1.11101e-13    
1.94706e+05    1.06229e-13    
1.98021e+05    1.01570e-13    
2.01392e+05    9.71161e-14    
2.04820e+05    9.28571e-14    
2.08307e+05    8.87848e-14    
2.11853e+05    8.48911e-14    
2.15459e+05    8.11682e-14    
2.19127e+05    7.76085e-14    
2.22857e+05    7.42049e-14    
2.26651e+05    7.09505e-14    
2.30509e+05    6.78389e-14    
2.34433e+05    6.48637e-14    
2.38424e+05    6.20189e-14    
2.42482e+05    5.92989e-14    
2.46610e+05    5.66982e-14    
2.50808e+05    5.42115e-14    
2.55078e+05    5.18339e-14    
2.59420e+05    4.95605e-14    
2.63836e+05    4.73869e-14    
2.68327e+05    4.53085e-14    
2.72895e+05    4.33213e-14    
2.77541e+05    4.14212e-14    
2.82265e+05    3.96045e-14    
2.87070e+05    3.78674e-14    
2.91957e+05    3.62066e-14    
2.96927e+05    3.46185e-14    
3.01982e+05    3.31001e-14    
3.07122e+05    3.16483e-14    
3.12350e+05    3.02602e-14    
3.17668e+05    2.89329e-14    
3.23075e+05    2.76638e-14    
3.28575e+05    2.64504e-14    
3.34168e+05    2.52903e-14    
3.39857e+05    2.41810e-14    
3.45642e+05    2.31203e-14    
3.51526e+05    2.21062e-14    
3.57510e+05    2.11365e-14    
3.63596e+05    2.02094e-14    
3.69786e+05    1.93229e-14    
3.76081e+05    1.84753e-14    
3.82483e+05    1.76649e-14    
3.88994e+05    1.68901e-14    
3.95616e+05    1.61492e-14    
4.02350e+05    1.54408e-14    
4.09199e+05    1.47635e-14    
4.16165e+05    1.41159e-14    
4.23250e+05    1.34967e-14    
4.30455e+05    1.29046e-14    
4.37782e+05    1.23385e-14    
4.45235e+05    1.17973e-14    
4.52814e+05    1.12798e-14    
4.60522e+05    1.07850e-14    
4.68362e+05    1.03119e-14    
4.76335e+05    9.85951e-15    
4.84443e+05    9.42700e-15    
4.92690e+05    9.01346e-15    
5.01077e+05    8.61805e-15    
5.09607e+05    8.24000e-15    
5.18282e+05    7.87852e-15    
5.27105e+05    7.53290e-15    
5.36078e+05    7.20244e-15    
5.45204e+05    6.88647e-15    
5.54485e+05    6.58437e-15    
5.63924e+05    6.29551e-15    
5.73523e+05    6.01933e-15    
5.83286e+05    5.75526e-15    
5.93216e+05    5.50278e-15    
6.03314e+05    5.26137e-15    
6.13584e+05    5.03055e-15    
6.24029e+05    4.80986e-15    
6.34652e+05    4.59884e-15    
6.45456e+05    4.39709e-15    
6.56444e+05    4.20418e-15    
6.67618e+05    4.01974e-15    
6.78983e+05    3.84338e-15    
6.90542e+05    3.67477e-15    
7.02297e+05    3.51355e-15    
7.14252e+05    3.35940e-15    
7.26411e+05    3.21201e-15    
7.38777e+05    3.07109e-15    
7.51353e+05    2.93636e-15    
7.64143e+05    2.80753e-15    
7.77151e+05    2.68435e-15    
7.90381e+05    2.56658e-15    
8.03835e+05    2.45398e-15    
8.17519e+05    2.34631e-15    
8.31436e+05    2.24337e-15    
8.45589e+05    2.14494e-15    
8.59984e+05    2.05083e-15    
8.74623e+05    1.96085e-15    
8.89512e+05    1.87482e-15    
9.04654e+05    1.79257e-15    
9.20054e+05    1.71392e-15    
9.35717e+05    1.63872e-15    
9.51645e+05    1.56682e-15    
9.67845e+05    1.49807e-15    
9.84321e+05    1.43234e-15    
1.00108e+06    1.36950e-15    
1.01812e+06    1.30941e-15    
1.03545e+06    1.25196e-15    
1.05308e+06    1.19703e-15    
1.07100e+06    1.14450e-15    
1.08923e+06    1.09429e-15    
1.10778e+06    1.04627e-15    
1.12663e+06    1.00037e-15    
1.14581e+06    9.56472e-16    
1.16532e+06    9.14505e-16    
1.18516e+06    8.74378e-16    
1.20533e+06    8.36013e-16    
1.22585e+06    7.99330e-16    
1.24672e+06    7.64257e-16    
1.26794e+06    7.30723e-16    
1.28952e+06    6.98660e-16    
1.31148e+06    6.68003e-16    
1.33380e+06    6.38692e-16    
1.35651e+06    6.10667e-16    
1.37960e+06    5.83872e-16    
1.40308e+06    5.58252e-16    
1.42697e+06    5.33756e-16    
1.45126e+06    5.10335e-16    
1.47596e+06    4.87942e-16    
1.50109e+06    4.66531e-16    
1.52664e+06    4.46060e-16    
1.55263e+06    4.26486e-16    
1.57906e+06    4.07772e-16    
1.60594e+06    3.89879e-16    
1.63328e+06    3.72771e-16    
1.66108e+06    3.56413e-16    
1.68936e+06    3.40774e-16    
1.71812e+06    3.25820e-16    
1.74737e+06    3.11523e-16    
1.77711e+06    2.97853e-16    
1.80736e+06    2.84782e-16    
1.83813e+06    2.72286e-16    
1.86942e+06    2.60337e-16    
1.90124e+06    2.48913e-16    
1.93361e+06    2.37990e-16    
1.96653e+06    2.27547e-16    
2.00000e+06    2.17562e-16    

