# USINE V4.0
# File generated 13-05-2022 08:27:04
# Model1DKisoVc
# AR
# SolMod0DFF_phi0_670GV
# R [GV]       TOA [GV m^{2} s sr]^{-1}
9.58970e-02    1.27036e-05    
9.75285e-02    1.33578e-05    
9.91877e-02    1.40455e-05    
1.00875e-01    1.47686e-05    
1.02591e-01    1.55287e-05    
1.04337e-01    1.63279e-05    
1.06112e-01    1.71680e-05    
1.07917e-01    1.80512e-05    
1.09753e-01    1.89797e-05    
1.11620e-01    1.99558e-05    
1.13519e-01    2.09818e-05    
1.15451e-01    2.20605e-05    
1.17415e-01    2.31944e-05    
1.19413e-01    2.43863e-05    
1.21444e-01    2.56393e-05    
1.23510e-01    2.69563e-05    
1.25612e-01    2.83408e-05    
1.27749e-01    2.97960e-05    
1.29922e-01    3.13257e-05    
1.32132e-01    3.29335e-05    
1.34380e-01    3.46235e-05    
1.36667e-01    3.63998e-05    
1.38992e-01    3.82668e-05    
1.41356e-01    4.02291e-05    
1.43761e-01    4.22915e-05    
1.46207e-01    4.44592e-05    
1.48695e-01    4.67373e-05    
1.51224e-01    4.91316e-05    
1.53797e-01    5.16480e-05    
1.56414e-01    5.42924e-05    
1.59075e-01    5.70716e-05    
1.61781e-01    5.99922e-05    
1.64534e-01    6.30613e-05    
1.67333e-01    6.62866e-05    
1.70180e-01    6.96758e-05    
1.73075e-01    7.32372e-05    
1.76019e-01    7.69795e-05    
1.79014e-01    8.09118e-05    
1.82060e-01    8.50437e-05    
1.85157e-01    8.93851e-05    
1.88307e-01    9.39466e-05    
1.91511e-01    9.87392e-05    
1.94769e-01    1.03775e-04    
1.98083e-01    1.09065e-04    
2.01453e-01    1.14623e-04    
2.04880e-01    1.20460e-04    
2.08366e-01    1.26591e-04    
2.11911e-01    1.33029e-04    
2.15516e-01    1.39790e-04    
2.19183e-01    1.46890e-04    
2.22911e-01    1.54345e-04    
2.26704e-01    1.62172e-04    
2.30561e-01    1.70389e-04    
2.34483e-01    1.79015e-04    
2.38473e-01    1.88071e-04    
2.42530e-01    1.97576e-04    
2.46656e-01    2.07552e-04    
2.50852e-01    2.18022e-04    
2.55120e-01    2.29009e-04    
2.59461e-01    2.40539e-04    
2.63875e-01    2.52636e-04    
2.68364e-01    2.65328e-04    
2.72930e-01    2.78643e-04    
2.77573e-01    2.92609e-04    
2.82296e-01    3.07259e-04    
2.87098e-01    3.22622e-04    
2.91983e-01    3.38733e-04    
2.96950e-01    3.55626e-04    
3.02002e-01    3.73338e-04    
3.07140e-01    3.91905e-04    
3.12366e-01    4.11367e-04    
3.17680e-01    4.31765e-04    
3.23085e-01    4.53140e-04    
3.28582e-01    4.75538e-04    
3.34172e-01    4.99003e-04    
3.39857e-01    5.23584e-04    
3.45639e-01    5.49329e-04    
3.51519e-01    5.76291e-04    
3.57500e-01    6.04522e-04    
3.63582e-01    6.34077e-04    
3.69768e-01    6.65014e-04    
3.76059e-01    6.97392e-04    
3.82457e-01    7.31272e-04    
3.88963e-01    7.66718e-04    
3.95581e-01    8.03795e-04    
4.02311e-01    8.42571e-04    
4.09155e-01    8.83117e-04    
4.16116e-01    9.25504e-04    
4.23196e-01    9.69807e-04    
4.30396e-01    1.01610e-03    
4.37718e-01    1.06447e-03    
4.45165e-01    1.11499e-03    
4.52739e-01    1.16775e-03    
4.60441e-01    1.22283e-03    
4.68275e-01    1.28032e-03    
4.76242e-01    1.34031e-03    
4.84344e-01    1.40289e-03    
4.92584e-01    1.46816e-03    
5.00965e-01    1.53621e-03    
5.09487e-01    1.60713e-03    
5.18155e-01    1.68104e-03    
5.26971e-01    1.75803e-03    
5.35936e-01    1.83821e-03    
5.45054e-01    1.92167e-03    
5.54327e-01    2.00852e-03    
5.63758e-01    2.09887e-03    
5.73349e-01    2.19282e-03    
5.83104e-01    2.29048e-03    
5.93024e-01    2.39196e-03    
6.03113e-01    2.49737e-03    
6.13374e-01    2.60681e-03    
6.23810e-01    2.72038e-03    
6.34423e-01    2.83819e-03    
6.45216e-01    2.96034e-03    
6.56193e-01    3.08694e-03    
6.67357e-01    3.21808e-03    
6.78711e-01    3.35385e-03    
6.90258e-01    3.49434e-03    
7.02001e-01    3.63964e-03    
7.13945e-01    3.78984e-03    
7.26091e-01    3.94500e-03    
7.38444e-01    4.10519e-03    
7.51007e-01    4.27048e-03    
7.63784e-01    4.44091e-03    
7.76779e-01    4.61654e-03    
7.89994e-01    4.79740e-03    
8.03434e-01    4.98351e-03    
8.17103e-01    5.17489e-03    
8.31005e-01    5.37153e-03    
8.45143e-01    5.57343e-03    
8.59521e-01    5.78055e-03    
8.74144e-01    5.99287e-03    
8.89016e-01    6.21030e-03    
9.04141e-01    6.43280e-03    
9.19524e-01    6.66025e-03    
9.35167e-01    6.89255e-03    
9.51078e-01    7.12956e-03    
9.67258e-01    7.37114e-03    
9.83714e-01    7.61712e-03    
1.00045e+00    7.86729e-03    
1.01747e+00    8.12143e-03    
1.03478e+00    8.37931e-03    
1.05239e+00    8.64065e-03    
1.07029e+00    8.90517e-03    
1.08850e+00    9.17255e-03    
1.10702e+00    9.44245e-03    
1.12585e+00    9.71448e-03    
1.14501e+00    9.98828e-03    
1.16449e+00    1.02634e-02    
1.18430e+00    1.05394e-02    
1.20445e+00    1.08158e-02    
1.22494e+00    1.10921e-02    
1.24578e+00    1.13677e-02    
1.26697e+00    1.16422e-02    
1.28853e+00    1.19148e-02    
1.31045e+00    1.21851e-02    
1.33274e+00    1.24524e-02    
1.35542e+00    1.27160e-02    
1.37848e+00    1.29753e-02    
1.40193e+00    1.32296e-02    
1.42578e+00    1.34781e-02    
1.45004e+00    1.37203e-02    
1.47471e+00    1.39555e-02    
1.49980e+00    1.41828e-02    
1.52531e+00    1.44018e-02    
1.55126e+00    1.46116e-02    
1.57766e+00    1.48118e-02    
1.60450e+00    1.50016e-02    
1.63180e+00    1.51806e-02    
1.65956e+00    1.53482e-02    
1.68779e+00    1.55040e-02    
1.71651e+00    1.56475e-02    
1.74571e+00    1.57783e-02    
1.77541e+00    1.58961e-02    
1.80561e+00    1.60006e-02    
1.83633e+00    1.60915e-02    
1.86757e+00    1.61686e-02    
1.89935e+00    1.62316e-02    
1.93166e+00    1.62805e-02    
1.96453e+00    1.63150e-02    
1.99795e+00    1.63350e-02    
2.03194e+00    1.63405e-02    
2.06651e+00    1.63313e-02    
2.10167e+00    1.63077e-02    
2.13742e+00    1.62695e-02    
2.17379e+00    1.62170e-02    
2.21077e+00    1.61505e-02    
2.24838e+00    1.60701e-02    
2.28663e+00    1.59764e-02    
2.32554e+00    1.58698e-02    
2.36510e+00    1.57508e-02    
2.40534e+00    1.56201e-02    
2.44626e+00    1.54783e-02    
2.48788e+00    1.53262e-02    
2.53021e+00    1.51643e-02    
2.57325e+00    1.49936e-02    
2.61703e+00    1.48145e-02    
2.66156e+00    1.46279e-02    
2.70684e+00    1.44343e-02    
2.75289e+00    1.42344e-02    
2.79972e+00    1.40288e-02    
2.84736e+00    1.38179e-02    
2.89580e+00    1.36023e-02    
2.94507e+00    1.33823e-02    
2.99517e+00    1.31585e-02    
3.04613e+00    1.29311e-02    
3.09795e+00    1.27005e-02    
3.15066e+00    1.24670e-02    
3.20426e+00    1.22309e-02    
3.25877e+00    1.19924e-02    
3.31422e+00    1.17518e-02    
3.37060e+00    1.15093e-02    
3.42795e+00    1.12652e-02    
3.48627e+00    1.10198e-02    
3.54558e+00    1.07733e-02    
3.60590e+00    1.05261e-02    
3.66725e+00    1.02786e-02    
3.72964e+00    1.00312e-02    
3.79309e+00    9.78432e-03    
3.85762e+00    9.53856e-03    
3.92325e+00    9.29446e-03    
3.99000e+00    9.05257e-03    
4.05788e+00    8.81338e-03    
4.12692e+00    8.57729e-03    
4.19713e+00    8.34465e-03    
4.26854e+00    8.11571e-03    
4.34116e+00    7.89065e-03    
4.41502e+00    7.66960e-03    
4.49013e+00    7.45263e-03    
4.56652e+00    7.23978e-03    
4.64421e+00    7.03106e-03    
4.72322e+00    6.82644e-03    
4.80358e+00    6.62591e-03    
4.88530e+00    6.42941e-03    
4.96842e+00    6.23689e-03    
5.05295e+00    6.04830e-03    
5.13891e+00    5.86357e-03    
5.22634e+00    5.68263e-03    
5.31526e+00    5.50543e-03    
5.40569e+00    5.33191e-03    
5.49765e+00    5.16204e-03    
5.59119e+00    4.99579e-03    
5.68631e+00    4.83313e-03    
5.78305e+00    4.67406e-03    
5.88144e+00    4.51854e-03    
5.98150e+00    4.36659e-03    
6.08326e+00    4.21818e-03    
6.18676e+00    4.07333e-03    
6.29202e+00    3.93202e-03    
6.39906e+00    3.79424e-03    
6.50793e+00    3.65998e-03    
6.61865e+00    3.52923e-03    
6.73125e+00    3.40196e-03    
6.84577e+00    3.27817e-03    
6.96224e+00    3.15782e-03    
7.08069e+00    3.04089e-03    
7.20116e+00    2.92737e-03    
7.32367e+00    2.81721e-03    
7.44827e+00    2.71039e-03    
7.57499e+00    2.60689e-03    
7.70386e+00    2.50667e-03    
7.83493e+00    2.40969e-03    
7.96822e+00    2.31592e-03    
8.10379e+00    2.22531e-03    
8.24166e+00    2.13783e-03    
8.38187e+00    2.05343e-03    
8.52448e+00    1.97209e-03    
8.66950e+00    1.89375e-03    
8.81700e+00    1.81839e-03    
8.96700e+00    1.74595e-03    
9.11956e+00    1.67638e-03    
9.27471e+00    1.60962e-03    
9.43250e+00    1.54559e-03    
9.59298e+00    1.48421e-03    
9.75619e+00    1.42538e-03    
9.92217e+00    1.36899e-03    
1.00910e+01    1.31493e-03    
1.02627e+01    1.26306e-03    
1.04373e+01    1.21326e-03    
1.06148e+01    1.16542e-03    
1.07954e+01    1.11942e-03    
1.09791e+01    1.07517e-03    
1.11659e+01    1.03257e-03    
1.13558e+01    9.91533e-04    
1.15490e+01    9.51999e-04    
1.17455e+01    9.13905e-04    
1.19453e+01    8.77202e-04    
1.21486e+01    8.41846e-04    
1.23553e+01    8.07797e-04    
1.25655e+01    7.75016e-04    
1.27792e+01    7.43465e-04    
1.29967e+01    7.13107e-04    
1.32178e+01    6.83905e-04    
1.34426e+01    6.55823e-04    
1.36713e+01    6.28823e-04    
1.39039e+01    6.02869e-04    
1.41405e+01    5.77924e-04    
1.43811e+01    5.53950e-04    
1.46257e+01    5.30912e-04    
1.48746e+01    5.08777e-04    
1.51276e+01    4.87511e-04    
1.53850e+01    4.67082e-04    
1.56467e+01    4.47460e-04    
1.59129e+01    4.28615e-04    
1.61837e+01    4.10519e-04    
1.64590e+01    3.93144e-04    
1.67390e+01    3.76464e-04    
1.70238e+01    3.60454e-04    
1.73134e+01    3.45088e-04    
1.76080e+01    3.30344e-04    
1.79075e+01    3.16197e-04    
1.82122e+01    3.02626e-04    
1.85221e+01    2.89609e-04    
1.88372e+01    2.77125e-04    
1.91576e+01    2.65154e-04    
1.94836e+01    2.53676e-04    
1.98151e+01    2.42672e-04    
2.01522e+01    2.32125e-04    
2.04950e+01    2.22017e-04    
2.08437e+01    2.12333e-04    
2.11983e+01    2.03058e-04    
2.15590e+01    1.94176e-04    
2.19258e+01    1.85671e-04    
2.22988e+01    1.77530e-04    
2.26782e+01    1.69737e-04    
2.30640e+01    1.62274e-04    
2.34564e+01    1.55125e-04    
2.38554e+01    1.48281e-04    
2.42613e+01    1.41727e-04    
2.46741e+01    1.35451e-04    
2.50938e+01    1.29443e-04    
2.55208e+01    1.23691e-04    
2.59549e+01    1.18185e-04    
2.63965e+01    1.12916e-04    
2.68456e+01    1.07873e-04    
2.73023e+01    1.03047e-04    
2.77668e+01    9.84291e-05    
2.82392e+01    9.40114e-05    
2.87197e+01    8.97851e-05    
2.92083e+01    8.57425e-05    
2.97052e+01    8.18758e-05    
3.02106e+01    7.81778e-05    
3.07246e+01    7.46414e-05    
3.12473e+01    7.12599e-05    
3.17789e+01    6.80268e-05    
3.23196e+01    6.49358e-05    
3.28694e+01    6.19809e-05    
3.34286e+01    5.91565e-05    
3.39973e+01    5.64569e-05    
3.45757e+01    5.38769e-05    
3.51640e+01    5.14114e-05    
3.57622e+01    4.90555e-05    
3.63707e+01    4.68045e-05    
3.69894e+01    4.46539e-05    
3.76187e+01    4.25994e-05    
3.82588e+01    4.06368e-05    
3.89097e+01    3.87623e-05    
3.95716e+01    3.69720e-05    
4.02449e+01    3.52622e-05    
4.09296e+01    3.36294e-05    
4.16259e+01    3.20703e-05    
4.23341e+01    3.05817e-05    
4.30543e+01    2.91605e-05    
4.37868e+01    2.78038e-05    
4.45318e+01    2.65086e-05    
4.52894e+01    2.52724e-05    
4.60599e+01    2.40925e-05    
4.68435e+01    2.29664e-05    
4.76405e+01    2.18918e-05    
4.84510e+01    2.08663e-05    
4.92753e+01    1.98878e-05    
5.01136e+01    1.89542e-05    
5.09662e+01    1.80635e-05    
5.18333e+01    1.72138e-05    
5.27151e+01    1.64032e-05    
5.36120e+01    1.56300e-05    
5.45241e+01    1.48926e-05    
5.54517e+01    1.41893e-05    
5.63951e+01    1.35185e-05    
5.73546e+01    1.28788e-05    
5.83304e+01    1.22689e-05    
5.93227e+01    1.16873e-05    
6.03320e+01    1.11328e-05    
6.13584e+01    1.06041e-05    
6.24023e+01    1.01001e-05    
6.34640e+01    9.61965e-06    
6.45437e+01    9.16167e-06    
6.56418e+01    8.72514e-06    
6.67586e+01    8.30907e-06    
6.78943e+01    7.91253e-06    
6.90494e+01    7.53463e-06    
7.02242e+01    7.17450e-06    
7.14189e+01    6.83133e-06    
7.26340e+01    6.50434e-06    
7.38697e+01    6.19277e-06    
7.51265e+01    5.89593e-06    
7.64046e+01    5.61313e-06    
7.77045e+01    5.34371e-06    
7.90265e+01    5.08705e-06    
8.03710e+01    4.84257e-06    
8.17383e+01    4.60970e-06    
8.31289e+01    4.38790e-06    
8.45432e+01    4.17664e-06    
8.59816e+01    3.97544e-06    
8.74444e+01    3.78383e-06    
8.89321e+01    3.60136e-06    
9.04451e+01    3.42760e-06    
9.19838e+01    3.26215e-06    
9.35488e+01    3.10460e-06    
9.51403e+01    2.95460e-06    
9.67590e+01    2.81178e-06    
9.84051e+01    2.67581e-06    
1.00079e+02    2.54636e-06    
1.01782e+02    2.42313e-06    
1.03514e+02    2.30582e-06    
1.05275e+02    2.19415e-06    
1.07066e+02    2.08786e-06    
1.08887e+02    1.98669e-06    
1.10740e+02    1.89039e-06    
1.12624e+02    1.79874e-06    
1.14540e+02    1.71152e-06    
1.16489e+02    1.62850e-06    
1.18470e+02    1.54951e-06    
1.20486e+02    1.47433e-06    
1.22536e+02    1.40279e-06    
1.24621e+02    1.33472e-06    
1.26741e+02    1.26995e-06    
1.28897e+02    1.20832e-06    
1.31090e+02    1.14968e-06    
1.33320e+02    1.09389e-06    
1.35588e+02    1.04081e-06    
1.37895e+02    9.90317e-07    
1.40241e+02    9.42278e-07    
1.42627e+02    8.96578e-07    
1.45054e+02    8.53105e-07    
1.47521e+02    8.11751e-07    
1.50031e+02    7.72415e-07    
1.52584e+02    7.34998e-07    
1.55180e+02    6.99409e-07    
1.57820e+02    6.65559e-07    
1.60505e+02    6.33363e-07    
1.63235e+02    6.02743e-07    
1.66013e+02    5.73620e-07    
1.68837e+02    5.45923e-07    
1.71709e+02    5.19582e-07    
1.74631e+02    4.94532e-07    
1.77602e+02    4.70709e-07    
1.80623e+02    4.48053e-07    
1.83696e+02    4.26508e-07    
1.86821e+02    4.06020e-07    
1.90000e+02    3.86536e-07    
1.93232e+02    3.68007e-07    
1.96520e+02    3.50387e-07    
1.99863e+02    3.33630e-07    
2.03264e+02    3.17695e-07    
2.06722e+02    3.02540e-07    
2.10239e+02    2.88127e-07    
2.13815e+02    2.74420e-07    
2.17453e+02    2.61383e-07    
2.21153e+02    2.48984e-07    
2.24915e+02    2.37189e-07    
2.28742e+02    2.25970e-07    
2.32633e+02    2.15298e-07    
2.36591e+02    2.05145e-07    
2.40616e+02    1.95486e-07    
2.44710e+02    1.86295e-07    
2.48873e+02    1.77550e-07    
2.53107e+02    1.69228e-07    
2.57413e+02    1.61308e-07    
2.61793e+02    1.53770e-07    
2.66247e+02    1.46594e-07    
2.70776e+02    1.39763e-07    
2.75383e+02    1.33260e-07    
2.80068e+02    1.27068e-07    
2.84833e+02    1.21172e-07    
2.89679e+02    1.15556e-07    
2.94607e+02    1.10208e-07    
2.99620e+02    1.05113e-07    
3.04717e+02    1.00260e-07    
3.09901e+02    9.56358e-08    
3.15174e+02    9.12299e-08    
3.20536e+02    8.70314e-08    
3.25989e+02    8.30301e-08    
3.31535e+02    7.92165e-08    
3.37176e+02    7.55813e-08    
3.42912e+02    7.21160e-08    
3.48746e+02    6.88123e-08    
3.54679e+02    6.56624e-08    
3.60713e+02    6.26589e-08    
3.66850e+02    5.97948e-08    
3.73092e+02    5.70635e-08    
3.79439e+02    5.44585e-08    
3.85894e+02    5.19740e-08    
3.92460e+02    4.96041e-08    
3.99137e+02    4.73434e-08    
4.05927e+02    4.51869e-08    
4.12833e+02    4.31295e-08    
4.19857e+02    4.11667e-08    
4.27000e+02    3.92939e-08    
4.34265e+02    3.75070e-08    
4.41653e+02    3.58020e-08    
4.49167e+02    3.41751e-08    
4.56808e+02    3.26225e-08    
4.64580e+02    3.11410e-08    
4.72484e+02    2.97271e-08    
4.80522e+02    2.83778e-08    
4.88698e+02    2.70900e-08    
4.97012e+02    2.58609e-08    
5.05468e+02    2.46879e-08    
5.14067e+02    2.35683e-08    
5.22813e+02    2.24996e-08    
5.31708e+02    2.14796e-08    
5.40754e+02    2.05060e-08    
5.49954e+02    1.95767e-08    
5.59310e+02    1.86896e-08    
5.68826e+02    1.78428e-08    
5.78503e+02    1.70345e-08    
5.88345e+02    1.62630e-08    
5.98355e+02    1.55264e-08    
6.08535e+02    1.48233e-08    
6.18888e+02    1.41521e-08    
6.29417e+02    1.35113e-08    
6.40125e+02    1.28996e-08    
6.51016e+02    1.23157e-08    
6.62092e+02    1.17582e-08    
6.73356e+02    1.12260e-08    
6.84812e+02    1.07180e-08    
6.96463e+02    1.02329e-08    
7.08312e+02    9.76986e-09    
7.20362e+02    9.32779e-09    
7.32618e+02    8.90575e-09    
7.45082e+02    8.50283e-09    
7.57758e+02    8.11815e-09    
7.70650e+02    7.75090e-09    
7.83761e+02    7.40029e-09    
7.97095e+02    7.06555e-09    
8.10656e+02    6.74597e-09    
8.24448e+02    6.44085e-09    
8.38475e+02    6.14956e-09    
8.52740e+02    5.87144e-09    
8.67247e+02    5.60592e-09    
8.82002e+02    5.35242e-09    
8.97008e+02    5.11039e-09    
9.12268e+02    4.87931e-09    
9.27789e+02    4.65869e-09    
9.43574e+02    4.44806e-09    
9.59627e+02    4.24695e-09    
9.75953e+02    4.05495e-09    
9.92557e+02    3.87163e-09    
1.00944e+03    3.69661e-09    
1.02662e+03    3.52951e-09    
1.04408e+03    3.36996e-09    
1.06185e+03    3.21764e-09    
1.07991e+03    3.07220e-09    
1.09828e+03    2.93334e-09    
1.11697e+03    2.80077e-09    
1.13597e+03    2.67419e-09    
1.15530e+03    2.55333e-09    
1.17495e+03    2.43794e-09    
1.19494e+03    2.32777e-09    
1.21527e+03    2.22258e-09    
1.23595e+03    2.12215e-09    
1.25698e+03    2.02626e-09    
1.27836e+03    1.93471e-09    
1.30011e+03    1.84729e-09    
1.32223e+03    1.76383e-09    
1.34472e+03    1.68414e-09    
1.36760e+03    1.60806e-09    
1.39087e+03    1.53541e-09    
1.41453e+03    1.46605e-09    
1.43860e+03    1.39983e-09    
1.46307e+03    1.33660e-09    
1.48796e+03    1.27622e-09    
1.51328e+03    1.21858e-09    
1.53903e+03    1.16354e-09    
1.56521e+03    1.11099e-09    
1.59184e+03    1.06082e-09    
1.61892e+03    1.01291e-09    
1.64646e+03    9.67168e-10    
1.67447e+03    9.23494e-10    
1.70296e+03    8.81793e-10    
1.73194e+03    8.41976e-10    
1.76140e+03    8.03959e-10    
1.79137e+03    7.67660e-10    
1.82184e+03    7.33001e-10    
1.85284e+03    6.99908e-10    
1.88436e+03    6.68311e-10    
1.91642e+03    6.38141e-10    
1.94903e+03    6.09334e-10    
1.98218e+03    5.81829e-10    
2.01591e+03    5.55567e-10    
2.05020e+03    5.30490e-10    
2.08508e+03    5.06547e-10    
2.12056e+03    4.83685e-10    
2.15664e+03    4.61856e-10    
2.19333e+03    4.41013e-10    
2.23064e+03    4.21112e-10    
2.26859e+03    4.02109e-10    
2.30719e+03    3.83965e-10    
2.34644e+03    3.66640e-10    
2.38636e+03    3.50097e-10    
2.42696e+03    3.34302e-10    
2.46825e+03    3.19220e-10    
2.51024e+03    3.04819e-10    
2.55295e+03    2.91068e-10    
2.59638e+03    2.77938e-10    
2.64056e+03    2.65401e-10    
2.68548e+03    2.53430e-10    
2.73117e+03    2.42000e-10    
2.77763e+03    2.31085e-10    
2.82489e+03    2.20663e-10    
2.87295e+03    2.10712e-10    
2.92183e+03    2.01210e-10    
2.97154e+03    1.92137e-10    
3.02209e+03    1.83473e-10    
3.07351e+03    1.75201e-10    
3.12580e+03    1.67302e-10    
3.17898e+03    1.59759e-10    
3.23306e+03    1.52557e-10    
3.28807e+03    1.45679e-10    
3.34401e+03    1.39112e-10    
3.40090e+03    1.32842e-10    
3.45876e+03    1.26854e-10    
3.51760e+03    1.21137e-10    
3.57745e+03    1.15677e-10    
3.63831e+03    1.10464e-10    
3.70021e+03    1.05486e-10    
3.76316e+03    1.00732e-10    
3.82719e+03    9.61935e-11    
3.89230e+03    9.18592e-11    
3.95852e+03    8.77204e-11    
4.02587e+03    8.37684e-11    
4.09436e+03    7.99945e-11    
4.16402e+03    7.63909e-11    
4.23486e+03    7.29498e-11    
4.30691e+03    6.96638e-11    
4.38018e+03    6.65261e-11    
4.45470e+03    6.35298e-11    
4.53049e+03    6.06686e-11    
4.60757e+03    5.79364e-11    
4.68596e+03    5.53275e-11    
4.76568e+03    5.28361e-11    
4.84676e+03    5.04570e-11    
4.92922e+03    4.81852e-11    
5.01308e+03    4.60158e-11    
5.09837e+03    4.39442e-11    
5.18510e+03    4.19659e-11    
5.27332e+03    4.00768e-11    
5.36303e+03    3.82729e-11    
5.45428e+03    3.65502e-11    
5.54707e+03    3.49052e-11    
5.64144e+03    3.33343e-11    
5.73742e+03    3.18342e-11    
5.83503e+03    3.04016e-11    
5.93431e+03    2.90336e-11    
6.03527e+03    2.77273e-11    
6.13795e+03    2.64798e-11    
6.24237e+03    2.52885e-11    
6.34857e+03    2.41508e-11    
6.45658e+03    2.30644e-11    
6.56643e+03    2.20269e-11    
6.67814e+03    2.10362e-11    
6.79176e+03    2.00900e-11    
6.90731e+03    1.91865e-11    
7.02482e+03    1.83236e-11    
7.14434e+03    1.74996e-11    
7.26589e+03    1.67128e-11    
7.38950e+03    1.59613e-11    
7.51522e+03    1.52437e-11    
7.64308e+03    1.45583e-11    
7.77311e+03    1.39038e-11    
7.90535e+03    1.32788e-11    
8.03985e+03    1.26819e-11    
8.17663e+03    1.21119e-11    
8.31574e+03    1.15675e-11    
8.45722e+03    1.10477e-11    
8.60110e+03    1.05512e-11    
8.74743e+03    1.00771e-11    
8.89625e+03    9.62425e-12    
9.04761e+03    9.19182e-12    
9.20154e+03    8.77884e-12    
9.35808e+03    8.38445e-12    
9.51729e+03    8.00779e-12    
9.67921e+03    7.64808e-12    
9.84388e+03    7.30454e-12    
1.00114e+04    6.97646e-12    
1.01817e+04    6.66313e-12    
1.03549e+04    6.36389e-12    
1.05311e+04    6.07811e-12    
1.07102e+04    5.80518e-12    
1.08925e+04    5.54452e-12    
1.10778e+04    5.29558e-12    
1.12662e+04    5.05783e-12    
1.14579e+04    4.83077e-12    
1.16528e+04    4.61392e-12    
1.18511e+04    4.40681e-12    
1.20527e+04    4.20901e-12    
1.22578e+04    4.02011e-12    
1.24663e+04    3.83969e-12    
1.26784e+04    3.66738e-12    
1.28941e+04    3.50281e-12    
1.31135e+04    3.34564e-12    
1.33366e+04    3.19553e-12    
1.35635e+04    3.05216e-12    
1.37942e+04    2.91524e-12    
1.40289e+04    2.78446e-12    
1.42676e+04    2.65956e-12    
1.45103e+04    2.54027e-12    
1.47572e+04    2.42634e-12    
1.50083e+04    2.31752e-12    
1.52636e+04    2.21359e-12    
1.55233e+04    2.11433e-12    
1.57874e+04    2.01953e-12    
1.60560e+04    1.92898e-12    
1.63291e+04    1.84250e-12    
1.66069e+04    1.75990e-12    
1.68895e+04    1.68100e-12    
1.71768e+04    1.60565e-12    
1.74690e+04    1.53369e-12    
1.77663e+04    1.46495e-12    
1.80685e+04    1.39929e-12    
1.83759e+04    1.33659e-12    
1.86885e+04    1.27669e-12    
1.90065e+04    1.21949e-12    
1.93299e+04    1.16485e-12    
1.96587e+04    1.11266e-12    
1.99932e+04    1.06281e-12    
2.03333e+04    1.01520e-12    
2.06793e+04    9.69730e-13    
2.10311e+04    9.26295e-13    
2.13889e+04    8.84809e-13    
2.17528e+04    8.45183e-13    
2.21228e+04    8.07334e-13    
2.24992e+04    7.71183e-13    
2.28820e+04    7.36652e-13    
2.32713e+04    7.03670e-13    
2.36672e+04    6.72166e-13    
2.40699e+04    6.42075e-13    
2.44794e+04    6.13333e-13    
2.48958e+04    5.85879e-13    
2.53194e+04    5.59656e-13    
2.57502e+04    5.34608e-13    
2.61883e+04    5.10682e-13    
2.66338e+04    4.87829e-13    
2.70869e+04    4.66000e-13    
2.75478e+04    4.45149e-13    
2.80164e+04    4.25232e-13    
2.84931e+04    4.06208e-13    
2.89778e+04    3.88036e-13    
2.94708e+04    3.70678e-13    
2.99722e+04    3.54097e-13    
3.04821e+04    3.38259e-13    
3.10007e+04    3.23131e-13    
3.15282e+04    3.08680e-13    
3.20645e+04    2.94876e-13    
3.26101e+04    2.81691e-13    
3.31649e+04    2.69095e-13    
3.37291e+04    2.57064e-13    
3.43029e+04    2.45571e-13    
3.48865e+04    2.34593e-13    
3.54801e+04    2.24106e-13    
3.60837e+04    2.14089e-13    
3.66976e+04    2.04520e-13    
3.73219e+04    1.95379e-13    
3.79569e+04    1.86648e-13    
3.86027e+04    1.78307e-13    
3.92594e+04    1.70339e-13    
3.99273e+04    1.62728e-13    
4.06066e+04    1.55458e-13    
4.12975e+04    1.48512e-13    
4.20001e+04    1.41878e-13    
4.27146e+04    1.35540e-13    
4.34413e+04    1.29486e-13    
4.41804e+04    1.23702e-13    
4.49320e+04    1.18178e-13    
4.56965e+04    1.12900e-13    
4.64739e+04    1.07858e-13    
4.72646e+04    1.03042e-13    
4.80687e+04    9.84409e-14    
4.88865e+04    9.40456e-14    
4.97182e+04    8.98469e-14    
5.05641e+04    8.58359e-14    
5.14243e+04    8.20042e-14    
5.22992e+04    7.83438e-14    
5.31890e+04    7.48469e-14    
5.40939e+04    7.15064e-14    
5.50142e+04    6.83151e-14    
5.59502e+04    6.52665e-14    
5.69020e+04    6.23541e-14    
5.78701e+04    5.95718e-14    
5.88547e+04    5.69138e-14    
5.98560e+04    5.43746e-14    
6.08743e+04    5.19488e-14    
6.19100e+04    4.96314e-14    
6.29633e+04    4.74175e-14    
6.40345e+04    4.53025e-14    
6.51239e+04    4.32819e-14    
6.62318e+04    4.13516e-14    
6.73587e+04    3.95075e-14    
6.85046e+04    3.77457e-14    
6.96701e+04    3.60626e-14    
7.08554e+04    3.44546e-14    
7.20609e+04    3.29184e-14    
7.32869e+04    3.14509e-14    
7.45337e+04    3.00488e-14    
7.58018e+04    2.87093e-14    
7.70914e+04    2.74296e-14    
7.84029e+04    2.62070e-14    
7.97368e+04    2.50390e-14    
8.10934e+04    2.39230e-14    
8.24731e+04    2.28569e-14    
8.38762e+04    2.18384e-14    
8.53032e+04    2.08653e-14    
8.67544e+04    1.99356e-14    
8.82304e+04    1.90474e-14    
8.97315e+04    1.81988e-14    
9.12581e+04    1.73881e-14    
9.28107e+04    1.66136e-14    
9.43897e+04    1.58735e-14    
9.59955e+04    1.51665e-14    
9.76287e+04    1.44910e-14    
9.92897e+04    1.38457e-14    
1.00979e+05    1.32291e-14    
1.02697e+05    1.26400e-14    
1.04444e+05    1.20772e-14    
1.06221e+05    1.15394e-14    
1.08028e+05    1.10257e-14    
1.09866e+05    1.05348e-14    
1.11735e+05    1.00658e-14    
1.13636e+05    9.61775e-15    
1.15569e+05    9.18964e-15    
1.17536e+05    8.78061e-15    
1.19535e+05    8.38981e-15    
1.21569e+05    8.01642e-15    
1.23637e+05    7.65967e-15    
1.25741e+05    7.31882e-15    
1.27880e+05    6.99315e-15    
1.30056e+05    6.68200e-15    
1.32268e+05    6.38470e-15    
1.34519e+05    6.10065e-15    
1.36807e+05    5.82924e-15    
1.39135e+05    5.56993e-15    
1.41502e+05    5.32217e-15    
1.43909e+05    5.08544e-15    
1.46357e+05    4.85925e-15    
1.48847e+05    4.64314e-15    
1.51380e+05    4.43665e-15    
1.53955e+05    4.23935e-15    
1.56575e+05    4.05083e-15    
1.59238e+05    3.87071e-15    
1.61947e+05    3.69861e-15    
1.64703e+05    3.53417e-15    
1.67505e+05    3.37705e-15    
1.70355e+05    3.22692e-15    
1.73253e+05    3.08347e-15    
1.76200e+05    2.94641e-15    
1.79198e+05    2.81544e-15    
1.82247e+05    2.69031e-15    
1.85347e+05    2.57074e-15    
1.88501e+05    2.45649e-15    
1.91708e+05    2.34733e-15    
1.94969e+05    2.24302e-15    
1.98286e+05    2.14335e-15    
2.01660e+05    2.04812e-15    
2.05091e+05    1.95712e-15    
2.08580e+05    1.87017e-15    
2.12128e+05    1.78709e-15    
2.15737e+05    1.70770e-15    
2.19408e+05    1.63185e-15    
2.23141e+05    1.55936e-15    
2.26937e+05    1.49010e-15    
2.30798e+05    1.42392e-15    
2.34724e+05    1.36068e-15    
2.38718e+05    1.30025e-15    
2.42779e+05    1.24251e-15    
2.46910e+05    1.18734e-15    
2.51110e+05    1.13462e-15    
2.55382e+05    1.08424e-15    
2.59727e+05    1.03610e-15    
2.64146e+05    9.90106e-16    
2.68640e+05    9.46152e-16    
2.73210e+05    9.04151e-16    
2.77859e+05    8.64016e-16    
2.82586e+05    8.25665e-16    
2.87393e+05    7.89018e-16    
2.92283e+05    7.54000e-16    
2.97256e+05    7.20537e-16    
3.02313e+05    6.88561e-16    
3.07456e+05    6.58005e-16    
3.12687e+05    6.28807e-16    
3.18007e+05    6.00906e-16    
3.23417e+05    5.74244e-16    
3.28919e+05    5.48766e-16    
3.34515e+05    5.24420e-16    
3.40206e+05    5.01155e-16    
3.45994e+05    4.78923e-16    
3.51881e+05    4.57678e-16    
3.57867e+05    4.37377e-16    
3.63956e+05    4.17977e-16    
3.70148e+05    3.99439e-16    
3.76445e+05    3.81724e-16    
3.82850e+05    3.64795e-16    
3.89363e+05    3.48617e-16    
3.95987e+05    3.33158e-16    
4.02724e+05    3.18385e-16    
4.09576e+05    3.04268e-16    
4.16544e+05    2.90777e-16    
4.23631e+05    2.77885e-16    
4.30838e+05    2.65565e-16    
4.38168e+05    2.53792e-16    
4.45623e+05    2.42541e-16    
4.53204e+05    2.31790e-16    
4.60914e+05    2.21515e-16    
4.68756e+05    2.11697e-16    
4.76731e+05    2.02314e-16    
4.84842e+05    1.93347e-16    
4.93090e+05    1.84779e-16    
5.01479e+05    1.76590e-16    
5.10011e+05    1.68764e-16    
5.18688e+05    1.61286e-16    
5.27513e+05    1.54139e-16    
5.36487e+05    1.47310e-16    
5.45614e+05    1.40783e-16    
5.54897e+05    1.34545e-16    
5.64338e+05    1.28585e-16    
5.73939e+05    1.22888e-16    
5.83703e+05    1.17444e-16    
5.93634e+05    1.12242e-16    
6.03733e+05    1.07270e-16    
6.14005e+05    1.02519e-16    
6.24451e+05    9.79780e-17    
6.35075e+05    9.36386e-17    
6.45879e+05    8.94915e-17    
6.56868e+05    8.55283e-17    
6.68043e+05    8.17408e-17    
6.79409e+05    7.81211e-17    
6.90967e+05    7.46618e-17    
7.02723e+05    7.13559e-17    
7.14679e+05    6.81965e-17    
7.26837e+05    6.51771e-17    
7.39203e+05    6.22915e-17    
7.51779e+05    5.95338e-17    
7.64569e+05    5.68982e-17    
7.77577e+05    5.43795e-17    
7.90806e+05    5.19723e-17    
8.04260e+05    4.96718e-17    
8.17943e+05    4.74732e-17    
8.31859e+05    4.53720e-17    
8.46011e+05    4.33638e-17    
8.60405e+05    4.14447e-17    
8.75043e+05    3.96105e-17    
8.89930e+05    3.78576e-17    
9.05071e+05    3.61823e-17    
9.20469e+05    3.45812e-17    
9.36129e+05    3.30511e-17    
9.52055e+05    3.15887e-17    
9.68253e+05    3.01910e-17    
9.84726e+05    2.88552e-17    
1.00148e+06    2.75786e-17    
1.01852e+06    2.63585e-17    
1.03585e+06    2.51925e-17    
1.05347e+06    2.40780e-17    
1.07139e+06    2.30129e-17    
1.08962e+06    2.19950e-17    
1.10816e+06    2.10221e-17    
1.12701e+06    2.00923e-17    
1.14618e+06    1.92036e-17    
1.16568e+06    1.83543e-17    
1.18552e+06    1.75426e-17    
1.20568e+06    1.67668e-17    
1.22620e+06    1.60253e-17    
1.24706e+06    1.53167e-17    
1.26828e+06    1.46394e-17    
1.28985e+06    1.39921e-17    
1.31180e+06    1.33734e-17    
1.33411e+06    1.27821e-17    
1.35681e+06    1.22170e-17    
1.37990e+06    1.16768e-17    
1.40337e+06    1.11606e-17    
1.42725e+06    1.06672e-17    
1.45153e+06    1.01957e-17    
1.47622e+06    9.74497e-18    
1.50134e+06    9.31421e-18    
1.52688e+06    8.90250e-18    
1.55286e+06    8.50901e-18    
1.57928e+06    8.13292e-18    
1.60615e+06    7.77347e-18    
1.63347e+06    7.42991e-18    
1.66126e+06    7.10155e-18    
1.68953e+06    6.78771e-18    
1.71827e+06    6.48775e-18    
1.74750e+06    6.20106e-18    
1.77723e+06    5.92704e-18    
1.80747e+06    5.66515e-18    
1.83822e+06    5.41483e-18    
1.86949e+06    5.17558e-18    
1.90130e+06    4.94691e-18    
1.93365e+06    4.72835e-18    
1.96654e+06    4.51945e-18    
2.00000e+06    4.31979e-18    

