# USINE V4.0
# File generated 13-05-2022 10:50:24
# Model1DKisoVc
# N
# SolMod0DFF_phi0_370GV
# R [GV]       TOA [GV m^{2} s sr]^{-1}
9.25159e-02    8.81634e-04    
9.40933e-02    9.26825e-04    
9.56975e-02    9.74321e-04    
9.73291e-02    1.02424e-03    
9.89886e-02    1.07670e-03    
1.00676e-01    1.13183e-03    
1.02393e-01    1.18976e-03    
1.04139e-01    1.25065e-03    
1.05914e-01    1.31463e-03    
1.07720e-01    1.38186e-03    
1.09556e-01    1.45252e-03    
1.11424e-01    1.52676e-03    
1.13324e-01    1.60477e-03    
1.15256e-01    1.68674e-03    
1.17221e-01    1.77287e-03    
1.19220e-01    1.86336e-03    
1.21253e-01    1.95845e-03    
1.23320e-01    2.05835e-03    
1.25422e-01    2.16331e-03    
1.27561e-01    2.27358e-03    
1.29736e-01    2.38943e-03    
1.31948e-01    2.51113e-03    
1.34197e-01    2.63899e-03    
1.36485e-01    2.77331e-03    
1.38812e-01    2.91440e-03    
1.41179e-01    3.06261e-03    
1.43586e-01    3.21830e-03    
1.46034e-01    3.38183e-03    
1.48524e-01    3.55360e-03    
1.51056e-01    3.73402e-03    
1.53632e-01    3.92351e-03    
1.56251e-01    4.12252e-03    
1.58915e-01    4.33154e-03    
1.61625e-01    4.55105e-03    
1.64380e-01    4.78157e-03    
1.67183e-01    5.02365e-03    
1.70033e-01    5.27786e-03    
1.72932e-01    5.54480e-03    
1.75881e-01    5.82509e-03    
1.78879e-01    6.11940e-03    
1.81929e-01    6.42841e-03    
1.85031e-01    6.75284e-03    
1.88186e-01    7.09346e-03    
1.91394e-01    7.45106e-03    
1.94658e-01    7.82647e-03    
1.97976e-01    8.22055e-03    
2.01352e-01    8.63422e-03    
2.04785e-01    9.06825e-03    
2.08276e-01    9.52356e-03    
2.11827e-01    1.00012e-02    
2.15439e-01    1.05021e-02    
2.19112e-01    1.10274e-02    
2.22848e-01    1.15782e-02    
2.26647e-01    1.21558e-02    
2.30512e-01    1.27613e-02    
2.34442e-01    1.33961e-02    
2.38439e-01    1.40614e-02    
2.42504e-01    1.47586e-02    
2.46639e-01    1.54892e-02    
2.50844e-01    1.62547e-02    
2.55121e-01    1.70566e-02    
2.59470e-01    1.78966e-02    
2.63894e-01    1.87762e-02    
2.68394e-01    1.96974e-02    
2.72970e-01    2.06618e-02    
2.77624e-01    2.16713e-02    
2.82357e-01    2.27279e-02    
2.87171e-01    2.38335e-02    
2.92067e-01    2.49904e-02    
2.97047e-01    2.62005e-02    
3.02112e-01    2.74661e-02    
3.07262e-01    2.87895e-02    
3.12501e-01    3.01731e-02    
3.17829e-01    3.16193e-02    
3.23248e-01    3.31307e-02    
3.28759e-01    3.47097e-02    
3.34365e-01    3.63591e-02    
3.40065e-01    3.80815e-02    
3.45863e-01    3.98799e-02    
3.51760e-01    4.17571e-02    
3.57758e-01    4.37159e-02    
3.63857e-01    4.57596e-02    
3.70061e-01    4.78910e-02    
3.76370e-01    5.01134e-02    
3.82787e-01    5.24300e-02    
3.89314e-01    5.48441e-02    
3.95951e-01    5.73590e-02    
4.02702e-01    5.99780e-02    
4.09568e-01    6.27046e-02    
4.16551e-01    6.55423e-02    
4.23653e-01    6.84945e-02    
4.30876e-01    7.15648e-02    
4.38223e-01    7.47567e-02    
4.45694e-01    7.80739e-02    
4.53293e-01    8.15197e-02    
4.61022e-01    8.50979e-02    
4.68882e-01    8.88119e-02    
4.76876e-01    9.26652e-02    
4.85007e-01    9.66614e-02    
4.93276e-01    1.00804e-01    
5.01686e-01    1.05096e-01    
5.10240e-01    1.09541e-01    
5.18939e-01    1.14142e-01    
5.27787e-01    1.18902e-01    
5.36785e-01    1.23824e-01    
5.45937e-01    1.28910e-01    
5.55245e-01    1.34164e-01    
5.64712e-01    1.39588e-01    
5.74340e-01    1.45184e-01    
5.84133e-01    1.50954e-01    
5.94092e-01    1.56899e-01    
6.04221e-01    1.63022e-01    
6.14523e-01    1.69322e-01    
6.25000e-01    1.75802e-01    
6.35656e-01    1.82460e-01    
6.46494e-01    1.89298e-01    
6.57516e-01    1.96315e-01    
6.68727e-01    2.03510e-01    
6.80128e-01    2.10882e-01    
6.91724e-01    2.18429e-01    
7.03518e-01    2.26148e-01    
7.15513e-01    2.34037e-01    
7.27712e-01    2.42092e-01    
7.40119e-01    2.50310e-01    
7.52738e-01    2.58684e-01    
7.65572e-01    2.67211e-01    
7.78624e-01    2.75884e-01    
7.91900e-01    2.84697e-01    
8.05401e-01    2.93641e-01    
8.19133e-01    3.02709e-01    
8.33099e-01    3.11892e-01    
8.47303e-01    3.21180e-01    
8.61749e-01    3.30563e-01    
8.76442e-01    3.40029e-01    
8.91385e-01    3.49568e-01    
9.06583e-01    3.59165e-01    
9.22040e-01    3.68808e-01    
9.37760e-01    3.78484e-01    
9.53749e-01    3.88175e-01    
9.70010e-01    3.97869e-01    
9.86548e-01    4.07548e-01    
1.00337e+00    4.17196e-01    
1.02048e+00    4.26796e-01    
1.03787e+00    4.36330e-01    
1.05557e+00    4.45782e-01    
1.07357e+00    4.55131e-01    
1.09187e+00    4.64361e-01    
1.11049e+00    4.73454e-01    
1.12942e+00    4.82390e-01    
1.14868e+00    4.91153e-01    
1.16826e+00    4.99726e-01    
1.18818e+00    5.08092e-01    
1.20844e+00    5.16234e-01    
1.22904e+00    5.24138e-01    
1.25000e+00    5.31788e-01    
1.27131e+00    5.39169e-01    
1.29298e+00    5.46266e-01    
1.31503e+00    5.53065e-01    
1.33745e+00    5.59552e-01    
1.36025e+00    5.65714e-01    
1.38344e+00    5.71537e-01    
1.40703e+00    5.77008e-01    
1.43102e+00    5.82112e-01    
1.45542e+00    5.86837e-01    
1.48023e+00    5.91171e-01    
1.50547e+00    5.95104e-01    
1.53114e+00    5.98628e-01    
1.55724e+00    6.01735e-01    
1.58379e+00    6.04420e-01    
1.61080e+00    6.06680e-01    
1.63826e+00    6.08514e-01    
1.66619e+00    6.09923e-01    
1.69460e+00    6.10912e-01    
1.72349e+00    6.11485e-01    
1.75288e+00    6.11648e-01    
1.78276e+00    6.11407e-01    
1.81316e+00    6.10768e-01    
1.84407e+00    6.09737e-01    
1.87551e+00    6.08319e-01    
1.90749e+00    6.06518e-01    
1.94001e+00    6.04336e-01    
1.97309e+00    6.01774e-01    
2.00673e+00    5.98832e-01    
2.04094e+00    5.95514e-01    
2.07574e+00    5.91824e-01    
2.11113e+00    5.87771e-01    
2.14713e+00    5.83364e-01    
2.18373e+00    5.78614e-01    
2.22097e+00    5.73536e-01    
2.25883e+00    5.68147e-01    
2.29734e+00    5.62467e-01    
2.33651e+00    5.56514e-01    
2.37635e+00    5.50308e-01    
2.41687e+00    5.43863e-01    
2.45807e+00    5.37198e-01    
2.49998e+00    5.30328e-01    
2.54261e+00    5.23268e-01    
2.58596e+00    5.16037e-01    
2.63005e+00    5.08648e-01    
2.67489e+00    5.01118e-01    
2.72049e+00    4.93465e-01    
2.76688e+00    4.85705e-01    
2.81405e+00    4.77855e-01    
2.86203e+00    4.69932e-01    
2.91083e+00    4.61950e-01    
2.96045e+00    4.53925e-01    
3.01093e+00    4.45867e-01    
3.06226e+00    4.37788e-01    
3.11448e+00    4.29698e-01    
3.16758e+00    4.21605e-01    
3.22158e+00    4.13516e-01    
3.27651e+00    4.05437e-01    
3.33237e+00    3.97371e-01    
3.38919e+00    3.89321e-01    
3.44697e+00    3.81289e-01    
3.50574e+00    3.73273e-01    
3.56551e+00    3.65269e-01    
3.62630e+00    3.57269e-01    
3.68813e+00    3.49265e-01    
3.75101e+00    3.41243e-01    
3.81497e+00    3.33190e-01    
3.88001e+00    3.25092e-01    
3.94616e+00    3.16939e-01    
4.01344e+00    3.08722e-01    
4.08187e+00    3.00445e-01    
4.15147e+00    2.92115e-01    
4.22225e+00    2.83754e-01    
4.29424e+00    2.75387e-01    
4.36745e+00    2.67047e-01    
4.44191e+00    2.58767e-01    
4.51765e+00    2.50578e-01    
4.59467e+00    2.42508e-01    
4.67301e+00    2.34578e-01    
4.75268e+00    2.26807e-01    
4.83371e+00    2.19208e-01    
4.91613e+00    2.11790e-01    
4.99995e+00    2.04557e-01    
5.08519e+00    1.97513e-01    
5.17189e+00    1.90657e-01    
5.26007e+00    1.83990e-01    
5.34975e+00    1.77509e-01    
5.44097e+00    1.71212e-01    
5.53373e+00    1.65097e-01    
5.62808e+00    1.59159e-01    
5.72404e+00    1.53395e-01    
5.82163e+00    1.47802e-01    
5.92089e+00    1.42377e-01    
6.02184e+00    1.37116e-01    
6.12451e+00    1.32015e-01    
6.22893e+00    1.27071e-01    
6.33513e+00    1.22282e-01    
6.44314e+00    1.17643e-01    
6.55299e+00    1.13151e-01    
6.66472e+00    1.08803e-01    
6.77835e+00    1.04596e-01    
6.89392e+00    1.00527e-01    
7.01146e+00    9.65927e-02    
7.13100e+00    9.27898e-02    
7.25258e+00    8.91155e-02    
7.37624e+00    8.55669e-02    
7.50200e+00    8.21410e-02    
7.62991e+00    7.88350e-02    
7.75999e+00    7.56459e-02    
7.89230e+00    7.25710e-02    
8.02686e+00    6.96074e-02    
8.16371e+00    6.67523e-02    
8.30290e+00    6.40027e-02    
8.44446e+00    6.13560e-02    
8.58844e+00    5.88093e-02    
8.73487e+00    5.63600e-02    
8.88380e+00    5.40051e-02    
9.03526e+00    5.17421e-02    
9.18931e+00    4.95682e-02    
9.34598e+00    4.74806e-02    
9.50533e+00    4.54766e-02    
9.66739e+00    4.35535e-02    
9.83222e+00    4.17085e-02    
9.99985e+00    3.99388e-02    
1.01703e+01    3.82415e-02    
1.03437e+01    3.66138e-02    
1.05201e+01    3.50529e-02    
1.06995e+01    3.35562e-02    
1.08819e+01    3.21209e-02    
1.10674e+01    3.07447e-02    
1.12561e+01    2.94250e-02    
1.14480e+01    2.81595e-02    
1.16432e+01    2.69461e-02    
1.18417e+01    2.57827e-02    
1.20436e+01    2.46674e-02    
1.22490e+01    2.35983e-02    
1.24578e+01    2.25737e-02    
1.26702e+01    2.15917e-02    
1.28862e+01    2.06508e-02    
1.31059e+01    1.97493e-02    
1.33294e+01    1.88857e-02    
1.35567e+01    1.80585e-02    
1.37878e+01    1.72663e-02    
1.40229e+01    1.65075e-02    
1.42620e+01    1.57809e-02    
1.45051e+01    1.50852e-02    
1.47524e+01    1.44190e-02    
1.50039e+01    1.37812e-02    
1.52598e+01    1.31706e-02    
1.55199e+01    1.25862e-02    
1.57845e+01    1.20267e-02    
1.60537e+01    1.14913e-02    
1.63274e+01    1.09789e-02    
1.66057e+01    1.04886e-02    
1.68889e+01    1.00195e-02    
1.71768e+01    9.57068e-03    
1.74697e+01    9.14134e-03    
1.77675e+01    8.73067e-03    
1.80705e+01    8.33788e-03    
1.83786e+01    7.96223e-03    
1.86919e+01    7.60301e-03    
1.90106e+01    7.25952e-03    
1.93347e+01    6.93110e-03    
1.96644e+01    6.61712e-03    
1.99996e+01    6.31697e-03    
2.03406e+01    6.03006e-03    
2.06874e+01    5.75583e-03    
2.10401e+01    5.49375e-03    
2.13989e+01    5.24328e-03    
2.17637e+01    5.00394e-03    
2.21348e+01    4.77524e-03    
2.25122e+01    4.55674e-03    
2.28960e+01    4.34799e-03    
2.32864e+01    4.14857e-03    
2.36834e+01    3.95807e-03    
2.40872e+01    3.77611e-03    
2.44978e+01    3.60232e-03    
2.49155e+01    3.43634e-03    
2.53403e+01    3.27783e-03    
2.57724e+01    3.12647e-03    
2.62118e+01    2.98194e-03    
2.66587e+01    2.84394e-03    
2.71132e+01    2.71218e-03    
2.75755e+01    2.58640e-03    
2.80456e+01    2.46633e-03    
2.85238e+01    2.35171e-03    
2.90101e+01    2.24231e-03    
2.95047e+01    2.13790e-03    
3.00078e+01    2.03824e-03    
3.05194e+01    1.94314e-03    
3.10397e+01    1.85239e-03    
3.15690e+01    1.76579e-03    
3.21072e+01    1.68317e-03    
3.26546e+01    1.60433e-03    
3.32114e+01    1.52912e-03    
3.37776e+01    1.45737e-03    
3.43535e+01    1.38893e-03    
3.49392e+01    1.32364e-03    
3.55349e+01    1.26136e-03    
3.61408e+01    1.20196e-03    
3.67570e+01    1.14531e-03    
3.73837e+01    1.09129e-03    
3.80210e+01    1.03977e-03    
3.86693e+01    9.90637e-04    
3.93286e+01    9.43790e-04    
3.99991e+01    8.99123e-04    
4.06811e+01    8.56534e-04    
4.13747e+01    8.15931e-04    
4.20801e+01    7.77222e-04    
4.27976e+01    7.40320e-04    
4.35272e+01    7.05144e-04    
4.42694e+01    6.71613e-04    
4.50242e+01    6.39653e-04    
4.57918e+01    6.09191e-04    
4.65725e+01    5.80158e-04    
4.73666e+01    5.52489e-04    
4.81742e+01    5.26121e-04    
4.89955e+01    5.00993e-04    
4.98309e+01    4.77048e-04    
5.06805e+01    4.54232e-04    
5.15446e+01    4.32493e-04    
5.24234e+01    4.11780e-04    
5.33172e+01    3.92045e-04    
5.42262e+01    3.73244e-04    
5.51507e+01    3.55333e-04    
5.60910e+01    3.38271e-04    
5.70474e+01    3.22017e-04    
5.80200e+01    3.06535e-04    
5.90092e+01    2.91788e-04    
6.00153e+01    2.77742e-04    
6.10386e+01    2.64364e-04    
6.20793e+01    2.51623e-04    
6.31377e+01    2.39488e-04    
6.42142e+01    2.27932e-04    
6.53090e+01    2.16928e-04    
6.64225e+01    2.06449e-04    
6.75550e+01    1.96470e-04    
6.87068e+01    1.86969e-04    
6.98782e+01    1.77922e-04    
7.10696e+01    1.69309e-04    
7.22813e+01    1.61108e-04    
7.35137e+01    1.53300e-04    
7.47670e+01    1.45867e-04    
7.60418e+01    1.38791e-04    
7.73383e+01    1.32055e-04    
7.86569e+01    1.25643e-04    
7.99979e+01    1.19539e-04    
8.13619e+01    1.13729e-04    
8.27491e+01    1.08199e-04    
8.41599e+01    1.02936e-04    
8.55948e+01    9.79262e-05    
8.70542e+01    9.31584e-05    
8.85384e+01    8.86209e-05    
9.00480e+01    8.43027e-05    
9.15833e+01    8.01933e-05    
9.31447e+01    7.62827e-05    
9.47328e+01    7.25615e-05    
9.63480e+01    6.90205e-05    
9.79907e+01    6.56512e-05    
9.96614e+01    6.24453e-05    
1.01361e+02    5.93950e-05    
1.03089e+02    5.64929e-05    
1.04846e+02    5.37317e-05    
1.06634e+02    5.11048e-05    
1.08452e+02    4.86057e-05    
1.10301e+02    4.62282e-05    
1.12182e+02    4.39665e-05    
1.14094e+02    4.18150e-05    
1.16040e+02    3.97684e-05    
1.18018e+02    3.78217e-05    
1.20030e+02    3.59700e-05    
1.22077e+02    3.42088e-05    
1.24158e+02    3.25336e-05    
1.26275e+02    3.09403e-05    
1.28428e+02    2.94250e-05    
1.30618e+02    2.79839e-05    
1.32844e+02    2.66134e-05    
1.35109e+02    2.53100e-05    
1.37413e+02    2.40706e-05    
1.39756e+02    2.28920e-05    
1.42139e+02    2.17712e-05    
1.44562e+02    2.07055e-05    
1.47027e+02    1.96922e-05    
1.49534e+02    1.87287e-05    
1.52083e+02    1.78126e-05    
1.54676e+02    1.69416e-05    
1.57313e+02    1.61136e-05    
1.59995e+02    1.53263e-05    
1.62723e+02    1.45779e-05    
1.65498e+02    1.38663e-05    
1.68319e+02    1.31899e-05    
1.71189e+02    1.25469e-05    
1.74108e+02    1.19357e-05    
1.77076e+02    1.13546e-05    
1.80095e+02    1.08023e-05    
1.83166e+02    1.02773e-05    
1.86289e+02    9.77828e-06    
1.89465e+02    9.30393e-06    
1.92695e+02    8.85304e-06    
1.95981e+02    8.42446e-06    
1.99322e+02    8.01709e-06    
2.02720e+02    7.62987e-06    
2.06177e+02    7.26180e-06    
2.09692e+02    6.91194e-06    
2.13267e+02    6.57936e-06    
2.16903e+02    6.26322e-06    
2.20601e+02    5.96269e-06    
2.24363e+02    5.67699e-06    
2.28188e+02    5.40538e-06    
2.32078e+02    5.14714e-06    
2.36035e+02    4.90161e-06    
2.40060e+02    4.66815e-06    
2.44152e+02    4.44615e-06    
2.48315e+02    4.23503e-06    
2.52549e+02    4.03425e-06    
2.56855e+02    3.84328e-06    
2.61234e+02    3.66162e-06    
2.65688e+02    3.48881e-06    
2.70218e+02    3.32441e-06    
2.74825e+02    3.16798e-06    
2.79511e+02    3.01912e-06    
2.84276e+02    2.87746e-06    
2.89123e+02    2.74263e-06    
2.94052e+02    2.61429e-06    
2.99066e+02    2.49211e-06    
3.04165e+02    2.37579e-06    
3.09351e+02    2.26503e-06    
3.14625e+02    2.15955e-06    
3.19989e+02    2.05910e-06    
3.25445e+02    1.96343e-06    
3.30994e+02    1.87229e-06    
3.36637e+02    1.78546e-06    
3.42377e+02    1.70274e-06    
3.48214e+02    1.62392e-06    
3.54151e+02    1.54881e-06    
3.60189e+02    1.47723e-06    
3.66330e+02    1.40901e-06    
3.72576e+02    1.34398e-06    
3.78928e+02    1.28200e-06    
3.85389e+02    1.22291e-06    
3.91960e+02    1.16657e-06    
3.98643e+02    1.11286e-06    
4.05439e+02    1.06165e-06    
4.12352e+02    1.01282e-06    
4.19382e+02    9.66252e-07    
4.26533e+02    9.21845e-07    
4.33805e+02    8.79495e-07    
4.41201e+02    8.39105e-07    
4.48723e+02    8.00582e-07    
4.56374e+02    7.63838e-07    
4.64155e+02    7.28791e-07    
4.72069e+02    6.95361e-07    
4.80117e+02    6.63472e-07    
4.88303e+02    6.33051e-07    
4.96629e+02    6.04032e-07    
5.05096e+02    5.76348e-07    
5.13708e+02    5.49937e-07    
5.22466e+02    5.24741e-07    
5.31374e+02    5.00703e-07    
5.40434e+02    4.77768e-07    
5.49648e+02    4.55887e-07    
5.59019e+02    4.35011e-07    
5.68550e+02    4.15093e-07    
5.78244e+02    3.96088e-07    
5.88103e+02    3.77955e-07    
5.98130e+02    3.60654e-07    
6.08328e+02    3.44146e-07    
6.18699e+02    3.28394e-07    
6.29248e+02    3.13365e-07    
6.39977e+02    2.99024e-07    
6.50888e+02    2.85340e-07    
6.61985e+02    2.72283e-07    
6.73272e+02    2.59824e-07    
6.84751e+02    2.47935e-07    
6.96426e+02    2.36591e-07    
7.08300e+02    2.25767e-07    
7.20376e+02    2.15438e-07    
7.32658e+02    2.05581e-07    
7.45150e+02    1.96176e-07    
7.57854e+02    1.87202e-07    
7.70775e+02    1.78638e-07    
7.83917e+02    1.70466e-07    
7.97282e+02    1.62668e-07    
8.10876e+02    1.55227e-07    
8.24701e+02    1.48127e-07    
8.38762e+02    1.41351e-07    
8.53062e+02    1.34886e-07    
8.67607e+02    1.28716e-07    
8.82399e+02    1.22829e-07    
8.97444e+02    1.17211e-07    
9.12745e+02    1.11850e-07    
9.28307e+02    1.06734e-07    
9.44134e+02    1.01853e-07    
9.60231e+02    9.71943e-08    
9.76603e+02    9.27491e-08    
9.93254e+02    8.85073e-08    
1.01019e+03    8.44596e-08    
1.02741e+03    8.05971e-08    
1.04493e+03    7.69112e-08    
1.06274e+03    7.33940e-08    
1.08086e+03    7.00377e-08    
1.09929e+03    6.68349e-08    
1.11803e+03    6.37787e-08    
1.13710e+03    6.08622e-08    
1.15648e+03    5.80792e-08    
1.17620e+03    5.54235e-08    
1.19626e+03    5.28893e-08    
1.21665e+03    5.04710e-08    
1.23739e+03    4.81634e-08    
1.25849e+03    4.59613e-08    
1.27995e+03    4.38599e-08    
1.30177e+03    4.18547e-08    
1.32397e+03    3.99412e-08    
1.34654e+03    3.81152e-08    
1.36950e+03    3.63727e-08    
1.39285e+03    3.47100e-08    
1.41659e+03    3.31233e-08    
1.44075e+03    3.16092e-08    
1.46531e+03    3.01643e-08    
1.49029e+03    2.87856e-08    
1.51570e+03    2.74698e-08    
1.54154e+03    2.62143e-08    
1.56783e+03    2.50162e-08    
1.59456e+03    2.38729e-08    
1.62175e+03    2.27819e-08    
1.64940e+03    2.17408e-08    
1.67752e+03    2.07473e-08    
1.70612e+03    1.97992e-08    
1.73521e+03    1.88945e-08    
1.76479e+03    1.80312e-08    
1.79488e+03    1.72073e-08    
1.82548e+03    1.64211e-08    
1.85661e+03    1.56709e-08    
1.88826e+03    1.49550e-08    
1.92046e+03    1.42718e-08    
1.95320e+03    1.36198e-08    
1.98650e+03    1.29977e-08    
2.02037e+03    1.24040e-08    
2.05482e+03    1.18375e-08    
2.08985e+03    1.12968e-08    
2.12548e+03    1.07809e-08    
2.16172e+03    1.02885e-08    
2.19858e+03    9.81871e-09    
2.23606e+03    9.37035e-09    
2.27418e+03    8.94248e-09    
2.31296e+03    8.53418e-09    
2.35239e+03    8.14454e-09    
2.39250e+03    7.77270e-09    
2.43329e+03    7.41787e-09    
2.47478e+03    7.07925e-09    
2.51697e+03    6.75610e-09    
2.55989e+03    6.44772e-09    
2.60353e+03    6.15344e-09    
2.64792e+03    5.87260e-09    
2.69307e+03    5.60459e-09    
2.73898e+03    5.34883e-09    
2.78568e+03    5.10476e-09    
2.83318e+03    4.87183e-09    
2.88148e+03    4.64955e-09    
2.93061e+03    4.43742e-09    
2.98058e+03    4.23499e-09    
3.03139e+03    4.04179e-09    
3.08308e+03    3.85743e-09    
3.13564e+03    3.68148e-09    
3.18911e+03    3.51357e-09    
3.24348e+03    3.35333e-09    
3.29878e+03    3.20041e-09    
3.35502e+03    3.05447e-09    
3.41222e+03    2.91519e-09    
3.47040e+03    2.78227e-09    
3.52957e+03    2.65542e-09    
3.58975e+03    2.53437e-09    
3.65095e+03    2.41883e-09    
3.71320e+03    2.30858e-09    
3.77651e+03    2.20335e-09    
3.84090e+03    2.10293e-09    
3.90638e+03    2.00709e-09    
3.97298e+03    1.91563e-09    
4.04072e+03    1.82834e-09    
4.10962e+03    1.74503e-09    
4.17968e+03    1.66553e-09    
4.25095e+03    1.58965e-09    
4.32342e+03    1.51723e-09    
4.39714e+03    1.44812e-09    
4.47211e+03    1.38216e-09    
4.54835e+03    1.31921e-09    
4.62590e+03    1.25913e-09    
4.70477e+03    1.20179e-09    
4.78499e+03    1.14707e-09    
4.86657e+03    1.09484e-09    
4.94954e+03    1.04499e-09    
5.03393e+03    9.97418e-10    
5.11976e+03    9.52013e-10    
5.20705e+03    9.08679e-10    
5.29582e+03    8.67320e-10    
5.38612e+03    8.27846e-10    
5.47795e+03    7.90172e-10    
5.57134e+03    7.54215e-10    
5.66633e+03    7.19896e-10    
5.76294e+03    6.87142e-10    
5.86120e+03    6.55880e-10    
5.96113e+03    6.26043e-10    
6.06277e+03    5.97565e-10    
6.16613e+03    5.70385e-10    
6.27126e+03    5.44443e-10    
6.37819e+03    5.19683e-10    
6.48693e+03    4.96050e-10    
6.59753e+03    4.73494e-10    
6.71002e+03    4.51965e-10    
6.82442e+03    4.31417e-10    
6.94078e+03    4.11804e-10    
7.05911e+03    3.93085e-10    
7.17947e+03    3.75218e-10    
7.30188e+03    3.58164e-10    
7.42637e+03    3.41887e-10    
7.55299e+03    3.26350e-10    
7.68176e+03    3.11521e-10    
7.81274e+03    2.97366e-10    
7.94594e+03    2.83856e-10    
8.08142e+03    2.70961e-10    
8.21920e+03    2.58652e-10    
8.35934e+03    2.46904e-10    
8.50186e+03    2.35690e-10    
8.64681e+03    2.24986e-10    
8.79424e+03    2.14769e-10    
8.94418e+03    2.05017e-10    
9.09667e+03    1.95708e-10    
9.25177e+03    1.86823e-10    
9.40951e+03    1.78342e-10    
9.56994e+03    1.70246e-10    
9.73310e+03    1.62519e-10    
9.89905e+03    1.55143e-10    
1.00678e+04    1.48102e-10    
1.02395e+04    1.41381e-10    
1.04141e+04    1.34966e-10    
1.05916e+04    1.28842e-10    
1.07722e+04    1.22997e-10    
1.09559e+04    1.17417e-10    
1.11426e+04    1.12091e-10    
1.13326e+04    1.07007e-10    
1.15258e+04    1.02154e-10    
1.17224e+04    9.75212e-11    
1.19222e+04    9.30990e-11    
1.21255e+04    8.88776e-11    
1.23322e+04    8.48480e-11    
1.25425e+04    8.10014e-11    
1.27563e+04    7.73295e-11    
1.29738e+04    7.38243e-11    
1.31950e+04    7.04782e-11    
1.34200e+04    6.72841e-11    
1.36488e+04    6.42350e-11    
1.38815e+04    6.13243e-11    
1.41182e+04    5.85457e-11    
1.43589e+04    5.58933e-11    
1.46037e+04    5.33612e-11    
1.48527e+04    5.09440e-11    
1.51059e+04    4.86365e-11    
1.53635e+04    4.64337e-11    
1.56254e+04    4.43308e-11    
1.58918e+04    4.23233e-11    
1.61628e+04    4.04069e-11    
1.64383e+04    3.85774e-11    
1.67186e+04    3.68309e-11    
1.70037e+04    3.51636e-11    
1.72936e+04    3.35719e-11    
1.75884e+04    3.20524e-11    
1.78883e+04    3.06018e-11    
1.81933e+04    2.92169e-11    
1.85035e+04    2.78948e-11    
1.88189e+04    2.66327e-11    
1.91398e+04    2.54277e-11    
1.94661e+04    2.42774e-11    
1.97980e+04    2.31792e-11    
2.01356e+04    2.21307e-11    
2.04789e+04    2.11298e-11    
2.08280e+04    2.01742e-11    
2.11831e+04    1.92619e-11    
2.15443e+04    1.83909e-11    
2.19116e+04    1.75594e-11    
2.22852e+04    1.67656e-11    
2.26652e+04    1.60076e-11    
2.30516e+04    1.52841e-11    
2.34446e+04    1.45932e-11    
2.38443e+04    1.39337e-11    
2.42509e+04    1.33040e-11    
2.46644e+04    1.27028e-11    
2.50849e+04    1.21289e-11    
2.55126e+04    1.15809e-11    
2.59475e+04    1.10577e-11    
2.63899e+04    1.05582e-11    
2.68399e+04    1.00813e-11    
2.72975e+04    9.62596e-12    
2.77629e+04    9.19124e-12    
2.82363e+04    8.77618e-12    
2.87177e+04    8.37989e-12    
2.92073e+04    8.00153e-12    
2.97053e+04    7.64029e-12    
3.02117e+04    7.29538e-12    
3.07268e+04    6.96607e-12    
3.12507e+04    6.65165e-12    
3.17835e+04    6.35144e-12    
3.23254e+04    6.06481e-12    
3.28766e+04    5.79114e-12    
3.34371e+04    5.52984e-12    
3.40072e+04    5.28034e-12    
3.45870e+04    5.04213e-12    
3.51767e+04    4.81467e-12    
3.57764e+04    4.59750e-12    
3.63864e+04    4.39014e-12    
3.70068e+04    4.19215e-12    
3.76378e+04    4.00310e-12    
3.82795e+04    3.82259e-12    
3.89321e+04    3.65024e-12    
3.95959e+04    3.48567e-12    
4.02710e+04    3.32853e-12    
4.09576e+04    3.17849e-12    
4.16559e+04    3.03523e-12    
4.23661e+04    2.89843e-12    
4.30885e+04    2.76781e-12    
4.38231e+04    2.64308e-12    
4.45703e+04    2.52399e-12    
4.53302e+04    2.41027e-12    
4.61030e+04    2.30168e-12    
4.68891e+04    2.19799e-12    
4.76885e+04    2.09899e-12    
4.85016e+04    2.00445e-12    
4.93285e+04    1.91417e-12    
5.01696e+04    1.82797e-12    
5.10249e+04    1.74565e-12    
5.18949e+04    1.66705e-12    
5.27797e+04    1.59200e-12    
5.36796e+04    1.52033e-12    
5.45948e+04    1.45189e-12    
5.55256e+04    1.38654e-12    
5.64723e+04    1.32413e-12    
5.74351e+04    1.26454e-12    
5.84144e+04    1.20763e-12    
5.94103e+04    1.15329e-12    
6.04232e+04    1.10140e-12    
6.14534e+04    1.05185e-12    
6.25012e+04    1.00453e-12    
6.35668e+04    9.59341e-13    
6.46506e+04    9.16189e-13    
6.57529e+04    8.74982e-13    
6.68740e+04    8.35632e-13    
6.80141e+04    7.98054e-13    
6.91738e+04    7.62169e-13    
7.03531e+04    7.27900e-13    
7.15526e+04    6.95175e-13    
7.27726e+04    6.63923e-13    
7.40133e+04    6.34078e-13    
7.52752e+04    6.05578e-13    
7.65586e+04    5.78360e-13    
7.78639e+04    5.52368e-13    
7.91915e+04    5.27546e-13    
8.05417e+04    5.03841e-13    
8.19149e+04    4.81203e-13    
8.33115e+04    4.59584e-13    
8.47319e+04    4.38937e-13    
8.61766e+04    4.19220e-13    
8.76459e+04    4.00390e-13    
8.91402e+04    3.82407e-13    
9.06600e+04    3.65233e-13    
9.22057e+04    3.48832e-13    
9.37778e+04    3.33168e-13    
9.53767e+04    3.18209e-13    
9.70028e+04    3.03923e-13    
9.86567e+04    2.90279e-13    
1.00339e+05    2.77248e-13    
1.02050e+05    2.64804e-13    
1.03789e+05    2.52919e-13    
1.05559e+05    2.41568e-13    
1.07359e+05    2.30727e-13    
1.09189e+05    2.20374e-13    
1.11051e+05    2.10486e-13    
1.12944e+05    2.01042e-13    
1.14870e+05    1.92023e-13    
1.16828e+05    1.83409e-13    
1.18820e+05    1.75182e-13    
1.20846e+05    1.67325e-13    
1.22906e+05    1.59821e-13    
1.25002e+05    1.52653e-13    
1.27133e+05    1.45808e-13    
1.29301e+05    1.39270e-13    
1.31505e+05    1.33026e-13    
1.33747e+05    1.27062e-13    
1.36028e+05    1.21366e-13    
1.38347e+05    1.15926e-13    
1.40706e+05    1.10730e-13    
1.43105e+05    1.05767e-13    
1.45545e+05    1.01027e-13    
1.48026e+05    9.64995e-14    
1.50550e+05    9.21754e-14    
1.53117e+05    8.80453e-14    
1.55727e+05    8.41007e-14    
1.58382e+05    8.03330e-14    
1.61083e+05    7.67343e-14    
1.63829e+05    7.32972e-14    
1.66622e+05    7.00142e-14    
1.69463e+05    6.68785e-14    
1.72353e+05    6.38834e-14    
1.75291e+05    6.10227e-14    
1.78280e+05    5.82903e-14    
1.81319e+05    5.56804e-14    
1.84411e+05    5.31875e-14    
1.87555e+05    5.08064e-14    
1.90753e+05    4.85321e-14    
1.94005e+05    4.63597e-14    
1.97313e+05    4.42848e-14    
2.00677e+05    4.23028e-14    
2.04098e+05    4.04097e-14    
2.07578e+05    3.86014e-14    
2.11117e+05    3.68741e-14    
2.14717e+05    3.52243e-14    
2.18378e+05    3.36484e-14    
2.22101e+05    3.21430e-14    
2.25888e+05    3.07052e-14    
2.29739e+05    2.93317e-14    
2.33656e+05    2.80198e-14    
2.37640e+05    2.67666e-14    
2.41691e+05    2.55696e-14    
2.45812e+05    2.44262e-14    
2.50003e+05    2.33340e-14    
2.54265e+05    2.22906e-14    
2.58601e+05    2.12941e-14    
2.63010e+05    2.03421e-14    
2.67494e+05    1.94327e-14    
2.72055e+05    1.85641e-14    
2.76693e+05    1.77343e-14    
2.81410e+05    1.69417e-14    
2.86208e+05    1.61846e-14    
2.91088e+05    1.54613e-14    
2.96051e+05    1.47704e-14    
3.01099e+05    1.41104e-14    
3.06232e+05    1.34800e-14    
3.11454e+05    1.28778e-14    
3.16764e+05    1.23025e-14    
3.22164e+05    1.17529e-14    
3.27657e+05    1.12279e-14    
3.33244e+05    1.07264e-14    
3.38925e+05    1.02474e-14    
3.44704e+05    9.78974e-15    
3.50581e+05    9.35256e-15    
3.56558e+05    8.93494e-15    
3.62637e+05    8.53599e-15    
3.68820e+05    8.15488e-15    
3.75109e+05    7.79081e-15    
3.81504e+05    7.44301e-15    
3.88009e+05    7.11076e-15    
3.94624e+05    6.79337e-15    
4.01352e+05    6.49016e-15    
4.08195e+05    6.20050e-15    
4.15155e+05    5.92378e-15    
4.22233e+05    5.65943e-15    
4.29432e+05    5.40690e-15    
4.36753e+05    5.16564e-15    
4.44200e+05    4.93517e-15    
4.51773e+05    4.71499e-15    
4.59476e+05    4.50465e-15    
4.67310e+05    4.30370e-15    
4.75277e+05    4.11173e-15    
4.83381e+05    3.92834e-15    
4.91622e+05    3.75313e-15    
5.00004e+05    3.58575e-15    
5.08529e+05    3.42584e-15    
5.17199e+05    3.27308e-15    
5.26017e+05    3.12713e-15    
5.34986e+05    2.98770e-15    
5.44107e+05    2.85450e-15    
5.53384e+05    2.72724e-15    
5.62819e+05    2.60566e-15    
5.72415e+05    2.48951e-15    
5.82174e+05    2.37854e-15    
5.92100e+05    2.27253e-15    
6.02195e+05    2.17125e-15    
6.12462e+05    2.07448e-15    
6.22905e+05    1.98204e-15    
6.33525e+05    1.89372e-15    
6.44326e+05    1.80933e-15    
6.55312e+05    1.72872e-15    
6.66485e+05    1.65170e-15    
6.77848e+05    1.57811e-15    
6.89405e+05    1.50781e-15    
7.01159e+05    1.44065e-15    
7.13114e+05    1.37648e-15    
7.25272e+05    1.31517e-15    
7.37638e+05    1.25659e-15    
7.50214e+05    1.20063e-15    
7.63005e+05    1.14716e-15    
7.76014e+05    1.09608e-15    
7.89245e+05    1.04727e-15    
8.02701e+05    1.00064e-15    
8.16387e+05    9.56089e-16    
8.30306e+05    9.13524e-16    
8.44463e+05    8.72855e-16    
8.58860e+05    8.33999e-16    
8.73504e+05    7.96875e-16    
8.88397e+05    7.61405e-16    
9.03543e+05    7.27516e-16    
9.18949e+05    6.95137e-16    
9.34616e+05    6.64201e-16    
9.50551e+05    6.34643e-16    
9.66758e+05    6.06402e-16    
9.83241e+05    5.79419e-16    
1.00000e+06    5.53638e-16    
1.01705e+06    5.29006e-16    
1.03439e+06    5.05471e-16    
1.05203e+06    4.82984e-16    
1.06997e+06    4.61498e-16    
1.08821e+06    4.40969e-16    
1.10676e+06    4.21355e-16    
1.12563e+06    4.02614e-16    
1.14483e+06    3.84707e-16    
1.16434e+06    3.67598e-16    
1.18420e+06    3.51250e-16    
1.20439e+06    3.35631e-16    
1.22492e+06    3.20706e-16    
1.24580e+06    3.06446e-16    
1.26705e+06    2.92821e-16    
1.28865e+06    2.79802e-16    
1.31062e+06    2.67363e-16    
1.33296e+06    2.55477e-16    
1.35569e+06    2.44120e-16    
1.37881e+06    2.33269e-16    
1.40231e+06    2.22900e-16    
1.42622e+06    2.12993e-16    
1.45054e+06    2.03526e-16    
1.47527e+06    1.94481e-16    
1.50042e+06    1.85838e-16    
1.52600e+06    1.77580e-16    
1.55202e+06    1.69689e-16    
1.57848e+06    1.62149e-16    
1.60540e+06    1.54945e-16    
1.63277e+06    1.48060e-16    
1.66061e+06    1.41483e-16    
1.68892e+06    1.35197e-16    
1.71771e+06    1.29191e-16    
1.74700e+06    1.23452e-16    
1.77679e+06    1.17969e-16    
1.80708e+06    1.12729e-16    
1.83789e+06    1.07722e-16    
1.86923e+06    1.02938e-16    
1.90110e+06    9.83661e-17    
1.93351e+06    9.39978e-17    
1.96647e+06    8.98236e-17    
2.00000e+06    8.58350e-17    

