# USINE V4.0
# File generated 13-05-2022 10:50:44
# Model1DKisoVc
# MG
# SolMod0DFF_phi0_370GV
# R [GV]       TOA [GV m^{2} s sr]^{-1}
9.35122e-02    8.72080e-04    
9.51055e-02    9.16633e-04    
9.67260e-02    9.63447e-04    
9.83741e-02    1.01264e-03    
1.00050e-01    1.06432e-03    
1.01755e-01    1.11863e-03    
1.03489e-01    1.17568e-03    
1.05252e-01    1.23563e-03    
1.07045e-01    1.29861e-03    
1.08869e-01    1.36478e-03    
1.10724e-01    1.43429e-03    
1.12611e-01    1.50732e-03    
1.14530e-01    1.58404e-03    
1.16481e-01    1.66463e-03    
1.18466e-01    1.74929e-03    
1.20484e-01    1.83822e-03    
1.22537e-01    1.93164e-03    
1.24625e-01    2.02976e-03    
1.26749e-01    2.13282e-03    
1.28908e-01    2.24107e-03    
1.31105e-01    2.35477e-03    
1.33339e-01    2.47418e-03    
1.35611e-01    2.59959e-03    
1.37921e-01    2.73129e-03    
1.40271e-01    2.86961e-03    
1.42661e-01    3.01486e-03    
1.45092e-01    3.16739e-03    
1.47564e-01    3.32756e-03    
1.50078e-01    3.49574e-03    
1.52636e-01    3.67234e-03    
1.55236e-01    3.85776e-03    
1.57881e-01    4.05243e-03    
1.60571e-01    4.25683e-03    
1.63307e-01    4.47141e-03    
1.66090e-01    4.69668e-03    
1.68920e-01    4.93317e-03    
1.71798e-01    5.18142e-03    
1.74725e-01    5.44201e-03    
1.77702e-01    5.71555e-03    
1.80730e-01    6.00265e-03    
1.83810e-01    6.30399e-03    
1.86942e-01    6.62025e-03    
1.90127e-01    6.95216e-03    
1.93366e-01    7.30049e-03    
1.96661e-01    7.66601e-03    
2.00012e-01    8.04958e-03    
2.03420e-01    8.45193e-03    
2.06886e-01    8.87383e-03    
2.10411e-01    9.31617e-03    
2.13996e-01    9.77989e-03    
2.17642e-01    1.02660e-02    
2.21351e-01    1.07754e-02    
2.25122e-01    1.13093e-02    
2.28958e-01    1.18687e-02    
2.32859e-01    1.24548e-02    
2.36827e-01    1.30688e-02    
2.40862e-01    1.37118e-02    
2.44966e-01    1.43852e-02    
2.49140e-01    1.50904e-02    
2.53385e-01    1.58286e-02    
2.57702e-01    1.66013e-02    
2.62093e-01    1.74100e-02    
2.66559e-01    1.82562e-02    
2.71101e-01    1.91415e-02    
2.75720e-01    2.00675e-02    
2.80418e-01    2.10360e-02    
2.85196e-01    2.20486e-02    
2.90055e-01    2.31072e-02    
2.94997e-01    2.42137e-02    
3.00024e-01    2.53698e-02    
3.05136e-01    2.65777e-02    
3.10335e-01    2.78393e-02    
3.15623e-01    2.91567e-02    
3.21001e-01    3.05321e-02    
3.26470e-01    3.19676e-02    
3.32033e-01    3.34654e-02    
3.37690e-01    3.50279e-02    
3.43444e-01    3.66575e-02    
3.49296e-01    3.83564e-02    
3.55247e-01    4.01271e-02    
3.61300e-01    4.19722e-02    
3.67456e-01    4.38941e-02    
3.73717e-01    4.58954e-02    
3.80085e-01    4.79786e-02    
3.86561e-01    5.01464e-02    
3.93148e-01    5.24015e-02    
3.99846e-01    5.47464e-02    
4.06659e-01    5.71840e-02    
4.13588e-01    5.97167e-02    
4.20635e-01    6.23474e-02    
4.27802e-01    6.50786e-02    
4.35092e-01    6.79132e-02    
4.42505e-01    7.08535e-02    
4.50045e-01    7.39023e-02    
4.57713e-01    7.70622e-02    
4.65512e-01    8.03355e-02    
4.73444e-01    8.37247e-02    
4.81511e-01    8.72322e-02    
4.89715e-01    9.08602e-02    
4.98059e-01    9.46109e-02    
5.06545e-01    9.84863e-02    
5.15176e-01    1.02488e-01    
5.23954e-01    1.06618e-01    
5.32882e-01    1.10879e-01    
5.41961e-01    1.15270e-01    
5.51196e-01    1.19794e-01    
5.60587e-01    1.24451e-01    
5.70139e-01    1.29243e-01    
5.79854e-01    1.34169e-01    
5.89733e-01    1.39229e-01    
5.99782e-01    1.44425e-01    
6.10001e-01    1.49755e-01    
6.20395e-01    1.55219e-01    
6.30966e-01    1.60815e-01    
6.41717e-01    1.66542e-01    
6.52651e-01    1.72398e-01    
6.63771e-01    1.78382e-01    
6.75081e-01    1.84489e-01    
6.86583e-01    1.90718e-01    
6.98282e-01    1.97065e-01    
7.10180e-01    2.03525e-01    
7.22280e-01    2.10094e-01    
7.34587e-01    2.16768e-01    
7.47104e-01    2.23540e-01    
7.59833e-01    2.30405e-01    
7.72780e-01    2.37356e-01    
7.85947e-01    2.44386e-01    
7.99339e-01    2.51488e-01    
8.12958e-01    2.58653e-01    
8.26810e-01    2.65874e-01    
8.40898e-01    2.73140e-01    
8.55226e-01    2.80443e-01    
8.69798e-01    2.87773e-01    
8.84618e-01    2.95118e-01    
8.99691e-01    3.02468e-01    
9.15020e-01    3.09813e-01    
9.30611e-01    3.17139e-01    
9.46468e-01    3.24435e-01    
9.62594e-01    3.31689e-01    
9.78996e-01    3.38888e-01    
9.95677e-01    3.46019e-01    
1.01264e+00    3.53069e-01    
1.02990e+00    3.60025e-01    
1.04744e+00    3.66873e-01    
1.06529e+00    3.73600e-01    
1.08344e+00    3.80192e-01    
1.10190e+00    3.86636e-01    
1.12068e+00    3.92918e-01    
1.13977e+00    3.99026e-01    
1.15919e+00    4.04946e-01    
1.17894e+00    4.10664e-01    
1.19903e+00    4.16170e-01    
1.21946e+00    4.21450e-01    
1.24024e+00    4.26492e-01    
1.26137e+00    4.31285e-01    
1.28286e+00    4.35817e-01    
1.30472e+00    4.40078e-01    
1.32695e+00    4.44058e-01    
1.34956e+00    4.47747e-01    
1.37256e+00    4.51137e-01    
1.39594e+00    4.54217e-01    
1.41973e+00    4.56982e-01    
1.44392e+00    4.59425e-01    
1.46852e+00    4.61538e-01    
1.49354e+00    4.63319e-01    
1.51899e+00    4.64762e-01    
1.54487e+00    4.65865e-01    
1.57120e+00    4.66627e-01    
1.59797e+00    4.67047e-01    
1.62520e+00    4.67125e-01    
1.65289e+00    4.66864e-01    
1.68105e+00    4.66265e-01    
1.70969e+00    4.65333e-01    
1.73882e+00    4.64072e-01    
1.76845e+00    4.62486e-01    
1.79858e+00    4.60581e-01    
1.82923e+00    4.58364e-01    
1.86040e+00    4.55841e-01    
1.89210e+00    4.53019e-01    
1.92434e+00    4.49907e-01    
1.95712e+00    4.46513e-01    
1.99047e+00    4.42846e-01    
2.02439e+00    4.38918e-01    
2.05888e+00    4.34739e-01    
2.09396e+00    4.30321e-01    
2.12964e+00    4.25676e-01    
2.16592e+00    4.20818e-01    
2.20283e+00    4.15761e-01    
2.24036e+00    4.10517e-01    
2.27854e+00    4.05101e-01    
2.31736e+00    3.99527e-01    
2.35684e+00    3.93807e-01    
2.39700e+00    3.87954e-01    
2.43784e+00    3.81981e-01    
2.47938e+00    3.75900e-01    
2.52163e+00    3.69723e-01    
2.56459e+00    3.63459e-01    
2.60829e+00    3.57122e-01    
2.65273e+00    3.50722e-01    
2.69793e+00    3.44270e-01    
2.74390e+00    3.37777e-01    
2.79065e+00    3.31256e-01    
2.83820e+00    3.24717e-01    
2.88656e+00    3.18172e-01    
2.93574e+00    3.11632e-01    
2.98577e+00    3.05107e-01    
3.03664e+00    2.98607e-01    
3.08838e+00    2.92140e-01    
3.14100e+00    2.85714e-01    
3.19452e+00    2.79336e-01    
3.24895e+00    2.73010e-01    
3.30431e+00    2.66742e-01    
3.36061e+00    2.60533e-01    
3.41787e+00    2.54386e-01    
3.47611e+00    2.48301e-01    
3.53534e+00    2.42276e-01    
3.59557e+00    2.36310e-01    
3.65684e+00    2.30401e-01    
3.71915e+00    2.24543e-01    
3.78252e+00    2.18733e-01    
3.84697e+00    2.12967e-01    
3.91251e+00    2.07240e-01    
3.97918e+00    2.01552e-01    
4.04698e+00    1.95903e-01    
4.11593e+00    1.90298e-01    
4.18606e+00    1.84745e-01    
4.25739e+00    1.79253e-01    
4.32993e+00    1.73835e-01    
4.40371e+00    1.68504e-01    
4.47874e+00    1.63270e-01    
4.55505e+00    1.58141e-01    
4.63266e+00    1.53125e-01    
4.71160e+00    1.48224e-01    
4.79188e+00    1.43443e-01    
4.87353e+00    1.38781e-01    
4.95656e+00    1.34238e-01    
5.04102e+00    1.29814e-01    
5.12691e+00    1.25507e-01    
5.21427e+00    1.21316e-01    
5.30311e+00    1.17240e-01    
5.39347e+00    1.13275e-01    
5.48537e+00    1.09420e-01    
5.57883e+00    1.05674e-01    
5.67389e+00    1.02033e-01    
5.77056e+00    9.84969e-02    
5.86889e+00    9.50622e-02    
5.96889e+00    9.17275e-02    
6.07059e+00    8.84908e-02    
6.17402e+00    8.53503e-02    
6.27922e+00    8.23039e-02    
6.38621e+00    7.93498e-02    
6.49502e+00    7.64862e-02    
6.60569e+00    7.37111e-02    
6.71824e+00    7.10226e-02    
6.83271e+00    6.84189e-02    
6.94913e+00    6.58980e-02    
7.06754e+00    6.34580e-02    
7.18796e+00    6.10971e-02    
7.31043e+00    5.88134e-02    
7.43500e+00    5.66052e-02    
7.56168e+00    5.44705e-02    
7.69052e+00    5.24077e-02    
7.82156e+00    5.04150e-02    
7.95483e+00    4.84906e-02    
8.09037e+00    4.66328e-02    
8.22822e+00    4.48399e-02    
8.36842e+00    4.31103e-02    
8.51100e+00    4.14421e-02    
8.65602e+00    3.98338e-02    
8.80351e+00    3.82837e-02    
8.95351e+00    3.67902e-02    
9.10606e+00    3.53518e-02    
9.26122e+00    3.39666e-02    
9.41902e+00    3.26333e-02    
9.57951e+00    3.13502e-02    
9.74273e+00    3.01156e-02    
9.90873e+00    2.89279e-02    
1.00776e+01    2.77856e-02    
1.02493e+01    2.66869e-02    
1.04239e+01    2.56302e-02    
1.06015e+01    2.46140e-02    
1.07822e+01    2.36367e-02    
1.09659e+01    2.26968e-02    
1.11527e+01    2.17928e-02    
1.13427e+01    2.09234e-02    
1.15360e+01    2.00873e-02    
1.17326e+01    1.92832e-02    
1.19325e+01    1.85099e-02    
1.21358e+01    1.77663e-02    
1.23426e+01    1.70514e-02    
1.25529e+01    1.63641e-02    
1.27668e+01    1.57034e-02    
1.29843e+01    1.50684e-02    
1.32055e+01    1.44581e-02    
1.34305e+01    1.38717e-02    
1.36594e+01    1.33082e-02    
1.38921e+01    1.27667e-02    
1.41288e+01    1.22466e-02    
1.43696e+01    1.17469e-02    
1.46144e+01    1.12668e-02    
1.48634e+01    1.08058e-02    
1.51167e+01    1.03629e-02    
1.53742e+01    9.93765e-03    
1.56362e+01    9.52923e-03    
1.59026e+01    9.13706e-03    
1.61736e+01    8.76052e-03    
1.64491e+01    8.39900e-03    
1.67294e+01    8.05195e-03    
1.70145e+01    7.71879e-03    
1.73044e+01    7.39901e-03    
1.75992e+01    7.09209e-03    
1.78991e+01    6.79753e-03    
1.82041e+01    6.51485e-03    
1.85142e+01    6.24361e-03    
1.88297e+01    5.98334e-03    
1.91505e+01    5.73363e-03    
1.94768e+01    5.49406e-03    
1.98087e+01    5.26424e-03    
2.01462e+01    5.04379e-03    
2.04895e+01    4.83233e-03    
2.08386e+01    4.62952e-03    
2.11936e+01    4.43501e-03    
2.15548e+01    4.24848e-03    
2.19220e+01    4.06962e-03    
2.22956e+01    3.89811e-03    
2.26754e+01    3.73367e-03    
2.30618e+01    3.57600e-03    
2.34547e+01    3.42485e-03    
2.38544e+01    3.27995e-03    
2.42608e+01    3.14103e-03    
2.46742e+01    3.00787e-03    
2.50946e+01    2.88024e-03    
2.55222e+01    2.75790e-03    
2.59571e+01    2.64065e-03    
2.63993e+01    2.52829e-03    
2.68492e+01    2.42060e-03    
2.73066e+01    2.31741e-03    
2.77719e+01    2.21853e-03    
2.82451e+01    2.12378e-03    
2.87264e+01    2.03300e-03    
2.92158e+01    1.94603e-03    
2.97136e+01    1.86271e-03    
3.02199e+01    1.78289e-03    
3.07348e+01    1.70642e-03    
3.12585e+01    1.63318e-03    
3.17911e+01    1.56302e-03    
3.23328e+01    1.49582e-03    
3.28837e+01    1.43146e-03    
3.34440e+01    1.36982e-03    
3.40138e+01    1.31079e-03    
3.45934e+01    1.25426e-03    
3.51828e+01    1.20013e-03    
3.57823e+01    1.14830e-03    
3.63920e+01    1.09866e-03    
3.70121e+01    1.05114e-03    
3.76427e+01    1.00564e-03    
3.82841e+01    9.62080e-04    
3.89364e+01    9.20377e-04    
3.95998e+01    8.80453e-04    
4.02745e+01    8.42236e-04    
4.09608e+01    8.05652e-04    
4.16587e+01    7.70633e-04    
4.23685e+01    7.37115e-04    
4.30904e+01    7.05033e-04    
4.38246e+01    6.74327e-04    
4.45713e+01    6.44940e-04    
4.53308e+01    6.16816e-04    
4.61032e+01    5.89901e-04    
4.68887e+01    5.64145e-04    
4.76876e+01    5.39498e-04    
4.85002e+01    5.15913e-04    
4.93265e+01    4.93346e-04    
5.01670e+01    4.71754e-04    
5.10218e+01    4.51094e-04    
5.18911e+01    4.31327e-04    
5.27753e+01    4.12416e-04    
5.36745e+01    3.94323e-04    
5.45891e+01    3.77015e-04    
5.55192e+01    3.60457e-04    
5.64652e+01    3.44618e-04    
5.74273e+01    3.29466e-04    
5.84058e+01    3.14973e-04    
5.94009e+01    3.01110e-04    
6.04130e+01    2.87850e-04    
6.14424e+01    2.75167e-04    
6.24893e+01    2.63037e-04    
6.35540e+01    2.51436e-04    
6.46369e+01    2.40341e-04    
6.57383e+01    2.29730e-04    
6.68584e+01    2.19583e-04    
6.79975e+01    2.09879e-04    
6.91561e+01    2.00600e-04    
7.03345e+01    1.91726e-04    
7.15329e+01    1.83242e-04    
7.27517e+01    1.75129e-04    
7.39913e+01    1.67371e-04    
7.52520e+01    1.59954e-04    
7.65342e+01    1.52863e-04    
7.78383e+01    1.46083e-04    
7.91645e+01    1.39600e-04    
8.05134e+01    1.33403e-04    
8.18852e+01    1.27479e-04    
8.32805e+01    1.21815e-04    
8.46995e+01    1.16401e-04    
8.61426e+01    1.11225e-04    
8.76104e+01    1.06277e-04    
8.91032e+01    1.01548e-04    
9.06214e+01    9.70273e-05    
9.21655e+01    9.27064e-05    
9.37358e+01    8.85764e-05    
9.53330e+01    8.46290e-05    
9.69573e+01    8.08562e-05    
9.86094e+01    7.72503e-05    
1.00290e+02    7.38041e-05    
1.01998e+02    7.05106e-05    
1.03736e+02    6.73631e-05    
1.05504e+02    6.43552e-05    
1.07301e+02    6.14807e-05    
1.09130e+02    5.87339e-05    
1.10989e+02    5.61091e-05    
1.12880e+02    5.36009e-05    
1.14804e+02    5.12043e-05    
1.16760e+02    4.89142e-05    
1.18749e+02    4.67262e-05    
1.20773e+02    4.46355e-05    
1.22830e+02    4.26381e-05    
1.24923e+02    4.07297e-05    
1.27052e+02    3.89064e-05    
1.29217e+02    3.71645e-05    
1.31418e+02    3.55004e-05    
1.33657e+02    3.39106e-05    
1.35935e+02    3.23919e-05    
1.38251e+02    3.09412e-05    
1.40607e+02    2.95554e-05    
1.43002e+02    2.82316e-05    
1.45439e+02    2.69671e-05    
1.47917e+02    2.57594e-05    
1.50437e+02    2.46057e-05    
1.53001e+02    2.35039e-05    
1.55608e+02    2.24516e-05    
1.58259e+02    2.14465e-05    
1.60955e+02    2.04866e-05    
1.63698e+02    1.95698e-05    
1.66487e+02    1.86943e-05    
1.69324e+02    1.78583e-05    
1.72209e+02    1.70599e-05    
1.75143e+02    1.62974e-05    
1.78127e+02    1.55693e-05    
1.81162e+02    1.48741e-05    
1.84249e+02    1.42102e-05    
1.87389e+02    1.35763e-05    
1.90581e+02    1.29710e-05    
1.93829e+02    1.23930e-05    
1.97131e+02    1.18412e-05    
2.00490e+02    1.13142e-05    
2.03906e+02    1.08111e-05    
2.07381e+02    1.03307e-05    
2.10914e+02    9.87196e-06    
2.14508e+02    9.43396e-06    
2.18163e+02    9.01574e-06    
2.21880e+02    8.61639e-06    
2.25661e+02    8.23506e-06    
2.29506e+02    7.87093e-06    
2.33416e+02    7.52321e-06    
2.37393e+02    7.19115e-06    
2.41438e+02    6.87404e-06    
2.45552e+02    6.57119e-06    
2.49736e+02    6.28195e-06    
2.53991e+02    6.00569e-06    
2.58319e+02    5.74183e-06    
2.62720e+02    5.48978e-06    
2.67196e+02    5.24901e-06    
2.71749e+02    5.01900e-06    
2.76379e+02    4.79926e-06    
2.81089e+02    4.58931e-06    
2.85878e+02    4.38871e-06    
2.90749e+02    4.19703e-06    
2.95703e+02    4.01386e-06    
3.00741e+02    3.83881e-06    
3.05866e+02    3.67151e-06    
3.11077e+02    3.51161e-06    
3.16378e+02    3.35877e-06    
3.21768e+02    3.21268e-06    
3.27251e+02    3.07302e-06    
3.32827e+02    2.93950e-06    
3.38498e+02    2.81185e-06    
3.44265e+02    2.68981e-06    
3.50131e+02    2.57311e-06    
3.56097e+02    2.46152e-06    
3.62164e+02    2.35482e-06    
3.68335e+02    2.25278e-06    
3.74611e+02    2.15519e-06    
3.80994e+02    2.06186e-06    
3.87486e+02    1.97260e-06    
3.94088e+02    1.88723e-06    
4.00803e+02    1.80557e-06    
4.07632e+02    1.72746e-06    
4.14577e+02    1.65275e-06    
4.21641e+02    1.58128e-06    
4.28826e+02    1.51291e-06    
4.36132e+02    1.44751e-06    
4.43563e+02    1.38494e-06    
4.51121e+02    1.32509e-06    
4.58808e+02    1.26782e-06    
4.66625e+02    1.21304e-06    
4.74576e+02    1.16063e-06    
4.82662e+02    1.11049e-06    
4.90886e+02    1.06251e-06    
4.99250e+02    1.01661e-06    
5.07757e+02    9.72697e-07    
5.16408e+02    9.30679e-07    
5.25207e+02    8.90477e-07    
5.34156e+02    8.52013e-07    
5.43257e+02    8.15209e-07    
5.52514e+02    7.79996e-07    
5.61928e+02    7.46303e-07    
5.71502e+02    7.14065e-07    
5.81240e+02    6.83219e-07    
5.91144e+02    6.53704e-07    
6.01216e+02    6.25464e-07    
6.11460e+02    5.98443e-07    
6.21879e+02    5.72588e-07    
6.32475e+02    5.47849e-07    
6.43251e+02    5.24178e-07    
6.54211e+02    5.01528e-07    
6.65358e+02    4.79856e-07    
6.76695e+02    4.59120e-07    
6.88225e+02    4.39278e-07    
6.99952e+02    4.20293e-07    
7.11878e+02    4.02128e-07    
7.24008e+02    3.84746e-07    
7.36344e+02    3.68115e-07    
7.48890e+02    3.52201e-07    
7.61650e+02    3.36975e-07    
7.74628e+02    3.22405e-07    
7.87827e+02    3.08465e-07    
8.01250e+02    2.95127e-07    
8.14902e+02    2.82364e-07    
8.28787e+02    2.70153e-07    
8.42909e+02    2.58469e-07    
8.57271e+02    2.47289e-07    
8.71878e+02    2.36592e-07    
8.86733e+02    2.26357e-07    
9.01842e+02    2.16564e-07    
9.17209e+02    2.07195e-07    
9.32837e+02    1.98229e-07    
9.48731e+02    1.89652e-07    
9.64896e+02    1.81444e-07    
9.81337e+02    1.73592e-07    
9.98058e+02    1.66078e-07    
1.01506e+03    1.58890e-07    
1.03236e+03    1.52012e-07    
1.04995e+03    1.45431e-07    
1.06784e+03    1.39135e-07    
1.08603e+03    1.33110e-07    
1.10454e+03    1.27347e-07    
1.12336e+03    1.21832e-07    
1.14250e+03    1.16556e-07    
1.16197e+03    1.11508e-07    
1.18176e+03    1.06678e-07    
1.20190e+03    1.02057e-07    
1.22238e+03    9.76359e-08    
1.24321e+03    9.34061e-08    
1.26439e+03    8.93592e-08    
1.28593e+03    8.54873e-08    
1.30784e+03    8.17830e-08    
1.33013e+03    7.82389e-08    
1.35279e+03    7.48482e-08    
1.37584e+03    7.16042e-08    
1.39928e+03    6.85005e-08    
1.42313e+03    6.55312e-08    
1.44737e+03    6.26904e-08    
1.47203e+03    5.99726e-08    
1.49712e+03    5.73724e-08    
1.52263e+03    5.48848e-08    
1.54857e+03    5.25049e-08    
1.57495e+03    5.02280e-08    
1.60179e+03    4.80497e-08    
1.62908e+03    4.59657e-08    
1.65684e+03    4.39720e-08    
1.68507e+03    4.20647e-08    
1.71378e+03    4.02399e-08    
1.74298e+03    3.84942e-08    
1.77268e+03    3.68241e-08    
1.80289e+03    3.52264e-08    
1.83360e+03    3.36979e-08    
1.86485e+03    3.22356e-08    
1.89662e+03    3.08367e-08    
1.92894e+03    2.94984e-08    
1.96180e+03    2.82181e-08    
1.99523e+03    2.69933e-08    
2.02923e+03    2.58216e-08    
2.06380e+03    2.47006e-08    
2.09897e+03    2.36283e-08    
2.13473e+03    2.26025e-08    
2.17110e+03    2.16211e-08    
2.20810e+03    2.06823e-08    
2.24572e+03    1.97842e-08    
2.28398e+03    1.89250e-08    
2.32290e+03    1.81031e-08    
2.36248e+03    1.73169e-08    
2.40273e+03    1.65647e-08    
2.44367e+03    1.58452e-08    
2.48531e+03    1.51569e-08    
2.52766e+03    1.44984e-08    
2.57072e+03    1.38686e-08    
2.61453e+03    1.32660e-08    
2.65907e+03    1.26896e-08    
2.70438e+03    1.21382e-08    
2.75046e+03    1.16108e-08    
2.79733e+03    1.11062e-08    
2.84499e+03    1.06235e-08    
2.89346e+03    1.01618e-08    
2.94276e+03    9.72012e-09    
2.99291e+03    9.29761e-09    
3.04390e+03    8.89345e-09    
3.09577e+03    8.50683e-09    
3.14851e+03    8.13700e-09    
3.20216e+03    7.78323e-09    
3.25672e+03    7.44483e-09    
3.31221e+03    7.12111e-09    
3.36865e+03    6.81146e-09    
3.42604e+03    6.51526e-09    
3.48442e+03    6.23192e-09    
3.54379e+03    5.96089e-09    
3.60417e+03    5.70163e-09    
3.66558e+03    5.45363e-09    
3.72804e+03    5.21641e-09    
3.79156e+03    4.98950e-09    
3.85616e+03    4.77244e-09    
3.92187e+03    4.56482e-09    
3.98869e+03    4.36622e-09    
4.05665e+03    4.17625e-09    
4.12578e+03    3.99454e-09    
4.19607e+03    3.82072e-09    
4.26757e+03    3.65446e-09    
4.34028e+03    3.49543e-09    
4.41424e+03    3.34331e-09    
4.48945e+03    3.19780e-09    
4.56594e+03    3.05862e-09    
4.64374e+03    2.92549e-09    
4.72287e+03    2.79814e-09    
4.80334e+03    2.67634e-09    
4.88518e+03    2.55983e-09    
4.96842e+03    2.44839e-09    
5.05307e+03    2.34179e-09    
5.13917e+03    2.23983e-09    
5.22674e+03    2.14231e-09    
5.31579e+03    2.04903e-09    
5.40637e+03    1.95980e-09    
5.49849e+03    1.87446e-09    
5.59217e+03    1.79283e-09    
5.68746e+03    1.71475e-09    
5.78436e+03    1.64006e-09    
5.88292e+03    1.56863e-09    
5.98316e+03    1.50030e-09    
6.08510e+03    1.43495e-09    
6.18879e+03    1.37244e-09    
6.29424e+03    1.31266e-09    
6.40148e+03    1.25547e-09    
6.51056e+03    1.20077e-09    
6.62149e+03    1.14846e-09    
6.73431e+03    1.09842e-09    
6.84905e+03    1.05056e-09    
6.96575e+03    1.00478e-09    
7.08444e+03    9.60994e-10    
7.20515e+03    9.19115e-10    
7.32792e+03    8.79060e-10    
7.45278e+03    8.40749e-10    
7.57976e+03    8.04105e-10    
7.70891e+03    7.69058e-10    
7.84026e+03    7.35536e-10    
7.97385e+03    7.03475e-10    
8.10971e+03    6.72809e-10    
8.24789e+03    6.43479e-10    
8.38843e+03    6.15427e-10    
8.53136e+03    5.88596e-10    
8.67672e+03    5.62934e-10    
8.82456e+03    5.38390e-10    
8.97492e+03    5.14915e-10    
9.12784e+03    4.92463e-10    
9.28337e+03    4.70989e-10    
9.44154e+03    4.50450e-10    
9.60242e+03    4.30807e-10    
9.76603e+03    4.12019e-10    
9.93243e+03    3.94050e-10    
1.01017e+04    3.76863e-10    
1.02738e+04    3.60426e-10    
1.04488e+04    3.44705e-10    
1.06269e+04    3.29670e-10    
1.08079e+04    3.15289e-10    
1.09921e+04    3.01535e-10    
1.11794e+04    2.88381e-10    
1.13699e+04    2.75800e-10    
1.15636e+04    2.63768e-10    
1.17606e+04    2.52260e-10    
1.19610e+04    2.41254e-10    
1.21648e+04    2.30727e-10    
1.23721e+04    2.20660e-10    
1.25829e+04    2.11031e-10    
1.27973e+04    2.01822e-10    
1.30153e+04    1.93015e-10    
1.32371e+04    1.84592e-10    
1.34626e+04    1.76536e-10    
1.36920e+04    1.68831e-10    
1.39253e+04    1.61463e-10    
1.41626e+04    1.54415e-10    
1.44039e+04    1.47675e-10    
1.46493e+04    1.41229e-10    
1.48989e+04    1.35065e-10    
1.51528e+04    1.29169e-10    
1.54110e+04    1.23530e-10    
1.56736e+04    1.18137e-10    
1.59406e+04    1.12980e-10    
1.62122e+04    1.08047e-10    
1.64885e+04    1.03330e-10    
1.67694e+04    9.88183e-11    
1.70551e+04    9.45036e-11    
1.73457e+04    9.03771e-11    
1.76413e+04    8.64307e-11    
1.79419e+04    8.26565e-11    
1.82476e+04    7.90470e-11    
1.85585e+04    7.55951e-11    
1.88747e+04    7.22937e-11    
1.91963e+04    6.91364e-11    
1.95234e+04    6.61169e-11    
1.98561e+04    6.32292e-11    
2.01944e+04    6.04676e-11    
2.05385e+04    5.78264e-11    
2.08884e+04    5.53006e-11    
2.12443e+04    5.28850e-11    
2.16063e+04    5.05748e-11    
2.19745e+04    4.83655e-11    
2.23489e+04    4.62527e-11    
2.27297e+04    4.42320e-11    
2.31169e+04    4.22996e-11    
2.35108e+04    4.04516e-11    
2.39114e+04    3.86842e-11    
2.43188e+04    3.69940e-11    
2.47332e+04    3.53776e-11    
2.51546e+04    3.38318e-11    
2.55832e+04    3.23535e-11    
2.60191e+04    3.09398e-11    
2.64625e+04    2.95877e-11    
2.69134e+04    2.82948e-11    
2.73719e+04    2.70583e-11    
2.78383e+04    2.58758e-11    
2.83126e+04    2.47449e-11    
2.87951e+04    2.36634e-11    
2.92857e+04    2.26292e-11    
2.97847e+04    2.16401e-11    
3.02922e+04    2.06943e-11    
3.08083e+04    1.97897e-11    
3.13333e+04    1.89247e-11    
3.18671e+04    1.80975e-11    
3.24101e+04    1.73064e-11    
3.29623e+04    1.65498e-11    
3.35240e+04    1.58263e-11    
3.40952e+04    1.51345e-11    
3.46761e+04    1.44728e-11    
3.52670e+04    1.38401e-11    
3.58679e+04    1.32350e-11    
3.64790e+04    1.26563e-11    
3.71006e+04    1.21030e-11    
3.77327e+04    1.15738e-11    
3.83756e+04    1.10677e-11    
3.90295e+04    1.05838e-11    
3.96945e+04    1.01210e-11    
4.03709e+04    9.67838e-12    
4.10587e+04    9.25515e-12    
4.17583e+04    8.85042e-12    
4.24698e+04    8.46337e-12    
4.31935e+04    8.09324e-12    
4.39294e+04    7.73929e-12    
4.46779e+04    7.40081e-12    
4.54392e+04    7.07713e-12    
4.62134e+04    6.76760e-12    
4.70008e+04    6.47159e-12    
4.78017e+04    6.18853e-12    
4.86161e+04    5.91784e-12    
4.94445e+04    5.65898e-12    
5.02870e+04    5.41144e-12    
5.11438e+04    5.17473e-12    
5.20152e+04    4.94836e-12    
5.29015e+04    4.73189e-12    
5.38029e+04    4.52488e-12    
5.47196e+04    4.32693e-12    
5.56520e+04    4.13763e-12    
5.66002e+04    3.95661e-12    
5.75646e+04    3.78350e-12    
5.85454e+04    3.61797e-12    
5.95430e+04    3.45967e-12    
6.05575e+04    3.30830e-12    
6.15893e+04    3.16354e-12    
6.26387e+04    3.02512e-12    
6.37060e+04    2.89275e-12    
6.47915e+04    2.76617e-12    
6.58955e+04    2.64512e-12    
6.70182e+04    2.52937e-12    
6.81601e+04    2.41869e-12    
6.93215e+04    2.31284e-12    
7.05027e+04    2.21162e-12    
7.17039e+04    2.11483e-12    
7.29257e+04    2.02228e-12    
7.41682e+04    1.93377e-12    
7.54320e+04    1.84914e-12    
7.67172e+04    1.76821e-12    
7.80244e+04    1.69081e-12    
7.93538e+04    1.61681e-12    
8.07059e+04    1.54604e-12    
8.20811e+04    1.47837e-12    
8.34796e+04    1.41366e-12    
8.49020e+04    1.35178e-12    
8.63486e+04    1.29260e-12    
8.78199e+04    1.23602e-12    
8.93162e+04    1.18191e-12    
9.08381e+04    1.13017e-12    
9.23859e+04    1.08070e-12    
9.39600e+04    1.03339e-12    
9.55610e+04    9.88145e-13    
9.71892e+04    9.44884e-13    
9.88452e+04    9.03516e-13    
1.00529e+05    8.63958e-13    
1.02242e+05    8.26132e-13    
1.03984e+05    7.89961e-13    
1.05756e+05    7.55373e-13    
1.07558e+05    7.22299e-13    
1.09391e+05    6.90672e-13    
1.11255e+05    6.60430e-13    
1.13150e+05    6.31511e-13    
1.15078e+05    6.03858e-13    
1.17039e+05    5.77416e-13    
1.19033e+05    5.52130e-13    
1.21061e+05    5.27952e-13    
1.23124e+05    5.04832e-13    
1.25222e+05    4.82724e-13    
1.27356e+05    4.61584e-13    
1.29526e+05    4.41369e-13    
1.31733e+05    4.22039e-13    
1.33977e+05    4.03556e-13    
1.36260e+05    3.85881e-13    
1.38582e+05    3.68981e-13    
1.40943e+05    3.52820e-13    
1.43344e+05    3.37367e-13    
1.45787e+05    3.22590e-13    
1.48271e+05    3.08461e-13    
1.50797e+05    2.94950e-13    
1.53366e+05    2.82030e-13    
1.55980e+05    2.69677e-13    
1.58637e+05    2.57864e-13    
1.61340e+05    2.46568e-13    
1.64089e+05    2.35767e-13    
1.66885e+05    2.25440e-13    
1.69729e+05    2.15564e-13    
1.72621e+05    2.06121e-13    
1.75562e+05    1.97091e-13    
1.78553e+05    1.88457e-13    
1.81596e+05    1.80200e-13    
1.84690e+05    1.72306e-13    
1.87837e+05    1.64757e-13    
1.91037e+05    1.57539e-13    
1.94292e+05    1.50637e-13    
1.97603e+05    1.44037e-13    
2.00970e+05    1.37726e-13    
2.04394e+05    1.31692e-13    
2.07877e+05    1.25921e-13    
2.11418e+05    1.20404e-13    
2.15021e+05    1.15128e-13    
2.18684e+05    1.10084e-13    
2.22411e+05    1.05260e-13    
2.26200e+05    1.00648e-13    
2.30054e+05    9.62376e-14    
2.33974e+05    9.20205e-14    
2.37961e+05    8.79881e-14    
2.42015e+05    8.41324e-14    
2.46139e+05    8.04456e-14    
2.50333e+05    7.69202e-14    
2.54598e+05    7.35494e-14    
2.58936e+05    7.03261e-14    
2.63348e+05    6.72441e-14    
2.67835e+05    6.42972e-14    
2.72399e+05    6.14793e-14    
2.77040e+05    5.87849e-14    
2.81761e+05    5.62085e-14    
2.86562e+05    5.37451e-14    
2.91444e+05    5.13895e-14    
2.96410e+05    4.91372e-14    
3.01461e+05    4.69835e-14    
3.06597e+05    4.49242e-14    
3.11821e+05    4.29552e-14    
3.17134e+05    4.10724e-14    
3.22538e+05    3.92721e-14    
3.28033e+05    3.75507e-14    
3.33623e+05    3.59048e-14    
3.39307e+05    3.43309e-14    
3.45088e+05    3.28261e-14    
3.50968e+05    3.13871e-14    
3.56948e+05    3.00113e-14    
3.63030e+05    2.86957e-14    
3.69216e+05    2.74378e-14    
3.75507e+05    2.62350e-14    
3.81905e+05    2.50849e-14    
3.88412e+05    2.39852e-14    
3.95030e+05    2.29337e-14    
4.01761e+05    2.19283e-14    
4.08607e+05    2.09670e-14    
4.15569e+05    2.00478e-14    
4.22650e+05    1.91689e-14    
4.29851e+05    1.83285e-14    
4.37175e+05    1.75249e-14    
4.44624e+05    1.67566e-14    
4.52200e+05    1.60219e-14    
4.59905e+05    1.53194e-14    
4.67741e+05    1.46478e-14    
4.75711e+05    1.40055e-14    
4.83816e+05    1.33915e-14    
4.92060e+05    1.28043e-14    
5.00444e+05    1.22429e-14    
5.08971e+05    1.17061e-14    
5.17643e+05    1.11928e-14    
5.26463e+05    1.07020e-14    
5.35433e+05    1.02327e-14    
5.44556e+05    9.78403e-15    
5.53835e+05    9.35501e-15    
5.63272e+05    8.94479e-15    
5.72869e+05    8.55255e-15    
5.82630e+05    8.17751e-15    
5.92557e+05    7.81892e-15    
6.02654e+05    7.47604e-15    
6.12922e+05    7.14820e-15    
6.23366e+05    6.83473e-15    
6.33987e+05    6.53500e-15    
6.44789e+05    6.24841e-15    
6.55776e+05    5.97439e-15    
6.66949e+05    5.71238e-15    
6.78313e+05    5.46186e-15    
6.89871e+05    5.22233e-15    
7.01626e+05    4.99329e-15    
7.13580e+05    4.77430e-15    
7.25739e+05    4.56491e-15    
7.38105e+05    4.36470e-15    
7.50681e+05    4.17328e-15    
7.63472e+05    3.99024e-15    
7.76480e+05    3.81523e-15    
7.89711e+05    3.64790e-15    
8.03166e+05    3.48790e-15    
8.16851e+05    3.33492e-15    
8.30769e+05    3.18864e-15    
8.44925e+05    3.04878e-15    
8.59321e+05    2.91506e-15    
8.73963e+05    2.78720e-15    
8.88854e+05    2.66494e-15    
9.03999e+05    2.54805e-15    
9.19402e+05    2.43628e-15    
9.35067e+05    2.32941e-15    
9.51000e+05    2.22723e-15    
9.67204e+05    2.12954e-15    
9.83684e+05    2.03612e-15    
1.00044e+06    1.94681e-15    
1.01749e+06    1.86141e-15    
1.03483e+06    1.77975e-15    
1.05246e+06    1.70168e-15    
1.07039e+06    1.62703e-15    
1.08863e+06    1.55566e-15    
1.10718e+06    1.48741e-15    
1.12604e+06    1.42216e-15    
1.14523e+06    1.35977e-15    
1.16474e+06    1.30012e-15    
1.18459e+06    1.24308e-15    
1.20477e+06    1.18855e-15    
1.22530e+06    1.13640e-15    
1.24618e+06    1.08655e-15    
1.26741e+06    1.03888e-15    
1.28901e+06    9.93302e-16    
1.31097e+06    9.49723e-16    
1.33331e+06    9.08056e-16    
1.35603e+06    8.68217e-16    
1.37913e+06    8.30125e-16    
1.40263e+06    7.93704e-16    
1.42653e+06    7.58880e-16    
1.45083e+06    7.25585e-16    
1.47556e+06    6.93749e-16    
1.50070e+06    6.63311e-16    
1.52627e+06    6.34207e-16    
1.55227e+06    6.06381e-16    
1.57872e+06    5.79775e-16    
1.60562e+06    5.54336e-16    
1.63298e+06    5.30013e-16    
1.66080e+06    5.06757e-16    
1.68910e+06    4.84521e-16    
1.71788e+06    4.63261e-16    
1.74715e+06    4.42934e-16    
1.77692e+06    4.23498e-16    
1.80720e+06    4.04915e-16    
1.83799e+06    3.87148e-16    
1.86931e+06    3.70159e-16    
1.90116e+06    3.53916e-16    
1.93355e+06    3.38386e-16    
1.96650e+06    3.23537e-16    
2.00000e+06    3.09340e-16    

