# USINE V4.0
# File generated 13-05-2022 10:51:51
# Model1DKisoVc
# V
# SolMod0DFF_phi0_370GV
# R [GV]       TOA [GV m^{2} s sr]^{-1}
9.56809e-02    2.11880e-05    
9.73151e-02    2.22808e-05    
9.89772e-02    2.34297e-05    
1.00668e-01    2.46376e-05    
1.02387e-01    2.59076e-05    
1.04136e-01    2.72427e-05    
1.05914e-01    2.86463e-05    
1.07723e-01    3.01220e-05    
1.09563e-01    3.16733e-05    
1.11435e-01    3.33042e-05    
1.13338e-01    3.50187e-05    
1.15274e-01    3.68210e-05    
1.17243e-01    3.87156e-05    
1.19245e-01    4.07073e-05    
1.21282e-01    4.28008e-05    
1.23353e-01    4.50016e-05    
1.25460e-01    4.73149e-05    
1.27603e-01    4.97464e-05    
1.29782e-01    5.23023e-05    
1.31999e-01    5.49888e-05    
1.34253e-01    5.78125e-05    
1.36546e-01    6.07803e-05    
1.38879e-01    6.38997e-05    
1.41251e-01    6.71782e-05    
1.43663e-01    7.06238e-05    
1.46117e-01    7.42451e-05    
1.48612e-01    7.80509e-05    
1.51151e-01    8.20506e-05    
1.53732e-01    8.62538e-05    
1.56358e-01    9.06710e-05    
1.59029e-01    9.53128e-05    
1.61745e-01    1.00191e-04    
1.64507e-01    1.05316e-04    
1.67317e-01    1.10702e-04    
1.70175e-01    1.16361e-04    
1.73081e-01    1.22308e-04    
1.76038e-01    1.28556e-04    
1.79044e-01    1.35120e-04    
1.82102e-01    1.42017e-04    
1.85212e-01    1.49264e-04    
1.88376e-01    1.56876e-04    
1.91593e-01    1.64874e-04    
1.94866e-01    1.73276e-04    
1.98194e-01    1.82102e-04    
2.01579e-01    1.91374e-04    
2.05022e-01    2.01110e-04    
2.08524e-01    2.11333e-04    
2.12085e-01    2.22066e-04    
2.15708e-01    2.33334e-04    
2.19392e-01    2.45163e-04    
2.23139e-01    2.57580e-04    
2.26950e-01    2.70613e-04    
2.30826e-01    2.84292e-04    
2.34769e-01    2.98646e-04    
2.38779e-01    3.13709e-04    
2.42857e-01    3.29514e-04    
2.47005e-01    3.46096e-04    
2.51223e-01    3.63491e-04    
2.55514e-01    3.81738e-04    
2.59878e-01    4.00876e-04    
2.64317e-01    4.20947e-04    
2.68832e-01    4.41993e-04    
2.73423e-01    4.64060e-04    
2.78093e-01    4.87195e-04    
2.82843e-01    5.11446e-04    
2.87674e-01    5.36864e-04    
2.92587e-01    5.63501e-04    
2.97584e-01    5.91413e-04    
3.02667e-01    6.20656e-04    
3.07837e-01    6.51290e-04    
3.13094e-01    6.83375e-04    
3.18442e-01    7.16976e-04    
3.23881e-01    7.52158e-04    
3.29413e-01    7.88989e-04    
3.35039e-01    8.27542e-04    
3.40761e-01    8.67888e-04    
3.46581e-01    9.10103e-04    
3.52501e-01    9.54267e-04    
3.58521e-01    1.00046e-03    
3.64645e-01    1.04877e-03    
3.70873e-01    1.09927e-03    
3.77207e-01    1.15207e-03    
3.83650e-01    1.20724e-03    
3.90203e-01    1.26489e-03    
3.96867e-01    1.32512e-03    
4.03646e-01    1.38801e-03    
4.10540e-01    1.45367e-03    
4.17552e-01    1.52222e-03    
4.24683e-01    1.59374e-03    
4.31937e-01    1.66836e-03    
4.39314e-01    1.74618e-03    
4.46817e-01    1.82733e-03    
4.54449e-01    1.91191e-03    
4.62211e-01    2.00004e-03    
4.70105e-01    2.09185e-03    
4.78135e-01    2.18745e-03    
4.86301e-01    2.28697e-03    
4.94607e-01    2.39053e-03    
5.03055e-01    2.49825e-03    
5.11647e-01    2.61026e-03    
5.20385e-01    2.72668e-03    
5.29274e-01    2.84765e-03    
5.38313e-01    2.97328e-03    
5.47508e-01    3.10370e-03    
5.56859e-01    3.23904e-03    
5.66370e-01    3.37940e-03    
5.76043e-01    3.52491e-03    
5.85882e-01    3.67568e-03    
5.95889e-01    3.83182e-03    
6.06066e-01    3.99345e-03    
6.16418e-01    4.16067e-03    
6.26946e-01    4.33357e-03    
6.37654e-01    4.51224e-03    
6.48545e-01    4.69675e-03    
6.59622e-01    4.88719e-03    
6.70888e-01    5.08363e-03    
6.82347e-01    5.28612e-03    
6.94001e-01    5.49471e-03    
7.05854e-01    5.70942e-03    
7.17910e-01    5.93028e-03    
7.30172e-01    6.15729e-03    
7.42643e-01    6.39047e-03    
7.55327e-01    6.62976e-03    
7.68228e-01    6.87512e-03    
7.81349e-01    7.12650e-03    
7.94694e-01    7.38384e-03    
8.08267e-01    7.64703e-03    
8.22072e-01    7.91593e-03    
8.36113e-01    8.19039e-03    
8.50394e-01    8.47028e-03    
8.64918e-01    8.75541e-03    
8.79691e-01    9.04552e-03    
8.94716e-01    9.34038e-03    
9.09997e-01    9.63974e-03    
9.25540e-01    9.94329e-03    
9.41348e-01    1.02507e-02    
9.57426e-01    1.05616e-02    
9.73778e-01    1.08756e-02    
9.90410e-01    1.11923e-02    
1.00733e+00    1.15113e-02    
1.02453e+00    1.18321e-02    
1.04203e+00    1.21541e-02    
1.05983e+00    1.24768e-02    
1.07793e+00    1.27997e-02    
1.09634e+00    1.31222e-02    
1.11506e+00    1.34436e-02    
1.13411e+00    1.37633e-02    
1.15348e+00    1.40807e-02    
1.17318e+00    1.43950e-02    
1.19322e+00    1.47055e-02    
1.21360e+00    1.50115e-02    
1.23433e+00    1.53122e-02    
1.25541e+00    1.56069e-02    
1.27685e+00    1.58947e-02    
1.29866e+00    1.61750e-02    
1.32084e+00    1.64468e-02    
1.34340e+00    1.67095e-02    
1.36634e+00    1.69622e-02    
1.38968e+00    1.72041e-02    
1.41342e+00    1.74344e-02    
1.43756e+00    1.76524e-02    
1.46211e+00    1.78574e-02    
1.48708e+00    1.80486e-02    
1.51248e+00    1.82253e-02    
1.53831e+00    1.83869e-02    
1.56459e+00    1.85327e-02    
1.59131e+00    1.86623e-02    
1.61849e+00    1.87750e-02    
1.64613e+00    1.88704e-02    
1.67425e+00    1.89482e-02    
1.70284e+00    1.90079e-02    
1.73193e+00    1.90492e-02    
1.76151e+00    1.90721e-02    
1.79160e+00    1.90762e-02    
1.82220e+00    1.90615e-02    
1.85332e+00    1.90279e-02    
1.88497e+00    1.89754e-02    
1.91717e+00    1.89041e-02    
1.94991e+00    1.88141e-02    
1.98322e+00    1.87056e-02    
2.01709e+00    1.85787e-02    
2.05154e+00    1.84340e-02    
2.08658e+00    1.82717e-02    
2.12222e+00    1.80925e-02    
2.15847e+00    1.78969e-02    
2.19533e+00    1.76856e-02    
2.23283e+00    1.74596e-02    
2.27096e+00    1.72196e-02    
2.30975e+00    1.69666e-02    
2.34920e+00    1.67016e-02    
2.38932e+00    1.64257e-02    
2.43013e+00    1.61398e-02    
2.47164e+00    1.58450e-02    
2.51385e+00    1.55422e-02    
2.55679e+00    1.52326e-02    
2.60046e+00    1.49172e-02    
2.64487e+00    1.45971e-02    
2.69005e+00    1.42732e-02    
2.73599e+00    1.39465e-02    
2.78272e+00    1.36180e-02    
2.83025e+00    1.32887e-02    
2.87859e+00    1.29594e-02    
2.92776e+00    1.26311e-02    
2.97776e+00    1.23045e-02    
3.02862e+00    1.19803e-02    
3.08035e+00    1.16594e-02    
3.13296e+00    1.13424e-02    
3.18647e+00    1.10297e-02    
3.24090e+00    1.07220e-02    
3.29625e+00    1.04195e-02    
3.35255e+00    1.01227e-02    
3.40981e+00    9.83159e-03    
3.46805e+00    9.54641e-03    
3.52728e+00    9.26719e-03    
3.58753e+00    8.99389e-03    
3.64880e+00    8.72646e-03    
3.71112e+00    8.46476e-03    
3.77450e+00    8.20866e-03    
3.83897e+00    7.95798e-03    
3.90454e+00    7.71254e-03    
3.97123e+00    7.47219e-03    
4.03906e+00    7.23688e-03    
4.10804e+00    7.00663e-03    
4.17821e+00    6.78158e-03    
4.24957e+00    6.56192e-03    
4.32215e+00    6.34786e-03    
4.39597e+00    6.13957e-03    
4.47105e+00    5.93715e-03    
4.54742e+00    5.74061e-03    
4.62509e+00    5.54987e-03    
4.70408e+00    5.36480e-03    
4.78443e+00    5.18524e-03    
4.86614e+00    5.01099e-03    
4.94926e+00    4.84183e-03    
5.03379e+00    4.67758e-03    
5.11976e+00    4.51804e-03    
5.20721e+00    4.36303e-03    
5.29615e+00    4.21241e-03    
5.38660e+00    4.06602e-03    
5.47860e+00    3.92373e-03    
5.57218e+00    3.78542e-03    
5.66735e+00    3.65097e-03    
5.76415e+00    3.52029e-03    
5.86260e+00    3.39329e-03    
5.96273e+00    3.26990e-03    
6.06457e+00    3.15008e-03    
6.16815e+00    3.03376e-03    
6.27350e+00    2.92090e-03    
6.38065e+00    2.81144e-03    
6.48963e+00    2.70531e-03    
6.60047e+00    2.60246e-03    
6.71320e+00    2.50281e-03    
6.82786e+00    2.40629e-03    
6.94448e+00    2.31283e-03    
7.06309e+00    2.22235e-03    
7.18373e+00    2.13479e-03    
7.30642e+00    2.05007e-03    
7.43122e+00    1.96813e-03    
7.55814e+00    1.88890e-03    
7.68723e+00    1.81232e-03    
7.81853e+00    1.73835e-03    
7.95206e+00    1.66694e-03    
8.08788e+00    1.59804e-03    
8.22602e+00    1.53161e-03    
8.36652e+00    1.46760e-03    
8.50942e+00    1.40597e-03    
8.65476e+00    1.34667e-03    
8.80258e+00    1.28965e-03    
8.95292e+00    1.23486e-03    
9.10584e+00    1.18226e-03    
9.26136e+00    1.13181e-03    
9.41954e+00    1.08349e-03    
9.58043e+00    1.03725e-03    
9.74406e+00    9.93052e-04    
9.91048e+00    9.50857e-04    
1.00798e+01    9.10609e-04    
1.02519e+01    8.72251e-04    
1.04270e+01    8.35715e-04    
1.06051e+01    8.00921e-04    
1.07862e+01    7.67770e-04    
1.09705e+01    7.36157e-04    
1.11578e+01    7.05974e-04    
1.13484e+01    6.77122e-04    
1.15422e+01    6.49510e-04    
1.17394e+01    6.23057e-04    
1.19399e+01    5.97686e-04    
1.21438e+01    5.73332e-04    
1.23512e+01    5.49934e-04    
1.25622e+01    5.27446e-04    
1.27767e+01    5.05830e-04    
1.29950e+01    4.85052e-04    
1.32169e+01    4.65083e-04    
1.34426e+01    4.45894e-04    
1.36722e+01    4.27455e-04    
1.39058e+01    4.09740e-04    
1.41433e+01    3.92723e-04    
1.43848e+01    3.76378e-04    
1.46305e+01    3.60683e-04    
1.48804e+01    3.45615e-04    
1.51346e+01    3.31150e-04    
1.53931e+01    3.17265e-04    
1.56560e+01    3.03937e-04    
1.59234e+01    2.91145e-04    
1.61953e+01    2.78869e-04    
1.64719e+01    2.67090e-04    
1.67533e+01    2.55788e-04    
1.70394e+01    2.44945e-04    
1.73304e+01    2.34543e-04    
1.76264e+01    2.24565e-04    
1.79275e+01    2.14995e-04    
1.82337e+01    2.05817e-04    
1.85451e+01    1.97015e-04    
1.88619e+01    1.88576e-04    
1.91840e+01    1.80484e-04    
1.95117e+01    1.72727e-04    
1.98449e+01    1.65290e-04    
2.01839e+01    1.58163e-04    
2.05286e+01    1.51332e-04    
2.08792e+01    1.44785e-04    
2.12359e+01    1.38512e-04    
2.15986e+01    1.32501e-04    
2.19675e+01    1.26743e-04    
2.23427e+01    1.21228e-04    
2.27243e+01    1.15948e-04    
2.31124e+01    1.10899e-04    
2.35071e+01    1.06067e-04    
2.39086e+01    1.01441e-04    
2.43170e+01    9.70099e-05    
2.47323e+01    9.27662e-05    
2.51547e+01    8.87022e-05    
2.55844e+01    8.48107e-05    
2.60213e+01    8.10845e-05    
2.64658e+01    7.75170e-05    
2.69178e+01    7.41017e-05    
2.73776e+01    7.08323e-05    
2.78452e+01    6.77028e-05    
2.83208e+01    6.47074e-05    
2.88045e+01    6.18407e-05    
2.92964e+01    5.90973e-05    
2.97968e+01    5.64720e-05    
3.03057e+01    5.39601e-05    
3.08233e+01    5.15567e-05    
3.13498e+01    4.92573e-05    
3.18852e+01    4.70576e-05    
3.24298e+01    4.49535e-05    
3.29837e+01    4.29408e-05    
3.35471e+01    4.10158e-05    
3.41201e+01    3.91748e-05    
3.47028e+01    3.74142e-05    
3.52955e+01    3.57306e-05    
3.58984e+01    3.41208e-05    
3.65115e+01    3.25816e-05    
3.71351e+01    3.11100e-05    
3.77694e+01    2.97032e-05    
3.84145e+01    2.83584e-05    
3.90706e+01    2.70730e-05    
3.97379e+01    2.58443e-05    
4.04166e+01    2.46700e-05    
4.11069e+01    2.35478e-05    
4.18090e+01    2.24754e-05    
4.25231e+01    2.14506e-05    
4.32494e+01    2.04714e-05    
4.39881e+01    1.95358e-05    
4.47394e+01    1.86420e-05    
4.55035e+01    1.77881e-05    
4.62807e+01    1.69724e-05    
4.70711e+01    1.61932e-05    
4.78751e+01    1.54490e-05    
4.86928e+01    1.47382e-05    
4.95245e+01    1.40593e-05    
5.03703e+01    1.34110e-05    
5.12306e+01    1.27920e-05    
5.21056e+01    1.22008e-05    
5.29956e+01    1.16364e-05    
5.39007e+01    1.10975e-05    
5.48213e+01    1.05830e-05    
5.57577e+01    1.00919e-05    
5.67100e+01    9.62307e-06    
5.76786e+01    9.17555e-06    
5.86637e+01    8.74840e-06    
5.96657e+01    8.34071e-06    
6.06848e+01    7.95163e-06    
6.17212e+01    7.58032e-06    
6.27754e+01    7.22599e-06    
6.38476e+01    6.88788e-06    
6.49381e+01    6.56527e-06    
6.60472e+01    6.25747e-06    
6.71753e+01    5.96381e-06    
6.83226e+01    5.68365e-06    
6.94896e+01    5.41640e-06    
7.06764e+01    5.16147e-06    
7.18836e+01    4.91830e-06    
7.31113e+01    4.68637e-06    
7.43600e+01    4.46517e-06    
7.56301e+01    4.25421e-06    
7.69218e+01    4.05303e-06    
7.82356e+01    3.86119e-06    
7.95719e+01    3.67826e-06    
8.09310e+01    3.50384e-06    
8.23132e+01    3.33754e-06    
8.37191e+01    3.17899e-06    
8.51490e+01    3.02784e-06    
8.66033e+01    2.88375e-06    
8.80825e+01    2.74640e-06    
8.95869e+01    2.61548e-06    
9.11170e+01    2.49069e-06    
9.26733e+01    2.37176e-06    
9.42561e+01    2.25841e-06    
9.58660e+01    2.15040e-06    
9.75034e+01    2.04746e-06    
9.91687e+01    1.94938e-06    
1.00862e+02    1.85592e-06    
1.02585e+02    1.76687e-06    
1.04337e+02    1.68203e-06    
1.06119e+02    1.60121e-06    
1.07932e+02    1.52421e-06    
1.09775e+02    1.45087e-06    
1.11650e+02    1.38100e-06    
1.13557e+02    1.31446e-06    
1.15497e+02    1.25108e-06    
1.17469e+02    1.19072e-06    
1.19476e+02    1.13323e-06    
1.21516e+02    1.07849e-06    
1.23592e+02    1.02636e-06    
1.25703e+02    9.76727e-07    
1.27850e+02    9.29468e-07    
1.30033e+02    8.84473e-07    
1.32254e+02    8.41637e-07    
1.34513e+02    8.00858e-07    
1.36811e+02    7.62040e-07    
1.39147e+02    7.25089e-07    
1.41524e+02    6.89919e-07    
1.43941e+02    6.56445e-07    
1.46400e+02    6.24587e-07    
1.48900e+02    5.94269e-07    
1.51443e+02    5.65418e-07    
1.54030e+02    5.37964e-07    
1.56661e+02    5.11841e-07    
1.59336e+02    4.86987e-07    
1.62058e+02    4.63340e-07    
1.64826e+02    4.40843e-07    
1.67641e+02    4.19441e-07    
1.70504e+02    3.99083e-07    
1.73416e+02    3.79717e-07    
1.76378e+02    3.61297e-07    
1.79391e+02    3.43777e-07    
1.82454e+02    3.27114e-07    
1.85571e+02    3.11266e-07    
1.88740e+02    2.96194e-07    
1.91964e+02    2.81861e-07    
1.95243e+02    2.68231e-07    
1.98577e+02    2.55270e-07    
2.01969e+02    2.42944e-07    
2.05419e+02    2.31224e-07    
2.08927e+02    2.20079e-07    
2.12495e+02    2.09482e-07    
2.16125e+02    1.99405e-07    
2.19816e+02    1.89822e-07    
2.23571e+02    1.80711e-07    
2.27389e+02    1.72046e-07    
2.31273e+02    1.63806e-07    
2.35223e+02    1.55970e-07    
2.39240e+02    1.48518e-07    
2.43327e+02    1.41430e-07    
2.47483e+02    1.34689e-07    
2.51709e+02    1.28277e-07    
2.56009e+02    1.22178e-07    
2.60381e+02    1.16376e-07    
2.64828e+02    1.10856e-07    
2.69352e+02    1.05604e-07    
2.73952e+02    1.00607e-07    
2.78631e+02    9.58520e-08    
2.83390e+02    9.13266e-08    
2.88230e+02    8.70195e-08    
2.93153e+02    8.29199e-08    
2.98160e+02    7.90173e-08    
3.03253e+02    7.53020e-08    
3.08432e+02    7.17647e-08    
3.13700e+02    6.83965e-08    
3.19058e+02    6.51890e-08    
3.24507e+02    6.21345e-08    
3.30050e+02    5.92252e-08    
3.35687e+02    5.64540e-08    
3.41420e+02    5.38143e-08    
3.47252e+02    5.12995e-08    
3.53183e+02    4.89036e-08    
3.59215e+02    4.66208e-08    
3.65350e+02    4.44456e-08    
3.71590e+02    4.23728e-08    
3.77937e+02    4.03974e-08    
3.84392e+02    3.85148e-08    
3.90957e+02    3.67205e-08    
3.97635e+02    3.50103e-08    
4.04426e+02    3.33802e-08    
4.11334e+02    3.18263e-08    
4.18359e+02    3.03450e-08    
4.25505e+02    2.89329e-08    
4.32772e+02    2.75867e-08    
4.40164e+02    2.63033e-08    
4.47682e+02    2.50797e-08    
4.55328e+02    2.39130e-08    
4.63105e+02    2.28007e-08    
4.71015e+02    2.17402e-08    
4.79060e+02    2.07290e-08    
4.87242e+02    1.97648e-08    
4.95564e+02    1.88454e-08    
5.04028e+02    1.79688e-08    
5.12636e+02    1.71328e-08    
5.21392e+02    1.63357e-08    
5.30297e+02    1.55757e-08    
5.39355e+02    1.48509e-08    
5.48567e+02    1.41597e-08    
5.57936e+02    1.35007e-08    
5.67466e+02    1.28722e-08    
5.77158e+02    1.22730e-08    
5.87015e+02    1.17015e-08    
5.97041e+02    1.11566e-08    
6.07239e+02    1.06369e-08    
6.17610e+02    1.01414e-08    
6.28159e+02    9.66890e-09    
6.38888e+02    9.21832e-09    
6.49800e+02    8.78867e-09    
6.60898e+02    8.37896e-09    
6.72186e+02    7.98828e-09    
6.83667e+02    7.61575e-09    
6.95344e+02    7.26052e-09    
7.07220e+02    6.92179e-09    
7.19299e+02    6.59880e-09    
7.31584e+02    6.29082e-09    
7.44080e+02    5.99716e-09    
7.56788e+02    5.71714e-09    
7.69714e+02    5.45015e-09    
7.82861e+02    5.19557e-09    
7.96232e+02    4.95283e-09    
8.09831e+02    4.72138e-09    
8.23663e+02    4.50071e-09    
8.37731e+02    4.29030e-09    
8.52039e+02    4.08968e-09    
8.66591e+02    3.89841e-09    
8.81393e+02    3.71604e-09    
8.96447e+02    3.54217e-09    
9.11758e+02    3.37639e-09    
9.27330e+02    3.21835e-09    
9.43169e+02    3.06766e-09    
9.59278e+02    2.92400e-09    
9.75662e+02    2.78704e-09    
9.92326e+02    2.65647e-09    
1.00927e+03    2.53198e-09    
1.02651e+03    2.41331e-09    
1.04405e+03    2.30017e-09    
1.06188e+03    2.19231e-09    
1.08001e+03    2.08949e-09    
1.09846e+03    1.99147e-09    
1.11722e+03    1.89803e-09    
1.13630e+03    1.80895e-09    
1.15571e+03    1.72404e-09    
1.17545e+03    1.64310e-09    
1.19553e+03    1.56593e-09    
1.21595e+03    1.49238e-09    
1.23671e+03    1.42227e-09    
1.25784e+03    1.35544e-09    
1.27932e+03    1.29173e-09    
1.30117e+03    1.23101e-09    
1.32339e+03    1.17313e-09    
1.34600e+03    1.11795e-09    
1.36899e+03    1.06537e-09    
1.39237e+03    1.01524e-09    
1.41615e+03    9.67468e-10    
1.44034e+03    9.21931e-10    
1.46494e+03    8.78529e-10    
1.48996e+03    8.37161e-10    
1.51541e+03    7.97734e-10    
1.54129e+03    7.60156e-10    
1.56761e+03    7.24341e-10    
1.59439e+03    6.90207e-10    
1.62162e+03    6.57674e-10    
1.64932e+03    6.26669e-10    
1.67749e+03    5.97120e-10    
1.70614e+03    5.68959e-10    
1.73528e+03    5.42120e-10    
1.76492e+03    5.16542e-10    
1.79506e+03    4.92167e-10    
1.82572e+03    4.68937e-10    
1.85690e+03    4.46800e-10    
1.88862e+03    4.25703e-10    
1.92088e+03    4.05599e-10    
1.95368e+03    3.86440e-10    
1.98705e+03    3.68183e-10    
2.02099e+03    3.50786e-10    
2.05551e+03    3.34207e-10    
2.09062e+03    3.18408e-10    
2.12632e+03    3.03354e-10    
2.16264e+03    2.89009e-10    
2.19958e+03    2.75340e-10    
2.23715e+03    2.62315e-10    
2.27536e+03    2.49903e-10    
2.31422e+03    2.38077e-10    
2.35374e+03    2.26808e-10    
2.39395e+03    2.16071e-10    
2.43483e+03    2.05840e-10    
2.47642e+03    1.96092e-10    
2.51872e+03    1.86804e-10    
2.56174e+03    1.77954e-10    
2.60549e+03    1.69522e-10    
2.64999e+03    1.61488e-10    
2.69525e+03    1.53834e-10    
2.74129e+03    1.46541e-10    
2.78811e+03    1.39593e-10    
2.83573e+03    1.32972e-10    
2.88416e+03    1.26665e-10    
2.93342e+03    1.20656e-10    
2.98352e+03    1.14931e-10    
3.03448e+03    1.09477e-10    
3.08631e+03    1.04280e-10    
3.13902e+03    9.93297e-11    
3.19264e+03    9.46134e-11    
3.24716e+03    9.01202e-11    
3.30263e+03    8.58397e-11    
3.35903e+03    8.17618e-11    
3.41640e+03    7.78770e-11    
3.47476e+03    7.41762e-11    
3.53410e+03    7.06507e-11    
3.59447e+03    6.72922e-11    
3.65586e+03    6.40928e-11    
3.71830e+03    6.10450e-11    
3.78181e+03    5.81417e-11    
3.84640e+03    5.53760e-11    
3.91209e+03    5.27414e-11    
3.97891e+03    5.02318e-11    
4.04687e+03    4.78413e-11    
4.11599e+03    4.55641e-11    
4.18629e+03    4.33950e-11    
4.25779e+03    4.13288e-11    
4.33051e+03    3.93607e-11    
4.40448e+03    3.74860e-11    
4.47970e+03    3.57003e-11    
4.55622e+03    3.39994e-11    
4.63403e+03    3.23793e-11    
4.71318e+03    3.08362e-11    
4.79368e+03    2.93664e-11    
4.87556e+03    2.79664e-11    
4.95883e+03    2.66330e-11    
5.04353e+03    2.53629e-11    
5.12967e+03    2.41533e-11    
5.21728e+03    2.30011e-11    
5.30639e+03    2.19038e-11    
5.39702e+03    2.08586e-11    
5.48920e+03    1.98632e-11    
5.58296e+03    1.89152e-11    
5.67831e+03    1.80122e-11    
5.77530e+03    1.71522e-11    
5.87394e+03    1.63332e-11    
5.97426e+03    1.55532e-11    
6.07630e+03    1.48103e-11    
6.18008e+03    1.41028e-11    
6.28564e+03    1.34290e-11    
6.39299e+03    1.27873e-11    
6.50218e+03    1.21762e-11    
6.61324e+03    1.15942e-11    
6.72619e+03    1.10399e-11    
6.84107e+03    1.05121e-11    
6.95792e+03    1.00094e-11    
7.07676e+03    9.53070e-12    
7.19762e+03    9.07483e-12    
7.32056e+03    8.64071e-12    
7.44559e+03    8.22730e-12    
7.57276e+03    7.83361e-12    
7.70210e+03    7.45871e-12    
7.83365e+03    7.10171e-12    
7.96745e+03    6.76174e-12    
8.10353e+03    6.43801e-12    
8.24194e+03    6.12974e-12    
8.38271e+03    5.83619e-12    
8.52588e+03    5.55666e-12    
8.67150e+03    5.29048e-12    
8.81961e+03    5.03702e-12    
8.97024e+03    4.79567e-12    
9.12345e+03    4.56586e-12    
9.27928e+03    4.34703e-12    
9.43777e+03    4.13866e-12    
9.59896e+03    3.94025e-12    
9.76291e+03    3.75133e-12    
9.92966e+03    3.57145e-12    
1.00993e+04    3.40017e-12    
1.02717e+04    3.23708e-12    
1.04472e+04    3.08180e-12    
1.06256e+04    2.93395e-12    
1.08071e+04    2.79317e-12    
1.09917e+04    2.65913e-12    
1.11794e+04    2.53151e-12    
1.13704e+04    2.41000e-12    
1.15646e+04    2.29430e-12    
1.17621e+04    2.18415e-12    
1.19630e+04    2.07927e-12    
1.21673e+04    1.97942e-12    
1.23751e+04    1.88435e-12    
1.25865e+04    1.79384e-12    
1.28014e+04    1.70766e-12    
1.30201e+04    1.62562e-12    
1.32425e+04    1.54750e-12    
1.34687e+04    1.47313e-12    
1.36987e+04    1.40233e-12    
1.39327e+04    1.33492e-12    
1.41706e+04    1.27075e-12    
1.44127e+04    1.20965e-12    
1.46588e+04    1.15148e-12    
1.49092e+04    1.09611e-12    
1.51638e+04    1.04339e-12    
1.54228e+04    9.93201e-13    
1.56863e+04    9.45421e-13    
1.59542e+04    8.99935e-13    
1.62267e+04    8.56632e-13    
1.65038e+04    8.15408e-13    
1.67857e+04    7.76164e-13    
1.70724e+04    7.38804e-13    
1.73640e+04    7.03239e-13    
1.76605e+04    6.69382e-13    
1.79622e+04    6.37151e-13    
1.82690e+04    6.06470e-13    
1.85810e+04    5.77262e-13    
1.88984e+04    5.49458e-13    
1.92211e+04    5.22991e-13    
1.95494e+04    4.97795e-13    
1.98833e+04    4.73811e-13    
2.02229e+04    4.50981e-13    
2.05683e+04    4.29248e-13    
2.09196e+04    4.08560e-13    
2.12769e+04    3.88867e-13    
2.16403e+04    3.70121e-13    
2.20100e+04    3.52278e-13    
2.23859e+04    3.35292e-13    
2.27682e+04    3.19124e-13    
2.31571e+04    3.03735e-13    
2.35526e+04    2.89085e-13    
2.39549e+04    2.75141e-13    
2.43640e+04    2.61869e-13    
2.47802e+04    2.49235e-13    
2.52034e+04    2.37209e-13    
2.56339e+04    2.25763e-13    
2.60717e+04    2.14868e-13    
2.65170e+04    2.04498e-13    
2.69699e+04    1.94627e-13    
2.74305e+04    1.85232e-13    
2.78990e+04    1.76289e-13    
2.83755e+04    1.67777e-13    
2.88602e+04    1.59676e-13    
2.93531e+04    1.51965e-13    
2.98544e+04    1.44626e-13    
3.03644e+04    1.37640e-13    
3.08830e+04    1.30991e-13    
3.14104e+04    1.24663e-13    
3.19469e+04    1.18640e-13    
3.24926e+04    1.12908e-13    
3.30475e+04    1.07451e-13    
3.36120e+04    1.02259e-13    
3.41861e+04    9.73162e-14    
3.47699e+04    9.26123e-14    
3.53638e+04    8.81353e-14    
3.59678e+04    8.38744e-14    
3.65821e+04    7.98191e-14    
3.72069e+04    7.59596e-14    
3.78424e+04    7.22863e-14    
3.84888e+04    6.87904e-14    
3.91461e+04    6.54632e-14    
3.98148e+04    6.22967e-14    
4.04948e+04    5.92831e-14    
4.11864e+04    5.64150e-14    
4.18899e+04    5.36855e-14    
4.26053e+04    5.10877e-14    
4.33330e+04    4.86155e-14    
4.40731e+04    4.62627e-14    
4.48259e+04    4.40236e-14    
4.55915e+04    4.18927e-14    
4.63702e+04    3.98647e-14    
4.71622e+04    3.79348e-14    
4.79677e+04    3.60981e-14    
4.87870e+04    3.43503e-14    
4.96203e+04    3.26869e-14    
5.04678e+04    3.11039e-14    
5.13297e+04    2.95975e-14    
5.22064e+04    2.81639e-14    
5.30981e+04    2.67996e-14    
5.40050e+04    2.55014e-14    
5.49274e+04    2.42659e-14    
5.58655e+04    2.30902e-14    
5.68197e+04    2.19713e-14    
5.77902e+04    2.09066e-14    
5.87772e+04    1.98934e-14    
5.97811e+04    1.89292e-14    
6.08022e+04    1.80117e-14    
6.18406e+04    1.71386e-14    
6.28969e+04    1.63078e-14    
6.39711e+04    1.55171e-14    
6.50637e+04    1.47648e-14    
6.61750e+04    1.40488e-14    
6.73053e+04    1.33676e-14    
6.84548e+04    1.27193e-14    
6.96240e+04    1.21024e-14    
7.08132e+04    1.15154e-14    
7.20226e+04    1.09568e-14    
7.32528e+04    1.04253e-14    
7.45039e+04    9.91951e-15    
7.57764e+04    9.43823e-15    
7.70706e+04    8.98027e-15    
7.83870e+04    8.54450e-15    
7.97258e+04    8.12985e-15    
8.10875e+04    7.73529e-15    
8.24725e+04    7.35986e-15    
8.38811e+04    7.00262e-15    
8.53137e+04    6.66269e-15    
8.67709e+04    6.33925e-15    
8.82529e+04    6.03148e-15    
8.97602e+04    5.73864e-15    
9.12933e+04    5.45999e-15    
9.28526e+04    5.19486e-15    
9.44385e+04    4.94258e-15    
9.60515e+04    4.70254e-15    
9.76920e+04    4.47414e-15    
9.93605e+04    4.25682e-15    
1.01058e+05    4.05004e-15    
1.02784e+05    3.85329e-15    
1.04539e+05    3.66609e-15    
1.06325e+05    3.48797e-15    
1.08141e+05    3.31850e-15    
1.09988e+05    3.15724e-15    
1.11866e+05    3.00382e-15    
1.13777e+05    2.85784e-15    
1.15720e+05    2.71894e-15    
1.17697e+05    2.58679e-15    
1.19707e+05    2.46105e-15    
1.21751e+05    2.34142e-15    
1.23831e+05    2.22759e-15    
1.25946e+05    2.11929e-15    
1.28097e+05    2.01625e-15    
1.30285e+05    1.91822e-15    
1.32510e+05    1.82494e-15    
1.34773e+05    1.73620e-15    
1.37075e+05    1.65176e-15    
1.39416e+05    1.57143e-15    
1.41798e+05    1.49500e-15    
1.44219e+05    1.42228e-15    
1.46683e+05    1.35309e-15    
1.49188e+05    1.28727e-15    
1.51736e+05    1.22464e-15    
1.54328e+05    1.16506e-15    
1.56964e+05    1.10837e-15    
1.59644e+05    1.05444e-15    
1.62371e+05    1.00313e-15    
1.65144e+05    9.54316e-16    
1.67965e+05    9.07872e-16    
1.70834e+05    8.63686e-16    
1.73752e+05    8.21648e-16    
1.76719e+05    7.81654e-16    
1.79738e+05    7.43605e-16    
1.82807e+05    7.07406e-16    
1.85930e+05    6.72966e-16    
1.89105e+05    6.40202e-16    
1.92335e+05    6.09031e-16    
1.95620e+05    5.79376e-16    
1.98961e+05    5.51164e-16    
2.02360e+05    5.24324e-16    
2.05816e+05    4.98789e-16    
2.09331e+05    4.74497e-16    
2.12906e+05    4.51387e-16    
2.16543e+05    4.29401e-16    
2.20241e+05    4.08484e-16    
2.24003e+05    3.88586e-16    
2.27829e+05    3.69656e-16    
2.31720e+05    3.51647e-16    
2.35678e+05    3.34514e-16    
2.39703e+05    3.18216e-16    
2.43797e+05    3.02710e-16    
2.47961e+05    2.87960e-16    
2.52196e+05    2.73927e-16    
2.56504e+05    2.60578e-16    
2.60885e+05    2.47878e-16    
2.65341e+05    2.35797e-16    
2.69873e+05    2.24304e-16    
2.74482e+05    2.13371e-16    
2.79170e+05    2.02970e-16    
2.83938e+05    1.93075e-16    
2.88788e+05    1.83663e-16    
2.93720e+05    1.74709e-16    
2.98737e+05    1.66191e-16    
3.03839e+05    1.58088e-16    
3.09029e+05    1.50379e-16    
3.14307e+05    1.43047e-16    
3.19675e+05    1.36071e-16    
3.25135e+05    1.29435e-16    
3.30688e+05    1.23123e-16    
3.36336e+05    1.17118e-16    
3.42081e+05    1.11405e-16    
3.47924e+05    1.05971e-16    
3.53866e+05    1.00802e-16    
3.59910e+05    9.58851e-17    
3.66057e+05    9.12075e-17    
3.72309e+05    8.67579e-17    
3.78668e+05    8.25252e-17    
3.85136e+05    7.84988e-17    
3.91714e+05    7.46687e-17    
3.98404e+05    7.10253e-17    
4.05209e+05    6.75595e-17    
4.12130e+05    6.42627e-17    
4.19169e+05    6.11266e-17    
4.26328e+05    5.81435e-17    
4.33610e+05    5.53058e-17    
4.41015e+05    5.26065e-17    
4.48548e+05    5.00388e-17    
4.56209e+05    4.75963e-17    
4.64001e+05    4.52730e-17    
4.71926e+05    4.30629e-17    
4.79986e+05    4.09607e-17    
4.88184e+05    3.89610e-17    
4.96522e+05    3.70589e-17    
5.05003e+05    3.52495e-17    
5.13628e+05    3.35284e-17    
5.22401e+05    3.18913e-17    
5.31323e+05    3.03340e-17    
5.40398e+05    2.88528e-17    
5.49628e+05    2.74438e-17    
5.59015e+05    2.61035e-17    
5.68563e+05    2.48287e-17    
5.78274e+05    2.36160e-17    
5.88151e+05    2.24626e-17    
5.98196e+05    2.13654e-17    
6.08413e+05    2.03218e-17    
6.18805e+05    1.93291e-17    
6.29374e+05    1.83849e-17    
6.40123e+05    1.74868e-17    
6.51057e+05    1.66325e-17    
6.62177e+05    1.58199e-17    
6.73486e+05    1.50470e-17    
6.84989e+05    1.43118e-17    
6.96689e+05    1.36125e-17    
7.08588e+05    1.29474e-17    
7.20690e+05    1.23147e-17    
7.33000e+05    1.17129e-17    
7.45519e+05    1.11405e-17    
7.58252e+05    1.05961e-17    
7.71203e+05    1.00783e-17    
7.84375e+05    9.58569e-18    
7.97772e+05    9.11718e-18    
8.11398e+05    8.67156e-18    
8.25256e+05    8.24770e-18    
8.39351e+05    7.84455e-18    
8.53687e+05    7.46109e-18    
8.68268e+05    7.09636e-18    
8.83098e+05    6.74944e-18    
8.98181e+05    6.41948e-18    
9.13521e+05    6.10563e-18    
9.29124e+05    5.80712e-18    
9.44993e+05    5.52319e-18    
9.61134e+05    5.25314e-18    
9.77549e+05    4.99628e-18    
9.94246e+05    4.75197e-18    
1.01123e+06    4.51960e-18    
1.02850e+06    4.29859e-18    
1.04607e+06    4.08838e-18    
1.06393e+06    3.88844e-18    
1.08210e+06    3.69827e-18    
1.10059e+06    3.51739e-18    
1.11938e+06    3.34536e-18    
1.13850e+06    3.18173e-18    
1.15795e+06    3.02611e-18    
1.17772e+06    2.87809e-18    
1.19784e+06    2.73730e-18    
1.21830e+06    2.60340e-18    
1.23911e+06    2.47605e-18    
1.26027e+06    2.35492e-18    
1.28180e+06    2.23971e-18    
1.30369e+06    2.13013e-18    
1.32595e+06    2.02592e-18    
1.34860e+06    1.92680e-18    
1.37164e+06    1.83252e-18    
1.39506e+06    1.74286e-18    
1.41889e+06    1.65758e-18    
1.44312e+06    1.57647e-18    
1.46777e+06    1.49932e-18    
1.49284e+06    1.42595e-18    
1.51834e+06    1.35617e-18    
1.54427e+06    1.28980e-18    
1.57065e+06    1.22668e-18    
1.59747e+06    1.16664e-18    
1.62476e+06    1.10954e-18    
1.65251e+06    1.05524e-18    
1.68073e+06    1.00359e-18    
1.70944e+06    9.54466e-19    
1.73864e+06    9.07746e-19    
1.76833e+06    8.63312e-19    
1.79853e+06    8.21052e-19    
1.82925e+06    7.80859e-19    
1.86050e+06    7.42633e-19    
1.89227e+06    7.06277e-19    
1.92459e+06    6.71700e-19    
1.95746e+06    6.38814e-19    
1.99090e+06    6.07538e-19    
2.02490e+06    5.77792e-19    
2.05949e+06    5.49502e-19    
2.09466e+06    5.22597e-19    
2.13044e+06    4.97007e-19    

