# USINE V4.0
# File generated 13-05-2022 10:50:39
# Model1DKisoVc
# NA
# SolMod0DFF_phi0_370GV
# R [GV]       TOA [GV m^{2} s sr]^{-1}
9.02527e-02    7.01834e-05    
9.17978e-02    7.38059e-05    
9.33694e-02    7.76146e-05    
9.49679e-02    8.16189e-05    
9.65938e-02    8.58289e-05    
9.82475e-02    9.02549e-05    
9.99295e-02    9.49082e-05    
1.01640e-01    9.98001e-05    
1.03380e-01    1.04943e-04    
1.05150e-01    1.10349e-04    
1.06950e-01    1.16033e-04    
1.08781e-01    1.22008e-04    
1.10644e-01    1.28289e-04    
1.12538e-01    1.34891e-04    
1.14465e-01    1.41831e-04    
1.16424e-01    1.49126e-04    
1.18418e-01    1.56795e-04    
1.20445e-01    1.64855e-04    
1.22507e-01    1.73327e-04    
1.24604e-01    1.82232e-04    
1.26737e-01    1.91591e-04    
1.28907e-01    2.01428e-04    
1.31114e-01    2.11767e-04    
1.33359e-01    2.22633e-04    
1.35642e-01    2.34053e-04    
1.37964e-01    2.46054e-04    
1.40326e-01    2.58666e-04    
1.42729e-01    2.71921e-04    
1.45172e-01    2.85849e-04    
1.47657e-01    3.00485e-04    
1.50185e-01    3.15865e-04    
1.52757e-01    3.32026e-04    
1.55372e-01    3.49008e-04    
1.58032e-01    3.66851e-04    
1.60737e-01    3.85598e-04    
1.63489e-01    4.05295e-04    
1.66288e-01    4.25990e-04    
1.69135e-01    4.47733e-04    
1.72031e-01    4.70575e-04    
1.74976e-01    4.94571e-04    
1.77971e-01    5.19780e-04    
1.81018e-01    5.46262e-04    
1.84117e-01    5.74079e-04    
1.87269e-01    6.03299e-04    
1.90475e-01    6.33991e-04    
1.93736e-01    6.66228e-04    
1.97053e-01    7.00088e-04    
2.00427e-01    7.35649e-04    
2.03858e-01    7.72986e-04    
2.07348e-01    8.12180e-04    
2.10898e-01    8.53319e-04    
2.14509e-01    8.96495e-04    
2.18181e-01    9.41806e-04    
2.21916e-01    9.89353e-04    
2.25716e-01    1.03924e-03    
2.29580e-01    1.09158e-03    
2.33510e-01    1.14649e-03    
2.37508e-01    1.20409e-03    
2.41574e-01    1.26449e-03    
2.45710e-01    1.32784e-03    
2.49917e-01    1.39427e-03    
2.54195e-01    1.46391e-03    
2.58547e-01    1.53693e-03    
2.62973e-01    1.61346e-03    
2.67476e-01    1.69367e-03    
2.72055e-01    1.77773e-03    
2.76712e-01    1.86580e-03    
2.81450e-01    1.95806e-03    
2.86268e-01    2.05471e-03    
2.91169e-01    2.15593e-03    
2.96154e-01    2.26193e-03    
3.01224e-01    2.37290e-03    
3.06381e-01    2.48907e-03    
3.11626e-01    2.61065e-03    
3.16961e-01    2.73788e-03    
3.22388e-01    2.87100e-03    
3.27907e-01    3.01024e-03    
3.33521e-01    3.15587e-03    
3.39231e-01    3.30814e-03    
3.45039e-01    3.46732e-03    
3.50946e-01    3.63370e-03    
3.56954e-01    3.80755e-03    
3.63065e-01    3.98918e-03    
3.69281e-01    4.17887e-03    
3.75603e-01    4.37696e-03    
3.82033e-01    4.58374e-03    
3.88574e-01    4.79956e-03    
3.95226e-01    5.02473e-03    
4.01993e-01    5.25961e-03    
4.08875e-01    5.50453e-03    
4.15875e-01    5.75986e-03    
4.22994e-01    6.02596e-03    
4.30236e-01    6.30318e-03    
4.37602e-01    6.59191e-03    
4.45094e-01    6.89251e-03    
4.52714e-01    7.20537e-03    
4.60464e-01    7.53088e-03    
4.68347e-01    7.86941e-03    
4.76366e-01    8.22136e-03    
4.84521e-01    8.58711e-03    
4.92816e-01    8.96706e-03    
5.01253e-01    9.36159e-03    
5.09835e-01    9.77108e-03    
5.18563e-01    1.01959e-02    
5.27441e-01    1.06365e-02    
5.36471e-01    1.10931e-02    
5.45655e-01    1.15662e-02    
5.54997e-01    1.20561e-02    
5.64499e-01    1.25631e-02    
5.74163e-01    1.30876e-02    
5.83993e-01    1.36298e-02    
5.93991e-01    1.41901e-02    
6.04160e-01    1.47686e-02    
6.14503e-01    1.53658e-02    
6.25024e-01    1.59817e-02    
6.35724e-01    1.66166e-02    
6.46608e-01    1.72706e-02    
6.57678e-01    1.79438e-02    
6.68937e-01    1.86364e-02    
6.80390e-01    1.93484e-02    
6.92038e-01    2.00798e-02    
7.03886e-01    2.08306e-02    
7.15936e-01    2.16006e-02    
7.28193e-01    2.23898e-02    
7.40660e-01    2.31979e-02    
7.53340e-01    2.40248e-02    
7.66237e-01    2.48701e-02    
7.79356e-01    2.57335e-02    
7.92698e-01    2.66145e-02    
8.06269e-01    2.75126e-02    
8.20073e-01    2.84273e-02    
8.34112e-01    2.93579e-02    
8.48393e-01    3.03038e-02    
8.62917e-01    3.12642e-02    
8.77690e-01    3.22381e-02    
8.92717e-01    3.32248e-02    
9.08000e-01    3.42231e-02    
9.23545e-01    3.52320e-02    
9.39356e-01    3.62504e-02    
9.55438e-01    3.72769e-02    
9.71795e-01    3.83104e-02    
9.88433e-01    3.93493e-02    
1.00535e+00    4.03922e-02    
1.02257e+00    4.14377e-02    
1.04007e+00    4.24841e-02    
1.05788e+00    4.35297e-02    
1.07599e+00    4.45728e-02    
1.09441e+00    4.56116e-02    
1.11315e+00    4.66443e-02    
1.13221e+00    4.76690e-02    
1.15159e+00    4.86838e-02    
1.17130e+00    4.96866e-02    
1.19136e+00    5.06754e-02    
1.21175e+00    5.16482e-02    
1.23250e+00    5.26029e-02    
1.25360e+00    5.35373e-02    
1.27506e+00    5.44494e-02    
1.29689e+00    5.53369e-02    
1.31909e+00    5.61977e-02    
1.34168e+00    5.70295e-02    
1.36465e+00    5.78302e-02    
1.38801e+00    5.85974e-02    
1.41177e+00    5.93289e-02    
1.43594e+00    6.00228e-02    
1.46052e+00    6.06768e-02    
1.48553e+00    6.12892e-02    
1.51096e+00    6.18580e-02    
1.53683e+00    6.23817e-02    
1.56314e+00    6.28588e-02    
1.58990e+00    6.32880e-02    
1.61712e+00    6.36685e-02    
1.64481e+00    6.39994e-02    
1.67296e+00    6.42802e-02    
1.70161e+00    6.45104e-02    
1.73074e+00    6.46896e-02    
1.76037e+00    6.48177e-02    
1.79051e+00    6.48945e-02    
1.82116e+00    6.49199e-02    
1.85234e+00    6.48939e-02    
1.88405e+00    6.48166e-02    
1.91631e+00    6.46881e-02    
1.94911e+00    6.45087e-02    
1.98248e+00    6.42788e-02    
2.01642e+00    6.39993e-02    
2.05094e+00    6.36711e-02    
2.08606e+00    6.32955e-02    
2.12177e+00    6.28740e-02    
2.15809e+00    6.24085e-02    
2.19504e+00    6.19011e-02    
2.23262e+00    6.13542e-02    
2.27084e+00    6.07701e-02    
2.30972e+00    6.01512e-02    
2.34926e+00    5.94996e-02    
2.38948e+00    5.88176e-02    
2.43039e+00    5.81073e-02    
2.47200e+00    5.73705e-02    
2.51432e+00    5.66088e-02    
2.55737e+00    5.58236e-02    
2.60115e+00    5.50165e-02    
2.64568e+00    5.41890e-02    
2.69098e+00    5.33430e-02    
2.73705e+00    5.24801e-02    
2.78390e+00    5.16026e-02    
2.83156e+00    5.07125e-02    
2.88004e+00    4.98122e-02    
2.92935e+00    4.89044e-02    
2.97950e+00    4.79913e-02    
3.03051e+00    4.70754e-02    
3.08239e+00    4.61585e-02    
3.13516e+00    4.52424e-02    
3.18884e+00    4.43286e-02    
3.24343e+00    4.34183e-02    
3.29896e+00    4.25122e-02    
3.35544e+00    4.16109e-02    
3.41288e+00    4.07145e-02    
3.47131e+00    3.98230e-02    
3.53074e+00    3.89361e-02    
3.59119e+00    3.80531e-02    
3.65267e+00    3.71732e-02    
3.71520e+00    3.62955e-02    
3.77881e+00    3.54188e-02    
3.84350e+00    3.45419e-02    
3.90930e+00    3.36639e-02    
3.97623e+00    3.27843e-02    
4.04430e+00    3.19029e-02    
4.11354e+00    3.10206e-02    
4.18397e+00    3.01390e-02    
4.25560e+00    2.92603e-02    
4.32845e+00    2.83872e-02    
4.40256e+00    2.75225e-02    
4.47793e+00    2.66690e-02    
4.55459e+00    2.58289e-02    
4.63257e+00    2.50040e-02    
4.71188e+00    2.41959e-02    
4.79254e+00    2.34054e-02    
4.87459e+00    2.26330e-02    
4.95805e+00    2.18790e-02    
5.04293e+00    2.11437e-02    
5.12926e+00    2.04270e-02    
5.21708e+00    1.97288e-02    
5.30640e+00    1.90490e-02    
5.39724e+00    1.83873e-02    
5.48964e+00    1.77435e-02    
5.58363e+00    1.71173e-02    
5.67922e+00    1.65084e-02    
5.77645e+00    1.59165e-02    
5.87534e+00    1.53414e-02    
5.97593e+00    1.47827e-02    
6.07824e+00    1.42401e-02    
6.18230e+00    1.37135e-02    
6.28814e+00    1.32024e-02    
6.39579e+00    1.27067e-02    
6.50529e+00    1.22260e-02    
6.61666e+00    1.17601e-02    
6.72994e+00    1.13087e-02    
6.84516e+00    1.08716e-02    
6.96235e+00    1.04483e-02    
7.08154e+00    1.00387e-02    
7.20278e+00    9.64251e-03    
7.32609e+00    9.25942e-03    
7.45151e+00    8.88918e-03    
7.57909e+00    8.53153e-03    
7.70884e+00    8.18623e-03    
7.84082e+00    7.85302e-03    
7.97505e+00    7.53166e-03    
8.11159e+00    7.22190e-03    
8.25046e+00    6.92348e-03    
8.39171e+00    6.63613e-03    
8.53537e+00    6.35959e-03    
8.68150e+00    6.09360e-03    
8.83013e+00    5.83789e-03    
8.98130e+00    5.59222e-03    
9.13506e+00    5.35638e-03    
9.29146e+00    5.13013e-03    
9.45053e+00    4.91323e-03    
9.61232e+00    4.70540e-03    
9.77689e+00    4.50638e-03    
9.94427e+00    4.31588e-03    
1.01145e+01    4.13359e-03    
1.02877e+01    3.95920e-03    
1.04638e+01    3.79231e-03    
1.06429e+01    3.63253e-03    
1.08252e+01    3.47948e-03    
1.10105e+01    3.33280e-03    
1.11990e+01    3.19216e-03    
1.13907e+01    3.05726e-03    
1.15857e+01    2.92779e-03    
1.17841e+01    2.80352e-03    
1.19858e+01    2.68421e-03    
1.21910e+01    2.56966e-03    
1.23997e+01    2.45971e-03    
1.26120e+01    2.35421e-03    
1.28279e+01    2.25301e-03    
1.30475e+01    2.15594e-03    
1.32709e+01    2.06287e-03    
1.34981e+01    1.97365e-03    
1.37292e+01    1.88814e-03    
1.39643e+01    1.80620e-03    
1.42033e+01    1.72768e-03    
1.44465e+01    1.65246e-03    
1.46938e+01    1.58039e-03    
1.49454e+01    1.51133e-03    
1.52012e+01    1.44518e-03    
1.54615e+01    1.38182e-03    
1.57262e+01    1.32113e-03    
1.59954e+01    1.26300e-03    
1.62693e+01    1.20733e-03    
1.65478e+01    1.15402e-03    
1.68311e+01    1.10297e-03    
1.71192e+01    1.05410e-03    
1.74123e+01    1.00732e-03    
1.77104e+01    9.62543e-04    
1.80136e+01    9.19686e-04    
1.83220e+01    8.78671e-04    
1.86357e+01    8.39424e-04    
1.89548e+01    8.01872e-04    
1.92793e+01    7.65946e-04    
1.96093e+01    7.31578e-04    
1.99450e+01    6.98704e-04    
2.02865e+01    6.67262e-04    
2.06338e+01    6.37193e-04    
2.09871e+01    6.08438e-04    
2.13464e+01    5.80943e-04    
2.17118e+01    5.54657e-04    
2.20835e+01    5.29528e-04    
2.24616e+01    5.05510e-04    
2.28461e+01    4.82553e-04    
2.32373e+01    4.60609e-04    
2.36351e+01    4.39636e-04    
2.40397e+01    4.19591e-04    
2.44513e+01    4.00435e-04    
2.48699e+01    3.82130e-04    
2.52957e+01    3.64640e-04    
2.57287e+01    3.47930e-04    
2.61692e+01    3.31965e-04    
2.66172e+01    3.16715e-04    
2.70729e+01    3.02147e-04    
2.75364e+01    2.88233e-04    
2.80079e+01    2.74943e-04    
2.84874e+01    2.62252e-04    
2.89751e+01    2.50132e-04    
2.94711e+01    2.38559e-04    
2.99757e+01    2.27509e-04    
3.04889e+01    2.16959e-04    
3.10108e+01    2.06886e-04    
3.15417e+01    1.97271e-04    
3.20817e+01    1.88093e-04    
3.26310e+01    1.79332e-04    
3.31896e+01    1.70970e-04    
3.37578e+01    1.62990e-04    
3.43358e+01    1.55374e-04    
3.49236e+01    1.48107e-04    
3.55215e+01    1.41172e-04    
3.61296e+01    1.34555e-04    
3.67482e+01    1.28242e-04    
3.73773e+01    1.22219e-04    
3.80172e+01    1.16473e-04    
3.86681e+01    1.10993e-04    
3.93301e+01    1.05764e-04    
4.00034e+01    1.00778e-04    
4.06883e+01    9.60218e-05    
4.13849e+01    9.14860e-05    
4.20934e+01    8.71603e-05    
4.28140e+01    8.30354e-05    
4.35470e+01    7.91021e-05    
4.42925e+01    7.53517e-05    
4.50508e+01    7.17760e-05    
4.58221e+01    6.83669e-05    
4.66066e+01    6.51168e-05    
4.74045e+01    6.20186e-05    
4.82161e+01    5.90652e-05    
4.90415e+01    5.62500e-05    
4.98811e+01    5.35668e-05    
5.07351e+01    5.10094e-05    
5.16037e+01    4.85721e-05    
5.24872e+01    4.62494e-05    
5.33857e+01    4.40359e-05    
5.42997e+01    4.19267e-05    
5.52293e+01    3.99169e-05    
5.61749e+01    3.80019e-05    
5.71366e+01    3.61774e-05    
5.81148e+01    3.44392e-05    
5.91097e+01    3.27832e-05    
6.01217e+01    3.12056e-05    
6.11510e+01    2.97028e-05    
6.21979e+01    2.82714e-05    
6.32627e+01    2.69079e-05    
6.43458e+01    2.56093e-05    
6.54474e+01    2.43724e-05    
6.65678e+01    2.31945e-05    
6.77075e+01    2.20727e-05    
6.88667e+01    2.10044e-05    
7.00457e+01    1.99871e-05    
7.12449e+01    1.90184e-05    
7.24646e+01    1.80961e-05    
7.37052e+01    1.72180e-05    
7.49670e+01    1.63819e-05    
7.62505e+01    1.55859e-05    
7.75559e+01    1.48281e-05    
7.88836e+01    1.41067e-05    
8.02341e+01    1.34199e-05    
8.16078e+01    1.27663e-05    
8.30049e+01    1.21440e-05    
8.44260e+01    1.15518e-05    
8.58713e+01    1.09881e-05    
8.73415e+01    1.04517e-05    
8.88368e+01    9.94110e-06    
9.03577e+01    9.45522e-06    
9.19046e+01    8.99284e-06    
9.34780e+01    8.55285e-06    
9.50784e+01    8.13417e-06    
9.67061e+01    7.73579e-06    
9.83617e+01    7.35674e-06    
1.00046e+02    6.99609e-06    
1.01758e+02    6.65297e-06    
1.03501e+02    6.32654e-06    
1.05273e+02    6.01599e-06    
1.07075e+02    5.72056e-06    
1.08908e+02    5.43953e-06    
1.10772e+02    5.17221e-06    
1.12669e+02    4.91793e-06    
1.14598e+02    4.67608e-06    
1.16560e+02    4.44604e-06    
1.18555e+02    4.22726e-06    
1.20585e+02    4.01919e-06    
1.22649e+02    3.82131e-06    
1.24749e+02    3.63313e-06    
1.26885e+02    3.45418e-06    
1.29057e+02    3.28402e-06    
1.31267e+02    3.12221e-06    
1.33514e+02    2.96836e-06    
1.35800e+02    2.82209e-06    
1.38125e+02    2.68301e-06    
1.40489e+02    2.55078e-06    
1.42895e+02    2.42508e-06    
1.45341e+02    2.30557e-06    
1.47829e+02    2.19197e-06    
1.50360e+02    2.08398e-06    
1.52934e+02    1.98133e-06    
1.55552e+02    1.88376e-06    
1.58216e+02    1.79102e-06    
1.60924e+02    1.70288e-06    
1.63679e+02    1.61910e-06    
1.66481e+02    1.53948e-06    
1.69332e+02    1.46382e-06    
1.72231e+02    1.39191e-06    
1.75179e+02    1.32358e-06    
1.78178e+02    1.25864e-06    
1.81229e+02    1.19693e-06    
1.84331e+02    1.13830e-06    
1.87487e+02    1.08258e-06    
1.90697e+02    1.02964e-06    
1.93962e+02    9.79335e-07    
1.97282e+02    9.31537e-07    
2.00660e+02    8.86120e-07    
2.04095e+02    8.42966e-07    
2.07589e+02    8.01962e-07    
2.11143e+02    7.63000e-07    
2.14758e+02    7.25979e-07    
2.18435e+02    6.90800e-07    
2.22174e+02    6.57371e-07    
2.25978e+02    6.25604e-07    
2.29847e+02    5.95415e-07    
2.33782e+02    5.66725e-07    
2.37784e+02    5.39457e-07    
2.41855e+02    5.13540e-07    
2.45996e+02    4.88905e-07    
2.50207e+02    4.65487e-07    
2.54491e+02    4.43224e-07    
2.58848e+02    4.22058e-07    
2.63279e+02    4.01932e-07    
2.67787e+02    3.82794e-07    
2.72371e+02    3.64594e-07    
2.77034e+02    3.47284e-07    
2.81777e+02    3.30818e-07    
2.86601e+02    3.15155e-07    
2.91508e+02    3.00253e-07    
2.96498e+02    2.86073e-07    
3.01574e+02    2.72580e-07    
3.06737e+02    2.59739e-07    
3.11989e+02    2.47517e-07    
3.17330e+02    2.35883e-07    
3.22763e+02    2.24807e-07    
3.28289e+02    2.14262e-07    
3.33909e+02    2.04221e-07    
3.39625e+02    1.94660e-07    
3.45440e+02    1.85553e-07    
3.51354e+02    1.76880e-07    
3.57369e+02    1.68619e-07    
3.63487e+02    1.60749e-07    
3.69710e+02    1.53252e-07    
3.76040e+02    1.46108e-07    
3.82478e+02    1.39302e-07    
3.89026e+02    1.32816e-07    
3.95686e+02    1.26636e-07    
4.02460e+02    1.20746e-07    
4.09350e+02    1.15132e-07    
4.16358e+02    1.09781e-07    
4.23486e+02    1.04681e-07    
4.30737e+02    9.98202e-08    
4.38111e+02    9.51861e-08    
4.45611e+02    9.07684e-08    
4.53240e+02    8.65569e-08    
4.61000e+02    8.25417e-08    
4.68892e+02    7.87137e-08    
4.76920e+02    7.50639e-08    
4.85085e+02    7.15841e-08    
4.93389e+02    6.82660e-08    
5.01836e+02    6.51023e-08    
5.10428e+02    6.20856e-08    
5.19166e+02    5.92090e-08    
5.28054e+02    5.64660e-08    
5.37095e+02    5.38503e-08    
5.46290e+02    5.13559e-08    
5.55642e+02    4.89773e-08    
5.65155e+02    4.67090e-08    
5.74831e+02    4.45458e-08    
5.84672e+02    4.24830e-08    
5.94682e+02    4.05157e-08    
6.04863e+02    3.86396e-08    
6.15218e+02    3.68504e-08    
6.25750e+02    3.51440e-08    
6.36463e+02    3.35168e-08    
6.47360e+02    3.19648e-08    
6.58443e+02    3.04847e-08    
6.69715e+02    2.90732e-08    
6.81181e+02    2.77270e-08    
6.92843e+02    2.64432e-08    
7.04704e+02    2.52187e-08    
7.16769e+02    2.40510e-08    
7.29040e+02    2.29373e-08    
7.41521e+02    2.18751e-08    
7.54216e+02    2.08621e-08    
7.67129e+02    1.98960e-08    
7.80262e+02    1.89747e-08    
7.93620e+02    1.80959e-08    
8.07207e+02    1.72579e-08    
8.21026e+02    1.64586e-08    
8.35083e+02    1.56963e-08    
8.49379e+02    1.49693e-08    
8.63921e+02    1.42760e-08    
8.78711e+02    1.36147e-08    
8.93755e+02    1.29841e-08    
9.09056e+02    1.23827e-08    
9.24619e+02    1.18091e-08    
9.40449e+02    1.12620e-08    
9.56549e+02    1.07403e-08    
9.72926e+02    1.02427e-08    
9.89582e+02    9.76820e-09    
1.00652e+03    9.31564e-09    
1.02376e+03    8.88404e-09    
1.04128e+03    8.47242e-09    
1.05911e+03    8.07986e-09    
1.07724e+03    7.70548e-09    
1.09568e+03    7.34843e-09    
1.11444e+03    7.00792e-09    
1.13352e+03    6.68318e-09    
1.15293e+03    6.37348e-09    
1.17267e+03    6.07813e-09    
1.19274e+03    5.79645e-09    
1.21316e+03    5.52783e-09    
1.23393e+03    5.27164e-09    
1.25506e+03    5.02732e-09    
1.27654e+03    4.79432e-09    
1.29840e+03    4.57212e-09    
1.32063e+03    4.36021e-09    
1.34324e+03    4.15811e-09    
1.36623e+03    3.96538e-09    
1.38962e+03    3.78158e-09    
1.41341e+03    3.60630e-09    
1.43761e+03    3.43914e-09    
1.46222e+03    3.27972e-09    
1.48726e+03    3.12769e-09    
1.51272e+03    2.98271e-09    
1.53862e+03    2.84445e-09    
1.56496e+03    2.71259e-09    
1.59175e+03    2.58684e-09    
1.61900e+03    2.46692e-09    
1.64672e+03    2.35256e-09    
1.67491e+03    2.24350e-09    
1.70358e+03    2.13950e-09    
1.73275e+03    2.04032e-09    
1.76242e+03    1.94573e-09    
1.79259e+03    1.85553e-09    
1.82328e+03    1.76951e-09    
1.85449e+03    1.68747e-09    
1.88624e+03    1.60924e-09    
1.91853e+03    1.53464e-09    
1.95138e+03    1.46349e-09    
1.98479e+03    1.39565e-09    
2.01877e+03    1.33094e-09    
2.05333e+03    1.26924e-09    
2.08848e+03    1.21040e-09    
2.12424e+03    1.15429e-09    
2.16060e+03    1.10078e-09    
2.19759e+03    1.04975e-09    
2.23522e+03    1.00108e-09    
2.27348e+03    9.54672e-10    
2.31241e+03    9.10415e-10    
2.35200e+03    8.68211e-10    
2.39226e+03    8.27963e-10    
2.43322e+03    7.89581e-10    
2.47487e+03    7.52979e-10    
2.51725e+03    7.18074e-10    
2.56034e+03    6.84788e-10    
2.60417e+03    6.53044e-10    
2.64876e+03    6.22773e-10    
2.69410e+03    5.93906e-10    
2.74023e+03    5.66377e-10    
2.78714e+03    5.40124e-10    
2.83486e+03    5.15089e-10    
2.88339e+03    4.91214e-10    
2.93275e+03    4.68447e-10    
2.98296e+03    4.46735e-10    
3.03403e+03    4.26030e-10    
3.08598e+03    4.06285e-10    
3.13881e+03    3.87455e-10    
3.19254e+03    3.69499e-10    
3.24720e+03    3.52375e-10    
3.30279e+03    3.36045e-10    
3.35934e+03    3.20472e-10    
3.41685e+03    3.05622e-10    
3.47535e+03    2.91459e-10    
3.53485e+03    2.77954e-10    
3.59536e+03    2.65074e-10    
3.65692e+03    2.52792e-10    
3.71952e+03    2.41079e-10    
3.78320e+03    2.29910e-10    
3.84797e+03    2.19258e-10    
3.91385e+03    2.09100e-10    
3.98085e+03    1.99412e-10    
4.04901e+03    1.90174e-10    
4.11833e+03    1.81364e-10    
4.18883e+03    1.72963e-10    
4.26055e+03    1.64951e-10    
4.33349e+03    1.57310e-10    
4.40768e+03    1.50024e-10    
4.48314e+03    1.43075e-10    
4.55989e+03    1.36449e-10    
4.63795e+03    1.30129e-10    
4.71736e+03    1.24103e-10    
4.79812e+03    1.18356e-10    
4.88026e+03    1.12875e-10    
4.96381e+03    1.07648e-10    
5.04879e+03    1.02664e-10    
5.13523e+03    9.79101e-11    
5.22315e+03    9.33768e-11    
5.31257e+03    8.90536e-11    
5.40352e+03    8.49308e-11    
5.49603e+03    8.09990e-11    
5.59012e+03    7.72494e-11    
5.68582e+03    7.36735e-11    
5.78317e+03    7.02633e-11    
5.88217e+03    6.70112e-11    
5.98288e+03    6.39096e-11    
6.08531e+03    6.09518e-11    
6.18949e+03    5.81310e-11    
6.29545e+03    5.54409e-11    
6.40323e+03    5.28754e-11    
6.51285e+03    5.04288e-11    
6.62436e+03    4.80955e-11    
6.73776e+03    4.58702e-11    
6.85312e+03    4.37481e-11    
6.97044e+03    4.17242e-11    
7.08978e+03    3.97940e-11    
7.21116e+03    3.79532e-11    
7.33461e+03    3.61977e-11    
7.46018e+03    3.45235e-11    
7.58790e+03    3.29268e-11    
7.71781e+03    3.14040e-11    
7.84994e+03    2.99518e-11    
7.98433e+03    2.85667e-11    
8.12102e+03    2.72458e-11    
8.26005e+03    2.59861e-11    
8.40147e+03    2.47846e-11    
8.54530e+03    2.36388e-11    
8.69160e+03    2.25460e-11    
8.84040e+03    2.15038e-11    
8.99175e+03    2.05099e-11    
9.14569e+03    1.95619e-11    
9.30226e+03    1.86578e-11    
9.46152e+03    1.77956e-11    
9.62350e+03    1.69732e-11    
9.78826e+03    1.61889e-11    
9.95583e+03    1.54409e-11    
1.01263e+04    1.47275e-11    
1.02996e+04    1.40471e-11    
1.04760e+04    1.33982e-11    
1.06553e+04    1.27793e-11    
1.08377e+04    1.21890e-11    
1.10233e+04    1.16260e-11    
1.12120e+04    1.10891e-11    
1.14040e+04    1.05770e-11    
1.15992e+04    1.00886e-11    
1.17978e+04    9.62275e-12    
1.19998e+04    9.17846e-12    
1.22052e+04    8.75471e-12    
1.24141e+04    8.35055e-12    
1.26267e+04    7.96508e-12    
1.28428e+04    7.59743e-12    
1.30627e+04    7.24677e-12    
1.32864e+04    6.91232e-12    
1.35138e+04    6.59333e-12    
1.37452e+04    6.28908e-12    
1.39805e+04    5.99890e-12    
1.42198e+04    5.72212e-12    
1.44633e+04    5.45813e-12    
1.47109e+04    5.20634e-12    
1.49628e+04    4.96619e-12    
1.52189e+04    4.73713e-12    
1.54795e+04    4.51865e-12    
1.57445e+04    4.31026e-12    
1.60140e+04    4.11150e-12    
1.62882e+04    3.92192e-12    
1.65670e+04    3.74109e-12    
1.68507e+04    3.56862e-12    
1.71392e+04    3.40410e-12    
1.74326e+04    3.24719e-12    
1.77310e+04    3.09752e-12    
1.80346e+04    2.95476e-12    
1.83433e+04    2.81859e-12    
1.86574e+04    2.68871e-12    
1.89768e+04    2.56482e-12    
1.93017e+04    2.44665e-12    
1.96321e+04    2.33393e-12    
1.99682e+04    2.22642e-12    
2.03101e+04    2.12386e-12    
2.06578e+04    2.02604e-12    
2.10115e+04    1.93273e-12    
2.13712e+04    1.84373e-12    
2.17371e+04    1.75883e-12    
2.21092e+04    1.67785e-12    
2.24877e+04    1.60060e-12    
2.28727e+04    1.52691e-12    
2.32643e+04    1.45663e-12    
2.36626e+04    1.38958e-12    
2.40677e+04    1.32563e-12    
2.44797e+04    1.26462e-12    
2.48988e+04    1.20643e-12    
2.53251e+04    1.15092e-12    
2.57587e+04    1.09797e-12    
2.61997e+04    1.04746e-12    
2.66482e+04    9.99272e-13    
2.71044e+04    9.53309e-13    
2.75685e+04    9.09464e-13    
2.80404e+04    8.67640e-13    
2.85205e+04    8.27742e-13    
2.90088e+04    7.89682e-13    
2.95054e+04    7.53376e-13    
3.00105e+04    7.18741e-13    
3.05243e+04    6.85702e-13    
3.10469e+04    6.54185e-13    
3.15784e+04    6.24118e-13    
3.21190e+04    5.95437e-13    
3.26689e+04    5.68075e-13    
3.32282e+04    5.41974e-13    
3.37971e+04    5.17074e-13    
3.43757e+04    4.93320e-13    
3.49642e+04    4.70659e-13    
3.55628e+04    4.49041e-13    
3.61717e+04    4.28418e-13    
3.67909e+04    4.08744e-13    
3.74208e+04    3.89975e-13    
3.80614e+04    3.72070e-13    
3.87130e+04    3.54988e-13    
3.93758e+04    3.38692e-13    
4.00499e+04    3.23146e-13    
4.07356e+04    3.08315e-13    
4.14330e+04    2.94165e-13    
4.21423e+04    2.80666e-13    
4.28638e+04    2.67788e-13    
4.35977e+04    2.55502e-13    
4.43440e+04    2.43781e-13    
4.51032e+04    2.32598e-13    
4.58754e+04    2.21929e-13    
4.66608e+04    2.11751e-13    
4.74596e+04    2.02040e-13    
4.82721e+04    1.92776e-13    
4.90986e+04    1.83937e-13    
4.99391e+04    1.75505e-13    
5.07941e+04    1.67459e-13    
5.16637e+04    1.59783e-13    
5.25482e+04    1.52460e-13    
5.34478e+04    1.45473e-13    
5.43629e+04    1.38807e-13    
5.52936e+04    1.32447e-13    
5.62402e+04    1.26379e-13    
5.72030e+04    1.20589e-13    
5.81824e+04    1.15066e-13    
5.91784e+04    1.09795e-13    
6.01916e+04    1.04767e-13    
6.12221e+04    9.99695e-14    
6.22702e+04    9.53920e-14    
6.33363e+04    9.10245e-14    
6.44206e+04    8.68575e-14    
6.55235e+04    8.28815e-14    
6.66453e+04    7.90880e-14    
6.77862e+04    7.54684e-14    
6.89467e+04    7.20148e-14    
7.01271e+04    6.87195e-14    
7.13277e+04    6.55754e-14    
7.25488e+04    6.25754e-14    
7.37909e+04    5.97129e-14    
7.50542e+04    5.69817e-14    
7.63391e+04    5.43756e-14    
7.76461e+04    5.18889e-14    
7.89754e+04    4.95162e-14    
8.03275e+04    4.72523e-14    
8.17027e+04    4.50920e-14    
8.31014e+04    4.30307e-14    
8.45241e+04    4.10638e-14    
8.59712e+04    3.91870e-14    
8.74430e+04    3.73962e-14    
8.89401e+04    3.56874e-14    
9.04627e+04    3.40568e-14    
9.20115e+04    3.25009e-14    
9.35867e+04    3.10162e-14    
9.51889e+04    2.95994e-14    
9.68186e+04    2.82476e-14    
9.84761e+04    2.69575e-14    
1.00162e+05    2.57266e-14    
1.01877e+05    2.45519e-14    
1.03621e+05    2.34310e-14    
1.05395e+05    2.23614e-14    
1.07199e+05    2.13407e-14    
1.09035e+05    2.03666e-14    
1.10901e+05    1.94372e-14    
1.12800e+05    1.85502e-14    
1.14731e+05    1.77038e-14    
1.16695e+05    1.68961e-14    
1.18693e+05    1.61253e-14    
1.20725e+05    1.53898e-14    
1.22792e+05    1.46878e-14    
1.24894e+05    1.40180e-14    
1.27032e+05    1.33788e-14    
1.29207e+05    1.27687e-14    
1.31419e+05    1.21866e-14    
1.33669e+05    1.16310e-14    
1.35958e+05    1.11009e-14    
1.38285e+05    1.05949e-14    
1.40653e+05    1.01120e-14    
1.43061e+05    9.65125e-15    
1.45510e+05    9.21149e-15    
1.48001e+05    8.79181e-15    
1.50535e+05    8.39129e-15    
1.53112e+05    8.00905e-15    
1.55733e+05    7.64426e-15    
1.58400e+05    7.29612e-15    
1.61111e+05    6.96387e-15    
1.63870e+05    6.64678e-15    
1.66675e+05    6.34416e-15    
1.69529e+05    6.05534e-15    
1.72431e+05    5.77970e-15    
1.75383e+05    5.51663e-15    
1.78386e+05    5.26556e-15    
1.81440e+05    5.02594e-15    
1.84546e+05    4.79725e-15    
1.87705e+05    4.57899e-15    
1.90919e+05    4.37067e-15    
1.94187e+05    4.17185e-15    
1.97512e+05    3.98210e-15    
2.00893e+05    3.80099e-15    
2.04333e+05    3.62814e-15    
2.07831e+05    3.46316e-15    
2.11389e+05    3.30570e-15    
2.15008e+05    3.15542e-15    
2.18689e+05    3.01198e-15    
2.22433e+05    2.87507e-15    
2.26241e+05    2.74440e-15    
2.30114e+05    2.61968e-15    
2.34054e+05    2.50064e-15    
2.38061e+05    2.38702e-15    
2.42136e+05    2.27858e-15    
2.46282e+05    2.17507e-15    
2.50498e+05    2.07627e-15    
2.54787e+05    1.98197e-15    
2.59149e+05    1.89196e-15    
2.63585e+05    1.80605e-15    
2.68098e+05    1.72404e-15    
2.72688e+05    1.64577e-15    
2.77356e+05    1.57105e-15    
2.82105e+05    1.49974e-15    
2.86934e+05    1.43167e-15    
2.91847e+05    1.36670e-15    
2.96843e+05    1.30468e-15    
3.01925e+05    1.24548e-15    
3.07094e+05    1.18897e-15    
3.12352e+05    1.13503e-15    
3.17699e+05    1.08354e-15    
3.23138e+05    1.03439e-15    
3.28670e+05    9.87481e-16    
3.34297e+05    9.42700e-16    
3.40020e+05    8.99953e-16    
3.45842e+05    8.59148e-16    
3.51763e+05    8.20198e-16    
3.57785e+05    7.83016e-16    
3.63910e+05    7.47524e-16    
3.70140e+05    7.13643e-16    
3.76477e+05    6.81301e-16    
3.82922e+05    6.50428e-16    
3.89478e+05    6.20957e-16    
3.96146e+05    5.92823e-16    
4.02928e+05    5.65967e-16    
4.09826e+05    5.40330e-16    
4.16843e+05    5.15856e-16    
4.23979e+05    4.92493e-16    
4.31238e+05    4.70190e-16    
4.38620e+05    4.48899e-16    
4.46130e+05    4.28574e-16    
4.53767e+05    4.09171e-16    
4.61536e+05    3.90648e-16    
4.69437e+05    3.72966e-16    
4.77474e+05    3.56085e-16    
4.85649e+05    3.39970e-16    
4.93963e+05    3.24585e-16    
5.02420e+05    3.09899e-16    
5.11021e+05    2.95877e-16    
5.19770e+05    2.82492e-16    
5.28669e+05    2.69713e-16    
5.37719e+05    2.57514e-16    
5.46925e+05    2.45867e-16    
5.56289e+05    2.34748e-16    
5.65812e+05    2.24133e-16    
5.75499e+05    2.13998e-16    
5.85352e+05    2.04323e-16    
5.95373e+05    1.95086e-16    
6.05566e+05    1.86268e-16    
6.15933e+05    1.77848e-16    
6.26478e+05    1.69811e-16    
6.37204e+05    1.62137e-16    
6.48113e+05    1.54810e-16    
6.59208e+05    1.47815e-16    
6.70494e+05    1.41137e-16    
6.81973e+05    1.34761e-16    
6.93649e+05    1.28674e-16    
7.05524e+05    1.22862e-16    
7.17603e+05    1.17313e-16    
7.29888e+05    1.12015e-16    
7.42384e+05    1.06957e-16    
7.55093e+05    1.02128e-16    
7.68021e+05    9.75170e-17    
7.81169e+05    9.31147e-17    
7.94543e+05    8.89115e-17    
8.08146e+05    8.48984e-17    
8.21981e+05    8.10668e-17    
8.36054e+05    7.74084e-17    
8.50367e+05    7.39154e-17    
8.64925e+05    7.05803e-17    
8.79733e+05    6.73959e-17    
8.94794e+05    6.43555e-17    
9.10113e+05    6.14525e-17    
9.25694e+05    5.86806e-17    
9.41542e+05    5.60341e-17    
9.57662e+05    5.35071e-17    
9.74057e+05    5.10942e-17    
9.90733e+05    4.87904e-17    
1.00769e+06    4.65906e-17    
1.02495e+06    4.44902e-17    
1.04249e+06    4.24846e-17    
1.06034e+06    4.05696e-17    
1.07849e+06    3.87411e-17    
1.09696e+06    3.69952e-17    
1.11574e+06    3.53280e-17    
1.13484e+06    3.37361e-17    
1.15427e+06    3.22161e-17    
1.17403e+06    3.07647e-17    
1.19413e+06    2.93788e-17    
1.21457e+06    2.80554e-17    
1.23537e+06    2.67917e-17    
1.25652e+06    2.55851e-17    
1.27803e+06    2.44329e-17    
1.29991e+06    2.33327e-17    
1.32216e+06    2.22820e-17    
1.34480e+06    2.12788e-17    
1.36782e+06    2.03209e-17    
1.39124e+06    1.94061e-17    
1.41506e+06    1.85326e-17    
1.43928e+06    1.76984e-17    
1.46392e+06    1.69019e-17    
1.48899e+06    1.61413e-17    
1.51448e+06    1.54150e-17    
1.54041e+06    1.47214e-17    
1.56678e+06    1.40590e-17    
1.59360e+06    1.34265e-17    
1.62088e+06    1.28226e-17    
1.64863e+06    1.22458e-17    
1.67686e+06    1.16950e-17    
1.70557e+06    1.11690e-17    
1.73477e+06    1.06668e-17    
1.76447e+06    1.01871e-17    
1.79467e+06    9.72906e-18    
1.82540e+06    9.29164e-18    
1.85665e+06    8.87391e-18    
1.88844e+06    8.47500e-18    
1.92077e+06    8.09405e-18    
1.95365e+06    7.73025e-18    
1.98710e+06    7.38283e-18    
2.02112e+06    7.05105e-18    
2.05572e+06    6.73420e-18    
2.09091e+06    6.43161e-18    

