# USINE V4.0
# File generated 13-05-2022 10:51:15
# Model1DKisoVc
# AR
# SolMod0DFF_phi0_370GV
# R [GV]       TOA [GV m^{2} s sr]^{-1}
9.58970e-02    2.60755e-05    
9.75285e-02    2.74143e-05    
9.91877e-02    2.88217e-05    
1.00875e-01    3.03009e-05    
1.02591e-01    3.18558e-05    
1.04337e-01    3.34901e-05    
1.06112e-01    3.52079e-05    
1.07917e-01    3.70134e-05    
1.09753e-01    3.89111e-05    
1.11620e-01    4.09056e-05    
1.13519e-01    4.30019e-05    
1.15451e-01    4.52050e-05    
1.17415e-01    4.75205e-05    
1.19413e-01    4.99540e-05    
1.21444e-01    5.25115e-05    
1.23510e-01    5.51992e-05    
1.25612e-01    5.80237e-05    
1.27749e-01    6.09920e-05    
1.29922e-01    6.41113e-05    
1.32132e-01    6.73892e-05    
1.34380e-01    7.08337e-05    
1.36667e-01    7.44533e-05    
1.38992e-01    7.82567e-05    
1.41356e-01    8.22532e-05    
1.43761e-01    8.64525e-05    
1.46207e-01    9.08648e-05    
1.48695e-01    9.55008e-05    
1.51224e-01    1.00372e-04    
1.53797e-01    1.05490e-04    
1.56414e-01    1.10867e-04    
1.59075e-01    1.16516e-04    
1.61781e-01    1.22450e-04    
1.64534e-01    1.28685e-04    
1.67333e-01    1.35235e-04    
1.70180e-01    1.42116e-04    
1.73075e-01    1.49344e-04    
1.76019e-01    1.56937e-04    
1.79014e-01    1.64912e-04    
1.82060e-01    1.73290e-04    
1.85157e-01    1.82090e-04    
1.88307e-01    1.91332e-04    
1.91511e-01    2.01040e-04    
1.94769e-01    2.11236e-04    
1.98083e-01    2.21943e-04    
2.01453e-01    2.33189e-04    
2.04880e-01    2.44995e-04    
2.08366e-01    2.57388e-04    
2.11911e-01    2.70397e-04    
2.15516e-01    2.84051e-04    
2.19183e-01    2.98380e-04    
2.22911e-01    3.13419e-04    
2.26704e-01    3.29199e-04    
2.30561e-01    3.45757e-04    
2.34483e-01    3.63129e-04    
2.38473e-01    3.81353e-04    
2.42530e-01    4.00471e-04    
2.46656e-01    4.20523e-04    
2.50852e-01    4.41553e-04    
2.55120e-01    4.63607e-04    
2.59461e-01    4.86733e-04    
2.63875e-01    5.10980e-04    
2.68364e-01    5.36399e-04    
2.72930e-01    5.63044e-04    
2.77573e-01    5.90971e-04    
2.82296e-01    6.20239e-04    
2.87098e-01    6.50907e-04    
2.91983e-01    6.83040e-04    
2.96950e-01    7.16701e-04    
3.02002e-01    7.51960e-04    
3.07140e-01    7.88887e-04    
3.12366e-01    8.27555e-04    
3.17680e-01    8.68041e-04    
3.23085e-01    9.10423e-04    
3.28582e-01    9.54784e-04    
3.34172e-01    1.00121e-03    
3.39857e-01    1.04978e-03    
3.45639e-01    1.10060e-03    
3.51519e-01    1.15375e-03    
3.57500e-01    1.20934e-03    
3.63582e-01    1.26746e-03    
3.69768e-01    1.32821e-03    
3.76059e-01    1.39171e-03    
3.82457e-01    1.45806e-03    
3.88963e-01    1.52739e-03    
3.95581e-01    1.59979e-03    
4.02311e-01    1.67540e-03    
4.09155e-01    1.75434e-03    
4.16116e-01    1.83673e-03    
4.23196e-01    1.92271e-03    
4.30396e-01    2.01240e-03    
4.37718e-01    2.10596e-03    
4.45165e-01    2.20350e-03    
4.52739e-01    2.30518e-03    
4.60441e-01    2.41114e-03    
4.68275e-01    2.52153e-03    
4.76242e-01    2.63649e-03    
4.84344e-01    2.75619e-03    
4.92584e-01    2.88078e-03    
5.00965e-01    3.01041e-03    
5.09487e-01    3.14525e-03    
5.18155e-01    3.28544e-03    
5.26971e-01    3.43116e-03    
5.35936e-01    3.58257e-03    
5.45054e-01    3.73983e-03    
5.54327e-01    3.90309e-03    
5.63758e-01    4.07254e-03    
5.73349e-01    4.24831e-03    
5.83104e-01    4.43058e-03    
5.93024e-01    4.61951e-03    
6.03113e-01    4.81524e-03    
6.13374e-01    5.01795e-03    
6.23810e-01    5.22776e-03    
6.34423e-01    5.44484e-03    
6.45216e-01    5.66931e-03    
6.56193e-01    5.90133e-03    
6.67357e-01    6.14100e-03    
6.78711e-01    6.38847e-03    
6.90258e-01    6.64385e-03    
7.02001e-01    6.90723e-03    
7.13945e-01    7.17871e-03    
7.26091e-01    7.45838e-03    
7.38444e-01    7.74633e-03    
7.51007e-01    8.04259e-03    
7.63784e-01    8.34723e-03    
7.76779e-01    8.66028e-03    
7.89994e-01    8.98175e-03    
8.03434e-01    9.31165e-03    
8.17103e-01    9.64996e-03    
8.31005e-01    9.99664e-03    
8.45143e-01    1.03516e-02    
8.59521e-01    1.07149e-02    
8.74144e-01    1.10862e-02    
8.89016e-01    1.14656e-02    
9.04141e-01    1.18528e-02    
9.19524e-01    1.22477e-02    
9.35167e-01    1.26500e-02    
9.51078e-01    1.30596e-02    
9.67258e-01    1.34761e-02    
9.83714e-01    1.38992e-02    
1.00045e+00    1.43286e-02    
1.01747e+00    1.47639e-02    
1.03478e+00    1.52048e-02    
1.05239e+00    1.56506e-02    
1.07029e+00    1.61009e-02    
1.08850e+00    1.65553e-02    
1.10702e+00    1.70130e-02    
1.12585e+00    1.74734e-02    
1.14501e+00    1.79359e-02    
1.16449e+00    1.83998e-02    
1.18430e+00    1.88642e-02    
1.20445e+00    1.93282e-02    
1.22494e+00    1.97912e-02    
1.24578e+00    2.02520e-02    
1.26697e+00    2.07097e-02    
1.28853e+00    2.11633e-02    
1.31045e+00    2.16116e-02    
1.33274e+00    2.20537e-02    
1.35542e+00    2.24882e-02    
1.37848e+00    2.29139e-02    
1.40193e+00    2.33297e-02    
1.42578e+00    2.37343e-02    
1.45004e+00    2.41264e-02    
1.47471e+00    2.45048e-02    
1.49980e+00    2.48681e-02    
1.52531e+00    2.52152e-02    
1.55126e+00    2.55450e-02    
1.57766e+00    2.58561e-02    
1.60450e+00    2.61475e-02    
1.63180e+00    2.64181e-02    
1.65956e+00    2.66667e-02    
1.68779e+00    2.68925e-02    
1.71651e+00    2.70942e-02    
1.74571e+00    2.72710e-02    
1.77541e+00    2.74219e-02    
1.80561e+00    2.75461e-02    
1.83633e+00    2.76426e-02    
1.86757e+00    2.77108e-02    
1.89935e+00    2.77503e-02    
1.93166e+00    2.77604e-02    
1.96453e+00    2.77412e-02    
1.99795e+00    2.76924e-02    
2.03194e+00    2.76144e-02    
2.06651e+00    2.75077e-02    
2.10167e+00    2.73728e-02    
2.13742e+00    2.72106e-02    
2.17379e+00    2.70220e-02    
2.21077e+00    2.68080e-02    
2.24838e+00    2.65697e-02    
2.28663e+00    2.63082e-02    
2.32554e+00    2.60246e-02    
2.36510e+00    2.57199e-02    
2.40534e+00    2.53950e-02    
2.44626e+00    2.50511e-02    
2.48788e+00    2.46891e-02    
2.53021e+00    2.43104e-02    
2.57325e+00    2.39161e-02    
2.61703e+00    2.35077e-02    
2.66156e+00    2.30866e-02    
2.70684e+00    2.26545e-02    
2.75289e+00    2.22132e-02    
2.79972e+00    2.17644e-02    
2.84736e+00    2.13098e-02    
2.89580e+00    2.08509e-02    
2.94507e+00    2.03895e-02    
2.99517e+00    1.99267e-02    
3.04613e+00    1.94639e-02    
3.09795e+00    1.90022e-02    
3.15066e+00    1.85424e-02    
3.20426e+00    1.80853e-02    
3.25877e+00    1.76314e-02    
3.31422e+00    1.71814e-02    
3.37060e+00    1.67354e-02    
3.42795e+00    1.62939e-02    
3.48627e+00    1.58570e-02    
3.54558e+00    1.54250e-02    
3.60590e+00    1.49977e-02    
3.66725e+00    1.45755e-02    
3.72964e+00    1.41583e-02    
3.79309e+00    1.37462e-02    
3.85762e+00    1.33394e-02    
3.92325e+00    1.29381e-02    
3.99000e+00    1.25426e-02    
4.05788e+00    1.21532e-02    
4.12692e+00    1.17705e-02    
4.19713e+00    1.13949e-02    
4.26854e+00    1.10271e-02    
4.34116e+00    1.06675e-02    
4.41502e+00    1.03167e-02    
4.49013e+00    9.97495e-03    
4.56652e+00    9.64239e-03    
4.64421e+00    9.31909e-03    
4.72322e+00    9.00499e-03    
4.80358e+00    8.69997e-03    
4.88530e+00    8.40383e-03    
4.96842e+00    8.11637e-03    
5.05295e+00    7.83735e-03    
5.13891e+00    7.56650e-03    
5.22634e+00    7.30356e-03    
5.31526e+00    7.04829e-03    
5.40569e+00    6.80043e-03    
5.49765e+00    6.55972e-03    
5.59119e+00    6.32591e-03    
5.68631e+00    6.09879e-03    
5.78305e+00    5.87817e-03    
5.88144e+00    5.66387e-03    
5.98150e+00    5.45575e-03    
6.08326e+00    5.25367e-03    
6.18676e+00    5.05750e-03    
6.29202e+00    4.86712e-03    
6.39906e+00    4.68244e-03    
6.50793e+00    4.50335e-03    
6.61865e+00    4.32976e-03    
6.73125e+00    4.16158e-03    
6.84577e+00    3.99870e-03    
6.96224e+00    3.84104e-03    
7.08069e+00    3.68850e-03    
7.20116e+00    3.54098e-03    
7.32367e+00    3.39839e-03    
7.44827e+00    3.26065e-03    
7.57499e+00    3.12765e-03    
7.70386e+00    2.99931e-03    
7.83493e+00    2.87554e-03    
7.96822e+00    2.75625e-03    
8.10379e+00    2.64135e-03    
8.24166e+00    2.53075e-03    
8.38187e+00    2.42436e-03    
8.52448e+00    2.32208e-03    
8.66950e+00    2.22384e-03    
8.81700e+00    2.12955e-03    
8.96700e+00    2.03912e-03    
9.11956e+00    1.95248e-03    
9.27471e+00    1.86955e-03    
9.43250e+00    1.79021e-03    
9.59298e+00    1.71438e-03    
9.75619e+00    1.64193e-03    
9.92217e+00    1.57275e-03    
1.00910e+01    1.50668e-03    
1.02627e+01    1.44358e-03    
1.04373e+01    1.38329e-03    
1.06148e+01    1.32564e-03    
1.07954e+01    1.27047e-03    
1.09791e+01    1.21762e-03    
1.11659e+01    1.16697e-03    
1.13558e+01    1.11838e-03    
1.15490e+01    1.07174e-03    
1.17455e+01    1.02694e-03    
1.19453e+01    9.83911e-04    
1.21486e+01    9.42569e-04    
1.23553e+01    9.02853e-04    
1.25655e+01    8.64709e-04    
1.27792e+01    8.28082e-04    
1.29967e+01    7.92919e-04    
1.32178e+01    7.59173e-04    
1.34426e+01    7.26793e-04    
1.36713e+01    6.95731e-04    
1.39039e+01    6.65940e-04    
1.41405e+01    6.37373e-04    
1.43811e+01    6.09980e-04    
1.46257e+01    5.83717e-04    
1.48746e+01    5.58538e-04    
1.51276e+01    5.34400e-04    
1.53850e+01    5.11261e-04    
1.56467e+01    4.89082e-04    
1.59129e+01    4.67825e-04    
1.61837e+01    4.47453e-04    
1.64590e+01    4.27931e-04    
1.67390e+01    4.09226e-04    
1.70238e+01    3.91305e-04    
1.73134e+01    3.74137e-04    
1.76080e+01    3.57693e-04    
1.79075e+01    3.41944e-04    
1.82122e+01    3.26861e-04    
1.85221e+01    3.12419e-04    
1.88372e+01    2.98592e-04    
1.91576e+01    2.85355e-04    
1.94836e+01    2.72684e-04    
1.98151e+01    2.60556e-04    
2.01522e+01    2.48949e-04    
2.04950e+01    2.37842e-04    
2.08437e+01    2.27216e-04    
2.11983e+01    2.17052e-04    
2.15590e+01    2.07333e-04    
2.19258e+01    1.98041e-04    
2.22988e+01    1.89157e-04    
2.26782e+01    1.80666e-04    
2.30640e+01    1.72550e-04    
2.34564e+01    1.64787e-04    
2.38554e+01    1.57363e-04    
2.42613e+01    1.50265e-04    
2.46741e+01    1.43478e-04    
2.50938e+01    1.36987e-04    
2.55208e+01    1.30782e-04    
2.59549e+01    1.24850e-04    
2.63965e+01    1.19178e-04    
2.68456e+01    1.13757e-04    
2.73023e+01    1.08576e-04    
2.77668e+01    1.03624e-04    
2.82392e+01    9.88919e-05    
2.87197e+01    9.43698e-05    
2.92083e+01    9.00490e-05    
2.97052e+01    8.59207e-05    
3.02106e+01    8.19767e-05    
3.07246e+01    7.82090e-05    
3.12473e+01    7.46100e-05    
3.17789e+01    7.11725e-05    
3.23196e+01    6.78893e-05    
3.28694e+01    6.47539e-05    
3.34286e+01    6.17597e-05    
3.39973e+01    5.89006e-05    
3.45757e+01    5.61707e-05    
3.51640e+01    5.35643e-05    
3.57622e+01    5.10761e-05    
3.63707e+01    4.87007e-05    
3.69894e+01    4.64333e-05    
3.76187e+01    4.42692e-05    
3.82588e+01    4.22036e-05    
3.89097e+01    4.02323e-05    
3.95716e+01    3.83510e-05    
4.02449e+01    3.65559e-05    
4.09296e+01    3.48430e-05    
4.16259e+01    3.32087e-05    
4.23341e+01    3.16494e-05    
4.30543e+01    3.01619e-05    
4.37868e+01    2.87429e-05    
4.45318e+01    2.73893e-05    
4.52894e+01    2.60982e-05    
4.60599e+01    2.48668e-05    
4.68435e+01    2.36924e-05    
4.76405e+01    2.25725e-05    
4.84510e+01    2.15045e-05    
4.92753e+01    2.04861e-05    
5.01136e+01    1.95150e-05    
5.09662e+01    1.85892e-05    
5.18333e+01    1.77065e-05    
5.27151e+01    1.68650e-05    
5.36120e+01    1.60628e-05    
5.45241e+01    1.52982e-05    
5.54517e+01    1.45693e-05    
5.63951e+01    1.38747e-05    
5.73546e+01    1.32126e-05    
5.83304e+01    1.25816e-05    
5.93227e+01    1.19803e-05    
6.03320e+01    1.14073e-05    
6.13584e+01    1.08612e-05    
6.24023e+01    1.03410e-05    
6.34640e+01    9.84529e-06    
6.45437e+01    9.37303e-06    
6.56418e+01    8.92310e-06    
6.67586e+01    8.49449e-06    
6.78943e+01    8.08619e-06    
6.90494e+01    7.69726e-06    
7.02242e+01    7.32680e-06    
7.14189e+01    6.97395e-06    
7.26340e+01    6.63789e-06    
7.38697e+01    6.31783e-06    
7.51265e+01    6.01302e-06    
7.64046e+01    5.72276e-06    
7.77045e+01    5.44635e-06    
7.90265e+01    5.18315e-06    
8.03710e+01    4.93254e-06    
8.17383e+01    4.69392e-06    
8.31289e+01    4.46674e-06    
8.45432e+01    4.25044e-06    
8.59816e+01    4.04452e-06    
8.74444e+01    3.84849e-06    
8.89321e+01    3.66188e-06    
9.04451e+01    3.48425e-06    
9.19838e+01    3.31516e-06    
9.35488e+01    3.15422e-06    
9.51403e+01    3.00103e-06    
9.67590e+01    2.85523e-06    
9.84051e+01    2.71647e-06    
1.00079e+02    2.58441e-06    
1.01782e+02    2.45874e-06    
1.03514e+02    2.33914e-06    
1.05275e+02    2.22533e-06    
1.07066e+02    2.11703e-06    
1.08887e+02    2.01398e-06    
1.10740e+02    1.91593e-06    
1.12624e+02    1.82263e-06    
1.14540e+02    1.73387e-06    
1.16489e+02    1.64942e-06    
1.18470e+02    1.56907e-06    
1.20486e+02    1.49263e-06    
1.22536e+02    1.41991e-06    
1.24621e+02    1.35074e-06    
1.26741e+02    1.28493e-06    
1.28897e+02    1.22234e-06    
1.31090e+02    1.16279e-06    
1.33320e+02    1.10616e-06    
1.35588e+02    1.05229e-06    
1.37895e+02    1.00105e-06    
1.40241e+02    9.52315e-07    
1.42627e+02    9.05966e-07    
1.45054e+02    8.61886e-07    
1.47521e+02    8.19965e-07    
1.50031e+02    7.80097e-07    
1.52584e+02    7.42184e-07    
1.55180e+02    7.06130e-07    
1.57820e+02    6.71845e-07    
1.60505e+02    6.39243e-07    
1.63235e+02    6.08242e-07    
1.66013e+02    5.78763e-07    
1.68837e+02    5.50733e-07    
1.71709e+02    5.24081e-07    
1.74631e+02    4.98740e-07    
1.77602e+02    4.74645e-07    
1.80623e+02    4.51735e-07    
1.83696e+02    4.29952e-07    
1.86821e+02    4.09241e-07    
1.90000e+02    3.89549e-07    
1.93232e+02    3.70826e-07    
1.96520e+02    3.53023e-07    
1.99863e+02    3.36097e-07    
2.03264e+02    3.20002e-07    
2.06722e+02    3.04699e-07    
2.10239e+02    2.90147e-07    
2.13815e+02    2.76310e-07    
2.17453e+02    2.63152e-07    
2.21153e+02    2.50638e-07    
2.24915e+02    2.38738e-07    
2.28742e+02    2.27419e-07    
2.32633e+02    2.16654e-07    
2.36591e+02    2.06414e-07    
2.40616e+02    1.96674e-07    
2.44710e+02    1.87407e-07    
2.48873e+02    1.78591e-07    
2.53107e+02    1.70203e-07    
2.57413e+02    1.62221e-07    
2.61793e+02    1.54624e-07    
2.66247e+02    1.47395e-07    
2.70776e+02    1.40513e-07    
2.75383e+02    1.33962e-07    
2.80068e+02    1.27726e-07    
2.84833e+02    1.21788e-07    
2.89679e+02    1.16134e-07    
2.94607e+02    1.10749e-07    
2.99620e+02    1.05620e-07    
3.04717e+02    1.00735e-07    
3.09901e+02    9.60812e-08    
3.15174e+02    9.16473e-08    
3.20536e+02    8.74227e-08    
3.25989e+02    8.33970e-08    
3.31535e+02    7.95604e-08    
3.37176e+02    7.59038e-08    
3.42912e+02    7.24184e-08    
3.48746e+02    6.90958e-08    
3.54679e+02    6.59283e-08    
3.60713e+02    6.29083e-08    
3.66850e+02    6.00288e-08    
3.73092e+02    5.72829e-08    
3.79439e+02    5.46643e-08    
3.85894e+02    5.21670e-08    
3.92460e+02    4.97852e-08    
3.99137e+02    4.75133e-08    
4.05927e+02    4.53463e-08    
4.12833e+02    4.32791e-08    
4.19857e+02    4.13070e-08    
4.27000e+02    3.94256e-08    
4.34265e+02    3.76306e-08    
4.41653e+02    3.59179e-08    
4.49167e+02    3.42839e-08    
4.56808e+02    3.27246e-08    
4.64580e+02    3.12368e-08    
4.72484e+02    2.98170e-08    
4.80522e+02    2.84621e-08    
4.88698e+02    2.71692e-08    
4.97012e+02    2.59352e-08    
5.05468e+02    2.47576e-08    
5.14067e+02    2.36337e-08    
5.22813e+02    2.25611e-08    
5.31708e+02    2.15373e-08    
5.40754e+02    2.05601e-08    
5.49954e+02    1.96275e-08    
5.59310e+02    1.87373e-08    
5.68826e+02    1.78876e-08    
5.78503e+02    1.70765e-08    
5.88345e+02    1.63024e-08    
5.98355e+02    1.55634e-08    
6.08535e+02    1.48580e-08    
6.18888e+02    1.41847e-08    
6.29417e+02    1.35419e-08    
6.40125e+02    1.29284e-08    
6.51016e+02    1.23426e-08    
6.62092e+02    1.17835e-08    
6.73356e+02    1.12498e-08    
6.84812e+02    1.07403e-08    
6.96463e+02    1.02539e-08    
7.08312e+02    9.78952e-09    
7.20362e+02    9.34625e-09    
7.32618e+02    8.92307e-09    
7.45082e+02    8.51909e-09    
7.57758e+02    8.13342e-09    
7.70650e+02    7.76523e-09    
7.83761e+02    7.41374e-09    
7.97095e+02    7.07818e-09    
8.10656e+02    6.75782e-09    
8.24448e+02    6.45198e-09    
8.38475e+02    6.16000e-09    
8.52740e+02    5.88125e-09    
8.67247e+02    5.61513e-09    
8.82002e+02    5.36106e-09    
8.97008e+02    5.11850e-09    
9.12268e+02    4.88693e-09    
9.27789e+02    4.66584e-09    
9.43574e+02    4.45477e-09    
9.59627e+02    4.25326e-09    
9.75953e+02    4.06087e-09    
9.92557e+02    3.87719e-09    
1.00944e+03    3.70183e-09    
1.02662e+03    3.53440e-09    
1.04408e+03    3.37456e-09    
1.06185e+03    3.22195e-09    
1.07991e+03    3.07625e-09    
1.09828e+03    2.93715e-09    
1.11697e+03    2.80434e-09    
1.13597e+03    2.67754e-09    
1.15530e+03    2.55648e-09    
1.17495e+03    2.44090e-09    
1.19494e+03    2.33054e-09    
1.21527e+03    2.22519e-09    
1.23595e+03    2.12460e-09    
1.25698e+03    2.02856e-09    
1.27836e+03    1.93686e-09    
1.30011e+03    1.84932e-09    
1.32223e+03    1.76573e-09    
1.34472e+03    1.68593e-09    
1.36760e+03    1.60973e-09    
1.39087e+03    1.53699e-09    
1.41453e+03    1.46753e-09    
1.43860e+03    1.40121e-09    
1.46307e+03    1.33790e-09    
1.48796e+03    1.27745e-09    
1.51328e+03    1.21973e-09    
1.53903e+03    1.16462e-09    
1.56521e+03    1.11200e-09    
1.59184e+03    1.06177e-09    
1.61892e+03    1.01380e-09    
1.64646e+03    9.68004e-10    
1.67447e+03    9.24278e-10    
1.70296e+03    8.82529e-10    
1.73194e+03    8.42668e-10    
1.76140e+03    8.04608e-10    
1.79137e+03    7.68270e-10    
1.82184e+03    7.33573e-10    
1.85284e+03    7.00446e-10    
1.88436e+03    6.68815e-10    
1.91642e+03    6.38615e-10    
1.94903e+03    6.09779e-10    
1.98218e+03    5.82247e-10    
2.01591e+03    5.55958e-10    
2.05020e+03    5.30858e-10    
2.08508e+03    5.06893e-10    
2.12056e+03    4.84010e-10    
2.15664e+03    4.62161e-10    
2.19333e+03    4.41299e-10    
2.23064e+03    4.21380e-10    
2.26859e+03    4.02361e-10    
2.30719e+03    3.84201e-10    
2.34644e+03    3.66862e-10    
2.38636e+03    3.50306e-10    
2.42696e+03    3.34498e-10    
2.46825e+03    3.19404e-10    
2.51024e+03    3.04991e-10    
2.55295e+03    2.91230e-10    
2.59638e+03    2.78090e-10    
2.64056e+03    2.65544e-10    
2.68548e+03    2.53564e-10    
2.73117e+03    2.42126e-10    
2.77763e+03    2.31203e-10    
2.82489e+03    2.20774e-10    
2.87295e+03    2.10816e-10    
2.92183e+03    2.01308e-10    
2.97154e+03    1.92229e-10    
3.02209e+03    1.83560e-10    
3.07351e+03    1.75282e-10    
3.12580e+03    1.67378e-10    
3.17898e+03    1.59830e-10    
3.23306e+03    1.52624e-10    
3.28807e+03    1.45742e-10    
3.34401e+03    1.39171e-10    
3.40090e+03    1.32897e-10    
3.45876e+03    1.26906e-10    
3.51760e+03    1.21186e-10    
3.57745e+03    1.15723e-10    
3.63831e+03    1.10507e-10    
3.70021e+03    1.05526e-10    
3.76316e+03    1.00771e-10    
3.82719e+03    9.62292e-11    
3.89230e+03    9.18927e-11    
3.95852e+03    8.77519e-11    
4.02587e+03    8.37979e-11    
4.09436e+03    8.00223e-11    
4.16402e+03    7.64169e-11    
4.23486e+03    7.29742e-11    
4.30691e+03    6.96868e-11    
4.38018e+03    6.65476e-11    
4.45470e+03    6.35500e-11    
4.53049e+03    6.06876e-11    
4.60757e+03    5.79543e-11    
4.68596e+03    5.53442e-11    
4.76568e+03    5.28518e-11    
4.84676e+03    5.04718e-11    
4.92922e+03    4.81991e-11    
5.01308e+03    4.60288e-11    
5.09837e+03    4.39564e-11    
5.18510e+03    4.19774e-11    
5.27332e+03    4.00876e-11    
5.36303e+03    3.82830e-11    
5.45428e+03    3.65597e-11    
5.54707e+03    3.49141e-11    
5.64144e+03    3.33427e-11    
5.73742e+03    3.18420e-11    
5.83503e+03    3.04090e-11    
5.93431e+03    2.90406e-11    
6.03527e+03    2.77338e-11    
6.13795e+03    2.64859e-11    
6.24237e+03    2.52942e-11    
6.34857e+03    2.41562e-11    
6.45658e+03    2.30695e-11    
6.56643e+03    2.20317e-11    
6.67814e+03    2.10406e-11    
6.79176e+03    2.00942e-11    
6.90731e+03    1.91904e-11    
7.02482e+03    1.83273e-11    
7.14434e+03    1.75031e-11    
7.26589e+03    1.67160e-11    
7.38950e+03    1.59643e-11    
7.51522e+03    1.52465e-11    
7.64308e+03    1.45610e-11    
7.77311e+03    1.39064e-11    
7.90535e+03    1.32812e-11    
8.03985e+03    1.26842e-11    
8.17663e+03    1.21140e-11    
8.31574e+03    1.15695e-11    
8.45722e+03    1.10495e-11    
8.60110e+03    1.05529e-11    
8.74743e+03    1.00787e-11    
8.89625e+03    9.62579e-12    
9.04761e+03    9.19326e-12    
9.20154e+03    8.78020e-12    
9.35808e+03    8.38572e-12    
9.51729e+03    8.00898e-12    
9.67921e+03    7.64920e-12    
9.84388e+03    7.30559e-12    
1.00114e+04    6.97745e-12    
1.01817e+04    6.66406e-12    
1.03549e+04    6.36476e-12    
1.05311e+04    6.07893e-12    
1.07102e+04    5.80595e-12    
1.08925e+04    5.54524e-12    
1.10778e+04    5.29626e-12    
1.12662e+04    5.05847e-12    
1.14579e+04    4.83137e-12    
1.16528e+04    4.61448e-12    
1.18511e+04    4.40734e-12    
1.20527e+04    4.20951e-12    
1.22578e+04    4.02057e-12    
1.24663e+04    3.84013e-12    
1.26784e+04    3.66779e-12    
1.28941e+04    3.50320e-12    
1.31135e+04    3.34600e-12    
1.33366e+04    3.19587e-12    
1.35635e+04    3.05248e-12    
1.37942e+04    2.91554e-12    
1.40289e+04    2.78474e-12    
1.42676e+04    2.65983e-12    
1.45103e+04    2.54052e-12    
1.47572e+04    2.42657e-12    
1.50083e+04    2.31774e-12    
1.52636e+04    2.21380e-12    
1.55233e+04    2.11453e-12    
1.57874e+04    2.01971e-12    
1.60560e+04    1.92915e-12    
1.63291e+04    1.84266e-12    
1.66069e+04    1.76005e-12    
1.68895e+04    1.68115e-12    
1.71768e+04    1.60579e-12    
1.74690e+04    1.53381e-12    
1.77663e+04    1.46506e-12    
1.80685e+04    1.39940e-12    
1.83759e+04    1.33669e-12    
1.86885e+04    1.27679e-12    
1.90065e+04    1.21958e-12    
1.93299e+04    1.16493e-12    
1.96587e+04    1.11274e-12    
1.99932e+04    1.06289e-12    
2.03333e+04    1.01528e-12    
2.06793e+04    9.69797e-13    
2.10311e+04    9.26358e-13    
2.13889e+04    8.84867e-13    
2.17528e+04    8.45238e-13    
2.21228e+04    8.07386e-13    
2.24992e+04    7.71231e-13    
2.28820e+04    7.36698e-13    
2.32713e+04    7.03712e-13    
2.36672e+04    6.72206e-13    
2.40699e+04    6.42113e-13    
2.44794e+04    6.13368e-13    
2.48958e+04    5.85912e-13    
2.53194e+04    5.59687e-13    
2.57502e+04    5.34637e-13    
2.61883e+04    5.10710e-13    
2.66338e+04    4.87855e-13    
2.70869e+04    4.66024e-13    
2.75478e+04    4.45172e-13    
2.80164e+04    4.25254e-13    
2.84931e+04    4.06228e-13    
2.89778e+04    3.88055e-13    
2.94708e+04    3.70696e-13    
2.99722e+04    3.54114e-13    
3.04821e+04    3.38275e-13    
3.10007e+04    3.23146e-13    
3.15282e+04    3.08694e-13    
3.20645e+04    2.94889e-13    
3.26101e+04    2.81703e-13    
3.31649e+04    2.69107e-13    
3.37291e+04    2.57075e-13    
3.43029e+04    2.45581e-13    
3.48865e+04    2.34603e-13    
3.54801e+04    2.24115e-13    
3.60837e+04    2.14097e-13    
3.66976e+04    2.04528e-13    
3.73219e+04    1.95387e-13    
3.79569e+04    1.86655e-13    
3.86027e+04    1.78314e-13    
3.92594e+04    1.70346e-13    
3.99273e+04    1.62734e-13    
4.06066e+04    1.55463e-13    
4.12975e+04    1.48518e-13    
4.20001e+04    1.41883e-13    
4.27146e+04    1.35545e-13    
4.34413e+04    1.29490e-13    
4.41804e+04    1.23706e-13    
4.49320e+04    1.18181e-13    
4.56965e+04    1.12903e-13    
4.64739e+04    1.07861e-13    
4.72646e+04    1.03045e-13    
4.80687e+04    9.84437e-14    
4.88865e+04    9.40484e-14    
4.97182e+04    8.98495e-14    
5.05641e+04    8.58383e-14    
5.14243e+04    8.20064e-14    
5.22992e+04    7.83459e-14    
5.31890e+04    7.48489e-14    
5.40939e+04    7.15083e-14    
5.50142e+04    6.83169e-14    
5.59502e+04    6.52681e-14    
5.69020e+04    6.23556e-14    
5.78701e+04    5.95733e-14    
5.88547e+04    5.69152e-14    
5.98560e+04    5.43759e-14    
6.08743e+04    5.19500e-14    
6.19100e+04    4.96325e-14    
6.29633e+04    4.74186e-14    
6.40345e+04    4.53035e-14    
6.51239e+04    4.32828e-14    
6.62318e+04    4.13525e-14    
6.73587e+04    3.95083e-14    
6.85046e+04    3.77465e-14    
6.96701e+04    3.60633e-14    
7.08554e+04    3.44553e-14    
7.20609e+04    3.29191e-14    
7.32869e+04    3.14515e-14    
7.45337e+04    3.00493e-14    
7.58018e+04    2.87098e-14    
7.70914e+04    2.74301e-14    
7.84029e+04    2.62075e-14    
7.97368e+04    2.50394e-14    
8.10934e+04    2.39235e-14    
8.24731e+04    2.28573e-14    
8.38762e+04    2.18388e-14    
8.53032e+04    2.08657e-14    
8.67544e+04    1.99360e-14    
8.82304e+04    1.90477e-14    
8.97315e+04    1.81991e-14    
9.12581e+04    1.73884e-14    
9.28107e+04    1.66138e-14    
9.43897e+04    1.58738e-14    
9.59955e+04    1.51667e-14    
9.76287e+04    1.44912e-14    
9.92897e+04    1.38459e-14    
1.00979e+05    1.32293e-14    
1.02697e+05    1.26402e-14    
1.04444e+05    1.20773e-14    
1.06221e+05    1.15396e-14    
1.08028e+05    1.10258e-14    
1.09866e+05    1.05349e-14    
1.11735e+05    1.00660e-14    
1.13636e+05    9.61786e-15    
1.15569e+05    9.18975e-15    
1.17536e+05    8.78071e-15    
1.19535e+05    8.38991e-15    
1.21569e+05    8.01652e-15    
1.23637e+05    7.65976e-15    
1.25741e+05    7.31890e-15    
1.27880e+05    6.99323e-15    
1.30056e+05    6.68207e-15    
1.32268e+05    6.38477e-15    
1.34519e+05    6.10071e-15    
1.36807e+05    5.82930e-15    
1.39135e+05    5.56999e-15    
1.41502e+05    5.32222e-15    
1.43909e+05    5.08549e-15    
1.46357e+05    4.85930e-15    
1.48847e+05    4.64318e-15    
1.51380e+05    4.43669e-15    
1.53955e+05    4.23939e-15    
1.56575e+05    4.05087e-15    
1.59238e+05    3.87075e-15    
1.61947e+05    3.69864e-15    
1.64703e+05    3.53420e-15    
1.67505e+05    3.37707e-15    
1.70355e+05    3.22694e-15    
1.73253e+05    3.08349e-15    
1.76200e+05    2.94643e-15    
1.79198e+05    2.81547e-15    
1.82247e+05    2.69033e-15    
1.85347e+05    2.57076e-15    
1.88501e+05    2.45651e-15    
1.91708e+05    2.34735e-15    
1.94969e+05    2.24304e-15    
1.98286e+05    2.14337e-15    
2.01660e+05    2.04813e-15    
2.05091e+05    1.95714e-15    
2.08580e+05    1.87019e-15    
2.12128e+05    1.78710e-15    
2.15737e+05    1.70771e-15    
2.19408e+05    1.63186e-15    
2.23141e+05    1.55937e-15    
2.26937e+05    1.49011e-15    
2.30798e+05    1.42393e-15    
2.34724e+05    1.36069e-15    
2.38718e+05    1.30026e-15    
2.42779e+05    1.24252e-15    
2.46910e+05    1.18735e-15    
2.51110e+05    1.13463e-15    
2.55382e+05    1.08425e-15    
2.59727e+05    1.03611e-15    
2.64146e+05    9.90111e-16    
2.68640e+05    9.46157e-16    
2.73210e+05    9.04156e-16    
2.77859e+05    8.64021e-16    
2.82586e+05    8.25670e-16    
2.87393e+05    7.89022e-16    
2.92283e+05    7.54003e-16    
2.97256e+05    7.20540e-16    
3.02313e+05    6.88564e-16    
3.07456e+05    6.58008e-16    
3.12687e+05    6.28810e-16    
3.18007e+05    6.00908e-16    
3.23417e+05    5.74246e-16    
3.28919e+05    5.48768e-16    
3.34515e+05    5.24422e-16    
3.40206e+05    5.01157e-16    
3.45994e+05    4.78925e-16    
3.51881e+05    4.57680e-16    
3.57867e+05    4.37379e-16    
3.63956e+05    4.17979e-16    
3.70148e+05    3.99440e-16    
3.76445e+05    3.81725e-16    
3.82850e+05    3.64796e-16    
3.89363e+05    3.48618e-16    
3.95987e+05    3.33159e-16    
4.02724e+05    3.18386e-16    
4.09576e+05    3.04269e-16    
4.16544e+05    2.90778e-16    
4.23631e+05    2.77886e-16    
4.30838e+05    2.65566e-16    
4.38168e+05    2.53793e-16    
4.45623e+05    2.42542e-16    
4.53204e+05    2.31791e-16    
4.60914e+05    2.21516e-16    
4.68756e+05    2.11698e-16    
4.76731e+05    2.02315e-16    
4.84842e+05    1.93348e-16    
4.93090e+05    1.84779e-16    
5.01479e+05    1.76590e-16    
5.10011e+05    1.68765e-16    
5.18688e+05    1.61286e-16    
5.27513e+05    1.54140e-16    
5.36487e+05    1.47310e-16    
5.45614e+05    1.40783e-16    
5.54897e+05    1.34546e-16    
5.64338e+05    1.28585e-16    
5.73939e+05    1.22888e-16    
5.83703e+05    1.17445e-16    
5.93634e+05    1.12242e-16    
6.03733e+05    1.07270e-16    
6.14005e+05    1.02519e-16    
6.24451e+05    9.79782e-17    
6.35075e+05    9.36388e-17    
6.45879e+05    8.94917e-17    
6.56868e+05    8.55285e-17    
6.68043e+05    8.17409e-17    
6.79409e+05    7.81213e-17    
6.90967e+05    7.46620e-17    
7.02723e+05    7.13561e-17    
7.14679e+05    6.81966e-17    
7.26837e+05    6.51772e-17    
7.39203e+05    6.22916e-17    
7.51779e+05    5.95339e-17    
7.64569e+05    5.68983e-17    
7.77577e+05    5.43796e-17    
7.90806e+05    5.19724e-17    
8.04260e+05    4.96719e-17    
8.17943e+05    4.74732e-17    
8.31859e+05    4.53720e-17    
8.46011e+05    4.33639e-17    
8.60405e+05    4.14447e-17    
8.75043e+05    3.96106e-17    
8.89930e+05    3.78577e-17    
9.05071e+05    3.61824e-17    
9.20469e+05    3.45813e-17    
9.36129e+05    3.30511e-17    
9.52055e+05    3.15887e-17    
9.68253e+05    3.01910e-17    
9.84726e+05    2.88553e-17    
1.00148e+06    2.75787e-17    
1.01852e+06    2.63586e-17    
1.03585e+06    2.51925e-17    
1.05347e+06    2.40781e-17    
1.07139e+06    2.30130e-17    
1.08962e+06    2.19950e-17    
1.10816e+06    2.10221e-17    
1.12701e+06    2.00923e-17    
1.14618e+06    1.92037e-17    
1.16568e+06    1.83543e-17    
1.18552e+06    1.75426e-17    
1.20568e+06    1.67668e-17    
1.22620e+06    1.60253e-17    
1.24706e+06    1.53167e-17    
1.26828e+06    1.46394e-17    
1.28985e+06    1.39921e-17    
1.31180e+06    1.33734e-17    
1.33411e+06    1.27821e-17    
1.35681e+06    1.22170e-17    
1.37990e+06    1.16769e-17    
1.40337e+06    1.11606e-17    
1.42725e+06    1.06672e-17    
1.45153e+06    1.01957e-17    
1.47622e+06    9.74498e-18    
1.50134e+06    9.31422e-18    
1.52688e+06    8.90251e-18    
1.55286e+06    8.50902e-18    
1.57928e+06    8.13293e-18    
1.60615e+06    7.77347e-18    
1.63347e+06    7.42992e-18    
1.66126e+06    7.10156e-18    
1.68953e+06    6.78772e-18    
1.71827e+06    6.48776e-18    
1.74750e+06    6.20106e-18    
1.77723e+06    5.92705e-18    
1.80747e+06    5.66515e-18    
1.83822e+06    5.41483e-18    
1.86949e+06    5.17558e-18    
1.90130e+06    4.94691e-18    
1.93365e+06    4.72835e-18    
1.96654e+06    4.51945e-18    
2.00000e+06    4.31979e-18    

