# USINE V4.0
# File generated 13-05-2022 10:50:20
# Model1DKisoVc
# C
# SolMod0DFF_phi0_370GV
# R [GV]       TOA [GV m^{2} s sr]^{-1}
1.00751e-01    6.60379e-03    
1.02460e-01    6.93882e-03    
1.04198e-01    7.29072e-03    
1.05965e-01    7.66035e-03    
1.07763e-01    8.04856e-03    
1.09591e-01    8.45631e-03    
1.11450e-01    8.88454e-03    
1.13340e-01    9.33429e-03    
1.15263e-01    9.80663e-03    
1.17218e-01    1.03027e-02    
1.19206e-01    1.08236e-02    
1.21228e-01    1.13706e-02    
1.23285e-01    1.19450e-02    
1.25376e-01    1.25482e-02    
1.27503e-01    1.31816e-02    
1.29666e-01    1.38467e-02    
1.31865e-01    1.45449e-02    
1.34102e-01    1.52781e-02    
1.36377e-01    1.60479e-02    
1.38690e-01    1.68560e-02    
1.41043e-01    1.77045e-02    
1.43435e-01    1.85952e-02    
1.45868e-01    1.95302e-02    
1.48343e-01    2.05118e-02    
1.50859e-01    2.15421e-02    
1.53418e-01    2.26236e-02    
1.56020e-01    2.37588e-02    
1.58667e-01    2.49503e-02    
1.61358e-01    2.62009e-02    
1.64095e-01    2.75134e-02    
1.66879e-01    2.88908e-02    
1.69710e-01    3.03363e-02    
1.72588e-01    3.18532e-02    
1.75516e-01    3.34450e-02    
1.78493e-01    3.51153e-02    
1.81521e-01    3.68678e-02    
1.84600e-01    3.87067e-02    
1.87731e-01    4.06359e-02    
1.90916e-01    4.26599e-02    
1.94154e-01    4.47833e-02    
1.97448e-01    4.70108e-02    
2.00797e-01    4.93474e-02    
2.04203e-01    5.17971e-02    
2.07667e-01    5.43649e-02    
2.11190e-01    5.70560e-02    
2.14772e-01    5.98760e-02    
2.18415e-01    6.28308e-02    
2.22120e-01    6.59264e-02    
2.25888e-01    6.91691e-02    
2.29720e-01    7.25654e-02    
2.33616e-01    7.61221e-02    
2.37579e-01    7.98463e-02    
2.41609e-01    8.37451e-02    
2.45707e-01    8.78263e-02    
2.49875e-01    9.20977e-02    
2.54114e-01    9.65674e-02    
2.58424e-01    1.01244e-01    
2.62808e-01    1.06136e-01    
2.67266e-01    1.11252e-01    
2.71800e-01    1.16602e-01    
2.76410e-01    1.22195e-01    
2.81099e-01    1.28042e-01    
2.85867e-01    1.34152e-01    
2.90716e-01    1.40536e-01    
2.95647e-01    1.47205e-01    
3.00662e-01    1.54169e-01    
3.05763e-01    1.61442e-01    
3.10949e-01    1.69033e-01    
3.16224e-01    1.76956e-01    
3.21588e-01    1.85223e-01    
3.27043e-01    1.93846e-01    
3.32590e-01    2.02838e-01    
3.38232e-01    2.12212e-01    
3.43970e-01    2.21983e-01    
3.49804e-01    2.32163e-01    
3.55738e-01    2.42766e-01    
3.61772e-01    2.53808e-01    
3.67909e-01    2.65301e-01    
3.74150e-01    2.77261e-01    
3.80496e-01    2.89703e-01    
3.86951e-01    3.02640e-01    
3.93514e-01    3.16089e-01    
4.00190e-01    3.30063e-01    
4.06978e-01    3.44578e-01    
4.13881e-01    3.59649e-01    
4.20902e-01    3.75291e-01    
4.28042e-01    3.91518e-01    
4.35303e-01    4.08345e-01    
4.42686e-01    4.25786e-01    
4.50196e-01    4.43855e-01    
4.57832e-01    4.62567e-01    
4.65598e-01    4.81934e-01    
4.73496e-01    5.01970e-01    
4.81528e-01    5.22686e-01    
4.89696e-01    5.44094e-01    
4.98003e-01    5.66206e-01    
5.06450e-01    5.89031e-01    
5.15041e-01    6.12578e-01    
5.23778e-01    6.36858e-01    
5.32663e-01    6.61875e-01    
5.41698e-01    6.87637e-01    
5.50887e-01    7.14148e-01    
5.60231e-01    7.41413e-01    
5.69735e-01    7.69432e-01    
5.79399e-01    7.98207e-01    
5.89227e-01    8.27736e-01    
5.99222e-01    8.58016e-01    
6.09387e-01    8.89043e-01    
6.19724e-01    9.20809e-01    
6.30236e-01    9.53305e-01    
6.40926e-01    9.86521e-01    
6.51798e-01    1.02044e+00    
6.62855e-01    1.05505e+00    
6.74099e-01    1.09034e+00    
6.85533e-01    1.12627e+00    
6.97162e-01    1.16283e+00    
7.08988e-01    1.20000e+00    
7.21014e-01    1.23773e+00    
7.33245e-01    1.27600e+00    
7.45683e-01    1.31479e+00    
7.58331e-01    1.35403e+00    
7.71195e-01    1.39371e+00    
7.84277e-01    1.43377e+00    
7.97580e-01    1.47417e+00    
8.11109e-01    1.51486e+00    
8.24868e-01    1.55579e+00    
8.38860e-01    1.59690e+00    
8.53090e-01    1.63814e+00    
8.67560e-01    1.67944e+00    
8.82277e-01    1.72076e+00    
8.97243e-01    1.76201e+00    
9.12462e-01    1.80314e+00    
9.27940e-01    1.84408e+00    
9.43681e-01    1.88476e+00    
9.59688e-01    1.92510e+00    
9.75967e-01    1.96504e+00    
9.92523e-01    2.00450e+00    
1.00936e+00    2.04340e+00    
1.02648e+00    2.08168e+00    
1.04389e+00    2.11925e+00    
1.06160e+00    2.15604e+00    
1.07961e+00    2.19197e+00    
1.09792e+00    2.22697e+00    
1.11654e+00    2.26097e+00    
1.13548e+00    2.29390e+00    
1.15475e+00    2.32568e+00    
1.17433e+00    2.35624e+00    
1.19425e+00    2.38551e+00    
1.21451e+00    2.41344e+00    
1.23511e+00    2.43997e+00    
1.25606e+00    2.46502e+00    
1.27737e+00    2.48855e+00    
1.29904e+00    2.51051e+00    
1.32107e+00    2.53084e+00    
1.34348e+00    2.54951e+00    
1.36627e+00    2.56647e+00    
1.38945e+00    2.58168e+00    
1.41302e+00    2.59512e+00    
1.43699e+00    2.60675e+00    
1.46136e+00    2.61655e+00    
1.48615e+00    2.62451e+00    
1.51136e+00    2.63061e+00    
1.53700e+00    2.63484e+00    
1.56307e+00    2.63721e+00    
1.58958e+00    2.63771e+00    
1.61655e+00    2.63637e+00    
1.64397e+00    2.63318e+00    
1.67185e+00    2.62817e+00    
1.70021e+00    2.62137e+00    
1.72905e+00    2.61279e+00    
1.75838e+00    2.60248e+00    
1.78821e+00    2.59047e+00    
1.81854e+00    2.57679e+00    
1.84939e+00    2.56148e+00    
1.88076e+00    2.54460e+00    
1.91266e+00    2.52619e+00    
1.94511e+00    2.50630e+00    
1.97810e+00    2.48499e+00    
2.01166e+00    2.46232e+00    
2.04578e+00    2.43836e+00    
2.08048e+00    2.41317e+00    
2.11577e+00    2.38683e+00    
2.15166e+00    2.35942e+00    
2.18816e+00    2.33101e+00    
2.22528e+00    2.30167e+00    
2.26303e+00    2.27150e+00    
2.30141e+00    2.24057e+00    
2.34045e+00    2.20894e+00    
2.38015e+00    2.17670e+00    
2.42053e+00    2.14391e+00    
2.46159e+00    2.11064e+00    
2.50334e+00    2.07693e+00    
2.54581e+00    2.04286e+00    
2.58899e+00    2.00847e+00    
2.63291e+00    1.97383e+00    
2.67757e+00    1.93899e+00    
2.72299e+00    1.90398e+00    
2.76918e+00    1.86888e+00    
2.81615e+00    1.83373e+00    
2.86392e+00    1.79858e+00    
2.91250e+00    1.76349e+00    
2.96190e+00    1.72849e+00    
3.01215e+00    1.69363e+00    
3.06324e+00    1.65895e+00    
3.11520e+00    1.62449e+00    
3.16805e+00    1.59028e+00    
3.22178e+00    1.55633e+00    
3.27644e+00    1.52267e+00    
3.33201e+00    1.48930e+00    
3.38853e+00    1.45624e+00    
3.44601e+00    1.42347e+00    
3.50447e+00    1.39097e+00    
3.56391e+00    1.35874e+00    
3.62437e+00    1.32674e+00    
3.68585e+00    1.29493e+00    
3.74837e+00    1.26327e+00    
3.81195e+00    1.23171e+00    
3.87661e+00    1.20020e+00    
3.94237e+00    1.16869e+00    
4.00925e+00    1.13718e+00    
4.07725e+00    1.10565e+00    
4.14642e+00    1.07413e+00    
4.21675e+00    1.04269e+00    
4.28828e+00    1.01140e+00    
4.36102e+00    9.80385e-01    
4.43500e+00    9.49732e-01    
4.51023e+00    9.19541e-01    
4.58673e+00    8.89892e-01    
4.66454e+00    8.60847e-01    
4.74366e+00    8.32454e-01    
4.82413e+00    8.04742e-01    
4.90596e+00    7.77732e-01    
4.98918e+00    7.51433e-01    
5.07381e+00    7.25846e-01    
5.15987e+00    7.00969e-01    
5.24740e+00    6.76795e-01    
5.33641e+00    6.53314e-01    
5.42693e+00    6.30514e-01    
5.51899e+00    6.08384e-01    
5.61260e+00    5.86908e-01    
5.70781e+00    5.66073e-01    
5.80463e+00    5.45864e-01    
5.90309e+00    5.26268e-01    
6.00323e+00    5.07269e-01    
6.10506e+00    4.88855e-01    
6.20862e+00    4.71011e-01    
6.31393e+00    4.53724e-01    
6.42104e+00    4.36981e-01    
6.52995e+00    4.20771e-01    
6.64072e+00    4.05080e-01    
6.75337e+00    3.89897e-01    
6.86792e+00    3.75210e-01    
6.98442e+00    3.61007e-01    
7.10290e+00    3.47277e-01    
7.22338e+00    3.34009e-01    
7.34591e+00    3.21191e-01    
7.47052e+00    3.08811e-01    
7.59724e+00    2.96860e-01    
7.72611e+00    2.85324e-01    
7.85717e+00    2.74195e-01    
7.99045e+00    2.63460e-01    
8.12599e+00    2.53109e-01    
8.26383e+00    2.43131e-01    
8.40401e+00    2.33516e-01    
8.54656e+00    2.24253e-01    
8.69154e+00    2.15331e-01    
8.83897e+00    2.06741e-01    
8.98891e+00    1.98472e-01    
9.14138e+00    1.90514e-01    
9.29645e+00    1.82857e-01    
9.45414e+00    1.75492e-01    
9.61451e+00    1.68409e-01    
9.77760e+00    1.61599e-01    
9.94346e+00    1.55052e-01    
1.01121e+01    1.48758e-01    
1.02837e+01    1.42709e-01    
1.04581e+01    1.36897e-01    
1.06355e+01    1.31312e-01    
1.08159e+01    1.25945e-01    
1.09994e+01    1.20790e-01    
1.11860e+01    1.15838e-01    
1.13757e+01    1.11081e-01    
1.15687e+01    1.06512e-01    
1.17649e+01    1.02125e-01    
1.19645e+01    9.79115e-02    
1.21674e+01    9.38659e-02    
1.23738e+01    8.99815e-02    
1.25837e+01    8.62524e-02    
1.27972e+01    8.26727e-02    
1.30142e+01    7.92366e-02    
1.32350e+01    7.59387e-02    
1.34595e+01    7.27737e-02    
1.36878e+01    6.97364e-02    
1.39200e+01    6.68219e-02    
1.41561e+01    6.40255e-02    
1.43962e+01    6.13424e-02    
1.46404e+01    5.87682e-02    
1.48888e+01    5.62988e-02    
1.51413e+01    5.39301e-02    
1.53982e+01    5.16580e-02    
1.56594e+01    4.94789e-02    
1.59250e+01    4.73890e-02    
1.61951e+01    4.53849e-02    
1.64699e+01    4.34631e-02    
1.67492e+01    4.16205e-02    
1.70334e+01    3.98539e-02    
1.73223e+01    3.81603e-02    
1.76161e+01    3.65367e-02    
1.79149e+01    3.49805e-02    
1.82188e+01    3.34888e-02    
1.85279e+01    3.20592e-02    
1.88422e+01    3.06891e-02    
1.91618e+01    2.93761e-02    
1.94868e+01    2.81180e-02    
1.98174e+01    2.69125e-02    
2.01535e+01    2.57575e-02    
2.04954e+01    2.46509e-02    
2.08430e+01    2.35909e-02    
2.11966e+01    2.25754e-02    
2.15562e+01    2.16026e-02    
2.19218e+01    2.06709e-02    
2.22937e+01    1.97786e-02    
2.26718e+01    1.89239e-02    
2.30564e+01    1.81055e-02    
2.34475e+01    1.73217e-02    
2.38452e+01    1.65712e-02    
2.42497e+01    1.58526e-02    
2.46611e+01    1.51645e-02    
2.50794e+01    1.45057e-02    
2.55048e+01    1.38750e-02    
2.59375e+01    1.32712e-02    
2.63774e+01    1.26932e-02    
2.68249e+01    1.21400e-02    
2.72799e+01    1.16104e-02    
2.77426e+01    1.11035e-02    
2.82132e+01    1.06184e-02    
2.86918e+01    1.01541e-02    
2.91785e+01    9.70975e-03    
2.96734e+01    9.28453e-03    
3.01768e+01    8.87764e-03    
3.06887e+01    8.48828e-03    
3.12092e+01    8.11574e-03    
3.17386e+01    7.75928e-03    
3.22770e+01    7.41824e-03    
3.28245e+01    7.09197e-03    
3.33813e+01    6.77982e-03    
3.39476e+01    6.48121e-03    
3.45234e+01    6.19556e-03    
3.51090e+01    5.92232e-03    
3.57046e+01    5.66096e-03    
3.63102e+01    5.41096e-03    
3.69262e+01    5.17186e-03    
3.75525e+01    4.94317e-03    
3.81895e+01    4.72446e-03    
3.88373e+01    4.51530e-03    
3.94961e+01    4.31528e-03    
4.01661e+01    4.12400e-03    
4.08474e+01    3.94109e-03    
4.15403e+01    3.76619e-03    
4.22450e+01    3.59895e-03    
4.29615e+01    3.43905e-03    
4.36903e+01    3.28617e-03    
4.44314e+01    3.14000e-03    
4.51851e+01    3.00026e-03    
4.59516e+01    2.86666e-03    
4.67310e+01    2.73894e-03    
4.75237e+01    2.61685e-03    
4.83299e+01    2.50013e-03    
4.91497e+01    2.38857e-03    
4.99834e+01    2.28193e-03    
5.08312e+01    2.18000e-03    
5.16935e+01    2.08257e-03    
5.25704e+01    1.98945e-03    
5.34621e+01    1.90045e-03    
5.43690e+01    1.81539e-03    
5.52912e+01    1.73410e-03    
5.62291e+01    1.65642e-03    
5.71829e+01    1.58218e-03    
5.81529e+01    1.51123e-03    
5.91393e+01    1.44343e-03    
6.01425e+01    1.37865e-03    
6.11627e+01    1.31675e-03    
6.22002e+01    1.25760e-03    
6.32553e+01    1.20108e-03    
6.43283e+01    1.14708e-03    
6.54195e+01    1.09549e-03    
6.65292e+01    1.04620e-03    
6.76577e+01    9.99105e-04    
6.88054e+01    9.54113e-04    
6.99725e+01    9.11130e-04    
7.11594e+01    8.70068e-04    
7.23665e+01    8.30841e-04    
7.35940e+01    7.93369e-04    
7.48424e+01    7.57573e-04    
7.61119e+01    7.23380e-04    
7.74030e+01    6.90719e-04    
7.87160e+01    6.59521e-04    
8.00512e+01    6.29722e-04    
8.14091e+01    6.01260e-04    
8.27901e+01    5.74075e-04    
8.41944e+01    5.48111e-04    
8.56226e+01    5.23313e-04    
8.70750e+01    4.99630e-04    
8.85521e+01    4.77012e-04    
9.00541e+01    4.55411e-04    
9.15817e+01    4.34782e-04    
9.31352e+01    4.15082e-04    
9.47150e+01    3.96270e-04    
9.63217e+01    3.78306e-04    
9.79556e+01    3.61151e-04    
9.96172e+01    3.44770e-04    
1.01307e+02    3.29129e-04    
1.03025e+02    3.14194e-04    
1.04773e+02    2.99933e-04    
1.06550e+02    2.86317e-04    
1.08358e+02    2.73316e-04    
1.10196e+02    2.60904e-04    
1.12065e+02    2.49053e-04    
1.13966e+02    2.37738e-04    
1.15899e+02    2.26936e-04    
1.17865e+02    2.16624e-04    
1.19864e+02    2.06779e-04    
1.21898e+02    1.97380e-04    
1.23965e+02    1.88408e-04    
1.26068e+02    1.79844e-04    
1.28207e+02    1.71668e-04    
1.30381e+02    1.63863e-04    
1.32593e+02    1.56414e-04    
1.34842e+02    1.49303e-04    
1.37129e+02    1.42516e-04    
1.39456e+02    1.36037e-04    
1.41821e+02    1.29854e-04    
1.44227e+02    1.23952e-04    
1.46673e+02    1.18320e-04    
1.49161e+02    1.12944e-04    
1.51692e+02    1.07814e-04    
1.54265e+02    1.02917e-04    
1.56881e+02    9.82447e-05    
1.59543e+02    9.37856e-05    
1.62249e+02    8.95302e-05    
1.65001e+02    8.54694e-05    
1.67800e+02    8.15944e-05    
1.70646e+02    7.78967e-05    
1.73541e+02    7.43682e-05    
1.76485e+02    7.10014e-05    
1.79478e+02    6.77888e-05    
1.82523e+02    6.47234e-05    
1.85619e+02    6.17985e-05    
1.88768e+02    5.90077e-05    
1.91970e+02    5.63449e-05    
1.95226e+02    5.38041e-05    
1.98538e+02    5.13799e-05    
2.01905e+02    4.90668e-05    
2.05330e+02    4.68598e-05    
2.08813e+02    4.47540e-05    
2.12355e+02    4.27447e-05    
2.15957e+02    4.08274e-05    
2.19621e+02    3.89980e-05    
2.23346e+02    3.72523e-05    
2.27135e+02    3.55865e-05    
2.30988e+02    3.39969e-05    
2.34906e+02    3.24798e-05    
2.38890e+02    3.10321e-05    
2.42943e+02    2.96503e-05    
2.47064e+02    2.83316e-05    
2.51255e+02    2.70728e-05    
2.55517e+02    2.58712e-05    
2.59851e+02    2.47243e-05    
2.64259e+02    2.36293e-05    
2.68741e+02    2.25839e-05    
2.73300e+02    2.15857e-05    
2.77936e+02    2.06326e-05    
2.82650e+02    1.97225e-05    
2.87445e+02    1.88534e-05    
2.92321e+02    1.80233e-05    
2.97279e+02    1.72305e-05    
3.02322e+02    1.64732e-05    
3.07450e+02    1.57498e-05    
3.12666e+02    1.50587e-05    
3.17969e+02    1.43984e-05    
3.23363e+02    1.37675e-05    
3.28848e+02    1.31647e-05    
3.34426e+02    1.25886e-05    
3.40099e+02    1.20381e-05    
3.45868e+02    1.15120e-05    
3.51735e+02    1.10091e-05    
3.57702e+02    1.05284e-05    
3.63769e+02    1.00690e-05    
3.69940e+02    9.62981e-06    
3.76215e+02    9.20994e-06    
3.82597e+02    8.80855e-06    
3.89087e+02    8.42478e-06    
3.95687e+02    8.05787e-06    
4.02399e+02    7.70704e-06    
4.09224e+02    7.37158e-06    
4.16166e+02    7.05081e-06    
4.23225e+02    6.74408e-06    
4.30404e+02    6.45076e-06    
4.37705e+02    6.17025e-06    
4.45130e+02    5.90199e-06    
4.52681e+02    5.64544e-06    
4.60360e+02    5.40008e-06    
4.68169e+02    5.16542e-06    
4.76110e+02    4.94098e-06    
4.84186e+02    4.72632e-06    
4.92399e+02    4.52101e-06    
5.00752e+02    4.32463e-06    
5.09246e+02    4.13680e-06    
5.17884e+02    3.95714e-06    
5.26669e+02    3.78529e-06    
5.35603e+02    3.62092e-06    
5.44688e+02    3.46369e-06    
5.53928e+02    3.31329e-06    
5.63324e+02    3.16943e-06    
5.72879e+02    3.03182e-06    
5.82597e+02    2.90019e-06    
5.92480e+02    2.77427e-06    
6.02530e+02    2.65382e-06    
6.12750e+02    2.53860e-06    
6.23144e+02    2.42839e-06    
6.33715e+02    2.32296e-06    
6.44464e+02    2.22210e-06    
6.55396e+02    2.12562e-06    
6.66514e+02    2.03334e-06    
6.77820e+02    1.94505e-06    
6.89317e+02    1.86060e-06    
7.01010e+02    1.77981e-06    
7.12901e+02    1.70253e-06    
7.24994e+02    1.62860e-06    
7.37292e+02    1.55789e-06    
7.49799e+02    1.49024e-06    
7.62517e+02    1.42552e-06    
7.75452e+02    1.36362e-06    
7.88606e+02    1.30440e-06    
8.01983e+02    1.24775e-06    
8.15587e+02    1.19356e-06    
8.29421e+02    1.14172e-06    
8.43491e+02    1.09213e-06    
8.57799e+02    1.04469e-06    
8.72349e+02    9.99311e-07    
8.87147e+02    9.55902e-07    
9.02195e+02    9.14377e-07    
9.17499e+02    8.74654e-07    
9.33063e+02    8.36656e-07    
9.48890e+02    8.00306e-07    
9.64986e+02    7.65535e-07    
9.81355e+02    7.32273e-07    
9.98001e+02    7.00455e-07    
1.01493e+03    6.70019e-07    
1.03215e+03    6.40903e-07    
1.04965e+03    6.13052e-07    
1.06746e+03    5.86410e-07    
1.08557e+03    5.60925e-07    
1.10398e+03    5.36546e-07    
1.12271e+03    5.13226e-07    
1.14175e+03    4.90919e-07    
1.16112e+03    4.69580e-07    
1.18082e+03    4.49168e-07    
1.20085e+03    4.29643e-07    
1.22122e+03    4.10965e-07    
1.24193e+03    3.93099e-07    
1.26300e+03    3.76009e-07    
1.28442e+03    3.59661e-07    
1.30621e+03    3.44024e-07    
1.32837e+03    3.29065e-07    
1.35090e+03    3.14757e-07    
1.37381e+03    3.01070e-07    
1.39712e+03    2.87978e-07    
1.42082e+03    2.75454e-07    
1.44492e+03    2.63475e-07    
1.46943e+03    2.52016e-07    
1.49435e+03    2.41055e-07    
1.51970e+03    2.30571e-07    
1.54548e+03    2.20542e-07    
1.57170e+03    2.10949e-07    
1.59836e+03    2.01773e-07    
1.62547e+03    1.92996e-07    
1.65304e+03    1.84600e-07    
1.68108e+03    1.76569e-07    
1.70960e+03    1.68888e-07    
1.73860e+03    1.61540e-07    
1.76809e+03    1.54511e-07    
1.79808e+03    1.47789e-07    
1.82858e+03    1.41358e-07    
1.85960e+03    1.35207e-07    
1.89114e+03    1.29324e-07    
1.92322e+03    1.23696e-07    
1.95585e+03    1.18313e-07    
1.98902e+03    1.13164e-07    
2.02276e+03    1.08239e-07    
2.05707e+03    1.03528e-07    
2.09197e+03    9.90224e-08    
2.12745e+03    9.47124e-08    
2.16354e+03    9.05899e-08    
2.20024e+03    8.66467e-08    
2.23756e+03    8.28750e-08    
2.27552e+03    7.92673e-08    
2.31412e+03    7.58166e-08    
2.35337e+03    7.25161e-08    
2.39329e+03    6.93591e-08    
2.43389e+03    6.63394e-08    
2.47517e+03    6.34511e-08    
2.51716e+03    6.06885e-08    
2.55986e+03    5.80460e-08    
2.60328e+03    5.55186e-08    
2.64744e+03    5.31011e-08    
2.69235e+03    5.07888e-08    
2.73802e+03    4.85772e-08    
2.78446e+03    4.64618e-08    
2.83170e+03    4.44384e-08    
2.87973e+03    4.25031e-08    
2.92858e+03    4.06520e-08    
2.97825e+03    3.88815e-08    
3.02877e+03    3.71881e-08    
3.08015e+03    3.55683e-08    
3.13240e+03    3.40191e-08    
3.18553e+03    3.25373e-08    
3.23957e+03    3.11200e-08    
3.29452e+03    2.97644e-08    
3.35041e+03    2.84678e-08    
3.40724e+03    2.72277e-08    
3.46503e+03    2.60415e-08    
3.52381e+03    2.49070e-08    
3.58359e+03    2.38219e-08    
3.64437e+03    2.27840e-08    
3.70619e+03    2.17914e-08    
3.76906e+03    2.08419e-08    
3.83299e+03    1.99338e-08    
3.89801e+03    1.90652e-08    
3.96413e+03    1.82345e-08    
4.03138e+03    1.74399e-08    
4.09976e+03    1.66800e-08    
4.16930e+03    1.59531e-08    
4.24003e+03    1.52579e-08    
4.31195e+03    1.45930e-08    
4.38509e+03    1.39570e-08    
4.45948e+03    1.33487e-08    
4.53512e+03    1.27670e-08    
4.61205e+03    1.22105e-08    
4.69028e+03    1.16783e-08    
4.76984e+03    1.11693e-08    
4.85075e+03    1.06825e-08    
4.93304e+03    1.02169e-08    
5.01672e+03    9.77153e-09    
5.10181e+03    9.34558e-09    
5.18835e+03    8.93820e-09    
5.27636e+03    8.54857e-09    
5.36587e+03    8.17591e-09    
5.45689e+03    7.81948e-09    
5.54945e+03    7.47859e-09    
5.64359e+03    7.15256e-09    
5.73932e+03    6.84072e-09    
5.83667e+03    6.54248e-09    
5.93568e+03    6.25724e-09    
6.03636e+03    5.98442e-09    
6.13876e+03    5.72349e-09    
6.24289e+03    5.47394e-09    
6.34879e+03    5.23526e-09    
6.45648e+03    5.00698e-09    
6.56600e+03    4.78865e-09    
6.67738e+03    4.57984e-09    
6.79065e+03    4.38013e-09    
6.90583e+03    4.18912e-09    
7.02298e+03    4.00644e-09    
7.14211e+03    3.83172e-09    
7.26326e+03    3.66462e-09    
7.38646e+03    3.50480e-09    
7.51176e+03    3.35195e-09    
7.63918e+03    3.20576e-09    
7.76876e+03    3.06594e-09    
7.90054e+03    2.93222e-09    
8.03456e+03    2.80433e-09    
8.17085e+03    2.68202e-09    
8.30945e+03    2.56503e-09    
8.45040e+03    2.45315e-09    
8.59374e+03    2.34615e-09    
8.73952e+03    2.24381e-09    
8.88776e+03    2.14593e-09    
9.03852e+03    2.05232e-09    
9.19184e+03    1.96280e-09    
9.34776e+03    1.87717e-09    
9.50633e+03    1.79528e-09    
9.66758e+03    1.71696e-09    
9.83157e+03    1.64206e-09    
9.99834e+03    1.57042e-09    
1.01679e+04    1.50191e-09    
1.03404e+04    1.43639e-09    
1.05158e+04    1.37372e-09    
1.06942e+04    1.31378e-09    
1.08756e+04    1.25646e-09    
1.10601e+04    1.20164e-09    
1.12477e+04    1.14921e-09    
1.14385e+04    1.09907e-09    
1.16325e+04    1.05111e-09    
1.18298e+04    1.00525e-09    
1.20305e+04    9.61386e-10    
1.22346e+04    9.19436e-10    
1.24421e+04    8.79316e-10    
1.26532e+04    8.40945e-10    
1.28678e+04    8.04248e-10    
1.30861e+04    7.69152e-10    
1.33081e+04    7.35587e-10    
1.35338e+04    7.03487e-10    
1.37634e+04    6.72786e-10    
1.39968e+04    6.43425e-10    
1.42343e+04    6.15345e-10    
1.44757e+04    5.88490e-10    
1.47213e+04    5.62807e-10    
1.49710e+04    5.38244e-10    
1.52249e+04    5.14753e-10    
1.54832e+04    4.92286e-10    
1.57458e+04    4.70800e-10    
1.60129e+04    4.50251e-10    
1.62845e+04    4.30599e-10    
1.65608e+04    4.11805e-10    
1.68417e+04    3.93830e-10    
1.71274e+04    3.76640e-10    
1.74179e+04    3.60200e-10    
1.77134e+04    3.44477e-10    
1.80138e+04    3.29440e-10    
1.83194e+04    3.15060e-10    
1.86301e+04    3.01307e-10    
1.89462e+04    2.88154e-10    
1.92675e+04    2.75575e-10    
1.95944e+04    2.63545e-10    
1.99268e+04    2.52041e-10    
2.02648e+04    2.41038e-10    
2.06085e+04    2.30515e-10    
2.09581e+04    2.20452e-10    
2.13136e+04    2.10828e-10    
2.16751e+04    2.01623e-10    
2.20428e+04    1.92821e-10    
2.24167e+04    1.84403e-10    
2.27970e+04    1.76352e-10    
2.31837e+04    1.68652e-10    
2.35769e+04    1.61289e-10    
2.39769e+04    1.54247e-10    
2.43836e+04    1.47513e-10    
2.47972e+04    1.41072e-10    
2.52178e+04    1.34912e-10    
2.56456e+04    1.29022e-10    
2.60806e+04    1.23388e-10    
2.65230e+04    1.18001e-10    
2.69729e+04    1.12848e-10    
2.74305e+04    1.07921e-10    
2.78958e+04    1.03208e-10    
2.83690e+04    9.87016e-11    
2.88502e+04    9.43916e-11    
2.93396e+04    9.02698e-11    
2.98372e+04    8.63280e-11    
3.03434e+04    8.25582e-11    
3.08581e+04    7.89530e-11    
3.13815e+04    7.55052e-11    
3.19138e+04    7.22080e-11    
3.24552e+04    6.90546e-11    
3.30057e+04    6.60390e-11    
3.35656e+04    6.31550e-11    
3.41350e+04    6.03969e-11    
3.47140e+04    5.77593e-11    
3.53028e+04    5.52368e-11    
3.59017e+04    5.28244e-11    
3.65107e+04    5.05174e-11    
3.71300e+04    4.83111e-11    
3.77598e+04    4.62012e-11    
3.84003e+04    4.41834e-11    
3.90517e+04    4.22536e-11    
3.97141e+04    4.04082e-11    
4.03878e+04    3.86433e-11    
4.10729e+04    3.69555e-11    
4.17696e+04    3.53414e-11    
4.24781e+04    3.37978e-11    
4.31987e+04    3.23216e-11    
4.39315e+04    3.09098e-11    
4.46767e+04    2.95597e-11    
4.54345e+04    2.82686e-11    
4.62052e+04    2.70338e-11    
4.69890e+04    2.58530e-11    
4.77860e+04    2.47237e-11    
4.85966e+04    2.36437e-11    
4.94210e+04    2.26109e-11    
5.02593e+04    2.16232e-11    
5.11118e+04    2.06787e-11    
5.19788e+04    1.97754e-11    
5.28605e+04    1.89115e-11    
5.37572e+04    1.80854e-11    
5.46691e+04    1.72954e-11    
5.55964e+04    1.65398e-11    
5.65395e+04    1.58173e-11    
5.74986e+04    1.51263e-11    
5.84739e+04    1.44655e-11    
5.94658e+04    1.38336e-11    
6.04745e+04    1.32293e-11    
6.15003e+04    1.26513e-11    
6.25435e+04    1.20986e-11    
6.36045e+04    1.15701e-11    
6.46834e+04    1.10646e-11    
6.57806e+04    1.05812e-11    
6.68964e+04    1.01189e-11    
6.80312e+04    9.67683e-12    
6.91852e+04    9.25405e-12    
7.03587e+04    8.84975e-12    
7.15522e+04    8.46310e-12    
7.27660e+04    8.09334e-12    
7.40003e+04    7.73974e-12    
7.52555e+04    7.40158e-12    
7.65321e+04    7.07819e-12    
7.78303e+04    6.76893e-12    
7.91505e+04    6.47318e-12    
8.04931e+04    6.19035e-12    
8.18585e+04    5.91988e-12    
8.32471e+04    5.66122e-12    
8.46592e+04    5.41386e-12    
8.60952e+04    5.17731e-12    
8.75557e+04    4.95109e-12    
8.90409e+04    4.73475e-12    
9.05512e+04    4.52787e-12    
9.20872e+04    4.33002e-12    
9.36493e+04    4.14082e-12    
9.52379e+04    3.95988e-12    
9.68534e+04    3.78685e-12    
9.84963e+04    3.62137e-12    
1.00167e+05    3.46313e-12    
1.01866e+05    3.31180e-12    
1.03594e+05    3.16708e-12    
1.05351e+05    3.02869e-12    
1.07138e+05    2.89634e-12    
1.08956e+05    2.76977e-12    
1.10804e+05    2.64873e-12    
1.12684e+05    2.53299e-12    
1.14595e+05    2.42230e-12    
1.16539e+05    2.31644e-12    
1.18516e+05    2.21521e-12    
1.20526e+05    2.11841e-12    
1.22571e+05    2.02583e-12    
1.24650e+05    1.93730e-12    
1.26764e+05    1.85264e-12    
1.28914e+05    1.77167e-12    
1.31101e+05    1.69425e-12    
1.33325e+05    1.62020e-12    
1.35587e+05    1.54940e-12    
1.37886e+05    1.48168e-12    
1.40225e+05    1.41693e-12    
1.42604e+05    1.35500e-12    
1.45023e+05    1.29579e-12    
1.47483e+05    1.23915e-12    
1.49985e+05    1.18500e-12    
1.52529e+05    1.13321e-12    
1.55116e+05    1.08368e-12    
1.57747e+05    1.03632e-12    
1.60423e+05    9.91025e-13    
1.63145e+05    9.47711e-13    
1.65912e+05    9.06291e-13    
1.68726e+05    8.66680e-13    
1.71588e+05    8.28800e-13    
1.74499e+05    7.92576e-13    
1.77459e+05    7.57934e-13    
1.80469e+05    7.24807e-13    
1.83530e+05    6.93127e-13    
1.86644e+05    6.62832e-13    
1.89810e+05    6.33861e-13    
1.93029e+05    6.06156e-13    
1.96304e+05    5.79661e-13    
1.99634e+05    5.54325e-13    
2.03020e+05    5.30096e-13    
2.06464e+05    5.06925e-13    
2.09966e+05    4.84768e-13    
2.13528e+05    4.63578e-13    
2.17150e+05    4.43315e-13    
2.20833e+05    4.23938e-13    
2.24579e+05    4.05407e-13    
2.28388e+05    3.87686e-13    
2.32263e+05    3.70740e-13    
2.36202e+05    3.54534e-13    
2.40209e+05    3.39037e-13    
2.44284e+05    3.24217e-13    
2.48427e+05    3.10044e-13    
2.52642e+05    2.96492e-13    
2.56927e+05    2.83531e-13    
2.61285e+05    2.71137e-13    
2.65717e+05    2.59285e-13    
2.70225e+05    2.47951e-13    
2.74808e+05    2.37112e-13    
2.79470e+05    2.26747e-13    
2.84211e+05    2.16834e-13    
2.89032e+05    2.07356e-13    
2.93934e+05    1.98291e-13    
2.98920e+05    1.89623e-13    
3.03991e+05    1.81333e-13    
3.09148e+05    1.73406e-13    
3.14392e+05    1.65826e-13    
3.19725e+05    1.58577e-13    
3.25148e+05    1.51644e-13    
3.30663e+05    1.45015e-13    
3.36272e+05    1.38675e-13    
3.41977e+05    1.32613e-13    
3.47777e+05    1.26816e-13    
3.53677e+05    1.21271e-13    
3.59676e+05    1.15970e-13    
3.65777e+05    1.10900e-13    
3.71982e+05    1.06052e-13    
3.78292e+05    1.01415e-13    
3.84709e+05    9.69815e-14    
3.91234e+05    9.27416e-14    
3.97871e+05    8.86871e-14    
4.04620e+05    8.48098e-14    
4.11483e+05    8.11020e-14    
4.18463e+05    7.75563e-14    
4.25562e+05    7.41656e-14    
4.32780e+05    7.09231e-14    
4.40121e+05    6.78223e-14    
4.47587e+05    6.48571e-14    
4.55180e+05    6.20215e-14    
4.62901e+05    5.93099e-14    
4.70753e+05    5.67169e-14    
4.78738e+05    5.42371e-14    
4.86859e+05    5.18658e-14    
4.95117e+05    4.95982e-14    
5.03516e+05    4.74297e-14    
5.12057e+05    4.53560e-14    
5.20743e+05    4.33729e-14    
5.29576e+05    4.14766e-14    
5.38559e+05    3.96631e-14    
5.47695e+05    3.79290e-14    
5.56985e+05    3.62706e-14    
5.66433e+05    3.46848e-14    
5.76042e+05    3.31683e-14    
5.85813e+05    3.17180e-14    
5.95750e+05    3.03312e-14    
6.05856e+05    2.90050e-14    
6.16133e+05    2.77368e-14    
6.26584e+05    2.65241e-14    
6.37213e+05    2.53643e-14    
6.48022e+05    2.42553e-14    
6.59014e+05    2.31947e-14    
6.70193e+05    2.21806e-14    
6.81561e+05    2.12107e-14    
6.93122e+05    2.02833e-14    
7.04880e+05    1.93964e-14    
7.16836e+05    1.85483e-14    
7.28996e+05    1.77373e-14    
7.41362e+05    1.69617e-14    
7.53938e+05    1.62200e-14    
7.66726e+05    1.55108e-14    
7.79732e+05    1.48326e-14    
7.92959e+05    1.41840e-14    
8.06410e+05    1.35638e-14    
8.20089e+05    1.29707e-14    
8.34000e+05    1.24035e-14    
8.48147e+05    1.18611e-14    
8.62534e+05    1.13425e-14    
8.77165e+05    1.08465e-14    
8.92044e+05    1.03722e-14    
9.07176e+05    9.91867e-15    
9.22564e+05    9.48495e-15    
9.38213e+05    9.07019e-15    
9.54128e+05    8.67357e-15    
9.70313e+05    8.29429e-15    
9.86772e+05    7.93160e-15    
1.00351e+06    7.58476e-15    
1.02053e+06    7.25309e-15    
1.03784e+06    6.93592e-15    
1.05545e+06    6.63262e-15    
1.07335e+06    6.34258e-15    
1.09156e+06    6.06522e-15    
1.11008e+06    5.80000e-15    
1.12891e+06    5.54636e-15    
1.14805e+06    5.30382e-15    
1.16753e+06    5.07189e-15    
1.18733e+06    4.85010e-15    
1.20747e+06    4.63800e-15    
1.22796e+06    4.43518e-15    
1.24879e+06    4.24123e-15    
1.26997e+06    4.05576e-15    
1.29151e+06    3.87839e-15    
1.31342e+06    3.70879e-15    
1.33570e+06    3.54660e-15    
1.35836e+06    3.39150e-15    
1.38140e+06    3.24319e-15    
1.40483e+06    3.10136e-15    
1.42866e+06    2.96573e-15    
1.45289e+06    2.83604e-15    
1.47754e+06    2.71201e-15    
1.50260e+06    2.59341e-15    
1.52809e+06    2.47999e-15    
1.55401e+06    2.37154e-15    
1.58037e+06    2.26783e-15    
1.60718e+06    2.16865e-15    
1.63444e+06    2.07381e-15    
1.66217e+06    1.98311e-15    
1.69036e+06    1.89639e-15    
1.71903e+06    1.81345e-15    
1.74819e+06    1.73415e-15    
1.77785e+06    1.65831e-15    
1.80801e+06    1.58578e-15    
1.83867e+06    1.51643e-15    
1.86986e+06    1.45011e-15    
1.90158e+06    1.38669e-15    
1.93384e+06    1.32605e-15    
1.96664e+06    1.26805e-15    
2.00000e+06    1.21260e-15    

