# USINE V4.0
# File generated 13-05-2022 10:51:08
# Model1DKisoVc
# CL
# SolMod0DFF_phi0_370GV
# R [GV]       TOA [GV m^{2} s sr]^{-1}
9.39235e-02    9.85030e-06    
9.55262e-02    1.03586e-05    
9.71562e-02    1.08931e-05    
9.88141e-02    1.14551e-05    
1.00500e-01    1.20460e-05    
1.02215e-01    1.26672e-05    
1.03959e-01    1.33204e-05    
1.05733e-01    1.40071e-05    
1.07537e-01    1.47290e-05    
1.09372e-01    1.54881e-05    
1.11239e-01    1.62861e-05    
1.13137e-01    1.71251e-05    
1.15067e-01    1.80071e-05    
1.17031e-01    1.89343e-05    
1.19028e-01    1.99091e-05    
1.21059e-01    2.09339e-05    
1.23125e-01    2.20112e-05    
1.25226e-01    2.31436e-05    
1.27363e-01    2.43341e-05    
1.29536e-01    2.55855e-05    
1.31746e-01    2.69010e-05    
1.33994e-01    2.82837e-05    
1.36281e-01    2.97372e-05    
1.38606e-01    3.12650e-05    
1.40971e-01    3.28709e-05    
1.43377e-01    3.45588e-05    
1.45823e-01    3.63330e-05    
1.48312e-01    3.81977e-05    
1.50842e-01    4.01576e-05    
1.53416e-01    4.22175e-05    
1.56034e-01    4.43824e-05    
1.58697e-01    4.66576e-05    
1.61405e-01    4.90488e-05    
1.64159e-01    5.15618e-05    
1.66960e-01    5.42028e-05    
1.69809e-01    5.69781e-05    
1.72707e-01    5.98945e-05    
1.75654e-01    6.29593e-05    
1.78651e-01    6.61798e-05    
1.81700e-01    6.95638e-05    
1.84800e-01    7.31196e-05    
1.87953e-01    7.68559e-05    
1.91161e-01    8.07816e-05    
1.94423e-01    8.49064e-05    
1.97740e-01    8.92401e-05    
2.01114e-01    9.37931e-05    
2.04546e-01    9.85754e-05    
2.08036e-01    1.03598e-04    
2.11586e-01    1.08873e-04    
2.15197e-01    1.14412e-04    
2.18869e-01    1.20228e-04    
2.22604e-01    1.26335e-04    
2.26402e-01    1.32746e-04    
2.30265e-01    1.39478e-04    
2.34195e-01    1.46544e-04    
2.38191e-01    1.53961e-04    
2.42255e-01    1.61746e-04    
2.46389e-01    1.69917e-04    
2.50593e-01    1.78492e-04    
2.54869e-01    1.87490e-04    
2.59218e-01    1.96931e-04    
2.63642e-01    2.06837e-04    
2.68140e-01    2.17229e-04    
2.72716e-01    2.28130e-04    
2.77369e-01    2.39563e-04    
2.82102e-01    2.51554e-04    
2.86916e-01    2.64129e-04    
2.91812e-01    2.77314e-04    
2.96791e-01    2.91138e-04    
3.01856e-01    3.05630e-04    
3.07007e-01    3.20821e-04    
3.12245e-01    3.36741e-04    
3.17573e-01    3.53425e-04    
3.22992e-01    3.70906e-04    
3.28504e-01    3.89221e-04    
3.34109e-01    4.08406e-04    
3.39811e-01    4.28499e-04    
3.45609e-01    4.49542e-04    
3.51507e-01    4.71574e-04    
3.57505e-01    4.94640e-04    
3.63605e-01    5.18784e-04    
3.69809e-01    5.44053e-04    
3.76120e-01    5.70493e-04    
3.82538e-01    5.98155e-04    
3.89065e-01    6.27090e-04    
3.95704e-01    6.57352e-04    
4.02456e-01    6.88994e-04    
4.09324e-01    7.22073e-04    
4.16309e-01    7.56647e-04    
4.23412e-01    7.92777e-04    
4.30637e-01    8.30523e-04    
4.37986e-01    8.69951e-04    
4.45459e-01    9.11124e-04    
4.53061e-01    9.54112e-04    
4.60792e-01    9.98981e-04    
4.68654e-01    1.04580e-03    
4.76651e-01    1.09465e-03    
4.84785e-01    1.14560e-03    
4.93057e-01    1.19873e-03    
5.01471e-01    1.25411e-03    
5.10028e-01    1.31182e-03    
5.18731e-01    1.37194e-03    
5.27582e-01    1.43455e-03    
5.36585e-01    1.49975e-03    
5.45741e-01    1.56760e-03    
5.55053e-01    1.63820e-03    
5.64524e-01    1.71163e-03    
5.74157e-01    1.78798e-03    
5.83955e-01    1.86733e-03    
5.93919e-01    1.94978e-03    
6.04054e-01    2.03541e-03    
6.14361e-01    2.12430e-03    
6.24844e-01    2.21655e-03    
6.35507e-01    2.31224e-03    
6.46351e-01    2.41146e-03    
6.57380e-01    2.51430e-03    
6.68597e-01    2.62082e-03    
6.80006e-01    2.73113e-03    
6.91610e-01    2.84530e-03    
7.03411e-01    2.96340e-03    
7.15414e-01    3.08550e-03    
7.27622e-01    3.21169e-03    
7.40038e-01    3.34203e-03    
7.52666e-01    3.47658e-03    
7.65509e-01    3.61539e-03    
7.78571e-01    3.75852e-03    
7.91857e-01    3.90603e-03    
8.05369e-01    4.05795e-03    
8.19112e-01    4.21431e-03    
8.33089e-01    4.37514e-03    
8.47304e-01    4.54046e-03    
8.61763e-01    4.71029e-03    
8.76468e-01    4.88462e-03    
8.91423e-01    5.06344e-03    
9.06634e-01    5.24674e-03    
9.22105e-01    5.43449e-03    
9.37840e-01    5.62665e-03    
9.53843e-01    5.82316e-03    
9.70119e-01    6.02396e-03    
9.86673e-01    6.22896e-03    
1.00351e+00    6.43808e-03    
1.02063e+00    6.65120e-03    
1.03805e+00    6.86820e-03    
1.05576e+00    7.08893e-03    
1.07378e+00    7.31324e-03    
1.09210e+00    7.54094e-03    
1.11074e+00    7.77184e-03    
1.12969e+00    8.00570e-03    
1.14897e+00    8.24229e-03    
1.16857e+00    8.48132e-03    
1.18851e+00    8.72251e-03    
1.20879e+00    8.96552e-03    
1.22942e+00    9.21000e-03    
1.25040e+00    9.45558e-03    
1.27173e+00    9.70181e-03    
1.29343e+00    9.94824e-03    
1.31550e+00    1.01944e-02    
1.33795e+00    1.04397e-02    
1.36078e+00    1.06835e-02    
1.38400e+00    1.09254e-02    
1.40762e+00    1.11645e-02    
1.43164e+00    1.14003e-02    
1.45607e+00    1.16319e-02    
1.48091e+00    1.18589e-02    
1.50618e+00    1.20803e-02    
1.53189e+00    1.22955e-02    
1.55802e+00    1.25038e-02    
1.58461e+00    1.27046e-02    
1.61165e+00    1.28973e-02    
1.63915e+00    1.30811e-02    
1.66712e+00    1.32557e-02    
1.69557e+00    1.34204e-02    
1.72450e+00    1.35746e-02    
1.75393e+00    1.37179e-02    
1.78386e+00    1.38497e-02    
1.81430e+00    1.39693e-02    
1.84525e+00    1.40763e-02    
1.87674e+00    1.41699e-02    
1.90877e+00    1.42496e-02    
1.94134e+00    1.43146e-02    
1.97446e+00    1.43645e-02    
2.00816e+00    1.43986e-02    
2.04242e+00    1.44166e-02    
2.07727e+00    1.44182e-02    
2.11272e+00    1.44032e-02    
2.14877e+00    1.43719e-02    
2.18544e+00    1.43246e-02    
2.22273e+00    1.42617e-02    
2.26066e+00    1.41839e-02    
2.29923e+00    1.40921e-02    
2.33847e+00    1.39872e-02    
2.37837e+00    1.38701e-02    
2.41895e+00    1.37415e-02    
2.46023e+00    1.36023e-02    
2.50221e+00    1.34529e-02    
2.54491e+00    1.32939e-02    
2.58833e+00    1.31256e-02    
2.63250e+00    1.29480e-02    
2.67742e+00    1.27612e-02    
2.72311e+00    1.25652e-02    
2.76957e+00    1.23603e-02    
2.81683e+00    1.21469e-02    
2.86490e+00    1.19252e-02    
2.91379e+00    1.16961e-02    
2.96351e+00    1.14603e-02    
3.01407e+00    1.12189e-02    
3.06551e+00    1.09732e-02    
3.11781e+00    1.07244e-02    
3.17102e+00    1.04737e-02    
3.22513e+00    1.02220e-02    
3.28016e+00    9.97046e-03    
3.33613e+00    9.71988e-03    
3.39306e+00    9.47093e-03    
3.45096e+00    9.22404e-03    
3.50984e+00    8.97944e-03    
3.56973e+00    8.73729e-03    
3.63065e+00    8.49767e-03    
3.69260e+00    8.26056e-03    
3.75561e+00    8.02593e-03    
3.81969e+00    7.79369e-03    
3.88487e+00    7.56381e-03    
3.95116e+00    7.33634e-03    
4.01859e+00    7.11145e-03    
4.08716e+00    6.88942e-03    
4.15690e+00    6.67060e-03    
4.22783e+00    6.45544e-03    
4.29998e+00    6.24440e-03    
4.37335e+00    6.03790e-03    
4.44798e+00    5.83630e-03    
4.52387e+00    5.63984e-03    
4.60107e+00    5.44865e-03    
4.67958e+00    5.26276e-03    
4.75943e+00    5.08214e-03    
4.84065e+00    4.90671e-03    
4.92325e+00    4.73636e-03    
5.00726e+00    4.57096e-03    
5.09270e+00    4.41038e-03    
5.17960e+00    4.25448e-03    
5.26798e+00    4.10314e-03    
5.35787e+00    3.95627e-03    
5.44930e+00    3.81373e-03    
5.54229e+00    3.67544e-03    
5.63686e+00    3.54129e-03    
5.73304e+00    3.41119e-03    
5.83087e+00    3.28506e-03    
5.93037e+00    3.16280e-03    
6.03156e+00    3.04430e-03    
6.13448e+00    2.92946e-03    
6.23916e+00    2.81818e-03    
6.34563e+00    2.71036e-03    
6.45391e+00    2.60591e-03    
6.56403e+00    2.50473e-03    
6.67604e+00    2.40672e-03    
6.78996e+00    2.31180e-03    
6.90582e+00    2.21989e-03    
7.02366e+00    2.13091e-03    
7.14351e+00    2.04480e-03    
7.26541e+00    1.96148e-03    
7.38938e+00    1.88091e-03    
7.51547e+00    1.80303e-03    
7.64372e+00    1.72779e-03    
7.77415e+00    1.65518e-03    
7.90680e+00    1.58515e-03    
8.04172e+00    1.51767e-03    
8.17895e+00    1.45270e-03    
8.31851e+00    1.39022e-03    
8.46046e+00    1.33019e-03    
8.60482e+00    1.27255e-03    
8.75165e+00    1.21727e-03    
8.90099e+00    1.16429e-03    
9.05287e+00    1.11357e-03    
9.20735e+00    1.06505e-03    
9.36446e+00    1.01867e-03    
9.52426e+00    9.74355e-04    
9.68678e+00    9.32042e-04    
9.85207e+00    8.91656e-04    
1.00202e+01    8.53118e-04    
1.01912e+01    8.16346e-04    
1.03651e+01    7.81255e-04    
1.05419e+01    7.47761e-04    
1.07218e+01    7.15780e-04    
1.09048e+01    6.85239e-04    
1.10909e+01    6.56067e-04    
1.12801e+01    6.28199e-04    
1.14726e+01    6.01574e-04    
1.16683e+01    5.76135e-04    
1.18675e+01    5.51825e-04    
1.20700e+01    5.28590e-04    
1.22759e+01    5.06374e-04    
1.24854e+01    4.85128e-04    
1.26984e+01    4.64797e-04    
1.29151e+01    4.45329e-04    
1.31355e+01    4.26674e-04    
1.33596e+01    4.08786e-04    
1.35876e+01    3.91624e-04    
1.38195e+01    3.75150e-04    
1.40553e+01    3.59332e-04    
1.42951e+01    3.44141e-04    
1.45390e+01    3.29553e-04    
1.47871e+01    3.15544e-04    
1.50395e+01    3.02096e-04    
1.52961e+01    2.89189e-04    
1.55571e+01    2.76807e-04    
1.58226e+01    2.64930e-04    
1.60926e+01    2.53542e-04    
1.63672e+01    2.42625e-04    
1.66464e+01    2.32161e-04    
1.69305e+01    2.22134e-04    
1.72194e+01    2.12525e-04    
1.75132e+01    2.03319e-04    
1.78121e+01    1.94499e-04    
1.81160e+01    1.86049e-04    
1.84251e+01    1.77954e-04    
1.87395e+01    1.70199e-04    
1.90593e+01    1.62772e-04    
1.93845e+01    1.55657e-04    
1.97153e+01    1.48844e-04    
2.00517e+01    1.42318e-04    
2.03939e+01    1.36069e-04    
2.07419e+01    1.30085e-04    
2.10958e+01    1.24356e-04    
2.14558e+01    1.18872e-04    
2.18219e+01    1.13625e-04    
2.21943e+01    1.08609e-04    
2.25730e+01    1.03814e-04    
2.29582e+01    9.92253e-05    
2.33499e+01    9.48365e-05    
2.37484e+01    9.06397e-05    
2.41536e+01    8.66234e-05    
2.45657e+01    8.27800e-05    
2.49849e+01    7.91023e-05    
2.54113e+01    7.55836e-05    
2.58449e+01    7.22171e-05    
2.62859e+01    6.89966e-05    
2.67344e+01    6.59159e-05    
2.71906e+01    6.29692e-05    
2.76546e+01    6.01509e-05    
2.81265e+01    5.74555e-05    
2.86064e+01    5.48778e-05    
2.90946e+01    5.24130e-05    
2.95910e+01    5.00562e-05    
3.00960e+01    4.78028e-05    
3.06095e+01    4.56484e-05    
3.11318e+01    4.35888e-05    
3.16631e+01    4.16201e-05    
3.22033e+01    3.97382e-05    
3.27529e+01    3.79395e-05    
3.33117e+01    3.62203e-05    
3.38802e+01    3.45774e-05    
3.44583e+01    3.30073e-05    
3.50463e+01    3.15070e-05    
3.56443e+01    3.00735e-05    
3.62525e+01    2.87038e-05    
3.68711e+01    2.73952e-05    
3.75003e+01    2.61450e-05    
3.81402e+01    2.49506e-05    
3.87910e+01    2.38098e-05    
3.94529e+01    2.27201e-05    
4.01262e+01    2.16792e-05    
4.08109e+01    2.06851e-05    
4.15072e+01    1.97357e-05    
4.22155e+01    1.88290e-05    
4.29359e+01    1.79632e-05    
4.36685e+01    1.71365e-05    
4.44137e+01    1.63471e-05    
4.51715e+01    1.55933e-05    
4.59423e+01    1.48737e-05    
4.67263e+01    1.41867e-05    
4.75236e+01    1.35309e-05    
4.83345e+01    1.29048e-05    
4.91593e+01    1.23072e-05    
4.99982e+01    1.17367e-05    
5.08513e+01    1.11922e-05    
5.17190e+01    1.06726e-05    
5.26016e+01    1.01767e-05    
5.34991e+01    9.70336e-06    
5.44120e+01    9.25170e-06    
5.53405e+01    8.82070e-06    
5.62848e+01    8.40944e-06    
5.72453e+01    8.01703e-06    
5.82221e+01    7.64263e-06    
5.92156e+01    7.28542e-06    
6.02260e+01    6.94463e-06    
6.12537e+01    6.61952e-06    
6.22989e+01    6.30937e-06    
6.33620e+01    6.01353e-06    
6.44432e+01    5.73132e-06    
6.55428e+01    5.46215e-06    
6.66612e+01    5.20541e-06    
6.77987e+01    4.96055e-06    
6.89556e+01    4.72702e-06    
7.01323e+01    4.50432e-06    
7.13290e+01    4.29193e-06    
7.25461e+01    4.08941e-06    
7.37841e+01    3.89629e-06    
7.50431e+01    3.71215e-06    
7.63236e+01    3.53657e-06    
7.76260e+01    3.36918e-06    
7.89506e+01    3.20958e-06    
8.02978e+01    3.05743e-06    
8.16680e+01    2.91238e-06    
8.30615e+01    2.77411e-06    
8.44789e+01    2.64231e-06    
8.59204e+01    2.51667e-06    
8.73865e+01    2.39692e-06    
8.88777e+01    2.28279e-06    
9.03943e+01    2.17401e-06    
9.19367e+01    2.07034e-06    
9.35055e+01    1.97154e-06    
9.51011e+01    1.87739e-06    
9.67239e+01    1.78768e-06    
9.83743e+01    1.70219e-06    
1.00053e+02    1.62073e-06    
1.01760e+02    1.54313e-06    
1.03497e+02    1.46918e-06    
1.05263e+02    1.39874e-06    
1.07059e+02    1.33163e-06    
1.08886e+02    1.26770e-06    
1.10744e+02    1.20681e-06    
1.12633e+02    1.14880e-06    
1.14555e+02    1.09355e-06    
1.16510e+02    1.04093e-06    
1.18498e+02    9.90812e-07    
1.20520e+02    9.43084e-07    
1.22577e+02    8.97632e-07    
1.24668e+02    8.54350e-07    
1.26796e+02    8.13136e-07    
1.28959e+02    7.73894e-07    
1.31160e+02    7.36531e-07    
1.33398e+02    7.00959e-07    
1.35674e+02    6.67094e-07    
1.37989e+02    6.34855e-07    
1.40344e+02    6.04166e-07    
1.42739e+02    5.74954e-07    
1.45174e+02    5.47150e-07    
1.47652e+02    5.20686e-07    
1.50171e+02    4.95499e-07    
1.52734e+02    4.71530e-07    
1.55340e+02    4.48720e-07    
1.57991e+02    4.27014e-07    
1.60687e+02    4.06361e-07    
1.63428e+02    3.86709e-07    
1.66217e+02    3.68011e-07    
1.69053e+02    3.50223e-07    
1.71938e+02    3.33299e-07    
1.74872e+02    3.17200e-07    
1.77856e+02    3.01885e-07    
1.80891e+02    2.87316e-07    
1.83978e+02    2.73459e-07    
1.87117e+02    2.60278e-07    
1.90310e+02    2.47741e-07    
1.93557e+02    2.35817e-07    
1.96860e+02    2.24476e-07    
2.00219e+02    2.13690e-07    
2.03636e+02    2.03431e-07    
2.07111e+02    1.93675e-07    
2.10645e+02    1.84396e-07    
2.14239e+02    1.75571e-07    
2.17895e+02    1.67177e-07    
2.21613e+02    1.59194e-07    
2.25394e+02    1.51601e-07    
2.29241e+02    1.44379e-07    
2.33152e+02    1.37510e-07    
2.37131e+02    1.30976e-07    
2.41177e+02    1.24760e-07    
2.45292e+02    1.18846e-07    
2.49478e+02    1.13220e-07    
2.53735e+02    1.07868e-07    
2.58065e+02    1.02774e-07    
2.62468e+02    9.79276e-08    
2.66947e+02    9.33150e-08    
2.71502e+02    8.89250e-08    
2.76135e+02    8.47465e-08    
2.80847e+02    8.07689e-08    
2.85639e+02    7.69821e-08    
2.90513e+02    7.33768e-08    
2.95471e+02    6.99438e-08    
3.00513e+02    6.66747e-08    
3.05640e+02    6.35614e-08    
3.10856e+02    6.05960e-08    
3.16160e+02    5.77715e-08    
3.21555e+02    5.50807e-08    
3.27042e+02    5.25172e-08    
3.32623e+02    5.00748e-08    
3.38298e+02    4.77475e-08    
3.44071e+02    4.55297e-08    
3.49942e+02    4.34161e-08    
3.55914e+02    4.14017e-08    
3.61987e+02    3.94817e-08    
3.68164e+02    3.76516e-08    
3.74446e+02    3.59070e-08    
3.80835e+02    3.42439e-08    
3.87334e+02    3.26583e-08    
3.93943e+02    3.11465e-08    
4.00665e+02    2.97052e-08    
4.07502e+02    2.83308e-08    
4.14456e+02    2.70203e-08    
4.21528e+02    2.57707e-08    
4.28721e+02    2.45790e-08    
4.36036e+02    2.34425e-08    
4.43477e+02    2.23587e-08    
4.51044e+02    2.13251e-08    
4.58741e+02    2.03394e-08    
4.66569e+02    1.93992e-08    
4.74530e+02    1.85025e-08    
4.82627e+02    1.76473e-08    
4.90863e+02    1.68316e-08    
4.99239e+02    1.60536e-08    
5.07758e+02    1.53115e-08    
5.16422e+02    1.46037e-08    
5.25234e+02    1.39286e-08    
5.34197e+02    1.32846e-08    
5.43312e+02    1.26704e-08    
5.52583e+02    1.20845e-08    
5.62012e+02    1.15257e-08    
5.71602e+02    1.09927e-08    
5.81356e+02    1.04842e-08    
5.91276e+02    9.99927e-09    
6.01365e+02    9.53668e-09    
6.11627e+02    9.09545e-09    
6.22064e+02    8.67458e-09    
6.32678e+02    8.27314e-09    
6.43474e+02    7.89023e-09    
6.54454e+02    7.52500e-09    
6.65622e+02    7.17663e-09    
6.76980e+02    6.84435e-09    
6.88532e+02    6.52741e-09    
7.00281e+02    6.22511e-09    
7.12230e+02    5.93677e-09    
7.24384e+02    5.66175e-09    
7.36744e+02    5.39944e-09    
7.49316e+02    5.14925e-09    
7.62102e+02    4.91063e-09    
7.75107e+02    4.68303e-09    
7.88333e+02    4.46595e-09    
8.01785e+02    4.25891e-09    
8.15466e+02    4.06145e-09    
8.29381e+02    3.87311e-09    
8.43534e+02    3.69349e-09    
8.57927e+02    3.52218e-09    
8.72567e+02    3.35879e-09    
8.87456e+02    3.20297e-09    
9.02600e+02    3.05435e-09    
9.18001e+02    2.91262e-09    
9.33666e+02    2.77745e-09    
9.49598e+02    2.64853e-09    
9.65802e+02    2.52559e-09    
9.82282e+02    2.40834e-09    
9.99043e+02    2.29652e-09    
1.01609e+03    2.18988e-09    
1.03343e+03    2.08819e-09    
1.05106e+03    1.99120e-09    
1.06900e+03    1.89872e-09    
1.08724e+03    1.81052e-09    
1.10579e+03    1.72640e-09    
1.12466e+03    1.64619e-09    
1.14385e+03    1.56970e-09    
1.16337e+03    1.49676e-09    
1.18322e+03    1.42720e-09    
1.20341e+03    1.36087e-09    
1.22395e+03    1.29761e-09    
1.24483e+03    1.23729e-09    
1.26607e+03    1.17977e-09    
1.28768e+03    1.12492e-09    
1.30965e+03    1.07262e-09    
1.33200e+03    1.02274e-09    
1.35473e+03    9.75181e-10    
1.37784e+03    9.29830e-10    
1.40135e+03    8.86585e-10    
1.42527e+03    8.45349e-10    
1.44959e+03    8.06028e-10    
1.47432e+03    7.68533e-10    
1.49948e+03    7.32781e-10    
1.52507e+03    6.98690e-10    
1.55109e+03    6.66184e-10    
1.57756e+03    6.35188e-10    
1.60448e+03    6.05633e-10    
1.63186e+03    5.77451e-10    
1.65970e+03    5.50580e-10    
1.68802e+03    5.24958e-10    
1.71683e+03    5.00527e-10    
1.74612e+03    4.77232e-10    
1.77592e+03    4.55021e-10    
1.80622e+03    4.33842e-10    
1.83704e+03    4.13649e-10    
1.86839e+03    3.94394e-10    
1.90027e+03    3.76036e-10    
1.93270e+03    3.58531e-10    
1.96568e+03    3.41841e-10    
1.99922e+03    3.25927e-10    
2.03333e+03    3.10754e-10    
2.06803e+03    2.96286e-10    
2.10332e+03    2.82492e-10    
2.13921e+03    2.69340e-10    
2.17571e+03    2.56800e-10    
2.21284e+03    2.44843e-10    
2.25060e+03    2.33443e-10    
2.28900e+03    2.22574e-10    
2.32806e+03    2.12211e-10    
2.36778e+03    2.02330e-10    
2.40819e+03    1.92909e-10    
2.44928e+03    1.83926e-10    
2.49107e+03    1.75362e-10    
2.53358e+03    1.67196e-10    
2.57681e+03    1.59411e-10    
2.62078e+03    1.51988e-10    
2.66551e+03    1.44911e-10    
2.71099e+03    1.38163e-10    
2.75725e+03    1.31730e-10    
2.80430e+03    1.25596e-10    
2.85215e+03    1.19748e-10    
2.90082e+03    1.14172e-10    
2.95032e+03    1.08855e-10    
3.00066e+03    1.03787e-10    
3.05186e+03    9.89541e-11    
3.10394e+03    9.43466e-11    
3.15690e+03    8.99536e-11    
3.21077e+03    8.57652e-11    
3.26556e+03    8.17719e-11    
3.32128e+03    7.79646e-11    
3.37796e+03    7.43346e-11    
3.43560e+03    7.08737e-11    
3.49422e+03    6.75739e-11    
3.55385e+03    6.44279e-11    
3.61449e+03    6.14284e-11    
3.67617e+03    5.85686e-11    
3.73890e+03    5.58420e-11    
3.80270e+03    5.32424e-11    
3.86758e+03    5.07639e-11    
3.93358e+03    4.84008e-11    
4.00070e+03    4.61477e-11    
4.06897e+03    4.39997e-11    
4.13840e+03    4.19516e-11    
4.20902e+03    3.99990e-11    
4.28084e+03    3.81373e-11    
4.35389e+03    3.63623e-11    
4.42818e+03    3.46700e-11    
4.50374e+03    3.30564e-11    
4.58059e+03    3.15181e-11    
4.65876e+03    3.00514e-11    
4.73825e+03    2.86530e-11    
4.81910e+03    2.73197e-11    
4.90134e+03    2.60485e-11    
4.98497e+03    2.48365e-11    
5.07003e+03    2.36809e-11    
5.15655e+03    2.25792e-11    
5.24454e+03    2.15287e-11    
5.33403e+03    2.05272e-11    
5.42505e+03    1.95723e-11    
5.51762e+03    1.86619e-11    
5.61177e+03    1.77938e-11    
5.70753e+03    1.69662e-11    
5.80492e+03    1.61771e-11    
5.90398e+03    1.54247e-11    
6.00472e+03    1.47074e-11    
6.10718e+03    1.40235e-11    
6.21140e+03    1.33714e-11    
6.31739e+03    1.27496e-11    
6.42518e+03    1.21568e-11    
6.53482e+03    1.15916e-11    
6.64633e+03    1.10527e-11    
6.75974e+03    1.05389e-11    
6.87509e+03    1.00490e-11    
6.99240e+03    9.58190e-12    
7.11172e+03    9.13654e-12    
7.23307e+03    8.71190e-12    
7.35650e+03    8.30702e-12    
7.48203e+03    7.92098e-12    
7.60970e+03    7.55290e-12    
7.73955e+03    7.20195e-12    
7.87162e+03    6.86733e-12    
8.00594e+03    6.54828e-12    
8.14255e+03    6.24406e-12    
8.28149e+03    5.95400e-12    
8.42280e+03    5.67743e-12    
8.56653e+03    5.41373e-12    
8.71271e+03    5.16229e-12    
8.86138e+03    4.92255e-12    
9.01259e+03    4.69395e-12    
9.16638e+03    4.47599e-12    
9.32279e+03    4.26816e-12    
9.48187e+03    4.06999e-12    
9.64367e+03    3.88104e-12    
9.80822e+03    3.70088e-12    
9.97559e+03    3.52909e-12    
1.01458e+04    3.36529e-12    
1.03189e+04    3.20910e-12    
1.04950e+04    3.06017e-12    
1.06741e+04    2.91816e-12    
1.08562e+04    2.78275e-12    
1.10415e+04    2.65364e-12    
1.12299e+04    2.53053e-12    
1.14215e+04    2.41313e-12    
1.16164e+04    2.30119e-12    
1.18146e+04    2.19446e-12    
1.20162e+04    2.09268e-12    
1.22213e+04    1.99563e-12    
1.24298e+04    1.90309e-12    
1.26419e+04    1.81484e-12    
1.28576e+04    1.73070e-12    
1.30770e+04    1.65046e-12    
1.33002e+04    1.57395e-12    
1.35271e+04    1.50099e-12    
1.37580e+04    1.43142e-12    
1.39927e+04    1.36508e-12    
1.42315e+04    1.30182e-12    
1.44743e+04    1.24150e-12    
1.47213e+04    1.18397e-12    
1.49725e+04    1.12912e-12    
1.52280e+04    1.07681e-12    
1.54879e+04    1.02693e-12    
1.57521e+04    9.79367e-13    
1.60209e+04    9.34009e-13    
1.62943e+04    8.90755e-13    
1.65724e+04    8.49508e-13    
1.68551e+04    8.10174e-13    
1.71428e+04    7.72665e-13    
1.74353e+04    7.36896e-13    
1.77328e+04    7.02786e-13    
1.80354e+04    6.70258e-13    
1.83431e+04    6.39238e-13    
1.86561e+04    6.09656e-13    
1.89745e+04    5.81446e-13    
1.92983e+04    5.54544e-13    
1.96276e+04    5.28889e-13    
1.99625e+04    5.04423e-13    
2.03031e+04    4.81091e-13    
2.06496e+04    4.58840e-13    
2.10019e+04    4.37621e-13    
2.13603e+04    4.17384e-13    
2.17248e+04    3.98086e-13    
2.20955e+04    3.79681e-13    
2.24725e+04    3.62129e-13    
2.28560e+04    3.45390e-13    
2.32460e+04    3.29426e-13    
2.36427e+04    3.14202e-13    
2.40461e+04    2.99683e-13    
2.44564e+04    2.85836e-13    
2.48737e+04    2.72630e-13    
2.52982e+04    2.60035e-13    
2.57299e+04    2.48023e-13    
2.61689e+04    2.36568e-13    
2.66155e+04    2.25642e-13    
2.70696e+04    2.15223e-13    
2.75315e+04    2.05285e-13    
2.80013e+04    1.95807e-13    
2.84791e+04    1.86768e-13    
2.89651e+04    1.78147e-13    
2.94593e+04    1.69924e-13    
2.99620e+04    1.62082e-13    
3.04733e+04    1.54603e-13    
3.09933e+04    1.47469e-13    
3.15221e+04    1.40666e-13    
3.20600e+04    1.34177e-13    
3.26071e+04    1.27988e-13    
3.31635e+04    1.22085e-13    
3.37294e+04    1.16454e-13    
3.43049e+04    1.11084e-13    
3.48903e+04    1.05963e-13    
3.54857e+04    1.01078e-13    
3.60912e+04    9.64181e-14    
3.67071e+04    9.19739e-14    
3.73334e+04    8.77351e-14    
3.79705e+04    8.36920e-14    
3.86184e+04    7.98356e-14    
3.92774e+04    7.61573e-14    
3.99476e+04    7.26489e-14    
4.06292e+04    6.93024e-14    
4.13225e+04    6.61105e-14    
4.20276e+04    6.30658e-14    
4.27448e+04    6.01617e-14    
4.34742e+04    5.73917e-14    
4.42160e+04    5.47494e-14    
4.49705e+04    5.22291e-14    
4.57379e+04    4.98251e-14    
4.65183e+04    4.75320e-14    
4.73121e+04    4.53446e-14    
4.81194e+04    4.32581e-14    
4.89405e+04    4.12679e-14    
4.97757e+04    3.93694e-14    
5.06250e+04    3.75585e-14    
5.14889e+04    3.58310e-14    
5.23675e+04    3.41832e-14    
5.32611e+04    3.26113e-14    
5.41699e+04    3.11119e-14    
5.50942e+04    2.96816e-14    
5.60343e+04    2.83172e-14    
5.69905e+04    2.70156e-14    
5.79630e+04    2.57741e-14    
5.89520e+04    2.45897e-14    
5.99580e+04    2.34598e-14    
6.09811e+04    2.23820e-14    
6.20217e+04    2.13538e-14    
6.30800e+04    2.03730e-14    
6.41564e+04    1.94373e-14    
6.52511e+04    1.85447e-14    
6.63646e+04    1.76932e-14    
6.74970e+04    1.68809e-14    
6.86488e+04    1.61059e-14    
6.98202e+04    1.53666e-14    
7.10116e+04    1.46613e-14    
7.22233e+04    1.39885e-14    
7.34557e+04    1.33466e-14    
7.47091e+04    1.27343e-14    
7.59839e+04    1.21501e-14    
7.72805e+04    1.15927e-14    
7.85992e+04    1.10610e-14    
7.99404e+04    1.05538e-14    
8.13045e+04    1.00698e-14    
8.26919e+04    9.60812e-15    
8.41029e+04    9.16764e-15    
8.55380e+04    8.74739e-15    
8.69976e+04    8.34646e-15    
8.84821e+04    7.96395e-15    
8.99920e+04    7.59901e-15    
9.15276e+04    7.25083e-15    
9.30894e+04    6.91864e-15    
9.46778e+04    6.60171e-15    
9.62934e+04    6.29933e-15    
9.79365e+04    6.01083e-15    
9.96077e+04    5.73558e-15    
1.01307e+05    5.47296e-15    
1.03036e+05    5.22239e-15    
1.04794e+05    4.98332e-15    
1.06582e+05    4.75523e-15    
1.08401e+05    4.53760e-15    
1.10251e+05    4.32995e-15    
1.12132e+05    4.13182e-15    
1.14046e+05    3.94279e-15    
1.15992e+05    3.76242e-15    
1.17971e+05    3.59032e-15    
1.19984e+05    3.42612e-15    
1.22031e+05    3.26944e-15    
1.24114e+05    3.11995e-15    
1.26231e+05    2.97730e-15    
1.28385e+05    2.84119e-15    
1.30576e+05    2.71132e-15    
1.32804e+05    2.58741e-15    
1.35070e+05    2.46916e-15    
1.37375e+05    2.35634e-15    
1.39719e+05    2.24868e-15    
1.42104e+05    2.14595e-15    
1.44528e+05    2.04793e-15    
1.46995e+05    1.95439e-15    
1.49503e+05    1.86514e-15    
1.52054e+05    1.77997e-15    
1.54649e+05    1.69870e-15    
1.57287e+05    1.62115e-15    
1.59971e+05    1.54715e-15    
1.62701e+05    1.47654e-15    
1.65477e+05    1.40915e-15    
1.68301e+05    1.34485e-15    
1.71173e+05    1.28349e-15    
1.74094e+05    1.22494e-15    
1.77064e+05    1.16906e-15    
1.80086e+05    1.11574e-15    
1.83159e+05    1.06485e-15    
1.86284e+05    1.01629e-15    
1.89463e+05    9.69956e-16    
1.92696e+05    9.25736e-16    
1.95984e+05    8.83536e-16    
1.99328e+05    8.43264e-16    
2.02730e+05    8.04833e-16    
2.06189e+05    7.68157e-16    
2.09707e+05    7.33156e-16    
2.13286e+05    6.99754e-16    
2.16925e+05    6.67877e-16    
2.20627e+05    6.37456e-16    
2.24391e+05    6.08423e-16    
2.28220e+05    5.80716e-16    
2.32115e+05    5.54274e-16    
2.36075e+05    5.29039e-16    
2.40104e+05    5.04955e-16    
2.44201e+05    4.81970e-16    
2.48368e+05    4.60034e-16    
2.52606e+05    4.39099e-16    
2.56916e+05    4.19118e-16    
2.61300e+05    4.00049e-16    
2.65759e+05    3.81849e-16    
2.70294e+05    3.64480e-16    
2.74906e+05    3.47902e-16    
2.79597e+05    3.32080e-16    
2.84368e+05    3.16980e-16    
2.89221e+05    3.02567e-16    
2.94156e+05    2.88812e-16    
2.99175e+05    2.75683e-16    
3.04280e+05    2.63152e-16    
3.09472e+05    2.51193e-16    
3.14753e+05    2.39778e-16    
3.20124e+05    2.28883e-16    
3.25587e+05    2.18484e-16    
3.31142e+05    2.08559e-16    
3.36793e+05    1.99085e-16    
3.42540e+05    1.90043e-16    
3.48385e+05    1.81413e-16    
3.54330e+05    1.73175e-16    
3.60376e+05    1.65313e-16    
3.66525e+05    1.57808e-16    
3.72779e+05    1.50644e-16    
3.79141e+05    1.43807e-16    
3.85610e+05    1.37281e-16    
3.92190e+05    1.31051e-16    
3.98882e+05    1.25105e-16    
4.05689e+05    1.19429e-16    
4.12611e+05    1.14011e-16    
4.19652e+05    1.08840e-16    
4.26813e+05    1.03904e-16    
4.34096e+05    9.91916e-17    
4.41503e+05    9.46939e-17    
4.49037e+05    9.04005e-17    
4.56699e+05    8.63023e-17    
4.64492e+05    8.23902e-17    
4.72418e+05    7.86559e-17    
4.80480e+05    7.50913e-17    
4.88678e+05    7.16885e-17    
4.97017e+05    6.84403e-17    
5.05498e+05    6.53396e-17    
5.14124e+05    6.23796e-17    
5.22897e+05    5.95541e-17    
5.31819e+05    5.68568e-17    
5.40894e+05    5.42820e-17    
5.50124e+05    5.18240e-17    
5.59511e+05    4.94776e-17    
5.69058e+05    4.72376e-17    
5.78769e+05    4.50993e-17    
5.88645e+05    4.30580e-17    
5.98689e+05    4.11093e-17    
6.08905e+05    3.92489e-17    
6.19295e+05    3.74730e-17    
6.29863e+05    3.57776e-17    
6.40611e+05    3.41590e-17    
6.51542e+05    3.26138e-17    
6.62660e+05    3.11387e-17    
6.73967e+05    2.97305e-17    
6.85468e+05    2.83860e-17    
6.97164e+05    2.71025e-17    
7.09061e+05    2.58772e-17    
7.21160e+05    2.47074e-17    
7.33466e+05    2.35905e-17    
7.45981e+05    2.25243e-17    
7.58711e+05    2.15064e-17    
7.71657e+05    2.05345e-17    
7.84824e+05    1.96067e-17    
7.98216e+05    1.87209e-17    
8.11837e+05    1.78752e-17    
8.25690e+05    1.70677e-17    
8.39780e+05    1.62969e-17    
8.54109e+05    1.55609e-17    
8.68684e+05    1.48582e-17    
8.83507e+05    1.41873e-17    
8.98583e+05    1.35468e-17    
9.13916e+05    1.29352e-17    
9.29511e+05    1.23514e-17    
9.45372e+05    1.17939e-17    
9.61503e+05    1.12616e-17    
9.77910e+05    1.07534e-17    
9.94597e+05    1.02682e-17    
1.01157e+06    9.80497e-18    
1.02883e+06    9.36264e-18    
1.04639e+06    8.94031e-18    
1.06424e+06    8.53707e-18    
1.08240e+06    8.15206e-18    
1.10087e+06    7.78444e-18    
1.11966e+06    7.43344e-18    
1.13876e+06    7.09829e-18    
1.15819e+06    6.77829e-18    
1.17796e+06    6.47274e-18    
1.19806e+06    6.18099e-18    
1.21850e+06    5.90242e-18    
1.23929e+06    5.63643e-18    
1.26044e+06    5.38245e-18    
1.28195e+06    5.13994e-18    
1.30382e+06    4.90837e-18    
1.32607e+06    4.68726e-18    
1.34870e+06    4.47613e-18    
1.37171e+06    4.27453e-18    
1.39512e+06    4.08202e-18    
1.41892e+06    3.89821e-18    
1.44314e+06    3.72268e-18    
1.46776e+06    3.55508e-18    
1.49281e+06    3.39503e-18    
1.51828e+06    3.24221e-18    
1.54419e+06    3.09628e-18    
1.57054e+06    2.95693e-18    
1.59734e+06    2.82386e-18    
1.62459e+06    2.69679e-18    
1.65232e+06    2.57545e-18    
1.68051e+06    2.45958e-18    
1.70919e+06    2.34894e-18    
1.73835e+06    2.24328e-18    
1.76801e+06    2.14238e-18    
1.79818e+06    2.04603e-18    
1.82887e+06    1.95402e-18    
1.86007e+06    1.86616e-18    
1.89181e+06    1.78225e-18    
1.92410e+06    1.70213e-18    
1.95693e+06    1.62561e-18    
1.99032e+06    1.55254e-18    
2.02428e+06    1.48276e-18    
2.05883e+06    1.41612e-18    

