# USINE V4.0
# File generated 13-05-2022 10:52:17
# Model1DKisoVc
# FE
# SolMod0DFF_phi0_370GV
# R [GV]       TOA [GV m^{2} s sr]^{-1}
9.95774e-02    4.98181e-04    
1.01272e-01    5.23604e-04    
1.02995e-01    5.50316e-04    
1.04747e-01    5.78382e-04    
1.06529e-01    6.07869e-04    
1.08341e-01    6.38851e-04    
1.10184e-01    6.71401e-04    
1.12059e-01    7.05597e-04    
1.13966e-01    7.41523e-04    
1.15904e-01    7.79266e-04    
1.17876e-01    8.18915e-04    
1.19882e-01    8.60567e-04    
1.21921e-01    9.04321e-04    
1.23996e-01    9.50283e-04    
1.26105e-01    9.98562e-04    
1.28251e-01    1.04928e-03    
1.30433e-01    1.10254e-03    
1.32652e-01    1.15849e-03    
1.34909e-01    1.21726e-03    
1.37204e-01    1.27898e-03    
1.39538e-01    1.34380e-03    
1.41912e-01    1.41187e-03    
1.44326e-01    1.48337e-03    
1.46782e-01    1.55845e-03    
1.49279e-01    1.63730e-03    
1.51819e-01    1.72010e-03    
1.54402e-01    1.80704e-03    
1.57029e-01    1.89834e-03    
1.59700e-01    1.99420e-03    
1.62417e-01    2.09485e-03    
1.65180e-01    2.20053e-03    
1.67991e-01    2.31148e-03    
1.70849e-01    2.42797e-03    
1.73755e-01    2.55026e-03    
1.76712e-01    2.67865e-03    
1.79718e-01    2.81342e-03    
1.82776e-01    2.95489e-03    
1.85885e-01    3.10339e-03    
1.89048e-01    3.25927e-03    
1.92264e-01    3.42288e-03    
1.95535e-01    3.59459e-03    
1.98862e-01    3.77481e-03    
2.02245e-01    3.96392e-03    
2.05686e-01    4.16227e-03    
2.09185e-01    4.37029e-03    
2.12744e-01    4.58841e-03    
2.16363e-01    4.81712e-03    
2.20044e-01    5.05690e-03    
2.23788e-01    5.30825e-03    
2.27595e-01    5.57169e-03    
2.31468e-01    5.84779e-03    
2.35406e-01    6.13711e-03    
2.39411e-01    6.44024e-03    
2.43484e-01    6.75780e-03    
2.47626e-01    7.09043e-03    
2.51839e-01    7.43879e-03    
2.56124e-01    7.80357e-03    
2.60481e-01    8.18549e-03    
2.64913e-01    8.58529e-03    
2.69420e-01    9.00374e-03    
2.74003e-01    9.44165e-03    
2.78665e-01    9.89983e-03    
2.83406e-01    1.03791e-02    
2.88228e-01    1.08805e-02    
2.93131e-01    1.14048e-02    
2.98119e-01    1.19529e-02    
3.03191e-01    1.25259e-02    
3.08349e-01    1.31248e-02    
3.13595e-01    1.37506e-02    
3.18930e-01    1.44044e-02    
3.24356e-01    1.50872e-02    
3.29874e-01    1.58002e-02    
3.35487e-01    1.65446e-02    
3.41194e-01    1.73214e-02    
3.46999e-01    1.81319e-02    
3.52903e-01    1.89774e-02    
3.58907e-01    1.98590e-02    
3.65013e-01    2.07780e-02    
3.71223e-01    2.17357e-02    
3.77538e-01    2.27335e-02    
3.83962e-01    2.37728e-02    
3.90494e-01    2.48550e-02    
3.97138e-01    2.59814e-02    
4.03894e-01    2.71537e-02    
4.10766e-01    2.83731e-02    
4.17754e-01    2.96411e-02    
4.24861e-01    3.09592e-02    
4.32090e-01    3.23288e-02    
4.39441e-01    3.37511e-02    
4.46917e-01    3.52275e-02    
4.54521e-01    3.67594e-02    
4.62254e-01    3.83483e-02    
4.70118e-01    3.99957e-02    
4.78116e-01    4.17030e-02    
4.86250e-01    4.34718e-02    
4.94523e-01    4.53033e-02    
5.02937e-01    4.71987e-02    
5.11493e-01    4.91591e-02    
5.20195e-01    5.11854e-02    
5.29045e-01    5.32785e-02    
5.38046e-01    5.54395e-02    
5.47200e-01    5.76696e-02    
5.56510e-01    5.99699e-02    
5.65978e-01    6.23414e-02    
5.75607e-01    6.47843e-02    
5.85400e-01    6.72989e-02    
5.95359e-01    6.98851e-02    
6.05488e-01    7.25432e-02    
6.15789e-01    7.52736e-02    
6.26266e-01    7.80769e-02    
6.36921e-01    8.09528e-02    
6.47757e-01    8.39004e-02    
6.58777e-01    8.69185e-02    
6.69985e-01    9.00059e-02    
6.81384e-01    9.31625e-02    
6.92976e-01    9.63876e-02    
7.04766e-01    9.96795e-02    
7.16756e-01    1.03036e-01    
7.28951e-01    1.06453e-01    
7.41352e-01    1.09931e-01    
7.53965e-01    1.13468e-01    
7.66793e-01    1.17059e-01    
7.79838e-01    1.20703e-01    
7.93106e-01    1.24394e-01    
8.06599e-01    1.28130e-01    
8.20322e-01    1.31907e-01    
8.34278e-01    1.35722e-01    
8.48472e-01    1.39568e-01    
8.62907e-01    1.43441e-01    
8.77588e-01    1.47338e-01    
8.92518e-01    1.51251e-01    
9.07703e-01    1.55176e-01    
9.23146e-01    1.59106e-01    
9.38851e-01    1.63037e-01    
9.54824e-01    1.66960e-01    
9.71069e-01    1.70870e-01    
9.87590e-01    1.74760e-01    
1.00439e+00    1.78623e-01    
1.02148e+00    1.82452e-01    
1.03886e+00    1.86240e-01    
1.05653e+00    1.89979e-01    
1.07451e+00    1.93662e-01    
1.09279e+00    1.97281e-01    
1.11138e+00    2.00830e-01    
1.13029e+00    2.04299e-01    
1.14952e+00    2.07681e-01    
1.16908e+00    2.10970e-01    
1.18897e+00    2.14156e-01    
1.20919e+00    2.17233e-01    
1.22977e+00    2.20194e-01    
1.25069e+00    2.23032e-01    
1.27197e+00    2.25739e-01    
1.29361e+00    2.28308e-01    
1.31561e+00    2.30734e-01    
1.33800e+00    2.33011e-01    
1.36076e+00    2.35132e-01    
1.38391e+00    2.37092e-01    
1.40746e+00    2.38887e-01    
1.43140e+00    2.40512e-01    
1.45575e+00    2.41963e-01    
1.48052e+00    2.43237e-01    
1.50571e+00    2.44330e-01    
1.53133e+00    2.45240e-01    
1.55738e+00    2.45964e-01    
1.58388e+00    2.46503e-01    
1.61082e+00    2.46853e-01    
1.63823e+00    2.47015e-01    
1.66610e+00    2.46989e-01    
1.69444e+00    2.46776e-01    
1.72327e+00    2.46377e-01    
1.75259e+00    2.45793e-01    
1.78241e+00    2.45027e-01    
1.81273e+00    2.44082e-01    
1.84357e+00    2.42960e-01    
1.87494e+00    2.41665e-01    
1.90684e+00    2.40203e-01    
1.93928e+00    2.38576e-01    
1.97227e+00    2.36792e-01    
2.00583e+00    2.34854e-01    
2.03995e+00    2.32768e-01    
2.07466e+00    2.30543e-01    
2.10995e+00    2.28183e-01    
2.14585e+00    2.25695e-01    
2.18236e+00    2.23089e-01    
2.21949e+00    2.20370e-01    
2.25725e+00    2.17547e-01    
2.29565e+00    2.14628e-01    
2.33471e+00    2.11620e-01    
2.37443e+00    2.08533e-01    
2.41483e+00    2.05372e-01    
2.45591e+00    2.02147e-01    
2.49769e+00    1.98865e-01    
2.54019e+00    1.95533e-01    
2.58340e+00    1.92158e-01    
2.62735e+00    1.88747e-01    
2.67205e+00    1.85307e-01    
2.71751e+00    1.81844e-01    
2.76375e+00    1.78365e-01    
2.81077e+00    1.74875e-01    
2.85859e+00    1.71379e-01    
2.90722e+00    1.67884e-01    
2.95668e+00    1.64393e-01    
3.00699e+00    1.60911e-01    
3.05814e+00    1.57443e-01    
3.11017e+00    1.53991e-01    
3.16309e+00    1.50560e-01    
3.21690e+00    1.47152e-01    
3.27163e+00    1.43770e-01    
3.32729e+00    1.40417e-01    
3.38390e+00    1.37094e-01    
3.44147e+00    1.33803e-01    
3.50002e+00    1.30545e-01    
3.55957e+00    1.27321e-01    
3.62013e+00    1.24131e-01    
3.68172e+00    1.20974e-01    
3.74435e+00    1.17851e-01    
3.80806e+00    1.14761e-01    
3.87285e+00    1.11704e-01    
3.93873e+00    1.08680e-01    
4.00575e+00    1.05690e-01    
4.07390e+00    1.02735e-01    
4.14321e+00    9.98183e-02    
4.21370e+00    9.69426e-02    
4.28538e+00    9.41118e-02    
4.35829e+00    9.13300e-02    
4.43244e+00    8.86006e-02    
4.50785e+00    8.59265e-02    
4.58454e+00    8.33098e-02    
4.66254e+00    8.07520e-02    
4.74187e+00    7.82537e-02    
4.82254e+00    7.58153e-02    
4.90459e+00    7.34366e-02    
4.98803e+00    7.11172e-02    
5.07289e+00    6.88564e-02    
5.15920e+00    6.66535e-02    
5.24697e+00    6.45077e-02    
5.33624e+00    6.24179e-02    
5.42703e+00    6.03834e-02    
5.51936e+00    5.84032e-02    
5.61326e+00    5.64763e-02    
5.70876e+00    5.46021e-02    
5.80588e+00    5.27798e-02    
5.90466e+00    5.10085e-02    
6.00512e+00    4.92876e-02    
6.10728e+00    4.76162e-02    
6.21119e+00    4.59936e-02    
6.31686e+00    4.44188e-02    
6.42433e+00    4.28909e-02    
6.53363e+00    4.14090e-02    
6.64479e+00    3.99719e-02    
6.75783e+00    3.85786e-02    
6.87281e+00    3.72281e-02    
6.98973e+00    3.59192e-02    
7.10865e+00    3.46510e-02    
7.22959e+00    3.34225e-02    
7.35259e+00    3.22327e-02    
7.47768e+00    3.10807e-02    
7.60490e+00    2.99655e-02    
7.73429e+00    2.88863e-02    
7.86587e+00    2.78421e-02    
7.99969e+00    2.68321e-02    
8.13579e+00    2.58553e-02    
8.27421e+00    2.49109e-02    
8.41498e+00    2.39980e-02    
8.55815e+00    2.31158e-02    
8.70375e+00    2.22633e-02    
8.85183e+00    2.14399e-02    
9.00242e+00    2.06447e-02    
9.15558e+00    1.98769e-02    
9.31135e+00    1.91358e-02    
9.46977e+00    1.84206e-02    
9.63088e+00    1.77305e-02    
9.79473e+00    1.70648e-02    
9.96137e+00    1.64229e-02    
1.01308e+01    1.58039e-02    
1.03032e+01    1.52071e-02    
1.04785e+01    1.46318e-02    
1.06568e+01    1.40774e-02    
1.08381e+01    1.35431e-02    
1.10225e+01    1.30283e-02    
1.12100e+01    1.25323e-02    
1.14007e+01    1.20544e-02    
1.15947e+01    1.15940e-02    
1.17919e+01    1.11506e-02    
1.19925e+01    1.07235e-02    
1.21966e+01    1.03122e-02    
1.24041e+01    9.91606e-03    
1.26151e+01    9.53460e-03    
1.28297e+01    9.16728e-03    
1.30480e+01    8.81358e-03    
1.32700e+01    8.47303e-03    
1.34958e+01    8.14516e-03    
1.37254e+01    7.82949e-03    
1.39589e+01    7.52561e-03    
1.41964e+01    7.23309e-03    
1.44379e+01    6.95152e-03    
1.46835e+01    6.68052e-03    
1.49333e+01    6.41971e-03    
1.51874e+01    6.16873e-03    
1.54458e+01    5.92722e-03    
1.57086e+01    5.69484e-03    
1.59758e+01    5.47126e-03    
1.62476e+01    5.25618e-03    
1.65241e+01    5.04927e-03    
1.68052e+01    4.85024e-03    
1.70911e+01    4.65882e-03    
1.73819e+01    4.47471e-03    
1.76776e+01    4.29766e-03    
1.79783e+01    4.12740e-03    
1.82842e+01    3.96369e-03    
1.85953e+01    3.80628e-03    
1.89116e+01    3.65493e-03    
1.92334e+01    3.50944e-03    
1.95606e+01    3.36957e-03    
1.98934e+01    3.23512e-03    
2.02319e+01    3.10589e-03    
2.05761e+01    2.98168e-03    
2.09261e+01    2.86230e-03    
2.12821e+01    2.74757e-03    
2.16442e+01    2.63733e-03    
2.20125e+01    2.53139e-03    
2.23870e+01    2.42960e-03    
2.27678e+01    2.33180e-03    
2.31552e+01    2.23784e-03    
2.35491e+01    2.14757e-03    
2.39498e+01    2.06085e-03    
2.43572e+01    1.97756e-03    
2.47716e+01    1.89755e-03    
2.51931e+01    1.82070e-03    
2.56217e+01    1.74689e-03    
2.60576e+01    1.67601e-03    
2.65009e+01    1.60793e-03    
2.69518e+01    1.54256e-03    
2.74103e+01    1.47979e-03    
2.78767e+01    1.41952e-03    
2.83509e+01    1.36165e-03    
2.88333e+01    1.30609e-03    
2.93238e+01    1.25275e-03    
2.98227e+01    1.20154e-03    
3.03301e+01    1.15238e-03    
3.08461e+01    1.10519e-03    
3.13709e+01    1.05989e-03    
3.19046e+01    1.01641e-03    
3.24474e+01    9.74683e-04    
3.29994e+01    9.34633e-04    
3.35609e+01    8.96197e-04    
3.41318e+01    8.59310e-04    
3.47125e+01    8.23913e-04    
3.53031e+01    7.89947e-04    
3.59037e+01    7.57354e-04    
3.65146e+01    7.26081e-04    
3.71358e+01    6.96076e-04    
3.77676e+01    6.67288e-04    
3.84101e+01    6.39670e-04    
3.90636e+01    6.13173e-04    
3.97282e+01    5.87755e-04    
4.04041e+01    5.63372e-04    
4.10915e+01    5.39983e-04    
4.17906e+01    5.17549e-04    
4.25016e+01    4.96030e-04    
4.32247e+01    4.75391e-04    
4.39601e+01    4.55596e-04    
4.47080e+01    4.36612e-04    
4.54686e+01    4.18406e-04    
4.62422e+01    4.00946e-04    
4.70289e+01    3.84204e-04    
4.78290e+01    3.68149e-04    
4.86428e+01    3.52754e-04    
4.94703e+01    3.37993e-04    
5.03120e+01    3.23840e-04    
5.11679e+01    3.10270e-04    
5.20385e+01    2.97260e-04    
5.29238e+01    2.84788e-04    
5.38242e+01    2.72830e-04    
5.47399e+01    2.61368e-04    
5.56712e+01    2.50379e-04    
5.66184e+01    2.39846e-04    
5.75816e+01    2.29750e-04    
5.85613e+01    2.20072e-04    
5.95576e+01    2.10796e-04    
6.05709e+01    2.01905e-04    
6.16014e+01    1.93384e-04    
6.26494e+01    1.85218e-04    
6.37153e+01    1.77392e-04    
6.47993e+01    1.69891e-04    
6.59017e+01    1.62704e-04    
6.70229e+01    1.55817e-04    
6.81632e+01    1.49217e-04    
6.93229e+01    1.42893e-04    
7.05023e+01    1.36833e-04    
7.17017e+01    1.31027e-04    
7.29216e+01    1.25464e-04    
7.41622e+01    1.20134e-04    
7.54240e+01    1.15028e-04    
7.67072e+01    1.10136e-04    
7.80122e+01    1.05450e-04    
7.93394e+01    1.00960e-04    
8.06893e+01    9.66593e-05    
8.20620e+01    9.25395e-05    
8.34582e+01    8.85932e-05    
8.48781e+01    8.48131e-05    
8.63221e+01    8.11924e-05    
8.77907e+01    7.77245e-05    
8.92843e+01    7.44030e-05    
9.08033e+01    7.12218e-05    
9.23482e+01    6.81751e-05    
9.39193e+01    6.52573e-05    
9.55172e+01    6.24630e-05    
9.71423e+01    5.97870e-05    
9.87950e+01    5.72244e-05    
1.00476e+02    5.47706e-05    
1.02185e+02    5.24208e-05    
1.03924e+02    5.01709e-05    
1.05692e+02    4.80166e-05    
1.07490e+02    4.59538e-05    
1.09319e+02    4.39788e-05    
1.11179e+02    4.20880e-05    
1.13070e+02    4.02776e-05    
1.14994e+02    3.85445e-05    
1.16950e+02    3.68852e-05    
1.18940e+02    3.52968e-05    
1.20963e+02    3.37763e-05    
1.23021e+02    3.23207e-05    
1.25114e+02    3.09274e-05    
1.27243e+02    2.95937e-05    
1.29408e+02    2.83171e-05    
1.31609e+02    2.70953e-05    
1.33848e+02    2.59258e-05    
1.36126e+02    2.48065e-05    
1.38442e+02    2.37353e-05    
1.40797e+02    2.27101e-05    
1.43192e+02    2.17290e-05    
1.45628e+02    2.07901e-05    
1.48106e+02    1.98916e-05    
1.50626e+02    1.90319e-05    
1.53188e+02    1.82092e-05    
1.55795e+02    1.74220e-05    
1.58445e+02    1.66688e-05    
1.61141e+02    1.59481e-05    
1.63882e+02    1.52586e-05    
1.66671e+02    1.45989e-05    
1.69506e+02    1.39677e-05    
1.72390e+02    1.33639e-05    
1.75323e+02    1.27863e-05    
1.78306e+02    1.22337e-05    
1.81339e+02    1.17051e-05    
1.84424e+02    1.11995e-05    
1.87562e+02    1.07158e-05    
1.90753e+02    1.02531e-05    
1.93998e+02    9.81054e-06    
1.97299e+02    9.38723e-06    
2.00656e+02    8.98234e-06    
2.04069e+02    8.59507e-06    
2.07541e+02    8.22465e-06    
2.11072e+02    7.87037e-06    
2.14663e+02    7.53151e-06    
2.18315e+02    7.20740e-06    
2.22030e+02    6.89741e-06    
2.25807e+02    6.60092e-06    
2.29649e+02    6.31733e-06    
2.33556e+02    6.04609e-06    
2.37529e+02    5.78665e-06    
2.41570e+02    5.53849e-06    
2.45680e+02    5.30112e-06    
2.49860e+02    5.07406e-06    
2.54111e+02    4.85686e-06    
2.58434e+02    4.64909e-06    
2.62831e+02    4.45032e-06    
2.67303e+02    4.26017e-06    
2.71850e+02    4.07825e-06    
2.76475e+02    3.90420e-06    
2.81179e+02    3.73768e-06    
2.85963e+02    3.57834e-06    
2.90828e+02    3.42588e-06    
2.95776e+02    3.27998e-06    
3.00808e+02    3.14037e-06    
3.05926e+02    3.00676e-06    
3.11131e+02    2.87890e-06    
3.16424e+02    2.75652e-06    
3.21807e+02    2.63940e-06    
3.27282e+02    2.52729e-06    
3.32850e+02    2.41998e-06    
3.38513e+02    2.31726e-06    
3.44272e+02    2.21893e-06    
3.50130e+02    2.12480e-06    
3.56086e+02    2.03469e-06    
3.62145e+02    1.94842e-06    
3.68306e+02    1.86582e-06    
3.74572e+02    1.78675e-06    
3.80944e+02    1.71103e-06    
3.87426e+02    1.63854e-06    
3.94017e+02    1.56912e-06    
4.00720e+02    1.50266e-06    
4.07538e+02    1.43902e-06    
4.14471e+02    1.37807e-06    
4.21523e+02    1.31972e-06    
4.28694e+02    1.26383e-06    
4.35988e+02    1.21032e-06    
4.43405e+02    1.15907e-06    
4.50949e+02    1.10999e-06    
4.58621e+02    1.06300e-06    
4.66424e+02    1.01799e-06    
4.74359e+02    9.74885e-07    
4.82430e+02    9.33606e-07    
4.90637e+02    8.94073e-07    
4.98985e+02    8.56213e-07    
5.07474e+02    8.19954e-07    
5.16108e+02    7.85229e-07    
5.24888e+02    7.51972e-07    
5.33818e+02    7.20122e-07    
5.42900e+02    6.89618e-07    
5.52137e+02    6.60405e-07    
5.61530e+02    6.32426e-07    
5.71084e+02    6.05630e-07    
5.80800e+02    5.79968e-07    
5.90681e+02    5.55390e-07    
6.00730e+02    5.31852e-07    
6.10951e+02    5.09309e-07    
6.21345e+02    4.87719e-07    
6.31916e+02    4.67042e-07    
6.42667e+02    4.47239e-07    
6.53601e+02    4.28274e-07    
6.64720e+02    4.10111e-07    
6.76029e+02    3.92716e-07    
6.87531e+02    3.76057e-07    
6.99228e+02    3.60103e-07    
7.11124e+02    3.44824e-07    
7.23223e+02    3.30191e-07    
7.35527e+02    3.16178e-07    
7.48041e+02    3.02757e-07    
7.60767e+02    2.89905e-07    
7.73710e+02    2.77597e-07    
7.86873e+02    2.65809e-07    
8.00261e+02    2.54521e-07    
8.13876e+02    2.43711e-07    
8.27722e+02    2.33358e-07    
8.41805e+02    2.23444e-07    
8.56126e+02    2.13950e-07    
8.70692e+02    2.04859e-07    
8.85505e+02    1.96152e-07    
9.00570e+02    1.87814e-07    
9.15892e+02    1.79830e-07    
9.31474e+02    1.72184e-07    
9.47321e+02    1.64862e-07    
9.63438e+02    1.57851e-07    
9.79830e+02    1.51137e-07    
9.96500e+02    1.44708e-07    
1.01345e+03    1.38551e-07    
1.03070e+03    1.32656e-07    
1.04823e+03    1.27010e-07    
1.06606e+03    1.21605e-07    
1.08420e+03    1.16428e-07    
1.10265e+03    1.11472e-07    
1.12141e+03    1.06725e-07    
1.14049e+03    1.02181e-07    
1.15989e+03    9.78288e-08    
1.17962e+03    9.36618e-08    
1.19969e+03    8.96718e-08    
1.22010e+03    8.58513e-08    
1.24086e+03    8.21931e-08    
1.26197e+03    7.86904e-08    
1.28344e+03    7.53364e-08    
1.30528e+03    7.21251e-08    
1.32748e+03    6.90502e-08    
1.35007e+03    6.61060e-08    
1.37304e+03    6.32871e-08    
1.39640e+03    6.05880e-08    
1.42015e+03    5.80037e-08    
1.44432e+03    5.55293e-08    
1.46889e+03    5.31602e-08    
1.49388e+03    5.08919e-08    
1.51929e+03    4.87201e-08    
1.54514e+03    4.66407e-08    
1.57143e+03    4.46498e-08    
1.59816e+03    4.27437e-08    
1.62535e+03    4.09187e-08    
1.65301e+03    3.91715e-08    
1.68113e+03    3.74986e-08    
1.70973e+03    3.58970e-08    
1.73882e+03    3.43636e-08    
1.76840e+03    3.28956e-08    
1.79849e+03    3.14901e-08    
1.82909e+03    3.01445e-08    
1.86021e+03    2.88562e-08    
1.89185e+03    2.76229e-08    
1.92404e+03    2.64421e-08    
1.95677e+03    2.53117e-08    
1.99006e+03    2.42294e-08    
2.02392e+03    2.31933e-08    
2.05836e+03    2.22015e-08    
2.09337e+03    2.12519e-08    
2.12899e+03    2.03428e-08    
2.16521e+03    1.94725e-08    
2.20205e+03    1.86394e-08    
2.23951e+03    1.78418e-08    
2.27761e+03    1.70783e-08    
2.31636e+03    1.63473e-08    
2.35577e+03    1.56476e-08    
2.39585e+03    1.49777e-08    
2.43661e+03    1.43364e-08    
2.47807e+03    1.37226e-08    
2.52023e+03    1.31349e-08    
2.56310e+03    1.25724e-08    
2.60671e+03    1.20339e-08    
2.65106e+03    1.15184e-08    
2.69616e+03    1.10249e-08    
2.74203e+03    1.05525e-08    
2.78868e+03    1.01003e-08    
2.83613e+03    9.66745e-09    
2.88438e+03    9.25309e-09    
2.93345e+03    8.85646e-09    
2.98336e+03    8.47678e-09    
3.03411e+03    8.11334e-09    
3.08573e+03    7.76545e-09    
3.13823e+03    7.43245e-09    
3.19162e+03    7.11368e-09    
3.24592e+03    6.80856e-09    
3.30115e+03    6.51650e-09    
3.35731e+03    6.23693e-09    
3.41443e+03    5.96933e-09    
3.47252e+03    5.71319e-09    
3.53160e+03    5.46801e-09    
3.59168e+03    5.23333e-09    
3.65279e+03    5.00870e-09    
3.71493e+03    4.79369e-09    
3.77813e+03    4.58789e-09    
3.84241e+03    4.39091e-09    
3.90778e+03    4.20236e-09    
3.97427e+03    4.02189e-09    
4.04188e+03    3.84916e-09    
4.11065e+03    3.68383e-09    
4.18058e+03    3.52558e-09    
4.25171e+03    3.37412e-09    
4.32404e+03    3.22915e-09    
4.39761e+03    3.09039e-09    
4.47243e+03    2.95759e-09    
4.54852e+03    2.83047e-09    
4.62590e+03    2.70882e-09    
4.70460e+03    2.59237e-09    
4.78464e+03    2.48093e-09    
4.86605e+03    2.37426e-09    
4.94883e+03    2.27217e-09    
5.03303e+03    2.17446e-09    
5.11866e+03    2.08095e-09    
5.20574e+03    1.99145e-09    
5.29431e+03    1.90579e-09    
5.38438e+03    1.82380e-09    
5.47599e+03    1.74534e-09    
5.56915e+03    1.67024e-09    
5.66390e+03    1.59837e-09    
5.76026e+03    1.52959e-09    
5.85826e+03    1.46376e-09    
5.95793e+03    1.40076e-09    
6.05929e+03    1.34046e-09    
6.16238e+03    1.28275e-09    
6.26722e+03    1.22753e-09    
6.37385e+03    1.17467e-09    
6.48229e+03    1.12409e-09    
6.59257e+03    1.07568e-09    
6.70473e+03    1.02935e-09    
6.81880e+03    9.85018e-10    
6.93481e+03    9.42588e-10    
7.05279e+03    9.01981e-10    
7.17278e+03    8.63121e-10    
7.29482e+03    8.25932e-10    
7.41892e+03    7.90342e-10    
7.54514e+03    7.56282e-10    
7.67351e+03    7.23688e-10    
7.80406e+03    6.92496e-10    
7.93683e+03    6.62646e-10    
8.07186e+03    6.34080e-10    
8.20919e+03    6.06743e-10    
8.34886e+03    5.80583e-10    
8.49090e+03    5.55548e-10    
8.63536e+03    5.31591e-10    
8.78227e+03    5.08666e-10    
8.93168e+03    4.86727e-10    
9.08364e+03    4.65732e-10    
9.23818e+03    4.45642e-10    
9.39535e+03    4.26417e-10    
9.55520e+03    4.08019e-10    
9.71776e+03    3.90414e-10    
9.88309e+03    3.73567e-10    
1.00512e+04    3.57446e-10    
1.02222e+04    3.42020e-10    
1.03962e+04    3.27258e-10    
1.05730e+04    3.13132e-10    
1.07529e+04    2.99614e-10    
1.09358e+04    2.86680e-10    
1.11219e+04    2.74302e-10    
1.13111e+04    2.62459e-10    
1.15036e+04    2.51125e-10    
1.16993e+04    2.40280e-10    
1.18983e+04    2.29903e-10    
1.21007e+04    2.19973e-10    
1.23066e+04    2.10472e-10    
1.25160e+04    2.01380e-10    
1.27289e+04    1.92680e-10    
1.29455e+04    1.84356e-10    
1.31657e+04    1.76390e-10    
1.33897e+04    1.68768e-10    
1.36175e+04    1.61475e-10    
1.38492e+04    1.54497e-10    
1.40848e+04    1.47819e-10    
1.43244e+04    1.41430e-10    
1.45681e+04    1.35316e-10    
1.48160e+04    1.29467e-10    
1.50681e+04    1.23870e-10    
1.53244e+04    1.18514e-10    
1.55851e+04    1.13390e-10    
1.58503e+04    1.08487e-10    
1.61200e+04    1.03795e-10    
1.63942e+04    9.93061e-11    
1.66731e+04    9.50111e-11    
1.69568e+04    9.09015e-11    
1.72453e+04    8.69693e-11    
1.75387e+04    8.32071e-11    
1.78371e+04    7.96073e-11    
1.81405e+04    7.61630e-11    
1.84492e+04    7.28675e-11    
1.87630e+04    6.97144e-11    
1.90823e+04    6.66976e-11    
1.94069e+04    6.38111e-11    
1.97371e+04    6.10493e-11    
2.00729e+04    5.84069e-11    
2.04144e+04    5.58787e-11    
2.07617e+04    5.34597e-11    
2.11149e+04    5.11454e-11    
2.14741e+04    4.89311e-11    
2.18395e+04    4.68125e-11    
2.22110e+04    4.47855e-11    
2.25889e+04    4.28461e-11    
2.29732e+04    4.09906e-11    
2.33641e+04    3.92154e-11    
2.37616e+04    3.75169e-11    
2.41658e+04    3.58919e-11    
2.45770e+04    3.43372e-11    
2.49951e+04    3.28497e-11    
2.54204e+04    3.14266e-11    
2.58528e+04    3.00650e-11    
2.62927e+04    2.87623e-11    
2.67400e+04    2.75161e-11    
2.71949e+04    2.63237e-11    
2.76576e+04    2.51829e-11    
2.81282e+04    2.40915e-11    
2.86067e+04    2.30474e-11    
2.90934e+04    2.20484e-11    
2.95884e+04    2.10927e-11    
3.00918e+04    2.01784e-11    
3.06037e+04    1.93036e-11    
3.11244e+04    1.84667e-11    
3.16539e+04    1.76661e-11    
3.21924e+04    1.69001e-11    
3.27401e+04    1.61673e-11    
3.32972e+04    1.54662e-11    
3.38636e+04    1.47955e-11    
3.44398e+04    1.41538e-11    
3.50257e+04    1.35399e-11    
3.56216e+04    1.29526e-11    
3.62276e+04    1.23908e-11    
3.68440e+04    1.18533e-11    
3.74708e+04    1.13391e-11    
3.81083e+04    1.08471e-11    
3.87567e+04    1.03765e-11    
3.94160e+04    9.92628e-12    
4.00866e+04    9.49556e-12    
4.07686e+04    9.08351e-12    
4.14622e+04    8.68932e-12    
4.21676e+04    8.31222e-12    
4.28850e+04    7.95146e-12    
4.36147e+04    7.60634e-12    
4.43567e+04    7.27618e-12    
4.51113e+04    6.96034e-12    
4.58788e+04    6.65819e-12    
4.66594e+04    6.36914e-12    
4.74532e+04    6.09262e-12    
4.82605e+04    5.82809e-12    
4.90816e+04    5.57504e-12    
4.99166e+04    5.33296e-12    
5.07659e+04    5.10138e-12    
5.16296e+04    4.87985e-12    
5.25079e+04    4.66792e-12    
5.34013e+04    4.46519e-12    
5.43098e+04    4.27125e-12    
5.52338e+04    4.08573e-12    
5.61735e+04    3.90826e-12    
5.71292e+04    3.73848e-12    
5.81011e+04    3.57608e-12    
5.90896e+04    3.42072e-12    
6.00949e+04    3.27210e-12    
6.11173e+04    3.12993e-12    
6.21571e+04    2.99393e-12    
6.32146e+04    2.86384e-12    
6.42901e+04    2.73939e-12    
6.53839e+04    2.62035e-12    
6.64963e+04    2.50647e-12    
6.76276e+04    2.39753e-12    
6.87781e+04    2.29333e-12    
6.99483e+04    2.19365e-12    
7.11383e+04    2.09830e-12    
7.23486e+04    2.00708e-12    
7.35795e+04    1.91983e-12    
7.48313e+04    1.83637e-12    
7.61044e+04    1.75653e-12    
7.73992e+04    1.68016e-12    
7.87160e+04    1.60711e-12    
8.00552e+04    1.53723e-12    
8.14172e+04    1.47039e-12    
8.28024e+04    1.40645e-12    
8.42111e+04    1.34528e-12    
8.56438e+04    1.28678e-12    
8.71009e+04    1.23081e-12    
8.85827e+04    1.17728e-12    
9.00898e+04    1.12608e-12    
9.16225e+04    1.07709e-12    
9.31813e+04    1.03024e-12    
9.47666e+04    9.85424e-13    
9.63789e+04    9.42555e-13    
9.80186e+04    9.01549e-13    
9.96862e+04    8.62326e-13    
1.01382e+05    8.24807e-13    
1.03107e+05    7.88919e-13    
1.04861e+05    7.54591e-13    
1.06645e+05    7.21756e-13    
1.08460e+05    6.90348e-13    
1.10305e+05    6.60305e-13    
1.12182e+05    6.31569e-13    
1.14090e+05    6.04082e-13    
1.16031e+05    5.77790e-13    
1.18005e+05    5.52642e-13    
1.20013e+05    5.28587e-13    
1.22055e+05    5.05578e-13    
1.24131e+05    4.83570e-13    
1.26243e+05    4.62519e-13    
1.28391e+05    4.42383e-13    
1.30575e+05    4.23124e-13    
1.32797e+05    4.04702e-13    
1.35056e+05    3.87081e-13    
1.37354e+05    3.70227e-13    
1.39691e+05    3.54107e-13    
1.42067e+05    3.38687e-13    
1.44484e+05    3.23939e-13    
1.46942e+05    3.09832e-13    
1.49442e+05    2.96339e-13    
1.51985e+05    2.83433e-13    
1.54570e+05    2.71088e-13    
1.57200e+05    2.59281e-13    
1.59875e+05    2.47988e-13    
1.62595e+05    2.37186e-13    
1.65361e+05    2.26854e-13    
1.68174e+05    2.16972e-13    
1.71035e+05    2.07520e-13    
1.73945e+05    1.98480e-13    
1.76905e+05    1.89833e-13    
1.79914e+05    1.81562e-13    
1.82975e+05    1.73652e-13    
1.86088e+05    1.66086e-13    
1.89254e+05    1.58849e-13    
1.92474e+05    1.51927e-13    
1.95749e+05    1.45307e-13    
1.99079e+05    1.38975e-13    
2.02466e+05    1.32918e-13    
2.05910e+05    1.27126e-13    
2.09414e+05    1.21585e-13    
2.12976e+05    1.16286e-13    
2.16600e+05    1.11218e-13    
2.20285e+05    1.06370e-13    
2.24033e+05    1.01734e-13    
2.27844e+05    9.72994e-14    
2.31721e+05    9.30581e-14    
2.35663e+05    8.90015e-14    
2.39672e+05    8.51215e-14    
2.43750e+05    8.14107e-14    
2.47897e+05    7.78614e-14    
2.52114e+05    7.44668e-14    
2.56404e+05    7.12201e-14    
2.60766e+05    6.81148e-14    
2.65202e+05    6.51448e-14    
2.69714e+05    6.23043e-14    
2.74303e+05    5.95875e-14    
2.78970e+05    5.69890e-14    
2.83716e+05    5.45038e-14    
2.88543e+05    5.21270e-14    
2.93452e+05    4.98537e-14    
2.98444e+05    4.76794e-14    
3.03522e+05    4.55999e-14    
3.08686e+05    4.36111e-14    
3.13937e+05    4.17089e-14    
3.19279e+05    3.98897e-14    
3.24710e+05    3.81497e-14    
3.30235e+05    3.64856e-14    
3.35853e+05    3.48940e-14    
3.41567e+05    3.33718e-14    
3.47378e+05    3.19160e-14    
3.53288e+05    3.05237e-14    
3.59299e+05    2.91920e-14    
3.65412e+05    2.79184e-14    
3.71628e+05    2.67003e-14    
3.77951e+05    2.55354e-14    
3.84381e+05    2.44212e-14    
3.90921e+05    2.33556e-14    
3.97572e+05    2.23365e-14    
4.04336e+05    2.13618e-14    
4.11215e+05    2.04296e-14    
4.18211e+05    1.95381e-14    
4.25326e+05    1.86855e-14    
4.32562e+05    1.78700e-14    
4.39921e+05    1.70901e-14    
4.47406e+05    1.63442e-14    
4.55017e+05    1.56309e-14    
4.62759e+05    1.49487e-14    
4.70632e+05    1.42962e-14    
4.78639e+05    1.36722e-14    
4.86782e+05    1.30754e-14    
4.95064e+05    1.25046e-14    
5.03486e+05    1.19588e-14    
5.12052e+05    1.14368e-14    
5.20764e+05    1.09375e-14    
5.29624e+05    1.04600e-14    
5.38634e+05    1.00034e-14    
5.47798e+05    9.56662e-15    
5.57118e+05    9.14895e-15    
5.66596e+05    8.74951e-15    
5.76236e+05    8.36749e-15    
5.86039e+05    8.00214e-15    
5.96010e+05    7.65274e-15    
6.06150e+05    7.31858e-15    
6.16462e+05    6.99901e-15    
6.26950e+05    6.69338e-15    
6.37617e+05    6.40110e-15    
6.48465e+05    6.12156e-15    
6.59497e+05    5.85423e-15    
6.70717e+05    5.59857e-15    
6.82128e+05    5.35406e-15    
6.93734e+05    5.12023e-15    
7.05536e+05    4.89661e-15    
7.17540e+05    4.68274e-15    
7.29747e+05    4.47822e-15    
7.42163e+05    4.28262e-15    
7.54789e+05    4.09556e-15    
7.67630e+05    3.91666e-15    
7.80690e+05    3.74558e-15    
7.93972e+05    3.58196e-15    
8.07480e+05    3.42549e-15    
8.21218e+05    3.27585e-15    
8.35190e+05    3.13274e-15    
8.49399e+05    2.99589e-15    
8.63850e+05    2.86500e-15    
8.78547e+05    2.73984e-15    
8.93494e+05    2.62013e-15    
9.08695e+05    2.50566e-15    
9.24155e+05    2.39618e-15    
9.39877e+05    2.29149e-15    
9.55868e+05    2.19137e-15    
9.72130e+05    2.09562e-15    
9.88669e+05    2.00405e-15    
1.00549e+06    1.91648e-15    
1.02260e+06    1.83273e-15    
1.03999e+06    1.75265e-15    
1.05769e+06    1.67606e-15    
1.07568e+06    1.60281e-15    
1.09398e+06    1.53277e-15    
1.11260e+06    1.46578e-15    
1.13152e+06    1.40172e-15    
1.15077e+06    1.34046e-15    
1.17035e+06    1.28188e-15    
1.19026e+06    1.22585e-15    
1.21051e+06    1.17228e-15    
1.23111e+06    1.12104e-15    
1.25205e+06    1.07204e-15    
1.27336e+06    1.02518e-15    
1.29502e+06    9.80371e-16    
1.31705e+06    9.37517e-16    
1.33946e+06    8.96537e-16    
1.36225e+06    8.57346e-16    
1.38542e+06    8.19868e-16    
1.40899e+06    7.84028e-16    
1.43297e+06    7.49754e-16    
1.45735e+06    7.16977e-16    
1.48214e+06    6.85633e-16    
1.50736e+06    6.55658e-16    
1.53300e+06    6.26994e-16    
1.55908e+06    5.99582e-16    
1.58561e+06    5.73367e-16    
1.61258e+06    5.48299e-16    
1.64002e+06    5.24326e-16    
1.66792e+06    5.01401e-16    
1.69630e+06    4.79477e-16    
1.72516e+06    4.58512e-16    
1.75451e+06    4.38464e-16    
1.78436e+06    4.19291e-16    
1.81471e+06    4.00957e-16    
1.84559e+06    3.83423e-16    
1.87699e+06    3.66657e-16    
1.90892e+06    3.50623e-16    
1.94140e+06    3.35290e-16    
1.97443e+06    3.20627e-16    
2.00802e+06    3.06606e-16    
2.04218e+06    2.93197e-16    
2.07693e+06    2.80374e-16    

