# USINE V4.0
# File generated 13-05-2022 10:50:32
# Model1DKisoVc
# F
# SolMod0DFF_phi0_370GV
# R [GV]       TOA [GV m^{2} s sr]^{-1}
9.11411e-02    4.97664e-05    
9.27015e-02    5.23380e-05    
9.42885e-02    5.50419e-05    
9.59027e-02    5.78849e-05    
9.75446e-02    6.08742e-05    
9.92145e-02    6.40171e-05    
1.00913e-01    6.73217e-05    
1.02641e-01    7.07960e-05    
1.04398e-01    7.44489e-05    
1.06185e-01    7.82893e-05    
1.08003e-01    8.23270e-05    
1.09852e-01    8.65718e-05    
1.11733e-01    9.10345e-05    
1.13646e-01    9.57260e-05    
1.15591e-01    1.00658e-04    
1.17570e-01    1.05843e-04    
1.19583e-01    1.11294e-04    
1.21630e-01    1.17023e-04    
1.23712e-01    1.23046e-04    
1.25830e-01    1.29378e-04    
1.27985e-01    1.36033e-04    
1.30176e-01    1.43029e-04    
1.32404e-01    1.50382e-04    
1.34671e-01    1.58111e-04    
1.36977e-01    1.66234e-04    
1.39322e-01    1.74773e-04    
1.41707e-01    1.83747e-04    
1.44133e-01    1.93179e-04    
1.46600e-01    2.03092e-04    
1.49110e-01    2.13510e-04    
1.51663e-01    2.24459e-04    
1.54259e-01    2.35965e-04    
1.56900e-01    2.48057e-04    
1.59586e-01    2.60764e-04    
1.62319e-01    2.74117e-04    
1.65097e-01    2.88148e-04    
1.67924e-01    3.02892e-04    
1.70799e-01    3.18384e-04    
1.73723e-01    3.34662e-04    
1.76697e-01    3.51765e-04    
1.79722e-01    3.69735e-04    
1.82799e-01    3.88615e-04    
1.85928e-01    4.08451e-04    
1.89111e-01    4.29290e-04    
1.92349e-01    4.51182e-04    
1.95642e-01    4.74180e-04    
1.98991e-01    4.98338e-04    
2.02398e-01    5.23713e-04    
2.05863e-01    5.50358e-04    
2.09387e-01    5.78332e-04    
2.12972e-01    6.07701e-04    
2.16618e-01    6.38531e-04    
2.20327e-01    6.70892e-04    
2.24099e-01    7.04859e-04    
2.27935e-01    7.40506e-04    
2.31838e-01    7.77916e-04    
2.35807e-01    8.17169e-04    
2.39844e-01    8.58355e-04    
2.43950e-01    9.01564e-04    
2.48126e-01    9.46890e-04    
2.52374e-01    9.94432e-04    
2.56695e-01    1.04429e-03    
2.61089e-01    1.09658e-03    
2.65559e-01    1.15141e-03    
2.70105e-01    1.20889e-03    
2.74730e-01    1.26915e-03    
2.79433e-01    1.33231e-03    
2.84217e-01    1.39851e-03    
2.89083e-01    1.46788e-03    
2.94032e-01    1.54055e-03    
2.99065e-01    1.61669e-03    
3.04185e-01    1.69644e-03    
3.09393e-01    1.77996e-03    
3.14690e-01    1.86741e-03    
3.20077e-01    1.95898e-03    
3.25557e-01    2.05482e-03    
3.31131e-01    2.15513e-03    
3.36800e-01    2.26010e-03    
3.42566e-01    2.36991e-03    
3.48430e-01    2.48478e-03    
3.54395e-01    2.60492e-03    
3.60463e-01    2.73053e-03    
3.66634e-01    2.86184e-03    
3.72910e-01    2.99908e-03    
3.79295e-01    3.14249e-03    
3.85788e-01    3.29231e-03    
3.92393e-01    3.44878e-03    
3.99111e-01    3.61217e-03    
4.05943e-01    3.78274e-03    
4.12893e-01    3.96075e-03    
4.19962e-01    4.14649e-03    
4.27151e-01    4.34023e-03    
4.34464e-01    4.54226e-03    
4.41902e-01    4.75287e-03    
4.49468e-01    4.97237e-03    
4.57162e-01    5.20105e-03    
4.64989e-01    5.43923e-03    
4.72950e-01    5.68722e-03    
4.81046e-01    5.94533e-03    
4.89282e-01    6.21388e-03    
4.97658e-01    6.49319e-03    
5.06178e-01    6.78359e-03    
5.14844e-01    7.08540e-03    
5.23658e-01    7.39894e-03    
5.32623e-01    7.72453e-03    
5.41742e-01    8.06250e-03    
5.51016e-01    8.41317e-03    
5.60450e-01    8.77684e-03    
5.70044e-01    9.15382e-03    
5.79804e-01    9.54442e-03    
5.89730e-01    9.94893e-03    
5.99826e-01    1.03676e-02    
6.10095e-01    1.08008e-02    
6.20540e-01    1.12487e-02    
6.31163e-01    1.17115e-02    
6.41969e-01    1.21895e-02    
6.52959e-01    1.26829e-02    
6.64138e-01    1.31919e-02    
6.75508e-01    1.37166e-02    
6.87073e-01    1.42572e-02    
6.98835e-01    1.48137e-02    
7.10799e-01    1.53863e-02    
7.22968e-01    1.59750e-02    
7.35345e-01    1.65797e-02    
7.47934e-01    1.72005e-02    
7.60739e-01    1.78373e-02    
7.73763e-01    1.84899e-02    
7.87009e-01    1.91581e-02    
8.00483e-01    1.98418e-02    
8.14187e-01    2.05407e-02    
8.28126e-01    2.12544e-02    
8.42303e-01    2.19825e-02    
8.56724e-01    2.27246e-02    
8.71391e-01    2.34802e-02    
8.86309e-01    2.42486e-02    
9.01482e-01    2.50293e-02    
9.16916e-01    2.58214e-02    
9.32613e-01    2.66243e-02    
9.48580e-01    2.74370e-02    
9.64819e-01    2.82585e-02    
9.81337e-01    2.90879e-02    
9.98137e-01    2.99241e-02    
1.01523e+00    3.07658e-02    
1.03261e+00    3.16118e-02    
1.05028e+00    3.24607e-02    
1.06826e+00    3.33111e-02    
1.08655e+00    3.41615e-02    
1.10516e+00    3.50103e-02    
1.12408e+00    3.58559e-02    
1.14332e+00    3.66964e-02    
1.16289e+00    3.75302e-02    
1.18280e+00    3.83552e-02    
1.20305e+00    3.91696e-02    
1.22365e+00    3.99714e-02    
1.24460e+00    4.07585e-02    
1.26590e+00    4.15288e-02    
1.28758e+00    4.22803e-02    
1.30962e+00    4.30108e-02    
1.33204e+00    4.37181e-02    
1.35484e+00    4.44001e-02    
1.37804e+00    4.50547e-02    
1.40163e+00    4.56798e-02    
1.42563e+00    4.62735e-02    
1.45003e+00    4.68337e-02    
1.47486e+00    4.73586e-02    
1.50011e+00    4.78466e-02    
1.52579e+00    4.82962e-02    
1.55191e+00    4.87061e-02    
1.57848e+00    4.90753e-02    
1.60550e+00    4.94031e-02    
1.63299e+00    4.96891e-02    
1.66095e+00    4.99334e-02    
1.68938e+00    5.01364e-02    
1.71830e+00    5.02982e-02    
1.74772e+00    5.04195e-02    
1.77764e+00    5.05008e-02    
1.80807e+00    5.05429e-02    
1.83903e+00    5.05466e-02    
1.87051e+00    5.05125e-02    
1.90254e+00    5.04413e-02    
1.93511e+00    5.03338e-02    
1.96824e+00    5.01907e-02    
2.00193e+00    5.00127e-02    
2.03620e+00    4.98010e-02    
2.07106e+00    4.95566e-02    
2.10652e+00    4.92808e-02    
2.14258e+00    4.89748e-02    
2.17927e+00    4.86401e-02    
2.21657e+00    4.82781e-02    
2.25452e+00    4.78901e-02    
2.29312e+00    4.74776e-02    
2.33238e+00    4.70417e-02    
2.37231e+00    4.65838e-02    
2.41292e+00    4.61049e-02    
2.45423e+00    4.56060e-02    
2.49625e+00    4.50877e-02    
2.53898e+00    4.45504e-02    
2.58245e+00    4.39942e-02    
2.62666e+00    4.34193e-02    
2.67163e+00    4.28259e-02    
2.71737e+00    4.22145e-02    
2.76389e+00    4.15859e-02    
2.81121e+00    4.09408e-02    
2.85933e+00    4.02806e-02    
2.90828e+00    3.96068e-02    
2.95807e+00    3.89213e-02    
3.00872e+00    3.82261e-02    
3.06023e+00    3.75228e-02    
3.11262e+00    3.68133e-02    
3.16590e+00    3.60989e-02    
3.22010e+00    3.53810e-02    
3.27523e+00    3.46605e-02    
3.33130e+00    3.39385e-02    
3.38834e+00    3.32156e-02    
3.44634e+00    3.24924e-02    
3.50535e+00    3.17690e-02    
3.56536e+00    3.10454e-02    
3.62640e+00    3.03213e-02    
3.68848e+00    2.95964e-02    
3.75163e+00    2.88701e-02    
3.81585e+00    2.81417e-02    
3.88118e+00    2.74109e-02    
3.94763e+00    2.66776e-02    
4.01521e+00    2.59418e-02    
4.08395e+00    2.52045e-02    
4.15387e+00    2.44671e-02    
4.22498e+00    2.37316e-02    
4.29731e+00    2.30006e-02    
4.37088e+00    2.22769e-02    
4.44571e+00    2.15630e-02    
4.52182e+00    2.08612e-02    
4.59923e+00    2.01733e-02    
4.67797e+00    1.95008e-02    
4.75806e+00    1.88446e-02    
4.83952e+00    1.82055e-02    
4.92237e+00    1.75837e-02    
5.00664e+00    1.69792e-02    
5.09235e+00    1.63918e-02    
5.17953e+00    1.58215e-02    
5.26821e+00    1.52678e-02    
5.35840e+00    1.47305e-02    
5.45013e+00    1.42090e-02    
5.54344e+00    1.37030e-02    
5.63834e+00    1.32121e-02    
5.73487e+00    1.27360e-02    
5.83305e+00    1.22741e-02    
5.93291e+00    1.18262e-02    
6.03449e+00    1.13919e-02    
6.13780e+00    1.09709e-02    
6.24287e+00    1.05628e-02    
6.34975e+00    1.01673e-02    
6.45846e+00    9.78409e-03    
6.56903e+00    9.41288e-03    
6.68149e+00    9.05335e-03    
6.79588e+00    8.70523e-03    
6.91222e+00    8.36824e-03    
7.03056e+00    8.04214e-03    
7.15092e+00    7.72666e-03    
7.27334e+00    7.42156e-03    
7.39786e+00    7.12660e-03    
7.52451e+00    6.84156e-03    
7.65333e+00    6.56624e-03    
7.78436e+00    6.30042e-03    
7.91763e+00    6.04390e-03    
8.05317e+00    5.79649e-03    
8.19104e+00    5.55799e-03    
8.33127e+00    5.32820e-03    
8.47391e+00    5.10691e-03    
8.61898e+00    4.89390e-03    
8.76653e+00    4.68897e-03    
8.91662e+00    4.49191e-03    
9.06927e+00    4.30252e-03    
9.22453e+00    4.12058e-03    
9.38246e+00    3.94589e-03    
9.54309e+00    3.77823e-03    
9.70646e+00    3.61739e-03    
9.87264e+00    3.46315e-03    
1.00417e+01    3.31528e-03    
1.02136e+01    3.17355e-03    
1.03884e+01    3.03772e-03    
1.05663e+01    2.90755e-03    
1.07472e+01    2.78279e-03    
1.09312e+01    2.66319e-03    
1.11183e+01    2.54853e-03    
1.13086e+01    2.43859e-03    
1.15022e+01    2.33317e-03    
1.16992e+01    2.23206e-03    
1.18995e+01    2.13510e-03    
1.21032e+01    2.04211e-03    
1.23104e+01    1.95294e-03    
1.25211e+01    1.86745e-03    
1.27355e+01    1.78550e-03    
1.29535e+01    1.70697e-03    
1.31753e+01    1.63172e-03    
1.34008e+01    1.55963e-03    
1.36303e+01    1.49059e-03    
1.38636e+01    1.42447e-03    
1.41010e+01    1.36115e-03    
1.43424e+01    1.30054e-03    
1.45879e+01    1.24251e-03    
1.48377e+01    1.18696e-03    
1.50917e+01    1.13379e-03    
1.53500e+01    1.08290e-03    
1.56128e+01    1.03420e-03    
1.58801e+01    9.87598e-04    
1.61520e+01    9.43016e-04    
1.64285e+01    9.00368e-04    
1.67098e+01    8.59574e-04    
1.69958e+01    8.20558e-04    
1.72868e+01    7.83248e-04    
1.75828e+01    7.47573e-04    
1.78838e+01    7.13464e-04    
1.81899e+01    6.80856e-04    
1.85013e+01    6.49688e-04    
1.88181e+01    6.19897e-04    
1.91403e+01    5.91427e-04    
1.94679e+01    5.64222e-04    
1.98012e+01    5.38228e-04    
2.01402e+01    5.13393e-04    
2.04850e+01    4.89668e-04    
2.08357e+01    4.67006e-04    
2.11924e+01    4.45362e-04    
2.15552e+01    4.24691e-04    
2.19243e+01    4.04952e-04    
2.22996e+01    3.86106e-04    
2.26814e+01    3.68113e-04    
2.30697e+01    3.50935e-04    
2.34646e+01    3.34536e-04    
2.38663e+01    3.18882e-04    
2.42749e+01    3.03940e-04    
2.46905e+01    2.89679e-04    
2.51132e+01    2.76068e-04    
2.55432e+01    2.63081e-04    
2.59805e+01    2.50688e-04    
2.64252e+01    2.38864e-04    
2.68776e+01    2.27582e-04    
2.73378e+01    2.16821e-04    
2.78058e+01    2.06555e-04    
2.82818e+01    1.96763e-04    
2.87660e+01    1.87423e-04    
2.92585e+01    1.78517e-04    
2.97594e+01    1.70023e-04    
3.02689e+01    1.61923e-04    
3.07871e+01    1.54201e-04    
3.13142e+01    1.46838e-04    
3.18502e+01    1.39818e-04    
3.23955e+01    1.33127e-04    
3.29501e+01    1.26748e-04    
3.35142e+01    1.20668e-04    
3.40880e+01    1.14873e-04    
3.46716e+01    1.09351e-04    
3.52652e+01    1.04088e-04    
3.58689e+01    9.90727e-05    
3.64830e+01    9.42941e-05    
3.71076e+01    8.97411e-05    
3.77428e+01    8.54034e-05    
3.83890e+01    8.12710e-05    
3.90462e+01    7.73345e-05    
3.97147e+01    7.35847e-05    
4.03946e+01    7.00132e-05    
4.10861e+01    6.66115e-05    
4.17895e+01    6.33718e-05    
4.25050e+01    6.02867e-05    
4.32327e+01    5.73488e-05    
4.39728e+01    5.45514e-05    
4.47256e+01    5.18878e-05    
4.54913e+01    4.93518e-05    
4.62701e+01    4.69375e-05    
4.70623e+01    4.46391e-05    
4.78680e+01    4.24512e-05    
4.86875e+01    4.03686e-05    
4.95210e+01    3.83864e-05    
5.03688e+01    3.64998e-05    
5.12311e+01    3.47042e-05    
5.21082e+01    3.29955e-05    
5.30002e+01    3.13694e-05    
5.39076e+01    2.98221e-05    
5.48305e+01    2.83499e-05    
5.57692e+01    2.69491e-05    
5.67240e+01    2.56163e-05    
5.76951e+01    2.43485e-05    
5.86828e+01    2.31423e-05    
5.96875e+01    2.19949e-05    
6.07093e+01    2.09035e-05    
6.17486e+01    1.98654e-05    
6.28058e+01    1.88781e-05    
6.38810e+01    1.79391e-05    
6.49746e+01    1.70461e-05    
6.60870e+01    1.61968e-05    
6.72184e+01    1.53892e-05    
6.83692e+01    1.46213e-05    
6.95397e+01    1.38912e-05    
7.07302e+01    1.31970e-05    
7.19411e+01    1.25370e-05    
7.31727e+01    1.19095e-05    
7.44254e+01    1.13130e-05    
7.56996e+01    1.07459e-05    
7.69955e+01    1.02069e-05    
7.83137e+01    9.69458e-06    
7.96544e+01    9.20762e-06    
8.10181e+01    8.74479e-06    
8.24051e+01    8.30493e-06    
8.38159e+01    7.88691e-06    
8.52508e+01    7.48966e-06    
8.67103e+01    7.11217e-06    
8.81948e+01    6.75348e-06    
8.97047e+01    6.41266e-06    
9.12404e+01    6.08884e-06    
9.28025e+01    5.78118e-06    
9.43912e+01    5.48889e-06    
9.60072e+01    5.21121e-06    
9.76508e+01    4.94743e-06    
9.93226e+01    4.69686e-06    
1.01023e+02    4.45884e-06    
1.02753e+02    4.23277e-06    
1.04512e+02    4.01805e-06    
1.06301e+02    3.81411e-06    
1.08121e+02    3.62043e-06    
1.09972e+02    3.43650e-06    
1.11854e+02    3.26183e-06    
1.13769e+02    3.09597e-06    
1.15717e+02    2.93848e-06    
1.17698e+02    2.78894e-06    
1.19713e+02    2.64696e-06    
1.21763e+02    2.51215e-06    
1.23847e+02    2.38417e-06    
1.25968e+02    2.26268e-06    
1.28124e+02    2.14734e-06    
1.30318e+02    2.03786e-06    
1.32549e+02    1.93394e-06    
1.34818e+02    1.83530e-06    
1.37126e+02    1.74168e-06    
1.39473e+02    1.65282e-06    
1.41861e+02    1.56849e-06    
1.44290e+02    1.48846e-06    
1.46760e+02    1.41252e-06    
1.49273e+02    1.34045e-06    
1.51828e+02    1.27207e-06    
1.54427e+02    1.20719e-06    
1.57071e+02    1.14563e-06    
1.59760e+02    1.08722e-06    
1.62495e+02    1.03181e-06    
1.65277e+02    9.79246e-07    
1.68107e+02    9.29378e-07    
1.70985e+02    8.82073e-07    
1.73912e+02    8.37200e-07    
1.76889e+02    7.94636e-07    
1.79918e+02    7.54264e-07    
1.82998e+02    7.15972e-07    
1.86131e+02    6.79653e-07    
1.89317e+02    6.45206e-07    
1.92559e+02    6.12537e-07    
1.95855e+02    5.81553e-07    
1.99208e+02    5.52168e-07    
2.02619e+02    5.24299e-07    
2.06087e+02    4.97869e-07    
2.09616e+02    4.72803e-07    
2.13204e+02    4.49030e-07    
2.16854e+02    4.26483e-07    
2.20567e+02    4.05099e-07    
2.24343e+02    3.84817e-07    
2.28184e+02    3.65580e-07    
2.32090e+02    3.47332e-07    
2.36063e+02    3.30022e-07    
2.40105e+02    3.13601e-07    
2.44215e+02    2.98023e-07    
2.48396e+02    2.83242e-07    
2.52649e+02    2.69217e-07    
2.56974e+02    2.55908e-07    
2.61374e+02    2.43278e-07    
2.65848e+02    2.31291e-07    
2.70400e+02    2.19912e-07    
2.75029e+02    2.09110e-07    
2.79737e+02    1.98854e-07    
2.84526e+02    1.89117e-07    
2.89398e+02    1.79869e-07    
2.94352e+02    1.71087e-07    
2.99391e+02    1.62744e-07    
3.04517e+02    1.54819e-07    
3.09730e+02    1.47290e-07    
3.15033e+02    1.40136e-07    
3.20426e+02    1.33337e-07    
3.25912e+02    1.26876e-07    
3.31491e+02    1.20734e-07    
3.37166e+02    1.14895e-07    
3.42939e+02    1.09344e-07    
3.48810e+02    1.04066e-07    
3.54781e+02    9.90473e-08    
3.60855e+02    9.42743e-08    
3.67033e+02    8.97347e-08    
3.73317e+02    8.54167e-08    
3.79708e+02    8.13091e-08    
3.86208e+02    7.74014e-08    
3.92820e+02    7.36836e-08    
3.99545e+02    7.01462e-08    
4.06385e+02    6.67802e-08    
4.13343e+02    6.35771e-08    
4.20419e+02    6.05289e-08    
4.27617e+02    5.76278e-08    
4.34938e+02    5.48667e-08    
4.42384e+02    5.22386e-08    
4.49957e+02    4.97371e-08    
4.57660e+02    4.73559e-08    
4.65496e+02    4.50892e-08    
4.73465e+02    4.29314e-08    
4.81571e+02    4.08772e-08    
4.89815e+02    3.89215e-08    
4.98201e+02    3.70596e-08    
5.06730e+02    3.52870e-08    
5.15405e+02    3.35992e-08    
5.24229e+02    3.19923e-08    
5.33203e+02    3.04623e-08    
5.42332e+02    2.90056e-08    
5.51616e+02    2.76185e-08    
5.61060e+02    2.62977e-08    
5.70665e+02    2.50401e-08    
5.80435e+02    2.38426e-08    
5.90372e+02    2.27024e-08    
6.00479e+02    2.16166e-08    
6.10760e+02    2.05828e-08    
6.21216e+02    1.95983e-08    
6.31851e+02    1.86608e-08    
6.42668e+02    1.77682e-08    
6.53671e+02    1.69181e-08    
6.64861e+02    1.61087e-08    
6.76244e+02    1.53380e-08    
6.87821e+02    1.46040e-08    
6.99596e+02    1.39051e-08    
7.11574e+02    1.32396e-08    
7.23756e+02    1.26059e-08    
7.36146e+02    1.20024e-08    
7.48749e+02    1.14278e-08    
7.61568e+02    1.08806e-08    
7.74606e+02    1.03596e-08    
7.87867e+02    9.86343e-09    
8.01355e+02    9.39100e-09    
8.15074e+02    8.94114e-09    
8.29028e+02    8.51277e-09    
8.43221e+02    8.10489e-09    
8.57657e+02    7.71649e-09    
8.72340e+02    7.34667e-09    
8.87274e+02    6.99452e-09    
9.02465e+02    6.65921e-09    
9.17915e+02    6.33994e-09    
9.33629e+02    6.03593e-09    
9.49613e+02    5.74647e-09    
9.65870e+02    5.47085e-09    
9.82406e+02    5.20842e-09    
9.99225e+02    4.95854e-09    
1.01633e+03    4.72062e-09    
1.03373e+03    4.49409e-09    
1.05143e+03    4.27840e-09    
1.06943e+03    4.07304e-09    
1.08774e+03    3.87751e-09    
1.10636e+03    3.69134e-09    
1.12530e+03    3.51408e-09    
1.14457e+03    3.34532e-09    
1.16416e+03    3.18464e-09    
1.18409e+03    3.03166e-09    
1.20436e+03    2.88601e-09    
1.22498e+03    2.74734e-09    
1.24595e+03    2.61531e-09    
1.26728e+03    2.48962e-09    
1.28898e+03    2.36994e-09    
1.31105e+03    2.25601e-09    
1.33349e+03    2.14754e-09    
1.35632e+03    2.04428e-09    
1.37954e+03    1.94596e-09    
1.40316e+03    1.85237e-09    
1.42718e+03    1.76326e-09    
1.45161e+03    1.67843e-09    
1.47646e+03    1.59767e-09    
1.50174e+03    1.52079e-09    
1.52745e+03    1.44760e-09    
1.55360e+03    1.37792e-09    
1.58020e+03    1.31159e-09    
1.60725e+03    1.24844e-09    
1.63477e+03    1.18832e-09    
1.66275e+03    1.13110e-09    
1.69122e+03    1.07662e-09    
1.72017e+03    1.02476e-09    
1.74962e+03    9.75396e-10    
1.77958e+03    9.28402e-10    
1.81004e+03    8.83667e-10    
1.84103e+03    8.41082e-10    
1.87255e+03    8.00545e-10    
1.90461e+03    7.61957e-10    
1.93721e+03    7.25225e-10    
1.97038e+03    6.90259e-10    
2.00411e+03    6.56976e-10    
2.03842e+03    6.25294e-10    
2.07332e+03    5.95136e-10    
2.10882e+03    5.66430e-10    
2.14492e+03    5.39105e-10    
2.18164e+03    5.13095e-10    
2.21899e+03    4.88338e-10    
2.25698e+03    4.64773e-10    
2.29562e+03    4.42342e-10    
2.33492e+03    4.20991e-10    
2.37489e+03    4.00669e-10    
2.41555e+03    3.81326e-10    
2.45690e+03    3.62914e-10    
2.49897e+03    3.45390e-10    
2.54175e+03    3.28710e-10    
2.58526e+03    3.12834e-10    
2.62952e+03    2.97723e-10    
2.67454e+03    2.83341e-10    
2.72033e+03    2.69651e-10    
2.76690e+03    2.56622e-10    
2.81427e+03    2.44221e-10    
2.86245e+03    2.32419e-10    
2.91145e+03    2.21185e-10    
2.96130e+03    2.10493e-10    
3.01199e+03    2.00317e-10    
3.06356e+03    1.90632e-10    
3.11601e+03    1.81415e-10    
3.16935e+03    1.72642e-10    
3.22361e+03    1.64292e-10    
3.27880e+03    1.56346e-10    
3.33493e+03    1.48783e-10    
3.39203e+03    1.41586e-10    
3.45010e+03    1.34735e-10    
3.50916e+03    1.28216e-10    
3.56924e+03    1.22012e-10    
3.63035e+03    1.16107e-10    
3.69250e+03    1.10487e-10    
3.75571e+03    1.05139e-10    
3.82001e+03    1.00049e-10    
3.88541e+03    9.52054e-11    
3.95193e+03    9.05956e-11    
4.01958e+03    8.62087e-11    
4.08840e+03    8.20338e-11    
4.15839e+03    7.80607e-11    
4.22958e+03    7.42797e-11    
4.30199e+03    7.06815e-11    
4.37564e+03    6.72573e-11    
4.45055e+03    6.39987e-11    
4.52675e+03    6.08977e-11    
4.60424e+03    5.79466e-11    
4.68307e+03    5.51384e-11    
4.76324e+03    5.24659e-11    
4.84479e+03    4.99228e-11    
4.92773e+03    4.75028e-11    
5.01209e+03    4.51998e-11    
5.09790e+03    4.30083e-11    
5.18518e+03    4.09229e-11    
5.27395e+03    3.89384e-11    
5.36424e+03    3.70500e-11    
5.45607e+03    3.52531e-11    
5.54948e+03    3.35431e-11    
5.64449e+03    3.19159e-11    
5.74112e+03    3.03676e-11    
5.83941e+03    2.88942e-11    
5.93938e+03    2.74922e-11    
6.04106e+03    2.61581e-11    
6.14448e+03    2.48887e-11    
6.24968e+03    2.36807e-11    
6.35667e+03    2.25313e-11    
6.46550e+03    2.14376e-11    
6.57618e+03    2.03969e-11    
6.68877e+03    1.94066e-11    
6.80328e+03    1.84644e-11    
6.91975e+03    1.75678e-11    
7.03822e+03    1.67147e-11    
7.15871e+03    1.59029e-11    
7.28127e+03    1.51305e-11    
7.40592e+03    1.43956e-11    
7.53271e+03    1.36963e-11    
7.66167e+03    1.30309e-11    
7.79284e+03    1.23979e-11    
7.92625e+03    1.17955e-11    
8.06195e+03    1.12223e-11    
8.19997e+03    1.06770e-11    
8.34035e+03    1.01581e-11    
8.48314e+03    9.66435e-12    
8.62837e+03    9.19461e-12    
8.77609e+03    8.74766e-12    
8.92633e+03    8.32240e-12    
9.07915e+03    7.91779e-12    
9.23458e+03    7.53282e-12    
9.39268e+03    7.16654e-12    
9.55348e+03    6.81805e-12    
9.71704e+03    6.48648e-12    
9.88339e+03    6.17101e-12    
1.00526e+04    5.87086e-12    
1.02247e+04    5.58529e-12    
1.03997e+04    5.31359e-12    
1.05778e+04    5.05509e-12    
1.07589e+04    4.80915e-12    
1.09431e+04    4.57516e-12    
1.11304e+04    4.35253e-12    
1.13210e+04    4.14073e-12    
1.15148e+04    3.93922e-12    
1.17119e+04    3.74750e-12    
1.19124e+04    3.56510e-12    
1.21164e+04    3.39156e-12    
1.23238e+04    3.22646e-12    
1.25348e+04    3.06939e-12    
1.27494e+04    2.91996e-12    
1.29676e+04    2.77779e-12    
1.31896e+04    2.64253e-12    
1.34154e+04    2.51385e-12    
1.36451e+04    2.39143e-12    
1.38787e+04    2.27496e-12    
1.41163e+04    2.16416e-12    
1.43580e+04    2.05875e-12    
1.46038e+04    1.95846e-12    
1.48538e+04    1.86306e-12    
1.51081e+04    1.77230e-12    
1.53668e+04    1.68595e-12    
1.56298e+04    1.60380e-12    
1.58974e+04    1.52565e-12    
1.61696e+04    1.45131e-12    
1.64464e+04    1.38058e-12    
1.67280e+04    1.31330e-12    
1.70144e+04    1.24929e-12    
1.73056e+04    1.18840e-12    
1.76019e+04    1.13047e-12    
1.79033e+04    1.07536e-12    
1.82098e+04    1.02294e-12    
1.85215e+04    9.73064e-13    
1.88386e+04    9.25621e-13    
1.91611e+04    8.80488e-13    
1.94891e+04    8.37553e-13    
1.98228e+04    7.96709e-13    
2.01622e+04    7.57855e-13    
2.05073e+04    7.20894e-13    
2.08584e+04    6.85733e-13    
2.12155e+04    6.52285e-13    
2.15787e+04    6.20467e-13    
2.19482e+04    5.90199e-13    
2.23239e+04    5.61406e-13    
2.27061e+04    5.34016e-13    
2.30948e+04    5.07961e-13    
2.34902e+04    4.83176e-13    
2.38923e+04    4.59599e-13    
2.43014e+04    4.37171e-13    
2.47174e+04    4.15836e-13    
2.51406e+04    3.95541e-13    
2.55710e+04    3.76236e-13    
2.60088e+04    3.57872e-13    
2.64540e+04    3.40404e-13    
2.69069e+04    3.23787e-13    
2.73676e+04    3.07980e-13    
2.78361e+04    2.92945e-13    
2.83126e+04    2.78642e-13    
2.87974e+04    2.65038e-13    
2.92904e+04    2.52096e-13    
2.97918e+04    2.39786e-13    
3.03019e+04    2.28077e-13    
3.08206e+04    2.16938e-13    
3.13483e+04    2.06344e-13    
3.18849e+04    1.96266e-13    
3.24308e+04    1.86679e-13    
3.29860e+04    1.77561e-13    
3.35507e+04    1.68887e-13    
3.41251e+04    1.60637e-13    
3.47094e+04    1.52790e-13    
3.53036e+04    1.45325e-13    
3.59080e+04    1.38225e-13    
3.65227e+04    1.31471e-13    
3.71480e+04    1.25047e-13    
3.77840e+04    1.18936e-13    
3.84308e+04    1.13124e-13    
3.90887e+04    1.07596e-13    
3.97579e+04    1.02338e-13    
4.04386e+04    9.73358e-14    
4.11309e+04    9.25783e-14    
4.18351e+04    8.80532e-14    
4.25513e+04    8.37490e-14    
4.32797e+04    7.96550e-14    
4.40207e+04    7.57610e-14    
4.47743e+04    7.20572e-14    
4.55409e+04    6.85342e-14    
4.63205e+04    6.51834e-14    
4.71135e+04    6.19962e-14    
4.79201e+04    5.89648e-14    
4.87405e+04    5.60814e-14    
4.95749e+04    5.33389e-14    
5.04236e+04    5.07304e-14    
5.12869e+04    4.82494e-14    
5.21649e+04    4.58896e-14    
5.30580e+04    4.36451e-14    
5.39663e+04    4.15103e-14    
5.48902e+04    3.94798e-14    
5.58300e+04    3.75486e-14    
5.67858e+04    3.57118e-14    
5.77579e+04    3.39647e-14    
5.87467e+04    3.23030e-14    
5.97525e+04    3.07226e-14    
6.07754e+04    2.92194e-14    
6.18159e+04    2.77897e-14    
6.28742e+04    2.64299e-14    
6.39506e+04    2.51366e-14    
6.50454e+04    2.39065e-14    
6.61590e+04    2.27366e-14    
6.72916e+04    2.16239e-14    
6.84437e+04    2.05655e-14    
6.96154e+04    1.95590e-14    
7.08072e+04    1.86017e-14    
7.20195e+04    1.76911e-14    
7.32524e+04    1.68252e-14    
7.45065e+04    1.60015e-14    
7.57820e+04    1.52182e-14    
7.70794e+04    1.44732e-14    
7.83990e+04    1.37646e-14    
7.97412e+04    1.30907e-14    
8.11064e+04    1.24498e-14    
8.24949e+04    1.18402e-14    
8.39072e+04    1.12604e-14    
8.53437e+04    1.07090e-14    
8.68048e+04    1.01846e-14    
8.82909e+04    9.68588e-15    
8.98024e+04    9.21154e-15    
9.13398e+04    8.76041e-15    
9.29036e+04    8.33136e-15    
9.44941e+04    7.92330e-15    
9.61118e+04    7.53522e-15    
9.77572e+04    7.16613e-15    
9.94308e+04    6.81511e-15    
1.01133e+05    6.48126e-15    
1.02864e+05    6.16377e-15    
1.04625e+05    5.86181e-15    
1.06417e+05    5.57463e-15    
1.08239e+05    5.30152e-15    
1.10092e+05    5.04178e-15    
1.11976e+05    4.79475e-15    
1.13893e+05    4.55982e-15    
1.15843e+05    4.33639e-15    
1.17826e+05    4.12390e-15    
1.19844e+05    3.92182e-15    
1.21895e+05    3.72963e-15    
1.23982e+05    3.54686e-15    
1.26105e+05    3.37303e-15    
1.28264e+05    3.20772e-15    
1.30460e+05    3.05051e-15    
1.32693e+05    2.90099e-15    
1.34965e+05    2.75880e-15    
1.37275e+05    2.62358e-15    
1.39625e+05    2.49497e-15    
1.42016e+05    2.37267e-15    
1.44447e+05    2.25636e-15    
1.46920e+05    2.14575e-15    
1.49435e+05    2.04055e-15    
1.51994e+05    1.94051e-15    
1.54596e+05    1.84538e-15    
1.57242e+05    1.75490e-15    
1.59934e+05    1.66886e-15    
1.62672e+05    1.58703e-15    
1.65457e+05    1.50921e-15    
1.68290e+05    1.43521e-15    
1.71171e+05    1.36483e-15    
1.74102e+05    1.29790e-15    
1.77082e+05    1.23425e-15    
1.80114e+05    1.17372e-15    
1.83197e+05    1.11616e-15    
1.86334e+05    1.06142e-15    
1.89524e+05    1.00936e-15    
1.92768e+05    9.59854e-16    
1.96068e+05    9.12774e-16    
1.99425e+05    8.68002e-16    
2.02839e+05    8.25426e-16    
2.06312e+05    7.84936e-16    
2.09844e+05    7.46431e-16    
2.13436e+05    7.09814e-16    
2.17090e+05    6.74993e-16    
2.20807e+05    6.41878e-16    
2.24587e+05    6.10388e-16    
2.28432e+05    5.80441e-16    
2.32343e+05    5.51963e-16    
2.36321e+05    5.24881e-16    
2.40366e+05    4.99128e-16    
2.44482e+05    4.74637e-16    
2.48667e+05    4.51347e-16    
2.52924e+05    4.29200e-16    
2.57254e+05    4.08138e-16    
2.61658e+05    3.88110e-16    
2.66138e+05    3.69064e-16    
2.70694e+05    3.50952e-16    
2.75329e+05    3.33728e-16    
2.80042e+05    3.17350e-16    
2.84836e+05    3.01775e-16    
2.89713e+05    2.86963e-16    
2.94673e+05    2.72879e-16    
2.99717e+05    2.59485e-16    
3.04849e+05    2.46748e-16    
3.10068e+05    2.34636e-16    
3.15376e+05    2.23119e-16    
3.20775e+05    2.12166e-16    
3.26267e+05    2.01751e-16    
3.31852e+05    1.91847e-16    
3.37534e+05    1.82429e-16    
3.43312e+05    1.73473e-16    
3.49190e+05    1.64956e-16    
3.55168e+05    1.56858e-16    
3.61248e+05    1.49157e-16    
3.67433e+05    1.41833e-16    
3.73723e+05    1.34869e-16    
3.80121e+05    1.28247e-16    
3.86629e+05    1.21950e-16    
3.93248e+05    1.15962e-16    
3.99981e+05    1.10268e-16    
4.06828e+05    1.04853e-16    
4.13793e+05    9.97040e-17    
4.20877e+05    9.48078e-17    
4.28083e+05    9.01519e-17    
4.35411e+05    8.57245e-17    
4.42866e+05    8.15145e-17    
4.50447e+05    7.75112e-17    
4.58159e+05    7.37043e-17    
4.66003e+05    7.00844e-17    
4.73981e+05    6.66421e-17    
4.82095e+05    6.33689e-17    
4.90349e+05    6.02564e-17    
4.98743e+05    5.72966e-17    
5.07282e+05    5.44822e-17    
5.15966e+05    5.18060e-17    
5.24800e+05    4.92612e-17    
5.33784e+05    4.68413e-17    
5.42923e+05    4.45402e-17    
5.52217e+05    4.23522e-17    
5.61671e+05    4.02716e-17    
5.71287e+05    3.82931e-17    
5.81068e+05    3.64118e-17    
5.91015e+05    3.46229e-17    
6.01134e+05    3.29219e-17    
6.11425e+05    3.13044e-17    
6.21892e+05    2.97663e-17    
6.32539e+05    2.83038e-17    
6.43368e+05    2.69131e-17    
6.54383e+05    2.55907e-17    
6.65586e+05    2.43332e-17    
6.76980e+05    2.31375e-17    
6.88570e+05    2.20006e-17    
7.00359e+05    2.09195e-17    
7.12349e+05    1.98915e-17    
7.24544e+05    1.89140e-17    
7.36948e+05    1.79845e-17    
7.49565e+05    1.71007e-17    
7.62397e+05    1.62602e-17    
7.75449e+05    1.54611e-17    
7.88725e+05    1.47013e-17    
8.02228e+05    1.39787e-17    
8.15962e+05    1.32917e-17    
8.29931e+05    1.26384e-17    
8.44140e+05    1.20172e-17    
8.58591e+05    1.14266e-17    
8.73290e+05    1.08649e-17    
8.88241e+05    1.03309e-17    
9.03448e+05    9.82306e-18    
9.18915e+05    9.34020e-18    
9.34646e+05    8.88107e-18    
9.50648e+05    8.44451e-18    
9.66923e+05    8.02939e-18    
9.83476e+05    7.63468e-18    
1.00031e+06    7.25936e-18    
1.01744e+06    6.90248e-18    
1.03486e+06    6.56315e-18    
1.05257e+06    6.24049e-18    
1.07059e+06    5.93368e-18    
1.08892e+06    5.64196e-18    
1.10756e+06    5.36457e-18    
1.12653e+06    5.10082e-18    
1.14581e+06    4.85003e-18    
1.16543e+06    4.61156e-18    
1.18538e+06    4.38482e-18    
1.20567e+06    4.16922e-18    
1.22632e+06    3.96422e-18    
1.24731e+06    3.76930e-18    
1.26866e+06    3.58395e-18    
1.29038e+06    3.40772e-18    
1.31247e+06    3.24015e-18    
1.33494e+06    3.08082e-18    
1.35780e+06    2.92932e-18    
1.38104e+06    2.78527e-18    
1.40469e+06    2.64830e-18    
1.42873e+06    2.51806e-18    
1.45319e+06    2.39423e-18    
1.47807e+06    2.27648e-18    
1.50338e+06    2.16452e-18    
1.52912e+06    2.05807e-18    
1.55529e+06    1.95685e-18    
1.58192e+06    1.86061e-18    
1.60900e+06    1.76910e-18    
1.63655e+06    1.68209e-18    
1.66457e+06    1.59936e-18    
1.69306e+06    1.52069e-18    
1.72205e+06    1.44589e-18    
1.75153e+06    1.37478e-18    
1.78152e+06    1.30715e-18    
1.81202e+06    1.24286e-18    
1.84304e+06    1.18172e-18    
1.87459e+06    1.12359e-18    
1.90668e+06    1.06832e-18    
1.93933e+06    1.01577e-18    
1.97253e+06    9.65803e-19    
2.00630e+06    9.18293e-19    
2.04064e+06    8.73119e-19    
2.07558e+06    8.30167e-19    
2.11111e+06    7.89326e-19    

