# USINE V4.0
# File generated 06-05-2022 12:41:10
# Model1DKisoVc
# ALLSPECTRUM
# SolMod0DFF_phi0.670GV
# R [GV]       TOA [GV m^{2} s sr]^{-1}
1.08008e-01    1.97491e+00    
1.09756e-01    2.06932e+00    
1.11533e-01    2.16819e+00    
1.13338e-01    2.27172e+00    
1.15173e-01    2.38013e+00    
1.17037e-01    2.49365e+00    
1.18931e-01    2.61250e+00    
1.20856e-01    2.73696e+00    
1.22813e-01    2.86727e+00    
1.24801e-01    3.00370e+00    
1.26821e-01    3.14652e+00    
1.28874e-01    3.29604e+00    
1.30960e-01    3.45255e+00    
1.33079e-01    3.61639e+00    
1.35234e-01    3.78787e+00    
1.37423e-01    3.96735e+00    
1.39647e-01    4.15520e+00    
1.41907e-01    4.35179e+00    
1.44204e-01    4.55753e+00    
1.46539e-01    4.77282e+00    
1.48911e-01    4.99810e+00    
1.51321e-01    5.23382e+00    
1.53770e-01    5.48046e+00    
1.56259e-01    5.73849e+00    
1.58789e-01    6.00844e+00    
1.61359e-01    6.29084e+00    
1.63971e-01    6.58625e+00    
1.66625e-01    6.89525e+00    
1.69322e-01    7.21843e+00    
1.72063e-01    7.55644e+00    
1.74848e-01    7.90994e+00    
1.77678e-01    8.27960e+00    
1.80554e-01    8.66615e+00    
1.83477e-01    9.07032e+00    
1.86447e-01    9.49290e+00    
1.89465e-01    9.93483e+00    
1.92531e-01    1.03969e+01    
1.95648e-01    1.08799e+01    
1.98815e-01    1.13847e+01    
2.02033e-01    1.19123e+01    
2.05303e-01    1.24633e+01    
2.08626e-01    1.30385e+01    
2.12003e-01    1.36390e+01    
2.15435e-01    1.42658e+01    
2.18922e-01    1.49199e+01    
2.22466e-01    1.56024e+01    
2.26067e-01    1.63145e+01    
2.29726e-01    1.70571e+01    
2.33445e-01    1.78316e+01    
2.37223e-01    1.86391e+01    
2.41063e-01    1.94808e+01    
2.44965e-01    2.03581e+01    
2.48930e-01    2.12723e+01    
2.52960e-01    2.22252e+01    
2.57054e-01    2.32179e+01    
2.61215e-01    2.42518e+01    
2.65444e-01    2.53283e+01    
2.69740e-01    2.64487e+01    
2.74106e-01    2.76147e+01    
2.78543e-01    2.88278e+01    
2.83052e-01    3.00896e+01    
2.87634e-01    3.14016e+01    
2.92290e-01    3.27656e+01    
2.97021e-01    3.41832e+01    
3.01829e-01    3.56560e+01    
3.06714e-01    3.71871e+01    
3.11679e-01    3.87772e+01    
3.16724e-01    4.04279e+01    
3.21851e-01    4.21411e+01    
3.27060e-01    4.39184e+01    
3.32354e-01    4.57617e+01    
3.37734e-01    4.76728e+01    
3.43201e-01    4.96534e+01    
3.48756e-01    5.17057e+01    
3.54401e-01    5.38325e+01    
3.60138e-01    5.60347e+01    
3.65968e-01    5.83138e+01    
3.71891e-01    6.06716e+01    
3.77911e-01    6.31099e+01    
3.84028e-01    6.56303e+01    
3.90244e-01    6.82345e+01    
3.96561e-01    7.09255e+01    
4.02980e-01    7.37036e+01    
4.09503e-01    7.65705e+01    
4.16132e-01    7.95275e+01    
4.22867e-01    8.25761e+01    
4.29712e-01    8.57177e+01    
4.36668e-01    8.89533e+01    
4.43736e-01    9.22842e+01    
4.50919e-01    9.57115e+01    
4.58218e-01    9.92359e+01    
4.65635e-01    1.02858e+02    
4.73172e-01    1.06578e+02    
4.80831e-01    1.10396e+02    
4.88614e-01    1.14313e+02    
4.96523e-01    1.18331e+02    
5.04560e-01    1.22447e+02    
5.12727e-01    1.26660e+02    
5.21027e-01    1.30972e+02    
5.29460e-01    1.35382e+02    
5.38031e-01    1.39890e+02    
5.46740e-01    1.44492e+02    
5.55590e-01    1.49189e+02    
5.64583e-01    1.53981e+02    
5.73721e-01    1.58865e+02    
5.83008e-01    1.63837e+02    
5.92445e-01    1.68898e+02    
6.02035e-01    1.74047e+02    
6.11780e-01    1.79278e+02    
6.21683e-01    1.84591e+02    
6.31746e-01    1.89982e+02    
6.41971e-01    1.95449e+02    
6.52363e-01    2.00988e+02    
6.62922e-01    2.06595e+02    
6.73653e-01    2.12269e+02    
6.84557e-01    2.18003e+02    
6.95638e-01    2.23794e+02    
7.06898e-01    2.29639e+02    
7.18340e-01    2.35531e+02    
7.29968e-01    2.41465e+02    
7.41784e-01    2.47438e+02    
7.53791e-01    2.53442e+02    
7.65992e-01    2.59473e+02    
7.78391e-01    2.65524e+02    
7.90991e-01    2.71590e+02    
8.03794e-01    2.77664e+02    
8.16805e-01    2.83739e+02    
8.30027e-01    2.89809e+02    
8.43462e-01    2.95867e+02    
8.57115e-01    3.01907e+02    
8.70989e-01    3.07920e+02    
8.85087e-01    3.13903e+02    
8.99414e-01    3.19845e+02    
9.13972e-01    3.25743e+02    
9.28767e-01    3.31587e+02    
9.43800e-01    3.37372e+02    
9.59077e-01    3.43090e+02    
9.74602e-01    3.48738e+02    
9.90377e-01    3.54304e+02    
1.00641e+00    3.59785e+02    
1.02270e+00    3.65173e+02    
1.03925e+00    3.70462e+02    
1.05608e+00    3.75645e+02    
1.07317e+00    3.80715e+02    
1.09054e+00    3.85668e+02    
1.10819e+00    3.90494e+02    
1.12613e+00    3.95190e+02    
1.14436e+00    3.99747e+02    
1.16288e+00    4.04162e+02    
1.18171e+00    4.08427e+02    
1.20083e+00    4.12539e+02    
1.22027e+00    4.16492e+02    
1.24002e+00    4.20282e+02    
1.26010e+00    4.23906e+02    
1.28049e+00    4.27361e+02    
1.30122e+00    4.30645e+02    
1.32228e+00    4.33754e+02    
1.34369e+00    4.36686e+02    
1.36544e+00    4.39441e+02    
1.38754e+00    4.42014e+02    
1.41000e+00    4.44406e+02    
1.43282e+00    4.46613e+02    
1.45601e+00    4.48632e+02    
1.47958e+00    4.50461e+02    
1.50353e+00    4.52096e+02    
1.52787e+00    4.53537e+02    
1.55260e+00    4.54779e+02    
1.57773e+00    4.55824e+02    
1.60327e+00    4.56667e+02    
1.62922e+00    4.57313e+02    
1.65559e+00    4.57758e+02    
1.68239e+00    4.58007e+02    
1.70962e+00    4.58059e+02    
1.73730e+00    4.57922e+02    
1.76542e+00    4.57593e+02    
1.79399e+00    4.57079e+02    
1.82303e+00    4.56381e+02    
1.85254e+00    4.55504e+02    
1.88253e+00    4.54453e+02    
1.91300e+00    4.53227e+02    
1.94397e+00    4.51835e+02    
1.97543e+00    4.50277e+02    
2.00741e+00    4.48557e+02    
2.03990e+00    4.46682e+02    
2.07292e+00    4.44650e+02    
2.10647e+00    4.42470e+02    
2.14057e+00    4.40146e+02    
2.17522e+00    4.37679e+02    
2.21043e+00    4.35080e+02    
2.24621e+00    4.32348e+02    
2.28257e+00    4.29489e+02    
2.31952e+00    4.26512e+02    
2.35706e+00    4.23415e+02    
2.39521e+00    4.20204e+02    
2.43398e+00    4.16885e+02    
2.47338e+00    4.13461e+02    
2.51342e+00    4.09934e+02    
2.55410e+00    4.06309e+02    
2.59545e+00    4.02594e+02    
2.63746e+00    3.98789e+02    
2.68015e+00    3.94899e+02    
2.72353e+00    3.90933e+02    
2.76762e+00    3.86898e+02    
2.81242e+00    3.82788e+02    
2.85794e+00    3.78616e+02    
2.90420e+00    3.74386e+02    
2.95121e+00    3.70100e+02    
2.99898e+00    3.65755e+02    
3.04752e+00    3.61356e+02    
3.09685e+00    3.56905e+02    
3.14698e+00    3.52402e+02    
3.19792e+00    3.47839e+02    
3.24968e+00    3.43200e+02    
3.30229e+00    3.38490e+02    
3.35574e+00    3.33699e+02    
3.41006e+00    3.28811e+02    
3.46525e+00    3.23785e+02    
3.52135e+00    3.18614e+02    
3.57835e+00    3.13290e+02    
3.63627e+00    3.07786e+02    
3.69513e+00    3.02105e+02    
3.75494e+00    2.96206e+02    
3.81572e+00    2.90077e+02    
3.87748e+00    2.83751e+02    
3.94025e+00    2.77266e+02    
4.00403e+00    2.70645e+02    
4.06884e+00    2.63924e+02    
4.13470e+00    2.57099e+02    
4.20163e+00    2.50235e+02    
4.26964e+00    2.43394e+02    
4.33875e+00    2.36596e+02    
4.40898e+00    2.29868e+02    
4.48035e+00    2.23228e+02    
4.55287e+00    2.16694e+02    
4.62656e+00    2.10275e+02    
4.70145e+00    2.03986e+02    
4.77755e+00    1.97832e+02    
4.85489e+00    1.91818e+02    
4.93347e+00    1.85944e+02    
5.01333e+00    1.80212e+02    
5.09448e+00    1.74622e+02    
5.17694e+00    1.69172e+02    
5.26074e+00    1.63862e+02    
5.34589e+00    1.58691e+02    
5.43242e+00    1.53658e+02    
5.52036e+00    1.48761e+02    
5.60971e+00    1.43997e+02    
5.70052e+00    1.39365e+02    
5.79279e+00    1.34862e+02    
5.88656e+00    1.30486e+02    
5.98184e+00    1.26233e+02    
6.07867e+00    1.22102e+02    
6.17706e+00    1.18090e+02    
6.27705e+00    1.14196e+02    
6.37865e+00    1.10415e+02    
6.48190e+00    1.06748e+02    
6.58682e+00    1.03190e+02    
6.69344e+00    9.97396e+01    
6.80179e+00    9.63924e+01    
6.91188e+00    9.31459e+01    
7.02377e+00    8.99970e+01    
7.13746e+00    8.69434e+01    
7.25299e+00    8.39828e+01    
7.37039e+00    8.11130e+01    
7.48969e+00    7.83317e+01    
7.61093e+00    7.56367e+01    
7.73412e+00    7.30257e+01    
7.85931e+00    7.04964e+01    
7.98653e+00    6.80466e+01    
8.11581e+00    6.56746e+01    
8.24717e+00    6.33782e+01    
8.38067e+00    6.11556e+01    
8.51633e+00    5.90047e+01    
8.65418e+00    5.69236e+01    
8.79426e+00    5.49104e+01    
8.93661e+00    5.29633e+01    
9.08126e+00    5.10805e+01    
9.22826e+00    4.92602e+01    
9.37764e+00    4.75005e+01    
9.52943e+00    4.57995e+01    
9.68368e+00    4.41556e+01    
9.84043e+00    4.25670e+01    
9.99971e+00    4.10320e+01    
1.01616e+01    3.95491e+01    
1.03261e+01    3.81167e+01    
1.04932e+01    3.67332e+01    
1.06631e+01    3.53972e+01    
1.08357e+01    3.41072e+01    
1.10110e+01    3.28617e+01    
1.11893e+01    3.16595e+01    
1.13704e+01    3.04990e+01    
1.15544e+01    2.93789e+01    
1.17415e+01    2.82979e+01    
1.19315e+01    2.72548e+01    
1.21247e+01    2.62484e+01    
1.23209e+01    2.52774e+01    
1.25204e+01    2.43406e+01    
1.27230e+01    2.34370e+01    
1.29290e+01    2.25655e+01    
1.31382e+01    2.17249e+01    
1.33509e+01    2.09144e+01    
1.35670e+01    2.01327e+01    
1.37866e+01    1.93791e+01    
1.40098e+01    1.86525e+01    
1.42366e+01    1.79521e+01    
1.44670e+01    1.72769e+01    
1.47012e+01    1.66261e+01    
1.49391e+01    1.59990e+01    
1.51809e+01    1.53945e+01    
1.54267e+01    1.48121e+01    
1.56764e+01    1.42510e+01    
1.59301e+01    1.37103e+01    
1.61880e+01    1.31895e+01    
1.64500e+01    1.26877e+01    
1.67163e+01    1.22044e+01    
1.69869e+01    1.17389e+01    
1.72618e+01    1.12906e+01    
1.75413e+01    1.08589e+01    
1.78252e+01    1.04431e+01    
1.81137e+01    1.00428e+01    
1.84069e+01    9.65736e+00    
1.87049e+01    9.28628e+00    
1.90076e+01    8.92905e+00    
1.93153e+01    8.58516e+00    
1.96280e+01    8.25415e+00    
1.99457e+01    7.93555e+00    
2.02685e+01    7.62891e+00    
2.05966e+01    7.33381e+00    
2.09300e+01    7.04983e+00    
2.12688e+01    6.77656e+00    
2.16131e+01    6.51361e+00    
2.19629e+01    6.26062e+00    
2.23184e+01    6.01721e+00    
2.26797e+01    5.78304e+00    
2.30468e+01    5.55776e+00    
2.34198e+01    5.34106e+00    
2.37989e+01    5.13262e+00    
2.41842e+01    4.93213e+00    
2.45756e+01    4.73930e+00    
2.49734e+01    4.55384e+00    
2.53777e+01    4.37549e+00    
2.57884e+01    4.20397e+00    
2.62059e+01    4.03904e+00    
2.66301e+01    3.88045e+00    
2.70611e+01    3.72796e+00    
2.74991e+01    3.58135e+00    
2.79443e+01    3.44039e+00    
2.83966e+01    3.30487e+00    
2.88562e+01    3.17460e+00    
2.93233e+01    3.04936e+00    
2.97980e+01    2.92898e+00    
3.02803e+01    2.81326e+00    
3.07704e+01    2.70204e+00    
3.12685e+01    2.59513e+00    
3.17746e+01    2.49239e+00    
3.22890e+01    2.39365e+00    
3.28116e+01    2.29875e+00    
3.33427e+01    2.20756e+00    
3.38825e+01    2.11992e+00    
3.44309e+01    2.03571e+00    
3.49882e+01    1.95480e+00    
3.55546e+01    1.87705e+00    
3.61301e+01    1.80235e+00    
3.67149e+01    1.73058e+00    
3.73092e+01    1.66162e+00    
3.79131e+01    1.59538e+00    
3.85268e+01    1.53174e+00    
3.91504e+01    1.47060e+00    
3.97841e+01    1.41187e+00    
4.04281e+01    1.35545e+00    
4.10825e+01    1.30126e+00    
4.17475e+01    1.24921e+00    
4.24233e+01    1.19922e+00    
4.31100e+01    1.15120e+00    
4.38078e+01    1.10508e+00    
4.45169e+01    1.06079e+00    
4.52375e+01    1.01825e+00    
4.59697e+01    9.77396e-01    
4.67138e+01    9.38164e-01    
4.74699e+01    9.00489e-01    
4.82383e+01    8.64310e-01    
4.90192e+01    8.29569e-01    
4.98126e+01    7.96210e-01    
5.06189e+01    7.64178e-01    
5.14383e+01    7.33422e-01    
5.22709e+01    7.03891e-01    
5.31170e+01    6.75538e-01    
5.39768e+01    6.48315e-01    
5.48505e+01    6.22179e-01    
5.57383e+01    5.97087e-01    
5.66405e+01    5.72997e-01    
5.75574e+01    5.49870e-01    
5.84890e+01    5.27669e-01    
5.94358e+01    5.06356e-01    
6.03979e+01    4.85896e-01    
6.13755e+01    4.66257e-01    
6.23690e+01    4.47404e-01    
6.33785e+01    4.29308e-01    
6.44044e+01    4.11937e-01    
6.54469e+01    3.95264e-01    
6.65063e+01    3.79261e-01    
6.75828e+01    3.63901e-01    
6.86767e+01    3.49158e-01    
6.97884e+01    3.35008e-01    
7.09180e+01    3.21428e-01    
7.20660e+01    3.08394e-01    
7.32325e+01    2.95885e-01    
7.44179e+01    2.83880e-01    
7.56225e+01    2.72360e-01    
7.68465e+01    2.61303e-01    
7.80904e+01    2.50693e-01    
7.93545e+01    2.40511e-01    
8.06389e+01    2.30740e-01    
8.19442e+01    2.21364e-01    
8.32706e+01    2.12367e-01    
8.46185e+01    2.03734e-01    
8.59882e+01    1.95450e-01    
8.73801e+01    1.87500e-01    
8.87945e+01    1.79873e-01    
9.02318e+01    1.72555e-01    
9.16923e+01    1.65533e-01    
9.31765e+01    1.58795e-01    
9.46848e+01    1.52331e-01    
9.62174e+01    1.46128e-01    
9.77748e+01    1.40178e-01    
9.93575e+01    1.34469e-01    
1.00966e+02    1.28991e-01    
1.02600e+02    1.23737e-01    
1.04261e+02    1.18695e-01    
1.05948e+02    1.13859e-01    
1.07663e+02    1.09219e-01    
1.09406e+02    1.04768e-01    
1.11177e+02    1.00498e-01    
1.12977e+02    9.64019e-02    
1.14805e+02    9.24726e-02    
1.16664e+02    8.87034e-02    
1.18552e+02    8.50877e-02    
1.20471e+02    8.16195e-02    
1.22421e+02    7.82927e-02    
1.24403e+02    7.51016e-02    
1.26416e+02    7.20408e-02    
1.28463e+02    6.91050e-02    
1.30542e+02    6.62891e-02    
1.32655e+02    6.35882e-02    
1.34802e+02    6.09978e-02    
1.36984e+02    5.85133e-02    
1.39202e+02    5.61305e-02    
1.41455e+02    5.38452e-02    
1.43745e+02    5.16535e-02    
1.46071e+02    4.95516e-02    
1.48436e+02    4.75358e-02    
1.50838e+02    4.56027e-02    
1.53280e+02    4.37489e-02    
1.55761e+02    4.19711e-02    
1.58282e+02    4.02663e-02    
1.60844e+02    3.86315e-02    
1.63448e+02    3.70639e-02    
1.66094e+02    3.55607e-02    
1.68782e+02    3.41193e-02    
1.71514e+02    3.27372e-02    
1.74291e+02    3.14120e-02    
1.77112e+02    3.01412e-02    
1.79979e+02    2.89228e-02    
1.82892e+02    2.77546e-02    
1.85852e+02    2.66344e-02    
1.88861e+02    2.55604e-02    
1.91918e+02    2.45306e-02    
1.95024e+02    2.35433e-02    
1.98181e+02    2.25966e-02    
2.01389e+02    2.16889e-02    
2.04649e+02    2.08185e-02    
2.07961e+02    1.99840e-02    
2.11327e+02    1.91839e-02    
2.14748e+02    1.84166e-02    
2.18224e+02    1.76809e-02    
2.21757e+02    1.69754e-02    
2.25346e+02    1.62989e-02    
2.28994e+02    1.56502e-02    
2.32700e+02    1.50280e-02    
2.36467e+02    1.44313e-02    
2.40295e+02    1.38590e-02    
2.44184e+02    1.33102e-02    
2.48137e+02    1.27837e-02    
2.52153e+02    1.22786e-02    
2.56235e+02    1.17941e-02    
2.60382e+02    1.13294e-02    
2.64597e+02    1.08834e-02    
2.68880e+02    1.04555e-02    
2.73232e+02    1.00450e-02    
2.77655e+02    9.65098e-03    
2.82150e+02    9.27286e-03    
2.86717e+02    8.90995e-03    
2.91358e+02    8.56161e-03    
2.96074e+02    8.22724e-03    
3.00866e+02    7.90624e-03    
3.05736e+02    7.59806e-03    
3.10685e+02    7.30216e-03    
3.15714e+02    7.01804e-03    
3.20824e+02    6.74521e-03    
3.26018e+02    6.48319e-03    
3.31295e+02    6.23155e-03    
3.36657e+02    5.98985e-03    
3.42107e+02    5.75769e-03    
3.47644e+02    5.53468e-03    
3.53271e+02    5.32044e-03    
3.58990e+02    5.11461e-03    
3.64801e+02    4.91686e-03    
3.70706e+02    4.72686e-03    
3.76706e+02    4.54429e-03    
3.82804e+02    4.36885e-03    
3.89000e+02    4.20026e-03    
3.95297e+02    4.03825e-03    
4.01695e+02    3.88254e-03    
4.08197e+02    3.73290e-03    
4.14805e+02    3.58907e-03    
4.21519e+02    3.45082e-03    
4.28342e+02    3.31795e-03    
4.35276e+02    3.19022e-03    
4.42321e+02    3.06744e-03    
4.49481e+02    2.94942e-03    
4.56757e+02    2.83596e-03    
4.64150e+02    2.72689e-03    
4.71663e+02    2.62204e-03    
4.79298e+02    2.52123e-03    
4.87056e+02    2.42432e-03    
4.94940e+02    2.33115e-03    
5.02951e+02    2.24157e-03    
5.11093e+02    2.15544e-03    
5.19365e+02    2.07264e-03    
5.27772e+02    1.99302e-03    
5.36315e+02    1.91648e-03    
5.44996e+02    1.84287e-03    
5.53818e+02    1.77211e-03    
5.62783e+02    1.70406e-03    
5.71892e+02    1.63863e-03    
5.81149e+02    1.57572e-03    
5.90556e+02    1.51523e-03    
6.00115e+02    1.45706e-03    
6.09829e+02    1.40113e-03    
6.19700e+02    1.34735e-03    
6.29731e+02    1.29564e-03    
6.39925e+02    1.24591e-03    
6.50283e+02    1.19810e-03    
6.60809e+02    1.15212e-03    
6.71505e+02    1.10791e-03    
6.82375e+02    1.06539e-03    
6.93420e+02    1.02451e-03    
7.04644e+02    9.85195e-04    
7.16050e+02    9.47392e-04    
7.27641e+02    9.11040e-04    
7.39419e+02    8.76083e-04    
7.51388e+02    8.42469e-04    
7.63550e+02    8.10145e-04    
7.75909e+02    7.79061e-04    
7.88469e+02    7.49170e-04    
8.01232e+02    7.20427e-04    
8.14201e+02    6.92787e-04    
8.27380e+02    6.66207e-04    
8.40773e+02    6.40648e-04    
8.54382e+02    6.16069e-04    
8.68212e+02    5.92434e-04    
8.82265e+02    5.69705e-04    
8.96546e+02    5.47849e-04    
9.11058e+02    5.26831e-04    
9.25805e+02    5.06620e-04    
9.40791e+02    4.87184e-04    
9.56020e+02    4.68494e-04    
9.71494e+02    4.50521e-04    
9.87220e+02    4.33237e-04    
1.00320e+03    4.16617e-04    
1.01944e+03    4.00634e-04    
1.03594e+03    3.85265e-04    
1.05271e+03    3.70485e-04    
1.06975e+03    3.56273e-04    
1.08706e+03    3.42605e-04    
1.10466e+03    3.29462e-04    
1.12254e+03    3.16823e-04    
1.14071e+03    3.04669e-04    
1.15917e+03    2.92982e-04    
1.17794e+03    2.81743e-04    
1.19701e+03    2.70934e-04    
1.21638e+03    2.60541e-04    
1.23607e+03    2.50546e-04    
1.25608e+03    2.40935e-04    
1.27641e+03    2.31693e-04    
1.29707e+03    2.22805e-04    
1.31807e+03    2.14258e-04    
1.33940e+03    2.06039e-04    
1.36108e+03    1.98135e-04    
1.38311e+03    1.90535e-04    
1.40550e+03    1.83226e-04    
1.42825e+03    1.76197e-04    
1.45137e+03    1.69438e-04    
1.47486e+03    1.62939e-04    
1.49874e+03    1.56689e-04    
1.52300e+03    1.50678e-04    
1.54765e+03    1.44898e-04    
1.57270e+03    1.39340e-04    
1.59816e+03    1.33995e-04    
1.62403e+03    1.28855e-04    
1.65031e+03    1.23913e-04    
1.67703e+03    1.19160e-04    
1.70417e+03    1.14589e-04    
1.73176e+03    1.10194e-04    
1.75979e+03    1.05967e-04    
1.78827e+03    1.01902e-04    
1.81722e+03    9.79938e-05    
1.84663e+03    9.42351e-05    
1.87653e+03    9.06205e-05    
1.90690e+03    8.71447e-05    
1.93777e+03    8.38022e-05    
1.96913e+03    8.05879e-05    
2.00101e+03    7.74969e-05    
2.03340e+03    7.45245e-05    
2.06631e+03    7.16662e-05    
2.09976e+03    6.89174e-05    
2.13375e+03    6.62742e-05    
2.16828e+03    6.37323e-05    
2.20338e+03    6.12879e-05    
2.23905e+03    5.89373e-05    
2.27529e+03    5.66769e-05    
2.31212e+03    5.45032e-05    
2.34955e+03    5.24128e-05    
2.38758e+03    5.04027e-05    
2.42622e+03    4.84696e-05    
2.46550e+03    4.66108e-05    
2.50540e+03    4.48232e-05    
2.54596e+03    4.31042e-05    
2.58717e+03    4.14511e-05    
2.62905e+03    3.98614e-05    
2.67160e+03    3.83328e-05    
2.71485e+03    3.68627e-05    
2.75879e+03    3.54491e-05    
2.80345e+03    3.40896e-05    
2.84883e+03    3.27823e-05    
2.89494e+03    3.15252e-05    
2.94180e+03    3.03163e-05    
2.98942e+03    2.91537e-05    
3.03781e+03    2.80357e-05    
3.08698e+03    2.69607e-05    
3.13695e+03    2.59268e-05    
3.18772e+03    2.49326e-05    
3.23932e+03    2.39766e-05    
3.29176e+03    2.30572e-05    
3.34504e+03    2.21731e-05    
3.39918e+03    2.13228e-05    
3.45421e+03    2.05052e-05    
3.51012e+03    1.97190e-05    
3.56694e+03    1.89629e-05    
3.62467e+03    1.82358e-05    
3.68334e+03    1.75366e-05    
3.74297e+03    1.68642e-05    
3.80355e+03    1.62176e-05    
3.86512e+03    1.55958e-05    
3.92768e+03    1.49978e-05    
3.99126e+03    1.44228e-05    
4.05586e+03    1.38698e-05    
4.12152e+03    1.33381e-05    
4.18823e+03    1.28267e-05    
4.25602e+03    1.23349e-05    
4.32491e+03    1.18620e-05    
4.39492e+03    1.14073e-05    
4.46606e+03    1.09699e-05    
4.53835e+03    1.05494e-05    
4.61181e+03    1.01449e-05    
4.68646e+03    9.75602e-06    
4.76232e+03    9.38201e-06    
4.83941e+03    9.02235e-06    
4.91774e+03    8.67647e-06    
4.99734e+03    8.34386e-06    
5.07823e+03    8.02401e-06    
5.16043e+03    7.71641e-06    
5.24396e+03    7.42062e-06    
5.32885e+03    7.13616e-06    
5.41510e+03    6.86261e-06    
5.50276e+03    6.59956e-06    
5.59183e+03    6.34658e-06    
5.68234e+03    6.10331e-06    
5.77432e+03    5.86937e-06    
5.86779e+03    5.64439e-06    
5.96277e+03    5.42804e-06    
6.05929e+03    5.21999e-06    
6.15737e+03    5.01991e-06    
6.25703e+03    4.82750e-06    
6.35831e+03    4.64247e-06    
6.46123e+03    4.46454e-06    
6.56582e+03    4.29343e-06    
6.67210e+03    4.12887e-06    
6.78010e+03    3.97063e-06    
6.88985e+03    3.81845e-06    
7.00137e+03    3.67211e-06    
7.11470e+03    3.53137e-06    
7.22986e+03    3.39603e-06    
7.34689e+03    3.26588e-06    
7.46581e+03    3.14072e-06    
7.58666e+03    3.02036e-06    
7.70946e+03    2.90461e-06    
7.83426e+03    2.79330e-06    
7.96107e+03    2.68626e-06    
8.08993e+03    2.58331e-06    
8.22088e+03    2.48432e-06    
8.35395e+03    2.38912e-06    
8.48917e+03    2.29757e-06    
8.62658e+03    2.20953e-06    
8.76622e+03    2.12486e-06    
8.90812e+03    2.04344e-06    
9.05231e+03    1.96514e-06    
9.19884e+03    1.88984e-06    
9.34774e+03    1.81742e-06    
9.49905e+03    1.74779e-06    
9.65280e+03    1.68082e-06    
9.80905e+03    1.61642e-06    
9.96783e+03    1.55448e-06    
1.01292e+04    1.49492e-06    
1.02931e+04    1.43765e-06    
1.04597e+04    1.38256e-06    
1.06291e+04    1.32959e-06    
1.08011e+04    1.27865e-06    
1.09759e+04    1.22966e-06    
1.11536e+04    1.18255e-06    
1.13341e+04    1.13725e-06    
1.15176e+04    1.09368e-06    
1.17040e+04    1.05178e-06    
1.18935e+04    1.01148e-06    
1.20860e+04    9.72734e-07    
1.22816e+04    9.35469e-07    
1.24804e+04    8.99633e-07    
1.26825e+04    8.65169e-07    
1.28877e+04    8.32026e-07    
1.30964e+04    8.00153e-07    
1.33083e+04    7.69502e-07    
1.35238e+04    7.40025e-07    
1.37427e+04    7.11677e-07    
1.39651e+04    6.84416e-07    
1.41912e+04    6.58199e-07    
1.44209e+04    6.32987e-07    
1.46543e+04    6.08741e-07    
1.48915e+04    5.85424e-07    
1.51325e+04    5.63000e-07    
1.53775e+04    5.41436e-07    
1.56264e+04    5.20698e-07    
1.58793e+04    5.00754e-07    
1.61364e+04    4.81574e-07    
1.63976e+04    4.63130e-07    
1.66630e+04    4.45391e-07    
1.69327e+04    4.28333e-07    
1.72068e+04    4.11928e-07    
1.74853e+04    3.96151e-07    
1.77684e+04    3.80979e-07    
1.80560e+04    3.66388e-07    
1.83482e+04    3.52357e-07    
1.86452e+04    3.38862e-07    
1.89470e+04    3.25885e-07    
1.92537e+04    3.13405e-07    
1.95654e+04    3.01403e-07    
1.98821e+04    2.89860e-07    
2.02039e+04    2.78760e-07    
2.05309e+04    2.68085e-07    
2.08633e+04    2.57819e-07    
2.12010e+04    2.47946e-07    
2.15442e+04    2.38451e-07    
2.18929e+04    2.29320e-07    
2.22473e+04    2.20539e-07    
2.26074e+04    2.12094e-07    
2.29733e+04    2.03973e-07    
2.33452e+04    1.96163e-07    
2.37230e+04    1.88652e-07    
2.41070e+04    1.81428e-07    
2.44973e+04    1.74481e-07    
2.48938e+04    1.67801e-07    
2.52967e+04    1.61376e-07    
2.57062e+04    1.55197e-07    
2.61223e+04    1.49255e-07    
2.65451e+04    1.43540e-07    
2.69748e+04    1.38044e-07    
2.74115e+04    1.32759e-07    
2.78552e+04    1.27676e-07    
2.83060e+04    1.22788e-07    
2.87642e+04    1.18087e-07    
2.92298e+04    1.13566e-07    
2.97030e+04    1.09219e-07    
3.01838e+04    1.05037e-07    
3.06723e+04    1.01016e-07    
3.11688e+04    9.71489e-08    
3.16733e+04    9.34298e-08    
3.21860e+04    8.98531e-08    
3.27070e+04    8.64134e-08    
3.32364e+04    8.31054e-08    
3.37744e+04    7.99241e-08    
3.43211e+04    7.68646e-08    
3.48767e+04    7.39222e-08    
3.54412e+04    7.10925e-08    
3.60149e+04    6.83712e-08    
3.65978e+04    6.57540e-08    
3.71902e+04    6.32371e-08    
3.77922e+04    6.08165e-08    
3.84040e+04    5.84886e-08    
3.90256e+04    5.62499e-08    
3.96573e+04    5.40968e-08    
4.02992e+04    5.20262e-08    
4.09515e+04    5.00349e-08    
4.16144e+04    4.81198e-08    
4.22880e+04    4.62781e-08    
4.29725e+04    4.45068e-08    
4.36681e+04    4.28034e-08    
4.43749e+04    4.11651e-08    
4.50932e+04    3.95896e-08    
4.58231e+04    3.80744e-08    
4.65649e+04    3.66173e-08    
4.73186e+04    3.52159e-08    
4.80845e+04    3.38681e-08    
4.88629e+04    3.25719e-08    
4.96538e+04    3.13254e-08    
5.04575e+04    3.01266e-08    
5.12743e+04    2.89737e-08    
5.21042e+04    2.78649e-08    
5.29476e+04    2.67985e-08    
5.38047e+04    2.57730e-08    
5.46756e+04    2.47867e-08    
5.55606e+04    2.38382e-08    
5.64600e+04    2.29260e-08    
5.73739e+04    2.20487e-08    
5.83026e+04    2.12050e-08    
5.92463e+04    2.03935e-08    
6.02053e+04    1.96132e-08    
6.11798e+04    1.88627e-08    
6.21701e+04    1.81409e-08    
6.31764e+04    1.74468e-08    
6.41991e+04    1.67792e-08    
6.52382e+04    1.61372e-08    
6.62942e+04    1.55197e-08    
6.73673e+04    1.49259e-08    
6.84578e+04    1.43548e-08    
6.95659e+04    1.38055e-08    
7.06919e+04    1.32773e-08    
7.18362e+04    1.27693e-08    
7.29990e+04    1.22808e-08    
7.41806e+04    1.18109e-08    
7.53813e+04    1.13590e-08    
7.66015e+04    1.09244e-08    
7.78414e+04    1.05065e-08    
7.91014e+04    1.01045e-08    
8.03818e+04    9.71794e-09    
8.16830e+04    9.34616e-09    
8.30051e+04    8.98860e-09    
8.43487e+04    8.64473e-09    
8.57141e+04    8.31401e-09    
8.71015e+04    7.99595e-09    
8.85114e+04    7.69006e-09    
8.99441e+04    7.39587e-09    
9.14000e+04    7.11295e-09    
9.28794e+04    6.84084e-09    
9.43829e+04    6.57916e-09    
9.59106e+04    6.32748e-09    
9.74631e+04    6.08543e-09    
9.90407e+04    5.85265e-09    
1.00644e+05    5.62877e-09    
1.02273e+05    5.41346e-09    
1.03928e+05    5.20638e-09    
1.05611e+05    5.00723e-09    
1.07320e+05    4.81570e-09    
1.09057e+05    4.63150e-09    
1.10823e+05    4.45434e-09    
1.12616e+05    4.28396e-09    
1.14439e+05    4.12010e-09    
1.16292e+05    3.96251e-09    
1.18174e+05    3.81095e-09    
1.20087e+05    3.66519e-09    
1.22031e+05    3.52501e-09    
1.24006e+05    3.39018e-09    
1.26013e+05    3.26052e-09    
1.28053e+05    3.13581e-09    
1.30126e+05    3.01588e-09    
1.32232e+05    2.90053e-09    
1.34373e+05    2.78960e-09    
1.36548e+05    2.68291e-09    
1.38758e+05    2.58031e-09    
1.41004e+05    2.48162e-09    
1.43286e+05    2.38672e-09    
1.45606e+05    2.29544e-09    
1.47963e+05    2.20765e-09    
1.50358e+05    2.12323e-09    
1.52791e+05    2.04203e-09    
1.55265e+05    1.96394e-09    
1.57778e+05    1.88883e-09    
1.60332e+05    1.81660e-09    
1.62927e+05    1.74713e-09    
1.65564e+05    1.68032e-09    
1.68244e+05    1.61606e-09    
1.70967e+05    1.55426e-09    
1.73735e+05    1.49483e-09    
1.76547e+05    1.43767e-09    
1.79405e+05    1.38269e-09    
1.82309e+05    1.32982e-09    
1.85260e+05    1.27897e-09    
1.88258e+05    1.23006e-09    
1.91306e+05    1.18303e-09    
1.94402e+05    1.13779e-09    
1.97549e+05    1.09429e-09    
2.00747e+05    1.05245e-09    
2.03996e+05    1.01220e-09    
2.07298e+05    9.73502e-10    
2.10654e+05    9.36280e-10    
2.14063e+05    9.00481e-10    
2.17528e+05    8.66051e-10    
2.21050e+05    8.32938e-10    
2.24628e+05    8.01092e-10    
2.28264e+05    7.70463e-10    
2.31958e+05    7.41005e-10    
2.35713e+05    7.12675e-10    
2.39529e+05    6.85427e-10    
2.43406e+05    6.59221e-10    
2.47346e+05    6.34018e-10    
2.51349e+05    6.09778e-10    
2.55418e+05    5.86466e-10    
2.59552e+05    5.64045e-10    
2.63754e+05    5.42481e-10    
2.68023e+05    5.21741e-10    
2.72361e+05    5.01795e-10    
2.76770e+05    4.82612e-10    
2.81250e+05    4.64162e-10    
2.85802e+05    4.46417e-10    
2.90429e+05    4.29351e-10    
2.95130e+05    4.12938e-10    
2.99907e+05    3.97152e-10    
3.04761e+05    3.81970e-10    
3.09695e+05    3.67368e-10    
3.14707e+05    3.53325e-10    
3.19802e+05    3.39818e-10    
3.24978e+05    3.26828e-10    
3.30238e+05    3.14335e-10    
3.35584e+05    3.02319e-10    
3.41016e+05    2.90763e-10    
3.46536e+05    2.79649e-10    
3.52145e+05    2.68959e-10    
3.57845e+05    2.58678e-10    
3.63638e+05    2.48791e-10    
3.69524e+05    2.39281e-10    
3.75505e+05    2.30135e-10    
3.81583e+05    2.21338e-10    
3.87760e+05    2.12878e-10    
3.94036e+05    2.04741e-10    
4.00415e+05    1.96916e-10    
4.06896e+05    1.89389e-10    
4.13482e+05    1.82150e-10    
4.20175e+05    1.75188e-10    
4.26976e+05    1.68492e-10    
4.33888e+05    1.62053e-10    
4.40911e+05    1.55859e-10    
4.48048e+05    1.49902e-10    
4.55300e+05    1.44173e-10    
4.62670e+05    1.38663e-10    
4.70159e+05    1.33363e-10    
4.77770e+05    1.28266e-10    
4.85503e+05    1.23364e-10    
4.93362e+05    1.18649e-10    
5.01348e+05    1.14115e-10    
5.09463e+05    1.09753e-10    
5.17710e+05    1.05559e-10    
5.26090e+05    1.01525e-10    
5.34605e+05    9.76449e-11    
5.43259e+05    9.39133e-11    
5.52052e+05    9.03243e-11    
5.60988e+05    8.68725e-11    
5.70069e+05    8.35526e-11    
5.79296e+05    8.03596e-11    
5.88673e+05    7.72887e-11    
5.98202e+05    7.43351e-11    
6.07885e+05    7.14945e-11    
6.17725e+05    6.87624e-11    
6.27723e+05    6.61347e-11    
6.37884e+05    6.36075e-11    
6.48210e+05    6.11769e-11    
6.58702e+05    5.88391e-11    
6.69364e+05    5.65907e-11    
6.80199e+05    5.44283e-11    
6.91209e+05    5.23485e-11    
7.02398e+05    5.03481e-11    
7.13767e+05    4.84243e-11    
7.25321e+05    4.65739e-11    
7.37061e+05    4.47943e-11    
7.48992e+05    4.30827e-11    
7.61116e+05    4.14365e-11    
7.73436e+05    3.98532e-11    
7.85955e+05    3.83304e-11    
7.98677e+05    3.68659e-11    
8.11605e+05    3.54573e-11    
8.24742e+05    3.41025e-11    
8.38092e+05    3.27995e-11    
8.51658e+05    3.15463e-11    
8.65444e+05    3.03409e-11    
8.79452e+05    2.91817e-11    
8.93688e+05    2.80667e-11    
9.08154e+05    2.69944e-11    
9.22854e+05    2.59630e-11    
9.37792e+05    2.49711e-11    
9.52971e+05    2.40170e-11    
9.68397e+05    2.30994e-11    
9.84072e+05    2.22169e-11    
1.00000e+06    2.13681e-11    

